a:6:{s:3:"row";i:1;s:7:"message";s:71:"User with same Email already exists. Email: enterprisesawadh2@gmail.com";s:6:"status";b:0;s:10:"status_msg";s:14:"Failed/Skipped";s:7:"post_id";s:0:"";s:9:"post_link";a:2:{s:5:"title";s:8:"Untitled";s:8:"edit_url";b:0;}}
a:6:{s:3:"row";i:2;s:7:"message";s:68:"User with same Email already exists. Email: vkmishra@rcmbusiness.com";s:6:"status";b:0;s:10:"status_msg";s:14:"Failed/Skipped";s:7:"post_id";s:0:"";s:9:"post_link";a:2:{s:5:"title";s:8:"Untitled";s:8:"edit_url";b:0;}}
a:6:{s:3:"row";i:3;s:7:"message";s:69:"User with same Email already exists. Email: ajithkunnath009@gmail.com";s:6:"status";b:0;s:10:"status_msg";s:14:"Failed/Skipped";s:7:"post_id";s:0:"";s:9:"post_link";a:2:{s:5:"title";s:8:"Untitled";s:8:"edit_url";b:0;}}
a:6:{s:3:"row";i:4;s:7:"message";s:66:"User with same Email already exists. Email: preethypacks@gmail.com";s:6:"status";b:0;s:10:"status_msg";s:14:"Failed/Skipped";s:7:"post_id";s:0:"";s:9:"post_link";a:2:{s:5:"title";s:8:"Untitled";s:8:"edit_url";b:0;}}
a:6:{s:3:"row";i:5;s:7:"message";s:65:"User with same Email already exists. Email: tanujkhetan@gmail.com";s:6:"status";b:0;s:10:"status_msg";s:14:"Failed/Skipped";s:7:"post_id";s:0:"";s:9:"post_link";a:2:{s:5:"title";s:8:"Untitled";s:8:"edit_url";b:0;}}
a:6:{s:3:"row";i:6;s:7:"message";s:63:"User with same Email already exists. Email: nahatamit@gmail.com";s:6:"status";b:0;s:10:"status_msg";s:14:"Failed/Skipped";s:7:"post_id";s:0:"";s:9:"post_link";a:2:{s:5:"title";s:8:"Untitled";s:8:"edit_url";b:0;}}
a:6:{s:3:"row";i:7;s:7:"message";s:72:"User with same Email already exists. Email: ritesh.jain@yellowdiamond.in";s:6:"status";b:0;s:10:"status_msg";s:14:"Failed/Skipped";s:7:"post_id";s:0:"";s:9:"post_link";a:2:{s:5:"title";s:8:"Untitled";s:8:"edit_url";b:0;}}
a:6:{s:3:"row";i:8;s:7:"message";s:72:"User with same Email already exists. Email: accounts@weeotechnoplast.com";s:6:"status";b:0;s:10:"status_msg";s:14:"Failed/Skipped";s:7:"post_id";s:0:"";s:9:"post_link";a:2:{s:5:"title";s:8:"Untitled";s:8:"edit_url";b:0;}}
a:6:{s:3:"row";i:9;s:7:"message";s:66:"User with same Email already exists. Email: ecotechfabpl@gmail.com";s:6:"status";b:0;s:10:"status_msg";s:14:"Failed/Skipped";s:7:"post_id";s:0:"";s:9:"post_link";a:2:{s:5:"title";s:8:"Untitled";s:8:"edit_url";b:0;}}
a:6:{s:3:"row";i:10;s:7:"message";s:69:"User with same Email already exists. Email: plastpack.india@gmail.com";s:6:"status";b:0;s:10:"status_msg";s:14:"Failed/Skipped";s:7:"post_id";s:0:"";s:9:"post_link";a:2:{s:5:"title";s:8:"Untitled";s:8:"edit_url";b:0;}}
a:6:{s:3:"row";i:11;s:7:"message";s:74:"User with same Email already exists. Email: preethesh@anagharefineries.com";s:6:"status";b:0;s:10:"status_msg";s:14:"Failed/Skipped";s:7:"post_id";s:0:"";s:9:"post_link";a:2:{s:5:"title";s:8:"Untitled";s:8:"edit_url";b:0;}}
a:6:{s:3:"row";i:12;s:7:"message";s:65:"User with same Email already exists. Email: natwargaur6@gmail.com";s:6:"status";b:0;s:10:"status_msg";s:14:"Failed/Skipped";s:7:"post_id";s:0:"";s:9:"post_link";a:2:{s:5:"title";s:8:"Untitled";s:8:"edit_url";b:0;}}
a:6:{s:3:"row";i:13;s:7:"message";s:66:"User with same Email already exists. Email: gulabgidwani@gmail.com";s:6:"status";b:0;s:10:"status_msg";s:14:"Failed/Skipped";s:7:"post_id";s:0:"";s:9:"post_link";a:2:{s:5:"title";s:8:"Untitled";s:8:"edit_url";b:0;}}
a:6:{s:3:"row";i:14;s:7:"message";s:70:"User with same Email already exists. Email: quality.papers07@yahoo.com";s:6:"status";b:0;s:10:"status_msg";s:14:"Failed/Skipped";s:7:"post_id";s:0:"";s:9:"post_link";a:2:{s:5:"title";s:8:"Untitled";s:8:"edit_url";b:0;}}
a:6:{s:3:"row";i:15;s:7:"message";s:68:"User with same Email already exists. Email: hic.industries@gmail.com";s:6:"status";b:0;s:10:"status_msg";s:14:"Failed/Skipped";s:7:"post_id";s:0:"";s:9:"post_link";a:2:{s:5:"title";s:8:"Untitled";s:8:"edit_url";b:0;}}
a:6:{s:3:"row";i:16;s:7:"message";s:72:"User with same Email already exists. Email: laxmiplastics099@yahoo.co.in";s:6:"status";b:0;s:10:"status_msg";s:14:"Failed/Skipped";s:7:"post_id";s:0:"";s:9:"post_link";a:2:{s:5:"title";s:8:"Untitled";s:8:"edit_url";b:0;}}
a:6:{s:3:"row";i:17;s:7:"message";s:63:"User with same Email already exists. Email: osg_sgi@yahoo.co.in";s:6:"status";b:0;s:10:"status_msg";s:14:"Failed/Skipped";s:7:"post_id";s:0:"";s:9:"post_link";a:2:{s:5:"title";s:8:"Untitled";s:8:"edit_url";b:0;}}
a:6:{s:3:"row";i:18;s:7:"message";s:63:"User with same Email already exists. Email: hoshbinkv@gmail.com";s:6:"status";b:0;s:10:"status_msg";s:14:"Failed/Skipped";s:7:"post_id";s:0:"";s:9:"post_link";a:2:{s:5:"title";s:8:"Untitled";s:8:"edit_url";b:0;}}
a:6:{s:3:"row";i:19;s:7:"message";s:71:"User with same Email already exists. Email: lalitpatel@meghmanidyes.com";s:6:"status";b:0;s:10:"status_msg";s:14:"Failed/Skipped";s:7:"post_id";s:0:"";s:9:"post_link";a:2:{s:5:"title";s:8:"Untitled";s:8:"edit_url";b:0;}}
a:6:{s:3:"row";i:20;s:7:"message";s:67:"User with same Email already exists. Email: rayanpolymers@yahoo.com";s:6:"status";b:0;s:10:"status_msg";s:14:"Failed/Skipped";s:7:"post_id";s:0:"";s:9:"post_link";a:2:{s:5:"title";s:8:"Untitled";s:8:"edit_url";b:0;}}
a:6:{s:3:"row";i:21;s:7:"message";s:71:"User with same Email already exists. Email: vinayakplastopack@gmail.com";s:6:"status";b:0;s:10:"status_msg";s:14:"Failed/Skipped";s:7:"post_id";s:0:"";s:9:"post_link";a:2:{s:5:"title";s:8:"Untitled";s:8:"edit_url";b:0;}}
a:6:{s:3:"row";i:22;s:7:"message";s:72:"User with same Email already exists. Email: patel_plastic@rocketmail.com";s:6:"status";b:0;s:10:"status_msg";s:14:"Failed/Skipped";s:7:"post_id";s:0:"";s:9:"post_link";a:2:{s:5:"title";s:8:"Untitled";s:8:"edit_url";b:0;}}
a:6:{s:3:"row";i:23;s:7:"message";s:65:"User with same Email already exists. Email: rajesh@rruniversal.in";s:6:"status";b:0;s:10:"status_msg";s:14:"Failed/Skipped";s:7:"post_id";s:0:"";s:9:"post_link";a:2:{s:5:"title";s:8:"Untitled";s:8:"edit_url";b:0;}}
a:6:{s:3:"row";i:24;s:7:"message";s:67:"User with same Email already exists. Email: support.agile@gmail.com";s:6:"status";b:0;s:10:"status_msg";s:14:"Failed/Skipped";s:7:"post_id";s:0:"";s:9:"post_link";a:2:{s:5:"title";s:8:"Untitled";s:8:"edit_url";b:0;}}
a:6:{s:3:"row";i:25;s:7:"message";s:73:"User with same Email already exists. Email: riyainternational79@gmail.com";s:6:"status";b:0;s:10:"status_msg";s:14:"Failed/Skipped";s:7:"post_id";s:0:"";s:9:"post_link";a:2:{s:5:"title";s:8:"Untitled";s:8:"edit_url";b:0;}}
a:6:{s:3:"row";i:26;s:7:"message";s:70:"User with same Email already exists. Email: appl_jaipur@rediffmail.com";s:6:"status";b:0;s:10:"status_msg";s:14:"Failed/Skipped";s:7:"post_id";s:0:"";s:9:"post_link";a:2:{s:5:"title";s:8:"Untitled";s:8:"edit_url";b:0;}}
a:6:{s:3:"row";i:27;s:7:"message";s:68:"User with same Email already exists. Email: manishjha@heromotors.com";s:6:"status";b:0;s:10:"status_msg";s:14:"Failed/Skipped";s:7:"post_id";s:0:"";s:9:"post_link";a:2:{s:5:"title";s:8:"Untitled";s:8:"edit_url";b:0;}}
a:6:{s:3:"row";i:28;s:7:"message";s:68:"User with same Email already exists. Email: pk.pandey.anik@gmail.com";s:6:"status";b:0;s:10:"status_msg";s:14:"Failed/Skipped";s:7:"post_id";s:0:"";s:9:"post_link";a:2:{s:5:"title";s:8:"Untitled";s:8:"edit_url";b:0;}}
a:6:{s:3:"row";i:29;s:7:"message";s:65:"User with same Email already exists. Email: ganeshmanuf@yahoo.com";s:6:"status";b:0;s:10:"status_msg";s:14:"Failed/Skipped";s:7:"post_id";s:0:"";s:9:"post_link";a:2:{s:5:"title";s:8:"Untitled";s:8:"edit_url";b:0;}}
a:6:{s:3:"row";i:30;s:7:"message";s:68:"User with same Email already exists. Email: brandowner2022@gmail.com";s:6:"status";b:0;s:10:"status_msg";s:14:"Failed/Skipped";s:7:"post_id";s:0:"";s:9:"post_link";a:2:{s:5:"title";s:8:"Untitled";s:8:"edit_url";b:0;}}
a:6:{s:3:"row";i:31;s:7:"message";s:66:"User with same Email already exists. Email: aditya@plastisurge.com";s:6:"status";b:0;s:10:"status_msg";s:14:"Failed/Skipped";s:7:"post_id";s:0:"";s:9:"post_link";a:2:{s:5:"title";s:8:"Untitled";s:8:"edit_url";b:0;}}
a:6:{s:3:"row";i:32;s:7:"message";s:69:"User with same Email already exists. Email: naveenrana95999@gmail.com";s:6:"status";b:0;s:10:"status_msg";s:14:"Failed/Skipped";s:7:"post_id";s:0:"";s:9:"post_link";a:2:{s:5:"title";s:8:"Untitled";s:8:"edit_url";b:0;}}
a:6:{s:3:"row";i:33;s:7:"message";s:68:"User with same Email already exists. Email: sahay.vinod@mahindra.com";s:6:"status";b:0;s:10:"status_msg";s:14:"Failed/Skipped";s:7:"post_id";s:0:"";s:9:"post_link";a:2:{s:5:"title";s:8:"Untitled";s:8:"edit_url";b:0;}}
a:6:{s:3:"row";i:34;s:7:"message";s:63:"User with same Email already exists. Email: WYTEPRINT@GMAIL.COM";s:6:"status";b:0;s:10:"status_msg";s:14:"Failed/Skipped";s:7:"post_id";s:0:"";s:9:"post_link";a:2:{s:5:"title";s:8:"Untitled";s:8:"edit_url";b:0;}}
a:6:{s:3:"row";i:35;s:7:"message";s:72:"User with same Email already exists. Email: vigneshwaraplastic@gmail.com";s:6:"status";b:0;s:10:"status_msg";s:14:"Failed/Skipped";s:7:"post_id";s:0:"";s:9:"post_link";a:2:{s:5:"title";s:8:"Untitled";s:8:"edit_url";b:0;}}
a:6:{s:3:"row";i:36;s:7:"message";s:68:"User with same Email already exists. Email: suyogtechplast@gmail.com";s:6:"status";b:0;s:10:"status_msg";s:14:"Failed/Skipped";s:7:"post_id";s:0:"";s:9:"post_link";a:2:{s:5:"title";s:8:"Untitled";s:8:"edit_url";b:0;}}
a:6:{s:3:"row";i:37;s:7:"message";s:64:"User with same Email already exists. Email: eprunit1.p@gmail.com";s:6:"status";b:0;s:10:"status_msg";s:14:"Failed/Skipped";s:7:"post_id";s:0:"";s:9:"post_link";a:2:{s:5:"title";s:8:"Untitled";s:8:"edit_url";b:0;}}
a:6:{s:3:"row";i:38;s:7:"message";s:73:"User with same Email already exists. Email: jayesh.khatsuria@sintex.co.in";s:6:"status";b:0;s:10:"status_msg";s:14:"Failed/Skipped";s:7:"post_id";s:0:"";s:9:"post_link";a:2:{s:5:"title";s:8:"Untitled";s:8:"edit_url";b:0;}}
a:6:{s:3:"row";i:39;s:7:"message";s:70:"User with same Email already exists. Email: ASHOK@PODDARMERCANTILE.COM";s:6:"status";b:0;s:10:"status_msg";s:14:"Failed/Skipped";s:7:"post_id";s:0:"";s:9:"post_link";a:2:{s:5:"title";s:8:"Untitled";s:8:"edit_url";b:0;}}
a:6:{s:3:"row";i:40;s:7:"message";s:67:"User with same Email already exists. Email: gokhale@chitalegroup.in";s:6:"status";b:0;s:10:"status_msg";s:14:"Failed/Skipped";s:7:"post_id";s:0:"";s:9:"post_link";a:2:{s:5:"title";s:8:"Untitled";s:8:"edit_url";b:0;}}
a:6:{s:3:"row";i:41;s:7:"message";s:64:"User with same Email already exists. Email: eprunit1.i@gmail.com";s:6:"status";b:0;s:10:"status_msg";s:14:"Failed/Skipped";s:7:"post_id";s:0:"";s:9:"post_link";a:2:{s:5:"title";s:8:"Untitled";s:8:"edit_url";b:0;}}
a:6:{s:3:"row";i:42;s:7:"message";s:63:"User with same Email already exists. Email: bet.parag@gmail.com";s:6:"status";b:0;s:10:"status_msg";s:14:"Failed/Skipped";s:7:"post_id";s:0:"";s:9:"post_link";a:2:{s:5:"title";s:8:"Untitled";s:8:"edit_url";b:0;}}
a:6:{s:3:"row";i:43;s:7:"message";s:67:"User with same Email already exists. Email: mahendragupta@gmail.com";s:6:"status";b:0;s:10:"status_msg";s:14:"Failed/Skipped";s:7:"post_id";s:0:"";s:9:"post_link";a:2:{s:5:"title";s:8:"Untitled";s:8:"edit_url";b:0;}}
a:6:{s:3:"row";i:44;s:7:"message";s:65:"User with same Email already exists. Email: contact.epi@gmail.com";s:6:"status";b:0;s:10:"status_msg";s:14:"Failed/Skipped";s:7:"post_id";s:0:"";s:9:"post_link";a:2:{s:5:"title";s:8:"Untitled";s:8:"edit_url";b:0;}}
a:6:{s:3:"row";i:45;s:7:"message";s:67:"User with same Email already exists. Email: rajankhanna74@gmail.com";s:6:"status";b:0;s:10:"status_msg";s:14:"Failed/Skipped";s:7:"post_id";s:0:"";s:9:"post_link";a:2:{s:5:"title";s:8:"Untitled";s:8:"edit_url";b:0;}}
a:6:{s:3:"row";i:46;s:7:"message";s:70:"User with same Email already exists. Email: ssalaudintraders@gmail.com";s:6:"status";b:0;s:10:"status_msg";s:14:"Failed/Skipped";s:7:"post_id";s:0:"";s:9:"post_link";a:2:{s:5:"title";s:8:"Untitled";s:8:"edit_url";b:0;}}
a:6:{s:3:"row";i:47;s:7:"message";s:65:"User with same Email already exists. Email: eprunit1.bo@gmail.com";s:6:"status";b:0;s:10:"status_msg";s:14:"Failed/Skipped";s:7:"post_id";s:0:"";s:9:"post_link";a:2:{s:5:"title";s:8:"Untitled";s:8:"edit_url";b:0;}}
a:6:{s:3:"row";i:48;s:7:"message";s:72:"User with same Email already exists. Email: everest.polyprints@gmail.com";s:6:"status";b:0;s:10:"status_msg";s:14:"Failed/Skipped";s:7:"post_id";s:0:"";s:9:"post_link";a:2:{s:5:"title";s:8:"Untitled";s:8:"edit_url";b:0;}}
a:6:{s:3:"row";i:49;s:7:"message";s:64:"User with same Email already exists. Email: eprunit3.p@gmail.com";s:6:"status";b:0;s:10:"status_msg";s:14:"Failed/Skipped";s:7:"post_id";s:0:"";s:9:"post_link";a:2:{s:5:"title";s:8:"Untitled";s:8:"edit_url";b:0;}}
a:6:{s:3:"row";i:50;s:7:"message";s:67:"User with same Email already exists. Email: unipackpoly@yahoo.co.in";s:6:"status";b:0;s:10:"status_msg";s:14:"Failed/Skipped";s:7:"post_id";s:0:"";s:9:"post_link";a:2:{s:5:"title";s:8:"Untitled";s:8:"edit_url";b:0;}}
a:6:{s:3:"row";i:51;s:7:"message";s:64:"User with same Email already exists. Email: suprabarun@gmail.com";s:6:"status";b:0;s:10:"status_msg";s:14:"Failed/Skipped";s:7:"post_id";s:0:"";s:9:"post_link";a:2:{s:5:"title";s:8:"Untitled";s:8:"edit_url";b:0;}}
a:6:{s:3:"row";i:52;s:7:"message";s:65:"User with same Email already exists. Email: eprunit3.bo@gmail.com";s:6:"status";b:0;s:10:"status_msg";s:14:"Failed/Skipped";s:7:"post_id";s:0:"";s:9:"post_link";a:2:{s:5:"title";s:8:"Untitled";s:8:"edit_url";b:0;}}
a:6:{s:3:"row";i:53;s:7:"message";s:69:"User with same Email already exists. Email: Sikarwarplastic@gmail.com";s:6:"status";b:0;s:10:"status_msg";s:14:"Failed/Skipped";s:7:"post_id";s:0:"";s:9:"post_link";a:2:{s:5:"title";s:8:"Untitled";s:8:"edit_url";b:0;}}
a:6:{s:3:"row";i:54;s:7:"message";s:70:"User with same Email already exists. Email: hajexports.786@outlook.com";s:6:"status";b:0;s:10:"status_msg";s:14:"Failed/Skipped";s:7:"post_id";s:0:"";s:9:"post_link";a:2:{s:5:"title";s:8:"Untitled";s:8:"edit_url";b:0;}}
a:6:{s:3:"row";i:55;s:7:"message";s:69:"User with same Email already exists. Email: DHANRAJPLASTICS@GMAIL.COM";s:6:"status";b:0;s:10:"status_msg";s:14:"Failed/Skipped";s:7:"post_id";s:0:"";s:9:"post_link";a:2:{s:5:"title";s:8:"Untitled";s:8:"edit_url";b:0;}}
a:6:{s:3:"row";i:56;s:7:"message";s:66:"User with same Email already exists. Email: coolcaps2015@gmail.com";s:6:"status";b:0;s:10:"status_msg";s:14:"Failed/Skipped";s:7:"post_id";s:0:"";s:9:"post_link";a:2:{s:5:"title";s:8:"Untitled";s:8:"edit_url";b:0;}}
a:6:{s:3:"row";i:57;s:7:"message";s:64:"User with same Email already exists. Email: eprunit4.p@gmail.com";s:6:"status";b:0;s:10:"status_msg";s:14:"Failed/Skipped";s:7:"post_id";s:0:"";s:9:"post_link";a:2:{s:5:"title";s:8:"Untitled";s:8:"edit_url";b:0;}}
a:6:{s:3:"row";i:58;s:7:"message";s:67:"User with same Email already exists. Email: Purchase.admn@gmail.com";s:6:"status";b:0;s:10:"status_msg";s:14:"Failed/Skipped";s:7:"post_id";s:0:"";s:9:"post_link";a:2:{s:5:"title";s:8:"Untitled";s:8:"edit_url";b:0;}}
a:6:{s:3:"row";i:59;s:7:"message";s:64:"User with same Email already exists. Email: eprunit4.i@gmail.com";s:6:"status";b:0;s:10:"status_msg";s:14:"Failed/Skipped";s:7:"post_id";s:0:"";s:9:"post_link";a:2:{s:5:"title";s:8:"Untitled";s:8:"edit_url";b:0;}}
a:6:{s:3:"row";i:60;s:7:"message";s:63:"User with same Email already exists. Email: vikesh@sserenee.com";s:6:"status";b:0;s:10:"status_msg";s:14:"Failed/Skipped";s:7:"post_id";s:0:"";s:9:"post_link";a:2:{s:5:"title";s:8:"Untitled";s:8:"edit_url";b:0;}}
a:6:{s:3:"row";i:61;s:7:"message";s:65:"User with same Email already exists. Email: eprunit4.bo@gmail.com";s:6:"status";b:0;s:10:"status_msg";s:14:"Failed/Skipped";s:7:"post_id";s:0:"";s:9:"post_link";a:2:{s:5:"title";s:8:"Untitled";s:8:"edit_url";b:0;}}
a:6:{s:3:"row";i:62;s:7:"message";s:76:"User with same Email already exists. Email: upendra.pathak@godrejagrovet.com";s:6:"status";b:0;s:10:"status_msg";s:14:"Failed/Skipped";s:7:"post_id";s:0:"";s:9:"post_link";a:2:{s:5:"title";s:8:"Untitled";s:8:"edit_url";b:0;}}
a:6:{s:3:"row";i:63;s:7:"message";s:67:"User with same Email already exists. Email: mahaveer.hind@gmail.com";s:6:"status";b:0;s:10:"status_msg";s:14:"Failed/Skipped";s:7:"post_id";s:0:"";s:9:"post_link";a:2:{s:5:"title";s:8:"Untitled";s:8:"edit_url";b:0;}}
a:6:{s:3:"row";i:64;s:7:"message";s:67:"User with same Email already exists. Email: npal@designskillset.com";s:6:"status";b:0;s:10:"status_msg";s:14:"Failed/Skipped";s:7:"post_id";s:0:"";s:9:"post_link";a:2:{s:5:"title";s:8:"Untitled";s:8:"edit_url";b:0;}}
a:6:{s:3:"row";i:65;s:7:"message";s:64:"User with same Email already exists. Email: eprunit5.p@gmail.com";s:6:"status";b:0;s:10:"status_msg";s:14:"Failed/Skipped";s:7:"post_id";s:0:"";s:9:"post_link";a:2:{s:5:"title";s:8:"Untitled";s:8:"edit_url";b:0;}}
a:6:{s:3:"row";i:66;s:7:"message";s:66:"User with same Email already exists. Email: rayan786araf@gmail.com";s:6:"status";b:0;s:10:"status_msg";s:14:"Failed/Skipped";s:7:"post_id";s:0:"";s:9:"post_link";a:2:{s:5:"title";s:8:"Untitled";s:8:"edit_url";b:0;}}
a:6:{s:3:"row";i:67;s:7:"message";s:64:"User with same Email already exists. Email: eprunit5.i@gmail.com";s:6:"status";b:0;s:10:"status_msg";s:14:"Failed/Skipped";s:7:"post_id";s:0:"";s:9:"post_link";a:2:{s:5:"title";s:8:"Untitled";s:8:"edit_url";b:0;}}
a:6:{s:3:"row";i:68;s:7:"message";s:65:"User with same Email already exists. Email: eprunit5.bo@gmail.com";s:6:"status";b:0;s:10:"status_msg";s:14:"Failed/Skipped";s:7:"post_id";s:0:"";s:9:"post_link";a:2:{s:5:"title";s:8:"Untitled";s:8:"edit_url";b:0;}}
a:6:{s:3:"row";i:69;s:7:"message";s:64:"User with same Email already exists. Email: eprunit7.p@gmail.com";s:6:"status";b:0;s:10:"status_msg";s:14:"Failed/Skipped";s:7:"post_id";s:0:"";s:9:"post_link";a:2:{s:5:"title";s:8:"Untitled";s:8:"edit_url";b:0;}}
a:6:{s:3:"row";i:70;s:7:"message";s:64:"User with same Email already exists. Email: eprunit7.i@gmail.com";s:6:"status";b:0;s:10:"status_msg";s:14:"Failed/Skipped";s:7:"post_id";s:0:"";s:9:"post_link";a:2:{s:5:"title";s:8:"Untitled";s:8:"edit_url";b:0;}}
a:6:{s:3:"row";i:71;s:7:"message";s:65:"User with same Email already exists. Email: eprunit7.bo@gmail.com";s:6:"status";b:0;s:10:"status_msg";s:14:"Failed/Skipped";s:7:"post_id";s:0:"";s:9:"post_link";a:2:{s:5:"title";s:8:"Untitled";s:8:"edit_url";b:0;}}
a:6:{s:3:"row";i:72;s:7:"message";s:61:"User with same Email already exists. Email: prasanna@gpoly.in";s:6:"status";b:0;s:10:"status_msg";s:14:"Failed/Skipped";s:7:"post_id";s:0:"";s:9:"post_link";a:2:{s:5:"title";s:8:"Untitled";s:8:"edit_url";b:0;}}
a:6:{s:3:"row";i:73;s:7:"message";s:63:"User with same Email already exists. Email: TANEJAD22@GMAIL.COM";s:6:"status";b:0;s:10:"status_msg";s:14:"Failed/Skipped";s:7:"post_id";s:0:"";s:9:"post_link";a:2:{s:5:"title";s:8:"Untitled";s:8:"edit_url";b:0;}}
a:6:{s:3:"row";i:74;s:7:"message";s:71:"User with same Email already exists. Email: balajipolypacksmg@gmail.com";s:6:"status";b:0;s:10:"status_msg";s:14:"Failed/Skipped";s:7:"post_id";s:0:"";s:9:"post_link";a:2:{s:5:"title";s:8:"Untitled";s:8:"edit_url";b:0;}}
a:6:{s:3:"row";i:75;s:7:"message";s:75:"User with same Email already exists. Email: vivek.raizada@godrejagrovet.com";s:6:"status";b:0;s:10:"status_msg";s:14:"Failed/Skipped";s:7:"post_id";s:0:"";s:9:"post_link";a:2:{s:5:"title";s:8:"Untitled";s:8:"edit_url";b:0;}}
a:6:{s:3:"row";i:76;s:7:"message";s:70:"User with same Email already exists. Email: kundan.dubey@vippysoya.com";s:6:"status";b:0;s:10:"status_msg";s:14:"Failed/Skipped";s:7:"post_id";s:0:"";s:9:"post_link";a:2:{s:5:"title";s:8:"Untitled";s:8:"edit_url";b:0;}}
a:6:{s:3:"row";i:77;s:7:"message";s:64:"User with same Email already exists. Email: eprunit6.p@gmail.com";s:6:"status";b:0;s:10:"status_msg";s:14:"Failed/Skipped";s:7:"post_id";s:0:"";s:9:"post_link";a:2:{s:5:"title";s:8:"Untitled";s:8:"edit_url";b:0;}}
a:6:{s:3:"row";i:78;s:7:"message";s:68:"User with same Email already exists. Email: HONEYMANGLA427@GMAIL.COM";s:6:"status";b:0;s:10:"status_msg";s:14:"Failed/Skipped";s:7:"post_id";s:0:"";s:9:"post_link";a:2:{s:5:"title";s:8:"Untitled";s:8:"edit_url";b:0;}}
a:6:{s:3:"row";i:79;s:7:"message";s:69:"User with same Email already exists. Email: mauryawire@mauryagroup.in";s:6:"status";b:0;s:10:"status_msg";s:14:"Failed/Skipped";s:7:"post_id";s:0:"";s:9:"post_link";a:2:{s:5:"title";s:8:"Untitled";s:8:"edit_url";b:0;}}
a:6:{s:3:"row";i:80;s:7:"message";s:64:"User with same Email already exists. Email: eprunit6.i@gmail.com";s:6:"status";b:0;s:10:"status_msg";s:14:"Failed/Skipped";s:7:"post_id";s:0:"";s:9:"post_link";a:2:{s:5:"title";s:8:"Untitled";s:8:"edit_url";b:0;}}
a:6:{s:3:"row";i:81;s:7:"message";s:74:"User with same Email already exists. Email: preeti.dighe@godrejagrovet.com";s:6:"status";b:0;s:10:"status_msg";s:14:"Failed/Skipped";s:7:"post_id";s:0:"";s:9:"post_link";a:2:{s:5:"title";s:8:"Untitled";s:8:"edit_url";b:0;}}
a:6:{s:3:"row";i:82;s:7:"message";s:68:"User with same Email already exists. Email: marketing@waranamilk.com";s:6:"status";b:0;s:10:"status_msg";s:14:"Failed/Skipped";s:7:"post_id";s:0:"";s:9:"post_link";a:2:{s:5:"title";s:8:"Untitled";s:8:"edit_url";b:0;}}
a:6:{s:3:"row";i:83;s:7:"message";s:70:"User with same Email already exists. Email: deepak.mishra@earindia.com";s:6:"status";b:0;s:10:"status_msg";s:14:"Failed/Skipped";s:7:"post_id";s:0:"";s:9:"post_link";a:2:{s:5:"title";s:8:"Untitled";s:8:"edit_url";b:0;}}
a:6:{s:3:"row";i:84;s:7:"message";s:65:"User with same Email already exists. Email: eprunit6.bo@gmail.com";s:6:"status";b:0;s:10:"status_msg";s:14:"Failed/Skipped";s:7:"post_id";s:0:"";s:9:"post_link";a:2:{s:5:"title";s:8:"Untitled";s:8:"edit_url";b:0;}}
a:6:{s:3:"row";i:85;s:7:"message";s:70:"User with same Email already exists. Email: sabita.packaging@gmail.com";s:6:"status";b:0;s:10:"status_msg";s:14:"Failed/Skipped";s:7:"post_id";s:0:"";s:9:"post_link";a:2:{s:5:"title";s:8:"Untitled";s:8:"edit_url";b:0;}}
a:6:{s:3:"row";i:86;s:7:"message";s:64:"User with same Email already exists. Email: ashra_in@hotmail.com";s:6:"status";b:0;s:10:"status_msg";s:14:"Failed/Skipped";s:7:"post_id";s:0:"";s:9:"post_link";a:2:{s:5:"title";s:8:"Untitled";s:8:"edit_url";b:0;}}
a:6:{s:3:"row";i:87;s:7:"message";s:65:"User with same Email already exists. Email: accounts@earindia.com";s:6:"status";b:0;s:10:"status_msg";s:14:"Failed/Skipped";s:7:"post_id";s:0:"";s:9:"post_link";a:2:{s:5:"title";s:8:"Untitled";s:8:"edit_url";b:0;}}
a:6:{s:3:"row";i:88;s:7:"message";s:65:"User with same Email already exists. Email: skumar55323@gmail.com";s:6:"status";b:0;s:10:"status_msg";s:14:"Failed/Skipped";s:7:"post_id";s:0:"";s:9:"post_link";a:2:{s:5:"title";s:8:"Untitled";s:8:"edit_url";b:0;}}
a:6:{s:3:"row";i:89;s:7:"message";s:64:"User with same Email already exists. Email: anchalpoly@gmail.com";s:6:"status";b:0;s:10:"status_msg";s:14:"Failed/Skipped";s:7:"post_id";s:0:"";s:9:"post_link";a:2:{s:5:"title";s:8:"Untitled";s:8:"edit_url";b:0;}}
a:6:{s:3:"row";i:90;s:7:"message";s:65:"User with same Email already exists. Email: info@alphapacks.co.in";s:6:"status";b:0;s:10:"status_msg";s:14:"Failed/Skipped";s:7:"post_id";s:0:"";s:9:"post_link";a:2:{s:5:"title";s:8:"Untitled";s:8:"edit_url";b:0;}}
a:6:{s:3:"row";i:91;s:7:"message";s:64:"User with same Email already exists. Email: premak1121@gmail.com";s:6:"status";b:0;s:10:"status_msg";s:14:"Failed/Skipped";s:7:"post_id";s:0:"";s:9:"post_link";a:2:{s:5:"title";s:8:"Untitled";s:8:"edit_url";b:0;}}
a:6:{s:3:"row";i:92;s:7:"message";s:67:"User with same Email already exists. Email: anshul@modernquests.com";s:6:"status";b:0;s:10:"status_msg";s:14:"Failed/Skipped";s:7:"post_id";s:0:"";s:9:"post_link";a:2:{s:5:"title";s:8:"Untitled";s:8:"edit_url";b:0;}}
a:6:{s:3:"row";i:93;s:7:"message";s:65:"User with same Email already exists. Email: behl@unitecfibres.com";s:6:"status";b:0;s:10:"status_msg";s:14:"Failed/Skipped";s:7:"post_id";s:0:"";s:9:"post_link";a:2:{s:5:"title";s:8:"Untitled";s:8:"edit_url";b:0;}}
a:6:{s:3:"row";i:94;s:7:"message";s:60:"User with same Email already exists. Email: hmtike@kknag.com";s:6:"status";b:0;s:10:"status_msg";s:14:"Failed/Skipped";s:7:"post_id";s:0:"";s:9:"post_link";a:2:{s:5:"title";s:8:"Untitled";s:8:"edit_url";b:0;}}
a:6:{s:3:"row";i:95;s:7:"message";s:75:"User with same Email already exists. Email: yogiflexiblepackaging@yahoo.com";s:6:"status";b:0;s:10:"status_msg";s:14:"Failed/Skipped";s:7:"post_id";s:0:"";s:9:"post_link";a:2:{s:5:"title";s:8:"Untitled";s:8:"edit_url";b:0;}}
a:6:{s:3:"row";i:96;s:7:"message";s:65:"User with same Email already exists. Email: sicknp@rediffmail.com";s:6:"status";b:0;s:10:"status_msg";s:14:"Failed/Skipped";s:7:"post_id";s:0:"";s:9:"post_link";a:2:{s:5:"title";s:8:"Untitled";s:8:"edit_url";b:0;}}
a:6:{s:3:"row";i:97;s:7:"message";s:66:"User with same Email already exists. Email: ommnamah1947@gmail.com";s:6:"status";b:0;s:10:"status_msg";s:14:"Failed/Skipped";s:7:"post_id";s:0:"";s:9:"post_link";a:2:{s:5:"title";s:8:"Untitled";s:8:"edit_url";b:0;}}
a:6:{s:3:"row";i:98;s:7:"message";s:68:"User with same Email already exists. Email: ajoshi@garwarefibres.com";s:6:"status";b:0;s:10:"status_msg";s:14:"Failed/Skipped";s:7:"post_id";s:0:"";s:9:"post_link";a:2:{s:5:"title";s:8:"Untitled";s:8:"edit_url";b:0;}}
a:6:{s:3:"row";i:99;s:7:"message";s:71:"User with same Email already exists. Email: meherfashions.epr@gmail.com";s:6:"status";b:0;s:10:"status_msg";s:14:"Failed/Skipped";s:7:"post_id";s:0:"";s:9:"post_link";a:2:{s:5:"title";s:8:"Untitled";s:8:"edit_url";b:0;}}
a:6:{s:3:"row";i:100;s:7:"message";s:72:"User with same Email already exists. Email: meherfilaments.epr@gmail.com";s:6:"status";b:0;s:10:"status_msg";s:14:"Failed/Skipped";s:7:"post_id";s:0:"";s:9:"post_link";a:2:{s:5:"title";s:8:"Untitled";s:8:"edit_url";b:0;}}
a:6:{s:3:"row";i:101;s:7:"message";s:70:"User with same Email already exists. Email: srindustries1973@gmail.com";s:6:"status";b:0;s:10:"status_msg";s:14:"Failed/Skipped";s:7:"post_id";s:0:"";s:9:"post_link";a:2:{s:5:"title";s:8:"Untitled";s:8:"edit_url";b:0;}}
a:6:{s:3:"row";i:102;s:7:"message";s:75:"User with same Email already exists. Email: srindustriesdelhi1973@gmail.com";s:6:"status";b:0;s:10:"status_msg";s:14:"Failed/Skipped";s:7:"post_id";s:0:"";s:9:"post_link";a:2:{s:5:"title";s:8:"Untitled";s:8:"edit_url";b:0;}}
a:6:{s:3:"row";i:103;s:7:"message";s:68:"User with same Email already exists. Email: tax.sleek@sleekworld.com";s:6:"status";b:0;s:10:"status_msg";s:14:"Failed/Skipped";s:7:"post_id";s:0:"";s:9:"post_link";a:2:{s:5:"title";s:8:"Untitled";s:8:"edit_url";b:0;}}
a:6:{s:3:"row";i:104;s:7:"message";s:64:"User with same Email already exists. Email: jitendra.e@gmail.com";s:6:"status";b:0;s:10:"status_msg";s:14:"Failed/Skipped";s:7:"post_id";s:0:"";s:9:"post_link";a:2:{s:5:"title";s:8:"Untitled";s:8:"edit_url";b:0;}}
a:6:{s:3:"row";i:105;s:7:"message";s:76:"User with same Email already exists. Email: meherinternational.epr@gmail.com";s:6:"status";b:0;s:10:"status_msg";s:14:"Failed/Skipped";s:7:"post_id";s:0:"";s:9:"post_link";a:2:{s:5:"title";s:8:"Untitled";s:8:"edit_url";b:0;}}
a:6:{s:3:"row";i:106;s:7:"message";s:68:"User with same Email already exists. Email: anithapolypack@yahoo.com";s:6:"status";b:0;s:10:"status_msg";s:14:"Failed/Skipped";s:7:"post_id";s:0:"";s:9:"post_link";a:2:{s:5:"title";s:8:"Untitled";s:8:"edit_url";b:0;}}
a:6:{s:3:"row";i:107;s:7:"message";s:69:"User with same Email already exists. Email: Sehealthcare910@gmail.com";s:6:"status";b:0;s:10:"status_msg";s:14:"Failed/Skipped";s:7:"post_id";s:0:"";s:9:"post_link";a:2:{s:5:"title";s:8:"Untitled";s:8:"edit_url";b:0;}}
a:6:{s:3:"row";i:108;s:7:"message";s:66:"User with same Email already exists. Email: Preeta_Jathan@asus.com";s:6:"status";b:0;s:10:"status_msg";s:14:"Failed/Skipped";s:7:"post_id";s:0:"";s:9:"post_link";a:2:{s:5:"title";s:8:"Untitled";s:8:"edit_url";b:0;}}
a:6:{s:3:"row";i:109;s:7:"message";s:68:"User with same Email already exists. Email: devpolyplast10@gmail.com";s:6:"status";b:0;s:10:"status_msg";s:14:"Failed/Skipped";s:7:"post_id";s:0:"";s:9:"post_link";a:2:{s:5:"title";s:8:"Untitled";s:8:"edit_url";b:0;}}
a:6:{s:3:"row";i:110;s:7:"message";s:67:"User with same Email already exists. Email: panel.limited@yahoo.com";s:6:"status";b:0;s:10:"status_msg";s:14:"Failed/Skipped";s:7:"post_id";s:0:"";s:9:"post_link";a:2:{s:5:"title";s:8:"Untitled";s:8:"edit_url";b:0;}}
a:6:{s:3:"row";i:111;s:7:"message";s:64:"User with same Email already exists. Email: rahmantrue@gmail.com";s:6:"status";b:0;s:10:"status_msg";s:14:"Failed/Skipped";s:7:"post_id";s:0:"";s:9:"post_link";a:2:{s:5:"title";s:8:"Untitled";s:8:"edit_url";b:0;}}
a:6:{s:3:"row";i:112;s:7:"message";s:65:"User with same Email already exists. Email: mptradersds@gmail.com";s:6:"status";b:0;s:10:"status_msg";s:14:"Failed/Skipped";s:7:"post_id";s:0:"";s:9:"post_link";a:2:{s:5:"title";s:8:"Untitled";s:8:"edit_url";b:0;}}
a:6:{s:3:"row";i:113;s:7:"message";s:64:"User with same Email already exists. Email: accankit@hotmail.com";s:6:"status";b:0;s:10:"status_msg";s:14:"Failed/Skipped";s:7:"post_id";s:0:"";s:9:"post_link";a:2:{s:5:"title";s:8:"Untitled";s:8:"edit_url";b:0;}}
a:6:{s:3:"row";i:114;s:7:"message";s:70:"User with same Email already exists. Email: mecashishagarwal@gmail.com";s:6:"status";b:0;s:10:"status_msg";s:14:"Failed/Skipped";s:7:"post_id";s:0:"";s:9:"post_link";a:2:{s:5:"title";s:8:"Untitled";s:8:"edit_url";b:0;}}
a:6:{s:3:"row";i:115;s:7:"message";s:62:"User with same Email already exists. Email: manish@traverse.sg";s:6:"status";b:0;s:10:"status_msg";s:14:"Failed/Skipped";s:7:"post_id";s:0:"";s:9:"post_link";a:2:{s:5:"title";s:8:"Untitled";s:8:"edit_url";b:0;}}
a:6:{s:3:"row";i:116;s:7:"message";s:77:"User with same Email already exists. Email: siddivinayakindustries1@gmail.com";s:6:"status";b:0;s:10:"status_msg";s:14:"Failed/Skipped";s:7:"post_id";s:0:"";s:9:"post_link";a:2:{s:5:"title";s:8:"Untitled";s:8:"edit_url";b:0;}}
a:6:{s:3:"row";i:117;s:7:"message";s:64:"User with same Email already exists. Email: bksharma.cpcb@nic.in";s:6:"status";b:0;s:10:"status_msg";s:14:"Failed/Skipped";s:7:"post_id";s:0:"";s:9:"post_link";a:2:{s:5:"title";s:8:"Untitled";s:8:"edit_url";b:0;}}
a:6:{s:3:"row";i:118;s:7:"message";s:65:"User with same Email already exists. Email: ananthans.cpcb@gov.in";s:6:"status";b:0;s:10:"status_msg";s:14:"Failed/Skipped";s:7:"post_id";s:0:"";s:9:"post_link";a:2:{s:5:"title";s:8:"Untitled";s:8:"edit_url";b:0;}}
a:6:{s:3:"row";i:119;s:7:"message";s:31:">  skipped: Email is not valid.";s:6:"status";b:0;s:10:"status_msg";s:14:"Failed/Skipped";s:7:"post_id";s:0:"";s:9:"post_link";a:2:{s:5:"title";s:8:"Untitled";s:8:"edit_url";b:0;}}
a:6:{s:3:"row";i:120;s:7:"message";s:62:"User with same Email already exists. Email: rakesh.cpcb@gov.in";s:6:"status";b:0;s:10:"status_msg";s:14:"Failed/Skipped";s:7:"post_id";s:0:"";s:9:"post_link";a:2:{s:5:"title";s:8:"Untitled";s:8:"edit_url";b:0;}}
a:6:{s:3:"row";i:121;s:7:"message";s:64:"User with same Email already exists. Email: jagan191.cpcb@gov.in";s:6:"status";b:0;s:10:"status_msg";s:14:"Failed/Skipped";s:7:"post_id";s:0:"";s:9:"post_link";a:2:{s:5:"title";s:8:"Untitled";s:8:"edit_url";b:0;}}
a:6:{s:3:"row";i:122;s:7:"message";s:61:"User with same Email already exists. Email: anoop.cpcb@nic.in";s:6:"status";b:0;s:10:"status_msg";s:14:"Failed/Skipped";s:7:"post_id";s:0:"";s:9:"post_link";a:2:{s:5:"title";s:8:"Untitled";s:8:"edit_url";b:0;}}
a:6:{s:3:"row";i:123;s:7:"message";s:63:"User with same Email already exists. Email: semwaln.cpcb@gov.in";s:6:"status";b:0;s:10:"status_msg";s:14:"Failed/Skipped";s:7:"post_id";s:0:"";s:9:"post_link";a:2:{s:5:"title";s:8:"Untitled";s:8:"edit_url";b:0;}}
a:6:{s:3:"row";i:124;s:7:"message";s:31:">  skipped: Email is not valid.";s:6:"status";b:0;s:10:"status_msg";s:14:"Failed/Skipped";s:7:"post_id";s:0:"";s:9:"post_link";a:2:{s:5:"title";s:8:"Untitled";s:8:"edit_url";b:0;}}
a:6:{s:3:"row";i:125;s:7:"message";s:61:"User with same Email already exists. Email: patil.cpcb@nic.in";s:6:"status";b:0;s:10:"status_msg";s:14:"Failed/Skipped";s:7:"post_id";s:0:"";s:9:"post_link";a:2:{s:5:"title";s:8:"Untitled";s:8:"edit_url";b:0;}}
a:6:{s:3:"row";i:126;s:7:"message";s:63:"User with same Email already exists. Email: jagdish.cpcb@nic.in";s:6:"status";b:0;s:10:"status_msg";s:14:"Failed/Skipped";s:7:"post_id";s:0:"";s:9:"post_link";a:2:{s:5:"title";s:8:"Untitled";s:8:"edit_url";b:0;}}
a:6:{s:3:"row";i:127;s:7:"message";s:62:"User with same Email already exists. Email: toufic.cpcb@gov.in";s:6:"status";b:0;s:10:"status_msg";s:14:"Failed/Skipped";s:7:"post_id";s:0:"";s:9:"post_link";a:2:{s:5:"title";s:8:"Untitled";s:8:"edit_url";b:0;}}
a:6:{s:3:"row";i:128;s:7:"message";s:64:"User with same Email already exists. Email: mkbiswas.cpcb@nic.in";s:6:"status";b:0;s:10:"status_msg";s:14:"Failed/Skipped";s:7:"post_id";s:0:"";s:9:"post_link";a:2:{s:5:"title";s:8:"Untitled";s:8:"edit_url";b:0;}}
a:6:{s:3:"row";i:129;s:7:"message";s:62:"User with same Email already exists. Email: vlaxmi.cpcb@nic.in";s:6:"status";b:0;s:10:"status_msg";s:14:"Failed/Skipped";s:7:"post_id";s:0:"";s:9:"post_link";a:2:{s:5:"title";s:8:"Untitled";s:8:"edit_url";b:0;}}
a:6:{s:3:"row";i:130;s:7:"message";s:64:"User with same Email already exists. Email: rajkumar.cpcb@nic.in";s:6:"status";b:0;s:10:"status_msg";s:14:"Failed/Skipped";s:7:"post_id";s:0:"";s:9:"post_link";a:2:{s:5:"title";s:8:"Untitled";s:8:"edit_url";b:0;}}
a:6:{s:3:"row";i:131;s:7:"message";s:63:"User with same Email already exists. Email: sowmyad.cpcb@nic.in";s:6:"status";b:0;s:10:"status_msg";s:14:"Failed/Skipped";s:7:"post_id";s:0:"";s:9:"post_link";a:2:{s:5:"title";s:8:"Untitled";s:8:"edit_url";b:0;}}
a:6:{s:3:"row";i:132;s:7:"message";s:64:"User with same Email already exists. Email: info@smkglobal.co.in";s:6:"status";b:0;s:10:"status_msg";s:14:"Failed/Skipped";s:7:"post_id";s:0:"";s:9:"post_link";a:2:{s:5:"title";s:8:"Untitled";s:8:"edit_url";b:0;}}
a:6:{s:3:"row";i:133;s:7:"message";s:57:"User with same Email already exists. Email: abc@gmail.com";s:6:"status";b:0;s:10:"status_msg";s:14:"Failed/Skipped";s:7:"post_id";s:0:"";s:9:"post_link";a:2:{s:5:"title";s:8:"Untitled";s:8:"edit_url";b:0;}}
a:6:{s:3:"row";i:134;s:7:"message";s:70:"User with same Email already exists. Email: navkaarpackaging@gmail.com";s:6:"status";b:0;s:10:"status_msg";s:14:"Failed/Skipped";s:7:"post_id";s:0:"";s:9:"post_link";a:2:{s:5:"title";s:8:"Untitled";s:8:"edit_url";b:0;}}
a:6:{s:3:"row";i:135;s:7:"message";s:59:"User with same Email already exists. Email: seenu@egsspl.in";s:6:"status";b:0;s:10:"status_msg";s:14:"Failed/Skipped";s:7:"post_id";s:0:"";s:9:"post_link";a:2:{s:5:"title";s:8:"Untitled";s:8:"edit_url";b:0;}}
a:6:{s:3:"row";i:136;s:7:"message";s:76:"User with same Email already exists. Email: goodwill.plastics@rediffmail.com";s:6:"status";b:0;s:10:"status_msg";s:14:"Failed/Skipped";s:7:"post_id";s:0:"";s:9:"post_link";a:2:{s:5:"title";s:8:"Untitled";s:8:"edit_url";b:0;}}
a:6:{s:3:"row";i:137;s:7:"message";s:74:"User with same Email already exists. Email: rajpolybags_pnp@rediffmail.com";s:6:"status";b:0;s:10:"status_msg";s:14:"Failed/Skipped";s:7:"post_id";s:0:"";s:9:"post_link";a:2:{s:5:"title";s:8:"Untitled";s:8:"edit_url";b:0;}}
a:6:{s:3:"row";i:138;s:7:"message";s:77:"User with same Email already exists. Email: samir.agarwal@manjushreegroup.com";s:6:"status";b:0;s:10:"status_msg";s:14:"Failed/Skipped";s:7:"post_id";s:0:"";s:9:"post_link";a:2:{s:5:"title";s:8:"Untitled";s:8:"edit_url";b:0;}}
a:6:{s:3:"row";i:139;s:7:"message";s:70:"User with same Email already exists. Email: rohitawasthi@britindia.com";s:6:"status";b:0;s:10:"status_msg";s:14:"Failed/Skipped";s:7:"post_id";s:0:"";s:9:"post_link";a:2:{s:5:"title";s:8:"Untitled";s:8:"edit_url";b:0;}}
a:6:{s:3:"row";i:140;s:7:"message";s:68:"User with same Email already exists. Email: masson_polymer@yahoo.com";s:6:"status";b:0;s:10:"status_msg";s:14:"Failed/Skipped";s:7:"post_id";s:0:"";s:9:"post_link";a:2:{s:5:"title";s:8:"Untitled";s:8:"edit_url";b:0;}}
a:6:{s:3:"row";i:141;s:7:"message";s:60:"User with same Email already exists. Email: dpi050@gmail.com";s:6:"status";b:0;s:10:"status_msg";s:14:"Failed/Skipped";s:7:"post_id";s:0:"";s:9:"post_link";a:2:{s:5:"title";s:8:"Untitled";s:8:"edit_url";b:0;}}
a:6:{s:3:"row";i:142;s:7:"message";s:66:"User with same Email already exists. Email: COMMERCIAL@NELBAGS.COM";s:6:"status";b:0;s:10:"status_msg";s:14:"Failed/Skipped";s:7:"post_id";s:0:"";s:9:"post_link";a:2:{s:5:"title";s:8:"Untitled";s:8:"edit_url";b:0;}}
a:6:{s:3:"row";i:143;s:7:"message";s:68:"User with same Email already exists. Email: hindustanunit2@gmail.com";s:6:"status";b:0;s:10:"status_msg";s:14:"Failed/Skipped";s:7:"post_id";s:0:"";s:9:"post_link";a:2:{s:5:"title";s:8:"Untitled";s:8:"edit_url";b:0;}}
a:6:{s:3:"row";i:144;s:7:"message";s:64:"User with same Email already exists. Email: sriponpoly@gmail.com";s:6:"status";b:0;s:10:"status_msg";s:14:"Failed/Skipped";s:7:"post_id";s:0:"";s:9:"post_link";a:2:{s:5:"title";s:8:"Untitled";s:8:"edit_url";b:0;}}
a:6:{s:3:"row";i:145;s:7:"message";s:69:"User with same Email already exists. Email: abnglobalexim11@gmail.com";s:6:"status";b:0;s:10:"status_msg";s:14:"Failed/Skipped";s:7:"post_id";s:0:"";s:9:"post_link";a:2:{s:5:"title";s:8:"Untitled";s:8:"edit_url";b:0;}}
a:6:{s:3:"row";i:146;s:7:"message";s:74:"User with same Email already exists. Email: paramesh@heliospackaging.co.in";s:6:"status";b:0;s:10:"status_msg";s:14:"Failed/Skipped";s:7:"post_id";s:0:"";s:9:"post_link";a:2:{s:5:"title";s:8:"Untitled";s:8:"edit_url";b:0;}}
a:6:{s:3:"row";i:147;s:7:"message";s:71:"User with same Email already exists. Email: snehaindustriesk7@gmail.com";s:6:"status";b:0;s:10:"status_msg";s:14:"Failed/Skipped";s:7:"post_id";s:0:"";s:9:"post_link";a:2:{s:5:"title";s:8:"Untitled";s:8:"edit_url";b:0;}}
a:6:{s:3:"row";i:148;s:7:"message";s:64:"User with same Email already exists. Email: proteqauto@gmail.com";s:6:"status";b:0;s:10:"status_msg";s:14:"Failed/Skipped";s:7:"post_id";s:0:"";s:9:"post_link";a:2:{s:5:"title";s:8:"Untitled";s:8:"edit_url";b:0;}}
a:6:{s:3:"row";i:149;s:7:"message";s:72:"User with same Email already exists. Email: shreesaiplastdaman@gmail.com";s:6:"status";b:0;s:10:"status_msg";s:14:"Failed/Skipped";s:7:"post_id";s:0:"";s:9:"post_link";a:2:{s:5:"title";s:8:"Untitled";s:8:"edit_url";b:0;}}
a:6:{s:3:"row";i:150;s:7:"message";s:71:"User with same Email already exists. Email: mr.shubhamgupta96@gmail.com";s:6:"status";b:0;s:10:"status_msg";s:14:"Failed/Skipped";s:7:"post_id";s:0:"";s:9:"post_link";a:2:{s:5:"title";s:8:"Untitled";s:8:"edit_url";b:0;}}
a:6:{s:3:"row";i:151;s:7:"message";s:64:"User with same Email already exists. Email: sakthipoly@gmail.com";s:6:"status";b:0;s:10:"status_msg";s:14:"Failed/Skipped";s:7:"post_id";s:0:"";s:9:"post_link";a:2:{s:5:"title";s:8:"Untitled";s:8:"edit_url";b:0;}}
a:6:{s:3:"row";i:152;s:7:"message";s:68:"User with same Email already exists. Email: ketan_vipani@yahoo.co.in";s:6:"status";b:0;s:10:"status_msg";s:14:"Failed/Skipped";s:7:"post_id";s:0:"";s:9:"post_link";a:2:{s:5:"title";s:8:"Untitled";s:8:"edit_url";b:0;}}
a:6:{s:3:"row";i:153;s:7:"message";s:67:"User with same Email already exists. Email: kikplastics@yahoo.co.in";s:6:"status";b:0;s:10:"status_msg";s:14:"Failed/Skipped";s:7:"post_id";s:0:"";s:9:"post_link";a:2:{s:5:"title";s:8:"Untitled";s:8:"edit_url";b:0;}}
a:6:{s:3:"row";i:154;s:7:"message";s:64:"User with same Email already exists. Email: accounts@spppoly.com";s:6:"status";b:0;s:10:"status_msg";s:14:"Failed/Skipped";s:7:"post_id";s:0:"";s:9:"post_link";a:2:{s:5:"title";s:8:"Untitled";s:8:"edit_url";b:0;}}
a:6:{s:3:"row";i:155;s:7:"message";s:66:"User with same Email already exists. Email: adv_aro@rediffmail.com";s:6:"status";b:0;s:10:"status_msg";s:14:"Failed/Skipped";s:7:"post_id";s:0:"";s:9:"post_link";a:2:{s:5:"title";s:8:"Untitled";s:8:"edit_url";b:0;}}
a:6:{s:3:"row";i:156;s:7:"message";s:71:"User with same Email already exists. Email: rahuljainkumar800@gmail.com";s:6:"status";b:0;s:10:"status_msg";s:14:"Failed/Skipped";s:7:"post_id";s:0:"";s:9:"post_link";a:2:{s:5:"title";s:8:"Untitled";s:8:"edit_url";b:0;}}
a:6:{s:3:"row";i:157;s:7:"message";s:64:"User with same Email already exists. Email: kubicindia@yahoo.com";s:6:"status";b:0;s:10:"status_msg";s:14:"Failed/Skipped";s:7:"post_id";s:0:"";s:9:"post_link";a:2:{s:5:"title";s:8:"Untitled";s:8:"edit_url";b:0;}}
a:6:{s:3:"row";i:158;s:7:"message";s:76:"User with same Email already exists. Email: kakunjeplastipackscomp@gmail.com";s:6:"status";b:0;s:10:"status_msg";s:14:"Failed/Skipped";s:7:"post_id";s:0:"";s:9:"post_link";a:2:{s:5:"title";s:8:"Untitled";s:8:"edit_url";b:0;}}
a:6:{s:3:"row";i:159;s:7:"message";s:60:"User with same Email already exists. Email: psk@steragro.com";s:6:"status";b:0;s:10:"status_msg";s:14:"Failed/Skipped";s:7:"post_id";s:0:"";s:9:"post_link";a:2:{s:5:"title";s:8:"Untitled";s:8:"edit_url";b:0;}}
a:6:{s:3:"row";i:160;s:7:"message";s:67:"User with same Email already exists. Email: vijanventures@gmail.com";s:6:"status";b:0;s:10:"status_msg";s:14:"Failed/Skipped";s:7:"post_id";s:0:"";s:9:"post_link";a:2:{s:5:"title";s:8:"Untitled";s:8:"edit_url";b:0;}}
a:6:{s:3:"row";i:161;s:7:"message";s:60:"User with same Email already exists. Email: rofxav@gmail.com";s:6:"status";b:0;s:10:"status_msg";s:14:"Failed/Skipped";s:7:"post_id";s:0:"";s:9:"post_link";a:2:{s:5:"title";s:8:"Untitled";s:8:"edit_url";b:0;}}
a:6:{s:3:"row";i:162;s:7:"message";s:67:"User with same Email already exists. Email: arpolyprint10@gmail.com";s:6:"status";b:0;s:10:"status_msg";s:14:"Failed/Skipped";s:7:"post_id";s:0:"";s:9:"post_link";a:2:{s:5:"title";s:8:"Untitled";s:8:"edit_url";b:0;}}
a:6:{s:3:"row";i:163;s:7:"message";s:71:"User with same Email already exists. Email: kp.privatelimited@gmail.com";s:6:"status";b:0;s:10:"status_msg";s:14:"Failed/Skipped";s:7:"post_id";s:0:"";s:9:"post_link";a:2:{s:5:"title";s:8:"Untitled";s:8:"edit_url";b:0;}}
a:6:{s:3:"row";i:164;s:7:"message";s:70:"User with same Email already exists. Email: rakesh.patel@mgmotor.co.in";s:6:"status";b:0;s:10:"status_msg";s:14:"Failed/Skipped";s:7:"post_id";s:0:"";s:9:"post_link";a:2:{s:5:"title";s:8:"Untitled";s:8:"edit_url";b:0;}}
a:6:{s:3:"row";i:165;s:7:"message";s:65:"User with same Email already exists. Email: shakti.jain@geipl.com";s:6:"status";b:0;s:10:"status_msg";s:14:"Failed/Skipped";s:7:"post_id";s:0:"";s:9:"post_link";a:2:{s:5:"title";s:8:"Untitled";s:8:"edit_url";b:0;}}
a:6:{s:3:"row";i:166;s:7:"message";s:67:"User with same Email already exists. Email: radhika.kapoor@anika.in";s:6:"status";b:0;s:10:"status_msg";s:14:"Failed/Skipped";s:7:"post_id";s:0:"";s:9:"post_link";a:2:{s:5:"title";s:8:"Untitled";s:8:"edit_url";b:0;}}
a:6:{s:3:"row";i:167;s:7:"message";s:69:"User with same Email already exists. Email: colorsprintbags@gmail.com";s:6:"status";b:0;s:10:"status_msg";s:14:"Failed/Skipped";s:7:"post_id";s:0:"";s:9:"post_link";a:2:{s:5:"title";s:8:"Untitled";s:8:"edit_url";b:0;}}
a:6:{s:3:"row";i:168;s:7:"message";s:64:"User with same Email already exists. Email: simcokumar@gmail.com";s:6:"status";b:0;s:10:"status_msg";s:14:"Failed/Skipped";s:7:"post_id";s:0:"";s:9:"post_link";a:2:{s:5:"title";s:8:"Untitled";s:8:"edit_url";b:0;}}
a:6:{s:3:"row";i:169;s:7:"message";s:73:"User with same Email already exists. Email: apexpolypacknarayan@yahoo.com";s:6:"status";b:0;s:10:"status_msg";s:14:"Failed/Skipped";s:7:"post_id";s:0:"";s:9:"post_link";a:2:{s:5:"title";s:8:"Untitled";s:8:"edit_url";b:0;}}
a:6:{s:3:"row";i:170;s:7:"message";s:63:"User with same Email already exists. Email: sprucegel@gmail.com";s:6:"status";b:0;s:10:"status_msg";s:14:"Failed/Skipped";s:7:"post_id";s:0:"";s:9:"post_link";a:2:{s:5:"title";s:8:"Untitled";s:8:"edit_url";b:0;}}
a:6:{s:3:"row";i:171;s:7:"message";s:60:"User with same Email already exists. Email: kvabad@yahoo.com";s:6:"status";b:0;s:10:"status_msg";s:14:"Failed/Skipped";s:7:"post_id";s:0:"";s:9:"post_link";a:2:{s:5:"title";s:8:"Untitled";s:8:"edit_url";b:0;}}
a:6:{s:3:"row";i:172;s:7:"message";s:69:"User with same Email already exists. Email: gauravpolymers9@gmail.com";s:6:"status";b:0;s:10:"status_msg";s:14:"Failed/Skipped";s:7:"post_id";s:0:"";s:9:"post_link";a:2:{s:5:"title";s:8:"Untitled";s:8:"edit_url";b:0;}}
a:6:{s:3:"row";i:173;s:7:"message";s:27:"User imported successfully.";s:6:"status";b:1;s:10:"status_msg";s:7:"Success";s:7:"post_id";i:1886;s:9:"post_link";a:2:{s:8:"edit_url";s:56:"http://192.168.3.145/wp-admin/user-edit.php?user_id=1886";s:5:"title";s:13:"MANISH CHOPRA";}}
a:6:{s:3:"row";i:174;s:7:"message";s:27:"User imported successfully.";s:6:"status";b:1;s:10:"status_msg";s:7:"Success";s:7:"post_id";i:1887;s:9:"post_link";a:2:{s:8:"edit_url";s:56:"http://192.168.3.145/wp-admin/user-edit.php?user_id=1887";s:5:"title";s:15:"Deepak Shivhare";}}
a:6:{s:3:"row";i:175;s:7:"message";s:27:"User imported successfully.";s:6:"status";b:1;s:10:"status_msg";s:7:"Success";s:7:"post_id";i:1888;s:9:"post_link";a:2:{s:8:"edit_url";s:56:"http://192.168.3.145/wp-admin/user-edit.php?user_id=1888";s:5:"title";s:22:"Abhijit Ashok Mandhana";}}
a:6:{s:3:"row";i:176;s:7:"message";s:27:"User imported successfully.";s:6:"status";b:1;s:10:"status_msg";s:7:"Success";s:7:"post_id";i:1889;s:9:"post_link";a:2:{s:8:"edit_url";s:56:"http://192.168.3.145/wp-admin/user-edit.php?user_id=1889";s:5:"title";s:14:"KAPISH AGRAWAL";}}
a:6:{s:3:"row";i:177;s:7:"message";s:27:"User imported successfully.";s:6:"status";b:1;s:10:"status_msg";s:7:"Success";s:7:"post_id";i:1890;s:9:"post_link";a:2:{s:8:"edit_url";s:56:"http://192.168.3.145/wp-admin/user-edit.php?user_id=1890";s:5:"title";s:15:"Priyesh H Patel";}}
a:6:{s:3:"row";i:178;s:7:"message";s:27:"User imported successfully.";s:6:"status";b:1;s:10:"status_msg";s:7:"Success";s:7:"post_id";i:1891;s:9:"post_link";a:2:{s:8:"edit_url";s:56:"http://192.168.3.145/wp-admin/user-edit.php?user_id=1891";s:5:"title";s:20:"HEMANT KUMAR THAWANI";}}
a:6:{s:3:"row";i:179;s:7:"message";s:27:"User imported successfully.";s:6:"status";b:1;s:10:"status_msg";s:7:"Success";s:7:"post_id";i:1892;s:9:"post_link";a:2:{s:8:"edit_url";s:56:"http://192.168.3.145/wp-admin/user-edit.php?user_id=1892";s:5:"title";s:17:"DINESH KUMAR MAAN";}}
a:6:{s:3:"row";i:180;s:7:"message";s:27:"User imported successfully.";s:6:"status";b:1;s:10:"status_msg";s:7:"Success";s:7:"post_id";i:1893;s:9:"post_link";a:2:{s:8:"edit_url";s:56:"http://192.168.3.145/wp-admin/user-edit.php?user_id=1893";s:5:"title";s:12:"PIYUSH AHUJA";}}
a:6:{s:3:"row";i:181;s:7:"message";s:27:"User imported successfully.";s:6:"status";b:1;s:10:"status_msg";s:7:"Success";s:7:"post_id";i:1894;s:9:"post_link";a:2:{s:8:"edit_url";s:56:"http://192.168.3.145/wp-admin/user-edit.php?user_id=1894";s:5:"title";s:18:"Kuntalkumar Pandit";}}
a:6:{s:3:"row";i:182;s:7:"message";s:27:"User imported successfully.";s:6:"status";b:1;s:10:"status_msg";s:7:"Success";s:7:"post_id";i:1895;s:9:"post_link";a:2:{s:8:"edit_url";s:56:"http://192.168.3.145/wp-admin/user-edit.php?user_id=1895";s:5:"title";s:11:"D MOHANARAJ";}}
a:6:{s:3:"row";i:183;s:7:"message";s:27:"User imported successfully.";s:6:"status";b:1;s:10:"status_msg";s:7:"Success";s:7:"post_id";i:1896;s:9:"post_link";a:2:{s:8:"edit_url";s:56:"http://192.168.3.145/wp-admin/user-edit.php?user_id=1896";s:5:"title";s:15:"GHANSHYAM GOYAL";}}
a:6:{s:3:"row";i:184;s:7:"message";s:27:"User imported successfully.";s:6:"status";b:1;s:10:"status_msg";s:7:"Success";s:7:"post_id";i:1897;s:9:"post_link";a:2:{s:8:"edit_url";s:56:"http://192.168.3.145/wp-admin/user-edit.php?user_id=1897";s:5:"title";s:12:"ANSHUL GOEL1";}}
a:6:{s:3:"row";i:185;s:7:"message";s:27:"User imported successfully.";s:6:"status";b:1;s:10:"status_msg";s:7:"Success";s:7:"post_id";i:1898;s:9:"post_link";a:2:{s:8:"edit_url";s:56:"http://192.168.3.145/wp-admin/user-edit.php?user_id=1898";s:5:"title";s:21:"Kailash Rekhraj Mehta";}}
a:6:{s:3:"row";i:186;s:7:"message";s:27:"User imported successfully.";s:6:"status";b:1;s:10:"status_msg";s:7:"Success";s:7:"post_id";i:1899;s:9:"post_link";a:2:{s:8:"edit_url";s:56:"http://192.168.3.145/wp-admin/user-edit.php?user_id=1899";s:5:"title";s:14:"Arvind D Patil";}}
a:6:{s:3:"row";i:187;s:7:"message";s:27:"User imported successfully.";s:6:"status";b:1;s:10:"status_msg";s:7:"Success";s:7:"post_id";i:1900;s:9:"post_link";a:2:{s:8:"edit_url";s:56:"http://192.168.3.145/wp-admin/user-edit.php?user_id=1900";s:5:"title";s:14:"BALJINDER KAUR";}}
a:6:{s:3:"row";i:188;s:7:"message";s:27:"User imported successfully.";s:6:"status";b:1;s:10:"status_msg";s:7:"Success";s:7:"post_id";i:1901;s:9:"post_link";a:2:{s:8:"edit_url";s:56:"http://192.168.3.145/wp-admin/user-edit.php?user_id=1901";s:5:"title";s:12:"RAJESH JAIN1";}}
a:6:{s:3:"row";i:189;s:7:"message";s:27:"User imported successfully.";s:6:"status";b:1;s:10:"status_msg";s:7:"Success";s:7:"post_id";i:1902;s:9:"post_link";a:2:{s:8:"edit_url";s:56:"http://192.168.3.145/wp-admin/user-edit.php?user_id=1902";s:5:"title";s:6:"RAMESH";}}
a:6:{s:3:"row";i:190;s:7:"message";s:27:"User imported successfully.";s:6:"status";b:1;s:10:"status_msg";s:7:"Success";s:7:"post_id";i:1903;s:9:"post_link";a:2:{s:8:"edit_url";s:56:"http://192.168.3.145/wp-admin/user-edit.php?user_id=1903";s:5:"title";s:11:"Ashish Jain";}}
a:6:{s:3:"row";i:191;s:7:"message";s:27:"User imported successfully.";s:6:"status";b:1;s:10:"status_msg";s:7:"Success";s:7:"post_id";i:1904;s:9:"post_link";a:2:{s:8:"edit_url";s:56:"http://192.168.3.145/wp-admin/user-edit.php?user_id=1904";s:5:"title";s:6:"VISHAL";}}
a:6:{s:3:"row";i:192;s:7:"message";s:27:"User imported successfully.";s:6:"status";b:1;s:10:"status_msg";s:7:"Success";s:7:"post_id";i:1905;s:9:"post_link";a:2:{s:8:"edit_url";s:56:"http://192.168.3.145/wp-admin/user-edit.php?user_id=1905";s:5:"title";s:10:"ANUPA LALU";}}
a:6:{s:3:"row";i:193;s:7:"message";s:27:"User imported successfully.";s:6:"status";b:1;s:10:"status_msg";s:7:"Success";s:7:"post_id";i:1906;s:9:"post_link";a:2:{s:8:"edit_url";s:56:"http://192.168.3.145/wp-admin/user-edit.php?user_id=1906";s:5:"title";s:14:"PRABHAT SEHGAL";}}
a:6:{s:3:"row";i:194;s:7:"message";s:27:"User imported successfully.";s:6:"status";b:1;s:10:"status_msg";s:7:"Success";s:7:"post_id";i:1907;s:9:"post_link";a:2:{s:8:"edit_url";s:56:"http://192.168.3.145/wp-admin/user-edit.php?user_id=1907";s:5:"title";s:9:"BL BOTHRA";}}
a:6:{s:3:"row";i:195;s:7:"message";s:27:"User imported successfully.";s:6:"status";b:1;s:10:"status_msg";s:7:"Success";s:7:"post_id";i:1908;s:9:"post_link";a:2:{s:8:"edit_url";s:56:"http://192.168.3.145/wp-admin/user-edit.php?user_id=1908";s:5:"title";s:8:"RAMKUMAR";}}
a:6:{s:3:"row";i:196;s:7:"message";s:27:"User imported successfully.";s:6:"status";b:1;s:10:"status_msg";s:7:"Success";s:7:"post_id";i:1909;s:9:"post_link";a:2:{s:8:"edit_url";s:56:"http://192.168.3.145/wp-admin/user-edit.php?user_id=1909";s:5:"title";s:11:"ANIL KUMAR1";}}
a:6:{s:3:"row";i:197;s:7:"message";s:27:"User imported successfully.";s:6:"status";b:1;s:10:"status_msg";s:7:"Success";s:7:"post_id";i:1910;s:9:"post_link";a:2:{s:8:"edit_url";s:56:"http://192.168.3.145/wp-admin/user-edit.php?user_id=1910";s:5:"title";s:21:"Abhijit Suresh Joshi1";}}
a:6:{s:3:"row";i:198;s:7:"message";s:27:"User imported successfully.";s:6:"status";b:1;s:10:"status_msg";s:7:"Success";s:7:"post_id";i:1911;s:9:"post_link";a:2:{s:8:"edit_url";s:56:"http://192.168.3.145/wp-admin/user-edit.php?user_id=1911";s:5:"title";s:11:"JAYESH SHAH";}}
a:6:{s:3:"row";i:199;s:7:"message";s:27:"User imported successfully.";s:6:"status";b:1;s:10:"status_msg";s:7:"Success";s:7:"post_id";i:1912;s:9:"post_link";a:2:{s:8:"edit_url";s:56:"http://192.168.3.145/wp-admin/user-edit.php?user_id=1912";s:5:"title";s:13:"LALIT LAKHANI";}}
a:6:{s:3:"row";i:200;s:7:"message";s:27:"User imported successfully.";s:6:"status";b:1;s:10:"status_msg";s:7:"Success";s:7:"post_id";i:1913;s:9:"post_link";a:2:{s:8:"edit_url";s:56:"http://192.168.3.145/wp-admin/user-edit.php?user_id=1913";s:5:"title";s:20:"Kamal Kant Vashistha";}}
