a:6:{s:3:"row";i:1;s:7:"message";s:59:"User with same Email already exists. Email: admin@gmail.com";s:6:"status";b:0;s:10:"status_msg";s:14:"Failed/Skipped";s:7:"post_id";s:0:"";s:9:"post_link";a:2:{s:5:"title";s:8:"Untitled";s:8:"edit_url";b:0;}}
a:6:{s:3:"row";i:2;s:7:"message";s:71:"User with same Email already exists. Email: atanudey.cpcb@supportgov.in";s:6:"status";b:0;s:10:"status_msg";s:14:"Failed/Skipped";s:7:"post_id";s:0:"";s:9:"post_link";a:2:{s:5:"title";s:8:"Untitled";s:8:"edit_url";b:0;}}
a:6:{s:3:"row";i:3;s:7:"message";s:64:"User with same Email already exists. Email: prashant.cpcb@gov.in";s:6:"status";b:0;s:10:"status_msg";s:14:"Failed/Skipped";s:7:"post_id";s:0:"";s:9:"post_link";a:2:{s:5:"title";s:8:"Untitled";s:8:"edit_url";b:0;}}
a:6:{s:3:"row";i:4;s:7:"message";s:66:"User with same Email already exists. Email: divyasinha.cpcb@nic.in";s:6:"status";b:0;s:10:"status_msg";s:14:"Failed/Skipped";s:7:"post_id";s:0:"";s:9:"post_link";a:2:{s:5:"title";s:8:"Untitled";s:8:"edit_url";b:0;}}
a:6:{s:3:"row";i:5;s:7:"message";s:62:"User with same Email already exists. Email: yogesh.cpcb@gov.in";s:6:"status";b:0;s:10:"status_msg";s:14:"Failed/Skipped";s:7:"post_id";s:0:"";s:9:"post_link";a:2:{s:5:"title";s:8:"Untitled";s:8:"edit_url";b:0;}}
a:6:{s:3:"row";i:6;s:7:"message";s:78:"User with same Email already exists. Email: jitendrasingh@patanjaliayurved.org";s:6:"status";b:0;s:10:"status_msg";s:14:"Failed/Skipped";s:7:"post_id";s:0:"";s:9:"post_link";a:2:{s:5:"title";s:8:"Untitled";s:8:"edit_url";b:0;}}
a:6:{s:3:"row";i:7;s:7:"message";s:68:"User with same Email already exists. Email: saxenaapurva37@gmail.com";s:6:"status";b:0;s:10:"status_msg";s:14:"Failed/Skipped";s:7:"post_id";s:0:"";s:9:"post_link";a:2:{s:5:"title";s:8:"Untitled";s:8:"edit_url";b:0;}}
a:6:{s:3:"row";i:8;s:7:"message";s:65:"User with same Email already exists. Email: projectehss@gmail.com";s:6:"status";b:0;s:10:"status_msg";s:14:"Failed/Skipped";s:7:"post_id";s:0:"";s:9:"post_link";a:2:{s:5:"title";s:8:"Untitled";s:8:"edit_url";b:0;}}
a:6:{s:3:"row";i:9;s:7:"message";s:66:"User with same Email already exists. Email: adhikari1996@gmail.com";s:6:"status";b:0;s:10:"status_msg";s:14:"Failed/Skipped";s:7:"post_id";s:0:"";s:9:"post_link";a:2:{s:5:"title";s:8:"Untitled";s:8:"edit_url";b:0;}}
a:6:{s:3:"row";i:10;s:7:"message";s:62:"User with same Email already exists. Email: ayaz@cavinkare.com";s:6:"status";b:0;s:10:"status_msg";s:14:"Failed/Skipped";s:7:"post_id";s:0:"";s:9:"post_link";a:2:{s:5:"title";s:8:"Untitled";s:8:"edit_url";b:0;}}
a:6:{s:3:"row";i:11;s:7:"message";s:68:"User with same Email already exists. Email: skplastics2007@gmail.com";s:6:"status";b:0;s:10:"status_msg";s:14:"Failed/Skipped";s:7:"post_id";s:0:"";s:9:"post_link";a:2:{s:5:"title";s:8:"Untitled";s:8:"edit_url";b:0;}}
a:6:{s:3:"row";i:12;s:7:"message";s:62:"User with same Email already exists. Email: info@aavawater.com";s:6:"status";b:0;s:10:"status_msg";s:14:"Failed/Skipped";s:7:"post_id";s:0:"";s:9:"post_link";a:2:{s:5:"title";s:8:"Untitled";s:8:"edit_url";b:0;}}
a:6:{s:3:"row";i:13;s:7:"message";s:66:"User with same Email already exists. Email: sarthak.jain@ramky.com";s:6:"status";b:0;s:10:"status_msg";s:14:"Failed/Skipped";s:7:"post_id";s:0:"";s:9:"post_link";a:2:{s:5:"title";s:8:"Untitled";s:8:"edit_url";b:0;}}
a:6:{s:3:"row";i:14;s:7:"message";s:77:"User with same Email already exists. Email: sarthak.jain@resustainability.com";s:6:"status";b:0;s:10:"status_msg";s:14:"Failed/Skipped";s:7:"post_id";s:0:"";s:9:"post_link";a:2:{s:5:"title";s:8:"Untitled";s:8:"edit_url";b:0;}}
a:6:{s:3:"row";i:15;s:7:"message";s:65:"User with same Email already exists. Email: prvconsumer@gmail.com";s:6:"status";b:0;s:10:"status_msg";s:14:"Failed/Skipped";s:7:"post_id";s:0:"";s:9:"post_link";a:2:{s:5:"title";s:8:"Untitled";s:8:"edit_url";b:0;}}
a:6:{s:3:"row";i:16;s:7:"message";s:63:"User with same Email already exists. Email: aimran938@gmail.com";s:6:"status";b:0;s:10:"status_msg";s:14:"Failed/Skipped";s:7:"post_id";s:0:"";s:9:"post_link";a:2:{s:5:"title";s:8:"Untitled";s:8:"edit_url";b:0;}}
a:6:{s:3:"row";i:17;s:7:"message";s:71:"User with same Email already exists. Email: ruchika@hectorbeverages.com";s:6:"status";b:0;s:10:"status_msg";s:14:"Failed/Skipped";s:7:"post_id";s:0:"";s:9:"post_link";a:2:{s:5:"title";s:8:"Untitled";s:8:"edit_url";b:0;}}
a:6:{s:3:"row";i:18;s:7:"message";s:72:"User with same Email already exists. Email: rushabh.shah@jci-hitachi.com";s:6:"status";b:0;s:10:"status_msg";s:14:"Failed/Skipped";s:7:"post_id";s:0:"";s:9:"post_link";a:2:{s:5:"title";s:8:"Untitled";s:8:"edit_url";b:0;}}
a:6:{s:3:"row";i:19;s:7:"message";s:65:"User with same Email already exists. Email: mg_snjygupta@yahoo.in";s:6:"status";b:0;s:10:"status_msg";s:14:"Failed/Skipped";s:7:"post_id";s:0:"";s:9:"post_link";a:2:{s:5:"title";s:8:"Untitled";s:8:"edit_url";b:0;}}
a:6:{s:3:"row";i:20;s:7:"message";s:64:"User with same Email already exists. Email: HENGYU.ACC@GMAIL.COM";s:6:"status";b:0;s:10:"status_msg";s:14:"Failed/Skipped";s:7:"post_id";s:0:"";s:9:"post_link";a:2:{s:5:"title";s:8:"Untitled";s:8:"edit_url";b:0;}}
a:6:{s:3:"row";i:21;s:7:"message";s:66:"User with same Email already exists. Email: ehss.apoorva@gmail.com";s:6:"status";b:0;s:10:"status_msg";s:14:"Failed/Skipped";s:7:"post_id";s:0:"";s:9:"post_link";a:2:{s:5:"title";s:8:"Untitled";s:8:"edit_url";b:0;}}
a:6:{s:3:"row";i:22;s:7:"message";s:62:"User with same Email already exists. Email: khusre11@gmail.com";s:6:"status";b:0;s:10:"status_msg";s:14:"Failed/Skipped";s:7:"post_id";s:0:"";s:9:"post_link";a:2:{s:5:"title";s:8:"Untitled";s:8:"edit_url";b:0;}}
a:6:{s:3:"row";i:23;s:7:"message";s:66:"User with same Email already exists. Email: nikunj.soni@havmor.com";s:6:"status";b:0;s:10:"status_msg";s:14:"Failed/Skipped";s:7:"post_id";s:0:"";s:9:"post_link";a:2:{s:5:"title";s:8:"Untitled";s:8:"edit_url";b:0;}}
a:6:{s:3:"row";i:24;s:7:"message";s:69:"User with same Email already exists. Email: pawan.kumar@occlindia.com";s:6:"status";b:0;s:10:"status_msg";s:14:"Failed/Skipped";s:7:"post_id";s:0:"";s:9:"post_link";a:2:{s:5:"title";s:8:"Untitled";s:8:"edit_url";b:0;}}
a:6:{s:3:"row";i:25;s:7:"message";s:68:"User with same Email already exists. Email: eprplastic2022@gmail.com";s:6:"status";b:0;s:10:"status_msg";s:14:"Failed/Skipped";s:7:"post_id";s:0:"";s:9:"post_link";a:2:{s:5:"title";s:8:"Untitled";s:8:"edit_url";b:0;}}
a:6:{s:3:"row";i:26;s:7:"message";s:68:"User with same Email already exists. Email: manan@benz-packaging.com";s:6:"status";b:0;s:10:"status_msg";s:14:"Failed/Skipped";s:7:"post_id";s:0:"";s:9:"post_link";a:2:{s:5:"title";s:8:"Untitled";s:8:"edit_url";b:0;}}
a:6:{s:3:"row";i:27;s:7:"message";s:67:"User with same Email already exists. Email: mukeshind.nsk@gmail.com";s:6:"status";b:0;s:10:"status_msg";s:14:"Failed/Skipped";s:7:"post_id";s:0:"";s:9:"post_link";a:2:{s:5:"title";s:8:"Untitled";s:8:"edit_url";b:0;}}
a:6:{s:3:"row";i:28;s:7:"message";s:69:"User with same Email already exists. Email: veroenviroindia@gmail.com";s:6:"status";b:0;s:10:"status_msg";s:14:"Failed/Skipped";s:7:"post_id";s:0:"";s:9:"post_link";a:2:{s:5:"title";s:8:"Untitled";s:8:"edit_url";b:0;}}
a:6:{s:3:"row";i:29;s:7:"message";s:61:"User with same Email already exists. Email: kdas1@its.jnj.com";s:6:"status";b:0;s:10:"status_msg";s:14:"Failed/Skipped";s:7:"post_id";s:0:"";s:9:"post_link";a:2:{s:5:"title";s:8:"Untitled";s:8:"edit_url";b:0;}}
a:6:{s:3:"row";i:30;s:7:"message";s:65:"User with same Email already exists. Email: qc.halol@amartara.net";s:6:"status";b:0;s:10:"status_msg";s:14:"Failed/Skipped";s:7:"post_id";s:0:"";s:9:"post_link";a:2:{s:5:"title";s:8:"Untitled";s:8:"edit_url";b:0;}}
a:6:{s:3:"row";i:31;s:7:"message";s:76:"User with same Email already exists. Email: ashutosh.gautam@indiaglycols.com";s:6:"status";b:0;s:10:"status_msg";s:14:"Failed/Skipped";s:7:"post_id";s:0:"";s:9:"post_link";a:2:{s:5:"title";s:8:"Untitled";s:8:"edit_url";b:0;}}
a:6:{s:3:"row";i:32;s:7:"message";s:68:"User with same Email already exists. Email: compliance@shopclues.com";s:6:"status";b:0;s:10:"status_msg";s:14:"Failed/Skipped";s:7:"post_id";s:0:"";s:9:"post_link";a:2:{s:5:"title";s:8:"Untitled";s:8:"edit_url";b:0;}}
a:6:{s:3:"row";i:33;s:7:"message";s:63:"User with same Email already exists. Email: nitin@faceimpex.com";s:6:"status";b:0;s:10:"status_msg";s:14:"Failed/Skipped";s:7:"post_id";s:0:"";s:9:"post_link";a:2:{s:5:"title";s:8:"Untitled";s:8:"edit_url";b:0;}}
a:6:{s:3:"row";i:34;s:7:"message";s:67:"User with same Email already exists. Email: madhulika.Sharma@itc.in";s:6:"status";b:0;s:10:"status_msg";s:14:"Failed/Skipped";s:7:"post_id";s:0:"";s:9:"post_link";a:2:{s:5:"title";s:8:"Untitled";s:8:"edit_url";b:0;}}
a:6:{s:3:"row";i:35;s:7:"message";s:68:"User with same Email already exists. Email: dhananjayjoshi@lupin.com";s:6:"status";b:0;s:10:"status_msg";s:14:"Failed/Skipped";s:7:"post_id";s:0:"";s:9:"post_link";a:2:{s:5:"title";s:8:"Untitled";s:8:"edit_url";b:0;}}
a:6:{s:3:"row";i:36;s:7:"message";s:63:"User with same Email already exists. Email: kp@gmecoservices.in";s:6:"status";b:0;s:10:"status_msg";s:14:"Failed/Skipped";s:7:"post_id";s:0:"";s:9:"post_link";a:2:{s:5:"title";s:8:"Untitled";s:8:"edit_url";b:0;}}
a:6:{s:3:"row";i:37;s:7:"message";s:70:"User with same Email already exists. Email: abhijeet@thecouchpotato.in";s:6:"status";b:0;s:10:"status_msg";s:14:"Failed/Skipped";s:7:"post_id";s:0:"";s:9:"post_link";a:2:{s:5:"title";s:8:"Untitled";s:8:"edit_url";b:0;}}
a:6:{s:3:"row";i:38;s:7:"message";s:65:"User with same Email already exists. Email: advisor@gokulagro.com";s:6:"status";b:0;s:10:"status_msg";s:14:"Failed/Skipped";s:7:"post_id";s:0:"";s:9:"post_link";a:2:{s:5:"title";s:8:"Untitled";s:8:"edit_url";b:0;}}
a:6:{s:3:"row";i:39;s:7:"message";s:66:"User with same Email already exists. Email: k.ganesh@bisleri.co.in";s:6:"status";b:0;s:10:"status_msg";s:14:"Failed/Skipped";s:7:"post_id";s:0:"";s:9:"post_link";a:2:{s:5:"title";s:8:"Untitled";s:8:"edit_url";b:0;}}
a:6:{s:3:"row";i:40;s:7:"message";s:62:"User with same Email already exists. Email: info@tiongroup.com";s:6:"status";b:0;s:10:"status_msg";s:14:"Failed/Skipped";s:7:"post_id";s:0:"";s:9:"post_link";a:2:{s:5:"title";s:8:"Untitled";s:8:"edit_url";b:0;}}
a:6:{s:3:"row";i:41;s:7:"message";s:63:"User with same Email already exists. Email: ehss.riya@gmail.com";s:6:"status";b:0;s:10:"status_msg";s:14:"Failed/Skipped";s:7:"post_id";s:0:"";s:9:"post_link";a:2:{s:5:"title";s:8:"Untitled";s:8:"edit_url";b:0;}}
a:6:{s:3:"row";i:42;s:7:"message";s:66:"User with same Email already exists. Email: ehss.suvegya@gmail.com";s:6:"status";b:0;s:10:"status_msg";s:14:"Failed/Skipped";s:7:"post_id";s:0:"";s:9:"post_link";a:2:{s:5:"title";s:8:"Untitled";s:8:"edit_url";b:0;}}
a:6:{s:3:"row";i:43;s:7:"message";s:73:"User with same Email already exists. Email: yogeshkenjale@parekhplast.com";s:6:"status";b:0;s:10:"status_msg";s:14:"Failed/Skipped";s:7:"post_id";s:0:"";s:9:"post_link";a:2:{s:5:"title";s:8:"Untitled";s:8:"edit_url";b:0;}}
a:6:{s:3:"row";i:44;s:7:"message";s:58:"User with same Email already exists. Email: hpg@sumul.coop";s:6:"status";b:0;s:10:"status_msg";s:14:"Failed/Skipped";s:7:"post_id";s:0:"";s:9:"post_link";a:2:{s:5:"title";s:8:"Untitled";s:8:"edit_url";b:0;}}
a:6:{s:3:"row";i:45;s:7:"message";s:61:"User with same Email already exists. Email: ceo.cement@jsw.in";s:6:"status";b:0;s:10:"status_msg";s:14:"Failed/Skipped";s:7:"post_id";s:0:"";s:9:"post_link";a:2:{s:5:"title";s:8:"Untitled";s:8:"edit_url";b:0;}}
a:6:{s:3:"row";i:46;s:7:"message";s:68:"User with same Email already exists. Email: rajnish.chaba@chambal.in";s:6:"status";b:0;s:10:"status_msg";s:14:"Failed/Skipped";s:7:"post_id";s:0:"";s:9:"post_link";a:2:{s:5:"title";s:8:"Untitled";s:8:"edit_url";b:0;}}
a:6:{s:3:"row";i:47;s:7:"message";s:74:"User with same Email already exists. Email: paggarwal@consociaadvisory.com";s:6:"status";b:0;s:10:"status_msg";s:14:"Failed/Skipped";s:7:"post_id";s:0:"";s:9:"post_link";a:2:{s:5:"title";s:8:"Untitled";s:8:"edit_url";b:0;}}
a:6:{s:3:"row";i:48;s:7:"message";s:73:"User with same Email already exists. Email: khalidhussain@umapolymers.com";s:6:"status";b:0;s:10:"status_msg";s:14:"Failed/Skipped";s:7:"post_id";s:0:"";s:9:"post_link";a:2:{s:5:"title";s:8:"Untitled";s:8:"edit_url";b:0;}}
a:6:{s:3:"row";i:49;s:7:"message";s:66:"User with same Email already exists. Email: bsuresh@myhomegroup.in";s:6:"status";b:0;s:10:"status_msg";s:14:"Failed/Skipped";s:7:"post_id";s:0:"";s:9:"post_link";a:2:{s:5:"title";s:8:"Untitled";s:8:"edit_url";b:0;}}
a:6:{s:3:"row";i:50;s:7:"message";s:65:"User with same Email already exists. Email: ycwenv@myhomegroup.in";s:6:"status";b:0;s:10:"status_msg";s:14:"Failed/Skipped";s:7:"post_id";s:0:"";s:9:"post_link";a:2:{s:5:"title";s:8:"Untitled";s:8:"edit_url";b:0;}}
a:6:{s:3:"row";i:51;s:7:"message";s:61:"User with same Email already exists. Email: bemcuser@yara.com";s:6:"status";b:0;s:10:"status_msg";s:14:"Failed/Skipped";s:7:"post_id";s:0:"";s:9:"post_link";a:2:{s:5:"title";s:8:"Untitled";s:8:"edit_url";b:0;}}
a:6:{s:3:"row";i:52;s:7:"message";s:70:"User with same Email already exists. Email: CHARU.KAPOOR@IN.PURINA.COM";s:6:"status";b:0;s:10:"status_msg";s:14:"Failed/Skipped";s:7:"post_id";s:0:"";s:9:"post_link";a:2:{s:5:"title";s:8:"Untitled";s:8:"edit_url";b:0;}}
a:6:{s:3:"row";i:53;s:7:"message";s:72:"User with same Email already exists. Email: ca.shubham27111990@gmail.com";s:6:"status";b:0;s:10:"status_msg";s:14:"Failed/Skipped";s:7:"post_id";s:0:"";s:9:"post_link";a:2:{s:5:"title";s:8:"Untitled";s:8:"edit_url";b:0;}}
a:6:{s:3:"row";i:54;s:7:"message";s:66:"User with same Email already exists. Email: lalit_ostern@yahoo.com";s:6:"status";b:0;s:10:"status_msg";s:14:"Failed/Skipped";s:7:"post_id";s:0:"";s:9:"post_link";a:2:{s:5:"title";s:8:"Untitled";s:8:"edit_url";b:0;}}
a:6:{s:3:"row";i:55;s:7:"message";s:65:"User with same Email already exists. Email: yogesh53880@gmail.com";s:6:"status";b:0;s:10:"status_msg";s:14:"Failed/Skipped";s:7:"post_id";s:0:"";s:9:"post_link";a:2:{s:5:"title";s:8:"Untitled";s:8:"edit_url";b:0;}}
a:6:{s:3:"row";i:56;s:7:"message";s:67:"User with same Email already exists. Email: parassaluja86@gmail.com";s:6:"status";b:0;s:10:"status_msg";s:14:"Failed/Skipped";s:7:"post_id";s:0:"";s:9:"post_link";a:2:{s:5:"title";s:8:"Untitled";s:8:"edit_url";b:0;}}
a:6:{s:3:"row";i:57;s:7:"message";s:70:"User with same Email already exists. Email: omesh@shreemalanifoams.com";s:6:"status";b:0;s:10:"status_msg";s:14:"Failed/Skipped";s:7:"post_id";s:0:"";s:9:"post_link";a:2:{s:5:"title";s:8:"Untitled";s:8:"edit_url";b:0;}}
a:6:{s:3:"row";i:58;s:7:"message";s:65:"User with same Email already exists. Email: sanjay@societytea.com";s:6:"status";b:0;s:10:"status_msg";s:14:"Failed/Skipped";s:7:"post_id";s:0:"";s:9:"post_link";a:2:{s:5:"title";s:8:"Untitled";s:8:"edit_url";b:0;}}
a:6:{s:3:"row";i:59;s:7:"message";s:59:"User with same Email already exists. Email: sales@compak.in";s:6:"status";b:0;s:10:"status_msg";s:14:"Failed/Skipped";s:7:"post_id";s:0:"";s:9:"post_link";a:2:{s:5:"title";s:8:"Untitled";s:8:"edit_url";b:0;}}
a:6:{s:3:"row";i:60;s:7:"message";s:69:"User with same Email already exists. Email: saravanan.an@flipkart.com";s:6:"status";b:0;s:10:"status_msg";s:14:"Failed/Skipped";s:7:"post_id";s:0:"";s:9:"post_link";a:2:{s:5:"title";s:8:"Untitled";s:8:"edit_url";b:0;}}
a:6:{s:3:"row";i:61;s:7:"message";s:64:"User with same Email already exists. Email: vip.garg30@gmail.com";s:6:"status";b:0;s:10:"status_msg";s:14:"Failed/Skipped";s:7:"post_id";s:0:"";s:9:"post_link";a:2:{s:5:"title";s:8:"Untitled";s:8:"edit_url";b:0;}}
a:6:{s:3:"row";i:62;s:7:"message";s:69:"User with same Email already exists. Email: varun.jain@beiersdorf.com";s:6:"status";b:0;s:10:"status_msg";s:14:"Failed/Skipped";s:7:"post_id";s:0:"";s:9:"post_link";a:2:{s:5:"title";s:8:"Untitled";s:8:"edit_url";b:0;}}
a:6:{s:3:"row";i:63;s:7:"message";s:72:"User with same Email already exists. Email: dinesh.gupta@bagla-group.com";s:6:"status";b:0;s:10:"status_msg";s:14:"Failed/Skipped";s:7:"post_id";s:0:"";s:9:"post_link";a:2:{s:5:"title";s:8:"Untitled";s:8:"edit_url";b:0;}}
a:6:{s:3:"row";i:64;s:7:"message";s:78:"User with same Email already exists. Email: m.pullaiahvenkata@dalmiacement.com";s:6:"status";b:0;s:10:"status_msg";s:14:"Failed/Skipped";s:7:"post_id";s:0:"";s:9:"post_link";a:2:{s:5:"title";s:8:"Untitled";s:8:"edit_url";b:0;}}
a:6:{s:3:"row";i:65;s:7:"message";s:72:"User with same Email already exists. Email: INFO@EUROQOINTERNATIONAL.COM";s:6:"status";b:0;s:10:"status_msg";s:14:"Failed/Skipped";s:7:"post_id";s:0:"";s:9:"post_link";a:2:{s:5:"title";s:8:"Untitled";s:8:"edit_url";b:0;}}
a:6:{s:3:"row";i:66;s:7:"message";s:67:"User with same Email already exists. Email: amol.hardikar@cipla.com";s:6:"status";b:0;s:10:"status_msg";s:14:"Failed/Skipped";s:7:"post_id";s:0:"";s:9:"post_link";a:2:{s:5:"title";s:8:"Untitled";s:8:"edit_url";b:0;}}
a:6:{s:3:"row";i:67;s:7:"message";s:72:"User with same Email already exists. Email: chaudharymayank050@gmail.com";s:6:"status";b:0;s:10:"status_msg";s:14:"Failed/Skipped";s:7:"post_id";s:0:"";s:9:"post_link";a:2:{s:5:"title";s:8:"Untitled";s:8:"edit_url";b:0;}}
a:6:{s:3:"row";i:68;s:7:"message";s:71:"User with same Email already exists. Email: Parijat.sinha@sunpharma.com";s:6:"status";b:0;s:10:"status_msg";s:14:"Failed/Skipped";s:7:"post_id";s:0:"";s:9:"post_link";a:2:{s:5:"title";s:8:"Untitled";s:8:"edit_url";b:0;}}
a:6:{s:3:"row";i:69;s:7:"message";s:69:"User with same Email already exists. Email: rbm.tripathi@jkcement.com";s:6:"status";b:0;s:10:"status_msg";s:14:"Failed/Skipped";s:7:"post_id";s:0:"";s:9:"post_link";a:2:{s:5:"title";s:8:"Untitled";s:8:"edit_url";b:0;}}
a:6:{s:3:"row";i:70;s:7:"message";s:75:"User with same Email already exists. Email: pankaj.gupta@shrirampistons.com";s:6:"status";b:0;s:10:"status_msg";s:14:"Failed/Skipped";s:7:"post_id";s:0:"";s:9:"post_link";a:2:{s:5:"title";s:8:"Untitled";s:8:"edit_url";b:0;}}
a:6:{s:3:"row";i:71;s:7:"message";s:76:"User with same Email already exists. Email: surendrasinghgurjar602@gmail.com";s:6:"status";b:0;s:10:"status_msg";s:14:"Failed/Skipped";s:7:"post_id";s:0:"";s:9:"post_link";a:2:{s:5:"title";s:8:"Untitled";s:8:"edit_url";b:0;}}
a:6:{s:3:"row";i:72;s:7:"message";s:71:"User with same Email already exists. Email: balaji.d@krisflexipacks.com";s:6:"status";b:0;s:10:"status_msg";s:14:"Failed/Skipped";s:7:"post_id";s:0:"";s:9:"post_link";a:2:{s:5:"title";s:8:"Untitled";s:8:"edit_url";b:0;}}
a:6:{s:3:"row";i:73;s:7:"message";s:77:"User with same Email already exists. Email: kishor.radadia@cadilapharma.co.in";s:6:"status";b:0;s:10:"status_msg";s:14:"Failed/Skipped";s:7:"post_id";s:0:"";s:9:"post_link";a:2:{s:5:"title";s:8:"Untitled";s:8:"edit_url";b:0;}}
a:6:{s:3:"row";i:74;s:7:"message";s:62:"User with same Email already exists. Email: manish1@xiaomi.com";s:6:"status";b:0;s:10:"status_msg";s:14:"Failed/Skipped";s:7:"post_id";s:0:"";s:9:"post_link";a:2:{s:5:"title";s:8:"Untitled";s:8:"edit_url";b:0;}}
a:6:{s:3:"row";i:75;s:7:"message";s:62:"User with same Email already exists. Email: surewrap@gmail.com";s:6:"status";b:0;s:10:"status_msg";s:14:"Failed/Skipped";s:7:"post_id";s:0:"";s:9:"post_link";a:2:{s:5:"title";s:8:"Untitled";s:8:"edit_url";b:0;}}
a:6:{s:3:"row";i:76;s:7:"message";s:66:"User with same Email already exists. Email: env@mangalamcement.com";s:6:"status";b:0;s:10:"status_msg";s:14:"Failed/Skipped";s:7:"post_id";s:0:"";s:9:"post_link";a:2:{s:5:"title";s:8:"Untitled";s:8:"edit_url";b:0;}}
a:6:{s:3:"row";i:77;s:7:"message";s:65:"User with same Email already exists. Email: manoj@agarwalpune.com";s:6:"status";b:0;s:10:"status_msg";s:14:"Failed/Skipped";s:7:"post_id";s:0:"";s:9:"post_link";a:2:{s:5:"title";s:8:"Untitled";s:8:"edit_url";b:0;}}
a:6:{s:3:"row";i:78;s:7:"message";s:70:"User with same Email already exists. Email: shreeplasticinds@gmail.com";s:6:"status";b:0;s:10:"status_msg";s:14:"Failed/Skipped";s:7:"post_id";s:0:"";s:9:"post_link";a:2:{s:5:"title";s:8:"Untitled";s:8:"edit_url";b:0;}}
a:6:{s:3:"row";i:79;s:7:"message";s:64:"User with same Email already exists. Email: amit.qss@hotmail.com";s:6:"status";b:0;s:10:"status_msg";s:14:"Failed/Skipped";s:7:"post_id";s:0:"";s:9:"post_link";a:2:{s:5:"title";s:8:"Untitled";s:8:"edit_url";b:0;}}
a:6:{s:3:"row";i:80;s:7:"message";s:62:"User with same Email already exists. Email: hnmpedel@gmail.com";s:6:"status";b:0;s:10:"status_msg";s:14:"Failed/Skipped";s:7:"post_id";s:0:"";s:9:"post_link";a:2:{s:5:"title";s:8:"Untitled";s:8:"edit_url";b:0;}}
a:6:{s:3:"row";i:81;s:7:"message";s:66:"User with same Email already exists. Email: apu.abhijeet@gmail.com";s:6:"status";b:0;s:10:"status_msg";s:14:"Failed/Skipped";s:7:"post_id";s:0:"";s:9:"post_link";a:2:{s:5:"title";s:8:"Untitled";s:8:"edit_url";b:0;}}
a:6:{s:3:"row";i:82;s:7:"message";s:63:"User with same Email already exists. Email: bpschauhan@fena.com";s:6:"status";b:0;s:10:"status_msg";s:14:"Failed/Skipped";s:7:"post_id";s:0:"";s:9:"post_link";a:2:{s:5:"title";s:8:"Untitled";s:8:"edit_url";b:0;}}
a:6:{s:3:"row";i:83;s:7:"message";s:67:"User with same Email already exists. Email: montainerocks@gmail.com";s:6:"status";b:0;s:10:"status_msg";s:14:"Failed/Skipped";s:7:"post_id";s:0:"";s:9:"post_link";a:2:{s:5:"title";s:8:"Untitled";s:8:"edit_url";b:0;}}
a:6:{s:3:"row";i:84;s:7:"message";s:66:"User with same Email already exists. Email: ashwin@darshangroup.in";s:6:"status";b:0;s:10:"status_msg";s:14:"Failed/Skipped";s:7:"post_id";s:0:"";s:9:"post_link";a:2:{s:5:"title";s:8:"Untitled";s:8:"edit_url";b:0;}}
a:6:{s:3:"row";i:85;s:7:"message";s:64:"User with same Email already exists. Email: abhi.2007k@gmail.com";s:6:"status";b:0;s:10:"status_msg";s:14:"Failed/Skipped";s:7:"post_id";s:0:"";s:9:"post_link";a:2:{s:5:"title";s:8:"Untitled";s:8:"edit_url";b:0;}}
a:6:{s:3:"row";i:86;s:7:"message";s:67:"User with same Email already exists. Email: abhisriv.1994@gmail.com";s:6:"status";b:0;s:10:"status_msg";s:14:"Failed/Skipped";s:7:"post_id";s:0:"";s:9:"post_link";a:2:{s:5:"title";s:8:"Untitled";s:8:"edit_url";b:0;}}
a:6:{s:3:"row";i:87;s:7:"message";s:62:"User with same Email already exists. Email: cmcvijay@gmail.com";s:6:"status";b:0;s:10:"status_msg";s:14:"Failed/Skipped";s:7:"post_id";s:0:"";s:9:"post_link";a:2:{s:5:"title";s:8:"Untitled";s:8:"edit_url";b:0;}}
a:6:{s:3:"row";i:88;s:7:"message";s:80:"User with same Email already exists. Email: mahasweta.ghosh@ap.averydennison.com";s:6:"status";b:0;s:10:"status_msg";s:14:"Failed/Skipped";s:7:"post_id";s:0:"";s:9:"post_link";a:2:{s:5:"title";s:8:"Untitled";s:8:"edit_url";b:0;}}
a:6:{s:3:"row";i:89;s:7:"message";s:65:"User with same Email already exists. Email: safety@pentalatex.com";s:6:"status";b:0;s:10:"status_msg";s:14:"Failed/Skipped";s:7:"post_id";s:0:"";s:9:"post_link";a:2:{s:5:"title";s:8:"Untitled";s:8:"edit_url";b:0;}}
a:6:{s:3:"row";i:90;s:7:"message";s:68:"User with same Email already exists. Email: rameshraohangyo@yahoo.in";s:6:"status";b:0;s:10:"status_msg";s:14:"Failed/Skipped";s:7:"post_id";s:0:"";s:9:"post_link";a:2:{s:5:"title";s:8:"Untitled";s:8:"edit_url";b:0;}}
a:6:{s:3:"row";i:91;s:7:"message";s:65:"User with same Email already exists. Email: dv.iyer@huhtamaki.com";s:6:"status";b:0;s:10:"status_msg";s:14:"Failed/Skipped";s:7:"post_id";s:0:"";s:9:"post_link";a:2:{s:5:"title";s:8:"Untitled";s:8:"edit_url";b:0;}}
a:6:{s:3:"row";i:92;s:7:"message";s:68:"User with same Email already exists. Email: japatel@vadilalgroup.com";s:6:"status";b:0;s:10:"status_msg";s:14:"Failed/Skipped";s:7:"post_id";s:0:"";s:9:"post_link";a:2:{s:5:"title";s:8:"Untitled";s:8:"edit_url";b:0;}}
a:6:{s:3:"row";i:93;s:7:"message";s:66:"User with same Email already exists. Email: indranathc@nerolac.com";s:6:"status";b:0;s:10:"status_msg";s:14:"Failed/Skipped";s:7:"post_id";s:0:"";s:9:"post_link";a:2:{s:5:"title";s:8:"Untitled";s:8:"edit_url";b:0;}}
a:6:{s:3:"row";i:94;s:7:"message";s:72:"User with same Email already exists. Email: skbhatnagar@dhampursugar.com";s:6:"status";b:0;s:10:"status_msg";s:14:"Failed/Skipped";s:7:"post_id";s:0:"";s:9:"post_link";a:2:{s:5:"title";s:8:"Untitled";s:8:"edit_url";b:0;}}
a:6:{s:3:"row";i:95;s:7:"message";s:60:"User with same Email already exists. Email: spscoc@yahoo.com";s:6:"status";b:0;s:10:"status_msg";s:14:"Failed/Skipped";s:7:"post_id";s:0:"";s:9:"post_link";a:2:{s:5:"title";s:8:"Untitled";s:8:"edit_url";b:0;}}
a:6:{s:3:"row";i:96;s:7:"message";s:64:"User with same Email already exists. Email: so.sharmag@gmail.com";s:6:"status";b:0;s:10:"status_msg";s:14:"Failed/Skipped";s:7:"post_id";s:0:"";s:9:"post_link";a:2:{s:5:"title";s:8:"Untitled";s:8:"edit_url";b:0;}}
a:6:{s:3:"row";i:97;s:7:"message";s:74:"User with same Email already exists. Email: govindprasadsaraswat@gmail.com";s:6:"status";b:0;s:10:"status_msg";s:14:"Failed/Skipped";s:7:"post_id";s:0:"";s:9:"post_link";a:2:{s:5:"title";s:8:"Untitled";s:8:"edit_url";b:0;}}
a:6:{s:3:"row";i:98;s:7:"message";s:76:"User with same Email already exists. Email: Sanjeevi.Sambandam@morganplc.com";s:6:"status";b:0;s:10:"status_msg";s:14:"Failed/Skipped";s:7:"post_id";s:0:"";s:9:"post_link";a:2:{s:5:"title";s:8:"Untitled";s:8:"edit_url";b:0;}}
a:6:{s:3:"row";i:99;s:7:"message";s:71:"User with same Email already exists. Email: amit_sharma0123@yahoo.co.in";s:6:"status";b:0;s:10:"status_msg";s:14:"Failed/Skipped";s:7:"post_id";s:0:"";s:9:"post_link";a:2:{s:5:"title";s:8:"Untitled";s:8:"edit_url";b:0;}}
a:6:{s:3:"row";i:100;s:7:"message";s:68:"User with same Email already exists. Email: agni.industries@yahoo.in";s:6:"status";b:0;s:10:"status_msg";s:14:"Failed/Skipped";s:7:"post_id";s:0:"";s:9:"post_link";a:2:{s:5:"title";s:8:"Untitled";s:8:"edit_url";b:0;}}
a:6:{s:3:"row";i:101;s:7:"message";s:27:"User imported successfully.";s:6:"status";b:1;s:10:"status_msg";s:7:"Success";s:7:"post_id";i:1466;s:9:"post_link";a:2:{s:8:"edit_url";s:56:"http://192.168.3.145/wp-admin/user-edit.php?user_id=1466";s:5:"title";s:18:"Ratnesh Khandelwal";}}
a:6:{s:3:"row";i:102;s:7:"message";s:27:"User imported successfully.";s:6:"status";b:1;s:10:"status_msg";s:7:"Success";s:7:"post_id";i:1467;s:9:"post_link";a:2:{s:8:"edit_url";s:56:"http://192.168.3.145/wp-admin/user-edit.php?user_id=1467";s:5:"title";s:17:"R Balasubramaniam";}}
a:6:{s:3:"row";i:103;s:7:"message";s:27:"User imported successfully.";s:6:"status";b:1;s:10:"status_msg";s:7:"Success";s:7:"post_id";i:1468;s:9:"post_link";a:2:{s:8:"edit_url";s:56:"http://192.168.3.145/wp-admin/user-edit.php?user_id=1468";s:5:"title";s:14:"MRIDUL TIWARI1";}}
a:6:{s:3:"row";i:104;s:7:"message";s:27:"User imported successfully.";s:6:"status";b:1;s:10:"status_msg";s:7:"Success";s:7:"post_id";i:1469;s:9:"post_link";a:2:{s:8:"edit_url";s:56:"http://192.168.3.145/wp-admin/user-edit.php?user_id=1469";s:5:"title";s:17:"Saurabh Karkhanis";}}
a:6:{s:3:"row";i:105;s:7:"message";s:59:"User with same Email already exists. Email: admin@gmail.com";s:6:"status";b:0;s:10:"status_msg";s:14:"Failed/Skipped";s:7:"post_id";s:0:"";s:9:"post_link";a:2:{s:5:"title";s:8:"Untitled";s:8:"edit_url";b:0;}}
a:6:{s:3:"row";i:106;s:7:"message";s:71:"User with same Email already exists. Email: atanudey.cpcb@supportgov.in";s:6:"status";b:0;s:10:"status_msg";s:14:"Failed/Skipped";s:7:"post_id";s:0:"";s:9:"post_link";a:2:{s:5:"title";s:8:"Untitled";s:8:"edit_url";b:0;}}
a:6:{s:3:"row";i:107;s:7:"message";s:64:"User with same Email already exists. Email: prashant.cpcb@gov.in";s:6:"status";b:0;s:10:"status_msg";s:14:"Failed/Skipped";s:7:"post_id";s:0:"";s:9:"post_link";a:2:{s:5:"title";s:8:"Untitled";s:8:"edit_url";b:0;}}
a:6:{s:3:"row";i:108;s:7:"message";s:66:"User with same Email already exists. Email: divyasinha.cpcb@nic.in";s:6:"status";b:0;s:10:"status_msg";s:14:"Failed/Skipped";s:7:"post_id";s:0:"";s:9:"post_link";a:2:{s:5:"title";s:8:"Untitled";s:8:"edit_url";b:0;}}
a:6:{s:3:"row";i:109;s:7:"message";s:62:"User with same Email already exists. Email: yogesh.cpcb@gov.in";s:6:"status";b:0;s:10:"status_msg";s:14:"Failed/Skipped";s:7:"post_id";s:0:"";s:9:"post_link";a:2:{s:5:"title";s:8:"Untitled";s:8:"edit_url";b:0;}}
a:6:{s:3:"row";i:110;s:7:"message";s:78:"User with same Email already exists. Email: jitendrasingh@patanjaliayurved.org";s:6:"status";b:0;s:10:"status_msg";s:14:"Failed/Skipped";s:7:"post_id";s:0:"";s:9:"post_link";a:2:{s:5:"title";s:8:"Untitled";s:8:"edit_url";b:0;}}
a:6:{s:3:"row";i:111;s:7:"message";s:68:"User with same Email already exists. Email: saxenaapurva37@gmail.com";s:6:"status";b:0;s:10:"status_msg";s:14:"Failed/Skipped";s:7:"post_id";s:0:"";s:9:"post_link";a:2:{s:5:"title";s:8:"Untitled";s:8:"edit_url";b:0;}}
a:6:{s:3:"row";i:112;s:7:"message";s:65:"User with same Email already exists. Email: projectehss@gmail.com";s:6:"status";b:0;s:10:"status_msg";s:14:"Failed/Skipped";s:7:"post_id";s:0:"";s:9:"post_link";a:2:{s:5:"title";s:8:"Untitled";s:8:"edit_url";b:0;}}
a:6:{s:3:"row";i:113;s:7:"message";s:66:"User with same Email already exists. Email: adhikari1996@gmail.com";s:6:"status";b:0;s:10:"status_msg";s:14:"Failed/Skipped";s:7:"post_id";s:0:"";s:9:"post_link";a:2:{s:5:"title";s:8:"Untitled";s:8:"edit_url";b:0;}}
a:6:{s:3:"row";i:114;s:7:"message";s:62:"User with same Email already exists. Email: ayaz@cavinkare.com";s:6:"status";b:0;s:10:"status_msg";s:14:"Failed/Skipped";s:7:"post_id";s:0:"";s:9:"post_link";a:2:{s:5:"title";s:8:"Untitled";s:8:"edit_url";b:0;}}
a:6:{s:3:"row";i:115;s:7:"message";s:68:"User with same Email already exists. Email: skplastics2007@gmail.com";s:6:"status";b:0;s:10:"status_msg";s:14:"Failed/Skipped";s:7:"post_id";s:0:"";s:9:"post_link";a:2:{s:5:"title";s:8:"Untitled";s:8:"edit_url";b:0;}}
a:6:{s:3:"row";i:116;s:7:"message";s:62:"User with same Email already exists. Email: info@aavawater.com";s:6:"status";b:0;s:10:"status_msg";s:14:"Failed/Skipped";s:7:"post_id";s:0:"";s:9:"post_link";a:2:{s:5:"title";s:8:"Untitled";s:8:"edit_url";b:0;}}
a:6:{s:3:"row";i:117;s:7:"message";s:66:"User with same Email already exists. Email: sarthak.jain@ramky.com";s:6:"status";b:0;s:10:"status_msg";s:14:"Failed/Skipped";s:7:"post_id";s:0:"";s:9:"post_link";a:2:{s:5:"title";s:8:"Untitled";s:8:"edit_url";b:0;}}
a:6:{s:3:"row";i:118;s:7:"message";s:77:"User with same Email already exists. Email: sarthak.jain@resustainability.com";s:6:"status";b:0;s:10:"status_msg";s:14:"Failed/Skipped";s:7:"post_id";s:0:"";s:9:"post_link";a:2:{s:5:"title";s:8:"Untitled";s:8:"edit_url";b:0;}}
a:6:{s:3:"row";i:119;s:7:"message";s:65:"User with same Email already exists. Email: prvconsumer@gmail.com";s:6:"status";b:0;s:10:"status_msg";s:14:"Failed/Skipped";s:7:"post_id";s:0:"";s:9:"post_link";a:2:{s:5:"title";s:8:"Untitled";s:8:"edit_url";b:0;}}
a:6:{s:3:"row";i:120;s:7:"message";s:63:"User with same Email already exists. Email: aimran938@gmail.com";s:6:"status";b:0;s:10:"status_msg";s:14:"Failed/Skipped";s:7:"post_id";s:0:"";s:9:"post_link";a:2:{s:5:"title";s:8:"Untitled";s:8:"edit_url";b:0;}}
a:6:{s:3:"row";i:121;s:7:"message";s:71:"User with same Email already exists. Email: ruchika@hectorbeverages.com";s:6:"status";b:0;s:10:"status_msg";s:14:"Failed/Skipped";s:7:"post_id";s:0:"";s:9:"post_link";a:2:{s:5:"title";s:8:"Untitled";s:8:"edit_url";b:0;}}
a:6:{s:3:"row";i:122;s:7:"message";s:72:"User with same Email already exists. Email: rushabh.shah@jci-hitachi.com";s:6:"status";b:0;s:10:"status_msg";s:14:"Failed/Skipped";s:7:"post_id";s:0:"";s:9:"post_link";a:2:{s:5:"title";s:8:"Untitled";s:8:"edit_url";b:0;}}
a:6:{s:3:"row";i:123;s:7:"message";s:65:"User with same Email already exists. Email: mg_snjygupta@yahoo.in";s:6:"status";b:0;s:10:"status_msg";s:14:"Failed/Skipped";s:7:"post_id";s:0:"";s:9:"post_link";a:2:{s:5:"title";s:8:"Untitled";s:8:"edit_url";b:0;}}
a:6:{s:3:"row";i:124;s:7:"message";s:64:"User with same Email already exists. Email: HENGYU.ACC@GMAIL.COM";s:6:"status";b:0;s:10:"status_msg";s:14:"Failed/Skipped";s:7:"post_id";s:0:"";s:9:"post_link";a:2:{s:5:"title";s:8:"Untitled";s:8:"edit_url";b:0;}}
a:6:{s:3:"row";i:125;s:7:"message";s:66:"User with same Email already exists. Email: ehss.apoorva@gmail.com";s:6:"status";b:0;s:10:"status_msg";s:14:"Failed/Skipped";s:7:"post_id";s:0:"";s:9:"post_link";a:2:{s:5:"title";s:8:"Untitled";s:8:"edit_url";b:0;}}
a:6:{s:3:"row";i:126;s:7:"message";s:62:"User with same Email already exists. Email: khusre11@gmail.com";s:6:"status";b:0;s:10:"status_msg";s:14:"Failed/Skipped";s:7:"post_id";s:0:"";s:9:"post_link";a:2:{s:5:"title";s:8:"Untitled";s:8:"edit_url";b:0;}}
a:6:{s:3:"row";i:127;s:7:"message";s:66:"User with same Email already exists. Email: nikunj.soni@havmor.com";s:6:"status";b:0;s:10:"status_msg";s:14:"Failed/Skipped";s:7:"post_id";s:0:"";s:9:"post_link";a:2:{s:5:"title";s:8:"Untitled";s:8:"edit_url";b:0;}}
a:6:{s:3:"row";i:128;s:7:"message";s:69:"User with same Email already exists. Email: pawan.kumar@occlindia.com";s:6:"status";b:0;s:10:"status_msg";s:14:"Failed/Skipped";s:7:"post_id";s:0:"";s:9:"post_link";a:2:{s:5:"title";s:8:"Untitled";s:8:"edit_url";b:0;}}
a:6:{s:3:"row";i:129;s:7:"message";s:68:"User with same Email already exists. Email: eprplastic2022@gmail.com";s:6:"status";b:0;s:10:"status_msg";s:14:"Failed/Skipped";s:7:"post_id";s:0:"";s:9:"post_link";a:2:{s:5:"title";s:8:"Untitled";s:8:"edit_url";b:0;}}
a:6:{s:3:"row";i:130;s:7:"message";s:68:"User with same Email already exists. Email: manan@benz-packaging.com";s:6:"status";b:0;s:10:"status_msg";s:14:"Failed/Skipped";s:7:"post_id";s:0:"";s:9:"post_link";a:2:{s:5:"title";s:8:"Untitled";s:8:"edit_url";b:0;}}
a:6:{s:3:"row";i:131;s:7:"message";s:67:"User with same Email already exists. Email: mukeshind.nsk@gmail.com";s:6:"status";b:0;s:10:"status_msg";s:14:"Failed/Skipped";s:7:"post_id";s:0:"";s:9:"post_link";a:2:{s:5:"title";s:8:"Untitled";s:8:"edit_url";b:0;}}
a:6:{s:3:"row";i:132;s:7:"message";s:69:"User with same Email already exists. Email: veroenviroindia@gmail.com";s:6:"status";b:0;s:10:"status_msg";s:14:"Failed/Skipped";s:7:"post_id";s:0:"";s:9:"post_link";a:2:{s:5:"title";s:8:"Untitled";s:8:"edit_url";b:0;}}
a:6:{s:3:"row";i:133;s:7:"message";s:61:"User with same Email already exists. Email: kdas1@its.jnj.com";s:6:"status";b:0;s:10:"status_msg";s:14:"Failed/Skipped";s:7:"post_id";s:0:"";s:9:"post_link";a:2:{s:5:"title";s:8:"Untitled";s:8:"edit_url";b:0;}}
a:6:{s:3:"row";i:134;s:7:"message";s:65:"User with same Email already exists. Email: qc.halol@amartara.net";s:6:"status";b:0;s:10:"status_msg";s:14:"Failed/Skipped";s:7:"post_id";s:0:"";s:9:"post_link";a:2:{s:5:"title";s:8:"Untitled";s:8:"edit_url";b:0;}}
a:6:{s:3:"row";i:135;s:7:"message";s:76:"User with same Email already exists. Email: ashutosh.gautam@indiaglycols.com";s:6:"status";b:0;s:10:"status_msg";s:14:"Failed/Skipped";s:7:"post_id";s:0:"";s:9:"post_link";a:2:{s:5:"title";s:8:"Untitled";s:8:"edit_url";b:0;}}
a:6:{s:3:"row";i:136;s:7:"message";s:68:"User with same Email already exists. Email: compliance@shopclues.com";s:6:"status";b:0;s:10:"status_msg";s:14:"Failed/Skipped";s:7:"post_id";s:0:"";s:9:"post_link";a:2:{s:5:"title";s:8:"Untitled";s:8:"edit_url";b:0;}}
a:6:{s:3:"row";i:137;s:7:"message";s:63:"User with same Email already exists. Email: nitin@faceimpex.com";s:6:"status";b:0;s:10:"status_msg";s:14:"Failed/Skipped";s:7:"post_id";s:0:"";s:9:"post_link";a:2:{s:5:"title";s:8:"Untitled";s:8:"edit_url";b:0;}}
a:6:{s:3:"row";i:138;s:7:"message";s:67:"User with same Email already exists. Email: madhulika.Sharma@itc.in";s:6:"status";b:0;s:10:"status_msg";s:14:"Failed/Skipped";s:7:"post_id";s:0:"";s:9:"post_link";a:2:{s:5:"title";s:8:"Untitled";s:8:"edit_url";b:0;}}
a:6:{s:3:"row";i:139;s:7:"message";s:68:"User with same Email already exists. Email: dhananjayjoshi@lupin.com";s:6:"status";b:0;s:10:"status_msg";s:14:"Failed/Skipped";s:7:"post_id";s:0:"";s:9:"post_link";a:2:{s:5:"title";s:8:"Untitled";s:8:"edit_url";b:0;}}
a:6:{s:3:"row";i:140;s:7:"message";s:63:"User with same Email already exists. Email: kp@gmecoservices.in";s:6:"status";b:0;s:10:"status_msg";s:14:"Failed/Skipped";s:7:"post_id";s:0:"";s:9:"post_link";a:2:{s:5:"title";s:8:"Untitled";s:8:"edit_url";b:0;}}
a:6:{s:3:"row";i:141;s:7:"message";s:70:"User with same Email already exists. Email: abhijeet@thecouchpotato.in";s:6:"status";b:0;s:10:"status_msg";s:14:"Failed/Skipped";s:7:"post_id";s:0:"";s:9:"post_link";a:2:{s:5:"title";s:8:"Untitled";s:8:"edit_url";b:0;}}
a:6:{s:3:"row";i:142;s:7:"message";s:65:"User with same Email already exists. Email: advisor@gokulagro.com";s:6:"status";b:0;s:10:"status_msg";s:14:"Failed/Skipped";s:7:"post_id";s:0:"";s:9:"post_link";a:2:{s:5:"title";s:8:"Untitled";s:8:"edit_url";b:0;}}
a:6:{s:3:"row";i:143;s:7:"message";s:66:"User with same Email already exists. Email: k.ganesh@bisleri.co.in";s:6:"status";b:0;s:10:"status_msg";s:14:"Failed/Skipped";s:7:"post_id";s:0:"";s:9:"post_link";a:2:{s:5:"title";s:8:"Untitled";s:8:"edit_url";b:0;}}
a:6:{s:3:"row";i:144;s:7:"message";s:62:"User with same Email already exists. Email: info@tiongroup.com";s:6:"status";b:0;s:10:"status_msg";s:14:"Failed/Skipped";s:7:"post_id";s:0:"";s:9:"post_link";a:2:{s:5:"title";s:8:"Untitled";s:8:"edit_url";b:0;}}
a:6:{s:3:"row";i:145;s:7:"message";s:63:"User with same Email already exists. Email: ehss.riya@gmail.com";s:6:"status";b:0;s:10:"status_msg";s:14:"Failed/Skipped";s:7:"post_id";s:0:"";s:9:"post_link";a:2:{s:5:"title";s:8:"Untitled";s:8:"edit_url";b:0;}}
a:6:{s:3:"row";i:146;s:7:"message";s:66:"User with same Email already exists. Email: ehss.suvegya@gmail.com";s:6:"status";b:0;s:10:"status_msg";s:14:"Failed/Skipped";s:7:"post_id";s:0:"";s:9:"post_link";a:2:{s:5:"title";s:8:"Untitled";s:8:"edit_url";b:0;}}
a:6:{s:3:"row";i:147;s:7:"message";s:73:"User with same Email already exists. Email: yogeshkenjale@parekhplast.com";s:6:"status";b:0;s:10:"status_msg";s:14:"Failed/Skipped";s:7:"post_id";s:0:"";s:9:"post_link";a:2:{s:5:"title";s:8:"Untitled";s:8:"edit_url";b:0;}}
a:6:{s:3:"row";i:148;s:7:"message";s:58:"User with same Email already exists. Email: hpg@sumul.coop";s:6:"status";b:0;s:10:"status_msg";s:14:"Failed/Skipped";s:7:"post_id";s:0:"";s:9:"post_link";a:2:{s:5:"title";s:8:"Untitled";s:8:"edit_url";b:0;}}
a:6:{s:3:"row";i:149;s:7:"message";s:61:"User with same Email already exists. Email: ceo.cement@jsw.in";s:6:"status";b:0;s:10:"status_msg";s:14:"Failed/Skipped";s:7:"post_id";s:0:"";s:9:"post_link";a:2:{s:5:"title";s:8:"Untitled";s:8:"edit_url";b:0;}}
a:6:{s:3:"row";i:150;s:7:"message";s:68:"User with same Email already exists. Email: rajnish.chaba@chambal.in";s:6:"status";b:0;s:10:"status_msg";s:14:"Failed/Skipped";s:7:"post_id";s:0:"";s:9:"post_link";a:2:{s:5:"title";s:8:"Untitled";s:8:"edit_url";b:0;}}
a:6:{s:3:"row";i:151;s:7:"message";s:74:"User with same Email already exists. Email: paggarwal@consociaadvisory.com";s:6:"status";b:0;s:10:"status_msg";s:14:"Failed/Skipped";s:7:"post_id";s:0:"";s:9:"post_link";a:2:{s:5:"title";s:8:"Untitled";s:8:"edit_url";b:0;}}
a:6:{s:3:"row";i:152;s:7:"message";s:73:"User with same Email already exists. Email: khalidhussain@umapolymers.com";s:6:"status";b:0;s:10:"status_msg";s:14:"Failed/Skipped";s:7:"post_id";s:0:"";s:9:"post_link";a:2:{s:5:"title";s:8:"Untitled";s:8:"edit_url";b:0;}}
a:6:{s:3:"row";i:153;s:7:"message";s:66:"User with same Email already exists. Email: bsuresh@myhomegroup.in";s:6:"status";b:0;s:10:"status_msg";s:14:"Failed/Skipped";s:7:"post_id";s:0:"";s:9:"post_link";a:2:{s:5:"title";s:8:"Untitled";s:8:"edit_url";b:0;}}
a:6:{s:3:"row";i:154;s:7:"message";s:65:"User with same Email already exists. Email: ycwenv@myhomegroup.in";s:6:"status";b:0;s:10:"status_msg";s:14:"Failed/Skipped";s:7:"post_id";s:0:"";s:9:"post_link";a:2:{s:5:"title";s:8:"Untitled";s:8:"edit_url";b:0;}}
a:6:{s:3:"row";i:155;s:7:"message";s:61:"User with same Email already exists. Email: bemcuser@yara.com";s:6:"status";b:0;s:10:"status_msg";s:14:"Failed/Skipped";s:7:"post_id";s:0:"";s:9:"post_link";a:2:{s:5:"title";s:8:"Untitled";s:8:"edit_url";b:0;}}
a:6:{s:3:"row";i:156;s:7:"message";s:70:"User with same Email already exists. Email: CHARU.KAPOOR@IN.PURINA.COM";s:6:"status";b:0;s:10:"status_msg";s:14:"Failed/Skipped";s:7:"post_id";s:0:"";s:9:"post_link";a:2:{s:5:"title";s:8:"Untitled";s:8:"edit_url";b:0;}}
a:6:{s:3:"row";i:157;s:7:"message";s:72:"User with same Email already exists. Email: ca.shubham27111990@gmail.com";s:6:"status";b:0;s:10:"status_msg";s:14:"Failed/Skipped";s:7:"post_id";s:0:"";s:9:"post_link";a:2:{s:5:"title";s:8:"Untitled";s:8:"edit_url";b:0;}}
a:6:{s:3:"row";i:158;s:7:"message";s:66:"User with same Email already exists. Email: lalit_ostern@yahoo.com";s:6:"status";b:0;s:10:"status_msg";s:14:"Failed/Skipped";s:7:"post_id";s:0:"";s:9:"post_link";a:2:{s:5:"title";s:8:"Untitled";s:8:"edit_url";b:0;}}
a:6:{s:3:"row";i:159;s:7:"message";s:65:"User with same Email already exists. Email: yogesh53880@gmail.com";s:6:"status";b:0;s:10:"status_msg";s:14:"Failed/Skipped";s:7:"post_id";s:0:"";s:9:"post_link";a:2:{s:5:"title";s:8:"Untitled";s:8:"edit_url";b:0;}}
a:6:{s:3:"row";i:160;s:7:"message";s:67:"User with same Email already exists. Email: parassaluja86@gmail.com";s:6:"status";b:0;s:10:"status_msg";s:14:"Failed/Skipped";s:7:"post_id";s:0:"";s:9:"post_link";a:2:{s:5:"title";s:8:"Untitled";s:8:"edit_url";b:0;}}
a:6:{s:3:"row";i:161;s:7:"message";s:70:"User with same Email already exists. Email: omesh@shreemalanifoams.com";s:6:"status";b:0;s:10:"status_msg";s:14:"Failed/Skipped";s:7:"post_id";s:0:"";s:9:"post_link";a:2:{s:5:"title";s:8:"Untitled";s:8:"edit_url";b:0;}}
a:6:{s:3:"row";i:162;s:7:"message";s:65:"User with same Email already exists. Email: sanjay@societytea.com";s:6:"status";b:0;s:10:"status_msg";s:14:"Failed/Skipped";s:7:"post_id";s:0:"";s:9:"post_link";a:2:{s:5:"title";s:8:"Untitled";s:8:"edit_url";b:0;}}
a:6:{s:3:"row";i:163;s:7:"message";s:59:"User with same Email already exists. Email: sales@compak.in";s:6:"status";b:0;s:10:"status_msg";s:14:"Failed/Skipped";s:7:"post_id";s:0:"";s:9:"post_link";a:2:{s:5:"title";s:8:"Untitled";s:8:"edit_url";b:0;}}
a:6:{s:3:"row";i:164;s:7:"message";s:69:"User with same Email already exists. Email: saravanan.an@flipkart.com";s:6:"status";b:0;s:10:"status_msg";s:14:"Failed/Skipped";s:7:"post_id";s:0:"";s:9:"post_link";a:2:{s:5:"title";s:8:"Untitled";s:8:"edit_url";b:0;}}
a:6:{s:3:"row";i:165;s:7:"message";s:64:"User with same Email already exists. Email: vip.garg30@gmail.com";s:6:"status";b:0;s:10:"status_msg";s:14:"Failed/Skipped";s:7:"post_id";s:0:"";s:9:"post_link";a:2:{s:5:"title";s:8:"Untitled";s:8:"edit_url";b:0;}}
a:6:{s:3:"row";i:166;s:7:"message";s:69:"User with same Email already exists. Email: varun.jain@beiersdorf.com";s:6:"status";b:0;s:10:"status_msg";s:14:"Failed/Skipped";s:7:"post_id";s:0:"";s:9:"post_link";a:2:{s:5:"title";s:8:"Untitled";s:8:"edit_url";b:0;}}
a:6:{s:3:"row";i:167;s:7:"message";s:72:"User with same Email already exists. Email: dinesh.gupta@bagla-group.com";s:6:"status";b:0;s:10:"status_msg";s:14:"Failed/Skipped";s:7:"post_id";s:0:"";s:9:"post_link";a:2:{s:5:"title";s:8:"Untitled";s:8:"edit_url";b:0;}}
a:6:{s:3:"row";i:168;s:7:"message";s:78:"User with same Email already exists. Email: m.pullaiahvenkata@dalmiacement.com";s:6:"status";b:0;s:10:"status_msg";s:14:"Failed/Skipped";s:7:"post_id";s:0:"";s:9:"post_link";a:2:{s:5:"title";s:8:"Untitled";s:8:"edit_url";b:0;}}
a:6:{s:3:"row";i:169;s:7:"message";s:72:"User with same Email already exists. Email: INFO@EUROQOINTERNATIONAL.COM";s:6:"status";b:0;s:10:"status_msg";s:14:"Failed/Skipped";s:7:"post_id";s:0:"";s:9:"post_link";a:2:{s:5:"title";s:8:"Untitled";s:8:"edit_url";b:0;}}
a:6:{s:3:"row";i:170;s:7:"message";s:67:"User with same Email already exists. Email: amol.hardikar@cipla.com";s:6:"status";b:0;s:10:"status_msg";s:14:"Failed/Skipped";s:7:"post_id";s:0:"";s:9:"post_link";a:2:{s:5:"title";s:8:"Untitled";s:8:"edit_url";b:0;}}
a:6:{s:3:"row";i:171;s:7:"message";s:72:"User with same Email already exists. Email: chaudharymayank050@gmail.com";s:6:"status";b:0;s:10:"status_msg";s:14:"Failed/Skipped";s:7:"post_id";s:0:"";s:9:"post_link";a:2:{s:5:"title";s:8:"Untitled";s:8:"edit_url";b:0;}}
a:6:{s:3:"row";i:172;s:7:"message";s:71:"User with same Email already exists. Email: Parijat.sinha@sunpharma.com";s:6:"status";b:0;s:10:"status_msg";s:14:"Failed/Skipped";s:7:"post_id";s:0:"";s:9:"post_link";a:2:{s:5:"title";s:8:"Untitled";s:8:"edit_url";b:0;}}
a:6:{s:3:"row";i:173;s:7:"message";s:69:"User with same Email already exists. Email: rbm.tripathi@jkcement.com";s:6:"status";b:0;s:10:"status_msg";s:14:"Failed/Skipped";s:7:"post_id";s:0:"";s:9:"post_link";a:2:{s:5:"title";s:8:"Untitled";s:8:"edit_url";b:0;}}
a:6:{s:3:"row";i:174;s:7:"message";s:75:"User with same Email already exists. Email: pankaj.gupta@shrirampistons.com";s:6:"status";b:0;s:10:"status_msg";s:14:"Failed/Skipped";s:7:"post_id";s:0:"";s:9:"post_link";a:2:{s:5:"title";s:8:"Untitled";s:8:"edit_url";b:0;}}
a:6:{s:3:"row";i:175;s:7:"message";s:76:"User with same Email already exists. Email: surendrasinghgurjar602@gmail.com";s:6:"status";b:0;s:10:"status_msg";s:14:"Failed/Skipped";s:7:"post_id";s:0:"";s:9:"post_link";a:2:{s:5:"title";s:8:"Untitled";s:8:"edit_url";b:0;}}
a:6:{s:3:"row";i:176;s:7:"message";s:71:"User with same Email already exists. Email: balaji.d@krisflexipacks.com";s:6:"status";b:0;s:10:"status_msg";s:14:"Failed/Skipped";s:7:"post_id";s:0:"";s:9:"post_link";a:2:{s:5:"title";s:8:"Untitled";s:8:"edit_url";b:0;}}
a:6:{s:3:"row";i:177;s:7:"message";s:77:"User with same Email already exists. Email: kishor.radadia@cadilapharma.co.in";s:6:"status";b:0;s:10:"status_msg";s:14:"Failed/Skipped";s:7:"post_id";s:0:"";s:9:"post_link";a:2:{s:5:"title";s:8:"Untitled";s:8:"edit_url";b:0;}}
a:6:{s:3:"row";i:178;s:7:"message";s:62:"User with same Email already exists. Email: manish1@xiaomi.com";s:6:"status";b:0;s:10:"status_msg";s:14:"Failed/Skipped";s:7:"post_id";s:0:"";s:9:"post_link";a:2:{s:5:"title";s:8:"Untitled";s:8:"edit_url";b:0;}}
a:6:{s:3:"row";i:179;s:7:"message";s:62:"User with same Email already exists. Email: surewrap@gmail.com";s:6:"status";b:0;s:10:"status_msg";s:14:"Failed/Skipped";s:7:"post_id";s:0:"";s:9:"post_link";a:2:{s:5:"title";s:8:"Untitled";s:8:"edit_url";b:0;}}
a:6:{s:3:"row";i:180;s:7:"message";s:66:"User with same Email already exists. Email: env@mangalamcement.com";s:6:"status";b:0;s:10:"status_msg";s:14:"Failed/Skipped";s:7:"post_id";s:0:"";s:9:"post_link";a:2:{s:5:"title";s:8:"Untitled";s:8:"edit_url";b:0;}}
a:6:{s:3:"row";i:181;s:7:"message";s:65:"User with same Email already exists. Email: manoj@agarwalpune.com";s:6:"status";b:0;s:10:"status_msg";s:14:"Failed/Skipped";s:7:"post_id";s:0:"";s:9:"post_link";a:2:{s:5:"title";s:8:"Untitled";s:8:"edit_url";b:0;}}
a:6:{s:3:"row";i:182;s:7:"message";s:70:"User with same Email already exists. Email: shreeplasticinds@gmail.com";s:6:"status";b:0;s:10:"status_msg";s:14:"Failed/Skipped";s:7:"post_id";s:0:"";s:9:"post_link";a:2:{s:5:"title";s:8:"Untitled";s:8:"edit_url";b:0;}}
a:6:{s:3:"row";i:183;s:7:"message";s:64:"User with same Email already exists. Email: amit.qss@hotmail.com";s:6:"status";b:0;s:10:"status_msg";s:14:"Failed/Skipped";s:7:"post_id";s:0:"";s:9:"post_link";a:2:{s:5:"title";s:8:"Untitled";s:8:"edit_url";b:0;}}
a:6:{s:3:"row";i:184;s:7:"message";s:62:"User with same Email already exists. Email: hnmpedel@gmail.com";s:6:"status";b:0;s:10:"status_msg";s:14:"Failed/Skipped";s:7:"post_id";s:0:"";s:9:"post_link";a:2:{s:5:"title";s:8:"Untitled";s:8:"edit_url";b:0;}}
a:6:{s:3:"row";i:185;s:7:"message";s:66:"User with same Email already exists. Email: apu.abhijeet@gmail.com";s:6:"status";b:0;s:10:"status_msg";s:14:"Failed/Skipped";s:7:"post_id";s:0:"";s:9:"post_link";a:2:{s:5:"title";s:8:"Untitled";s:8:"edit_url";b:0;}}
a:6:{s:3:"row";i:186;s:7:"message";s:63:"User with same Email already exists. Email: bpschauhan@fena.com";s:6:"status";b:0;s:10:"status_msg";s:14:"Failed/Skipped";s:7:"post_id";s:0:"";s:9:"post_link";a:2:{s:5:"title";s:8:"Untitled";s:8:"edit_url";b:0;}}
a:6:{s:3:"row";i:187;s:7:"message";s:67:"User with same Email already exists. Email: montainerocks@gmail.com";s:6:"status";b:0;s:10:"status_msg";s:14:"Failed/Skipped";s:7:"post_id";s:0:"";s:9:"post_link";a:2:{s:5:"title";s:8:"Untitled";s:8:"edit_url";b:0;}}
a:6:{s:3:"row";i:188;s:7:"message";s:66:"User with same Email already exists. Email: ashwin@darshangroup.in";s:6:"status";b:0;s:10:"status_msg";s:14:"Failed/Skipped";s:7:"post_id";s:0:"";s:9:"post_link";a:2:{s:5:"title";s:8:"Untitled";s:8:"edit_url";b:0;}}
a:6:{s:3:"row";i:189;s:7:"message";s:64:"User with same Email already exists. Email: abhi.2007k@gmail.com";s:6:"status";b:0;s:10:"status_msg";s:14:"Failed/Skipped";s:7:"post_id";s:0:"";s:9:"post_link";a:2:{s:5:"title";s:8:"Untitled";s:8:"edit_url";b:0;}}
a:6:{s:3:"row";i:190;s:7:"message";s:67:"User with same Email already exists. Email: abhisriv.1994@gmail.com";s:6:"status";b:0;s:10:"status_msg";s:14:"Failed/Skipped";s:7:"post_id";s:0:"";s:9:"post_link";a:2:{s:5:"title";s:8:"Untitled";s:8:"edit_url";b:0;}}
a:6:{s:3:"row";i:191;s:7:"message";s:62:"User with same Email already exists. Email: cmcvijay@gmail.com";s:6:"status";b:0;s:10:"status_msg";s:14:"Failed/Skipped";s:7:"post_id";s:0:"";s:9:"post_link";a:2:{s:5:"title";s:8:"Untitled";s:8:"edit_url";b:0;}}
a:6:{s:3:"row";i:192;s:7:"message";s:80:"User with same Email already exists. Email: mahasweta.ghosh@ap.averydennison.com";s:6:"status";b:0;s:10:"status_msg";s:14:"Failed/Skipped";s:7:"post_id";s:0:"";s:9:"post_link";a:2:{s:5:"title";s:8:"Untitled";s:8:"edit_url";b:0;}}
a:6:{s:3:"row";i:193;s:7:"message";s:65:"User with same Email already exists. Email: safety@pentalatex.com";s:6:"status";b:0;s:10:"status_msg";s:14:"Failed/Skipped";s:7:"post_id";s:0:"";s:9:"post_link";a:2:{s:5:"title";s:8:"Untitled";s:8:"edit_url";b:0;}}
a:6:{s:3:"row";i:194;s:7:"message";s:68:"User with same Email already exists. Email: rameshraohangyo@yahoo.in";s:6:"status";b:0;s:10:"status_msg";s:14:"Failed/Skipped";s:7:"post_id";s:0:"";s:9:"post_link";a:2:{s:5:"title";s:8:"Untitled";s:8:"edit_url";b:0;}}
a:6:{s:3:"row";i:195;s:7:"message";s:65:"User with same Email already exists. Email: dv.iyer@huhtamaki.com";s:6:"status";b:0;s:10:"status_msg";s:14:"Failed/Skipped";s:7:"post_id";s:0:"";s:9:"post_link";a:2:{s:5:"title";s:8:"Untitled";s:8:"edit_url";b:0;}}
a:6:{s:3:"row";i:196;s:7:"message";s:68:"User with same Email already exists. Email: japatel@vadilalgroup.com";s:6:"status";b:0;s:10:"status_msg";s:14:"Failed/Skipped";s:7:"post_id";s:0:"";s:9:"post_link";a:2:{s:5:"title";s:8:"Untitled";s:8:"edit_url";b:0;}}
a:6:{s:3:"row";i:197;s:7:"message";s:66:"User with same Email already exists. Email: indranathc@nerolac.com";s:6:"status";b:0;s:10:"status_msg";s:14:"Failed/Skipped";s:7:"post_id";s:0:"";s:9:"post_link";a:2:{s:5:"title";s:8:"Untitled";s:8:"edit_url";b:0;}}
a:6:{s:3:"row";i:198;s:7:"message";s:72:"User with same Email already exists. Email: skbhatnagar@dhampursugar.com";s:6:"status";b:0;s:10:"status_msg";s:14:"Failed/Skipped";s:7:"post_id";s:0:"";s:9:"post_link";a:2:{s:5:"title";s:8:"Untitled";s:8:"edit_url";b:0;}}
a:6:{s:3:"row";i:199;s:7:"message";s:60:"User with same Email already exists. Email: spscoc@yahoo.com";s:6:"status";b:0;s:10:"status_msg";s:14:"Failed/Skipped";s:7:"post_id";s:0:"";s:9:"post_link";a:2:{s:5:"title";s:8:"Untitled";s:8:"edit_url";b:0;}}
a:6:{s:3:"row";i:200;s:7:"message";s:64:"User with same Email already exists. Email: so.sharmag@gmail.com";s:6:"status";b:0;s:10:"status_msg";s:14:"Failed/Skipped";s:7:"post_id";s:0:"";s:9:"post_link";a:2:{s:5:"title";s:8:"Untitled";s:8:"edit_url";b:0;}}
