08-17-2022 @ 07:17:42 - ---[ New import started at 2022-08-17 07:17:42 ] PHP Memory: 256 MB, WP Memory: 40 MB
08-17-2022 @ 07:17:42 - Preparing for import.
08-17-2022 @ 07:17:42 - Row :1 - Parsing item.
08-17-2022 @ 07:17:42 - Row :1 - Parsing failed. Reason: User with same Email already exists. Email: shahil2780@rediffmail.com
08-17-2022 @ 07:17:42 - Row :2 - Parsing item.
08-17-2022 @ 07:17:42 - Row :2 - Parsing failed. Reason: User with same Email already exists. Email: rajeshjigarg@yahoo.com
08-17-2022 @ 07:17:42 - Row :3 - Parsing item.
08-17-2022 @ 07:17:42 - Row :3 - Parsing failed. Reason: User with same Email already exists. Email: patelgirish54321@gmail.com
08-17-2022 @ 07:17:42 - Row :4 - Parsing item.
08-17-2022 @ 07:17:42 - Row :4 - Parsing failed. Reason: User with same Email already exists. Email: unnikrishnan@qualitatbuildsol.co.in
08-17-2022 @ 07:17:42 - Row :5 - Parsing item.
08-17-2022 @ 07:17:42 - Row :5 - Parsing failed. Reason: User with same Email already exists. Email: sekhar@srianjaneya.net
08-17-2022 @ 07:17:42 - Row :6 - Parsing item.
08-17-2022 @ 07:17:42 - Row :6 - Parsing failed. Reason: User with same Email already exists. Email: rajeev@tcl.com
08-17-2022 @ 07:17:42 - Row :7 - Parsing item.
08-17-2022 @ 07:17:42 - Row :7 - Parsing failed. Reason: User with same Email already exists. Email: kapur_rubber@yahoo.co.in
08-17-2022 @ 07:17:42 - Row :8 - Parsing item.
08-17-2022 @ 07:17:42 - Row :8 - Parsing failed. Reason: User with same Email already exists. Email: roshanbaliga06@gmail.com
08-17-2022 @ 07:17:42 - Row :9 - Parsing item.
08-17-2022 @ 07:17:42 - Row :9 - Parsing failed. Reason: User with same Email already exists. Email: kshitij.x.joshi@haleon.com
08-17-2022 @ 07:17:42 - Row :10 - Parsing item.
08-17-2022 @ 07:17:42 - Row :10 - Parsing failed. Reason: User with same Email already exists. Email: gourav.sheopurkr@flipkart.com
08-17-2022 @ 07:17:42 - Row :11 - Parsing item.
08-17-2022 @ 07:17:42 - Row :11 - Parsing failed. Reason: User with same Email already exists. Email: karthik.jaganathan@macdermidalpha.com
08-17-2022 @ 07:17:42 - Row :12 - Parsing item.
08-17-2022 @ 07:17:42 - Row :12 - Parsing failed. Reason: User with same Email already exists. Email: rajasekharp@navaqualityfoods.com
08-17-2022 @ 07:17:42 - Row :13 - Parsing item.
08-17-2022 @ 07:17:42 - Row :13 - Parsing failed. Reason: User with same Email already exists. Email: vineeta5400@protonmail.com
08-17-2022 @ 07:17:42 - Row :14 - Parsing item.
08-17-2022 @ 07:17:42 - Row :14 - Parsing failed. Reason: User with same Email already exists. Email: aceimpex2012@gmail.com
08-17-2022 @ 07:17:42 - Row :15 - Parsing item.
08-17-2022 @ 07:17:42 - Row :15 - Parsing failed. Reason: User with same Email already exists. Email: haresh.anmol@gmail.com
08-17-2022 @ 07:17:42 - Row :16 - Parsing item.
08-17-2022 @ 07:17:42 - Row :16 - Parsing failed. Reason: User with same Email already exists. Email: accounts@jrglaminates.com
08-17-2022 @ 07:17:42 - Row :17 - Parsing item.
08-17-2022 @ 07:17:42 - Row :17 - Parsing failed. Reason: User with same Email already exists. Email: anjali.bherwani@godrejinds.com
08-17-2022 @ 07:17:42 - Row :18 - Parsing item.
08-17-2022 @ 07:17:42 - Row :18 - Parsing failed. Reason: User with same Email already exists. Email: md@kanakapolypack.in
08-17-2022 @ 07:17:42 - Row :19 - Parsing item.
08-17-2022 @ 07:17:42 - Row :19 - Parsing failed. Reason: User with same Email already exists. Email: sharad.kulkarni@manikchandpackaging.com
08-17-2022 @ 07:17:42 - Row :20 - Parsing item.
08-17-2022 @ 07:17:42 - Row :20 - Processing item.
08-17-2022 @ 07:17:42 - Processing users.
08-17-2022 @ 07:17:46 - > &#8220;1164&#8221;User imported successfully. ID:1164
08-17-2022 @ 07:17:46 - > Finished importing user 1164
08-17-2022 @ 07:17:46 - Row :20 - User imported successfully.
08-17-2022 @ 07:17:46 - Row :21 - Parsing item.
08-17-2022 @ 07:17:46 - Row :21 - Parsing failed. Reason: User with same Email already exists. Email: aaradhyadisposalindustries@gmail.com
08-17-2022 @ 07:17:46 - Row :22 - Parsing item.
08-17-2022 @ 07:17:46 - Row :22 - Processing item.
08-17-2022 @ 07:17:46 - Processing users.
08-17-2022 @ 07:17:51 - > &#8220;1167&#8221;User imported successfully. ID:1167
08-17-2022 @ 07:17:51 - > Finished importing user 1167
08-17-2022 @ 07:17:51 - Row :22 - User imported successfully.
08-17-2022 @ 07:17:51 - Row :23 - Parsing item.
08-17-2022 @ 07:17:51 - Row :23 - Parsing failed. Reason: User with same Email already exists. Email: sunilm7275@gmail.com
08-17-2022 @ 07:17:51 - Row :24 - Parsing item.
08-17-2022 @ 07:17:51 - Row :24 - Processing item.
08-17-2022 @ 07:17:51 - Processing users.
08-17-2022 @ 07:17:54 - > &#8220;1170&#8221;User imported successfully. ID:1170
08-17-2022 @ 07:17:54 - > Finished importing user 1170
08-17-2022 @ 07:17:54 - Row :24 - User imported successfully.
08-17-2022 @ 07:17:54 - Row :25 - Parsing item.
08-17-2022 @ 07:17:54 - Row :25 - Parsing failed. Reason: User with same Email already exists. Email: basant.bhotika@gmail.com
08-17-2022 @ 07:17:54 - Row :26 - Parsing item.
08-17-2022 @ 07:17:54 - Row :26 - Processing item.
08-17-2022 @ 07:17:54 - Processing users.
08-17-2022 @ 07:17:58 - > &#8220;1172&#8221;User imported successfully. ID:1172
08-17-2022 @ 07:17:58 - > Finished importing user 1172
08-17-2022 @ 07:17:58 - Row :26 - User imported successfully.
08-17-2022 @ 07:17:58 - Row :27 - Parsing item.
08-17-2022 @ 07:17:58 - Row :27 - Parsing failed. Reason: User with same Email already exists. Email: food.factory@kohinoorfoods.in
08-17-2022 @ 07:17:58 - Row :28 - Parsing item.
08-17-2022 @ 07:17:58 - Row :28 - Processing item.
08-17-2022 @ 07:17:58 - Processing users.
08-17-2022 @ 07:18:02 - > &#8220;1174&#8221;User imported successfully. ID:1174
08-17-2022 @ 07:18:02 - > Finished importing user 1174
08-17-2022 @ 07:18:02 - Row :28 - User imported successfully.
08-17-2022 @ 07:18:02 - Row :29 - Parsing item.
08-17-2022 @ 07:18:02 - Row :29 - Parsing failed. Reason: User with same Email already exists. Email: dankuniworks@esselindia.com
08-17-2022 @ 07:18:02 - Row :30 - Parsing item.
08-17-2022 @ 07:18:02 - Row :30 - Processing item.
08-17-2022 @ 07:18:02 - Processing users.
08-17-2022 @ 07:18:05 - > &#8220;1176&#8221;User imported successfully. ID:1176
08-17-2022 @ 07:18:05 - > Finished importing user 1176
08-17-2022 @ 07:18:05 - Row :30 - User imported successfully.
08-17-2022 @ 07:18:05 - Row :31 - Parsing item.
08-17-2022 @ 07:18:05 - Row :31 - Parsing failed. Reason: User with same Email already exists. Email: anusha.rajan@hmdglobal.com
08-17-2022 @ 07:18:05 - Row :32 - Parsing item.
08-17-2022 @ 07:18:05 - Row :32 - Processing item.
08-17-2022 @ 07:18:05 - Processing users.
08-17-2022 @ 07:18:08 - > &#8220;1178&#8221;User imported successfully. ID:1178
08-17-2022 @ 07:18:08 - > Finished importing user 1178
08-17-2022 @ 07:18:08 - Row :32 - User imported successfully.
08-17-2022 @ 07:18:08 - Row :33 - Parsing item.
08-17-2022 @ 07:18:08 - Row :33 - Parsing failed. Reason: User with same Email already exists. Email: garima.chatterjee@flipkart.com
08-17-2022 @ 07:18:08 - Row :34 - Parsing item.
08-17-2022 @ 07:18:08 - Row :34 - Processing item.
08-17-2022 @ 07:18:08 - Processing users.
08-17-2022 @ 07:18:12 - > &#8220;1180&#8221;User imported successfully. ID:1180
08-17-2022 @ 07:18:12 - > Finished importing user 1180
08-17-2022 @ 07:18:12 - Row :34 - User imported successfully.
08-17-2022 @ 07:18:12 - Row :35 - Parsing item.
08-17-2022 @ 07:18:12 - Row :35 - Parsing failed. Reason: User with same Email already exists. Email: tarun@arb-bearings.com
08-17-2022 @ 07:18:12 - Row :36 - Parsing item.
08-17-2022 @ 07:18:12 - Row :36 - Processing item.
08-17-2022 @ 07:18:12 - Processing users.
08-17-2022 @ 07:18:15 - > &#8220;1182&#8221;User imported successfully. ID:1182
08-17-2022 @ 07:18:15 - > Finished importing user 1182
08-17-2022 @ 07:18:15 - Row :36 - User imported successfully.
08-17-2022 @ 07:18:15 - Row :37 - Parsing item.
08-17-2022 @ 07:18:15 - Row :37 - Parsing failed. Reason: User with same Email already exists. Email: purchase@concap.in
08-17-2022 @ 07:18:15 - Row :38 - Parsing item.
08-17-2022 @ 07:18:15 - Row :38 - Processing item.
08-17-2022 @ 07:18:15 - Processing users.
08-17-2022 @ 07:18:19 - > &#8220;1184&#8221;User imported successfully. ID:1184
08-17-2022 @ 07:18:19 - > Finished importing user 1184
08-17-2022 @ 07:18:19 - Row :38 - User imported successfully.
08-17-2022 @ 07:18:19 - Row :39 - Parsing item.
08-17-2022 @ 07:18:19 - Row :39 - Parsing failed. Reason: User with same Email already exists. Email: zakir.ali@ansell.com
08-17-2022 @ 07:18:19 - Row :40 - Parsing item.
08-17-2022 @ 07:18:19 - Row :40 - Processing item.
08-17-2022 @ 07:18:19 - Processing users.
08-17-2022 @ 07:18:22 - > &#8220;1186&#8221;User imported successfully. ID:1186
08-17-2022 @ 07:18:22 - > Finished importing user 1186
08-17-2022 @ 07:18:22 - Row :40 - User imported successfully.
08-17-2022 @ 07:18:22 - Row :41 - Parsing item.
08-17-2022 @ 07:18:22 - Row :41 - Processing item.
08-17-2022 @ 07:18:22 - Processing users.
08-17-2022 @ 07:18:22 - > Error inserting 1: Sorry, that username already exists!
08-17-2022 @ 07:18:22 - Row :41 - Processing failed. Reason: > Error inserting 1: Sorry, that username already exists!
08-17-2022 @ 07:18:22 - Row :42 - Parsing item.
08-17-2022 @ 07:18:22 - Row :42 - Processing item.
08-17-2022 @ 07:18:22 - Processing users.
08-17-2022 @ 07:18:26 - > &#8220;1188&#8221;User imported successfully. ID:1188
08-17-2022 @ 07:18:26 - > Finished importing user 1188
08-17-2022 @ 07:18:26 - Row :42 - User imported successfully.
08-17-2022 @ 07:18:26 - Row :43 - Parsing item.
08-17-2022 @ 07:18:26 - Row :43 - Parsing failed. Reason: User with same Email already exists. Email: riketif986@syswift.com
08-17-2022 @ 07:18:26 - Row :44 - Parsing item.
08-17-2022 @ 07:18:26 - Row :44 - Processing item.
08-17-2022 @ 07:18:26 - Processing users.
08-17-2022 @ 07:18:30 - > &#8220;1190&#8221;User imported successfully. ID:1190
08-17-2022 @ 07:18:30 - > Finished importing user 1190
08-17-2022 @ 07:18:30 - Row :44 - User imported successfully.
08-17-2022 @ 07:18:30 - Row :45 - Parsing item.
08-17-2022 @ 07:18:30 - Row :45 - Parsing failed. Reason: User with same Email already exists. Email: office@vijayhomefoods.com
08-17-2022 @ 07:18:30 - Row :46 - Parsing item.
08-17-2022 @ 07:18:30 - Row :46 - Processing item.
08-17-2022 @ 07:18:30 - Processing users.
08-17-2022 @ 07:18:33 - > &#8220;1192&#8221;User imported successfully. ID:1192
08-17-2022 @ 07:18:33 - > Finished importing user 1192
08-17-2022 @ 07:18:33 - Row :46 - User imported successfully.
08-17-2022 @ 07:18:33 - Row :47 - Parsing item.
08-17-2022 @ 07:18:33 - Row :47 - Processing item.
08-17-2022 @ 07:18:33 - Processing users.
08-17-2022 @ 07:18:37 - > &#8220;1193&#8221;User imported successfully. ID:1193
08-17-2022 @ 07:18:37 - > Finished importing user 1193
08-17-2022 @ 07:18:37 - Row :47 - User imported successfully.
08-17-2022 @ 07:18:37 - Row :48 - Parsing item.
08-17-2022 @ 07:18:37 - Row :48 - Parsing failed. Reason: User with same Email already exists. Email: shriram@vstind.com
08-17-2022 @ 07:18:37 - Row :49 - Parsing item.
08-17-2022 @ 07:18:37 - Row :49 - Processing item.
08-17-2022 @ 07:18:37 - Processing users.
08-17-2022 @ 07:18:41 - > &#8220;1195&#8221;User imported successfully. ID:1195
08-17-2022 @ 07:18:41 - > Finished importing user 1195
08-17-2022 @ 07:18:41 - Row :49 - User imported successfully.
08-17-2022 @ 07:18:41 - Row :50 - Parsing item.
08-17-2022 @ 07:18:41 - Row :50 - Processing item.
08-17-2022 @ 07:18:41 - Processing users.
08-17-2022 @ 07:18:45 - > &#8220;1197&#8221;User imported successfully. ID:1197
08-17-2022 @ 07:18:45 - > Finished importing user 1197
08-17-2022 @ 07:18:45 - Row :50 - User imported successfully.
