08-17-2022 @ 07:29:20 - ---[ New import started at 2022-08-17 07:29:20 ] PHP Memory: 256 MB, WP Memory: 40 MB
08-17-2022 @ 07:29:20 - Preparing for import.
08-17-2022 @ 07:29:20 - Row :1 - Parsing item.
08-17-2022 @ 07:29:20 - Row :1 - Processing item.
08-17-2022 @ 07:29:20 - Processing users.
08-17-2022 @ 07:29:22 - > &#8220;1260&#8221;User imported successfully. ID:1260
08-17-2022 @ 07:29:22 - > Finished importing user 1260
08-17-2022 @ 07:29:22 - Row :1 - User imported successfully.
08-17-2022 @ 07:29:22 - Row :2 - Parsing item.
08-17-2022 @ 07:29:22 - Row :2 - Processing item.
08-17-2022 @ 07:29:22 - Processing users.
08-17-2022 @ 07:29:25 - > &#8220;1261&#8221;User imported successfully. ID:1261
08-17-2022 @ 07:29:25 - > Finished importing user 1261
08-17-2022 @ 07:29:25 - Row :2 - User imported successfully.
08-17-2022 @ 07:29:25 - Row :3 - Parsing item.
08-17-2022 @ 07:29:25 - Row :3 - Processing item.
08-17-2022 @ 07:29:25 - Processing users.
08-17-2022 @ 07:29:27 - > &#8220;1262&#8221;User imported successfully. ID:1262
08-17-2022 @ 07:29:27 - > Finished importing user 1262
08-17-2022 @ 07:29:27 - Row :3 - User imported successfully.
08-17-2022 @ 07:29:27 - Row :4 - Parsing item.
08-17-2022 @ 07:29:27 - Row :4 - Processing item.
08-17-2022 @ 07:29:27 - Processing users.
08-17-2022 @ 07:29:30 - > &#8220;1263&#8221;User imported successfully. ID:1263
08-17-2022 @ 07:29:30 - > Finished importing user 1263
08-17-2022 @ 07:29:30 - Row :4 - User imported successfully.
08-17-2022 @ 07:29:30 - Row :5 - Parsing item.
08-17-2022 @ 07:29:30 - Row :5 - Processing item.
08-17-2022 @ 07:29:30 - Processing users.
08-17-2022 @ 07:29:33 - > &#8220;1264&#8221;User imported successfully. ID:1264
08-17-2022 @ 07:29:33 - > Finished importing user 1264
08-17-2022 @ 07:29:33 - Row :5 - User imported successfully.
08-17-2022 @ 07:29:33 - Row :6 - Parsing item.
08-17-2022 @ 07:29:33 - Row :6 - Processing item.
08-17-2022 @ 07:29:33 - Processing users.
08-17-2022 @ 07:29:35 - > &#8220;1265&#8221;User imported successfully. ID:1265
08-17-2022 @ 07:29:35 - > Finished importing user 1265
08-17-2022 @ 07:29:35 - Row :6 - User imported successfully.
08-17-2022 @ 07:29:35 - Row :7 - Parsing item.
08-17-2022 @ 07:29:35 - Row :7 - Processing item.
08-17-2022 @ 07:29:35 - Processing users.
08-17-2022 @ 07:29:37 - > &#8220;1266&#8221;User imported successfully. ID:1266
08-17-2022 @ 07:29:37 - > Finished importing user 1266
08-17-2022 @ 07:29:37 - Row :7 - User imported successfully.
08-17-2022 @ 07:29:37 - Row :8 - Parsing item.
08-17-2022 @ 07:29:37 - Row :8 - Processing item.
08-17-2022 @ 07:29:37 - Processing users.
08-17-2022 @ 07:29:40 - > &#8220;1267&#8221;User imported successfully. ID:1267
08-17-2022 @ 07:29:40 - > Finished importing user 1267
08-17-2022 @ 07:29:40 - Row :8 - User imported successfully.
08-17-2022 @ 07:29:40 - Row :9 - Parsing item.
08-17-2022 @ 07:29:40 - Row :9 - Processing item.
08-17-2022 @ 07:29:40 - Processing users.
08-17-2022 @ 07:29:42 - > &#8220;1268&#8221;User imported successfully. ID:1268
08-17-2022 @ 07:29:42 - > Finished importing user 1268
08-17-2022 @ 07:29:42 - Row :9 - User imported successfully.
08-17-2022 @ 07:29:42 - Row :10 - Parsing item.
08-17-2022 @ 07:29:42 - Row :10 - Processing item.
08-17-2022 @ 07:29:42 - Processing users.
08-17-2022 @ 07:29:45 - > &#8220;1269&#8221;User imported successfully. ID:1269
08-17-2022 @ 07:29:45 - > Finished importing user 1269
08-17-2022 @ 07:29:45 - Row :10 - User imported successfully.
08-17-2022 @ 07:29:45 - Row :11 - Parsing item.
08-17-2022 @ 07:29:45 - Row :11 - Processing item.
08-17-2022 @ 07:29:45 - Processing users.
08-17-2022 @ 07:29:47 - > &#8220;1270&#8221;User imported successfully. ID:1270
08-17-2022 @ 07:29:47 - > Finished importing user 1270
08-17-2022 @ 07:29:47 - Row :11 - User imported successfully.
08-17-2022 @ 07:29:47 - Row :12 - Parsing item.
08-17-2022 @ 07:29:47 - Row :12 - Processing item.
08-17-2022 @ 07:29:47 - Processing users.
08-17-2022 @ 07:29:50 - > &#8220;1271&#8221;User imported successfully. ID:1271
08-17-2022 @ 07:29:50 - > Finished importing user 1271
08-17-2022 @ 07:29:50 - Row :12 - User imported successfully.
08-17-2022 @ 07:29:50 - Row :13 - Parsing item.
08-17-2022 @ 07:29:50 - Row :13 - Processing item.
08-17-2022 @ 07:29:50 - Processing users.
08-17-2022 @ 07:29:52 - > &#8220;1272&#8221;User imported successfully. ID:1272
08-17-2022 @ 07:29:52 - > Finished importing user 1272
08-17-2022 @ 07:29:52 - Row :13 - User imported successfully.
08-17-2022 @ 07:29:52 - Row :14 - Parsing item.
08-17-2022 @ 07:29:52 - Row :14 - Processing item.
08-17-2022 @ 07:29:52 - Processing users.
08-17-2022 @ 07:29:55 - > &#8220;1273&#8221;User imported successfully. ID:1273
08-17-2022 @ 07:29:55 - > Finished importing user 1273
08-17-2022 @ 07:29:55 - Row :14 - User imported successfully.
08-17-2022 @ 07:29:55 - Row :15 - Parsing item.
08-17-2022 @ 07:29:55 - Row :15 - Processing item.
08-17-2022 @ 07:29:55 - Processing users.
08-17-2022 @ 07:29:58 - > &#8220;1274&#8221;User imported successfully. ID:1274
08-17-2022 @ 07:29:58 - > Finished importing user 1274
08-17-2022 @ 07:29:58 - Row :15 - User imported successfully.
08-17-2022 @ 07:29:58 - Row :16 - Parsing item.
08-17-2022 @ 07:29:58 - Row :16 - Processing item.
08-17-2022 @ 07:29:58 - Processing users.
08-17-2022 @ 07:30:01 - > &#8220;1275&#8221;User imported successfully. ID:1275
08-17-2022 @ 07:30:01 - > Finished importing user 1275
08-17-2022 @ 07:30:01 - Row :16 - User imported successfully.
08-17-2022 @ 07:30:01 - Row :17 - Parsing item.
08-17-2022 @ 07:30:01 - Row :17 - Processing item.
08-17-2022 @ 07:30:01 - Processing users.
08-17-2022 @ 07:30:03 - > &#8220;1276&#8221;User imported successfully. ID:1276
08-17-2022 @ 07:30:03 - > Finished importing user 1276
08-17-2022 @ 07:30:03 - Row :17 - User imported successfully.
08-17-2022 @ 07:30:03 - Row :18 - Parsing item.
08-17-2022 @ 07:30:03 - Row :18 - Processing item.
08-17-2022 @ 07:30:03 - Processing users.
08-17-2022 @ 07:30:06 - > &#8220;1277&#8221;User imported successfully. ID:1277
08-17-2022 @ 07:30:06 - > Finished importing user 1277
08-17-2022 @ 07:30:06 - Row :18 - User imported successfully.
08-17-2022 @ 07:30:06 - Row :19 - Parsing item.
08-17-2022 @ 07:30:06 - Row :19 - Processing item.
08-17-2022 @ 07:30:06 - Processing users.
08-17-2022 @ 07:30:08 - > &#8220;1278&#8221;User imported successfully. ID:1278
08-17-2022 @ 07:30:08 - > Finished importing user 1278
08-17-2022 @ 07:30:08 - Row :19 - User imported successfully.
08-17-2022 @ 07:30:08 - Row :20 - Parsing item.
08-17-2022 @ 07:30:08 - Row :20 - Processing item.
08-17-2022 @ 07:30:08 - Processing users.
08-17-2022 @ 07:30:10 - > &#8220;1279&#8221;User imported successfully. ID:1279
08-17-2022 @ 07:30:10 - > Finished importing user 1279
08-17-2022 @ 07:30:10 - Row :20 - User imported successfully.
08-17-2022 @ 07:30:10 - Row :21 - Parsing item.
08-17-2022 @ 07:30:10 - Row :21 - Processing item.
08-17-2022 @ 07:30:10 - Processing users.
08-17-2022 @ 07:30:13 - > &#8220;1280&#8221;User imported successfully. ID:1280
08-17-2022 @ 07:30:13 - > Finished importing user 1280
08-17-2022 @ 07:30:13 - Row :21 - User imported successfully.
08-17-2022 @ 07:30:13 - Row :22 - Parsing item.
08-17-2022 @ 07:30:13 - Row :22 - Processing item.
08-17-2022 @ 07:30:13 - Processing users.
08-17-2022 @ 07:30:16 - > &#8220;1281&#8221;User imported successfully. ID:1281
08-17-2022 @ 07:30:16 - > Finished importing user 1281
08-17-2022 @ 07:30:16 - Row :22 - User imported successfully.
08-17-2022 @ 07:30:16 - Row :23 - Parsing item.
08-17-2022 @ 07:30:16 - Row :23 - Processing item.
08-17-2022 @ 07:30:16 - Processing users.
08-17-2022 @ 07:30:19 - > &#8220;1282&#8221;User imported successfully. ID:1282
08-17-2022 @ 07:30:19 - > Finished importing user 1282
08-17-2022 @ 07:30:19 - Row :23 - User imported successfully.
08-17-2022 @ 07:30:19 - Row :24 - Parsing item.
08-17-2022 @ 07:30:19 - Row :24 - Processing item.
08-17-2022 @ 07:30:19 - Processing users.
08-17-2022 @ 07:30:22 - > &#8220;1283&#8221;User imported successfully. ID:1283
08-17-2022 @ 07:30:22 - > Finished importing user 1283
08-17-2022 @ 07:30:22 - Row :24 - User imported successfully.
08-17-2022 @ 07:30:22 - Row :25 - Parsing item.
08-17-2022 @ 07:30:22 - Row :25 - Processing item.
08-17-2022 @ 07:30:22 - Processing users.
08-17-2022 @ 07:30:25 - > &#8220;1284&#8221;User imported successfully. ID:1284
08-17-2022 @ 07:30:25 - > Finished importing user 1284
08-17-2022 @ 07:30:25 - Row :25 - User imported successfully.
08-17-2022 @ 07:30:25 - Row :26 - Parsing item.
08-17-2022 @ 07:30:25 - Row :26 - Processing item.
08-17-2022 @ 07:30:25 - Processing users.
08-17-2022 @ 07:30:28 - > &#8220;1285&#8221;User imported successfully. ID:1285
08-17-2022 @ 07:30:28 - > Finished importing user 1285
08-17-2022 @ 07:30:28 - Row :26 - User imported successfully.
08-17-2022 @ 07:30:28 - Row :27 - Parsing item.
08-17-2022 @ 07:30:28 - Row :27 - Processing item.
08-17-2022 @ 07:30:28 - Processing users.
08-17-2022 @ 07:30:30 - > &#8220;1286&#8221;User imported successfully. ID:1286
08-17-2022 @ 07:30:30 - > Finished importing user 1286
08-17-2022 @ 07:30:30 - Row :27 - User imported successfully.
08-17-2022 @ 07:30:30 - Row :28 - Parsing item.
08-17-2022 @ 07:30:30 - Row :28 - Processing item.
08-17-2022 @ 07:30:30 - Processing users.
08-17-2022 @ 07:30:33 - > &#8220;1287&#8221;User imported successfully. ID:1287
08-17-2022 @ 07:30:33 - > Finished importing user 1287
08-17-2022 @ 07:30:33 - Row :28 - User imported successfully.
08-17-2022 @ 07:30:33 - Row :29 - Parsing item.
08-17-2022 @ 07:30:33 - Row :29 - Processing item.
08-17-2022 @ 07:30:33 - Processing users.
08-17-2022 @ 07:30:36 - > &#8220;1288&#8221;User imported successfully. ID:1288
08-17-2022 @ 07:30:36 - > Finished importing user 1288
08-17-2022 @ 07:30:36 - Row :29 - User imported successfully.
08-17-2022 @ 07:30:36 - Row :30 - Parsing item.
08-17-2022 @ 07:30:36 - Row :30 - Processing item.
08-17-2022 @ 07:30:36 - Processing users.
08-17-2022 @ 07:30:38 - > &#8220;1289&#8221;User imported successfully. ID:1289
08-17-2022 @ 07:30:38 - > Finished importing user 1289
08-17-2022 @ 07:30:38 - Row :30 - User imported successfully.
08-17-2022 @ 07:30:38 - Row :31 - Parsing item.
08-17-2022 @ 07:30:38 - Row :31 - Processing item.
08-17-2022 @ 07:30:38 - Processing users.
08-17-2022 @ 07:30:41 - > &#8220;1290&#8221;User imported successfully. ID:1290
08-17-2022 @ 07:30:41 - > Finished importing user 1290
08-17-2022 @ 07:30:41 - Row :31 - User imported successfully.
08-17-2022 @ 07:30:41 - Row :32 - Parsing item.
08-17-2022 @ 07:30:41 - Row :32 - Processing item.
08-17-2022 @ 07:30:41 - Processing users.
08-17-2022 @ 07:30:44 - > &#8220;1291&#8221;User imported successfully. ID:1291
08-17-2022 @ 07:30:44 - > Finished importing user 1291
08-17-2022 @ 07:30:44 - Row :32 - User imported successfully.
08-17-2022 @ 07:30:44 - Row :33 - Parsing item.
08-17-2022 @ 07:30:44 - Row :33 - Processing item.
08-17-2022 @ 07:30:44 - Processing users.
08-17-2022 @ 07:30:46 - > &#8220;1292&#8221;User imported successfully. ID:1292
08-17-2022 @ 07:30:46 - > Finished importing user 1292
08-17-2022 @ 07:30:46 - Row :33 - User imported successfully.
08-17-2022 @ 07:30:46 - Row :34 - Parsing item.
08-17-2022 @ 07:30:46 - Row :34 - Processing item.
08-17-2022 @ 07:30:46 - Processing users.
08-17-2022 @ 07:30:49 - > &#8220;1293&#8221;User imported successfully. ID:1293
08-17-2022 @ 07:30:49 - > Finished importing user 1293
08-17-2022 @ 07:30:49 - Row :34 - User imported successfully.
08-17-2022 @ 07:30:49 - Row :35 - Parsing item.
08-17-2022 @ 07:30:49 - Row :35 - Processing item.
08-17-2022 @ 07:30:49 - Processing users.
08-17-2022 @ 07:30:52 - > &#8220;1294&#8221;User imported successfully. ID:1294
08-17-2022 @ 07:30:52 - > Finished importing user 1294
08-17-2022 @ 07:30:52 - Row :35 - User imported successfully.
08-17-2022 @ 07:30:52 - Row :36 - Parsing item.
08-17-2022 @ 07:30:52 - Row :36 - Processing item.
08-17-2022 @ 07:30:52 - Processing users.
08-17-2022 @ 07:30:54 - > &#8220;1295&#8221;User imported successfully. ID:1295
08-17-2022 @ 07:30:54 - > Finished importing user 1295
08-17-2022 @ 07:30:54 - Row :36 - User imported successfully.
08-17-2022 @ 07:30:54 - Row :37 - Parsing item.
08-17-2022 @ 07:30:54 - Row :37 - Processing item.
08-17-2022 @ 07:30:54 - Processing users.
08-17-2022 @ 07:30:57 - > &#8220;1296&#8221;User imported successfully. ID:1296
08-17-2022 @ 07:30:57 - > Finished importing user 1296
08-17-2022 @ 07:30:57 - Row :37 - User imported successfully.
08-17-2022 @ 07:30:57 - Row :38 - Parsing item.
08-17-2022 @ 07:30:57 - Row :38 - Processing item.
08-17-2022 @ 07:30:57 - Processing users.
08-17-2022 @ 07:30:59 - > &#8220;1297&#8221;User imported successfully. ID:1297
08-17-2022 @ 07:30:59 - > Finished importing user 1297
08-17-2022 @ 07:30:59 - Row :38 - User imported successfully.
08-17-2022 @ 07:30:59 - Row :39 - Parsing item.
08-17-2022 @ 07:30:59 - Row :39 - Processing item.
08-17-2022 @ 07:30:59 - Processing users.
08-17-2022 @ 07:31:03 - > &#8220;1298&#8221;User imported successfully. ID:1298
08-17-2022 @ 07:31:03 - > Finished importing user 1298
08-17-2022 @ 07:31:03 - Row :39 - User imported successfully.
08-17-2022 @ 07:31:03 - Row :40 - Parsing item.
08-17-2022 @ 07:31:03 - Row :40 - Processing item.
08-17-2022 @ 07:31:03 - Processing users.
08-17-2022 @ 07:31:05 - > &#8220;1299&#8221;User imported successfully. ID:1299
08-17-2022 @ 07:31:05 - > Finished importing user 1299
08-17-2022 @ 07:31:05 - Row :40 - User imported successfully.
08-17-2022 @ 07:31:05 - Row :41 - Parsing item.
08-17-2022 @ 07:31:05 - Row :41 - Processing item.
08-17-2022 @ 07:31:05 - Processing users.
08-17-2022 @ 07:31:08 - > &#8220;1300&#8221;User imported successfully. ID:1300
08-17-2022 @ 07:31:08 - > Finished importing user 1300
08-17-2022 @ 07:31:08 - Row :41 - User imported successfully.
08-17-2022 @ 07:31:08 - Row :42 - Parsing item.
08-17-2022 @ 07:31:08 - Row :42 - Processing item.
08-17-2022 @ 07:31:08 - Processing users.
08-17-2022 @ 07:31:10 - > &#8220;1301&#8221;User imported successfully. ID:1301
08-17-2022 @ 07:31:10 - > Finished importing user 1301
08-17-2022 @ 07:31:10 - Row :42 - User imported successfully.
08-17-2022 @ 07:31:10 - Row :43 - Parsing item.
08-17-2022 @ 07:31:10 - Row :43 - Processing item.
08-17-2022 @ 07:31:10 - Processing users.
08-17-2022 @ 07:31:13 - > &#8220;1302&#8221;User imported successfully. ID:1302
08-17-2022 @ 07:31:13 - > Finished importing user 1302
08-17-2022 @ 07:31:13 - Row :43 - User imported successfully.
08-17-2022 @ 07:31:13 - Row :44 - Parsing item.
08-17-2022 @ 07:31:13 - Row :44 - Processing item.
08-17-2022 @ 07:31:13 - Processing users.
08-17-2022 @ 07:31:17 - > &#8220;1303&#8221;User imported successfully. ID:1303
08-17-2022 @ 07:31:17 - > Finished importing user 1303
08-17-2022 @ 07:31:17 - Row :44 - User imported successfully.
08-17-2022 @ 07:31:17 - Row :45 - Parsing item.
08-17-2022 @ 07:31:17 - Row :45 - Processing item.
08-17-2022 @ 07:31:17 - Processing users.
08-17-2022 @ 07:31:21 - > &#8220;1304&#8221;User imported successfully. ID:1304
08-17-2022 @ 07:31:21 - > Finished importing user 1304
08-17-2022 @ 07:31:21 - Row :45 - User imported successfully.
08-17-2022 @ 07:31:21 - Row :46 - Parsing item.
08-17-2022 @ 07:31:21 - Row :46 - Processing item.
08-17-2022 @ 07:31:21 - Processing users.
08-17-2022 @ 07:31:24 - > &#8220;1305&#8221;User imported successfully. ID:1305
08-17-2022 @ 07:31:24 - > Finished importing user 1305
08-17-2022 @ 07:31:24 - Row :46 - User imported successfully.
08-17-2022 @ 07:31:24 - Row :47 - Parsing item.
08-17-2022 @ 07:31:24 - > skipped: Email is not valid. na1
08-17-2022 @ 07:31:24 - Row :47 - Parsing failed. Reason: >  skipped: Email is not valid.
08-17-2022 @ 07:31:24 - Row :48 - Parsing item.
08-17-2022 @ 07:31:24 - Row :48 - Processing item.
08-17-2022 @ 07:31:24 - Processing users.
08-17-2022 @ 07:31:28 - > &#8220;1306&#8221;User imported successfully. ID:1306
08-17-2022 @ 07:31:28 - > Finished importing user 1306
08-17-2022 @ 07:31:28 - Row :48 - User imported successfully.
08-17-2022 @ 07:31:28 - Row :49 - Parsing item.
08-17-2022 @ 07:31:28 - Row :49 - Processing item.
08-17-2022 @ 07:31:28 - Processing users.
08-17-2022 @ 07:31:31 - > &#8220;1307&#8221;User imported successfully. ID:1307
08-17-2022 @ 07:31:31 - > Finished importing user 1307
08-17-2022 @ 07:31:31 - Row :49 - User imported successfully.
08-17-2022 @ 07:31:31 - Row :50 - Parsing item.
08-17-2022 @ 07:31:31 - Row :50 - Processing item.
08-17-2022 @ 07:31:31 - Processing users.
08-17-2022 @ 07:31:34 - > &#8220;1308&#8221;User imported successfully. ID:1308
08-17-2022 @ 07:31:34 - > Finished importing user 1308
08-17-2022 @ 07:31:34 - Row :50 - User imported successfully.
