08-17-2022 @ 07:31:37 - ---[ New import started at 2022-08-17 07:31:37 ] PHP Memory: 256 MB, WP Memory: 40 MB
08-17-2022 @ 07:31:37 - Preparing for import.
08-17-2022 @ 07:31:37 - Row :1 - Parsing item.
08-17-2022 @ 07:31:37 - Row :1 - Parsing failed. Reason: User with same Email already exists. Email: TANEJAD22@GMAIL.COM
08-17-2022 @ 07:31:37 - Row :2 - Parsing item.
08-17-2022 @ 07:31:37 - Row :2 - Parsing failed. Reason: User with same Email already exists. Email: balajipolypacksmg@gmail.com
08-17-2022 @ 07:31:37 - Row :3 - Parsing item.
08-17-2022 @ 07:31:37 - Row :3 - Parsing failed. Reason: User with same Email already exists. Email: vivek.raizada@godrejagrovet.com
08-17-2022 @ 07:31:37 - Row :4 - Parsing item.
08-17-2022 @ 07:31:37 - Row :4 - Parsing failed. Reason: User with same Email already exists. Email: kundan.dubey@vippysoya.com
08-17-2022 @ 07:31:37 - Row :5 - Parsing item.
08-17-2022 @ 07:31:37 - Row :5 - Parsing failed. Reason: User with same Email already exists. Email: eprunit6.p@gmail.com
08-17-2022 @ 07:31:37 - Row :6 - Parsing item.
08-17-2022 @ 07:31:37 - Row :6 - Parsing failed. Reason: User with same Email already exists. Email: HONEYMANGLA427@GMAIL.COM
08-17-2022 @ 07:31:37 - Row :7 - Parsing item.
08-17-2022 @ 07:31:37 - Row :7 - Parsing failed. Reason: User with same Email already exists. Email: mauryawire@mauryagroup.in
08-17-2022 @ 07:31:37 - Row :8 - Parsing item.
08-17-2022 @ 07:31:37 - Row :8 - Parsing failed. Reason: User with same Email already exists. Email: eprunit6.i@gmail.com
08-17-2022 @ 07:31:37 - Row :9 - Parsing item.
08-17-2022 @ 07:31:37 - Row :9 - Parsing failed. Reason: User with same Email already exists. Email: preeti.dighe@godrejagrovet.com
08-17-2022 @ 07:31:37 - Row :10 - Parsing item.
08-17-2022 @ 07:31:37 - Row :10 - Parsing failed. Reason: User with same Email already exists. Email: marketing@waranamilk.com
08-17-2022 @ 07:31:37 - Row :11 - Parsing item.
08-17-2022 @ 07:31:37 - Row :11 - Parsing failed. Reason: User with same Email already exists. Email: deepak.mishra@earindia.com
08-17-2022 @ 07:31:37 - Row :12 - Parsing item.
08-17-2022 @ 07:31:37 - Row :12 - Parsing failed. Reason: User with same Email already exists. Email: eprunit6.bo@gmail.com
08-17-2022 @ 07:31:37 - Row :13 - Parsing item.
08-17-2022 @ 07:31:37 - Row :13 - Parsing failed. Reason: User with same Email already exists. Email: sabita.packaging@gmail.com
08-17-2022 @ 07:31:37 - Row :14 - Parsing item.
08-17-2022 @ 07:31:37 - Row :14 - Parsing failed. Reason: User with same Email already exists. Email: ashra_in@hotmail.com
08-17-2022 @ 07:31:37 - Row :15 - Parsing item.
08-17-2022 @ 07:31:37 - Row :15 - Parsing failed. Reason: User with same Email already exists. Email: accounts@earindia.com
08-17-2022 @ 07:31:37 - Row :16 - Parsing item.
08-17-2022 @ 07:31:37 - Row :16 - Parsing failed. Reason: User with same Email already exists. Email: skumar55323@gmail.com
08-17-2022 @ 07:31:37 - Row :17 - Parsing item.
08-17-2022 @ 07:31:37 - Row :17 - Parsing failed. Reason: User with same Email already exists. Email: anchalpoly@gmail.com
08-17-2022 @ 07:31:37 - Row :18 - Parsing item.
08-17-2022 @ 07:31:37 - Row :18 - Parsing failed. Reason: User with same Email already exists. Email: info@alphapacks.co.in
08-17-2022 @ 07:31:37 - Row :19 - Parsing item.
08-17-2022 @ 07:31:37 - Row :19 - Parsing failed. Reason: User with same Email already exists. Email: premak1121@gmail.com
08-17-2022 @ 07:31:37 - Row :20 - Parsing item.
08-17-2022 @ 07:31:37 - Row :20 - Parsing failed. Reason: User with same Email already exists. Email: anshul@modernquests.com
08-17-2022 @ 07:31:37 - Row :21 - Parsing item.
08-17-2022 @ 07:31:37 - Row :21 - Parsing failed. Reason: User with same Email already exists. Email: behl@unitecfibres.com
08-17-2022 @ 07:31:37 - Row :22 - Parsing item.
08-17-2022 @ 07:31:37 - Row :22 - Parsing failed. Reason: User with same Email already exists. Email: hmtike@kknag.com
08-17-2022 @ 07:31:37 - Row :23 - Parsing item.
08-17-2022 @ 07:31:37 - Row :23 - Parsing failed. Reason: User with same Email already exists. Email: yogiflexiblepackaging@yahoo.com
08-17-2022 @ 07:31:37 - Row :24 - Parsing item.
08-17-2022 @ 07:31:37 - Row :24 - Parsing failed. Reason: User with same Email already exists. Email: sicknp@rediffmail.com
08-17-2022 @ 07:31:37 - Row :25 - Parsing item.
08-17-2022 @ 07:31:37 - Row :25 - Parsing failed. Reason: User with same Email already exists. Email: ommnamah1947@gmail.com
08-17-2022 @ 07:31:37 - Row :26 - Parsing item.
08-17-2022 @ 07:31:37 - Row :26 - Parsing failed. Reason: User with same Email already exists. Email: ajoshi@garwarefibres.com
08-17-2022 @ 07:31:37 - Row :27 - Parsing item.
08-17-2022 @ 07:31:37 - Row :27 - Parsing failed. Reason: User with same Email already exists. Email: meherfashions.epr@gmail.com
08-17-2022 @ 07:31:37 - Row :28 - Parsing item.
08-17-2022 @ 07:31:37 - Row :28 - Parsing failed. Reason: User with same Email already exists. Email: meherfilaments.epr@gmail.com
08-17-2022 @ 07:31:37 - Row :29 - Parsing item.
08-17-2022 @ 07:31:37 - Row :29 - Parsing failed. Reason: User with same Email already exists. Email: srindustries1973@gmail.com
08-17-2022 @ 07:31:37 - Row :30 - Parsing item.
08-17-2022 @ 07:31:37 - Row :30 - Parsing failed. Reason: User with same Email already exists. Email: srindustriesdelhi1973@gmail.com
08-17-2022 @ 07:31:37 - Row :31 - Parsing item.
08-17-2022 @ 07:31:37 - Row :31 - Parsing failed. Reason: User with same Email already exists. Email: tax.sleek@sleekworld.com
08-17-2022 @ 07:31:37 - Row :32 - Parsing item.
08-17-2022 @ 07:31:37 - Row :32 - Parsing failed. Reason: User with same Email already exists. Email: jitendra.e@gmail.com
08-17-2022 @ 07:31:37 - Row :33 - Parsing item.
08-17-2022 @ 07:31:37 - Row :33 - Parsing failed. Reason: User with same Email already exists. Email: meherinternational.epr@gmail.com
08-17-2022 @ 07:31:37 - Row :34 - Parsing item.
08-17-2022 @ 07:31:37 - Row :34 - Parsing failed. Reason: User with same Email already exists. Email: anithapolypack@yahoo.com
08-17-2022 @ 07:31:37 - Row :35 - Parsing item.
08-17-2022 @ 07:31:37 - Row :35 - Parsing failed. Reason: User with same Email already exists. Email: Sehealthcare910@gmail.com
08-17-2022 @ 07:31:37 - Row :36 - Parsing item.
08-17-2022 @ 07:31:37 - Row :36 - Parsing failed. Reason: User with same Email already exists. Email: Preeta_Jathan@asus.com
08-17-2022 @ 07:31:37 - Row :37 - Parsing item.
08-17-2022 @ 07:31:37 - Row :37 - Parsing failed. Reason: User with same Email already exists. Email: devpolyplast10@gmail.com
08-17-2022 @ 07:31:37 - Row :38 - Parsing item.
08-17-2022 @ 07:31:37 - Row :38 - Parsing failed. Reason: User with same Email already exists. Email: panel.limited@yahoo.com
08-17-2022 @ 07:31:37 - Row :39 - Parsing item.
08-17-2022 @ 07:31:37 - Row :39 - Parsing failed. Reason: User with same Email already exists. Email: rahmantrue@gmail.com
08-17-2022 @ 07:31:37 - Row :40 - Parsing item.
08-17-2022 @ 07:31:37 - Row :40 - Parsing failed. Reason: User with same Email already exists. Email: mptradersds@gmail.com
08-17-2022 @ 07:31:37 - Row :41 - Parsing item.
08-17-2022 @ 07:31:37 - Row :41 - Parsing failed. Reason: User with same Email already exists. Email: accankit@hotmail.com
08-17-2022 @ 07:31:37 - Row :42 - Parsing item.
08-17-2022 @ 07:31:37 - Row :42 - Parsing failed. Reason: User with same Email already exists. Email: mecashishagarwal@gmail.com
08-17-2022 @ 07:31:37 - Row :43 - Parsing item.
08-17-2022 @ 07:31:37 - Row :43 - Parsing failed. Reason: User with same Email already exists. Email: manish@traverse.sg
08-17-2022 @ 07:31:37 - Row :44 - Parsing item.
08-17-2022 @ 07:31:37 - Row :44 - Parsing failed. Reason: User with same Email already exists. Email: siddivinayakindustries1@gmail.com
08-17-2022 @ 07:31:37 - Row :45 - Parsing item.
08-17-2022 @ 07:31:37 - Row :45 - Parsing failed. Reason: User with same Email already exists. Email: bksharma.cpcb@nic.in
08-17-2022 @ 07:31:37 - Row :46 - Parsing item.
08-17-2022 @ 07:31:37 - Row :46 - Parsing failed. Reason: User with same Email already exists. Email: ananthans.cpcb@gov.in
08-17-2022 @ 07:31:37 - Row :47 - Parsing item.
08-17-2022 @ 07:31:37 - > skipped: Email is not valid. na1
08-17-2022 @ 07:31:37 - Row :47 - Parsing failed. Reason: >  skipped: Email is not valid.
08-17-2022 @ 07:31:37 - Row :48 - Parsing item.
08-17-2022 @ 07:31:37 - Row :48 - Parsing failed. Reason: User with same Email already exists. Email: rakesh.cpcb@gov.in
08-17-2022 @ 07:31:37 - Row :49 - Parsing item.
08-17-2022 @ 07:31:37 - Row :49 - Parsing failed. Reason: User with same Email already exists. Email: jagan191.cpcb@gov.in
08-17-2022 @ 07:31:37 - Row :50 - Parsing item.
08-17-2022 @ 07:31:37 - Row :50 - Parsing failed. Reason: User with same Email already exists. Email: anoop.cpcb@nic.in
08-17-2022 @ 07:31:38 - Preparing for import.
08-17-2022 @ 07:31:38 - Row :51 - Parsing item.
08-17-2022 @ 07:31:38 - Row :51 - Processing item.
08-17-2022 @ 07:31:38 - Processing users.
08-17-2022 @ 07:31:43 - > &#8220;1309&#8221;User imported successfully. ID:1309
08-17-2022 @ 07:31:43 - > Finished importing user 1309
08-17-2022 @ 07:31:43 - Row :51 - User imported successfully.
08-17-2022 @ 07:31:43 - Row :52 - Parsing item.
08-17-2022 @ 07:31:43 - > skipped: Email is not valid. na2
08-17-2022 @ 07:31:43 - Row :52 - Parsing failed. Reason: >  skipped: Email is not valid.
08-17-2022 @ 07:31:43 - Row :53 - Parsing item.
08-17-2022 @ 07:31:43 - Row :53 - Processing item.
08-17-2022 @ 07:31:43 - Processing users.
08-17-2022 @ 07:31:46 - > &#8220;1310&#8221;User imported successfully. ID:1310
08-17-2022 @ 07:31:46 - > Finished importing user 1310
08-17-2022 @ 07:31:46 - Row :53 - User imported successfully.
08-17-2022 @ 07:31:46 - Row :54 - Parsing item.
08-17-2022 @ 07:31:46 - Row :54 - Processing item.
08-17-2022 @ 07:31:46 - Processing users.
08-17-2022 @ 07:31:48 - > &#8220;1311&#8221;User imported successfully. ID:1311
08-17-2022 @ 07:31:48 - > Finished importing user 1311
08-17-2022 @ 07:31:48 - Row :54 - User imported successfully.
08-17-2022 @ 07:31:48 - Row :55 - Parsing item.
08-17-2022 @ 07:31:48 - Row :55 - Processing item.
08-17-2022 @ 07:31:48 - Processing users.
08-17-2022 @ 07:31:51 - > &#8220;1312&#8221;User imported successfully. ID:1312
08-17-2022 @ 07:31:51 - > Finished importing user 1312
08-17-2022 @ 07:31:51 - Row :55 - User imported successfully.
08-17-2022 @ 07:31:51 - Row :56 - Parsing item.
08-17-2022 @ 07:31:51 - Row :56 - Processing item.
08-17-2022 @ 07:31:51 - Processing users.
08-17-2022 @ 07:31:54 - > &#8220;1313&#8221;User imported successfully. ID:1313
08-17-2022 @ 07:31:54 - > Finished importing user 1313
08-17-2022 @ 07:31:54 - Row :56 - User imported successfully.
08-17-2022 @ 07:31:54 - Row :57 - Parsing item.
08-17-2022 @ 07:31:54 - Row :57 - Processing item.
08-17-2022 @ 07:31:54 - Processing users.
08-17-2022 @ 07:31:57 - > &#8220;1314&#8221;User imported successfully. ID:1314
08-17-2022 @ 07:31:57 - > Finished importing user 1314
08-17-2022 @ 07:31:57 - Row :57 - User imported successfully.
08-17-2022 @ 07:31:57 - Row :58 - Parsing item.
08-17-2022 @ 07:31:57 - Row :58 - Processing item.
08-17-2022 @ 07:31:57 - Processing users.
08-17-2022 @ 07:32:00 - > &#8220;1315&#8221;User imported successfully. ID:1315
08-17-2022 @ 07:32:00 - > Finished importing user 1315
08-17-2022 @ 07:32:00 - Row :58 - User imported successfully.
08-17-2022 @ 07:32:00 - Row :59 - Parsing item.
08-17-2022 @ 07:32:00 - Row :59 - Processing item.
08-17-2022 @ 07:32:00 - Processing users.
08-17-2022 @ 07:32:03 - > &#8220;1316&#8221;User imported successfully. ID:1316
08-17-2022 @ 07:32:03 - > Finished importing user 1316
08-17-2022 @ 07:32:03 - Row :59 - User imported successfully.
08-17-2022 @ 07:32:03 - Row :60 - Parsing item.
08-17-2022 @ 07:32:03 - Row :60 - Processing item.
08-17-2022 @ 07:32:03 - Processing users.
08-17-2022 @ 07:32:05 - > &#8220;1317&#8221;User imported successfully. ID:1317
08-17-2022 @ 07:32:05 - > Finished importing user 1317
08-17-2022 @ 07:32:05 - Row :60 - User imported successfully.
08-17-2022 @ 07:32:05 - Row :61 - Parsing item.
08-17-2022 @ 07:32:05 - Row :61 - Processing item.
08-17-2022 @ 07:32:05 - Processing users.
08-17-2022 @ 07:32:08 - > &#8220;1318&#8221;User imported successfully. ID:1318
08-17-2022 @ 07:32:08 - > Finished importing user 1318
08-17-2022 @ 07:32:08 - Row :61 - User imported successfully.
08-17-2022 @ 07:32:08 - Row :62 - Parsing item.
08-17-2022 @ 07:32:08 - Row :62 - Processing item.
08-17-2022 @ 07:32:08 - Processing users.
08-17-2022 @ 07:32:11 - > &#8220;1319&#8221;User imported successfully. ID:1319
08-17-2022 @ 07:32:11 - > Finished importing user 1319
08-17-2022 @ 07:32:11 - Row :62 - User imported successfully.
08-17-2022 @ 07:32:11 - Row :63 - Parsing item.
08-17-2022 @ 07:32:11 - Row :63 - Processing item.
08-17-2022 @ 07:32:11 - Processing users.
08-17-2022 @ 07:32:13 - > &#8220;1320&#8221;User imported successfully. ID:1320
08-17-2022 @ 07:32:13 - > Finished importing user 1320
08-17-2022 @ 07:32:13 - Row :63 - User imported successfully.
08-17-2022 @ 07:32:13 - Row :64 - Parsing item.
08-17-2022 @ 07:32:13 - Row :64 - Processing item.
08-17-2022 @ 07:32:13 - Processing users.
08-17-2022 @ 07:32:16 - > &#8220;1321&#8221;User imported successfully. ID:1321
08-17-2022 @ 07:32:16 - > Finished importing user 1321
08-17-2022 @ 07:32:16 - Row :64 - User imported successfully.
08-17-2022 @ 07:32:16 - Row :65 - Parsing item.
08-17-2022 @ 07:32:16 - Row :65 - Processing item.
08-17-2022 @ 07:32:16 - Processing users.
08-17-2022 @ 07:32:18 - > &#8220;1322&#8221;User imported successfully. ID:1322
08-17-2022 @ 07:32:18 - > Finished importing user 1322
08-17-2022 @ 07:32:18 - Row :65 - User imported successfully.
08-17-2022 @ 07:32:18 - Row :66 - Parsing item.
08-17-2022 @ 07:32:18 - Row :66 - Processing item.
08-17-2022 @ 07:32:18 - Processing users.
08-17-2022 @ 07:32:21 - > &#8220;1323&#8221;User imported successfully. ID:1323
08-17-2022 @ 07:32:21 - > Finished importing user 1323
08-17-2022 @ 07:32:21 - Row :66 - User imported successfully.
08-17-2022 @ 07:32:21 - Row :67 - Parsing item.
08-17-2022 @ 07:32:21 - Row :67 - Processing item.
08-17-2022 @ 07:32:21 - Processing users.
08-17-2022 @ 07:32:24 - > &#8220;1324&#8221;User imported successfully. ID:1324
08-17-2022 @ 07:32:24 - > Finished importing user 1324
08-17-2022 @ 07:32:24 - Row :67 - User imported successfully.
08-17-2022 @ 07:32:24 - Row :68 - Parsing item.
08-17-2022 @ 07:32:24 - Row :68 - Processing item.
08-17-2022 @ 07:32:24 - Processing users.
08-17-2022 @ 07:32:27 - > &#8220;1325&#8221;User imported successfully. ID:1325
08-17-2022 @ 07:32:27 - > Finished importing user 1325
08-17-2022 @ 07:32:27 - Row :68 - User imported successfully.
08-17-2022 @ 07:32:27 - Row :69 - Parsing item.
08-17-2022 @ 07:32:27 - Row :69 - Processing item.
08-17-2022 @ 07:32:27 - Processing users.
08-17-2022 @ 07:32:30 - > &#8220;1326&#8221;User imported successfully. ID:1326
08-17-2022 @ 07:32:30 - > Finished importing user 1326
08-17-2022 @ 07:32:30 - Row :69 - User imported successfully.
08-17-2022 @ 07:32:30 - Row :70 - Parsing item.
08-17-2022 @ 07:32:30 - Row :70 - Processing item.
08-17-2022 @ 07:32:30 - Processing users.
08-17-2022 @ 07:32:32 - > &#8220;1327&#8221;User imported successfully. ID:1327
08-17-2022 @ 07:32:32 - > Finished importing user 1327
08-17-2022 @ 07:32:32 - Row :70 - User imported successfully.
08-17-2022 @ 07:32:32 - Row :71 - Parsing item.
08-17-2022 @ 07:32:32 - Row :71 - Processing item.
08-17-2022 @ 07:32:32 - Processing users.
08-17-2022 @ 07:32:35 - > &#8220;1328&#8221;User imported successfully. ID:1328
08-17-2022 @ 07:32:35 - > Finished importing user 1328
08-17-2022 @ 07:32:35 - Row :71 - User imported successfully.
08-17-2022 @ 07:32:35 - Row :72 - Parsing item.
08-17-2022 @ 07:32:35 - Row :72 - Processing item.
08-17-2022 @ 07:32:35 - Processing users.
08-17-2022 @ 07:32:37 - > &#8220;1329&#8221;User imported successfully. ID:1329
08-17-2022 @ 07:32:37 - > Finished importing user 1329
08-17-2022 @ 07:32:37 - Row :72 - User imported successfully.
08-17-2022 @ 07:32:37 - Row :73 - Parsing item.
08-17-2022 @ 07:32:37 - Row :73 - Processing item.
08-17-2022 @ 07:32:37 - Processing users.
08-17-2022 @ 07:32:40 - > &#8220;1330&#8221;User imported successfully. ID:1330
08-17-2022 @ 07:32:40 - > Finished importing user 1330
08-17-2022 @ 07:32:40 - Row :73 - User imported successfully.
08-17-2022 @ 07:32:40 - Row :74 - Parsing item.
08-17-2022 @ 07:32:40 - Row :74 - Processing item.
08-17-2022 @ 07:32:40 - Processing users.
08-17-2022 @ 07:32:43 - > &#8220;1331&#8221;User imported successfully. ID:1331
08-17-2022 @ 07:32:43 - > Finished importing user 1331
08-17-2022 @ 07:32:43 - Row :74 - User imported successfully.
08-17-2022 @ 07:32:43 - Row :75 - Parsing item.
08-17-2022 @ 07:32:43 - Row :75 - Processing item.
08-17-2022 @ 07:32:43 - Processing users.
08-17-2022 @ 07:32:46 - > &#8220;1332&#8221;User imported successfully. ID:1332
08-17-2022 @ 07:32:46 - > Finished importing user 1332
08-17-2022 @ 07:32:46 - Row :75 - User imported successfully.
08-17-2022 @ 07:32:46 - Row :76 - Parsing item.
08-17-2022 @ 07:32:46 - Row :76 - Processing item.
08-17-2022 @ 07:32:46 - Processing users.
08-17-2022 @ 07:32:48 - > &#8220;1333&#8221;User imported successfully. ID:1333
08-17-2022 @ 07:32:48 - > Finished importing user 1333
08-17-2022 @ 07:32:48 - Row :76 - User imported successfully.
08-17-2022 @ 07:32:48 - Row :77 - Parsing item.
08-17-2022 @ 07:32:48 - Row :77 - Processing item.
08-17-2022 @ 07:32:48 - Processing users.
08-17-2022 @ 07:32:51 - > &#8220;1334&#8221;User imported successfully. ID:1334
08-17-2022 @ 07:32:51 - > Finished importing user 1334
08-17-2022 @ 07:32:51 - Row :77 - User imported successfully.
08-17-2022 @ 07:32:51 - Row :78 - Parsing item.
08-17-2022 @ 07:32:51 - Row :78 - Processing item.
08-17-2022 @ 07:32:51 - Processing users.
08-17-2022 @ 07:32:53 - > &#8220;1335&#8221;User imported successfully. ID:1335
08-17-2022 @ 07:32:53 - > Finished importing user 1335
08-17-2022 @ 07:32:53 - Row :78 - User imported successfully.
08-17-2022 @ 07:32:53 - Row :79 - Parsing item.
08-17-2022 @ 07:32:53 - Row :79 - Processing item.
08-17-2022 @ 07:32:53 - Processing users.
08-17-2022 @ 07:32:56 - > &#8220;1336&#8221;User imported successfully. ID:1336
08-17-2022 @ 07:32:56 - > Finished importing user 1336
08-17-2022 @ 07:32:56 - Row :79 - User imported successfully.
08-17-2022 @ 07:32:56 - Row :80 - Parsing item.
08-17-2022 @ 07:32:56 - Row :80 - Processing item.
08-17-2022 @ 07:32:56 - Processing users.
08-17-2022 @ 07:32:59 - > &#8220;1337&#8221;User imported successfully. ID:1337
08-17-2022 @ 07:32:59 - > Finished importing user 1337
08-17-2022 @ 07:32:59 - Row :80 - User imported successfully.
08-17-2022 @ 07:32:59 - Row :81 - Parsing item.
08-17-2022 @ 07:32:59 - Row :81 - Processing item.
08-17-2022 @ 07:32:59 - Processing users.
08-17-2022 @ 07:33:01 - > &#8220;1338&#8221;User imported successfully. ID:1338
08-17-2022 @ 07:33:01 - > Finished importing user 1338
08-17-2022 @ 07:33:01 - Row :81 - User imported successfully.
08-17-2022 @ 07:33:01 - Row :82 - Parsing item.
08-17-2022 @ 07:33:01 - Row :82 - Processing item.
08-17-2022 @ 07:33:01 - Processing users.
08-17-2022 @ 07:33:04 - > &#8220;1339&#8221;User imported successfully. ID:1339
08-17-2022 @ 07:33:04 - > Finished importing user 1339
08-17-2022 @ 07:33:04 - Row :82 - User imported successfully.
08-17-2022 @ 07:33:04 - Row :83 - Parsing item.
08-17-2022 @ 07:33:04 - Row :83 - Processing item.
08-17-2022 @ 07:33:04 - Processing users.
08-17-2022 @ 07:33:07 - > &#8220;1340&#8221;User imported successfully. ID:1340
08-17-2022 @ 07:33:07 - > Finished importing user 1340
08-17-2022 @ 07:33:07 - Row :83 - User imported successfully.
08-17-2022 @ 07:33:07 - Row :84 - Parsing item.
08-17-2022 @ 07:33:07 - Row :84 - Processing item.
08-17-2022 @ 07:33:07 - Processing users.
08-17-2022 @ 07:33:09 - > &#8220;1341&#8221;User imported successfully. ID:1341
08-17-2022 @ 07:33:09 - > Finished importing user 1341
08-17-2022 @ 07:33:09 - Row :84 - User imported successfully.
08-17-2022 @ 07:33:09 - Row :85 - Parsing item.
08-17-2022 @ 07:33:09 - Row :85 - Processing item.
08-17-2022 @ 07:33:09 - Processing users.
08-17-2022 @ 07:33:12 - > &#8220;1342&#8221;User imported successfully. ID:1342
08-17-2022 @ 07:33:12 - > Finished importing user 1342
08-17-2022 @ 07:33:12 - Row :85 - User imported successfully.
08-17-2022 @ 07:33:12 - Row :86 - Parsing item.
08-17-2022 @ 07:33:12 - Row :86 - Processing item.
08-17-2022 @ 07:33:12 - Processing users.
08-17-2022 @ 07:33:14 - > &#8220;1343&#8221;User imported successfully. ID:1343
08-17-2022 @ 07:33:14 - > Finished importing user 1343
08-17-2022 @ 07:33:14 - Row :86 - User imported successfully.
08-17-2022 @ 07:33:14 - Row :87 - Parsing item.
08-17-2022 @ 07:33:14 - Row :87 - Processing item.
08-17-2022 @ 07:33:14 - Processing users.
08-17-2022 @ 07:33:17 - > &#8220;1344&#8221;User imported successfully. ID:1344
08-17-2022 @ 07:33:17 - > Finished importing user 1344
08-17-2022 @ 07:33:17 - Row :87 - User imported successfully.
08-17-2022 @ 07:33:17 - Row :88 - Parsing item.
08-17-2022 @ 07:33:17 - Row :88 - Processing item.
08-17-2022 @ 07:33:17 - Processing users.
08-17-2022 @ 07:33:20 - > &#8220;1345&#8221;User imported successfully. ID:1345
08-17-2022 @ 07:33:20 - > Finished importing user 1345
08-17-2022 @ 07:33:20 - Row :88 - User imported successfully.
08-17-2022 @ 07:33:20 - Row :89 - Parsing item.
08-17-2022 @ 07:33:20 - Row :89 - Processing item.
08-17-2022 @ 07:33:20 - Processing users.
08-17-2022 @ 07:33:22 - > &#8220;1346&#8221;User imported successfully. ID:1346
08-17-2022 @ 07:33:22 - > Finished importing user 1346
08-17-2022 @ 07:33:22 - Row :89 - User imported successfully.
08-17-2022 @ 07:33:22 - Row :90 - Parsing item.
08-17-2022 @ 07:33:22 - Row :90 - Processing item.
08-17-2022 @ 07:33:22 - Processing users.
08-17-2022 @ 07:33:25 - > &#8220;1347&#8221;User imported successfully. ID:1347
08-17-2022 @ 07:33:25 - > Finished importing user 1347
08-17-2022 @ 07:33:25 - Row :90 - User imported successfully.
08-17-2022 @ 07:33:25 - Row :91 - Parsing item.
08-17-2022 @ 07:33:25 - Row :91 - Processing item.
08-17-2022 @ 07:33:25 - Processing users.
08-17-2022 @ 07:33:27 - > &#8220;1348&#8221;User imported successfully. ID:1348
08-17-2022 @ 07:33:27 - > Finished importing user 1348
08-17-2022 @ 07:33:27 - Row :91 - User imported successfully.
08-17-2022 @ 07:33:27 - Row :92 - Parsing item.
08-17-2022 @ 07:33:27 - Row :92 - Processing item.
08-17-2022 @ 07:33:27 - Processing users.
08-17-2022 @ 07:33:30 - > &#8220;1349&#8221;User imported successfully. ID:1349
08-17-2022 @ 07:33:30 - > Finished importing user 1349
08-17-2022 @ 07:33:30 - Row :92 - User imported successfully.
08-17-2022 @ 07:33:30 - Row :93 - Parsing item.
08-17-2022 @ 07:33:30 - Row :93 - Processing item.
08-17-2022 @ 07:33:30 - Processing users.
08-17-2022 @ 07:33:33 - > &#8220;1350&#8221;User imported successfully. ID:1350
08-17-2022 @ 07:33:33 - > Finished importing user 1350
08-17-2022 @ 07:33:33 - Row :93 - User imported successfully.
08-17-2022 @ 07:33:33 - Row :94 - Parsing item.
08-17-2022 @ 07:33:33 - Row :94 - Processing item.
08-17-2022 @ 07:33:33 - Processing users.
08-17-2022 @ 07:33:36 - > &#8220;1351&#8221;User imported successfully. ID:1351
08-17-2022 @ 07:33:36 - > Finished importing user 1351
08-17-2022 @ 07:33:36 - Row :94 - User imported successfully.
08-17-2022 @ 07:33:36 - Row :95 - Parsing item.
08-17-2022 @ 07:33:36 - Row :95 - Processing item.
08-17-2022 @ 07:33:36 - Processing users.
08-17-2022 @ 07:33:38 - > &#8220;1352&#8221;User imported successfully. ID:1352
08-17-2022 @ 07:33:38 - > Finished importing user 1352
08-17-2022 @ 07:33:38 - Row :95 - User imported successfully.
08-17-2022 @ 07:33:38 - Row :96 - Parsing item.
08-17-2022 @ 07:33:38 - Row :96 - Processing item.
08-17-2022 @ 07:33:38 - Processing users.
08-17-2022 @ 07:33:40 - > &#8220;1353&#8221;User imported successfully. ID:1353
08-17-2022 @ 07:33:40 - > Finished importing user 1353
08-17-2022 @ 07:33:40 - Row :96 - User imported successfully.
08-17-2022 @ 07:33:40 - Row :97 - Parsing item.
08-17-2022 @ 07:33:40 - Row :97 - Processing item.
08-17-2022 @ 07:33:40 - Processing users.
08-17-2022 @ 07:33:43 - > &#8220;1354&#8221;User imported successfully. ID:1354
08-17-2022 @ 07:33:43 - > Finished importing user 1354
08-17-2022 @ 07:33:43 - Row :97 - User imported successfully.
08-17-2022 @ 07:33:43 - Row :98 - Parsing item.
08-17-2022 @ 07:33:43 - Row :98 - Processing item.
08-17-2022 @ 07:33:43 - Processing users.
08-17-2022 @ 07:33:45 - > &#8220;1355&#8221;User imported successfully. ID:1355
08-17-2022 @ 07:33:45 - > Finished importing user 1355
08-17-2022 @ 07:33:45 - Row :98 - User imported successfully.
08-17-2022 @ 07:33:45 - Row :99 - Parsing item.
08-17-2022 @ 07:33:45 - Row :99 - Processing item.
08-17-2022 @ 07:33:45 - Processing users.
08-17-2022 @ 07:33:48 - > &#8220;1356&#8221;User imported successfully. ID:1356
08-17-2022 @ 07:33:48 - > Finished importing user 1356
08-17-2022 @ 07:33:48 - Row :99 - User imported successfully.
08-17-2022 @ 07:33:48 - Row :100 - Parsing item.
08-17-2022 @ 07:33:48 - Row :100 - Processing item.
08-17-2022 @ 07:33:48 - Processing users.
08-17-2022 @ 07:33:51 - > &#8220;1357&#8221;User imported successfully. ID:1357
08-17-2022 @ 07:33:51 - > Finished importing user 1357
08-17-2022 @ 07:33:51 - Row :100 - User imported successfully.
