08-19-2022 @ 13:16:57 - ---[ New import started at 2022-08-19 13:16:57 ] PHP Memory: 256 MB, WP Memory: 40 MB
08-19-2022 @ 13:16:57 - Preparing for import.
08-19-2022 @ 13:16:57 - Row :1 - Parsing item.
08-19-2022 @ 13:16:57 - Row :1 - Parsing failed. Reason: User with same Email already exists. Email: admin@gmail.com
08-19-2022 @ 13:16:57 - Row :2 - Parsing item.
08-19-2022 @ 13:16:57 - Row :2 - Parsing failed. Reason: User with same Email already exists. Email: atanudey.cpcb@supportgov.in
08-19-2022 @ 13:16:57 - Row :3 - Parsing item.
08-19-2022 @ 13:16:57 - Row :3 - Parsing failed. Reason: User with same Email already exists. Email: prashant.cpcb@gov.in
08-19-2022 @ 13:16:57 - Row :4 - Parsing item.
08-19-2022 @ 13:16:57 - Row :4 - Parsing failed. Reason: User with same Email already exists. Email: divyasinha.cpcb@nic.in
08-19-2022 @ 13:16:57 - Row :5 - Parsing item.
08-19-2022 @ 13:16:57 - Row :5 - Parsing failed. Reason: User with same Email already exists. Email: yogesh.cpcb@gov.in
08-19-2022 @ 13:16:57 - Row :6 - Parsing item.
08-19-2022 @ 13:16:57 - Row :6 - Parsing failed. Reason: User with same Email already exists. Email: jitendrasingh@patanjaliayurved.org
08-19-2022 @ 13:16:57 - Row :7 - Parsing item.
08-19-2022 @ 13:16:57 - Row :7 - Parsing failed. Reason: User with same Email already exists. Email: saxenaapurva37@gmail.com
08-19-2022 @ 13:16:57 - Row :8 - Parsing item.
08-19-2022 @ 13:16:57 - Row :8 - Parsing failed. Reason: User with same Email already exists. Email: projectehss@gmail.com
08-19-2022 @ 13:16:57 - Row :9 - Parsing item.
08-19-2022 @ 13:16:57 - Row :9 - Parsing failed. Reason: User with same Email already exists. Email: adhikari1996@gmail.com
08-19-2022 @ 13:16:57 - Row :10 - Parsing item.
08-19-2022 @ 13:16:57 - Row :10 - Parsing failed. Reason: User with same Email already exists. Email: ayaz@cavinkare.com
08-19-2022 @ 13:16:57 - Row :11 - Parsing item.
08-19-2022 @ 13:16:57 - Row :11 - Parsing failed. Reason: User with same Email already exists. Email: skplastics2007@gmail.com
08-19-2022 @ 13:16:57 - Row :12 - Parsing item.
08-19-2022 @ 13:16:57 - Row :12 - Parsing failed. Reason: User with same Email already exists. Email: info@aavawater.com
08-19-2022 @ 13:16:57 - Row :13 - Parsing item.
08-19-2022 @ 13:16:57 - Row :13 - Parsing failed. Reason: User with same Email already exists. Email: sarthak.jain@ramky.com
08-19-2022 @ 13:16:57 - Row :14 - Parsing item.
08-19-2022 @ 13:16:57 - Row :14 - Parsing failed. Reason: User with same Email already exists. Email: sarthak.jain@resustainability.com
08-19-2022 @ 13:16:57 - Row :15 - Parsing item.
08-19-2022 @ 13:16:57 - Row :15 - Parsing failed. Reason: User with same Email already exists. Email: prvconsumer@gmail.com
08-19-2022 @ 13:16:57 - Row :16 - Parsing item.
08-19-2022 @ 13:16:57 - Row :16 - Parsing failed. Reason: User with same Email already exists. Email: aimran938@gmail.com
08-19-2022 @ 13:16:57 - Row :17 - Parsing item.
08-19-2022 @ 13:16:57 - Row :17 - Parsing failed. Reason: User with same Email already exists. Email: ruchika@hectorbeverages.com
08-19-2022 @ 13:16:57 - Row :18 - Parsing item.
08-19-2022 @ 13:16:57 - Row :18 - Parsing failed. Reason: User with same Email already exists. Email: rushabh.shah@jci-hitachi.com
08-19-2022 @ 13:16:57 - Row :19 - Parsing item.
08-19-2022 @ 13:16:57 - Row :19 - Parsing failed. Reason: User with same Email already exists. Email: mg_snjygupta@yahoo.in
08-19-2022 @ 13:16:57 - Row :20 - Parsing item.
08-19-2022 @ 13:16:57 - Row :20 - Parsing failed. Reason: User with same Email already exists. Email: HENGYU.ACC@GMAIL.COM
08-19-2022 @ 13:16:57 - Row :21 - Parsing item.
08-19-2022 @ 13:16:57 - Row :21 - Parsing failed. Reason: User with same Email already exists. Email: ehss.apoorva@gmail.com
08-19-2022 @ 13:16:57 - Row :22 - Parsing item.
08-19-2022 @ 13:16:57 - Row :22 - Parsing failed. Reason: User with same Email already exists. Email: khusre11@gmail.com
08-19-2022 @ 13:16:57 - Row :23 - Parsing item.
08-19-2022 @ 13:16:57 - Row :23 - Parsing failed. Reason: User with same Email already exists. Email: nikunj.soni@havmor.com
08-19-2022 @ 13:16:57 - Row :24 - Parsing item.
08-19-2022 @ 13:16:57 - Row :24 - Parsing failed. Reason: User with same Email already exists. Email: pawan.kumar@occlindia.com
08-19-2022 @ 13:16:57 - Row :25 - Parsing item.
08-19-2022 @ 13:16:57 - Row :25 - Parsing failed. Reason: User with same Email already exists. Email: eprplastic2022@gmail.com
08-19-2022 @ 13:16:57 - Row :26 - Parsing item.
08-19-2022 @ 13:16:57 - Row :26 - Parsing failed. Reason: User with same Email already exists. Email: manan@benz-packaging.com
08-19-2022 @ 13:16:57 - Row :27 - Parsing item.
08-19-2022 @ 13:16:57 - Row :27 - Parsing failed. Reason: User with same Email already exists. Email: mukeshind.nsk@gmail.com
08-19-2022 @ 13:16:57 - Row :28 - Parsing item.
08-19-2022 @ 13:16:57 - Row :28 - Parsing failed. Reason: User with same Email already exists. Email: veroenviroindia@gmail.com
08-19-2022 @ 13:16:57 - Row :29 - Parsing item.
08-19-2022 @ 13:16:57 - Row :29 - Parsing failed. Reason: User with same Email already exists. Email: kdas1@its.jnj.com
08-19-2022 @ 13:16:57 - Row :30 - Parsing item.
08-19-2022 @ 13:16:57 - Row :30 - Parsing failed. Reason: User with same Email already exists. Email: qc.halol@amartara.net
08-19-2022 @ 13:16:57 - Row :31 - Parsing item.
08-19-2022 @ 13:16:57 - Row :31 - Parsing failed. Reason: User with same Email already exists. Email: ashutosh.gautam@indiaglycols.com
08-19-2022 @ 13:16:57 - Row :32 - Parsing item.
08-19-2022 @ 13:16:57 - Row :32 - Parsing failed. Reason: User with same Email already exists. Email: compliance@shopclues.com
08-19-2022 @ 13:16:57 - Row :33 - Parsing item.
08-19-2022 @ 13:16:57 - Row :33 - Parsing failed. Reason: User with same Email already exists. Email: nitin@faceimpex.com
08-19-2022 @ 13:16:57 - Row :34 - Parsing item.
08-19-2022 @ 13:16:57 - Row :34 - Parsing failed. Reason: User with same Email already exists. Email: madhulika.Sharma@itc.in
08-19-2022 @ 13:16:57 - Row :35 - Parsing item.
08-19-2022 @ 13:16:57 - Row :35 - Parsing failed. Reason: User with same Email already exists. Email: dhananjayjoshi@lupin.com
08-19-2022 @ 13:16:57 - Row :36 - Parsing item.
08-19-2022 @ 13:16:57 - Row :36 - Parsing failed. Reason: User with same Email already exists. Email: kp@gmecoservices.in
08-19-2022 @ 13:16:57 - Row :37 - Parsing item.
08-19-2022 @ 13:16:57 - Row :37 - Parsing failed. Reason: User with same Email already exists. Email: abhijeet@thecouchpotato.in
08-19-2022 @ 13:16:57 - Row :38 - Parsing item.
08-19-2022 @ 13:16:57 - Row :38 - Parsing failed. Reason: User with same Email already exists. Email: advisor@gokulagro.com
08-19-2022 @ 13:16:57 - Row :39 - Parsing item.
08-19-2022 @ 13:16:57 - Row :39 - Parsing failed. Reason: User with same Email already exists. Email: k.ganesh@bisleri.co.in
08-19-2022 @ 13:16:57 - Row :40 - Parsing item.
08-19-2022 @ 13:16:57 - Row :40 - Parsing failed. Reason: User with same Email already exists. Email: info@tiongroup.com
08-19-2022 @ 13:16:57 - Row :41 - Parsing item.
08-19-2022 @ 13:16:57 - Row :41 - Parsing failed. Reason: User with same Email already exists. Email: ehss.riya@gmail.com
08-19-2022 @ 13:16:57 - Row :42 - Parsing item.
08-19-2022 @ 13:16:57 - Row :42 - Parsing failed. Reason: User with same Email already exists. Email: ehss.suvegya@gmail.com
08-19-2022 @ 13:16:57 - Row :43 - Parsing item.
08-19-2022 @ 13:16:57 - Row :43 - Parsing failed. Reason: User with same Email already exists. Email: yogeshkenjale@parekhplast.com
08-19-2022 @ 13:16:57 - Row :44 - Parsing item.
08-19-2022 @ 13:16:57 - Row :44 - Parsing failed. Reason: User with same Email already exists. Email: hpg@sumul.coop
08-19-2022 @ 13:16:57 - Row :45 - Parsing item.
08-19-2022 @ 13:16:57 - Row :45 - Parsing failed. Reason: User with same Email already exists. Email: ceo.cement@jsw.in
08-19-2022 @ 13:16:57 - Row :46 - Parsing item.
08-19-2022 @ 13:16:57 - Row :46 - Parsing failed. Reason: User with same Email already exists. Email: rajnish.chaba@chambal.in
08-19-2022 @ 13:16:57 - Row :47 - Parsing item.
08-19-2022 @ 13:16:57 - Row :47 - Parsing failed. Reason: User with same Email already exists. Email: paggarwal@consociaadvisory.com
08-19-2022 @ 13:16:57 - Row :48 - Parsing item.
08-19-2022 @ 13:16:57 - Row :48 - Parsing failed. Reason: User with same Email already exists. Email: khalidhussain@umapolymers.com
08-19-2022 @ 13:16:57 - Row :49 - Parsing item.
08-19-2022 @ 13:16:57 - Row :49 - Parsing failed. Reason: User with same Email already exists. Email: bsuresh@myhomegroup.in
08-19-2022 @ 13:16:57 - Row :50 - Parsing item.
08-19-2022 @ 13:16:57 - Row :50 - Parsing failed. Reason: User with same Email already exists. Email: ycwenv@myhomegroup.in
08-19-2022 @ 13:16:57 - Row :51 - Parsing item.
08-19-2022 @ 13:16:57 - Row :51 - Parsing failed. Reason: User with same Email already exists. Email: bemcuser@yara.com
08-19-2022 @ 13:16:57 - Row :52 - Parsing item.
08-19-2022 @ 13:16:57 - Row :52 - Parsing failed. Reason: User with same Email already exists. Email: CHARU.KAPOOR@IN.PURINA.COM
08-19-2022 @ 13:16:57 - Row :53 - Parsing item.
08-19-2022 @ 13:16:57 - Row :53 - Parsing failed. Reason: User with same Email already exists. Email: ca.shubham27111990@gmail.com
08-19-2022 @ 13:16:57 - Row :54 - Parsing item.
08-19-2022 @ 13:16:57 - Row :54 - Parsing failed. Reason: User with same Email already exists. Email: lalit_ostern@yahoo.com
08-19-2022 @ 13:16:57 - Row :55 - Parsing item.
08-19-2022 @ 13:16:57 - Row :55 - Parsing failed. Reason: User with same Email already exists. Email: yogesh53880@gmail.com
08-19-2022 @ 13:16:57 - Row :56 - Parsing item.
08-19-2022 @ 13:16:57 - Row :56 - Parsing failed. Reason: User with same Email already exists. Email: parassaluja86@gmail.com
08-19-2022 @ 13:16:57 - Row :57 - Parsing item.
08-19-2022 @ 13:16:57 - Row :57 - Parsing failed. Reason: User with same Email already exists. Email: omesh@shreemalanifoams.com
08-19-2022 @ 13:16:57 - Row :58 - Parsing item.
08-19-2022 @ 13:16:57 - Row :58 - Parsing failed. Reason: User with same Email already exists. Email: sanjay@societytea.com
08-19-2022 @ 13:16:57 - Row :59 - Parsing item.
08-19-2022 @ 13:16:57 - Row :59 - Parsing failed. Reason: User with same Email already exists. Email: sales@compak.in
08-19-2022 @ 13:16:57 - Row :60 - Parsing item.
08-19-2022 @ 13:16:57 - Row :60 - Parsing failed. Reason: User with same Email already exists. Email: saravanan.an@flipkart.com
08-19-2022 @ 13:16:57 - Row :61 - Parsing item.
08-19-2022 @ 13:16:57 - Row :61 - Parsing failed. Reason: User with same Email already exists. Email: vip.garg30@gmail.com
08-19-2022 @ 13:16:57 - Row :62 - Parsing item.
08-19-2022 @ 13:16:57 - Row :62 - Parsing failed. Reason: User with same Email already exists. Email: varun.jain@beiersdorf.com
08-19-2022 @ 13:16:57 - Row :63 - Parsing item.
08-19-2022 @ 13:16:57 - Row :63 - Parsing failed. Reason: User with same Email already exists. Email: dinesh.gupta@bagla-group.com
08-19-2022 @ 13:16:57 - Row :64 - Parsing item.
08-19-2022 @ 13:16:57 - Row :64 - Parsing failed. Reason: User with same Email already exists. Email: m.pullaiahvenkata@dalmiacement.com
08-19-2022 @ 13:16:57 - Row :65 - Parsing item.
08-19-2022 @ 13:16:57 - Row :65 - Parsing failed. Reason: User with same Email already exists. Email: INFO@EUROQOINTERNATIONAL.COM
08-19-2022 @ 13:16:57 - Row :66 - Parsing item.
08-19-2022 @ 13:16:57 - Row :66 - Parsing failed. Reason: User with same Email already exists. Email: amol.hardikar@cipla.com
08-19-2022 @ 13:16:57 - Row :67 - Parsing item.
08-19-2022 @ 13:16:57 - Row :67 - Parsing failed. Reason: User with same Email already exists. Email: chaudharymayank050@gmail.com
08-19-2022 @ 13:16:57 - Row :68 - Parsing item.
08-19-2022 @ 13:16:57 - Row :68 - Parsing failed. Reason: User with same Email already exists. Email: Parijat.sinha@sunpharma.com
08-19-2022 @ 13:16:57 - Row :69 - Parsing item.
08-19-2022 @ 13:16:57 - Row :69 - Parsing failed. Reason: User with same Email already exists. Email: rbm.tripathi@jkcement.com
08-19-2022 @ 13:16:57 - Row :70 - Parsing item.
08-19-2022 @ 13:16:57 - Row :70 - Parsing failed. Reason: User with same Email already exists. Email: pankaj.gupta@shrirampistons.com
08-19-2022 @ 13:16:57 - Row :71 - Parsing item.
08-19-2022 @ 13:16:57 - Row :71 - Parsing failed. Reason: User with same Email already exists. Email: surendrasinghgurjar602@gmail.com
08-19-2022 @ 13:16:57 - Row :72 - Parsing item.
08-19-2022 @ 13:16:57 - Row :72 - Parsing failed. Reason: User with same Email already exists. Email: balaji.d@krisflexipacks.com
08-19-2022 @ 13:16:57 - Row :73 - Parsing item.
08-19-2022 @ 13:16:57 - Row :73 - Parsing failed. Reason: User with same Email already exists. Email: kishor.radadia@cadilapharma.co.in
08-19-2022 @ 13:16:57 - Row :74 - Parsing item.
08-19-2022 @ 13:16:57 - Row :74 - Parsing failed. Reason: User with same Email already exists. Email: manish1@xiaomi.com
08-19-2022 @ 13:16:57 - Row :75 - Parsing item.
08-19-2022 @ 13:16:57 - Row :75 - Parsing failed. Reason: User with same Email already exists. Email: surewrap@gmail.com
08-19-2022 @ 13:16:57 - Row :76 - Parsing item.
08-19-2022 @ 13:16:57 - Row :76 - Parsing failed. Reason: User with same Email already exists. Email: env@mangalamcement.com
08-19-2022 @ 13:16:57 - Row :77 - Parsing item.
08-19-2022 @ 13:16:57 - Row :77 - Parsing failed. Reason: User with same Email already exists. Email: manoj@agarwalpune.com
08-19-2022 @ 13:16:57 - Row :78 - Parsing item.
08-19-2022 @ 13:16:57 - Row :78 - Parsing failed. Reason: User with same Email already exists. Email: shreeplasticinds@gmail.com
08-19-2022 @ 13:16:57 - Row :79 - Parsing item.
08-19-2022 @ 13:16:57 - Row :79 - Parsing failed. Reason: User with same Email already exists. Email: amit.qss@hotmail.com
08-19-2022 @ 13:16:57 - Row :80 - Parsing item.
08-19-2022 @ 13:16:57 - Row :80 - Parsing failed. Reason: User with same Email already exists. Email: hnmpedel@gmail.com
08-19-2022 @ 13:16:57 - Row :81 - Parsing item.
08-19-2022 @ 13:16:57 - Row :81 - Parsing failed. Reason: User with same Email already exists. Email: apu.abhijeet@gmail.com
08-19-2022 @ 13:16:57 - Row :82 - Parsing item.
08-19-2022 @ 13:16:57 - Row :82 - Parsing failed. Reason: User with same Email already exists. Email: bpschauhan@fena.com
08-19-2022 @ 13:16:57 - Row :83 - Parsing item.
08-19-2022 @ 13:16:57 - Row :83 - Parsing failed. Reason: User with same Email already exists. Email: montainerocks@gmail.com
08-19-2022 @ 13:16:57 - Row :84 - Parsing item.
08-19-2022 @ 13:16:57 - Row :84 - Parsing failed. Reason: User with same Email already exists. Email: ashwin@darshangroup.in
08-19-2022 @ 13:16:57 - Row :85 - Parsing item.
08-19-2022 @ 13:16:57 - Row :85 - Parsing failed. Reason: User with same Email already exists. Email: abhi.2007k@gmail.com
08-19-2022 @ 13:16:57 - Row :86 - Parsing item.
08-19-2022 @ 13:16:57 - Row :86 - Parsing failed. Reason: User with same Email already exists. Email: abhisriv.1994@gmail.com
08-19-2022 @ 13:16:57 - Row :87 - Parsing item.
08-19-2022 @ 13:16:57 - Row :87 - Parsing failed. Reason: User with same Email already exists. Email: cmcvijay@gmail.com
08-19-2022 @ 13:16:57 - Row :88 - Parsing item.
08-19-2022 @ 13:16:57 - Row :88 - Parsing failed. Reason: User with same Email already exists. Email: mahasweta.ghosh@ap.averydennison.com
08-19-2022 @ 13:16:57 - Row :89 - Parsing item.
08-19-2022 @ 13:16:57 - Row :89 - Parsing failed. Reason: User with same Email already exists. Email: safety@pentalatex.com
08-19-2022 @ 13:16:57 - Row :90 - Parsing item.
08-19-2022 @ 13:16:57 - Row :90 - Parsing failed. Reason: User with same Email already exists. Email: rameshraohangyo@yahoo.in
08-19-2022 @ 13:16:57 - Row :91 - Parsing item.
08-19-2022 @ 13:16:57 - Row :91 - Parsing failed. Reason: User with same Email already exists. Email: dv.iyer@huhtamaki.com
08-19-2022 @ 13:16:57 - Row :92 - Parsing item.
08-19-2022 @ 13:16:57 - Row :92 - Parsing failed. Reason: User with same Email already exists. Email: japatel@vadilalgroup.com
08-19-2022 @ 13:16:57 - Row :93 - Parsing item.
08-19-2022 @ 13:16:57 - Row :93 - Parsing failed. Reason: User with same Email already exists. Email: indranathc@nerolac.com
08-19-2022 @ 13:16:57 - Row :94 - Parsing item.
08-19-2022 @ 13:16:57 - Row :94 - Parsing failed. Reason: User with same Email already exists. Email: skbhatnagar@dhampursugar.com
08-19-2022 @ 13:16:57 - Row :95 - Parsing item.
08-19-2022 @ 13:16:57 - Row :95 - Parsing failed. Reason: User with same Email already exists. Email: spscoc@yahoo.com
08-19-2022 @ 13:16:57 - Row :96 - Parsing item.
08-19-2022 @ 13:16:57 - Row :96 - Parsing failed. Reason: User with same Email already exists. Email: so.sharmag@gmail.com
08-19-2022 @ 13:16:57 - Row :97 - Parsing item.
08-19-2022 @ 13:16:57 - Row :97 - Parsing failed. Reason: User with same Email already exists. Email: govindprasadsaraswat@gmail.com
08-19-2022 @ 13:16:57 - Row :98 - Parsing item.
08-19-2022 @ 13:16:57 - Row :98 - Parsing failed. Reason: User with same Email already exists. Email: Sanjeevi.Sambandam@morganplc.com
08-19-2022 @ 13:16:57 - Row :99 - Parsing item.
08-19-2022 @ 13:16:57 - Row :99 - Parsing failed. Reason: User with same Email already exists. Email: amit_sharma0123@yahoo.co.in
08-19-2022 @ 13:16:57 - Row :100 - Parsing item.
08-19-2022 @ 13:16:57 - Row :100 - Parsing failed. Reason: User with same Email already exists. Email: agni.industries@yahoo.in
08-19-2022 @ 13:16:57 - Preparing for import.
08-19-2022 @ 13:16:57 - Row :101 - Parsing item.
08-19-2022 @ 13:16:57 - Row :101 - Processing item.
08-19-2022 @ 13:16:57 - Processing users.
08-19-2022 @ 13:16:59 - > &#8220;1466&#8221;User imported successfully. ID:1466
08-19-2022 @ 13:16:59 - > Finished importing user 1466
08-19-2022 @ 13:16:59 - Row :101 - User imported successfully.
08-19-2022 @ 13:16:59 - Row :102 - Parsing item.
08-19-2022 @ 13:16:59 - Row :102 - Processing item.
08-19-2022 @ 13:16:59 - Processing users.
08-19-2022 @ 13:17:02 - > &#8220;1467&#8221;User imported successfully. ID:1467
08-19-2022 @ 13:17:02 - > Finished importing user 1467
08-19-2022 @ 13:17:02 - Row :102 - User imported successfully.
08-19-2022 @ 13:17:02 - Row :103 - Parsing item.
08-19-2022 @ 13:17:02 - Row :103 - Processing item.
08-19-2022 @ 13:17:02 - Processing users.
08-19-2022 @ 13:17:04 - > &#8220;1468&#8221;User imported successfully. ID:1468
08-19-2022 @ 13:17:04 - > Finished importing user 1468
08-19-2022 @ 13:17:04 - Row :103 - User imported successfully.
08-19-2022 @ 13:17:04 - Row :104 - Parsing item.
08-19-2022 @ 13:17:04 - Row :104 - Processing item.
08-19-2022 @ 13:17:04 - Processing users.
08-19-2022 @ 13:17:06 - > &#8220;1469&#8221;User imported successfully. ID:1469
08-19-2022 @ 13:17:06 - > Finished importing user 1469
08-19-2022 @ 13:17:06 - Row :104 - User imported successfully.
08-19-2022 @ 13:17:06 - Row :105 - Parsing item.
08-19-2022 @ 13:17:06 - Row :105 - Parsing failed. Reason: User with same Email already exists. Email: admin@gmail.com
08-19-2022 @ 13:17:06 - Row :106 - Parsing item.
08-19-2022 @ 13:17:06 - Row :106 - Parsing failed. Reason: User with same Email already exists. Email: atanudey.cpcb@supportgov.in
08-19-2022 @ 13:17:06 - Row :107 - Parsing item.
08-19-2022 @ 13:17:06 - Row :107 - Parsing failed. Reason: User with same Email already exists. Email: prashant.cpcb@gov.in
08-19-2022 @ 13:17:06 - Row :108 - Parsing item.
08-19-2022 @ 13:17:06 - Row :108 - Parsing failed. Reason: User with same Email already exists. Email: divyasinha.cpcb@nic.in
08-19-2022 @ 13:17:06 - Row :109 - Parsing item.
08-19-2022 @ 13:17:06 - Row :109 - Parsing failed. Reason: User with same Email already exists. Email: yogesh.cpcb@gov.in
08-19-2022 @ 13:17:06 - Row :110 - Parsing item.
08-19-2022 @ 13:17:06 - Row :110 - Parsing failed. Reason: User with same Email already exists. Email: jitendrasingh@patanjaliayurved.org
08-19-2022 @ 13:17:06 - Row :111 - Parsing item.
08-19-2022 @ 13:17:06 - Row :111 - Parsing failed. Reason: User with same Email already exists. Email: saxenaapurva37@gmail.com
08-19-2022 @ 13:17:06 - Row :112 - Parsing item.
08-19-2022 @ 13:17:06 - Row :112 - Parsing failed. Reason: User with same Email already exists. Email: projectehss@gmail.com
08-19-2022 @ 13:17:06 - Row :113 - Parsing item.
08-19-2022 @ 13:17:06 - Row :113 - Parsing failed. Reason: User with same Email already exists. Email: adhikari1996@gmail.com
08-19-2022 @ 13:17:06 - Row :114 - Parsing item.
08-19-2022 @ 13:17:06 - Row :114 - Parsing failed. Reason: User with same Email already exists. Email: ayaz@cavinkare.com
08-19-2022 @ 13:17:06 - Row :115 - Parsing item.
08-19-2022 @ 13:17:06 - Row :115 - Parsing failed. Reason: User with same Email already exists. Email: skplastics2007@gmail.com
08-19-2022 @ 13:17:06 - Row :116 - Parsing item.
08-19-2022 @ 13:17:06 - Row :116 - Parsing failed. Reason: User with same Email already exists. Email: info@aavawater.com
08-19-2022 @ 13:17:06 - Row :117 - Parsing item.
08-19-2022 @ 13:17:06 - Row :117 - Parsing failed. Reason: User with same Email already exists. Email: sarthak.jain@ramky.com
08-19-2022 @ 13:17:06 - Row :118 - Parsing item.
08-19-2022 @ 13:17:06 - Row :118 - Parsing failed. Reason: User with same Email already exists. Email: sarthak.jain@resustainability.com
08-19-2022 @ 13:17:06 - Row :119 - Parsing item.
08-19-2022 @ 13:17:06 - Row :119 - Parsing failed. Reason: User with same Email already exists. Email: prvconsumer@gmail.com
08-19-2022 @ 13:17:06 - Row :120 - Parsing item.
08-19-2022 @ 13:17:06 - Row :120 - Parsing failed. Reason: User with same Email already exists. Email: aimran938@gmail.com
08-19-2022 @ 13:17:06 - Row :121 - Parsing item.
08-19-2022 @ 13:17:06 - Row :121 - Parsing failed. Reason: User with same Email already exists. Email: ruchika@hectorbeverages.com
08-19-2022 @ 13:17:06 - Row :122 - Parsing item.
08-19-2022 @ 13:17:06 - Row :122 - Parsing failed. Reason: User with same Email already exists. Email: rushabh.shah@jci-hitachi.com
08-19-2022 @ 13:17:06 - Row :123 - Parsing item.
08-19-2022 @ 13:17:06 - Row :123 - Parsing failed. Reason: User with same Email already exists. Email: mg_snjygupta@yahoo.in
08-19-2022 @ 13:17:06 - Row :124 - Parsing item.
08-19-2022 @ 13:17:06 - Row :124 - Parsing failed. Reason: User with same Email already exists. Email: HENGYU.ACC@GMAIL.COM
08-19-2022 @ 13:17:06 - Row :125 - Parsing item.
08-19-2022 @ 13:17:06 - Row :125 - Parsing failed. Reason: User with same Email already exists. Email: ehss.apoorva@gmail.com
08-19-2022 @ 13:17:06 - Row :126 - Parsing item.
08-19-2022 @ 13:17:06 - Row :126 - Parsing failed. Reason: User with same Email already exists. Email: khusre11@gmail.com
08-19-2022 @ 13:17:06 - Row :127 - Parsing item.
08-19-2022 @ 13:17:06 - Row :127 - Parsing failed. Reason: User with same Email already exists. Email: nikunj.soni@havmor.com
08-19-2022 @ 13:17:06 - Row :128 - Parsing item.
08-19-2022 @ 13:17:06 - Row :128 - Parsing failed. Reason: User with same Email already exists. Email: pawan.kumar@occlindia.com
08-19-2022 @ 13:17:06 - Row :129 - Parsing item.
08-19-2022 @ 13:17:06 - Row :129 - Parsing failed. Reason: User with same Email already exists. Email: eprplastic2022@gmail.com
08-19-2022 @ 13:17:06 - Row :130 - Parsing item.
08-19-2022 @ 13:17:06 - Row :130 - Parsing failed. Reason: User with same Email already exists. Email: manan@benz-packaging.com
08-19-2022 @ 13:17:06 - Row :131 - Parsing item.
08-19-2022 @ 13:17:06 - Row :131 - Parsing failed. Reason: User with same Email already exists. Email: mukeshind.nsk@gmail.com
08-19-2022 @ 13:17:06 - Row :132 - Parsing item.
08-19-2022 @ 13:17:06 - Row :132 - Parsing failed. Reason: User with same Email already exists. Email: veroenviroindia@gmail.com
08-19-2022 @ 13:17:06 - Row :133 - Parsing item.
08-19-2022 @ 13:17:06 - Row :133 - Parsing failed. Reason: User with same Email already exists. Email: kdas1@its.jnj.com
08-19-2022 @ 13:17:06 - Row :134 - Parsing item.
08-19-2022 @ 13:17:06 - Row :134 - Parsing failed. Reason: User with same Email already exists. Email: qc.halol@amartara.net
08-19-2022 @ 13:17:06 - Row :135 - Parsing item.
08-19-2022 @ 13:17:06 - Row :135 - Parsing failed. Reason: User with same Email already exists. Email: ashutosh.gautam@indiaglycols.com
08-19-2022 @ 13:17:06 - Row :136 - Parsing item.
08-19-2022 @ 13:17:06 - Row :136 - Parsing failed. Reason: User with same Email already exists. Email: compliance@shopclues.com
08-19-2022 @ 13:17:06 - Row :137 - Parsing item.
08-19-2022 @ 13:17:06 - Row :137 - Parsing failed. Reason: User with same Email already exists. Email: nitin@faceimpex.com
08-19-2022 @ 13:17:06 - Row :138 - Parsing item.
08-19-2022 @ 13:17:06 - Row :138 - Parsing failed. Reason: User with same Email already exists. Email: madhulika.Sharma@itc.in
08-19-2022 @ 13:17:06 - Row :139 - Parsing item.
08-19-2022 @ 13:17:06 - Row :139 - Parsing failed. Reason: User with same Email already exists. Email: dhananjayjoshi@lupin.com
08-19-2022 @ 13:17:06 - Row :140 - Parsing item.
08-19-2022 @ 13:17:06 - Row :140 - Parsing failed. Reason: User with same Email already exists. Email: kp@gmecoservices.in
08-19-2022 @ 13:17:06 - Row :141 - Parsing item.
08-19-2022 @ 13:17:06 - Row :141 - Parsing failed. Reason: User with same Email already exists. Email: abhijeet@thecouchpotato.in
08-19-2022 @ 13:17:06 - Row :142 - Parsing item.
08-19-2022 @ 13:17:06 - Row :142 - Parsing failed. Reason: User with same Email already exists. Email: advisor@gokulagro.com
08-19-2022 @ 13:17:06 - Row :143 - Parsing item.
08-19-2022 @ 13:17:06 - Row :143 - Parsing failed. Reason: User with same Email already exists. Email: k.ganesh@bisleri.co.in
08-19-2022 @ 13:17:06 - Row :144 - Parsing item.
08-19-2022 @ 13:17:06 - Row :144 - Parsing failed. Reason: User with same Email already exists. Email: info@tiongroup.com
08-19-2022 @ 13:17:06 - Row :145 - Parsing item.
08-19-2022 @ 13:17:06 - Row :145 - Parsing failed. Reason: User with same Email already exists. Email: ehss.riya@gmail.com
08-19-2022 @ 13:17:06 - Row :146 - Parsing item.
08-19-2022 @ 13:17:06 - Row :146 - Parsing failed. Reason: User with same Email already exists. Email: ehss.suvegya@gmail.com
08-19-2022 @ 13:17:06 - Row :147 - Parsing item.
08-19-2022 @ 13:17:06 - Row :147 - Parsing failed. Reason: User with same Email already exists. Email: yogeshkenjale@parekhplast.com
08-19-2022 @ 13:17:06 - Row :148 - Parsing item.
08-19-2022 @ 13:17:06 - Row :148 - Parsing failed. Reason: User with same Email already exists. Email: hpg@sumul.coop
08-19-2022 @ 13:17:06 - Row :149 - Parsing item.
08-19-2022 @ 13:17:06 - Row :149 - Parsing failed. Reason: User with same Email already exists. Email: ceo.cement@jsw.in
08-19-2022 @ 13:17:06 - Row :150 - Parsing item.
08-19-2022 @ 13:17:06 - Row :150 - Parsing failed. Reason: User with same Email already exists. Email: rajnish.chaba@chambal.in
08-19-2022 @ 13:17:06 - Row :151 - Parsing item.
08-19-2022 @ 13:17:06 - Row :151 - Parsing failed. Reason: User with same Email already exists. Email: paggarwal@consociaadvisory.com
08-19-2022 @ 13:17:06 - Row :152 - Parsing item.
08-19-2022 @ 13:17:06 - Row :152 - Parsing failed. Reason: User with same Email already exists. Email: khalidhussain@umapolymers.com
08-19-2022 @ 13:17:06 - Row :153 - Parsing item.
08-19-2022 @ 13:17:06 - Row :153 - Parsing failed. Reason: User with same Email already exists. Email: bsuresh@myhomegroup.in
08-19-2022 @ 13:17:06 - Row :154 - Parsing item.
08-19-2022 @ 13:17:06 - Row :154 - Parsing failed. Reason: User with same Email already exists. Email: ycwenv@myhomegroup.in
08-19-2022 @ 13:17:06 - Row :155 - Parsing item.
08-19-2022 @ 13:17:06 - Row :155 - Parsing failed. Reason: User with same Email already exists. Email: bemcuser@yara.com
08-19-2022 @ 13:17:06 - Row :156 - Parsing item.
08-19-2022 @ 13:17:06 - Row :156 - Parsing failed. Reason: User with same Email already exists. Email: CHARU.KAPOOR@IN.PURINA.COM
08-19-2022 @ 13:17:06 - Row :157 - Parsing item.
08-19-2022 @ 13:17:06 - Row :157 - Parsing failed. Reason: User with same Email already exists. Email: ca.shubham27111990@gmail.com
08-19-2022 @ 13:17:06 - Row :158 - Parsing item.
08-19-2022 @ 13:17:06 - Row :158 - Parsing failed. Reason: User with same Email already exists. Email: lalit_ostern@yahoo.com
08-19-2022 @ 13:17:06 - Row :159 - Parsing item.
08-19-2022 @ 13:17:06 - Row :159 - Parsing failed. Reason: User with same Email already exists. Email: yogesh53880@gmail.com
08-19-2022 @ 13:17:06 - Row :160 - Parsing item.
08-19-2022 @ 13:17:06 - Row :160 - Parsing failed. Reason: User with same Email already exists. Email: parassaluja86@gmail.com
08-19-2022 @ 13:17:06 - Row :161 - Parsing item.
08-19-2022 @ 13:17:06 - Row :161 - Parsing failed. Reason: User with same Email already exists. Email: omesh@shreemalanifoams.com
08-19-2022 @ 13:17:06 - Row :162 - Parsing item.
08-19-2022 @ 13:17:06 - Row :162 - Parsing failed. Reason: User with same Email already exists. Email: sanjay@societytea.com
08-19-2022 @ 13:17:06 - Row :163 - Parsing item.
08-19-2022 @ 13:17:06 - Row :163 - Parsing failed. Reason: User with same Email already exists. Email: sales@compak.in
08-19-2022 @ 13:17:06 - Row :164 - Parsing item.
08-19-2022 @ 13:17:06 - Row :164 - Parsing failed. Reason: User with same Email already exists. Email: saravanan.an@flipkart.com
08-19-2022 @ 13:17:06 - Row :165 - Parsing item.
08-19-2022 @ 13:17:06 - Row :165 - Parsing failed. Reason: User with same Email already exists. Email: vip.garg30@gmail.com
08-19-2022 @ 13:17:06 - Row :166 - Parsing item.
08-19-2022 @ 13:17:06 - Row :166 - Parsing failed. Reason: User with same Email already exists. Email: varun.jain@beiersdorf.com
08-19-2022 @ 13:17:06 - Row :167 - Parsing item.
08-19-2022 @ 13:17:06 - Row :167 - Parsing failed. Reason: User with same Email already exists. Email: dinesh.gupta@bagla-group.com
08-19-2022 @ 13:17:06 - Row :168 - Parsing item.
08-19-2022 @ 13:17:06 - Row :168 - Parsing failed. Reason: User with same Email already exists. Email: m.pullaiahvenkata@dalmiacement.com
08-19-2022 @ 13:17:06 - Row :169 - Parsing item.
08-19-2022 @ 13:17:06 - Row :169 - Parsing failed. Reason: User with same Email already exists. Email: INFO@EUROQOINTERNATIONAL.COM
08-19-2022 @ 13:17:06 - Row :170 - Parsing item.
08-19-2022 @ 13:17:06 - Row :170 - Parsing failed. Reason: User with same Email already exists. Email: amol.hardikar@cipla.com
08-19-2022 @ 13:17:06 - Row :171 - Parsing item.
08-19-2022 @ 13:17:06 - Row :171 - Parsing failed. Reason: User with same Email already exists. Email: chaudharymayank050@gmail.com
08-19-2022 @ 13:17:06 - Row :172 - Parsing item.
08-19-2022 @ 13:17:06 - Row :172 - Parsing failed. Reason: User with same Email already exists. Email: Parijat.sinha@sunpharma.com
08-19-2022 @ 13:17:06 - Row :173 - Parsing item.
08-19-2022 @ 13:17:06 - Row :173 - Parsing failed. Reason: User with same Email already exists. Email: rbm.tripathi@jkcement.com
08-19-2022 @ 13:17:06 - Row :174 - Parsing item.
08-19-2022 @ 13:17:06 - Row :174 - Parsing failed. Reason: User with same Email already exists. Email: pankaj.gupta@shrirampistons.com
08-19-2022 @ 13:17:06 - Row :175 - Parsing item.
08-19-2022 @ 13:17:06 - Row :175 - Parsing failed. Reason: User with same Email already exists. Email: surendrasinghgurjar602@gmail.com
08-19-2022 @ 13:17:06 - Row :176 - Parsing item.
08-19-2022 @ 13:17:06 - Row :176 - Parsing failed. Reason: User with same Email already exists. Email: balaji.d@krisflexipacks.com
08-19-2022 @ 13:17:06 - Row :177 - Parsing item.
08-19-2022 @ 13:17:06 - Row :177 - Parsing failed. Reason: User with same Email already exists. Email: kishor.radadia@cadilapharma.co.in
08-19-2022 @ 13:17:06 - Row :178 - Parsing item.
08-19-2022 @ 13:17:06 - Row :178 - Parsing failed. Reason: User with same Email already exists. Email: manish1@xiaomi.com
08-19-2022 @ 13:17:06 - Row :179 - Parsing item.
08-19-2022 @ 13:17:06 - Row :179 - Parsing failed. Reason: User with same Email already exists. Email: surewrap@gmail.com
08-19-2022 @ 13:17:06 - Row :180 - Parsing item.
08-19-2022 @ 13:17:06 - Row :180 - Parsing failed. Reason: User with same Email already exists. Email: env@mangalamcement.com
08-19-2022 @ 13:17:06 - Row :181 - Parsing item.
08-19-2022 @ 13:17:06 - Row :181 - Parsing failed. Reason: User with same Email already exists. Email: manoj@agarwalpune.com
08-19-2022 @ 13:17:06 - Row :182 - Parsing item.
08-19-2022 @ 13:17:06 - Row :182 - Parsing failed. Reason: User with same Email already exists. Email: shreeplasticinds@gmail.com
08-19-2022 @ 13:17:06 - Row :183 - Parsing item.
08-19-2022 @ 13:17:06 - Row :183 - Parsing failed. Reason: User with same Email already exists. Email: amit.qss@hotmail.com
08-19-2022 @ 13:17:06 - Row :184 - Parsing item.
08-19-2022 @ 13:17:06 - Row :184 - Parsing failed. Reason: User with same Email already exists. Email: hnmpedel@gmail.com
08-19-2022 @ 13:17:06 - Row :185 - Parsing item.
08-19-2022 @ 13:17:06 - Row :185 - Parsing failed. Reason: User with same Email already exists. Email: apu.abhijeet@gmail.com
08-19-2022 @ 13:17:06 - Row :186 - Parsing item.
08-19-2022 @ 13:17:06 - Row :186 - Parsing failed. Reason: User with same Email already exists. Email: bpschauhan@fena.com
08-19-2022 @ 13:17:06 - Row :187 - Parsing item.
08-19-2022 @ 13:17:06 - Row :187 - Parsing failed. Reason: User with same Email already exists. Email: montainerocks@gmail.com
08-19-2022 @ 13:17:06 - Row :188 - Parsing item.
08-19-2022 @ 13:17:06 - Row :188 - Parsing failed. Reason: User with same Email already exists. Email: ashwin@darshangroup.in
08-19-2022 @ 13:17:06 - Row :189 - Parsing item.
08-19-2022 @ 13:17:06 - Row :189 - Parsing failed. Reason: User with same Email already exists. Email: abhi.2007k@gmail.com
08-19-2022 @ 13:17:06 - Row :190 - Parsing item.
08-19-2022 @ 13:17:06 - Row :190 - Parsing failed. Reason: User with same Email already exists. Email: abhisriv.1994@gmail.com
08-19-2022 @ 13:17:06 - Row :191 - Parsing item.
08-19-2022 @ 13:17:06 - Row :191 - Parsing failed. Reason: User with same Email already exists. Email: cmcvijay@gmail.com
08-19-2022 @ 13:17:06 - Row :192 - Parsing item.
08-19-2022 @ 13:17:06 - Row :192 - Parsing failed. Reason: User with same Email already exists. Email: mahasweta.ghosh@ap.averydennison.com
08-19-2022 @ 13:17:06 - Row :193 - Parsing item.
08-19-2022 @ 13:17:06 - Row :193 - Parsing failed. Reason: User with same Email already exists. Email: safety@pentalatex.com
08-19-2022 @ 13:17:06 - Row :194 - Parsing item.
08-19-2022 @ 13:17:06 - Row :194 - Parsing failed. Reason: User with same Email already exists. Email: rameshraohangyo@yahoo.in
08-19-2022 @ 13:17:06 - Row :195 - Parsing item.
08-19-2022 @ 13:17:06 - Row :195 - Parsing failed. Reason: User with same Email already exists. Email: dv.iyer@huhtamaki.com
08-19-2022 @ 13:17:06 - Row :196 - Parsing item.
08-19-2022 @ 13:17:06 - Row :196 - Parsing failed. Reason: User with same Email already exists. Email: japatel@vadilalgroup.com
08-19-2022 @ 13:17:06 - Row :197 - Parsing item.
08-19-2022 @ 13:17:06 - Row :197 - Parsing failed. Reason: User with same Email already exists. Email: indranathc@nerolac.com
08-19-2022 @ 13:17:06 - Row :198 - Parsing item.
08-19-2022 @ 13:17:06 - Row :198 - Parsing failed. Reason: User with same Email already exists. Email: skbhatnagar@dhampursugar.com
08-19-2022 @ 13:17:06 - Row :199 - Parsing item.
08-19-2022 @ 13:17:06 - Row :199 - Parsing failed. Reason: User with same Email already exists. Email: spscoc@yahoo.com
08-19-2022 @ 13:17:06 - Row :200 - Parsing item.
08-19-2022 @ 13:17:06 - Row :200 - Parsing failed. Reason: User with same Email already exists. Email: so.sharmag@gmail.com
