08-19-2022 @ 13:18:16 - ---[ New import started at 2022-08-19 13:18:16 ] PHP Memory: 256 MB, WP Memory: 40 MB
08-19-2022 @ 13:18:16 - Preparing for import.
08-19-2022 @ 13:18:16 - Row :1 - Parsing item.
08-19-2022 @ 13:18:16 - Row :1 - Processing item.
08-19-2022 @ 13:18:16 - Processing users.
08-19-2022 @ 13:18:18 - > &#8220;1470&#8221;User imported successfully. ID:1470
08-19-2022 @ 13:18:18 - > Finished importing user 1470
08-19-2022 @ 13:18:18 - Row :1 - User imported successfully.
08-19-2022 @ 13:18:18 - Row :2 - Parsing item.
08-19-2022 @ 13:18:18 - Row :2 - Processing item.
08-19-2022 @ 13:18:18 - Processing users.
08-19-2022 @ 13:18:20 - > &#8220;1471&#8221;User imported successfully. ID:1471
08-19-2022 @ 13:18:20 - > Finished importing user 1471
08-19-2022 @ 13:18:20 - Row :2 - User imported successfully.
08-19-2022 @ 13:18:20 - Row :3 - Parsing item.
08-19-2022 @ 13:18:20 - Row :3 - Processing item.
08-19-2022 @ 13:18:20 - Processing users.
08-19-2022 @ 13:18:22 - > &#8220;1472&#8221;User imported successfully. ID:1472
08-19-2022 @ 13:18:22 - > Finished importing user 1472
08-19-2022 @ 13:18:22 - Row :3 - User imported successfully.
08-19-2022 @ 13:18:22 - Row :4 - Parsing item.
08-19-2022 @ 13:18:22 - Row :4 - Processing item.
08-19-2022 @ 13:18:22 - Processing users.
08-19-2022 @ 13:18:25 - > &#8220;1473&#8221;User imported successfully. ID:1473
08-19-2022 @ 13:18:25 - > Finished importing user 1473
08-19-2022 @ 13:18:25 - Row :4 - User imported successfully.
08-19-2022 @ 13:18:25 - Row :5 - Parsing item.
08-19-2022 @ 13:18:25 - Row :5 - Processing item.
08-19-2022 @ 13:18:25 - Processing users.
08-19-2022 @ 13:18:27 - > &#8220;1474&#8221;User imported successfully. ID:1474
08-19-2022 @ 13:18:27 - > Finished importing user 1474
08-19-2022 @ 13:18:27 - Row :5 - User imported successfully.
08-19-2022 @ 13:18:27 - Row :6 - Parsing item.
08-19-2022 @ 13:18:27 - Row :6 - Processing item.
08-19-2022 @ 13:18:27 - Processing users.
08-19-2022 @ 13:18:29 - > &#8220;1475&#8221;User imported successfully. ID:1475
08-19-2022 @ 13:18:29 - > Finished importing user 1475
08-19-2022 @ 13:18:29 - Row :6 - User imported successfully.
08-19-2022 @ 13:18:29 - Row :7 - Parsing item.
08-19-2022 @ 13:18:29 - Row :7 - Processing item.
08-19-2022 @ 13:18:29 - Processing users.
08-19-2022 @ 13:18:32 - > &#8220;1476&#8221;User imported successfully. ID:1476
08-19-2022 @ 13:18:32 - > Finished importing user 1476
08-19-2022 @ 13:18:32 - Row :7 - User imported successfully.
08-19-2022 @ 13:18:32 - Row :8 - Parsing item.
08-19-2022 @ 13:18:32 - Row :8 - Processing item.
08-19-2022 @ 13:18:32 - Processing users.
08-19-2022 @ 13:18:34 - > &#8220;1477&#8221;User imported successfully. ID:1477
08-19-2022 @ 13:18:34 - > Finished importing user 1477
08-19-2022 @ 13:18:34 - Row :8 - User imported successfully.
08-19-2022 @ 13:18:34 - Row :9 - Parsing item.
08-19-2022 @ 13:18:34 - Row :9 - Processing item.
08-19-2022 @ 13:18:34 - Processing users.
08-19-2022 @ 13:18:36 - > &#8220;1478&#8221;User imported successfully. ID:1478
08-19-2022 @ 13:18:36 - > Finished importing user 1478
08-19-2022 @ 13:18:36 - Row :9 - User imported successfully.
08-19-2022 @ 13:18:36 - Row :10 - Parsing item.
08-19-2022 @ 13:18:36 - Row :10 - Processing item.
08-19-2022 @ 13:18:36 - Processing users.
08-19-2022 @ 13:18:39 - > &#8220;1479&#8221;User imported successfully. ID:1479
08-19-2022 @ 13:18:39 - > Finished importing user 1479
08-19-2022 @ 13:18:39 - Row :10 - User imported successfully.
08-19-2022 @ 13:18:39 - Row :11 - Parsing item.
08-19-2022 @ 13:18:39 - Row :11 - Processing item.
08-19-2022 @ 13:18:39 - Processing users.
08-19-2022 @ 13:18:41 - > &#8220;1480&#8221;User imported successfully. ID:1480
08-19-2022 @ 13:18:41 - > Finished importing user 1480
08-19-2022 @ 13:18:41 - Row :11 - User imported successfully.
08-19-2022 @ 13:18:41 - Row :12 - Parsing item.
08-19-2022 @ 13:18:41 - Row :12 - Processing item.
08-19-2022 @ 13:18:41 - Processing users.
08-19-2022 @ 13:18:44 - > &#8220;1481&#8221;User imported successfully. ID:1481
08-19-2022 @ 13:18:44 - > Finished importing user 1481
08-19-2022 @ 13:18:44 - Row :12 - User imported successfully.
08-19-2022 @ 13:18:44 - Row :13 - Parsing item.
08-19-2022 @ 13:18:44 - Row :13 - Processing item.
08-19-2022 @ 13:18:44 - Processing users.
08-19-2022 @ 13:18:46 - > &#8220;1482&#8221;User imported successfully. ID:1482
08-19-2022 @ 13:18:46 - > Finished importing user 1482
08-19-2022 @ 13:18:46 - Row :13 - User imported successfully.
08-19-2022 @ 13:18:46 - Row :14 - Parsing item.
08-19-2022 @ 13:18:46 - Row :14 - Processing item.
08-19-2022 @ 13:18:46 - Processing users.
08-19-2022 @ 13:18:49 - > &#8220;1483&#8221;User imported successfully. ID:1483
08-19-2022 @ 13:18:49 - > Finished importing user 1483
08-19-2022 @ 13:18:49 - Row :14 - User imported successfully.
08-19-2022 @ 13:18:49 - Row :15 - Parsing item.
08-19-2022 @ 13:18:49 - Row :15 - Processing item.
08-19-2022 @ 13:18:49 - Processing users.
08-19-2022 @ 13:18:51 - > &#8220;1484&#8221;User imported successfully. ID:1484
08-19-2022 @ 13:18:51 - > Finished importing user 1484
08-19-2022 @ 13:18:51 - Row :15 - User imported successfully.
08-19-2022 @ 13:18:51 - Row :16 - Parsing item.
08-19-2022 @ 13:18:51 - Row :16 - Processing item.
08-19-2022 @ 13:18:51 - Processing users.
08-19-2022 @ 13:18:54 - > &#8220;1485&#8221;User imported successfully. ID:1485
08-19-2022 @ 13:18:54 - > Finished importing user 1485
08-19-2022 @ 13:18:54 - Row :16 - User imported successfully.
08-19-2022 @ 13:18:54 - Row :17 - Parsing item.
08-19-2022 @ 13:18:54 - Row :17 - Processing item.
08-19-2022 @ 13:18:54 - Processing users.
08-19-2022 @ 13:18:56 - > &#8220;1486&#8221;User imported successfully. ID:1486
08-19-2022 @ 13:18:56 - > Finished importing user 1486
08-19-2022 @ 13:18:56 - Row :17 - User imported successfully.
08-19-2022 @ 13:18:56 - Row :18 - Parsing item.
08-19-2022 @ 13:18:56 - Row :18 - Processing item.
08-19-2022 @ 13:18:56 - Processing users.
08-19-2022 @ 13:18:59 - > &#8220;1487&#8221;User imported successfully. ID:1487
08-19-2022 @ 13:18:59 - > Finished importing user 1487
08-19-2022 @ 13:18:59 - Row :18 - User imported successfully.
08-19-2022 @ 13:18:59 - Row :19 - Parsing item.
08-19-2022 @ 13:18:59 - Row :19 - Processing item.
08-19-2022 @ 13:18:59 - Processing users.
08-19-2022 @ 13:19:01 - > &#8220;1488&#8221;User imported successfully. ID:1488
08-19-2022 @ 13:19:01 - > Finished importing user 1488
08-19-2022 @ 13:19:01 - Row :19 - User imported successfully.
08-19-2022 @ 13:19:01 - Row :20 - Parsing item.
08-19-2022 @ 13:19:01 - Row :20 - Processing item.
08-19-2022 @ 13:19:01 - Processing users.
08-19-2022 @ 13:19:03 - > &#8220;1489&#8221;User imported successfully. ID:1489
08-19-2022 @ 13:19:03 - > Finished importing user 1489
08-19-2022 @ 13:19:03 - Row :20 - User imported successfully.
08-19-2022 @ 13:19:03 - Row :21 - Parsing item.
08-19-2022 @ 13:19:03 - Row :21 - Processing item.
08-19-2022 @ 13:19:03 - Processing users.
08-19-2022 @ 13:19:06 - > &#8220;1490&#8221;User imported successfully. ID:1490
08-19-2022 @ 13:19:06 - > Finished importing user 1490
08-19-2022 @ 13:19:06 - Row :21 - User imported successfully.
08-19-2022 @ 13:19:06 - Row :22 - Parsing item.
08-19-2022 @ 13:19:06 - Row :22 - Processing item.
08-19-2022 @ 13:19:06 - Processing users.
08-19-2022 @ 13:19:08 - > &#8220;1491&#8221;User imported successfully. ID:1491
08-19-2022 @ 13:19:08 - > Finished importing user 1491
08-19-2022 @ 13:19:08 - Row :22 - User imported successfully.
08-19-2022 @ 13:19:08 - Row :23 - Parsing item.
08-19-2022 @ 13:19:08 - Row :23 - Processing item.
08-19-2022 @ 13:19:08 - Processing users.
08-19-2022 @ 13:19:10 - > &#8220;1492&#8221;User imported successfully. ID:1492
08-19-2022 @ 13:19:10 - > Finished importing user 1492
08-19-2022 @ 13:19:10 - Row :23 - User imported successfully.
08-19-2022 @ 13:19:10 - Row :24 - Parsing item.
08-19-2022 @ 13:19:10 - Row :24 - Processing item.
08-19-2022 @ 13:19:10 - Processing users.
08-19-2022 @ 13:19:13 - > &#8220;1493&#8221;User imported successfully. ID:1493
08-19-2022 @ 13:19:13 - > Finished importing user 1493
08-19-2022 @ 13:19:13 - Row :24 - User imported successfully.
08-19-2022 @ 13:19:13 - Row :25 - Parsing item.
08-19-2022 @ 13:19:13 - Row :25 - Processing item.
08-19-2022 @ 13:19:13 - Processing users.
08-19-2022 @ 13:19:15 - > &#8220;1494&#8221;User imported successfully. ID:1494
08-19-2022 @ 13:19:15 - > Finished importing user 1494
08-19-2022 @ 13:19:15 - Row :25 - User imported successfully.
08-19-2022 @ 13:19:15 - Row :26 - Parsing item.
08-19-2022 @ 13:19:15 - Row :26 - Processing item.
08-19-2022 @ 13:19:15 - Processing users.
08-19-2022 @ 13:19:18 - > &#8220;1495&#8221;User imported successfully. ID:1495
08-19-2022 @ 13:19:18 - > Finished importing user 1495
08-19-2022 @ 13:19:18 - Row :26 - User imported successfully.
08-19-2022 @ 13:19:18 - Row :27 - Parsing item.
08-19-2022 @ 13:19:18 - Row :27 - Processing item.
08-19-2022 @ 13:19:18 - Processing users.
08-19-2022 @ 13:19:20 - > &#8220;1496&#8221;User imported successfully. ID:1496
08-19-2022 @ 13:19:20 - > Finished importing user 1496
08-19-2022 @ 13:19:20 - Row :27 - User imported successfully.
08-19-2022 @ 13:19:20 - Row :28 - Parsing item.
08-19-2022 @ 13:19:20 - Row :28 - Processing item.
08-19-2022 @ 13:19:20 - Processing users.
08-19-2022 @ 13:19:24 - > &#8220;1497&#8221;User imported successfully. ID:1497
08-19-2022 @ 13:19:24 - > Finished importing user 1497
08-19-2022 @ 13:19:24 - Row :28 - User imported successfully.
08-19-2022 @ 13:19:24 - Row :29 - Parsing item.
08-19-2022 @ 13:19:24 - Row :29 - Parsing failed. Reason: User with same Email already exists. Email: kppolypack12@gmail.com
08-19-2022 @ 13:19:24 - Row :30 - Parsing item.
08-19-2022 @ 13:19:24 - Row :30 - Processing item.
08-19-2022 @ 13:19:24 - Processing users.
08-19-2022 @ 13:19:24 - > Error inserting 1: Sorry, that username already exists!
08-19-2022 @ 13:19:24 - Row :30 - Processing failed. Reason: > Error inserting 1: Sorry, that username already exists!
08-19-2022 @ 13:19:24 - Row :31 - Parsing item.
08-19-2022 @ 13:19:24 - Row :31 - Processing item.
08-19-2022 @ 13:19:24 - Processing users.
08-19-2022 @ 13:19:28 - > &#8220;1500&#8221;User imported successfully. ID:1500
08-19-2022 @ 13:19:28 - > Finished importing user 1500
08-19-2022 @ 13:19:28 - Row :31 - User imported successfully.
08-19-2022 @ 13:19:28 - Row :32 - Parsing item.
08-19-2022 @ 13:19:28 - Row :32 - Parsing failed. Reason: User with same Email already exists. Email: vihaan25@gmail.com
08-19-2022 @ 13:19:28 - Row :33 - Parsing item.
08-19-2022 @ 13:19:28 - Row :33 - Processing item.
08-19-2022 @ 13:19:28 - Processing users.
08-19-2022 @ 13:19:31 - > &#8220;1502&#8221;User imported successfully. ID:1502
08-19-2022 @ 13:19:31 - > Finished importing user 1502
08-19-2022 @ 13:19:31 - Row :33 - User imported successfully.
08-19-2022 @ 13:19:31 - Row :34 - Parsing item.
08-19-2022 @ 13:19:31 - Row :34 - Processing item.
08-19-2022 @ 13:19:31 - Processing users.
08-19-2022 @ 13:19:31 - > Error inserting 1: Sorry, that username already exists!
08-19-2022 @ 13:19:31 - Row :34 - Processing failed. Reason: > Error inserting 1: Sorry, that username already exists!
08-19-2022 @ 13:19:31 - Row :35 - Parsing item.
08-19-2022 @ 13:19:31 - Row :35 - Processing item.
08-19-2022 @ 13:19:31 - Processing users.
08-19-2022 @ 13:19:35 - > &#8220;1504&#8221;User imported successfully. ID:1504
08-19-2022 @ 13:19:35 - > Finished importing user 1504
08-19-2022 @ 13:19:35 - Row :35 - User imported successfully.
08-19-2022 @ 13:19:35 - Row :36 - Parsing item.
08-19-2022 @ 13:19:35 - Row :36 - Processing item.
08-19-2022 @ 13:19:35 - Processing users.
08-19-2022 @ 13:19:38 - > &#8220;1506&#8221;User imported successfully. ID:1506
08-19-2022 @ 13:19:38 - > Finished importing user 1506
08-19-2022 @ 13:19:38 - Row :36 - User imported successfully.
08-19-2022 @ 13:19:38 - Row :37 - Parsing item.
08-19-2022 @ 13:19:38 - Row :37 - Processing item.
08-19-2022 @ 13:19:38 - Processing users.
08-19-2022 @ 13:19:41 - > &#8220;1508&#8221;User imported successfully. ID:1508
08-19-2022 @ 13:19:41 - > Finished importing user 1508
08-19-2022 @ 13:19:41 - Row :37 - User imported successfully.
08-19-2022 @ 13:19:41 - Row :38 - Parsing item.
08-19-2022 @ 13:19:41 - Row :38 - Processing item.
08-19-2022 @ 13:19:41 - Processing users.
08-19-2022 @ 13:19:44 - > &#8220;1510&#8221;User imported successfully. ID:1510
08-19-2022 @ 13:19:44 - > Finished importing user 1510
08-19-2022 @ 13:19:44 - Row :38 - User imported successfully.
08-19-2022 @ 13:19:44 - Row :39 - Parsing item.
08-19-2022 @ 13:19:44 - Row :39 - Processing item.
08-19-2022 @ 13:19:44 - Processing users.
08-19-2022 @ 13:19:48 - > &#8220;1511&#8221;User imported successfully. ID:1511
08-19-2022 @ 13:19:48 - > Finished importing user 1511
08-19-2022 @ 13:19:48 - Row :39 - User imported successfully.
08-19-2022 @ 13:19:48 - Row :40 - Parsing item.
08-19-2022 @ 13:19:48 - Row :40 - Processing item.
08-19-2022 @ 13:19:48 - Processing users.
08-19-2022 @ 13:19:52 - > &#8220;1513&#8221;User imported successfully. ID:1513
08-19-2022 @ 13:19:52 - > Finished importing user 1513
08-19-2022 @ 13:19:52 - Row :40 - User imported successfully.
08-19-2022 @ 13:19:52 - Row :41 - Parsing item.
08-19-2022 @ 13:19:52 - Row :41 - Parsing failed. Reason: User with same Email already exists. Email: kumarjimishra30668@gmail.com
08-19-2022 @ 13:19:52 - Row :42 - Parsing item.
08-19-2022 @ 13:19:52 - Row :42 - Processing item.
08-19-2022 @ 13:19:52 - Processing users.
08-19-2022 @ 13:19:56 - > &#8220;1515&#8221;User imported successfully. ID:1515
08-19-2022 @ 13:19:56 - > Finished importing user 1515
08-19-2022 @ 13:19:56 - Row :42 - User imported successfully.
08-19-2022 @ 13:19:56 - Row :43 - Parsing item.
08-19-2022 @ 13:19:56 - Row :43 - Processing item.
08-19-2022 @ 13:19:56 - Processing users.
08-19-2022 @ 13:20:00 - > &#8220;1518&#8221;User imported successfully. ID:1518
08-19-2022 @ 13:20:00 - > Finished importing user 1518
08-19-2022 @ 13:20:00 - Row :43 - User imported successfully.
08-19-2022 @ 13:20:00 - Row :44 - Parsing item.
08-19-2022 @ 13:20:00 - Row :44 - Processing item.
08-19-2022 @ 13:20:00 - Processing users.
08-19-2022 @ 13:20:03 - > &#8220;1520&#8221;User imported successfully. ID:1520
08-19-2022 @ 13:20:03 - > Finished importing user 1520
08-19-2022 @ 13:20:03 - Row :44 - User imported successfully.
08-19-2022 @ 13:20:03 - Row :45 - Parsing item.
08-19-2022 @ 13:20:03 - Row :45 - Processing item.
08-19-2022 @ 13:20:03 - Processing users.
08-19-2022 @ 13:20:07 - > &#8220;1522&#8221;User imported successfully. ID:1522
08-19-2022 @ 13:20:07 - > Finished importing user 1522
08-19-2022 @ 13:20:07 - Row :45 - User imported successfully.
08-19-2022 @ 13:20:07 - Row :46 - Parsing item.
08-19-2022 @ 13:20:07 - Row :46 - Processing item.
08-19-2022 @ 13:20:07 - Processing users.
08-19-2022 @ 13:20:11 - > &#8220;1524&#8221;User imported successfully. ID:1524
08-19-2022 @ 13:20:11 - > Finished importing user 1524
08-19-2022 @ 13:20:11 - Row :46 - User imported successfully.
08-19-2022 @ 13:20:11 - Row :47 - Parsing item.
08-19-2022 @ 13:20:11 - Row :47 - Processing item.
08-19-2022 @ 13:20:11 - Processing users.
08-19-2022 @ 13:20:14 - > &#8220;1526&#8221;User imported successfully. ID:1526
08-19-2022 @ 13:20:14 - > Finished importing user 1526
08-19-2022 @ 13:20:14 - Row :47 - User imported successfully.
08-19-2022 @ 13:20:14 - Row :48 - Parsing item.
08-19-2022 @ 13:20:14 - Row :48 - Processing item.
08-19-2022 @ 13:20:14 - Processing users.
08-19-2022 @ 13:20:18 - > &#8220;1527&#8221;User imported successfully. ID:1527
08-19-2022 @ 13:20:18 - > Finished importing user 1527
08-19-2022 @ 13:20:18 - Row :48 - User imported successfully.
08-19-2022 @ 13:20:18 - Row :49 - Parsing item.
08-19-2022 @ 13:20:18 - Row :49 - Processing item.
08-19-2022 @ 13:20:18 - Processing users.
08-19-2022 @ 13:20:22 - > &#8220;1529&#8221;User imported successfully. ID:1529
08-19-2022 @ 13:20:22 - > Finished importing user 1529
08-19-2022 @ 13:20:22 - Row :49 - User imported successfully.
08-19-2022 @ 13:20:22 - Row :50 - Parsing item.
08-19-2022 @ 13:20:22 - Row :50 - Parsing failed. Reason: User with same Email already exists. Email: tracemyfoodnow@gmail.com
08-19-2022 @ 13:20:22 - Row :51 - Parsing item.
08-19-2022 @ 13:20:22 - Row :51 - Processing item.
08-19-2022 @ 13:20:22 - Processing users.
08-19-2022 @ 13:20:26 - > &#8220;1532&#8221;User imported successfully. ID:1532
08-19-2022 @ 13:20:26 - > Finished importing user 1532
08-19-2022 @ 13:20:26 - Row :51 - User imported successfully.
08-19-2022 @ 13:20:26 - Row :52 - Parsing item.
08-19-2022 @ 13:20:26 - Row :52 - Processing item.
08-19-2022 @ 13:20:26 - Processing users.
08-19-2022 @ 13:20:30 - > &#8220;1533&#8221;User imported successfully. ID:1533
08-19-2022 @ 13:20:30 - > Finished importing user 1533
08-19-2022 @ 13:20:30 - Row :52 - User imported successfully.
08-19-2022 @ 13:20:30 - Row :53 - Parsing item.
08-19-2022 @ 13:20:30 - Row :53 - Parsing failed. Reason: User with same Email already exists. Email: trupti@avigloplast.com
08-19-2022 @ 13:20:30 - Row :54 - Parsing item.
08-19-2022 @ 13:20:30 - Row :54 - Processing item.
08-19-2022 @ 13:20:30 - Processing users.
08-19-2022 @ 13:20:34 - > &#8220;1535&#8221;User imported successfully. ID:1535
08-19-2022 @ 13:20:34 - > Finished importing user 1535
08-19-2022 @ 13:20:34 - Row :54 - User imported successfully.
08-19-2022 @ 13:20:34 - Row :55 - Parsing item.
08-19-2022 @ 13:20:34 - Row :55 - Processing item.
08-19-2022 @ 13:20:34 - Processing users.
08-19-2022 @ 13:20:38 - > &#8220;1537&#8221;User imported successfully. ID:1537
08-19-2022 @ 13:20:38 - > Finished importing user 1537
08-19-2022 @ 13:20:38 - Row :55 - User imported successfully.
08-19-2022 @ 13:20:38 - Row :56 - Parsing item.
08-19-2022 @ 13:20:38 - Row :56 - Processing item.
08-19-2022 @ 13:20:38 - Processing users.
08-19-2022 @ 13:20:42 - > &#8220;1540&#8221;User imported successfully. ID:1540
08-19-2022 @ 13:20:42 - > Finished importing user 1540
08-19-2022 @ 13:20:42 - Row :56 - User imported successfully.
08-19-2022 @ 13:20:42 - Row :57 - Parsing item.
08-19-2022 @ 13:20:42 - Row :57 - Processing item.
08-19-2022 @ 13:20:42 - Processing users.
08-19-2022 @ 13:20:46 - > &#8220;1542&#8221;User imported successfully. ID:1542
08-19-2022 @ 13:20:46 - > Finished importing user 1542
08-19-2022 @ 13:20:46 - Row :57 - User imported successfully.
08-19-2022 @ 13:20:46 - Row :58 - Parsing item.
08-19-2022 @ 13:20:46 - Row :58 - Processing item.
08-19-2022 @ 13:20:46 - Processing users.
08-19-2022 @ 13:20:49 - > &#8220;1544&#8221;User imported successfully. ID:1544
08-19-2022 @ 13:20:49 - > Finished importing user 1544
08-19-2022 @ 13:20:49 - Row :58 - User imported successfully.
08-19-2022 @ 13:20:49 - Row :59 - Parsing item.
08-19-2022 @ 13:20:49 - Row :59 - Processing item.
08-19-2022 @ 13:20:49 - Processing users.
08-19-2022 @ 13:20:50 - > Error inserting 1: Sorry, that username already exists!
08-19-2022 @ 13:20:50 - Row :59 - Processing failed. Reason: > Error inserting 1: Sorry, that username already exists!
08-19-2022 @ 13:20:50 - Row :60 - Parsing item.
08-19-2022 @ 13:20:50 - Row :60 - Processing item.
08-19-2022 @ 13:20:50 - Processing users.
08-19-2022 @ 13:20:53 - > &#8220;1546&#8221;User imported successfully. ID:1546
08-19-2022 @ 13:20:53 - > Finished importing user 1546
08-19-2022 @ 13:20:53 - Row :60 - User imported successfully.
08-19-2022 @ 13:20:53 - Row :61 - Parsing item.
08-19-2022 @ 13:20:53 - Row :61 - Processing item.
08-19-2022 @ 13:20:53 - Processing users.
08-19-2022 @ 13:20:57 - > &#8220;1548&#8221;User imported successfully. ID:1548
08-19-2022 @ 13:20:57 - > Finished importing user 1548
08-19-2022 @ 13:20:57 - Row :61 - User imported successfully.
08-19-2022 @ 13:20:57 - Row :62 - Parsing item.
08-19-2022 @ 13:20:57 - Row :62 - Processing item.
08-19-2022 @ 13:20:57 - Processing users.
08-19-2022 @ 13:21:01 - > &#8220;1550&#8221;User imported successfully. ID:1550
08-19-2022 @ 13:21:01 - > Finished importing user 1550
08-19-2022 @ 13:21:01 - Row :62 - User imported successfully.
08-19-2022 @ 13:21:01 - Row :63 - Parsing item.
08-19-2022 @ 13:21:01 - Row :63 - Processing item.
08-19-2022 @ 13:21:01 - Processing users.
08-19-2022 @ 13:21:05 - > &#8220;1552&#8221;User imported successfully. ID:1552
08-19-2022 @ 13:21:05 - > Finished importing user 1552
08-19-2022 @ 13:21:05 - Row :63 - User imported successfully.
08-19-2022 @ 13:21:05 - Row :64 - Parsing item.
08-19-2022 @ 13:21:05 - Row :64 - Processing item.
08-19-2022 @ 13:21:05 - Processing users.
08-19-2022 @ 13:21:09 - > &#8220;1553&#8221;User imported successfully. ID:1553
08-19-2022 @ 13:21:09 - > Finished importing user 1553
08-19-2022 @ 13:21:09 - Row :64 - User imported successfully.
08-19-2022 @ 13:21:09 - Row :65 - Parsing item.
08-19-2022 @ 13:21:09 - Row :65 - Processing item.
08-19-2022 @ 13:21:09 - Processing users.
08-19-2022 @ 13:21:13 - > &#8220;1555&#8221;User imported successfully. ID:1555
08-19-2022 @ 13:21:13 - > Finished importing user 1555
08-19-2022 @ 13:21:13 - Row :65 - User imported successfully.
08-19-2022 @ 13:21:13 - Row :66 - Parsing item.
08-19-2022 @ 13:21:13 - Row :66 - Processing item.
08-19-2022 @ 13:21:13 - Processing users.
08-19-2022 @ 13:21:18 - > &#8220;1557&#8221;User imported successfully. ID:1557
08-19-2022 @ 13:21:18 - > Finished importing user 1557
08-19-2022 @ 13:21:18 - Row :66 - User imported successfully.
08-19-2022 @ 13:21:18 - Row :67 - Parsing item.
08-19-2022 @ 13:21:18 - Row :67 - Processing item.
08-19-2022 @ 13:21:18 - Processing users.
08-19-2022 @ 13:21:21 - > &#8220;1560&#8221;User imported successfully. ID:1560
08-19-2022 @ 13:21:21 - > Finished importing user 1560
08-19-2022 @ 13:21:21 - Row :67 - User imported successfully.
08-19-2022 @ 13:21:21 - Row :68 - Parsing item.
08-19-2022 @ 13:21:21 - Row :68 - Processing item.
08-19-2022 @ 13:21:21 - Processing users.
08-19-2022 @ 13:21:25 - > &#8220;1562&#8221;User imported successfully. ID:1562
08-19-2022 @ 13:21:25 - > Finished importing user 1562
08-19-2022 @ 13:21:25 - Row :68 - User imported successfully.
08-19-2022 @ 13:21:25 - Row :69 - Parsing item.
08-19-2022 @ 13:21:25 - Row :69 - Processing item.
08-19-2022 @ 13:21:25 - Processing users.
08-19-2022 @ 13:21:25 - > Error inserting 1: Sorry, that username already exists!
08-19-2022 @ 13:21:25 - Row :69 - Processing failed. Reason: > Error inserting 1: Sorry, that username already exists!
08-19-2022 @ 13:21:25 - Row :70 - Parsing item.
08-19-2022 @ 13:21:25 - Row :70 - Processing item.
08-19-2022 @ 13:21:25 - Processing users.
08-19-2022 @ 13:21:29 - > &#8220;1564&#8221;User imported successfully. ID:1564
08-19-2022 @ 13:21:29 - > Finished importing user 1564
08-19-2022 @ 13:21:29 - Row :70 - User imported successfully.
08-19-2022 @ 13:21:29 - Row :71 - Parsing item.
08-19-2022 @ 13:21:29 - Row :71 - Processing item.
08-19-2022 @ 13:21:29 - Processing users.
08-19-2022 @ 13:21:33 - > &#8220;1566&#8221;User imported successfully. ID:1566
08-19-2022 @ 13:21:33 - > Finished importing user 1566
08-19-2022 @ 13:21:33 - Row :71 - User imported successfully.
08-19-2022 @ 13:21:33 - Row :72 - Parsing item.
08-19-2022 @ 13:21:33 - Row :72 - Parsing failed. Reason: User with same Email already exists. Email: admin@newagetraders.net
08-19-2022 @ 13:21:33 - Row :73 - Parsing item.
08-19-2022 @ 13:21:33 - Row :73 - Processing item.
08-19-2022 @ 13:21:33 - Processing users.
08-19-2022 @ 13:21:36 - > &#8220;1568&#8221;User imported successfully. ID:1568
08-19-2022 @ 13:21:36 - > Finished importing user 1568
08-19-2022 @ 13:21:36 - Row :73 - User imported successfully.
08-19-2022 @ 13:21:36 - Row :74 - Parsing item.
08-19-2022 @ 13:21:36 - Row :74 - Processing item.
08-19-2022 @ 13:21:36 - Processing users.
08-19-2022 @ 13:21:36 - > Error inserting 1: Sorry, that username already exists!
08-19-2022 @ 13:21:36 - Row :74 - Processing failed. Reason: > Error inserting 1: Sorry, that username already exists!
08-19-2022 @ 13:21:36 - Row :75 - Parsing item.
08-19-2022 @ 13:21:36 - Row :75 - Processing item.
08-19-2022 @ 13:21:36 - Processing users.
08-19-2022 @ 13:21:40 - > &#8220;1570&#8221;User imported successfully. ID:1570
08-19-2022 @ 13:21:40 - > Finished importing user 1570
08-19-2022 @ 13:21:40 - Row :75 - User imported successfully.
08-19-2022 @ 13:21:40 - Row :76 - Parsing item.
08-19-2022 @ 13:21:40 - Row :76 - Parsing failed. Reason: User with same Email already exists. Email: pinalislaniya@gmail.com
08-19-2022 @ 13:21:40 - Row :77 - Parsing item.
08-19-2022 @ 13:21:40 - Row :77 - Processing item.
08-19-2022 @ 13:21:40 - Processing users.
08-19-2022 @ 13:21:43 - > &#8220;1572&#8221;User imported successfully. ID:1572
08-19-2022 @ 13:21:43 - > Finished importing user 1572
08-19-2022 @ 13:21:43 - Row :77 - User imported successfully.
08-19-2022 @ 13:21:43 - Row :78 - Parsing item.
08-19-2022 @ 13:21:43 - Row :78 - Processing item.
08-19-2022 @ 13:21:43 - Processing users.
08-19-2022 @ 13:21:47 - > &#8220;1574&#8221;User imported successfully. ID:1574
08-19-2022 @ 13:21:47 - > Finished importing user 1574
08-19-2022 @ 13:21:47 - Row :78 - User imported successfully.
08-19-2022 @ 13:21:47 - Row :79 - Parsing item.
08-19-2022 @ 13:21:47 - Row :79 - Processing item.
08-19-2022 @ 13:21:47 - Processing users.
08-19-2022 @ 13:21:51 - > &#8220;1575&#8221;User imported successfully. ID:1575
08-19-2022 @ 13:21:51 - > Finished importing user 1575
08-19-2022 @ 13:21:51 - Row :79 - User imported successfully.
08-19-2022 @ 13:21:51 - Row :80 - Parsing item.
08-19-2022 @ 13:21:51 - Row :80 - Processing item.
08-19-2022 @ 13:21:51 - Processing users.
08-19-2022 @ 13:21:55 - > &#8220;1578&#8221;User imported successfully. ID:1578
08-19-2022 @ 13:21:55 - > Finished importing user 1578
08-19-2022 @ 13:21:55 - Row :80 - User imported successfully.
08-19-2022 @ 13:21:55 - Row :81 - Parsing item.
08-19-2022 @ 13:21:55 - Row :81 - Processing item.
08-19-2022 @ 13:21:55 - Processing users.
08-19-2022 @ 13:21:55 - > Error inserting 1: Sorry, that username already exists!
08-19-2022 @ 13:21:55 - Row :81 - Processing failed. Reason: > Error inserting 1: Sorry, that username already exists!
08-19-2022 @ 13:21:55 - Row :82 - Parsing item.
08-19-2022 @ 13:21:55 - Row :82 - Processing item.
08-19-2022 @ 13:21:55 - Processing users.
08-19-2022 @ 13:21:58 - > &#8220;1580&#8221;User imported successfully. ID:1580
08-19-2022 @ 13:21:58 - > Finished importing user 1580
08-19-2022 @ 13:21:58 - Row :82 - User imported successfully.
08-19-2022 @ 13:21:58 - Row :83 - Parsing item.
08-19-2022 @ 13:21:58 - Row :83 - Processing item.
08-19-2022 @ 13:21:58 - Processing users.
08-19-2022 @ 13:22:03 - > &#8220;1582&#8221;User imported successfully. ID:1582
08-19-2022 @ 13:22:03 - > Finished importing user 1582
08-19-2022 @ 13:22:03 - Row :83 - User imported successfully.
08-19-2022 @ 13:22:03 - Row :84 - Parsing item.
08-19-2022 @ 13:22:03 - Row :84 - Processing item.
08-19-2022 @ 13:22:03 - Processing users.
08-19-2022 @ 13:22:06 - > &#8220;1584&#8221;User imported successfully. ID:1584
08-19-2022 @ 13:22:06 - > Finished importing user 1584
08-19-2022 @ 13:22:06 - Row :84 - User imported successfully.
08-19-2022 @ 13:22:06 - Row :85 - Parsing item.
08-19-2022 @ 13:22:06 - Row :85 - Processing item.
08-19-2022 @ 13:22:06 - Processing users.
08-19-2022 @ 13:22:10 - > &#8220;1586&#8221;User imported successfully. ID:1586
08-19-2022 @ 13:22:10 - > Finished importing user 1586
08-19-2022 @ 13:22:10 - Row :85 - User imported successfully.
08-19-2022 @ 13:22:10 - Row :86 - Parsing item.
08-19-2022 @ 13:22:10 - Row :86 - Processing item.
08-19-2022 @ 13:22:10 - Processing users.
08-19-2022 @ 13:22:14 - > &#8220;1588&#8221;User imported successfully. ID:1588
08-19-2022 @ 13:22:14 - > Finished importing user 1588
08-19-2022 @ 13:22:14 - Row :86 - User imported successfully.
08-19-2022 @ 13:22:14 - Row :87 - Parsing item.
08-19-2022 @ 13:22:14 - Row :87 - Processing item.
08-19-2022 @ 13:22:14 - Processing users.
08-19-2022 @ 13:22:18 - > &#8220;1590&#8221;User imported successfully. ID:1590
08-19-2022 @ 13:22:18 - > Finished importing user 1590
08-19-2022 @ 13:22:18 - Row :87 - User imported successfully.
08-19-2022 @ 13:22:18 - Row :88 - Parsing item.
08-19-2022 @ 13:22:18 - Row :88 - Processing item.
08-19-2022 @ 13:22:18 - Processing users.
08-19-2022 @ 13:22:21 - > &#8220;1591&#8221;User imported successfully. ID:1591
08-19-2022 @ 13:22:21 - > Finished importing user 1591
08-19-2022 @ 13:22:21 - Row :88 - User imported successfully.
08-19-2022 @ 13:22:21 - Row :89 - Parsing item.
08-19-2022 @ 13:22:21 - Row :89 - Parsing failed. Reason: User with same Email already exists. Email: soumayasales@gmail.com
08-19-2022 @ 13:22:21 - Row :90 - Parsing item.
08-19-2022 @ 13:22:21 - Row :90 - Processing item.
08-19-2022 @ 13:22:21 - Processing users.
08-19-2022 @ 13:22:25 - > &#8220;1593&#8221;User imported successfully. ID:1593
08-19-2022 @ 13:22:25 - > Finished importing user 1593
08-19-2022 @ 13:22:25 - Row :90 - User imported successfully.
08-19-2022 @ 13:22:25 - Row :91 - Parsing item.
08-19-2022 @ 13:22:25 - Row :91 - Parsing failed. Reason: User with same Email already exists. Email: ridham.walia@modernfoods.co.in
08-19-2022 @ 13:22:25 - Row :92 - Parsing item.
08-19-2022 @ 13:22:25 - Row :92 - Processing item.
08-19-2022 @ 13:22:25 - Processing users.
08-19-2022 @ 13:22:30 - > &#8220;1595&#8221;User imported successfully. ID:1595
08-19-2022 @ 13:22:30 - > Finished importing user 1595
08-19-2022 @ 13:22:30 - Row :92 - User imported successfully.
08-19-2022 @ 13:22:30 - Row :93 - Parsing item.
08-19-2022 @ 13:22:30 - Row :93 - Processing item.
08-19-2022 @ 13:22:30 - Processing users.
08-19-2022 @ 13:22:33 - > &#8220;1598&#8221;User imported successfully. ID:1598
08-19-2022 @ 13:22:33 - > Finished importing user 1598
08-19-2022 @ 13:22:33 - Row :93 - User imported successfully.
08-19-2022 @ 13:22:33 - Row :94 - Parsing item.
08-19-2022 @ 13:22:33 - Row :94 - Processing item.
08-19-2022 @ 13:22:33 - Processing users.
08-19-2022 @ 13:22:37 - > &#8220;1599&#8221;User imported successfully. ID:1599
08-19-2022 @ 13:22:37 - > Finished importing user 1599
08-19-2022 @ 13:22:37 - Row :94 - User imported successfully.
08-19-2022 @ 13:22:37 - Row :95 - Parsing item.
08-19-2022 @ 13:22:37 - Row :95 - Processing item.
08-19-2022 @ 13:22:37 - Processing users.
08-19-2022 @ 13:22:41 - > &#8220;1602&#8221;User imported successfully. ID:1602
08-19-2022 @ 13:22:41 - > Finished importing user 1602
08-19-2022 @ 13:22:41 - Row :95 - User imported successfully.
08-19-2022 @ 13:22:41 - Row :96 - Parsing item.
08-19-2022 @ 13:22:41 - Row :96 - Processing item.
08-19-2022 @ 13:22:41 - Processing users.
08-19-2022 @ 13:22:45 - > &#8220;1603&#8221;User imported successfully. ID:1603
08-19-2022 @ 13:22:45 - > Finished importing user 1603
08-19-2022 @ 13:22:45 - Row :96 - User imported successfully.
08-19-2022 @ 13:22:45 - Row :97 - Parsing item.
08-19-2022 @ 13:22:45 - Row :97 - Processing item.
08-19-2022 @ 13:22:45 - Processing users.
08-19-2022 @ 13:22:49 - > &#8220;1605&#8221;User imported successfully. ID:1605
08-19-2022 @ 13:22:49 - > Finished importing user 1605
08-19-2022 @ 13:22:49 - Row :97 - User imported successfully.
08-19-2022 @ 13:22:49 - Row :98 - Parsing item.
08-19-2022 @ 13:22:49 - Row :98 - Processing item.
08-19-2022 @ 13:22:49 - Processing users.
08-19-2022 @ 13:22:52 - > &#8220;1607&#8221;User imported successfully. ID:1607
08-19-2022 @ 13:22:52 - > Finished importing user 1607
08-19-2022 @ 13:22:52 - Row :98 - User imported successfully.
08-19-2022 @ 13:22:52 - Row :99 - Parsing item.
08-19-2022 @ 13:22:52 - Row :99 - Processing item.
08-19-2022 @ 13:22:52 - Processing users.
08-19-2022 @ 13:22:56 - > &#8220;1609&#8221;User imported successfully. ID:1609
08-19-2022 @ 13:22:56 - > Finished importing user 1609
08-19-2022 @ 13:22:56 - Row :99 - User imported successfully.
08-19-2022 @ 13:22:56 - Row :100 - Parsing item.
08-19-2022 @ 13:22:56 - Row :100 - Processing item.
08-19-2022 @ 13:22:56 - Processing users.
08-19-2022 @ 13:23:00 - > &#8220;1612&#8221;User imported successfully. ID:1612
08-19-2022 @ 13:23:00 - > Finished importing user 1612
08-19-2022 @ 13:23:00 - Row :100 - User imported successfully.
