08-19-2022 @ 13:19:20 - ---[ New import started at 2022-08-19 13:19:20 ] PHP Memory: 256 MB, WP Memory: 40 MB
08-19-2022 @ 13:19:20 - Preparing for import.
08-19-2022 @ 13:19:20 - Row :1 - Parsing item.
08-19-2022 @ 13:19:20 - Row :1 - Parsing failed. Reason: User with same Email already exists. Email: kuberpolyfilms@gmail.com
08-19-2022 @ 13:19:20 - Row :2 - Parsing item.
08-19-2022 @ 13:19:20 - Row :2 - Parsing failed. Reason: User with same Email already exists. Email: producer.epr@gmail.com
08-19-2022 @ 13:19:20 - Row :3 - Parsing item.
08-19-2022 @ 13:19:20 - Row :3 - Parsing failed. Reason: User with same Email already exists. Email: vipinjain644@gmail.com
08-19-2022 @ 13:19:20 - Row :4 - Parsing item.
08-19-2022 @ 13:19:20 - Row :4 - Parsing failed. Reason: User with same Email already exists. Email: vikram.shabde@coatall.in
08-19-2022 @ 13:19:20 - Row :5 - Parsing item.
08-19-2022 @ 13:19:20 - Row :5 - Parsing failed. Reason: User with same Email already exists. Email: operations@ictc-ltd.com
08-19-2022 @ 13:19:20 - Row :6 - Parsing item.
08-19-2022 @ 13:19:20 - Row :6 - Parsing failed. Reason: User with same Email already exists. Email: YOGESH@YELLOWDIAMOND.IN
08-19-2022 @ 13:19:20 - Row :7 - Parsing item.
08-19-2022 @ 13:19:20 - Row :7 - Parsing failed. Reason: User with same Email already exists. Email: uniplastindia@gmail.com
08-19-2022 @ 13:19:20 - Row :8 - Parsing item.
08-19-2022 @ 13:19:20 - Row :8 - Parsing failed. Reason: User with same Email already exists. Email: prakash.joshi@in.lactalis.com
08-19-2022 @ 13:19:20 - Row :9 - Parsing item.
08-19-2022 @ 13:19:20 - Row :9 - Parsing failed. Reason: User with same Email already exists. Email: beverages.naturedelight@gmail.com
08-19-2022 @ 13:19:20 - Row :10 - Parsing item.
08-19-2022 @ 13:19:20 - Row :10 - Parsing failed. Reason: User with same Email already exists. Email: anil.kale@amcor.com
08-19-2022 @ 13:19:20 - Row :11 - Parsing item.
08-19-2022 @ 13:19:20 - Row :11 - Parsing failed. Reason: User with same Email already exists. Email: shubham.ent.1989@gmail.com
08-19-2022 @ 13:19:20 - Row :12 - Parsing item.
08-19-2022 @ 13:19:20 - Row :12 - Parsing failed. Reason: User with same Email already exists. Email: julygarg1976@gmail.com
08-19-2022 @ 13:19:20 - Row :13 - Parsing item.
08-19-2022 @ 13:19:20 - Row :13 - Parsing failed. Reason: User with same Email already exists. Email: dharmendrag1989@gmail.com
08-19-2022 @ 13:19:20 - Row :14 - Parsing item.
08-19-2022 @ 13:19:20 - Row :14 - Parsing failed. Reason: User with same Email already exists. Email: swastikpackaging@hotmail.com
08-19-2022 @ 13:19:20 - Row :15 - Parsing item.
08-19-2022 @ 13:19:20 - Row :15 - Parsing failed. Reason: User with same Email already exists. Email: durgatrading450@gmail.com
08-19-2022 @ 13:19:20 - Row :16 - Parsing item.
08-19-2022 @ 13:19:20 - Row :16 - Parsing failed. Reason: User with same Email already exists. Email: a9810209824@gmail.com
08-19-2022 @ 13:19:20 - Row :17 - Parsing item.
08-19-2022 @ 13:19:20 - Row :17 - Parsing failed. Reason: User with same Email already exists. Email: rotexpolypac@gmail.com
08-19-2022 @ 13:19:20 - Row :18 - Parsing item.
08-19-2022 @ 13:19:20 - Row :18 - Parsing failed. Reason: User with same Email already exists. Email: sandeep.bansal1985@gmail.com
08-19-2022 @ 13:19:20 - Row :19 - Parsing item.
08-19-2022 @ 13:19:20 - Row :19 - Parsing failed. Reason: User with same Email already exists. Email: shritirupatiackaging122@gmail.com
08-19-2022 @ 13:19:20 - Row :20 - Parsing item.
08-19-2022 @ 13:19:20 - Row :20 - Parsing failed. Reason: User with same Email already exists. Email: jindalplastic1@gmail.com
08-19-2022 @ 13:19:20 - Row :21 - Parsing item.
08-19-2022 @ 13:19:21 - Row :21 - Parsing failed. Reason: User with same Email already exists. Email: sumeetjain.ryp@gmail.com
08-19-2022 @ 13:19:21 - Row :22 - Parsing item.
08-19-2022 @ 13:19:21 - Row :22 - Parsing failed. Reason: User with same Email already exists. Email: nikhilgarg2524@gmail.com
08-19-2022 @ 13:19:21 - Row :23 - Parsing item.
08-19-2022 @ 13:19:21 - Row :23 - Parsing failed. Reason: User with same Email already exists. Email: sigmabattery123@gmail.com
08-19-2022 @ 13:19:21 - Row :24 - Parsing item.
08-19-2022 @ 13:19:21 - Row :24 - Parsing failed. Reason: User with same Email already exists. Email: cmgupta.adv@gmail.com
08-19-2022 @ 13:19:21 - Row :25 - Parsing item.
08-19-2022 @ 13:19:21 - Row :25 - Parsing failed. Reason: User with same Email already exists. Email: neerajkedar10@rediffmail.com
08-19-2022 @ 13:19:21 - Row :26 - Parsing item.
08-19-2022 @ 13:19:21 - Row :26 - Parsing failed. Reason: User with same Email already exists. Email: sooksham@yahoo.com
08-19-2022 @ 13:19:21 - Row :27 - Parsing item.
08-19-2022 @ 13:19:21 - Row :27 - Parsing failed. Reason: User with same Email already exists. Email: radheradhe9416@gmail.com
08-19-2022 @ 13:19:21 - Row :28 - Parsing item.
08-19-2022 @ 13:19:21 - Row :28 - Processing item.
08-19-2022 @ 13:19:21 - Processing users.
08-19-2022 @ 13:19:21 - > Error inserting 1: Sorry, that username already exists!
08-19-2022 @ 13:19:21 - Row :28 - Processing failed. Reason: > Error inserting 1: Sorry, that username already exists!
08-19-2022 @ 13:19:21 - Row :29 - Parsing item.
08-19-2022 @ 13:19:21 - Row :29 - Processing item.
08-19-2022 @ 13:19:21 - Processing users.
08-19-2022 @ 13:19:24 - > &#8220;1498&#8221;User imported successfully. ID:1498
08-19-2022 @ 13:19:24 - > Finished importing user 1498
08-19-2022 @ 13:19:24 - Row :29 - User imported successfully.
08-19-2022 @ 13:19:24 - Row :30 - Parsing item.
08-19-2022 @ 13:19:24 - Row :30 - Processing item.
08-19-2022 @ 13:19:24 - Processing users.
08-19-2022 @ 13:19:28 - > &#8220;1499&#8221;User imported successfully. ID:1499
08-19-2022 @ 13:19:28 - > Finished importing user 1499
08-19-2022 @ 13:19:28 - Row :30 - User imported successfully.
08-19-2022 @ 13:19:28 - Row :31 - Parsing item.
08-19-2022 @ 13:19:28 - Row :31 - Parsing failed. Reason: User with same Email already exists. Email: info@swissautoproducts.com
08-19-2022 @ 13:19:28 - Row :32 - Parsing item.
08-19-2022 @ 13:19:28 - Row :32 - Processing item.
08-19-2022 @ 13:19:28 - Processing users.
08-19-2022 @ 13:19:31 - > &#8220;1501&#8221;User imported successfully. ID:1501
08-19-2022 @ 13:19:31 - > Finished importing user 1501
08-19-2022 @ 13:19:31 - Row :32 - User imported successfully.
08-19-2022 @ 13:19:31 - Row :33 - Parsing item.
08-19-2022 @ 13:19:31 - Row :33 - Parsing failed. Reason: User with same Email already exists. Email: mitalsunil85@gmail.com
08-19-2022 @ 13:19:31 - Row :34 - Parsing item.
08-19-2022 @ 13:19:31 - Row :34 - Processing item.
08-19-2022 @ 13:19:31 - Processing users.
08-19-2022 @ 13:19:35 - > &#8220;1503&#8221;User imported successfully. ID:1503
08-19-2022 @ 13:19:35 - > Finished importing user 1503
08-19-2022 @ 13:19:35 - Row :34 - User imported successfully.
08-19-2022 @ 13:19:35 - Row :35 - Parsing item.
08-19-2022 @ 13:19:35 - Row :35 - Parsing failed. Reason: User with same Email already exists. Email: info@advancebioplast.com
08-19-2022 @ 13:19:35 - Row :36 - Parsing item.
08-19-2022 @ 13:19:35 - Row :36 - Processing item.
08-19-2022 @ 13:19:35 - Processing users.
08-19-2022 @ 13:19:38 - > &#8220;1505&#8221;User imported successfully. ID:1505
08-19-2022 @ 13:19:38 - > Finished importing user 1505
08-19-2022 @ 13:19:38 - Row :36 - User imported successfully.
08-19-2022 @ 13:19:38 - Row :37 - Parsing item.
08-19-2022 @ 13:19:38 - Row :37 - Processing item.
08-19-2022 @ 13:19:38 - Processing users.
08-19-2022 @ 13:19:41 - > &#8220;1507&#8221;User imported successfully. ID:1507
08-19-2022 @ 13:19:41 - > Finished importing user 1507
08-19-2022 @ 13:19:41 - Row :37 - User imported successfully.
08-19-2022 @ 13:19:41 - Row :38 - Parsing item.
08-19-2022 @ 13:19:41 - Row :38 - Processing item.
08-19-2022 @ 13:19:41 - Processing users.
08-19-2022 @ 13:19:44 - > &#8220;1509&#8221;User imported successfully. ID:1509
08-19-2022 @ 13:19:44 - > Finished importing user 1509
08-19-2022 @ 13:19:44 - Row :38 - User imported successfully.
08-19-2022 @ 13:19:44 - Row :39 - Parsing item.
08-19-2022 @ 13:19:44 - Row :39 - Processing item.
08-19-2022 @ 13:19:44 - Processing users.
08-19-2022 @ 13:19:48 - > &#8220;1512&#8221;User imported successfully. ID:1512
08-19-2022 @ 13:19:48 - > Finished importing user 1512
08-19-2022 @ 13:19:48 - Row :39 - User imported successfully.
08-19-2022 @ 13:19:48 - Row :40 - Parsing item.
08-19-2022 @ 13:19:48 - Row :40 - Parsing failed. Reason: User with same Email already exists. Email: ammittal1996@gmail.com
08-19-2022 @ 13:19:48 - Row :41 - Parsing item.
08-19-2022 @ 13:19:48 - Row :41 - Processing item.
08-19-2022 @ 13:19:48 - Processing users.
08-19-2022 @ 13:19:52 - > &#8220;1514&#8221;User imported successfully. ID:1514
08-19-2022 @ 13:19:52 - > Finished importing user 1514
08-19-2022 @ 13:19:52 - Row :41 - User imported successfully.
08-19-2022 @ 13:19:52 - Row :42 - Parsing item.
08-19-2022 @ 13:19:52 - Row :42 - Processing item.
08-19-2022 @ 13:19:52 - Processing users.
08-19-2022 @ 13:19:56 - > &#8220;1516&#8221;User imported successfully. ID:1516
08-19-2022 @ 13:19:56 - > Finished importing user 1516
08-19-2022 @ 13:19:56 - Row :42 - User imported successfully.
08-19-2022 @ 13:19:56 - Row :43 - Parsing item.
08-19-2022 @ 13:19:56 - Row :43 - Processing item.
08-19-2022 @ 13:19:56 - Processing users.
08-19-2022 @ 13:20:00 - > &#8220;1517&#8221;User imported successfully. ID:1517
08-19-2022 @ 13:20:00 - > Finished importing user 1517
08-19-2022 @ 13:20:00 - Row :43 - User imported successfully.
08-19-2022 @ 13:20:00 - Row :44 - Parsing item.
08-19-2022 @ 13:20:00 - Row :44 - Processing item.
08-19-2022 @ 13:20:00 - Processing users.
08-19-2022 @ 13:20:03 - > &#8220;1519&#8221;User imported successfully. ID:1519
08-19-2022 @ 13:20:03 - > Finished importing user 1519
08-19-2022 @ 13:20:03 - Row :44 - User imported successfully.
08-19-2022 @ 13:20:03 - Row :45 - Parsing item.
08-19-2022 @ 13:20:03 - Row :45 - Processing item.
08-19-2022 @ 13:20:03 - Processing users.
08-19-2022 @ 13:20:07 - > &#8220;1521&#8221;User imported successfully. ID:1521
08-19-2022 @ 13:20:07 - > Finished importing user 1521
08-19-2022 @ 13:20:07 - Row :45 - User imported successfully.
08-19-2022 @ 13:20:07 - Row :46 - Parsing item.
08-19-2022 @ 13:20:07 - Row :46 - Processing item.
08-19-2022 @ 13:20:07 - Processing users.
08-19-2022 @ 13:20:11 - > &#8220;1523&#8221;User imported successfully. ID:1523
08-19-2022 @ 13:20:11 - > Finished importing user 1523
08-19-2022 @ 13:20:11 - Row :46 - User imported successfully.
08-19-2022 @ 13:20:11 - Row :47 - Parsing item.
08-19-2022 @ 13:20:11 - Row :47 - Processing item.
08-19-2022 @ 13:20:11 - Processing users.
08-19-2022 @ 13:20:14 - > &#8220;1525&#8221;User imported successfully. ID:1525
08-19-2022 @ 13:20:14 - > Finished importing user 1525
08-19-2022 @ 13:20:14 - Row :47 - User imported successfully.
08-19-2022 @ 13:20:14 - Row :48 - Parsing item.
08-19-2022 @ 13:20:14 - Row :48 - Processing item.
08-19-2022 @ 13:20:14 - Processing users.
08-19-2022 @ 13:20:18 - > &#8220;1528&#8221;User imported successfully. ID:1528
08-19-2022 @ 13:20:18 - > Finished importing user 1528
08-19-2022 @ 13:20:18 - Row :48 - User imported successfully.
08-19-2022 @ 13:20:18 - Row :49 - Parsing item.
08-19-2022 @ 13:20:18 - Row :49 - Processing item.
08-19-2022 @ 13:20:18 - Processing users.
08-19-2022 @ 13:20:18 - > Error inserting 1: Sorry, that username already exists!
08-19-2022 @ 13:20:18 - Row :49 - Processing failed. Reason: > Error inserting 1: Sorry, that username already exists!
08-19-2022 @ 13:20:18 - Row :50 - Parsing item.
08-19-2022 @ 13:20:18 - Row :50 - Processing item.
08-19-2022 @ 13:20:18 - Processing users.
08-19-2022 @ 13:20:22 - > &#8220;1530&#8221;User imported successfully. ID:1530
08-19-2022 @ 13:20:22 - > Finished importing user 1530
08-19-2022 @ 13:20:22 - Row :50 - User imported successfully.
08-19-2022 @ 13:20:22 - Row :51 - Parsing item.
08-19-2022 @ 13:20:22 - Row :51 - Processing item.
08-19-2022 @ 13:20:22 - Processing users.
08-19-2022 @ 13:20:27 - > &#8220;1531&#8221;User imported successfully. ID:1531
08-19-2022 @ 13:20:27 - > Finished importing user 1531
08-19-2022 @ 13:20:27 - Row :51 - User imported successfully.
08-19-2022 @ 13:20:27 - Row :52 - Parsing item.
08-19-2022 @ 13:20:27 - Row :52 - Processing item.
08-19-2022 @ 13:20:27 - Processing users.
08-19-2022 @ 13:20:27 - > Error inserting 1: Sorry, that username already exists!
08-19-2022 @ 13:20:27 - Row :52 - Processing failed. Reason: > Error inserting 1: Sorry, that username already exists!
08-19-2022 @ 13:20:27 - Row :53 - Parsing item.
08-19-2022 @ 13:20:27 - Row :53 - Processing item.
08-19-2022 @ 13:20:27 - Processing users.
08-19-2022 @ 13:20:30 - > &#8220;1534&#8221;User imported successfully. ID:1534
08-19-2022 @ 13:20:30 - > Finished importing user 1534
08-19-2022 @ 13:20:30 - Row :53 - User imported successfully.
08-19-2022 @ 13:20:30 - Row :54 - Parsing item.
08-19-2022 @ 13:20:30 - Row :54 - Processing item.
08-19-2022 @ 13:20:30 - Processing users.
08-19-2022 @ 13:20:34 - > &#8220;1536&#8221;User imported successfully. ID:1536
08-19-2022 @ 13:20:34 - > Finished importing user 1536
08-19-2022 @ 13:20:34 - Row :54 - User imported successfully.
08-19-2022 @ 13:20:34 - Row :55 - Parsing item.
08-19-2022 @ 13:20:34 - Row :55 - Processing item.
08-19-2022 @ 13:20:34 - Processing users.
08-19-2022 @ 13:20:38 - > &#8220;1538&#8221;User imported successfully. ID:1538
08-19-2022 @ 13:20:38 - > Finished importing user 1538
08-19-2022 @ 13:20:38 - Row :55 - User imported successfully.
08-19-2022 @ 13:20:38 - Row :56 - Parsing item.
08-19-2022 @ 13:20:38 - Row :56 - Processing item.
08-19-2022 @ 13:20:38 - Processing users.
08-19-2022 @ 13:20:42 - > &#8220;1539&#8221;User imported successfully. ID:1539
08-19-2022 @ 13:20:42 - > Finished importing user 1539
08-19-2022 @ 13:20:42 - Row :56 - User imported successfully.
08-19-2022 @ 13:20:42 - Row :57 - Parsing item.
08-19-2022 @ 13:20:42 - Row :57 - Processing item.
08-19-2022 @ 13:20:42 - Processing users.
08-19-2022 @ 13:20:46 - > &#8220;1541&#8221;User imported successfully. ID:1541
08-19-2022 @ 13:20:46 - > Finished importing user 1541
08-19-2022 @ 13:20:46 - Row :57 - User imported successfully.
08-19-2022 @ 13:20:46 - Row :58 - Parsing item.
08-19-2022 @ 13:20:46 - Row :58 - Processing item.
08-19-2022 @ 13:20:46 - Processing users.
08-19-2022 @ 13:20:49 - > &#8220;1543&#8221;User imported successfully. ID:1543
08-19-2022 @ 13:20:49 - > Finished importing user 1543
08-19-2022 @ 13:20:49 - Row :58 - User imported successfully.
08-19-2022 @ 13:20:49 - Row :59 - Parsing item.
08-19-2022 @ 13:20:49 - Row :59 - Processing item.
08-19-2022 @ 13:20:49 - Processing users.
08-19-2022 @ 13:20:53 - > &#8220;1545&#8221;User imported successfully. ID:1545
08-19-2022 @ 13:20:53 - > Finished importing user 1545
08-19-2022 @ 13:20:53 - Row :59 - User imported successfully.
08-19-2022 @ 13:20:53 - Row :60 - Parsing item.
08-19-2022 @ 13:20:53 - Row :60 - Parsing failed. Reason: User with same Email already exists. Email: jjfoodspl@yahoo.co.in
08-19-2022 @ 13:20:53 - Row :61 - Parsing item.
08-19-2022 @ 13:20:53 - Row :61 - Processing item.
08-19-2022 @ 13:20:53 - Processing users.
08-19-2022 @ 13:20:57 - > &#8220;1547&#8221;User imported successfully. ID:1547
08-19-2022 @ 13:20:57 - > Finished importing user 1547
08-19-2022 @ 13:20:57 - Row :61 - User imported successfully.
08-19-2022 @ 13:20:57 - Row :62 - Parsing item.
08-19-2022 @ 13:20:57 - Row :62 - Processing item.
08-19-2022 @ 13:20:57 - Processing users.
08-19-2022 @ 13:21:01 - > &#8220;1549&#8221;User imported successfully. ID:1549
08-19-2022 @ 13:21:01 - > Finished importing user 1549
08-19-2022 @ 13:21:01 - Row :62 - User imported successfully.
08-19-2022 @ 13:21:01 - Row :63 - Parsing item.
08-19-2022 @ 13:21:01 - Row :63 - Processing item.
08-19-2022 @ 13:21:01 - Processing users.
08-19-2022 @ 13:21:05 - > &#8220;1551&#8221;User imported successfully. ID:1551
08-19-2022 @ 13:21:05 - > Finished importing user 1551
08-19-2022 @ 13:21:05 - Row :63 - User imported successfully.
08-19-2022 @ 13:21:05 - Row :64 - Parsing item.
08-19-2022 @ 13:21:05 - Row :64 - Processing item.
08-19-2022 @ 13:21:05 - Processing users.
08-19-2022 @ 13:21:09 - > &#8220;1554&#8221;User imported successfully. ID:1554
08-19-2022 @ 13:21:09 - > Finished importing user 1554
08-19-2022 @ 13:21:09 - Row :64 - User imported successfully.
08-19-2022 @ 13:21:09 - Row :65 - Parsing item.
08-19-2022 @ 13:21:09 - Row :65 - Processing item.
08-19-2022 @ 13:21:09 - Processing users.
08-19-2022 @ 13:21:13 - > &#8220;1556&#8221;User imported successfully. ID:1556
08-19-2022 @ 13:21:13 - > Finished importing user 1556
08-19-2022 @ 13:21:13 - Row :65 - User imported successfully.
08-19-2022 @ 13:21:13 - Row :66 - Parsing item.
08-19-2022 @ 13:21:13 - Row :66 - Processing item.
08-19-2022 @ 13:21:13 - Processing users.
08-19-2022 @ 13:21:18 - > &#8220;1558&#8221;User imported successfully. ID:1558
08-19-2022 @ 13:21:18 - > Finished importing user 1558
08-19-2022 @ 13:21:18 - Row :66 - User imported successfully.
08-19-2022 @ 13:21:18 - Row :67 - Parsing item.
08-19-2022 @ 13:21:18 - Row :67 - Processing item.
08-19-2022 @ 13:21:18 - Processing users.
08-19-2022 @ 13:21:21 - > &#8220;1559&#8221;User imported successfully. ID:1559
08-19-2022 @ 13:21:21 - > Finished importing user 1559
08-19-2022 @ 13:21:21 - Row :67 - User imported successfully.
08-19-2022 @ 13:21:21 - Row :68 - Parsing item.
08-19-2022 @ 13:21:21 - Row :68 - Processing item.
08-19-2022 @ 13:21:21 - Processing users.
08-19-2022 @ 13:21:25 - > &#8220;1561&#8221;User imported successfully. ID:1561
08-19-2022 @ 13:21:25 - > Finished importing user 1561
08-19-2022 @ 13:21:25 - Row :68 - User imported successfully.
08-19-2022 @ 13:21:25 - Row :69 - Parsing item.
08-19-2022 @ 13:21:25 - Row :69 - Processing item.
08-19-2022 @ 13:21:25 - Processing users.
08-19-2022 @ 13:21:29 - > &#8220;1563&#8221;User imported successfully. ID:1563
08-19-2022 @ 13:21:29 - > Finished importing user 1563
08-19-2022 @ 13:21:29 - Row :69 - User imported successfully.
08-19-2022 @ 13:21:29 - Row :70 - Parsing item.
08-19-2022 @ 13:21:29 - Row :70 - Parsing failed. Reason: User with same Email already exists. Email: cmd@monawater.in
08-19-2022 @ 13:21:29 - Row :71 - Parsing item.
08-19-2022 @ 13:21:29 - Row :71 - Processing item.
08-19-2022 @ 13:21:29 - Processing users.
08-19-2022 @ 13:21:32 - > &#8220;1565&#8221;User imported successfully. ID:1565
08-19-2022 @ 13:21:32 - > Finished importing user 1565
08-19-2022 @ 13:21:32 - Row :71 - User imported successfully.
08-19-2022 @ 13:21:32 - Row :72 - Parsing item.
08-19-2022 @ 13:21:32 - Row :72 - Processing item.
08-19-2022 @ 13:21:32 - Processing users.
08-19-2022 @ 13:21:36 - > &#8220;1567&#8221;User imported successfully. ID:1567
08-19-2022 @ 13:21:36 - > Finished importing user 1567
08-19-2022 @ 13:21:36 - Row :72 - User imported successfully.
08-19-2022 @ 13:21:36 - Row :73 - Parsing item.
08-19-2022 @ 13:21:36 - Row :73 - Parsing failed. Reason: User with same Email already exists. Email: umakant.vashisth@sony.com
08-19-2022 @ 13:21:36 - Row :74 - Parsing item.
08-19-2022 @ 13:21:36 - Row :74 - Processing item.
08-19-2022 @ 13:21:36 - Processing users.
08-19-2022 @ 13:21:40 - > &#8220;1569&#8221;User imported successfully. ID:1569
08-19-2022 @ 13:21:40 - > Finished importing user 1569
08-19-2022 @ 13:21:40 - Row :74 - User imported successfully.
08-19-2022 @ 13:21:40 - Row :75 - Parsing item.
08-19-2022 @ 13:21:40 - Row :75 - Parsing failed. Reason: User with same Email already exists. Email: juhi.gupta@pepsico.com
08-19-2022 @ 13:21:40 - Row :76 - Parsing item.
08-19-2022 @ 13:21:40 - Row :76 - Processing item.
08-19-2022 @ 13:21:40 - Processing users.
08-19-2022 @ 13:21:43 - > &#8220;1571&#8221;User imported successfully. ID:1571
08-19-2022 @ 13:21:43 - > Finished importing user 1571
08-19-2022 @ 13:21:43 - Row :76 - User imported successfully.
08-19-2022 @ 13:21:43 - Row :77 - Parsing item.
08-19-2022 @ 13:21:43 - Row :77 - Parsing failed. Reason: User with same Email already exists. Email: anil.h.bhandvalkar@usv.in
08-19-2022 @ 13:21:43 - Row :78 - Parsing item.
08-19-2022 @ 13:21:43 - Row :78 - Processing item.
08-19-2022 @ 13:21:43 - Processing users.
08-19-2022 @ 13:21:47 - > &#8220;1573&#8221;User imported successfully. ID:1573
08-19-2022 @ 13:21:47 - > Finished importing user 1573
08-19-2022 @ 13:21:47 - Row :78 - User imported successfully.
08-19-2022 @ 13:21:47 - Row :79 - Parsing item.
08-19-2022 @ 13:21:47 - Row :79 - Processing item.
08-19-2022 @ 13:21:47 - Processing users.
08-19-2022 @ 13:21:51 - > &#8220;1576&#8221;User imported successfully. ID:1576
08-19-2022 @ 13:21:51 - > Finished importing user 1576
08-19-2022 @ 13:21:51 - Row :79 - User imported successfully.
08-19-2022 @ 13:21:51 - Row :80 - Parsing item.
08-19-2022 @ 13:21:51 - Row :80 - Processing item.
08-19-2022 @ 13:21:51 - Processing users.
08-19-2022 @ 13:21:54 - > &#8220;1577&#8221;User imported successfully. ID:1577
08-19-2022 @ 13:21:54 - > Finished importing user 1577
08-19-2022 @ 13:21:54 - Row :80 - User imported successfully.
08-19-2022 @ 13:21:54 - Row :81 - Parsing item.
08-19-2022 @ 13:21:54 - Row :81 - Processing item.
08-19-2022 @ 13:21:54 - Processing users.
08-19-2022 @ 13:21:58 - > &#8220;1579&#8221;User imported successfully. ID:1579
08-19-2022 @ 13:21:58 - > Finished importing user 1579
08-19-2022 @ 13:21:58 - Row :81 - User imported successfully.
08-19-2022 @ 13:21:58 - Row :82 - Parsing item.
08-19-2022 @ 13:21:58 - Row :82 - Parsing failed. Reason: User with same Email already exists. Email: creativeenterprises0713@gmail.com
08-19-2022 @ 13:21:58 - Row :83 - Parsing item.
08-19-2022 @ 13:21:58 - Row :83 - Processing item.
08-19-2022 @ 13:21:58 - Processing users.
08-19-2022 @ 13:22:02 - > &#8220;1581&#8221;User imported successfully. ID:1581
08-19-2022 @ 13:22:02 - > Finished importing user 1581
08-19-2022 @ 13:22:02 - Row :83 - User imported successfully.
08-19-2022 @ 13:22:02 - Row :84 - Parsing item.
08-19-2022 @ 13:22:02 - Row :84 - Processing item.
08-19-2022 @ 13:22:02 - Processing users.
08-19-2022 @ 13:22:06 - > &#8220;1583&#8221;User imported successfully. ID:1583
08-19-2022 @ 13:22:06 - > Finished importing user 1583
08-19-2022 @ 13:22:06 - Row :84 - User imported successfully.
08-19-2022 @ 13:22:06 - Row :85 - Parsing item.
08-19-2022 @ 13:22:06 - Row :85 - Processing item.
08-19-2022 @ 13:22:06 - Processing users.
08-19-2022 @ 13:22:10 - > &#8220;1585&#8221;User imported successfully. ID:1585
08-19-2022 @ 13:22:10 - > Finished importing user 1585
08-19-2022 @ 13:22:10 - Row :85 - User imported successfully.
08-19-2022 @ 13:22:10 - Row :86 - Parsing item.
08-19-2022 @ 13:22:10 - Row :86 - Processing item.
08-19-2022 @ 13:22:10 - Processing users.
08-19-2022 @ 13:22:14 - > &#8220;1587&#8221;User imported successfully. ID:1587
08-19-2022 @ 13:22:14 - > Finished importing user 1587
08-19-2022 @ 13:22:14 - Row :86 - User imported successfully.
08-19-2022 @ 13:22:14 - Row :87 - Parsing item.
08-19-2022 @ 13:22:14 - Row :87 - Processing item.
08-19-2022 @ 13:22:14 - Processing users.
08-19-2022 @ 13:22:18 - > &#8220;1589&#8221;User imported successfully. ID:1589
08-19-2022 @ 13:22:18 - > Finished importing user 1589
08-19-2022 @ 13:22:18 - Row :87 - User imported successfully.
08-19-2022 @ 13:22:18 - Row :88 - Parsing item.
08-19-2022 @ 13:22:18 - Row :88 - Processing item.
08-19-2022 @ 13:22:18 - Processing users.
08-19-2022 @ 13:22:18 - > Error inserting 1: Sorry, that username already exists!
08-19-2022 @ 13:22:18 - Row :88 - Processing failed. Reason: > Error inserting 1: Sorry, that username already exists!
08-19-2022 @ 13:22:18 - Row :89 - Parsing item.
08-19-2022 @ 13:22:18 - Row :89 - Processing item.
08-19-2022 @ 13:22:18 - Processing users.
08-19-2022 @ 13:22:22 - > &#8220;1592&#8221;User imported successfully. ID:1592
08-19-2022 @ 13:22:22 - > Finished importing user 1592
08-19-2022 @ 13:22:22 - Row :89 - User imported successfully.
08-19-2022 @ 13:22:22 - Row :90 - Parsing item.
08-19-2022 @ 13:22:22 - Row :90 - Processing item.
08-19-2022 @ 13:22:22 - Processing users.
08-19-2022 @ 13:22:22 - > Error inserting 1: Sorry, that username already exists!
08-19-2022 @ 13:22:22 - Row :90 - Processing failed. Reason: > Error inserting 1: Sorry, that username already exists!
08-19-2022 @ 13:22:22 - Row :91 - Parsing item.
08-19-2022 @ 13:22:22 - Row :91 - Processing item.
08-19-2022 @ 13:22:22 - Processing users.
08-19-2022 @ 13:22:25 - > &#8220;1594&#8221;User imported successfully. ID:1594
08-19-2022 @ 13:22:25 - > Finished importing user 1594
08-19-2022 @ 13:22:25 - Row :91 - User imported successfully.
08-19-2022 @ 13:22:25 - Row :92 - Parsing item.
08-19-2022 @ 13:22:25 - Row :92 - Processing item.
08-19-2022 @ 13:22:25 - Processing users.
08-19-2022 @ 13:22:30 - > &#8220;1596&#8221;User imported successfully. ID:1596
08-19-2022 @ 13:22:30 - > Finished importing user 1596
08-19-2022 @ 13:22:30 - Row :92 - User imported successfully.
08-19-2022 @ 13:22:30 - Row :93 - Parsing item.
08-19-2022 @ 13:22:30 - Row :93 - Processing item.
08-19-2022 @ 13:22:30 - Processing users.
08-19-2022 @ 13:22:33 - > &#8220;1597&#8221;User imported successfully. ID:1597
08-19-2022 @ 13:22:33 - > Finished importing user 1597
08-19-2022 @ 13:22:33 - Row :93 - User imported successfully.
08-19-2022 @ 13:22:33 - Row :94 - Parsing item.
08-19-2022 @ 13:22:33 - Row :94 - Processing item.
08-19-2022 @ 13:22:33 - Processing users.
08-19-2022 @ 13:22:37 - > &#8220;1600&#8221;User imported successfully. ID:1600
08-19-2022 @ 13:22:37 - > Finished importing user 1600
08-19-2022 @ 13:22:37 - Row :94 - User imported successfully.
08-19-2022 @ 13:22:37 - Row :95 - Parsing item.
08-19-2022 @ 13:22:37 - Row :95 - Processing item.
08-19-2022 @ 13:22:37 - Processing users.
08-19-2022 @ 13:22:41 - > &#8220;1601&#8221;User imported successfully. ID:1601
08-19-2022 @ 13:22:41 - > Finished importing user 1601
08-19-2022 @ 13:22:41 - Row :95 - User imported successfully.
08-19-2022 @ 13:22:41 - Row :96 - Parsing item.
08-19-2022 @ 13:22:41 - Row :96 - Processing item.
08-19-2022 @ 13:22:41 - Processing users.
08-19-2022 @ 13:22:45 - > &#8220;1604&#8221;User imported successfully. ID:1604
08-19-2022 @ 13:22:45 - > Finished importing user 1604
08-19-2022 @ 13:22:45 - Row :96 - User imported successfully.
08-19-2022 @ 13:22:45 - Row :97 - Parsing item.
08-19-2022 @ 13:22:45 - Row :97 - Processing item.
08-19-2022 @ 13:22:45 - Processing users.
08-19-2022 @ 13:22:49 - > &#8220;1606&#8221;User imported successfully. ID:1606
08-19-2022 @ 13:22:49 - > Finished importing user 1606
08-19-2022 @ 13:22:49 - Row :97 - User imported successfully.
08-19-2022 @ 13:22:49 - Row :98 - Parsing item.
08-19-2022 @ 13:22:49 - Row :98 - Processing item.
08-19-2022 @ 13:22:49 - Processing users.
08-19-2022 @ 13:22:52 - > &#8220;1608&#8221;User imported successfully. ID:1608
08-19-2022 @ 13:22:52 - > Finished importing user 1608
08-19-2022 @ 13:22:52 - Row :98 - User imported successfully.
08-19-2022 @ 13:22:52 - Row :99 - Parsing item.
08-19-2022 @ 13:22:52 - Row :99 - Processing item.
08-19-2022 @ 13:22:52 - Processing users.
08-19-2022 @ 13:22:56 - > &#8220;1610&#8221;User imported successfully. ID:1610
08-19-2022 @ 13:22:56 - > Finished importing user 1610
08-19-2022 @ 13:22:56 - Row :99 - User imported successfully.
08-19-2022 @ 13:22:56 - Row :100 - Parsing item.
08-19-2022 @ 13:22:56 - Row :100 - Processing item.
08-19-2022 @ 13:22:56 - Processing users.
08-19-2022 @ 13:23:00 - > &#8220;1611&#8221;User imported successfully. ID:1611
08-19-2022 @ 13:23:00 - > Finished importing user 1611
08-19-2022 @ 13:23:00 - Row :100 - User imported successfully.
