08-19-2022 @ 13:23:53 - ---[ New import started at 2022-08-19 13:23:53 ] PHP Memory: 256 MB, WP Memory: 40 MB
08-19-2022 @ 13:23:53 - Preparing for import.
08-19-2022 @ 13:23:53 - Row :1 - Parsing item.
08-19-2022 @ 13:23:53 - Row :1 - Parsing failed. Reason: User with same Email already exists. Email: Mansi2.Jain@ril.com
08-19-2022 @ 13:23:53 - Row :2 - Parsing item.
08-19-2022 @ 13:23:53 - Row :2 - Parsing failed. Reason: User with same Email already exists. Email: sprasad@teampureplay.com
08-19-2022 @ 13:23:53 - Row :3 - Parsing item.
08-19-2022 @ 13:23:53 - Row :3 - Parsing failed. Reason: User with same Email already exists. Email: girish.kulkarni@teampureplay.com
08-19-2022 @ 13:23:53 - Row :4 - Parsing item.
08-19-2022 @ 13:23:53 - Row :4 - Parsing failed. Reason: User with same Email already exists. Email: swamipal@holitech.net
08-19-2022 @ 13:23:53 - Row :5 - Parsing item.
08-19-2022 @ 13:23:53 - Row :5 - Parsing failed. Reason: User with same Email already exists. Email: atlas@atlasmetalprocessors.com
08-19-2022 @ 13:23:53 - Row :6 - Parsing item.
08-19-2022 @ 13:23:53 - Row :6 - Parsing failed. Reason: User with same Email already exists. Email: maruthipackaging1975@gmail.com
08-19-2022 @ 13:23:53 - Row :7 - Parsing item.
08-19-2022 @ 13:23:53 - Row :7 - Parsing failed. Reason: User with same Email already exists. Email: bhavya.muchhal@gmail.com
08-19-2022 @ 13:23:53 - Row :8 - Parsing item.
08-19-2022 @ 13:23:53 - Row :8 - Parsing failed. Reason: User with same Email already exists. Email: natarajan.s@hnti.co.in
08-19-2022 @ 13:23:53 - Row :9 - Parsing item.
08-19-2022 @ 13:23:53 - Row :9 - Parsing failed. Reason: User with same Email already exists. Email: zyx@gmail.com
08-19-2022 @ 13:23:53 - Row :10 - Parsing item.
08-19-2022 @ 13:23:53 - Row :10 - Parsing failed. Reason: User with same Email already exists. Email: nilesh.borse@corteva.com
08-19-2022 @ 13:23:53 - Row :11 - Parsing item.
08-19-2022 @ 13:23:53 - Row :11 - Parsing failed. Reason: User with same Email already exists. Email: xlfoods@gmail.com
08-19-2022 @ 13:23:53 - Row :12 - Parsing item.
08-19-2022 @ 13:23:53 - Row :12 - Parsing failed. Reason: User with same Email already exists. Email: ashwinnikumar@gmail.com
08-19-2022 @ 13:23:53 - Row :13 - Parsing item.
08-19-2022 @ 13:23:53 - Row :13 - Parsing failed. Reason: User with same Email already exists. Email: anoopmukim@gmail.com
08-19-2022 @ 13:23:53 - Row :14 - Parsing item.
08-19-2022 @ 13:23:53 - Row :14 - Parsing failed. Reason: User with same Email already exists. Email: arora.sakshamadhesive@gmail.com
08-19-2022 @ 13:23:53 - Row :15 - Parsing item.
08-19-2022 @ 13:23:53 - Row :15 - Parsing failed. Reason: User with same Email already exists. Email: Somnath.Chatterjee@pernod-ricard.com
08-19-2022 @ 13:23:53 - Row :16 - Parsing item.
08-19-2022 @ 13:23:53 - Row :16 - Parsing failed. Reason: User with same Email already exists. Email: OFFICE.DBMSTOCK@gmail.com
08-19-2022 @ 13:23:53 - Row :17 - Parsing item.
08-19-2022 @ 13:23:53 - Row :17 - Parsing failed. Reason: User with same Email already exists. Email: prodtest@gmail.com
08-19-2022 @ 13:23:53 - Row :18 - Parsing item.
08-19-2022 @ 13:23:53 - Row :18 - Parsing failed. Reason: User with same Email already exists. Email: test_2405@gamil.com
08-19-2022 @ 13:23:53 - Row :19 - Parsing item.
08-19-2022 @ 13:23:53 - Row :19 - Parsing failed. Reason: User with same Email already exists. Email: gaurav@avisventures.org
08-19-2022 @ 13:23:53 - Row :20 - Parsing item.
08-19-2022 @ 13:23:53 - Row :20 - Parsing failed. Reason: User with same Email already exists. Email: test123@gmail.com
08-19-2022 @ 13:23:53 - Row :21 - Parsing item.
08-19-2022 @ 13:23:53 - Row :21 - Parsing failed. Reason: User with same Email already exists. Email: rk_vatsh@yahoo.com
08-19-2022 @ 13:23:53 - Row :22 - Parsing item.
08-19-2022 @ 13:23:53 - Row :22 - Parsing failed. Reason: User with same Email already exists. Email: nirajbhavsar@ghcl.co.in
08-19-2022 @ 13:23:53 - Row :23 - Parsing item.
08-19-2022 @ 13:23:53 - Row :23 - Parsing failed. Reason: User with same Email already exists. Email: info@abcfruits.net
08-19-2022 @ 13:23:53 - Row :24 - Parsing item.
08-19-2022 @ 13:23:53 - Row :24 - Parsing failed. Reason: User with same Email already exists. Email: vivek.khanchandani@asianpaints.com
08-19-2022 @ 13:23:53 - Row :25 - Parsing item.
08-19-2022 @ 13:23:53 - Row :25 - Parsing failed. Reason: User with same Email already exists. Email: regu@gmail.com
08-19-2022 @ 13:23:53 - Row :26 - Parsing item.
08-19-2022 @ 13:23:53 - Row :26 - Parsing failed. Reason: User with same Email already exists. Email: dipender@nkgabc.com
08-19-2022 @ 13:23:53 - Row :27 - Parsing item.
08-19-2022 @ 13:23:53 - Row :27 - Parsing failed. Reason: User with same Email already exists. Email: Rohan.sharma@pernod-ricard.com
08-19-2022 @ 13:23:53 - Row :28 - Parsing item.
08-19-2022 @ 13:23:53 - Row :28 - Parsing failed. Reason: User with same Email already exists. Email: harshul.bohra@nykaa.com
08-19-2022 @ 13:23:53 - Row :29 - Parsing item.
08-19-2022 @ 13:23:53 - Row :29 - Parsing failed. Reason: User with same Email already exists. Email: SONUFLEXIPACK@GMAIL.COM
08-19-2022 @ 13:23:53 - Row :30 - Parsing item.
08-19-2022 @ 13:23:53 - Row :30 - Parsing failed. Reason: User with same Email already exists. Email: sandeep.rana@nykaa.com
08-19-2022 @ 13:23:53 - Row :31 - Parsing item.
08-19-2022 @ 13:23:53 - Row :31 - Parsing failed. Reason: User with same Email already exists. Email: info.skforwarder@gmail.com
08-19-2022 @ 13:23:53 - Row :32 - Parsing item.
08-19-2022 @ 13:23:53 - Row :32 - Parsing failed. Reason: User with same Email already exists. Email: shreeramchemfood@gmail.com
08-19-2022 @ 13:23:53 - Row :33 - Parsing item.
08-19-2022 @ 13:23:53 - Row :33 - Parsing failed. Reason: User with same Email already exists. Email: corporate@teampureplay.com
08-19-2022 @ 13:23:53 - Row :34 - Parsing item.
08-19-2022 @ 13:23:53 - Row :34 - Parsing failed. Reason: User with same Email already exists. Email: kvr@khindia.com
08-19-2022 @ 13:23:53 - Row :35 - Parsing item.
08-19-2022 @ 13:23:53 - Row :35 - Parsing failed. Reason: User with same Email already exists. Email: Gaurav.Kapoor@bauli.in
08-19-2022 @ 13:23:53 - Row :36 - Parsing item.
08-19-2022 @ 13:23:53 - Row :36 - Parsing failed. Reason: User with same Email already exists. Email: Compliance@pillar.ae
08-19-2022 @ 13:23:53 - Row :37 - Parsing item.
08-19-2022 @ 13:23:53 - Row :37 - Parsing failed. Reason: User with same Email already exists. Email: ChavanHarshal@JohnDeere.com
08-19-2022 @ 13:23:53 - Row :38 - Parsing item.
08-19-2022 @ 13:23:53 - Row :38 - Parsing failed. Reason: User with same Email already exists. Email: gm@valsadunion.com
08-19-2022 @ 13:23:53 - Row :39 - Parsing item.
08-19-2022 @ 13:23:53 - Row :39 - Parsing failed. Reason: User with same Email already exists. Email: ranjeet.saini@jkmail.com
08-19-2022 @ 13:23:53 - Row :40 - Parsing item.
08-19-2022 @ 13:23:53 - Row :40 - Parsing failed. Reason: User with same Email already exists. Email: epr@jdl.in
08-19-2022 @ 13:23:53 - Row :41 - Parsing item.
08-19-2022 @ 13:23:53 - Row :41 - Parsing failed. Reason: User with same Email already exists. Email: sugandhindia@gmail.com
08-19-2022 @ 13:23:53 - Row :42 - Parsing item.
08-19-2022 @ 13:23:53 - Row :42 - Parsing failed. Reason: User with same Email already exists. Email: sr.surve@godrejinds.com
08-19-2022 @ 13:23:53 - Row :43 - Parsing item.
08-19-2022 @ 13:23:53 - Row :43 - Parsing failed. Reason: User with same Email already exists. Email: SALESRECOMBIGEN@GMAIL.COM
08-19-2022 @ 13:23:53 - Row :44 - Parsing item.
08-19-2022 @ 13:23:53 - Row :44 - Parsing failed. Reason: User with same Email already exists. Email: lkuruvilla@mmm.com
08-19-2022 @ 13:23:53 - Row :45 - Parsing item.
08-19-2022 @ 13:23:53 - Row :45 - Parsing failed. Reason: User with same Email already exists. Email: admin@milkymist.com
08-19-2022 @ 13:23:53 - Row :46 - Parsing item.
08-19-2022 @ 13:23:53 - Row :46 - Parsing failed. Reason: User with same Email already exists. Email: sid@accredify.in
08-19-2022 @ 13:23:53 - Row :47 - Parsing item.
08-19-2022 @ 13:23:53 - Row :47 - Parsing failed. Reason: User with same Email already exists. Email: Kapil.Sardana@Carrier.com
08-19-2022 @ 13:23:53 - Row :48 - Parsing item.
08-19-2022 @ 13:23:53 - Row :48 - Parsing failed. Reason: User with same Email already exists. Email: niteshyadav1512@gmail.com
08-19-2022 @ 13:23:53 - Row :49 - Parsing item.
08-19-2022 @ 13:23:53 - Row :49 - Parsing failed. Reason: User with same Email already exists. Email: JSKGROUPKOLKATA@GMAIL.COM
08-19-2022 @ 13:23:53 - Row :50 - Parsing item.
08-19-2022 @ 13:23:53 - Row :50 - Parsing failed. Reason: User with same Email already exists. Email: RSENTERPRISESIMPORT@GMAIL.COM
08-19-2022 @ 13:23:53 - Row :51 - Parsing item.
08-19-2022 @ 13:23:53 - Row :51 - Parsing failed. Reason: User with same Email already exists. Email: legal@auraenv.com
08-19-2022 @ 13:23:53 - Row :52 - Parsing item.
08-19-2022 @ 13:23:53 - Row :52 - Parsing failed. Reason: User with same Email already exists. Email: shekhar.gupta1@bp.com
08-19-2022 @ 13:23:53 - Row :53 - Parsing item.
08-19-2022 @ 13:23:53 - Row :53 - Parsing failed. Reason: User with same Email already exists. Email: accounts@mediplusindialtd.com
08-19-2022 @ 13:23:53 - Row :54 - Parsing item.
08-19-2022 @ 13:23:53 - Row :54 - Parsing failed. Reason: User with same Email already exists. Email: vidyanand.n.kulkarni@gsk.com
08-19-2022 @ 13:23:53 - Row :55 - Parsing item.
08-19-2022 @ 13:23:53 - Row :55 - Parsing failed. Reason: User with same Email already exists. Email: santoshtimber@yahoo.com
08-19-2022 @ 13:23:53 - Row :56 - Parsing item.
08-19-2022 @ 13:23:53 - Row :56 - Parsing failed. Reason: User with same Email already exists. Email: Ksasikumar1@yamaha-motor-india.com
08-19-2022 @ 13:23:53 - Row :57 - Parsing item.
08-19-2022 @ 13:23:53 - Row :57 - Parsing failed. Reason: User with same Email already exists. Email: pawar.santosh3@mahindra.com
08-19-2022 @ 13:23:53 - Row :58 - Parsing item.
08-19-2022 @ 13:23:53 - Row :58 - Parsing failed. Reason: User with same Email already exists. Email: productpack@yahoo.com
08-19-2022 @ 13:23:53 - Row :59 - Parsing item.
08-19-2022 @ 13:23:53 - Row :59 - Parsing failed. Reason: User with same Email already exists. Email: chaitanyarana702@gmail.com
08-19-2022 @ 13:23:53 - Row :60 - Parsing item.
08-19-2022 @ 13:23:53 - Row :60 - Parsing failed. Reason: User with same Email already exists. Email: rajeshsudhatiwari@gmail.com
08-19-2022 @ 13:23:53 - Row :61 - Parsing item.
08-19-2022 @ 13:23:53 - Row :61 - Parsing failed. Reason: User with same Email already exists. Email: Rakesh@synokempharma.com
08-19-2022 @ 13:23:53 - Row :62 - Parsing item.
08-19-2022 @ 13:23:53 - Row :62 - Parsing failed. Reason: User with same Email already exists. Email: kishore@umapolymers.com
08-19-2022 @ 13:23:53 - Row :63 - Parsing item.
08-19-2022 @ 13:23:53 - Row :63 - Parsing failed. Reason: User with same Email already exists. Email: tiongroup09@gmail.com
08-19-2022 @ 13:23:53 - Row :64 - Parsing item.
08-19-2022 @ 13:23:53 - Row :64 - Parsing failed. Reason: User with same Email already exists. Email: legalcell@umapolymers.com
08-19-2022 @ 13:23:53 - Row :65 - Parsing item.
08-19-2022 @ 13:23:53 - Row :65 - Parsing failed. Reason: User with same Email already exists. Email: purchase@umapolymers.com
08-19-2022 @ 13:23:53 - Row :66 - Parsing item.
08-19-2022 @ 13:23:53 - Row :66 - Parsing failed. Reason: User with same Email already exists. Email: jmukherjee@bengalbeverages.com
08-19-2022 @ 13:23:53 - Row :67 - Parsing item.
08-19-2022 @ 13:23:53 - Row :67 - Parsing failed. Reason: User with same Email already exists. Email: svasa@its.jnj.com
08-19-2022 @ 13:23:53 - Row :68 - Parsing item.
08-19-2022 @ 13:23:53 - Row :68 - Parsing failed. Reason: User with same Email already exists. Email: niladribasu@plant.bengalbeverages.com
08-19-2022 @ 13:23:53 - Row :69 - Parsing item.
08-19-2022 @ 13:23:53 - Row :69 - Parsing failed. Reason: User with same Email already exists. Email: accounts@oyes.co.in
08-19-2022 @ 13:23:53 - Row :70 - Parsing item.
08-19-2022 @ 13:23:53 - Row :70 - Parsing failed. Reason: User with same Email already exists. Email: bhldairyengg@yahoo.com
08-19-2022 @ 13:23:53 - Row :71 - Parsing item.
08-19-2022 @ 13:23:53 - Row :71 - Parsing failed. Reason: User with same Email already exists. Email: bhldairyengg@gmail.com
08-19-2022 @ 13:23:53 - Row :72 - Parsing item.
08-19-2022 @ 13:23:53 - Row :72 - Parsing failed. Reason: User with same Email already exists. Email: unipackind@yahoo.co.in
08-19-2022 @ 13:23:53 - Row :73 - Parsing item.
08-19-2022 @ 13:23:53 - Row :73 - Parsing failed. Reason: User with same Email already exists. Email: vijaygarg2401@gmail.com
08-19-2022 @ 13:23:53 - Row :74 - Parsing item.
08-19-2022 @ 13:23:53 - Row :74 - Parsing failed. Reason: User with same Email already exists. Email: Adip.Roy@Amway.com
08-19-2022 @ 13:23:53 - Row :75 - Parsing item.
08-19-2022 @ 13:23:53 - Row :75 - Parsing failed. Reason: User with same Email already exists. Email: SHREECHEMFOOD@GMAIL.COM
08-19-2022 @ 13:23:53 - Row :76 - Parsing item.
08-19-2022 @ 13:23:53 - Row :76 - Parsing failed. Reason: User with same Email already exists. Email: regulatorynk6@nkgabc.com
08-19-2022 @ 13:23:53 - Row :77 - Parsing item.
08-19-2022 @ 13:23:53 - Row :77 - Parsing failed. Reason: User with same Email already exists. Email: vipul.rahevar@sterlite.com
08-19-2022 @ 13:23:53 - Row :78 - Parsing item.
08-19-2022 @ 13:23:53 - Row :78 - Parsing failed. Reason: User with same Email already exists. Email: ranjit.deshmukh@sterlite.com
08-19-2022 @ 13:23:53 - Row :79 - Parsing item.
08-19-2022 @ 13:23:53 - Row :79 - Parsing failed. Reason: User with same Email already exists. Email: info@marudharind.com
08-19-2022 @ 13:23:53 - Row :80 - Parsing item.
08-19-2022 @ 13:23:53 - Row :80 - Parsing failed. Reason: User with same Email already exists. Email: lakshgupta372@gmail.com
08-19-2022 @ 13:23:53 - Row :81 - Parsing item.
08-19-2022 @ 13:23:53 - Row :81 - Parsing failed. Reason: User with same Email already exists. Email: sarvjeet@gsexports.com
08-19-2022 @ 13:23:53 - Row :82 - Parsing item.
08-19-2022 @ 13:23:53 - Row :82 - Parsing failed. Reason: User with same Email already exists. Email: Anjalipackaging.mumbai@gmail.com
08-19-2022 @ 13:23:53 - Row :83 - Parsing item.
08-19-2022 @ 13:23:53 - Row :83 - Parsing failed. Reason: User with same Email already exists. Email: sales@advancebioplast.com
08-19-2022 @ 13:23:53 - Row :84 - Parsing item.
08-19-2022 @ 13:23:53 - Row :84 - Parsing failed. Reason: User with same Email already exists. Email: sharad.agarwal@trivenigroup.com
08-19-2022 @ 13:23:53 - Row :85 - Parsing item.
08-19-2022 @ 13:23:53 - Row :85 - Parsing failed. Reason: User with same Email already exists. Email: crs@alephindia.in
08-19-2022 @ 13:23:53 - Row :86 - Parsing item.
08-19-2022 @ 13:23:53 - Row :86 - Parsing failed. Reason: User with same Email already exists. Email: vilas.desle@aeropharma.com
08-19-2022 @ 13:23:53 - Row :87 - Parsing item.
08-19-2022 @ 13:23:53 - Row :87 - Parsing failed. Reason: User with same Email already exists. Email: raghavmundhra2012@gmail.com
08-19-2022 @ 13:23:53 - Row :88 - Parsing item.
08-19-2022 @ 13:23:53 - Row :88 - Parsing failed. Reason: User with same Email already exists. Email: g.sathish@ansell.com
08-19-2022 @ 13:23:53 - Row :89 - Parsing item.
08-19-2022 @ 13:23:53 - Row :89 - Parsing failed. Reason: User with same Email already exists. Email: hr@shreeguruji.com
08-19-2022 @ 13:23:53 - Row :90 - Parsing item.
08-19-2022 @ 13:23:53 - Row :90 - Parsing failed. Reason: User with same Email already exists. Email: amol.jadhav@rallis.com
08-19-2022 @ 13:23:53 - Row :91 - Parsing item.
08-19-2022 @ 13:23:53 - Row :91 - Parsing failed. Reason: User with same Email already exists. Email: mefoodiedelight@gmail.com
08-19-2022 @ 13:23:53 - Row :92 - Parsing item.
08-19-2022 @ 13:23:53 - Row :92 - Parsing failed. Reason: User with same Email already exists. Email: jayesh@gajanand.com
08-19-2022 @ 13:23:53 - Row :93 - Parsing item.
08-19-2022 @ 13:23:53 - Row :93 - Parsing failed. Reason: User with same Email already exists. Email: sanjay.dawer@globalcp.in
08-19-2022 @ 13:23:53 - Row :94 - Parsing item.
08-19-2022 @ 13:23:53 - Row :94 - Parsing failed. Reason: User with same Email already exists. Email: sundar@szyuto.com
08-19-2022 @ 13:23:53 - Row :95 - Parsing item.
08-19-2022 @ 13:23:53 - Row :95 - Parsing failed. Reason: User with same Email already exists. Email: sushil@narendrabags.com
08-19-2022 @ 13:23:53 - Row :96 - Parsing item.
08-19-2022 @ 13:23:53 - Row :96 - Parsing failed. Reason: User with same Email already exists. Email: abhishek.singh@szyuto.com
08-19-2022 @ 13:23:53 - Row :97 - Parsing item.
08-19-2022 @ 13:23:53 - Row :97 - Parsing failed. Reason: User with same Email already exists. Email: paribesh1@ospcboard.org
08-19-2022 @ 13:23:53 - Row :98 - Parsing item.
08-19-2022 @ 13:23:53 - Row :98 - Parsing failed. Reason: User with same Email already exists. Email: ocmms@ospcboard.org
08-19-2022 @ 13:23:53 - Row :99 - Parsing item.
08-19-2022 @ 13:23:53 - Row :99 - Parsing failed. Reason: User with same Email already exists. Email: sdash@ospcboard.org
08-19-2022 @ 13:23:53 - Row :100 - Parsing item.
08-19-2022 @ 13:23:53 - Row :100 - Parsing failed. Reason: User with same Email already exists. Email: sagrofinance@gmail.com
08-19-2022 @ 13:23:54 - Preparing for import.
08-19-2022 @ 13:23:54 - Row :101 - Parsing item.
08-19-2022 @ 13:23:54 - Row :101 - Parsing failed. Reason: User with same Email already exists. Email: balraj@dblfood.com
08-19-2022 @ 13:23:54 - Row :102 - Parsing item.
08-19-2022 @ 13:23:54 - Row :102 - Parsing failed. Reason: User with same Email already exists. Email: pr@abcfruits.net
08-19-2022 @ 13:23:54 - Row :103 - Parsing item.
08-19-2022 @ 13:23:54 - Row :103 - Parsing failed. Reason: User with same Email already exists. Email: vaibhav@ajantadairy.in
08-19-2022 @ 13:23:54 - Row :104 - Parsing item.
08-19-2022 @ 13:23:54 - Row :104 - Parsing failed. Reason: User with same Email already exists. Email: bharat.panchasara@nkproteins.com
08-19-2022 @ 13:23:54 - Row :105 - Parsing item.
08-19-2022 @ 13:23:54 - Row :105 - Parsing failed. Reason: User with same Email already exists. Email: GIFTITEMZ@HOTMAIL.COM
08-19-2022 @ 13:23:54 - Row :106 - Parsing item.
08-19-2022 @ 13:23:54 - Row :106 - Parsing failed. Reason: User with same Email already exists. Email: sandeeprai911@gmail.com
08-19-2022 @ 13:23:54 - Row :107 - Parsing item.
08-19-2022 @ 13:23:54 - Row :107 - Parsing failed. Reason: User with same Email already exists. Email: sandeep.joglekar@pidilite.com
08-19-2022 @ 13:23:54 - Row :108 - Parsing item.
08-19-2022 @ 13:23:54 - Row :108 - Parsing failed. Reason: User with same Email already exists. Email: raman@techintlindia.com
08-19-2022 @ 13:23:54 - Row :109 - Parsing item.
08-19-2022 @ 13:23:54 - Row :109 - Parsing failed. Reason: User with same Email already exists. Email: vishwas.chandhaikar@liebherr.com
08-19-2022 @ 13:23:54 - Row :110 - Parsing item.
08-19-2022 @ 13:23:54 - Row :110 - Parsing failed. Reason: User with same Email already exists. Email: mohil_gupta@ifbglobal.com
08-19-2022 @ 13:23:54 - Row :111 - Parsing item.
08-19-2022 @ 13:23:54 - Row :111 - Parsing failed. Reason: User with same Email already exists. Email: shinyalex1090@gmail.com
08-19-2022 @ 13:23:54 - Row :112 - Parsing item.
08-19-2022 @ 13:23:54 - Row :112 - Parsing failed. Reason: User with same Email already exists. Email: uma@wellbefoods.com
08-19-2022 @ 13:23:54 - Row :113 - Parsing item.
08-19-2022 @ 13:23:54 - Row :113 - Parsing failed. Reason: User with same Email already exists. Email: ambergosawal@gmail.com
08-19-2022 @ 13:23:54 - Row :114 - Parsing item.
08-19-2022 @ 13:23:54 - Row :114 - Parsing failed. Reason: User with same Email already exists. Email: Rahul.Kadiyan@asia.meap.com
08-19-2022 @ 13:23:54 - Row :115 - Parsing item.
08-19-2022 @ 13:23:54 - Row :115 - Parsing failed. Reason: User with same Email already exists. Email: apalka.bareja@ssrana.in
08-19-2022 @ 13:23:54 - Row :116 - Parsing item.
08-19-2022 @ 13:23:54 - Row :116 - Parsing failed. Reason: User with same Email already exists. Email: DINESHACRYLIC@GMAIL.COM
08-19-2022 @ 13:23:54 - Row :117 - Parsing item.
08-19-2022 @ 13:23:54 - Row :117 - Parsing failed. Reason: User with same Email already exists. Email: pavan.agrawal@bd.com
08-19-2022 @ 13:23:54 - Row :118 - Parsing item.
08-19-2022 @ 13:23:54 - Row :118 - Parsing failed. Reason: User with same Email already exists. Email: info@aashiplastic.com
08-19-2022 @ 13:23:54 - Row :119 - Parsing item.
08-19-2022 @ 13:23:54 - Row :119 - Parsing failed. Reason: User with same Email already exists. Email: suresh@techintlindia.com
08-19-2022 @ 13:23:54 - Row :120 - Parsing item.
08-19-2022 @ 13:23:54 - Row :120 - Parsing failed. Reason: User with same Email already exists. Email: hrenterprises.epr@gmail.com
08-19-2022 @ 13:23:54 - Row :121 - Parsing item.
08-19-2022 @ 13:23:54 - Row :121 - Parsing failed. Reason: User with same Email already exists. Email: arglobal20@yahoo.com
08-19-2022 @ 13:23:54 - Row :122 - Parsing item.
08-19-2022 @ 13:23:54 - Row :122 - Parsing failed. Reason: User with same Email already exists. Email: sagro1970@gmail.com
08-19-2022 @ 13:23:54 - Row :123 - Parsing item.
08-19-2022 @ 13:23:54 - Row :123 - Parsing failed. Reason: User with same Email already exists. Email: corporate1@teampureplay.com
08-19-2022 @ 13:23:54 - Row :124 - Parsing item.
08-19-2022 @ 13:23:54 - Row :124 - Parsing failed. Reason: User with same Email already exists. Email: tejasviarora@hotmail.com
08-19-2022 @ 13:23:54 - Row :125 - Parsing item.
08-19-2022 @ 13:23:54 - Row :125 - Parsing failed. Reason: User with same Email already exists. Email: laxmif73@yahoo.co.in
08-19-2022 @ 13:23:54 - Row :126 - Parsing item.
08-19-2022 @ 13:23:54 - Row :126 - Parsing failed. Reason: User with same Email already exists. Email: ganesamoorthi@eid.epson.co.in
08-19-2022 @ 13:23:54 - Row :127 - Parsing item.
08-19-2022 @ 13:23:54 - Row :127 - Parsing failed. Reason: User with same Email already exists. Email: blplastic888@gmail.com
08-19-2022 @ 13:23:54 - Row :128 - Parsing item.
08-19-2022 @ 13:23:54 - Row :128 - Parsing failed. Reason: User with same Email already exists. Email: sushiltrivedi@uttamsugar.com
08-19-2022 @ 13:23:54 - Row :129 - Parsing item.
08-19-2022 @ 13:23:54 - Row :129 - Parsing failed. Reason: User with same Email already exists. Email: avneet.singh@nivia.in
08-19-2022 @ 13:23:54 - Row :130 - Parsing item.
08-19-2022 @ 13:23:54 - Row :130 - Parsing failed. Reason: User with same Email already exists. Email: dharmendra.gupta@lotusherbals.com
08-19-2022 @ 13:23:54 - Row :131 - Parsing item.
08-19-2022 @ 13:23:54 - Row :131 - Parsing failed. Reason: User with same Email already exists. Email: tmehta@groupe-bel.com
08-19-2022 @ 13:23:54 - Row :132 - Parsing item.
08-19-2022 @ 13:23:54 - Row :132 - Parsing failed. Reason: User with same Email already exists. Email: POONAMPLAST@GMAIL.COM
08-19-2022 @ 13:23:54 - Row :133 - Parsing item.
08-19-2022 @ 13:23:54 - Row :133 - Parsing failed. Reason: User with same Email already exists. Email: chaudharyalok993@gmail.com
08-19-2022 @ 13:23:54 - Row :134 - Parsing item.
08-19-2022 @ 13:23:54 - Row :134 - Parsing failed. Reason: User with same Email already exists. Email: Sarla.Nanda@airnov-healthcare.com
08-19-2022 @ 13:23:54 - Row :135 - Parsing item.
08-19-2022 @ 13:23:54 - Row :135 - Parsing failed. Reason: User with same Email already exists. Email: dipeshdas@umaconverter.com
08-19-2022 @ 13:23:54 - Row :136 - Parsing item.
08-19-2022 @ 13:23:54 - Row :136 - Parsing failed. Reason: User with same Email already exists. Email: cs.elite1515@gmail.com
08-19-2022 @ 13:23:54 - Row :137 - Parsing item.
08-19-2022 @ 13:23:54 - Row :137 - Parsing failed. Reason: User with same Email already exists. Email: abhishek@umaconverter.com
08-19-2022 @ 13:23:54 - Row :138 - Parsing item.
08-19-2022 @ 13:23:54 - Row :138 - Parsing failed. Reason: User with same Email already exists. Email: jignesh@deontapes.com
08-19-2022 @ 13:23:54 - Row :139 - Parsing item.
08-19-2022 @ 13:23:54 - Row :139 - Parsing failed. Reason: User with same Email already exists. Email: safety@deontapes.com
08-19-2022 @ 13:23:54 - Row :140 - Parsing item.
08-19-2022 @ 13:23:54 - Row :140 - Parsing failed. Reason: User with same Email already exists. Email: ATLASWARE@THERMOHOUSEWARES.COM
08-19-2022 @ 13:23:54 - Row :141 - Parsing item.
08-19-2022 @ 13:23:54 - Row :141 - Parsing failed. Reason: User with same Email already exists. Email: keshavg@toyota-kirloskar.co.in
08-19-2022 @ 13:23:54 - Row :142 - Parsing item.
08-19-2022 @ 13:23:54 - Row :142 - Parsing failed. Reason: User with same Email already exists. Email: test1@gmail.com
08-19-2022 @ 13:23:54 - Row :143 - Parsing item.
08-19-2022 @ 13:23:54 - Row :143 - Parsing failed. Reason: User with same Email already exists. Email: priyanka.singh@lotusherbals.com
08-19-2022 @ 13:23:54 - Row :144 - Parsing item.
08-19-2022 @ 13:23:54 - Row :144 - Parsing failed. Reason: User with same Email already exists. Email: shashank@viccolabs.com
08-19-2022 @ 13:23:54 - Row :145 - Parsing item.
08-19-2022 @ 13:23:54 - Row :145 - Parsing failed. Reason: User with same Email already exists. Email: gsonar101@gmail.com
08-19-2022 @ 13:23:54 - Row :146 - Parsing item.
08-19-2022 @ 13:23:54 - Row :146 - Parsing failed. Reason: User with same Email already exists. Email: hrenterprises.epr1@gmail.com
08-19-2022 @ 13:23:54 - Row :147 - Parsing item.
08-19-2022 @ 13:23:54 - Row :147 - Parsing failed. Reason: User with same Email already exists. Email: sidhishwarr@vista-osi-group.com
08-19-2022 @ 13:23:54 - Row :148 - Parsing item.
08-19-2022 @ 13:23:54 - Row :148 - Parsing failed. Reason: User with same Email already exists. Email: adviksingh751@gmail.com
08-19-2022 @ 13:23:54 - Row :149 - Parsing item.
08-19-2022 @ 13:23:54 - Row :149 - Parsing failed. Reason: User with same Email already exists. Email: regulatory@vista-osi-group.com
08-19-2022 @ 13:23:54 - Row :150 - Parsing item.
08-19-2022 @ 13:23:54 - Row :150 - Parsing failed. Reason: User with same Email already exists. Email: nishith@jaindairy.com
08-19-2022 @ 13:23:54 - Row :151 - Parsing item.
08-19-2022 @ 13:23:54 - Row :151 - Parsing failed. Reason: User with same Email already exists. Email: pradeepjoshi@gmail.com
08-19-2022 @ 13:23:54 - Row :152 - Parsing item.
08-19-2022 @ 13:23:54 - Row :152 - Parsing failed. Reason: User with same Email already exists. Email: finance@himedialabs.com
08-19-2022 @ 13:23:54 - Row :153 - Parsing item.
08-19-2022 @ 13:23:54 - Row :153 - Parsing failed. Reason: User with same Email already exists. Email: amit.sharma@primemilk.in
08-19-2022 @ 13:23:54 - Row :154 - Parsing item.
08-19-2022 @ 13:23:54 - Row :154 - Parsing failed. Reason: User with same Email already exists. Email: accounts@warkembiotech.com
08-19-2022 @ 13:23:54 - Row :155 - Parsing item.
08-19-2022 @ 13:23:54 - Row :155 - Parsing failed. Reason: User with same Email already exists. Email: sspp9030@gmail.com
08-19-2022 @ 13:23:54 - Row :156 - Parsing item.
08-19-2022 @ 13:23:54 - Row :156 - Parsing failed. Reason: User with same Email already exists. Email: biju.snair@ppgasianpaints.com
08-19-2022 @ 13:23:54 - Row :157 - Parsing item.
08-19-2022 @ 13:23:54 - Row :157 - Parsing failed. Reason: User with same Email already exists. Email: selvaraj@ttkhealthcare.com
08-19-2022 @ 13:23:54 - Row :158 - Parsing item.
08-19-2022 @ 13:23:54 - Row :158 - Parsing failed. Reason: User with same Email already exists. Email: venkatr@ttkhealthcare.com
08-19-2022 @ 13:23:54 - Row :159 - Parsing item.
08-19-2022 @ 13:23:54 - Row :159 - Parsing failed. Reason: User with same Email already exists. Email: gdsinha945@gmail.com
08-19-2022 @ 13:23:54 - Row :160 - Parsing item.
08-19-2022 @ 13:23:54 - Row :160 - Parsing failed. Reason: User with same Email already exists. Email: r.krishnakumar@digvijaycement.com
08-19-2022 @ 13:23:54 - Row :161 - Parsing item.
08-19-2022 @ 13:23:54 - Row :161 - Parsing failed. Reason: User with same Email already exists. Email: sk.jana@ananda.in
08-19-2022 @ 13:23:54 - Row :162 - Parsing item.
08-19-2022 @ 13:23:54 - Row :162 - Parsing failed. Reason: User with same Email already exists. Email: Dbaskar@yamaha-motor-india.com
08-19-2022 @ 13:23:54 - Row :163 - Parsing item.
08-19-2022 @ 13:23:54 - Row :163 - Parsing failed. Reason: User with same Email already exists. Email: Kaliwalaplastic@gmail.com
08-19-2022 @ 13:23:54 - Row :164 - Parsing item.
08-19-2022 @ 13:23:54 - Row :164 - Parsing failed. Reason: User with same Email already exists. Email: manishjaintoday@yahoo.co.in
08-19-2022 @ 13:23:54 - Row :165 - Parsing item.
08-19-2022 @ 13:23:54 - Row :165 - Parsing failed. Reason: User with same Email already exists. Email: ravi.balar555@gmail.com
08-19-2022 @ 13:23:54 - Row :166 - Parsing item.
08-19-2022 @ 13:23:54 - Row :166 - Parsing failed. Reason: User with same Email already exists. Email: adgupta@mortechfab.com
08-19-2022 @ 13:23:54 - Row :167 - Parsing item.
08-19-2022 @ 13:23:54 - Row :167 - Parsing failed. Reason: User with same Email already exists. Email: account@vishal-packaging.com
08-19-2022 @ 13:23:54 - Row :168 - Parsing item.
08-19-2022 @ 13:23:54 - Row :168 - Parsing failed. Reason: User with same Email already exists. Email: amit@slplindia.com
08-19-2022 @ 13:23:54 - Row :169 - Parsing item.
08-19-2022 @ 13:23:54 - Row :169 - Parsing failed. Reason: User with same Email already exists. Email: manik8877@gmail.com
08-19-2022 @ 13:23:54 - Row :170 - Parsing item.
08-19-2022 @ 13:23:54 - Row :170 - Parsing failed. Reason: User with same Email already exists. Email: amit_enviro2003@yahoo.co.in
08-19-2022 @ 13:23:54 - Row :171 - Parsing item.
08-19-2022 @ 13:23:54 - Row :171 - Parsing failed. Reason: User with same Email already exists. Email: kishoreshah99@yahoo.com
08-19-2022 @ 13:23:54 - Row :172 - Parsing item.
08-19-2022 @ 13:23:54 - Row :172 - Parsing failed. Reason: User with same Email already exists. Email: svreddy@shrinathflexi.com
08-19-2022 @ 13:23:54 - Row :173 - Parsing item.
08-19-2022 @ 13:23:54 - Row :173 - Parsing failed. Reason: User with same Email already exists. Email: dhaulagiree@gmail.com
08-19-2022 @ 13:23:54 - Row :174 - Parsing item.
08-19-2022 @ 13:23:54 - Row :174 - Parsing failed. Reason: User with same Email already exists. Email: jagdish.raval@maahimilk.com
08-19-2022 @ 13:23:54 - Row :175 - Parsing item.
08-19-2022 @ 13:23:54 - Row :175 - Parsing failed. Reason: User with same Email already exists. Email: ksaskumar1@yamaha-motor--india.com
08-19-2022 @ 13:23:54 - Row :176 - Parsing item.
08-19-2022 @ 13:23:54 - Row :176 - Parsing failed. Reason: User with same Email already exists. Email: ksasikumar1@yamaha-motor--india.com
08-19-2022 @ 13:23:54 - Row :177 - Parsing item.
08-19-2022 @ 13:23:54 - Row :177 - Parsing failed. Reason: User with same Email already exists. Email: parwez9024771299@gmail.com
08-19-2022 @ 13:23:54 - Row :178 - Parsing item.
08-19-2022 @ 13:23:54 - Row :178 - Parsing failed. Reason: User with same Email already exists. Email: babanursery19@gmail.com
08-19-2022 @ 13:23:54 - Row :179 - Parsing item.
08-19-2022 @ 13:23:54 - Row :179 - Parsing failed. Reason: User with same Email already exists. Email: shilpaplastics@hotmail.com
08-19-2022 @ 13:23:54 - Row :180 - Parsing item.
08-19-2022 @ 13:23:54 - Row :180 - Parsing failed. Reason: User with same Email already exists. Email: tirumalapoly2016@gmail.com
08-19-2022 @ 13:23:54 - Row :181 - Parsing item.
08-19-2022 @ 13:23:54 - Row :181 - Parsing failed. Reason: User with same Email already exists. Email: info@durgapurispatudyog.com
08-19-2022 @ 13:23:54 - Row :182 - Parsing item.
08-19-2022 @ 13:23:54 - Row :182 - Parsing failed. Reason: User with same Email already exists. Email: S.KURALI@YAHOO.COM
08-19-2022 @ 13:23:54 - Row :183 - Parsing item.
08-19-2022 @ 13:23:54 - Row :183 - Parsing failed. Reason: User with same Email already exists. Email: sureshj@fujitsu-general.com
08-19-2022 @ 13:23:54 - Row :184 - Parsing item.
08-19-2022 @ 13:23:54 - Row :184 - Parsing failed. Reason: User with same Email already exists. Email: dhandutt.shah@scholleipn.com
08-19-2022 @ 13:23:54 - Row :185 - Parsing item.
08-19-2022 @ 13:23:54 - Row :185 - Parsing failed. Reason: User with same Email already exists. Email: adsgreenproducts@gmail.com
08-19-2022 @ 13:23:54 - Row :186 - Parsing item.
08-19-2022 @ 13:23:54 - Row :186 - Parsing failed. Reason: User with same Email already exists. Email: mainak@biskfarm.com
08-19-2022 @ 13:23:54 - Row :187 - Parsing item.
08-19-2022 @ 13:23:54 - Row :187 - Parsing failed. Reason: User with same Email already exists. Email: abhijitnatoo@nerolac.com
08-19-2022 @ 13:23:54 - Row :188 - Parsing item.
08-19-2022 @ 13:23:54 - Row :188 - Parsing failed. Reason: User with same Email already exists. Email: rajeev_mishra@saraswatisugar.com
08-19-2022 @ 13:23:54 - Row :189 - Parsing item.
08-19-2022 @ 13:23:54 - Row :189 - Parsing failed. Reason: User with same Email already exists. Email: esskaypolymers001@gmail.com
08-19-2022 @ 13:23:54 - Row :190 - Parsing item.
08-19-2022 @ 13:23:54 - Row :190 - Parsing failed. Reason: User with same Email already exists. Email: nonstoppackaging@gmail.com
08-19-2022 @ 13:23:54 - Row :191 - Parsing item.
08-19-2022 @ 13:23:54 - Row :191 - Parsing failed. Reason: User with same Email already exists. Email: rahuagar@lenovo.com
08-19-2022 @ 13:23:54 - Row :192 - Parsing item.
08-19-2022 @ 13:23:54 - Row :192 - Parsing failed. Reason: User with same Email already exists. Email: hr.daman@rishitechtex.com
08-19-2022 @ 13:23:54 - Row :193 - Parsing item.
08-19-2022 @ 13:23:54 - Row :193 - Parsing failed. Reason: User with same Email already exists. Email: rishitapatel733@gmail.com
08-19-2022 @ 13:23:54 - Row :194 - Parsing item.
08-19-2022 @ 13:23:54 - Row :194 - Parsing failed. Reason: User with same Email already exists. Email: safety@elentec.in
08-19-2022 @ 13:23:54 - Row :195 - Parsing item.
08-19-2022 @ 13:23:54 - Row :195 - Parsing failed. Reason: User with same Email already exists. Email: AbhyankaAM@corning.com
08-19-2022 @ 13:23:54 - Row :196 - Parsing item.
08-19-2022 @ 13:23:54 - Row :196 - Parsing failed. Reason: User with same Email already exists. Email: testingeprindia@gmail.com
08-19-2022 @ 13:23:54 - Row :197 - Parsing item.
08-19-2022 @ 13:23:54 - Row :197 - Parsing failed. Reason: User with same Email already exists. Email: usml.sktrivedi@gmail.com
08-19-2022 @ 13:23:54 - Row :198 - Parsing item.
08-19-2022 @ 13:23:54 - Row :198 - Parsing failed. Reason: User with same Email already exists. Email: testingepr1@gmail.com
08-19-2022 @ 13:23:54 - Row :199 - Parsing item.
08-19-2022 @ 13:23:54 - Row :199 - Parsing failed. Reason: User with same Email already exists. Email: supersoftcare@gmail.com
08-19-2022 @ 13:23:54 - Row :200 - Parsing item.
08-19-2022 @ 13:23:54 - Row :200 - Parsing failed. Reason: User with same Email already exists. Email: kotchemfoods2008@yahoo.com
08-19-2022 @ 13:23:54 - Preparing for import.
08-19-2022 @ 13:23:54 - Row :201 - Parsing item.
08-19-2022 @ 13:23:54 - Row :201 - Parsing failed. Reason: User with same Email already exists. Email: bhatbio@gmail.com
08-19-2022 @ 13:23:54 - Row :202 - Parsing item.
08-19-2022 @ 13:23:54 - Row :202 - Parsing failed. Reason: User with same Email already exists. Email: hsm.pkgaupta@birla-sugar.com
08-19-2022 @ 13:23:54 - Row :203 - Parsing item.
08-19-2022 @ 13:23:54 - Row :203 - Parsing failed. Reason: User with same Email already exists. Email: hsm.pkgupta@birla-sugar.com
08-19-2022 @ 13:23:54 - Row :204 - Parsing item.
08-19-2022 @ 13:23:54 - Row :204 - Parsing failed. Reason: User with same Email already exists. Email: aaravchauhan841@gmail.com
08-19-2022 @ 13:23:54 - Row :205 - Parsing item.
08-19-2022 @ 13:23:54 - Row :205 - Parsing failed. Reason: User with same Email already exists. Email: bhaagyaimpex@gmail.com
08-19-2022 @ 13:23:54 - Row :206 - Parsing item.
08-19-2022 @ 13:23:54 - Row :206 - Parsing failed. Reason: User with same Email already exists. Email: aakeshkumar95@gmail.com
08-19-2022 @ 13:23:54 - Row :207 - Parsing item.
08-19-2022 @ 13:23:54 - Row :207 - Parsing failed. Reason: User with same Email already exists. Email: pankaj@lincolnpharma.com
08-19-2022 @ 13:23:54 - Row :208 - Parsing item.
08-19-2022 @ 13:23:54 - Row :208 - Parsing failed. Reason: User with same Email already exists. Email: msukpcb@yahoo.com
08-19-2022 @ 13:23:54 - Row :209 - Parsing item.
08-19-2022 @ 13:23:54 - Row :209 - Parsing failed. Reason: User with same Email already exists. Email: fk_license@cquel.com
08-19-2022 @ 13:23:54 - Row :210 - Parsing item.
08-19-2022 @ 13:23:54 - Row :210 - Parsing failed. Reason: User with same Email already exists. Email: vijay.sharma@niine.com
08-19-2022 @ 13:23:54 - Row :211 - Parsing item.
08-19-2022 @ 13:23:54 - Row :211 - Parsing failed. Reason: User with same Email already exists. Email: shreejiinternational2015@gmail.com
08-19-2022 @ 13:23:54 - Row :212 - Parsing item.
08-19-2022 @ 13:23:54 - Row :212 - Parsing failed. Reason: User with same Email already exists. Email: customercare@milkymist.com
08-19-2022 @ 13:23:54 - Row :213 - Parsing item.
08-19-2022 @ 13:23:54 - Row :213 - Parsing failed. Reason: User with same Email already exists. Email: sales.sekhaniindustries@gmail.com
08-19-2022 @ 13:23:54 - Row :214 - Parsing item.
08-19-2022 @ 13:23:54 - Row :214 - Parsing failed. Reason: User with same Email already exists. Email: gaurav@tonggarden.com
08-19-2022 @ 13:23:54 - Row :215 - Parsing item.
08-19-2022 @ 13:23:54 - Row :215 - Parsing failed. Reason: User with same Email already exists. Email: ARATHI@NFL.CO.IN
08-19-2022 @ 13:23:54 - Row :216 - Parsing item.
08-19-2022 @ 13:23:54 - Row :216 - Parsing failed. Reason: User with same Email already exists. Email: raghavendranv@yamaha-motor-india.com
08-19-2022 @ 13:23:54 - Row :217 - Parsing item.
08-19-2022 @ 13:23:54 - Row :217 - Parsing failed. Reason: User with same Email already exists. Email: santoshpapermart2000@gmail.com
08-19-2022 @ 13:23:54 - Row :218 - Parsing item.
08-19-2022 @ 13:23:54 - Row :218 - Parsing failed. Reason: User with same Email already exists. Email: vaibhao.ujawane@lge.com
08-19-2022 @ 13:23:54 - Row :219 - Parsing item.
08-19-2022 @ 13:23:54 - Row :219 - Parsing failed. Reason: User with same Email already exists. Email: lion@liondates.com
08-19-2022 @ 13:23:54 - Row :220 - Parsing item.
08-19-2022 @ 13:23:54 - Row :220 - Parsing failed. Reason: User with same Email already exists. Email: ss.gurjar007@gmail.com
08-19-2022 @ 13:23:54 - Row :221 - Parsing item.
08-19-2022 @ 13:23:54 - Row :221 - Parsing failed. Reason: User with same Email already exists. Email: shroffgroups@gmail.com
08-19-2022 @ 13:23:54 - Row :222 - Parsing item.
08-19-2022 @ 13:23:54 - Row :222 - Parsing failed. Reason: User with same Email already exists. Email: abhay.agfpl@gmail.com
08-19-2022 @ 13:23:54 - Row :223 - Parsing item.
08-19-2022 @ 13:23:54 - Row :223 - Parsing failed. Reason: User with same Email already exists. Email: parmesh@slplindia.com
08-19-2022 @ 13:23:54 - Row :224 - Parsing item.
08-19-2022 @ 13:23:54 - Row :224 - Parsing failed. Reason: User with same Email already exists. Email: takhellambammangi@gmail.com
08-19-2022 @ 13:23:54 - Row :225 - Parsing item.
08-19-2022 @ 13:23:54 - Row :225 - Parsing failed. Reason: User with same Email already exists. Email: wroshan123@gmail.com
08-19-2022 @ 13:23:54 - Row :226 - Parsing item.
08-19-2022 @ 13:23:54 - Row :226 - Parsing failed. Reason: User with same Email already exists. Email: lhomen@outlook.com
08-19-2022 @ 13:23:54 - Row :227 - Parsing item.
08-19-2022 @ 13:23:54 - Row :227 - Parsing failed. Reason: User with same Email already exists. Email: surojit@newbyoverseas.com
08-19-2022 @ 13:23:54 - Row :228 - Parsing item.
08-19-2022 @ 13:23:54 - Row :228 - Parsing failed. Reason: User with same Email already exists. Email: dharmesh@ponpurelogistics.com
08-19-2022 @ 13:23:54 - Row :229 - Parsing item.
08-19-2022 @ 13:23:54 - Row :229 - Parsing failed. Reason: User with same Email already exists. Email: tkumar@alco.trivenigroup.com
08-19-2022 @ 13:23:54 - Row :230 - Parsing item.
08-19-2022 @ 13:23:54 - Row :230 - Parsing failed. Reason: User with same Email already exists. Email: production@siddhomal.com
08-19-2022 @ 13:23:54 - Row :231 - Parsing item.
08-19-2022 @ 13:23:54 - Row :231 - Parsing failed. Reason: User with same Email already exists. Email: muhammed.faisal@nationalpaints.com
08-19-2022 @ 13:23:54 - Row :232 - Parsing item.
08-19-2022 @ 13:23:54 - Row :232 - Parsing failed. Reason: User with same Email already exists. Email: anilrkumar@mehtagroup.com
08-19-2022 @ 13:23:54 - Row :233 - Parsing item.
08-19-2022 @ 13:23:54 - Row :233 - Parsing failed. Reason: User with same Email already exists. Email: tariq.mahmood@hspp.com
08-19-2022 @ 13:23:54 - Row :234 - Parsing item.
08-19-2022 @ 13:23:54 - Row :234 - Parsing failed. Reason: User with same Email already exists. Email: pranab.mohanty@midea.co.in
08-19-2022 @ 13:23:54 - Row :235 - Parsing item.
08-19-2022 @ 13:23:54 - Row :235 - Parsing failed. Reason: User with same Email already exists. Email: rameshkumar_kt@welspun.com
08-19-2022 @ 13:23:54 - Row :236 - Parsing item.
08-19-2022 @ 13:23:54 - Row :236 - Parsing failed. Reason: User with same Email already exists. Email: tpi_industries@yahoo.com
08-19-2022 @ 13:23:54 - Row :237 - Parsing item.
08-19-2022 @ 13:23:54 - Row :237 - Parsing failed. Reason: User with same Email already exists. Email: sushilkumar.kaushik@vegetableseeds.basf.com
08-19-2022 @ 13:23:54 - Row :238 - Parsing item.
08-19-2022 @ 13:23:54 - Row :238 - Parsing failed. Reason: User with same Email already exists. Email: mehul.gohel@sandvik.com
08-19-2022 @ 13:23:54 - Row :239 - Parsing item.
08-19-2022 @ 13:23:54 - Row :239 - Parsing failed. Reason: User with same Email already exists. Email: docs.import@gmail.com
08-19-2022 @ 13:23:54 - Row :240 - Parsing item.
08-19-2022 @ 13:23:54 - Row :240 - Parsing failed. Reason: User with same Email already exists. Email: ajit.singh@jubl.com
08-19-2022 @ 13:23:54 - Row :241 - Parsing item.
08-19-2022 @ 13:23:54 - Row :241 - Parsing failed. Reason: User with same Email already exists. Email: umarladdu342@gmail.com
08-19-2022 @ 13:23:54 - Row :242 - Parsing item.
08-19-2022 @ 13:23:54 - Row :242 - Parsing failed. Reason: User with same Email already exists. Email: popularenterprise.shillong@gmail.com
08-19-2022 @ 13:23:54 - Row :243 - Parsing item.
08-19-2022 @ 13:23:54 - Row :243 - Parsing failed. Reason: User with same Email already exists. Email: worldonetradingco@gmail.com
08-19-2022 @ 13:23:54 - Row :244 - Parsing item.
08-19-2022 @ 13:23:54 - Row :244 - Parsing failed. Reason: User with same Email already exists. Email: SRSPL.SALT@GMAIL.COM
08-19-2022 @ 13:23:54 - Row :245 - Parsing item.
08-19-2022 @ 13:23:54 - Row :245 - Parsing failed. Reason: User with same Email already exists. Email: naseem.ahmed@rjcorp.in
08-19-2022 @ 13:23:54 - Row :246 - Parsing item.
08-19-2022 @ 13:23:54 - Row :246 - Parsing failed. Reason: User with same Email already exists. Email: pbroy12@gmail.com
08-19-2022 @ 13:23:54 - Row :247 - Parsing item.
08-19-2022 @ 13:23:54 - Row :247 - Parsing failed. Reason: User with same Email already exists. Email: swashatap@herbalife.com
08-19-2022 @ 13:23:54 - Row :248 - Parsing item.
08-19-2022 @ 13:23:54 - Row :248 - Parsing failed. Reason: User with same Email already exists. Email: amit.paladhi@ge.com
08-19-2022 @ 13:23:54 - Row :249 - Parsing item.
08-19-2022 @ 13:23:54 - Row :249 - Parsing failed. Reason: User with same Email already exists. Email: BBSTYRO@GMAIL.COM
08-19-2022 @ 13:23:54 - Row :250 - Parsing item.
08-19-2022 @ 13:23:54 - Row :250 - Parsing failed. Reason: User with same Email already exists. Email: bsr@svpindustries.in
08-19-2022 @ 13:23:54 - Row :251 - Parsing item.
08-19-2022 @ 13:23:54 - Row :251 - Parsing failed. Reason: User with same Email already exists. Email: vs.rao@haldirams.com
08-19-2022 @ 13:23:54 - Row :252 - Parsing item.
08-19-2022 @ 13:23:54 - Row :252 - Parsing failed. Reason: User with same Email already exists. Email: T.khattar@branopac.com
08-19-2022 @ 13:23:54 - Row :253 - Parsing item.
08-19-2022 @ 13:23:54 - Row :253 - Parsing failed. Reason: User with same Email already exists. Email: BABUBALOOCH@HOTMAIL.COM
08-19-2022 @ 13:23:54 - Row :254 - Parsing item.
08-19-2022 @ 13:23:54 - Row :254 - Parsing failed. Reason: User with same Email already exists. Email: priyanshu.pandey@uniqlo.in
08-19-2022 @ 13:23:54 - Row :255 - Parsing item.
08-19-2022 @ 13:23:54 - Row :255 - Parsing failed. Reason: User with same Email already exists. Email: shuklarakesh1995@gmail.com
08-19-2022 @ 13:23:54 - Row :256 - Parsing item.
08-19-2022 @ 13:23:54 - Row :256 - Parsing failed. Reason: User with same Email already exists. Email: vinayak.khanna@uniqlo.in
08-19-2022 @ 13:23:54 - Row :257 - Parsing item.
08-19-2022 @ 13:23:54 - Row :257 - Parsing failed. Reason: User with same Email already exists. Email: rajesh.gupta@vijayneha.com
08-19-2022 @ 13:23:54 - Row :258 - Parsing item.
08-19-2022 @ 13:23:54 - Row :258 - Parsing failed. Reason: User with same Email already exists. Email: rsabharwal@phoenixcontact.co.in
08-19-2022 @ 13:23:54 - Row :259 - Parsing item.
08-19-2022 @ 13:23:54 - Row :259 - Parsing failed. Reason: User with same Email already exists. Email: yaduvanshipolymers@gmail.com
08-19-2022 @ 13:23:54 - Row :260 - Parsing item.
08-19-2022 @ 13:23:54 - Row :260 - Parsing failed. Reason: User with same Email already exists. Email: jaymin.patel@mosaicwellness.in
08-19-2022 @ 13:23:54 - Row :261 - Parsing item.
08-19-2022 @ 13:23:54 - Row :261 - Parsing failed. Reason: User with same Email already exists. Email: tamilselvan@tristarpondy.com
08-19-2022 @ 13:23:54 - Row :262 - Parsing item.
08-19-2022 @ 13:23:54 - Row :262 - Parsing failed. Reason: User with same Email already exists. Email: test_kl_0106@gamil.com
08-19-2022 @ 13:23:54 - Row :263 - Parsing item.
08-19-2022 @ 13:23:54 - Row :263 - Parsing failed. Reason: User with same Email already exists. Email: eswaran@ajinomotoindia.com
08-19-2022 @ 13:23:54 - Row :264 - Parsing item.
08-19-2022 @ 13:23:54 - Row :264 - Parsing failed. Reason: User with same Email already exists. Email: remexinternationalpvtltd@gmail.com
08-19-2022 @ 13:23:54 - Row :265 - Parsing item.
08-19-2022 @ 13:23:54 - Row :265 - Parsing failed. Reason: User with same Email already exists. Email: epr-ael@dmartindia.com
08-19-2022 @ 13:23:54 - Row :266 - Parsing item.
08-19-2022 @ 13:23:54 - Row :266 - Parsing failed. Reason: User with same Email already exists. Email: gsvyas@khandelia.com
08-19-2022 @ 13:23:54 - Row :267 - Parsing item.
08-19-2022 @ 13:23:54 - Row :267 - Parsing failed. Reason: User with same Email already exists. Email: harsh@maxsunpolyshrink.com
08-19-2022 @ 13:23:54 - Row :268 - Parsing item.
08-19-2022 @ 13:23:54 - Row :268 - Parsing failed. Reason: User with same Email already exists. Email: natoreparkoffice@gmail.com
08-19-2022 @ 13:23:54 - Row :269 - Parsing item.
08-19-2022 @ 13:23:54 - Row :269 - Parsing failed. Reason: User with same Email already exists. Email: dhruv218@live.com
08-19-2022 @ 13:23:54 - Row :270 - Parsing item.
08-19-2022 @ 13:23:54 - Row :270 - Parsing failed. Reason: User with same Email already exists. Email: sunconsultantsinfo@gmail.com
08-19-2022 @ 13:23:54 - Row :271 - Parsing item.
08-19-2022 @ 13:23:54 - Row :271 - Parsing failed. Reason: User with same Email already exists. Email: kundeenterprisesb1@gmail.com
08-19-2022 @ 13:23:54 - Row :272 - Parsing item.
08-19-2022 @ 13:23:54 - Row :272 - Parsing failed. Reason: User with same Email already exists. Email: adsuntelecomind@gmail.com
08-19-2022 @ 13:23:54 - Row :273 - Parsing item.
08-19-2022 @ 13:23:54 - Row :273 - Parsing failed. Reason: User with same Email already exists. Email: prabhakar.mishra@perfettivanmelle.com
08-19-2022 @ 13:23:54 - Row :274 - Parsing item.
08-19-2022 @ 13:23:54 - Row :274 - Parsing failed. Reason: User with same Email already exists. Email: H.SARAF@GREINER-GPI.COM
08-19-2022 @ 13:23:54 - Row :275 - Parsing item.
08-19-2022 @ 13:23:54 - Row :275 - Parsing failed. Reason: User with same Email already exists. Email: accsaraflexipack@gmail.com
08-19-2022 @ 13:23:54 - Row :276 - Parsing item.
08-19-2022 @ 13:23:54 - Row :276 - Parsing failed. Reason: User with same Email already exists. Email: Naveen.kumar5@honda2wheelersindia.com
08-19-2022 @ 13:23:54 - Row :277 - Parsing item.
08-19-2022 @ 13:23:54 - Row :277 - Parsing failed. Reason: User with same Email already exists. Email: anand.singh@konicaminolta.com
08-19-2022 @ 13:23:54 - Row :278 - Parsing item.
08-19-2022 @ 13:23:54 - Row :278 - Parsing failed. Reason: User with same Email already exists. Email: udilguwahati@gmail.com
08-19-2022 @ 13:23:54 - Row :279 - Parsing item.
08-19-2022 @ 13:23:54 - Row :279 - Parsing failed. Reason: User with same Email already exists. Email: taware.h@rasoimagic.com
08-19-2022 @ 13:23:54 - Row :280 - Parsing item.
08-19-2022 @ 13:23:54 - Row :280 - Parsing failed. Reason: User with same Email already exists. Email: balajisales1994@rediffmail.com
08-19-2022 @ 13:23:54 - Row :281 - Parsing item.
08-19-2022 @ 13:23:54 - Row :281 - Parsing failed. Reason: User with same Email already exists. Email: amit.bansal@canon.co.in
08-19-2022 @ 13:23:54 - Row :282 - Parsing item.
08-19-2022 @ 13:23:54 - Row :282 - Parsing failed. Reason: User with same Email already exists. Email: rvpatel@mdfl.in
08-19-2022 @ 13:23:54 - Row :283 - Parsing item.
08-19-2022 @ 13:23:54 - Row :283 - Parsing failed. Reason: User with same Email already exists. Email: info.bharatdairy@gmail.com
08-19-2022 @ 13:23:54 - Row :284 - Parsing item.
08-19-2022 @ 13:23:54 - Row :284 - Parsing failed. Reason: User with same Email already exists. Email: petman.jep@gmail.com
08-19-2022 @ 13:23:54 - Row :285 - Parsing item.
08-19-2022 @ 13:23:54 - Row :285 - Parsing failed. Reason: User with same Email already exists. Email: GLOBALLPLAST@GMAIL.COM
08-19-2022 @ 13:23:54 - Row :286 - Parsing item.
08-19-2022 @ 13:23:54 - Row :286 - Parsing failed. Reason: User with same Email already exists. Email: mdfl2015@gmail.com
08-19-2022 @ 13:23:54 - Row :287 - Parsing item.
08-19-2022 @ 13:23:54 - Row :287 - Parsing failed. Reason: User with same Email already exists. Email: prem.vidyarthi@lotte.net
08-19-2022 @ 13:23:54 - Row :288 - Parsing item.
08-19-2022 @ 13:23:54 - Row :288 - Parsing failed. Reason: User with same Email already exists. Email: enkdil28@gmail.com
08-19-2022 @ 13:23:54 - Row :289 - Parsing item.
08-19-2022 @ 13:23:54 - Row :289 - Parsing failed. Reason: User with same Email already exists. Email: info.shivapolymers@gmail.com
08-19-2022 @ 13:23:54 - Row :290 - Parsing item.
08-19-2022 @ 13:23:54 - Row :290 - Parsing failed. Reason: User with same Email already exists. Email: prasoonbansal@shivaplastics.com
08-19-2022 @ 13:23:54 - Row :291 - Parsing item.
08-19-2022 @ 13:23:54 - Row :291 - Parsing failed. Reason: User with same Email already exists. Email: Dhiresh.saxena@piramal.com
08-19-2022 @ 13:23:54 - Row :292 - Parsing item.
08-19-2022 @ 13:23:54 - Row :292 - Parsing failed. Reason: User with same Email already exists. Email: kumartk01@gmail.com
08-19-2022 @ 13:23:54 - Row :293 - Parsing item.
08-19-2022 @ 13:23:54 - Row :293 - Parsing failed. Reason: User with same Email already exists. Email: accounts@lobsteroverseas.net
08-19-2022 @ 13:23:54 - Row :294 - Parsing item.
08-19-2022 @ 13:23:54 - Row :294 - Parsing failed. Reason: User with same Email already exists. Email: info@lobsteroverseas.net
08-19-2022 @ 13:23:54 - Row :295 - Parsing item.
08-19-2022 @ 13:23:54 - Row :295 - Parsing failed. Reason: User with same Email already exists. Email: suresh.c@sk.com
08-19-2022 @ 13:23:54 - Row :296 - Parsing item.
08-19-2022 @ 13:23:54 - Row :296 - Parsing failed. Reason: User with same Email already exists. Email: rraman@mblcoca-cola.com
08-19-2022 @ 13:23:54 - Row :297 - Parsing item.
08-19-2022 @ 13:23:54 - Row :297 - Parsing failed. Reason: User with same Email already exists. Email: samirpolymers786@gmail.com
08-19-2022 @ 13:23:54 - Row :298 - Parsing item.
08-19-2022 @ 13:23:54 - Row :298 - Parsing failed. Reason: User with same Email already exists. Email: shivani1141@gmail.com
08-19-2022 @ 13:23:54 - Row :299 - Parsing item.
08-19-2022 @ 13:23:54 - Row :299 - Parsing failed. Reason: User with same Email already exists. Email: dra@biodealpharma.com
08-19-2022 @ 13:23:54 - Row :300 - Parsing item.
08-19-2022 @ 13:23:54 - Row :300 - Parsing failed. Reason: User with same Email already exists. Email: docs.import22@gmail.com
08-19-2022 @ 13:23:55 - Preparing for import.
08-19-2022 @ 13:23:55 - Row :301 - Parsing item.
08-19-2022 @ 13:23:55 - Row :301 - Parsing failed. Reason: User with same Email already exists. Email: SAB@SABPLASCONS.COM
08-19-2022 @ 13:23:55 - Row :302 - Parsing item.
08-19-2022 @ 13:23:55 - Row :302 - Parsing failed. Reason: User with same Email already exists. Email: sarabpreet@deviseafoods.com
08-19-2022 @ 13:23:55 - Row :303 - Parsing item.
08-19-2022 @ 13:23:55 - Row :303 - Parsing failed. Reason: User with same Email already exists. Email: pioneerfoods9@gmail.com
08-19-2022 @ 13:23:55 - Row :304 - Parsing item.
08-19-2022 @ 13:23:55 - Row :304 - Parsing failed. Reason: User with same Email already exists. Email: ehs@sirshadilal.com
08-19-2022 @ 13:23:55 - Row :305 - Parsing item.
08-19-2022 @ 13:23:55 - Row :305 - Parsing failed. Reason: User with same Email already exists. Email: manojsharma23378@gmail.com
08-19-2022 @ 13:23:55 - Row :306 - Parsing item.
08-19-2022 @ 13:23:55 - Row :306 - Parsing failed. Reason: User with same Email already exists. Email: sandeep.patil@moreretail.in
08-19-2022 @ 13:23:55 - Row :307 - Parsing item.
08-19-2022 @ 13:23:55 - Row :307 - Parsing failed. Reason: User with same Email already exists. Email: suman2010indu@gmail.com
08-19-2022 @ 13:23:55 - Row :308 - Parsing item.
08-19-2022 @ 13:23:55 - Row :308 - Parsing failed. Reason: User with same Email already exists. Email: praseedae6@gmail.com
08-19-2022 @ 13:23:55 - Row :309 - Parsing item.
08-19-2022 @ 13:23:55 - Row :309 - Parsing failed. Reason: User with same Email already exists. Email: tulikaspackaging@gmail.com
08-19-2022 @ 13:23:55 - Row :310 - Parsing item.
08-19-2022 @ 13:23:55 - Row :310 - Parsing failed. Reason: User with same Email already exists. Email: sonamphunchok733@gmail.com
08-19-2022 @ 13:23:55 - Row :311 - Parsing item.
08-19-2022 @ 13:23:55 - Row :311 - Parsing failed. Reason: User with same Email already exists. Email: muhammedremex74@gmail.com
08-19-2022 @ 13:23:55 - Row :312 - Parsing item.
08-19-2022 @ 13:23:55 - Row :312 - Parsing failed. Reason: User with same Email already exists. Email: aroranikhil461@gmail.com
08-19-2022 @ 13:23:55 - Row :313 - Parsing item.
08-19-2022 @ 13:23:55 - Row :313 - Parsing failed. Reason: User with same Email already exists. Email: sharppolyprint@gmail.com
08-19-2022 @ 13:23:55 - Row :314 - Parsing item.
08-19-2022 @ 13:23:55 - Row :314 - Parsing failed. Reason: User with same Email already exists. Email: gs.govindaraj@cpmjk.jkmail.com
08-19-2022 @ 13:23:55 - Row :315 - Parsing item.
08-19-2022 @ 13:23:55 - Row :315 - Parsing failed. Reason: User with same Email already exists. Email: nourishorganic96@gmail.com
08-19-2022 @ 13:23:55 - Row :316 - Parsing item.
08-19-2022 @ 13:23:55 - Row :316 - Parsing failed. Reason: User with same Email already exists. Email: krishnapackaginghalol@gmail.com
08-19-2022 @ 13:23:55 - Row :317 - Parsing item.
08-19-2022 @ 13:23:55 - Row :317 - Parsing failed. Reason: User with same Email already exists. Email: bhupesharora.lotusherbals@gmail.com
08-19-2022 @ 13:23:55 - Row :318 - Parsing item.
08-19-2022 @ 13:23:55 - Row :318 - Parsing failed. Reason: User with same Email already exists. Email: nabhalerao@gharda.com
08-19-2022 @ 13:23:55 - Row :319 - Parsing item.
08-19-2022 @ 13:23:55 - Row :319 - Parsing failed. Reason: User with same Email already exists. Email: warehouse@theplume.co
08-19-2022 @ 13:23:55 - Row :320 - Parsing item.
08-19-2022 @ 13:23:55 - Row :320 - Parsing failed. Reason: User with same Email already exists. Email: girirajpoly@gmail.com
08-19-2022 @ 13:23:55 - Row :321 - Parsing item.
08-19-2022 @ 13:23:55 - Row :321 - Parsing failed. Reason: User with same Email already exists. Email: rcrcr1@yahoo.co.in
08-19-2022 @ 13:23:55 - Row :322 - Parsing item.
08-19-2022 @ 13:23:55 - Row :322 - Parsing failed. Reason: User with same Email already exists. Email: adityapolyfilms@gmail.com
08-19-2022 @ 13:23:55 - Row :323 - Parsing item.
08-19-2022 @ 13:23:55 - Row :323 - Parsing failed. Reason: User with same Email already exists. Email: ssi@shinsungcnt.com
08-19-2022 @ 13:23:55 - Row :324 - Parsing item.
08-19-2022 @ 13:23:55 - Row :324 - Parsing failed. Reason: User with same Email already exists. Email: newplant@jaipurdairy.com
08-19-2022 @ 13:23:55 - Row :325 - Parsing item.
08-19-2022 @ 13:23:55 - Row :325 - Parsing failed. Reason: User with same Email already exists. Email: sachdy@amazon.com
08-19-2022 @ 13:23:55 - Row :326 - Parsing item.
08-19-2022 @ 13:23:55 - Row :326 - Parsing failed. Reason: User with same Email already exists. Email: glassopack@gmail.com
08-19-2022 @ 13:23:55 - Row :327 - Parsing item.
08-19-2022 @ 13:23:55 - Row :327 - Parsing failed. Reason: User with same Email already exists. Email: vishwakamal56@gmail.com
08-19-2022 @ 13:23:55 - Row :328 - Parsing item.
08-19-2022 @ 13:23:55 - Row :328 - Parsing failed. Reason: User with same Email already exists. Email: exports.mitsubishi@gmail.com
08-19-2022 @ 13:23:55 - Row :329 - Parsing item.
08-19-2022 @ 13:23:55 - Row :329 - Parsing failed. Reason: User with same Email already exists. Email: saurabhgarg@voltas.com
08-19-2022 @ 13:23:55 - Row :330 - Parsing item.
08-19-2022 @ 13:23:55 - Row :330 - Parsing failed. Reason: User with same Email already exists. Email: abcd@gmail.com
08-19-2022 @ 13:23:55 - Row :331 - Parsing item.
08-19-2022 @ 13:23:55 - Row :331 - Parsing failed. Reason: User with same Email already exists. Email: adarsh.mundhra@yara.com
08-19-2022 @ 13:23:55 - Row :332 - Parsing item.
08-19-2022 @ 13:23:55 - Row :332 - Parsing failed. Reason: User with same Email already exists. Email: manish@slplindia.com
08-19-2022 @ 13:23:55 - Row :333 - Parsing item.
08-19-2022 @ 13:23:55 - Row :333 - Parsing failed. Reason: User with same Email already exists. Email: anjeesh.choudhary@themystickingdom.in
08-19-2022 @ 13:23:55 - Row :334 - Parsing item.
08-19-2022 @ 13:23:55 - Row :334 - Parsing failed. Reason: User with same Email already exists. Email: abhijit.kulkarni@cipla.com
08-19-2022 @ 13:23:55 - Row :335 - Parsing item.
08-19-2022 @ 13:23:55 - Row :335 - Parsing failed. Reason: User with same Email already exists. Email: jagadeeshwaran@pepsindia.com
08-19-2022 @ 13:23:55 - Row :336 - Parsing item.
08-19-2022 @ 13:23:55 - Row :336 - Parsing failed. Reason: User with same Email already exists. Email: jayeshmehta2002@hotmail.com
08-19-2022 @ 13:23:55 - Row :337 - Parsing item.
08-19-2022 @ 13:23:55 - Row :337 - Parsing failed. Reason: User with same Email already exists. Email: sandeep.garg@kcc.com
08-19-2022 @ 13:23:55 - Row :338 - Parsing item.
08-19-2022 @ 13:23:55 - Row :338 - Parsing failed. Reason: User with same Email already exists. Email: hr.kaysonsindia@ksipl.net
08-19-2022 @ 13:23:55 - Row :339 - Parsing item.
08-19-2022 @ 13:23:55 - Row :339 - Parsing failed. Reason: User with same Email already exists. Email: kalyanaraman.k@tataconsumer.com
08-19-2022 @ 13:23:55 - Row :340 - Parsing item.
08-19-2022 @ 13:23:55 - Row :340 - Parsing failed. Reason: User with same Email already exists. Email: xiangruiindustry198@yahoo.com
08-19-2022 @ 13:23:55 - Row :341 - Parsing item.
08-19-2022 @ 13:23:55 - Row :341 - Parsing failed. Reason: User with same Email already exists. Email: pratik@swisspac.net
08-19-2022 @ 13:23:55 - Row :342 - Parsing item.
08-19-2022 @ 13:23:55 - Row :342 - Parsing failed. Reason: User with same Email already exists. Email: bkumar@phoenixcontact.co.in
08-19-2022 @ 13:23:55 - Row :343 - Parsing item.
08-19-2022 @ 13:23:55 - Row :343 - Parsing failed. Reason: User with same Email already exists. Email: ncdr.alankrat@gmail.com
08-19-2022 @ 13:23:55 - Row :344 - Parsing item.
08-19-2022 @ 13:23:55 - Row :344 - Parsing failed. Reason: User with same Email already exists. Email: 888guptasneha@gmail.com
08-19-2022 @ 13:23:55 - Row :345 - Parsing item.
08-19-2022 @ 13:23:55 - Row :345 - Parsing failed. Reason: User with same Email already exists. Email: CPO@AMRITFOOD.COM
08-19-2022 @ 13:23:55 - Row :346 - Parsing item.
08-19-2022 @ 13:23:55 - Row :346 - Parsing failed. Reason: User with same Email already exists. Email: accounts@aakashpackaging.com
08-19-2022 @ 13:23:55 - Row :347 - Parsing item.
08-19-2022 @ 13:23:55 - Row :347 - Parsing failed. Reason: User with same Email already exists. Email: sukumar@srivarsha.com
08-19-2022 @ 13:23:55 - Row :348 - Parsing item.
08-19-2022 @ 13:23:55 - Row :348 - Parsing failed. Reason: User with same Email already exists. Email: hrfactory@paramountsurgimedltd.com
08-19-2022 @ 13:23:55 - Row :349 - Parsing item.
08-19-2022 @ 13:23:55 - Row :349 - Parsing failed. Reason: User with same Email already exists. Email: amiljain.indore@ramagroup.co.in
08-19-2022 @ 13:23:55 - Row :350 - Parsing item.
08-19-2022 @ 13:23:55 - Row :350 - Parsing failed. Reason: User with same Email already exists. Email: ho@naser-group.com
08-19-2022 @ 13:23:55 - Row :351 - Parsing item.
08-19-2022 @ 13:23:55 - Row :351 - Parsing failed. Reason: User with same Email already exists. Email: skjha64@rediffmail.com
08-19-2022 @ 13:23:55 - Row :352 - Parsing item.
08-19-2022 @ 13:23:55 - Row :352 - Parsing failed. Reason: User with same Email already exists. Email: himanshu.srivastava@parasdairy.com
08-19-2022 @ 13:23:55 - Row :353 - Parsing item.
08-19-2022 @ 13:23:55 - Row :353 - Parsing failed. Reason: User with same Email already exists. Email: rohit_patel87@hotmail.com
08-19-2022 @ 13:23:55 - Row :354 - Parsing item.
08-19-2022 @ 13:23:55 - Row :354 - Parsing failed. Reason: User with same Email already exists. Email: akash@neopack.in
08-19-2022 @ 13:23:55 - Row :355 - Parsing item.
08-19-2022 @ 13:23:55 - Row :355 - Parsing failed. Reason: User with same Email already exists. Email: gmp@skypackindia.com
08-19-2022 @ 13:23:55 - Row :356 - Parsing item.
08-19-2022 @ 13:23:55 - Row :356 - Parsing failed. Reason: User with same Email already exists. Email: slpandya@kribhco.net
08-19-2022 @ 13:23:55 - Row :357 - Parsing item.
08-19-2022 @ 13:23:55 - Row :357 - Parsing failed. Reason: User with same Email already exists. Email: ed@oyes.co.in
08-19-2022 @ 13:23:55 - Row :358 - Parsing item.
08-19-2022 @ 13:23:55 - Row :358 - Parsing failed. Reason: User with same Email already exists. Email: anil.sharma@parasdairy.com
08-19-2022 @ 13:23:55 - Row :359 - Parsing item.
08-19-2022 @ 13:23:55 - Row :359 - Parsing failed. Reason: User with same Email already exists. Email: rituraj.sharma@kohinoorfoods.in
08-19-2022 @ 13:23:55 - Row :360 - Parsing item.
08-19-2022 @ 13:23:55 - Row :360 - Parsing failed. Reason: User with same Email already exists. Email: Rohit@beautygarage.in
08-19-2022 @ 13:23:55 - Row :361 - Parsing item.
08-19-2022 @ 13:23:55 - Row :361 - Parsing failed. Reason: User with same Email already exists. Email: jainv44@yahoo.com
08-19-2022 @ 13:23:55 - Row :362 - Parsing item.
08-19-2022 @ 13:23:55 - Row :362 - Parsing failed. Reason: User with same Email already exists. Email: do.jnpt@sureways.in
08-19-2022 @ 13:23:55 - Row :363 - Parsing item.
08-19-2022 @ 13:23:55 - Row :363 - Parsing failed. Reason: User with same Email already exists. Email: SurajitM@exide.co.in
08-19-2022 @ 13:23:55 - Row :364 - Parsing item.
08-19-2022 @ 13:23:55 - Row :364 - Parsing failed. Reason: User with same Email already exists. Email: a.sameer63@gmail.com
08-19-2022 @ 13:23:55 - Row :365 - Parsing item.
08-19-2022 @ 13:23:55 - Row :365 - Parsing failed. Reason: User with same Email already exists. Email: packagingindustries8@gmail.com
08-19-2022 @ 13:23:55 - Row :366 - Parsing item.
08-19-2022 @ 13:23:55 - Row :366 - Parsing failed. Reason: User with same Email already exists. Email: vishesh1206@gmail.com
08-19-2022 @ 13:23:55 - Row :367 - Parsing item.
08-19-2022 @ 13:23:55 - Row :367 - Parsing failed. Reason: User with same Email already exists. Email: satishkjain02@gmail.com
08-19-2022 @ 13:23:55 - Row :368 - Parsing item.
08-19-2022 @ 13:23:55 - Row :368 - Parsing failed. Reason: User with same Email already exists. Email: dipakvalmiki1980@gmail.com
08-19-2022 @ 13:23:55 - Row :369 - Parsing item.
08-19-2022 @ 13:23:55 - Row :369 - Parsing failed. Reason: User with same Email already exists. Email: info@soothehealthcare.com
08-19-2022 @ 13:23:55 - Row :370 - Parsing item.
08-19-2022 @ 13:23:55 - Row :370 - Parsing failed. Reason: User with same Email already exists. Email: prakash@ikonmultipack.com
08-19-2022 @ 13:23:55 - Row :371 - Parsing item.
08-19-2022 @ 13:23:55 - Row :371 - Parsing failed. Reason: User with same Email already exists. Email: bpipl@yahoo.com
08-19-2022 @ 13:23:55 - Row :372 - Parsing item.
08-19-2022 @ 13:23:55 - Row :372 - Parsing failed. Reason: User with same Email already exists. Email: shivamtradingco3@gmail.com
08-19-2022 @ 13:23:55 - Row :373 - Parsing item.
08-19-2022 @ 13:23:55 - Row :373 - Parsing failed. Reason: User with same Email already exists. Email: amit.kumar@pigeon.com
08-19-2022 @ 13:23:55 - Row :374 - Parsing item.
08-19-2022 @ 13:23:55 - Row :374 - Parsing failed. Reason: User with same Email already exists. Email: epr.asian@gmail.com
08-19-2022 @ 13:23:55 - Row :375 - Parsing item.
08-19-2022 @ 13:23:55 - Row :375 - Parsing failed. Reason: User with same Email already exists. Email: swastikpkg@gmail.com
08-19-2022 @ 13:23:55 - Row :376 - Parsing item.
08-19-2022 @ 13:23:55 - Row :376 - Parsing failed. Reason: User with same Email already exists. Email: kmfengg@gmail.com
08-19-2022 @ 13:23:55 - Row :377 - Parsing item.
08-19-2022 @ 13:23:55 - Row :377 - Parsing failed. Reason: User with same Email already exists. Email: siddhesh.desai@glenmarkpharma.com
08-19-2022 @ 13:23:55 - Row :378 - Parsing item.
08-19-2022 @ 13:23:55 - Row :378 - Parsing failed. Reason: User with same Email already exists. Email: jeeturvu@gmail.com
08-19-2022 @ 13:23:55 - Row :379 - Parsing item.
08-19-2022 @ 13:23:55 - Row :379 - Parsing failed. Reason: User with same Email already exists. Email: nidixa7724@iconzap.com
08-19-2022 @ 13:23:55 - Row :380 - Parsing item.
08-19-2022 @ 13:23:55 - Row :380 - Parsing failed. Reason: User with same Email already exists. Email: anand@pentaflexfilms.com
08-19-2022 @ 13:23:55 - Row :381 - Parsing item.
08-19-2022 @ 13:23:55 - Row :381 - Parsing failed. Reason: User with same Email already exists. Email: aarkayenterprises81@gmail.com
08-19-2022 @ 13:23:55 - Row :382 - Parsing item.
08-19-2022 @ 13:23:55 - Row :382 - Parsing failed. Reason: User with same Email already exists. Email: merakhan50086@gmail.com
08-19-2022 @ 13:23:55 - Row :383 - Parsing item.
08-19-2022 @ 13:23:55 - Row :383 - Parsing failed. Reason: User with same Email already exists. Email: naeem08malik@gmail.com
08-19-2022 @ 13:23:55 - Row :384 - Parsing item.
08-19-2022 @ 13:23:55 - Row :384 - Parsing failed. Reason: User with same Email already exists. Email: rajeev_handa@yahoo.com
08-19-2022 @ 13:23:55 - Row :385 - Parsing item.
08-19-2022 @ 13:23:55 - Row :385 - Parsing failed. Reason: User with same Email already exists. Email: ankit.bansal@abnindia.com
08-19-2022 @ 13:23:55 - Row :386 - Parsing item.
08-19-2022 @ 13:23:55 - Row :386 - Parsing failed. Reason: User with same Email already exists. Email: prithvipolymer@gmail.com
08-19-2022 @ 13:23:55 - Row :387 - Parsing item.
08-19-2022 @ 13:23:55 - Row :387 - Parsing failed. Reason: User with same Email already exists. Email: mehul.gupta@ril.com
08-19-2022 @ 13:23:55 - Row :388 - Parsing item.
08-19-2022 @ 13:23:55 - Row :388 - Parsing failed. Reason: User with same Email already exists. Email: brijeshrai296@yahoo.com
08-19-2022 @ 13:23:55 - Row :389 - Parsing item.
08-19-2022 @ 13:23:55 - Row :389 - Parsing failed. Reason: User with same Email already exists. Email: sreshth@2hotmail.com
08-19-2022 @ 13:23:55 - Row :390 - Parsing item.
08-19-2022 @ 13:23:55 - Row :390 - Parsing failed. Reason: User with same Email already exists. Email: Sreshth@sulochnainternational.com
08-19-2022 @ 13:23:55 - Row :391 - Parsing item.
08-19-2022 @ 13:23:55 - Row :391 - Parsing failed. Reason: User with same Email already exists. Email: christy.prakash@hpe.com
08-19-2022 @ 13:23:55 - Row :392 - Parsing item.
08-19-2022 @ 13:23:55 - Row :392 - Parsing failed. Reason: User with same Email already exists. Email: shujah.1711@gmail.com
08-19-2022 @ 13:23:55 - Row :393 - Parsing item.
08-19-2022 @ 13:23:55 - Row :393 - Parsing failed. Reason: User with same Email already exists. Email: eximmgrho@pafootwear.in
08-19-2022 @ 13:23:55 - Row :394 - Parsing item.
08-19-2022 @ 13:23:55 - Row :394 - Parsing failed. Reason: User with same Email already exists. Email: enquirygppl6@gmail.com
08-19-2022 @ 13:23:55 - Row :395 - Parsing item.
08-19-2022 @ 13:23:55 - Row :395 - Parsing failed. Reason: User with same Email already exists. Email: marcsikkim@gmail.com
08-19-2022 @ 13:23:55 - Row :396 - Parsing item.
08-19-2022 @ 13:23:55 - Row :396 - Parsing failed. Reason: User with same Email already exists. Email: neha.salia@nykaa.com
08-19-2022 @ 13:23:55 - Row :397 - Parsing item.
08-19-2022 @ 13:23:55 - Row :397 - Parsing failed. Reason: User with same Email already exists. Email: bbbali1234@gmail.com
08-19-2022 @ 13:23:55 - Row :398 - Parsing item.
08-19-2022 @ 13:23:55 - Row :398 - Parsing failed. Reason: User with same Email already exists. Email: rutumoffice@gmail.com
08-19-2022 @ 13:23:55 - Row :399 - Parsing item.
08-19-2022 @ 13:23:55 - Row :399 - Parsing failed. Reason: User with same Email already exists. Email: iskon2009@hotmail.com
08-19-2022 @ 13:23:55 - Row :400 - Parsing item.
08-19-2022 @ 13:23:55 - Row :400 - Processing item.
08-19-2022 @ 13:23:55 - Processing users.
08-19-2022 @ 13:23:58 - > &#8220;1613&#8221;User imported successfully. ID:1613
08-19-2022 @ 13:23:58 - > Finished importing user 1613
08-19-2022 @ 13:23:58 - Row :400 - User imported successfully.
08-19-2022 @ 13:23:58 - ---[ Import ended at 2022-08-19 13:23:58]---
