08-19-2022 @ 13:25:25 - ---[ New import started at 2022-08-19 13:25:25 ] PHP Memory: 256 MB, WP Memory: 40 MB
08-19-2022 @ 13:25:25 - Preparing for import.
08-19-2022 @ 13:25:25 - Row :1 - Parsing item.
08-19-2022 @ 13:25:25 - Row :1 - Processing item.
08-19-2022 @ 13:25:25 - Processing users.
08-19-2022 @ 13:25:28 - > &#8220;1614&#8221;User imported successfully. ID:1614
08-19-2022 @ 13:25:28 - > Finished importing user 1614
08-19-2022 @ 13:25:28 - Row :1 - User imported successfully.
08-19-2022 @ 13:25:28 - Row :2 - Parsing item.
08-19-2022 @ 13:25:28 - Row :2 - Processing item.
08-19-2022 @ 13:25:28 - Processing users.
08-19-2022 @ 13:25:30 - > &#8220;1615&#8221;User imported successfully. ID:1615
08-19-2022 @ 13:25:30 - > Finished importing user 1615
08-19-2022 @ 13:25:30 - Row :2 - User imported successfully.
08-19-2022 @ 13:25:30 - Row :3 - Parsing item.
08-19-2022 @ 13:25:30 - Row :3 - Processing item.
08-19-2022 @ 13:25:30 - Processing users.
08-19-2022 @ 13:25:33 - > &#8220;1616&#8221;User imported successfully. ID:1616
08-19-2022 @ 13:25:33 - > Finished importing user 1616
08-19-2022 @ 13:25:33 - Row :3 - User imported successfully.
08-19-2022 @ 13:25:33 - Row :4 - Parsing item.
08-19-2022 @ 13:25:33 - Row :4 - Processing item.
08-19-2022 @ 13:25:33 - Processing users.
08-19-2022 @ 13:25:36 - > &#8220;1617&#8221;User imported successfully. ID:1617
08-19-2022 @ 13:25:36 - > Finished importing user 1617
08-19-2022 @ 13:25:36 - Row :4 - User imported successfully.
08-19-2022 @ 13:25:36 - Row :5 - Parsing item.
08-19-2022 @ 13:25:36 - Row :5 - Processing item.
08-19-2022 @ 13:25:36 - Processing users.
08-19-2022 @ 13:25:38 - > &#8220;1618&#8221;User imported successfully. ID:1618
08-19-2022 @ 13:25:38 - > Finished importing user 1618
08-19-2022 @ 13:25:38 - Row :5 - User imported successfully.
08-19-2022 @ 13:25:38 - Row :6 - Parsing item.
08-19-2022 @ 13:25:38 - Row :6 - Processing item.
08-19-2022 @ 13:25:38 - Processing users.
08-19-2022 @ 13:25:41 - > &#8220;1619&#8221;User imported successfully. ID:1619
08-19-2022 @ 13:25:41 - > Finished importing user 1619
08-19-2022 @ 13:25:41 - Row :6 - User imported successfully.
08-19-2022 @ 13:25:41 - Row :7 - Parsing item.
08-19-2022 @ 13:25:41 - Row :7 - Processing item.
08-19-2022 @ 13:25:41 - Processing users.
08-19-2022 @ 13:25:44 - > &#8220;1620&#8221;User imported successfully. ID:1620
08-19-2022 @ 13:25:44 - > Finished importing user 1620
08-19-2022 @ 13:25:44 - Row :7 - User imported successfully.
08-19-2022 @ 13:25:44 - Row :8 - Parsing item.
08-19-2022 @ 13:25:44 - Row :8 - Processing item.
08-19-2022 @ 13:25:44 - Processing users.
08-19-2022 @ 13:25:46 - > &#8220;1621&#8221;User imported successfully. ID:1621
08-19-2022 @ 13:25:46 - > Finished importing user 1621
08-19-2022 @ 13:25:46 - Row :8 - User imported successfully.
08-19-2022 @ 13:25:46 - Row :9 - Parsing item.
08-19-2022 @ 13:25:46 - Row :9 - Processing item.
08-19-2022 @ 13:25:46 - Processing users.
08-19-2022 @ 13:25:49 - > &#8220;1622&#8221;User imported successfully. ID:1622
08-19-2022 @ 13:25:49 - > Finished importing user 1622
08-19-2022 @ 13:25:49 - Row :9 - User imported successfully.
08-19-2022 @ 13:25:49 - Row :10 - Parsing item.
08-19-2022 @ 13:25:49 - Row :10 - Processing item.
08-19-2022 @ 13:25:49 - Processing users.
08-19-2022 @ 13:25:52 - > &#8220;1623&#8221;User imported successfully. ID:1623
08-19-2022 @ 13:25:52 - > Finished importing user 1623
08-19-2022 @ 13:25:52 - Row :10 - User imported successfully.
08-19-2022 @ 13:25:52 - Row :11 - Parsing item.
08-19-2022 @ 13:25:52 - Row :11 - Processing item.
08-19-2022 @ 13:25:52 - Processing users.
08-19-2022 @ 13:25:55 - > &#8220;1624&#8221;User imported successfully. ID:1624
08-19-2022 @ 13:25:55 - > Finished importing user 1624
08-19-2022 @ 13:25:55 - Row :11 - User imported successfully.
08-19-2022 @ 13:25:55 - Row :12 - Parsing item.
08-19-2022 @ 13:25:55 - Row :12 - Processing item.
08-19-2022 @ 13:25:55 - Processing users.
08-19-2022 @ 13:25:58 - > &#8220;1625&#8221;User imported successfully. ID:1625
08-19-2022 @ 13:25:58 - > Finished importing user 1625
08-19-2022 @ 13:25:58 - Row :12 - User imported successfully.
08-19-2022 @ 13:25:58 - Row :13 - Parsing item.
08-19-2022 @ 13:25:58 - Row :13 - Processing item.
08-19-2022 @ 13:25:58 - Processing users.
08-19-2022 @ 13:26:01 - > &#8220;1626&#8221;User imported successfully. ID:1626
08-19-2022 @ 13:26:01 - > Finished importing user 1626
08-19-2022 @ 13:26:01 - Row :13 - User imported successfully.
08-19-2022 @ 13:26:01 - Row :14 - Parsing item.
08-19-2022 @ 13:26:01 - Row :14 - Processing item.
08-19-2022 @ 13:26:01 - Processing users.
08-19-2022 @ 13:26:04 - > &#8220;1627&#8221;User imported successfully. ID:1627
08-19-2022 @ 13:26:04 - > Finished importing user 1627
08-19-2022 @ 13:26:04 - Row :14 - User imported successfully.
08-19-2022 @ 13:26:04 - Row :15 - Parsing item.
08-19-2022 @ 13:26:04 - Row :15 - Processing item.
08-19-2022 @ 13:26:04 - Processing users.
08-19-2022 @ 13:26:07 - > &#8220;1628&#8221;User imported successfully. ID:1628
08-19-2022 @ 13:26:07 - > Finished importing user 1628
08-19-2022 @ 13:26:07 - Row :15 - User imported successfully.
08-19-2022 @ 13:26:07 - Row :16 - Parsing item.
08-19-2022 @ 13:26:07 - Row :16 - Processing item.
08-19-2022 @ 13:26:07 - Processing users.
08-19-2022 @ 13:26:10 - > &#8220;1629&#8221;User imported successfully. ID:1629
08-19-2022 @ 13:26:10 - > Finished importing user 1629
08-19-2022 @ 13:26:10 - Row :16 - User imported successfully.
08-19-2022 @ 13:26:10 - Row :17 - Parsing item.
08-19-2022 @ 13:26:10 - Row :17 - Processing item.
08-19-2022 @ 13:26:10 - Processing users.
08-19-2022 @ 13:26:13 - > &#8220;1630&#8221;User imported successfully. ID:1630
08-19-2022 @ 13:26:13 - > Finished importing user 1630
08-19-2022 @ 13:26:13 - Row :17 - User imported successfully.
08-19-2022 @ 13:26:13 - Row :18 - Parsing item.
08-19-2022 @ 13:26:13 - Row :18 - Processing item.
08-19-2022 @ 13:26:13 - Processing users.
08-19-2022 @ 13:26:15 - > &#8220;1631&#8221;User imported successfully. ID:1631
08-19-2022 @ 13:26:15 - > Finished importing user 1631
08-19-2022 @ 13:26:15 - Row :18 - User imported successfully.
08-19-2022 @ 13:26:15 - Row :19 - Parsing item.
08-19-2022 @ 13:26:15 - Row :19 - Processing item.
08-19-2022 @ 13:26:15 - Processing users.
08-19-2022 @ 13:26:18 - > &#8220;1632&#8221;User imported successfully. ID:1632
08-19-2022 @ 13:26:18 - > Finished importing user 1632
08-19-2022 @ 13:26:18 - Row :19 - User imported successfully.
08-19-2022 @ 13:26:18 - Row :20 - Parsing item.
08-19-2022 @ 13:26:18 - Row :20 - Processing item.
08-19-2022 @ 13:26:18 - Processing users.
08-19-2022 @ 13:26:21 - > &#8220;1633&#8221;User imported successfully. ID:1633
08-19-2022 @ 13:26:21 - > Finished importing user 1633
08-19-2022 @ 13:26:21 - Row :20 - User imported successfully.
08-19-2022 @ 13:26:21 - Row :21 - Parsing item.
08-19-2022 @ 13:26:21 - Row :21 - Processing item.
08-19-2022 @ 13:26:21 - Processing users.
08-19-2022 @ 13:26:24 - > &#8220;1634&#8221;User imported successfully. ID:1634
08-19-2022 @ 13:26:24 - > Finished importing user 1634
08-19-2022 @ 13:26:24 - Row :21 - User imported successfully.
08-19-2022 @ 13:26:24 - Row :22 - Parsing item.
08-19-2022 @ 13:26:24 - Row :22 - Processing item.
08-19-2022 @ 13:26:24 - Processing users.
08-19-2022 @ 13:26:26 - > &#8220;1635&#8221;User imported successfully. ID:1635
08-19-2022 @ 13:26:26 - > Finished importing user 1635
08-19-2022 @ 13:26:26 - Row :22 - User imported successfully.
08-19-2022 @ 13:26:26 - Row :23 - Parsing item.
08-19-2022 @ 13:26:26 - Row :23 - Processing item.
08-19-2022 @ 13:26:26 - Processing users.
08-19-2022 @ 13:26:30 - > &#8220;1636&#8221;User imported successfully. ID:1636
08-19-2022 @ 13:26:30 - > Finished importing user 1636
08-19-2022 @ 13:26:30 - Row :23 - User imported successfully.
08-19-2022 @ 13:26:30 - Row :24 - Parsing item.
08-19-2022 @ 13:26:30 - Row :24 - Processing item.
08-19-2022 @ 13:26:30 - Processing users.
08-19-2022 @ 13:26:33 - > &#8220;1637&#8221;User imported successfully. ID:1637
08-19-2022 @ 13:26:33 - > Finished importing user 1637
08-19-2022 @ 13:26:33 - Row :24 - User imported successfully.
08-19-2022 @ 13:26:33 - Row :25 - Parsing item.
08-19-2022 @ 13:26:33 - Row :25 - Processing item.
08-19-2022 @ 13:26:33 - Processing users.
08-19-2022 @ 13:26:36 - > &#8220;1638&#8221;User imported successfully. ID:1638
08-19-2022 @ 13:26:36 - > Finished importing user 1638
08-19-2022 @ 13:26:36 - Row :25 - User imported successfully.
08-19-2022 @ 13:26:36 - Row :26 - Parsing item.
08-19-2022 @ 13:26:36 - Row :26 - Processing item.
08-19-2022 @ 13:26:36 - Processing users.
08-19-2022 @ 13:26:39 - > &#8220;1639&#8221;User imported successfully. ID:1639
08-19-2022 @ 13:26:39 - > Finished importing user 1639
08-19-2022 @ 13:26:39 - Row :26 - User imported successfully.
08-19-2022 @ 13:26:39 - Row :27 - Parsing item.
08-19-2022 @ 13:26:39 - Row :27 - Processing item.
08-19-2022 @ 13:26:39 - Processing users.
08-19-2022 @ 13:26:41 - > &#8220;1640&#8221;User imported successfully. ID:1640
08-19-2022 @ 13:26:41 - > Finished importing user 1640
08-19-2022 @ 13:26:41 - Row :27 - User imported successfully.
08-19-2022 @ 13:26:41 - Row :28 - Parsing item.
08-19-2022 @ 13:26:41 - Row :28 - Processing item.
08-19-2022 @ 13:26:41 - Processing users.
08-19-2022 @ 13:26:45 - > &#8220;1641&#8221;User imported successfully. ID:1641
08-19-2022 @ 13:26:45 - > Finished importing user 1641
08-19-2022 @ 13:26:45 - Row :28 - User imported successfully.
08-19-2022 @ 13:26:45 - Row :29 - Parsing item.
08-19-2022 @ 13:26:45 - Row :29 - Processing item.
08-19-2022 @ 13:26:45 - Processing users.
08-19-2022 @ 13:26:48 - > &#8220;1642&#8221;User imported successfully. ID:1642
08-19-2022 @ 13:26:48 - > Finished importing user 1642
08-19-2022 @ 13:26:48 - Row :29 - User imported successfully.
08-19-2022 @ 13:26:48 - Row :30 - Parsing item.
08-19-2022 @ 13:26:48 - Row :30 - Processing item.
08-19-2022 @ 13:26:48 - Processing users.
08-19-2022 @ 13:26:50 - > &#8220;1643&#8221;User imported successfully. ID:1643
08-19-2022 @ 13:26:50 - > Finished importing user 1643
08-19-2022 @ 13:26:50 - Row :30 - User imported successfully.
08-19-2022 @ 13:26:50 - Row :31 - Parsing item.
08-19-2022 @ 13:26:50 - Row :31 - Processing item.
08-19-2022 @ 13:26:50 - Processing users.
08-19-2022 @ 13:26:53 - > &#8220;1644&#8221;User imported successfully. ID:1644
08-19-2022 @ 13:26:53 - > Finished importing user 1644
08-19-2022 @ 13:26:53 - Row :31 - User imported successfully.
08-19-2022 @ 13:26:53 - Row :32 - Parsing item.
08-19-2022 @ 13:26:53 - Row :32 - Processing item.
08-19-2022 @ 13:26:53 - Processing users.
08-19-2022 @ 13:26:56 - > &#8220;1645&#8221;User imported successfully. ID:1645
08-19-2022 @ 13:26:56 - > Finished importing user 1645
08-19-2022 @ 13:26:56 - Row :32 - User imported successfully.
08-19-2022 @ 13:26:56 - Row :33 - Parsing item.
08-19-2022 @ 13:26:56 - Row :33 - Processing item.
08-19-2022 @ 13:26:56 - Processing users.
08-19-2022 @ 13:27:00 - > &#8220;1646&#8221;User imported successfully. ID:1646
08-19-2022 @ 13:27:00 - > Finished importing user 1646
08-19-2022 @ 13:27:00 - Row :33 - User imported successfully.
08-19-2022 @ 13:27:00 - Row :34 - Parsing item.
08-19-2022 @ 13:27:00 - Row :34 - Processing item.
08-19-2022 @ 13:27:00 - Processing users.
08-19-2022 @ 13:27:03 - > &#8220;1647&#8221;User imported successfully. ID:1647
08-19-2022 @ 13:27:03 - > Finished importing user 1647
08-19-2022 @ 13:27:03 - Row :34 - User imported successfully.
08-19-2022 @ 13:27:03 - Row :35 - Parsing item.
08-19-2022 @ 13:27:03 - Row :35 - Processing item.
08-19-2022 @ 13:27:03 - Processing users.
08-19-2022 @ 13:27:06 - > &#8220;1648&#8221;User imported successfully. ID:1648
08-19-2022 @ 13:27:06 - > Finished importing user 1648
08-19-2022 @ 13:27:06 - Row :35 - User imported successfully.
08-19-2022 @ 13:27:06 - Row :36 - Parsing item.
08-19-2022 @ 13:27:06 - Row :36 - Processing item.
08-19-2022 @ 13:27:06 - Processing users.
08-19-2022 @ 13:27:08 - > &#8220;1649&#8221;User imported successfully. ID:1649
08-19-2022 @ 13:27:08 - > Finished importing user 1649
08-19-2022 @ 13:27:08 - Row :36 - User imported successfully.
08-19-2022 @ 13:27:08 - Row :37 - Parsing item.
08-19-2022 @ 13:27:08 - Row :37 - Processing item.
08-19-2022 @ 13:27:08 - Processing users.
08-19-2022 @ 13:27:11 - > &#8220;1650&#8221;User imported successfully. ID:1650
08-19-2022 @ 13:27:11 - > Finished importing user 1650
08-19-2022 @ 13:27:11 - Row :37 - User imported successfully.
08-19-2022 @ 13:27:11 - Row :38 - Parsing item.
08-19-2022 @ 13:27:11 - Row :38 - Processing item.
08-19-2022 @ 13:27:11 - Processing users.
08-19-2022 @ 13:27:14 - > &#8220;1651&#8221;User imported successfully. ID:1651
08-19-2022 @ 13:27:14 - > Finished importing user 1651
08-19-2022 @ 13:27:14 - Row :38 - User imported successfully.
08-19-2022 @ 13:27:14 - Row :39 - Parsing item.
08-19-2022 @ 13:27:14 - Row :39 - Processing item.
08-19-2022 @ 13:27:14 - Processing users.
08-19-2022 @ 13:27:17 - > &#8220;1652&#8221;User imported successfully. ID:1652
08-19-2022 @ 13:27:17 - > Finished importing user 1652
08-19-2022 @ 13:27:17 - Row :39 - User imported successfully.
08-19-2022 @ 13:27:17 - Row :40 - Parsing item.
08-19-2022 @ 13:27:17 - Row :40 - Processing item.
08-19-2022 @ 13:27:17 - Processing users.
08-19-2022 @ 13:27:20 - > &#8220;1653&#8221;User imported successfully. ID:1653
08-19-2022 @ 13:27:20 - > Finished importing user 1653
08-19-2022 @ 13:27:20 - Row :40 - User imported successfully.
08-19-2022 @ 13:27:20 - Row :41 - Parsing item.
08-19-2022 @ 13:27:20 - Row :41 - Processing item.
08-19-2022 @ 13:27:20 - Processing users.
08-19-2022 @ 13:27:22 - > &#8220;1654&#8221;User imported successfully. ID:1654
08-19-2022 @ 13:27:22 - > Finished importing user 1654
08-19-2022 @ 13:27:22 - Row :41 - User imported successfully.
08-19-2022 @ 13:27:22 - Row :42 - Parsing item.
08-19-2022 @ 13:27:22 - Row :42 - Processing item.
08-19-2022 @ 13:27:22 - Processing users.
08-19-2022 @ 13:27:26 - > &#8220;1655&#8221;User imported successfully. ID:1655
08-19-2022 @ 13:27:26 - > Finished importing user 1655
08-19-2022 @ 13:27:26 - Row :42 - User imported successfully.
08-19-2022 @ 13:27:26 - Row :43 - Parsing item.
08-19-2022 @ 13:27:26 - Row :43 - Processing item.
08-19-2022 @ 13:27:26 - Processing users.
08-19-2022 @ 13:27:28 - > &#8220;1656&#8221;User imported successfully. ID:1656
08-19-2022 @ 13:27:28 - > Finished importing user 1656
08-19-2022 @ 13:27:28 - Row :43 - User imported successfully.
08-19-2022 @ 13:27:28 - Row :44 - Parsing item.
08-19-2022 @ 13:27:28 - Row :44 - Processing item.
08-19-2022 @ 13:27:28 - Processing users.
08-19-2022 @ 13:27:32 - > &#8220;1657&#8221;User imported successfully. ID:1657
08-19-2022 @ 13:27:32 - > Finished importing user 1657
08-19-2022 @ 13:27:32 - Row :44 - User imported successfully.
08-19-2022 @ 13:27:32 - Row :45 - Parsing item.
08-19-2022 @ 13:27:32 - Row :45 - Processing item.
08-19-2022 @ 13:27:32 - Processing users.
08-19-2022 @ 13:27:34 - > &#8220;1658&#8221;User imported successfully. ID:1658
08-19-2022 @ 13:27:34 - > Finished importing user 1658
08-19-2022 @ 13:27:34 - Row :45 - User imported successfully.
08-19-2022 @ 13:27:34 - Row :46 - Parsing item.
08-19-2022 @ 13:27:34 - Row :46 - Processing item.
08-19-2022 @ 13:27:34 - Processing users.
08-19-2022 @ 13:27:37 - > &#8220;1659&#8221;User imported successfully. ID:1659
08-19-2022 @ 13:27:37 - > Finished importing user 1659
08-19-2022 @ 13:27:37 - Row :46 - User imported successfully.
08-19-2022 @ 13:27:37 - Row :47 - Parsing item.
08-19-2022 @ 13:27:37 - Row :47 - Processing item.
08-19-2022 @ 13:27:37 - Processing users.
08-19-2022 @ 13:27:40 - > &#8220;1660&#8221;User imported successfully. ID:1660
08-19-2022 @ 13:27:40 - > Finished importing user 1660
08-19-2022 @ 13:27:40 - Row :47 - User imported successfully.
08-19-2022 @ 13:27:40 - Row :48 - Parsing item.
08-19-2022 @ 13:27:40 - Row :48 - Processing item.
08-19-2022 @ 13:27:40 - Processing users.
08-19-2022 @ 13:27:43 - > &#8220;1661&#8221;User imported successfully. ID:1661
08-19-2022 @ 13:27:43 - > Finished importing user 1661
08-19-2022 @ 13:27:43 - Row :48 - User imported successfully.
08-19-2022 @ 13:27:43 - Row :49 - Parsing item.
08-19-2022 @ 13:27:43 - Row :49 - Processing item.
08-19-2022 @ 13:27:43 - Processing users.
08-19-2022 @ 13:27:46 - > &#8220;1662&#8221;User imported successfully. ID:1662
08-19-2022 @ 13:27:46 - > Finished importing user 1662
08-19-2022 @ 13:27:46 - Row :49 - User imported successfully.
08-19-2022 @ 13:27:46 - Row :50 - Parsing item.
08-19-2022 @ 13:27:46 - Row :50 - Processing item.
08-19-2022 @ 13:27:46 - Processing users.
08-19-2022 @ 13:27:49 - > &#8220;1663&#8221;User imported successfully. ID:1663
08-19-2022 @ 13:27:49 - > Finished importing user 1663
08-19-2022 @ 13:27:49 - Row :50 - User imported successfully.
08-19-2022 @ 13:27:49 - Row :51 - Parsing item.
08-19-2022 @ 13:27:49 - Row :51 - Processing item.
08-19-2022 @ 13:27:49 - Processing users.
08-19-2022 @ 13:27:51 - > &#8220;1664&#8221;User imported successfully. ID:1664
08-19-2022 @ 13:27:51 - > Finished importing user 1664
08-19-2022 @ 13:27:51 - Row :51 - User imported successfully.
08-19-2022 @ 13:27:51 - Row :52 - Parsing item.
08-19-2022 @ 13:27:51 - Row :52 - Processing item.
08-19-2022 @ 13:27:51 - Processing users.
08-19-2022 @ 13:27:54 - > &#8220;1665&#8221;User imported successfully. ID:1665
08-19-2022 @ 13:27:54 - > Finished importing user 1665
08-19-2022 @ 13:27:54 - Row :52 - User imported successfully.
08-19-2022 @ 13:27:54 - Row :53 - Parsing item.
08-19-2022 @ 13:27:54 - Row :53 - Processing item.
08-19-2022 @ 13:27:54 - Processing users.
08-19-2022 @ 13:27:57 - > &#8220;1666&#8221;User imported successfully. ID:1666
08-19-2022 @ 13:27:57 - > Finished importing user 1666
08-19-2022 @ 13:27:57 - Row :53 - User imported successfully.
08-19-2022 @ 13:27:57 - Row :54 - Parsing item.
08-19-2022 @ 13:27:57 - Row :54 - Processing item.
08-19-2022 @ 13:27:57 - Processing users.
08-19-2022 @ 13:28:00 - > &#8220;1667&#8221;User imported successfully. ID:1667
08-19-2022 @ 13:28:00 - > Finished importing user 1667
08-19-2022 @ 13:28:00 - Row :54 - User imported successfully.
08-19-2022 @ 13:28:00 - Row :55 - Parsing item.
08-19-2022 @ 13:28:00 - Row :55 - Processing item.
08-19-2022 @ 13:28:00 - Processing users.
08-19-2022 @ 13:28:03 - > &#8220;1668&#8221;User imported successfully. ID:1668
08-19-2022 @ 13:28:03 - > Finished importing user 1668
08-19-2022 @ 13:28:03 - Row :55 - User imported successfully.
08-19-2022 @ 13:28:03 - Row :56 - Parsing item.
08-19-2022 @ 13:28:03 - Row :56 - Processing item.
08-19-2022 @ 13:28:03 - Processing users.
08-19-2022 @ 13:28:07 - > &#8220;1669&#8221;User imported successfully. ID:1669
08-19-2022 @ 13:28:07 - > Finished importing user 1669
08-19-2022 @ 13:28:07 - Row :56 - User imported successfully.
08-19-2022 @ 13:28:07 - Row :57 - Parsing item.
08-19-2022 @ 13:28:07 - Row :57 - Processing item.
08-19-2022 @ 13:28:07 - Processing users.
08-19-2022 @ 13:28:10 - > &#8220;1670&#8221;User imported successfully. ID:1670
08-19-2022 @ 13:28:10 - > Finished importing user 1670
08-19-2022 @ 13:28:10 - Row :57 - User imported successfully.
08-19-2022 @ 13:28:10 - Row :58 - Parsing item.
08-19-2022 @ 13:28:10 - Row :58 - Processing item.
08-19-2022 @ 13:28:10 - Processing users.
08-19-2022 @ 13:28:13 - > &#8220;1671&#8221;User imported successfully. ID:1671
08-19-2022 @ 13:28:13 - > Finished importing user 1671
08-19-2022 @ 13:28:13 - Row :58 - User imported successfully.
08-19-2022 @ 13:28:13 - Row :59 - Parsing item.
08-19-2022 @ 13:28:13 - Row :59 - Processing item.
08-19-2022 @ 13:28:13 - Processing users.
08-19-2022 @ 13:28:16 - > &#8220;1672&#8221;User imported successfully. ID:1672
08-19-2022 @ 13:28:16 - > Finished importing user 1672
08-19-2022 @ 13:28:16 - Row :59 - User imported successfully.
08-19-2022 @ 13:28:16 - Row :60 - Parsing item.
08-19-2022 @ 13:28:16 - Row :60 - Processing item.
08-19-2022 @ 13:28:16 - Processing users.
08-19-2022 @ 13:28:18 - > &#8220;1673&#8221;User imported successfully. ID:1673
08-19-2022 @ 13:28:18 - > Finished importing user 1673
08-19-2022 @ 13:28:18 - Row :60 - User imported successfully.
08-19-2022 @ 13:28:18 - Row :61 - Parsing item.
08-19-2022 @ 13:28:18 - Row :61 - Processing item.
08-19-2022 @ 13:28:18 - Processing users.
08-19-2022 @ 13:28:21 - > &#8220;1674&#8221;User imported successfully. ID:1674
08-19-2022 @ 13:28:21 - > Finished importing user 1674
08-19-2022 @ 13:28:21 - Row :61 - User imported successfully.
08-19-2022 @ 13:28:21 - Row :62 - Parsing item.
08-19-2022 @ 13:28:21 - Row :62 - Processing item.
08-19-2022 @ 13:28:21 - Processing users.
08-19-2022 @ 13:28:23 - > &#8220;1675&#8221;User imported successfully. ID:1675
08-19-2022 @ 13:28:23 - > Finished importing user 1675
08-19-2022 @ 13:28:23 - Row :62 - User imported successfully.
08-19-2022 @ 13:28:23 - Row :63 - Parsing item.
08-19-2022 @ 13:28:23 - Row :63 - Processing item.
08-19-2022 @ 13:28:23 - Processing users.
08-19-2022 @ 13:28:26 - > &#8220;1676&#8221;User imported successfully. ID:1676
08-19-2022 @ 13:28:26 - > Finished importing user 1676
08-19-2022 @ 13:28:26 - Row :63 - User imported successfully.
08-19-2022 @ 13:28:26 - Row :64 - Parsing item.
08-19-2022 @ 13:28:26 - Row :64 - Processing item.
08-19-2022 @ 13:28:26 - Processing users.
08-19-2022 @ 13:28:28 - > &#8220;1677&#8221;User imported successfully. ID:1677
08-19-2022 @ 13:28:28 - > Finished importing user 1677
08-19-2022 @ 13:28:28 - Row :64 - User imported successfully.
08-19-2022 @ 13:28:28 - Row :65 - Parsing item.
08-19-2022 @ 13:28:28 - Row :65 - Processing item.
08-19-2022 @ 13:28:28 - Processing users.
08-19-2022 @ 13:28:31 - > &#8220;1678&#8221;User imported successfully. ID:1678
08-19-2022 @ 13:28:31 - > Finished importing user 1678
08-19-2022 @ 13:28:31 - Row :65 - User imported successfully.
08-19-2022 @ 13:28:31 - Row :66 - Parsing item.
08-19-2022 @ 13:28:31 - Row :66 - Processing item.
08-19-2022 @ 13:28:31 - Processing users.
08-19-2022 @ 13:28:34 - > &#8220;1679&#8221;User imported successfully. ID:1679
08-19-2022 @ 13:28:34 - > Finished importing user 1679
08-19-2022 @ 13:28:34 - Row :66 - User imported successfully.
08-19-2022 @ 13:28:34 - Row :67 - Parsing item.
08-19-2022 @ 13:28:34 - Row :67 - Processing item.
08-19-2022 @ 13:28:34 - Processing users.
08-19-2022 @ 13:28:37 - > &#8220;1680&#8221;User imported successfully. ID:1680
08-19-2022 @ 13:28:37 - > Finished importing user 1680
08-19-2022 @ 13:28:37 - Row :67 - User imported successfully.
08-19-2022 @ 13:28:37 - Row :68 - Parsing item.
08-19-2022 @ 13:28:37 - Row :68 - Processing item.
08-19-2022 @ 13:28:37 - Processing users.
08-19-2022 @ 13:28:40 - > &#8220;1681&#8221;User imported successfully. ID:1681
08-19-2022 @ 13:28:40 - > Finished importing user 1681
08-19-2022 @ 13:28:40 - Row :68 - User imported successfully.
08-19-2022 @ 13:28:40 - Row :69 - Parsing item.
08-19-2022 @ 13:28:40 - Row :69 - Processing item.
08-19-2022 @ 13:28:40 - Processing users.
08-19-2022 @ 13:28:43 - > &#8220;1682&#8221;User imported successfully. ID:1682
08-19-2022 @ 13:28:43 - > Finished importing user 1682
08-19-2022 @ 13:28:43 - Row :69 - User imported successfully.
08-19-2022 @ 13:28:43 - Row :70 - Parsing item.
08-19-2022 @ 13:28:43 - Row :70 - Processing item.
08-19-2022 @ 13:28:43 - Processing users.
08-19-2022 @ 13:28:46 - > &#8220;1683&#8221;User imported successfully. ID:1683
08-19-2022 @ 13:28:46 - > Finished importing user 1683
08-19-2022 @ 13:28:46 - Row :70 - User imported successfully.
08-19-2022 @ 13:28:46 - Row :71 - Parsing item.
08-19-2022 @ 13:28:46 - Row :71 - Processing item.
08-19-2022 @ 13:28:46 - Processing users.
08-19-2022 @ 13:28:49 - > &#8220;1684&#8221;User imported successfully. ID:1684
08-19-2022 @ 13:28:49 - > Finished importing user 1684
08-19-2022 @ 13:28:49 - Row :71 - User imported successfully.
08-19-2022 @ 13:28:49 - Row :72 - Parsing item.
08-19-2022 @ 13:28:49 - Row :72 - Processing item.
08-19-2022 @ 13:28:49 - Processing users.
08-19-2022 @ 13:28:52 - > &#8220;1685&#8221;User imported successfully. ID:1685
08-19-2022 @ 13:28:52 - > Finished importing user 1685
08-19-2022 @ 13:28:52 - Row :72 - User imported successfully.
08-19-2022 @ 13:28:52 - Row :73 - Parsing item.
08-19-2022 @ 13:28:52 - Row :73 - Processing item.
08-19-2022 @ 13:28:52 - Processing users.
08-19-2022 @ 13:28:55 - > &#8220;1686&#8221;User imported successfully. ID:1686
08-19-2022 @ 13:28:55 - > Finished importing user 1686
08-19-2022 @ 13:28:55 - Row :73 - User imported successfully.
08-19-2022 @ 13:28:55 - Row :74 - Parsing item.
08-19-2022 @ 13:28:55 - Row :74 - Processing item.
08-19-2022 @ 13:28:55 - Processing users.
08-19-2022 @ 13:28:58 - > &#8220;1687&#8221;User imported successfully. ID:1687
08-19-2022 @ 13:28:58 - > Finished importing user 1687
08-19-2022 @ 13:28:58 - Row :74 - User imported successfully.
08-19-2022 @ 13:28:58 - Row :75 - Parsing item.
08-19-2022 @ 13:28:58 - Row :75 - Processing item.
08-19-2022 @ 13:28:58 - Processing users.
08-19-2022 @ 13:29:01 - > &#8220;1688&#8221;User imported successfully. ID:1688
08-19-2022 @ 13:29:01 - > Finished importing user 1688
08-19-2022 @ 13:29:01 - Row :75 - User imported successfully.
08-19-2022 @ 13:29:01 - Row :76 - Parsing item.
08-19-2022 @ 13:29:01 - Row :76 - Processing item.
08-19-2022 @ 13:29:01 - Processing users.
08-19-2022 @ 13:29:04 - > &#8220;1689&#8221;User imported successfully. ID:1689
08-19-2022 @ 13:29:04 - > Finished importing user 1689
08-19-2022 @ 13:29:04 - Row :76 - User imported successfully.
08-19-2022 @ 13:29:04 - Row :77 - Parsing item.
08-19-2022 @ 13:29:04 - Row :77 - Processing item.
08-19-2022 @ 13:29:04 - Processing users.
08-19-2022 @ 13:29:07 - > &#8220;1690&#8221;User imported successfully. ID:1690
08-19-2022 @ 13:29:07 - > Finished importing user 1690
08-19-2022 @ 13:29:07 - Row :77 - User imported successfully.
08-19-2022 @ 13:29:07 - Row :78 - Parsing item.
08-19-2022 @ 13:29:07 - Row :78 - Processing item.
08-19-2022 @ 13:29:07 - Processing users.
08-19-2022 @ 13:29:10 - > &#8220;1691&#8221;User imported successfully. ID:1691
08-19-2022 @ 13:29:10 - > Finished importing user 1691
08-19-2022 @ 13:29:10 - Row :78 - User imported successfully.
08-19-2022 @ 13:29:10 - Row :79 - Parsing item.
08-19-2022 @ 13:29:10 - Row :79 - Processing item.
08-19-2022 @ 13:29:10 - Processing users.
08-19-2022 @ 13:29:12 - > &#8220;1692&#8221;User imported successfully. ID:1692
08-19-2022 @ 13:29:12 - > Finished importing user 1692
08-19-2022 @ 13:29:12 - Row :79 - User imported successfully.
08-19-2022 @ 13:29:12 - Row :80 - Parsing item.
08-19-2022 @ 13:29:12 - Row :80 - Processing item.
08-19-2022 @ 13:29:12 - Processing users.
08-19-2022 @ 13:29:15 - > &#8220;1693&#8221;User imported successfully. ID:1693
08-19-2022 @ 13:29:15 - > Finished importing user 1693
08-19-2022 @ 13:29:15 - Row :80 - User imported successfully.
08-19-2022 @ 13:29:15 - Row :81 - Parsing item.
08-19-2022 @ 13:29:15 - Row :81 - Processing item.
08-19-2022 @ 13:29:15 - Processing users.
08-19-2022 @ 13:29:18 - > &#8220;1694&#8221;User imported successfully. ID:1694
08-19-2022 @ 13:29:18 - > Finished importing user 1694
08-19-2022 @ 13:29:18 - Row :81 - User imported successfully.
08-19-2022 @ 13:29:18 - Row :82 - Parsing item.
08-19-2022 @ 13:29:18 - Row :82 - Processing item.
08-19-2022 @ 13:29:18 - Processing users.
08-19-2022 @ 13:29:21 - > &#8220;1695&#8221;User imported successfully. ID:1695
08-19-2022 @ 13:29:21 - > Finished importing user 1695
08-19-2022 @ 13:29:21 - Row :82 - User imported successfully.
08-19-2022 @ 13:29:21 - Row :83 - Parsing item.
08-19-2022 @ 13:29:21 - Row :83 - Processing item.
08-19-2022 @ 13:29:21 - Processing users.
08-19-2022 @ 13:29:24 - > &#8220;1696&#8221;User imported successfully. ID:1696
08-19-2022 @ 13:29:24 - > Finished importing user 1696
08-19-2022 @ 13:29:24 - Row :83 - User imported successfully.
08-19-2022 @ 13:29:24 - Row :84 - Parsing item.
08-19-2022 @ 13:29:24 - Row :84 - Processing item.
08-19-2022 @ 13:29:24 - Processing users.
08-19-2022 @ 13:29:27 - > &#8220;1697&#8221;User imported successfully. ID:1697
08-19-2022 @ 13:29:27 - > Finished importing user 1697
08-19-2022 @ 13:29:27 - Row :84 - User imported successfully.
08-19-2022 @ 13:29:27 - Row :85 - Parsing item.
08-19-2022 @ 13:29:27 - Row :85 - Processing item.
08-19-2022 @ 13:29:27 - Processing users.
08-19-2022 @ 13:29:30 - > &#8220;1698&#8221;User imported successfully. ID:1698
08-19-2022 @ 13:29:30 - > Finished importing user 1698
08-19-2022 @ 13:29:30 - Row :85 - User imported successfully.
08-19-2022 @ 13:29:30 - Row :86 - Parsing item.
08-19-2022 @ 13:29:30 - Row :86 - Processing item.
08-19-2022 @ 13:29:30 - Processing users.
08-19-2022 @ 13:29:33 - > &#8220;1699&#8221;User imported successfully. ID:1699
08-19-2022 @ 13:29:33 - > Finished importing user 1699
08-19-2022 @ 13:29:33 - Row :86 - User imported successfully.
08-19-2022 @ 13:29:33 - Row :87 - Parsing item.
08-19-2022 @ 13:29:33 - Row :87 - Processing item.
08-19-2022 @ 13:29:33 - Processing users.
08-19-2022 @ 13:29:36 - > &#8220;1700&#8221;User imported successfully. ID:1700
08-19-2022 @ 13:29:36 - > Finished importing user 1700
08-19-2022 @ 13:29:36 - Row :87 - User imported successfully.
08-19-2022 @ 13:29:36 - Row :88 - Parsing item.
08-19-2022 @ 13:29:36 - Row :88 - Processing item.
08-19-2022 @ 13:29:36 - Processing users.
08-19-2022 @ 13:29:39 - > &#8220;1701&#8221;User imported successfully. ID:1701
08-19-2022 @ 13:29:39 - > Finished importing user 1701
08-19-2022 @ 13:29:39 - Row :88 - User imported successfully.
08-19-2022 @ 13:29:39 - Row :89 - Parsing item.
08-19-2022 @ 13:29:39 - Row :89 - Processing item.
08-19-2022 @ 13:29:39 - Processing users.
08-19-2022 @ 13:29:41 - > &#8220;1702&#8221;User imported successfully. ID:1702
08-19-2022 @ 13:29:41 - > Finished importing user 1702
08-19-2022 @ 13:29:41 - Row :89 - User imported successfully.
08-19-2022 @ 13:29:41 - Row :90 - Parsing item.
08-19-2022 @ 13:29:41 - Row :90 - Processing item.
08-19-2022 @ 13:29:41 - Processing users.
08-19-2022 @ 13:29:44 - > &#8220;1703&#8221;User imported successfully. ID:1703
08-19-2022 @ 13:29:44 - > Finished importing user 1703
08-19-2022 @ 13:29:44 - Row :90 - User imported successfully.
08-19-2022 @ 13:29:44 - Row :91 - Parsing item.
08-19-2022 @ 13:29:44 - Row :91 - Processing item.
08-19-2022 @ 13:29:44 - Processing users.
08-19-2022 @ 13:29:47 - > &#8220;1704&#8221;User imported successfully. ID:1704
08-19-2022 @ 13:29:47 - > Finished importing user 1704
08-19-2022 @ 13:29:47 - Row :91 - User imported successfully.
08-19-2022 @ 13:29:47 - Row :92 - Parsing item.
08-19-2022 @ 13:29:47 - Row :92 - Processing item.
08-19-2022 @ 13:29:47 - Processing users.
08-19-2022 @ 13:29:49 - > &#8220;1705&#8221;User imported successfully. ID:1705
08-19-2022 @ 13:29:49 - > Finished importing user 1705
08-19-2022 @ 13:29:49 - Row :92 - User imported successfully.
08-19-2022 @ 13:29:49 - Row :93 - Parsing item.
08-19-2022 @ 13:29:49 - Row :93 - Processing item.
08-19-2022 @ 13:29:49 - Processing users.
08-19-2022 @ 13:29:52 - > &#8220;1706&#8221;User imported successfully. ID:1706
08-19-2022 @ 13:29:52 - > Finished importing user 1706
08-19-2022 @ 13:29:52 - Row :93 - User imported successfully.
08-19-2022 @ 13:29:52 - Row :94 - Parsing item.
08-19-2022 @ 13:29:52 - Row :94 - Processing item.
08-19-2022 @ 13:29:52 - Processing users.
08-19-2022 @ 13:29:54 - > &#8220;1707&#8221;User imported successfully. ID:1707
08-19-2022 @ 13:29:54 - > Finished importing user 1707
08-19-2022 @ 13:29:54 - Row :94 - User imported successfully.
08-19-2022 @ 13:29:54 - Row :95 - Parsing item.
08-19-2022 @ 13:29:54 - Row :95 - Processing item.
08-19-2022 @ 13:29:54 - Processing users.
08-19-2022 @ 13:29:57 - > &#8220;1708&#8221;User imported successfully. ID:1708
08-19-2022 @ 13:29:57 - > Finished importing user 1708
08-19-2022 @ 13:29:57 - Row :95 - User imported successfully.
08-19-2022 @ 13:29:57 - Row :96 - Parsing item.
08-19-2022 @ 13:29:57 - Row :96 - Processing item.
08-19-2022 @ 13:29:57 - Processing users.
08-19-2022 @ 13:30:01 - > &#8220;1709&#8221;User imported successfully. ID:1709
08-19-2022 @ 13:30:01 - > Finished importing user 1709
08-19-2022 @ 13:30:01 - Row :96 - User imported successfully.
08-19-2022 @ 13:30:01 - Row :97 - Parsing item.
08-19-2022 @ 13:30:01 - Row :97 - Processing item.
08-19-2022 @ 13:30:01 - Processing users.
08-19-2022 @ 13:30:04 - > &#8220;1710&#8221;User imported successfully. ID:1710
08-19-2022 @ 13:30:04 - > Finished importing user 1710
08-19-2022 @ 13:30:04 - Row :97 - User imported successfully.
08-19-2022 @ 13:30:04 - Row :98 - Parsing item.
08-19-2022 @ 13:30:04 - Row :98 - Processing item.
08-19-2022 @ 13:30:04 - Processing users.
08-19-2022 @ 13:30:07 - > &#8220;1711&#8221;User imported successfully. ID:1711
08-19-2022 @ 13:30:07 - > Finished importing user 1711
08-19-2022 @ 13:30:07 - Row :98 - User imported successfully.
08-19-2022 @ 13:30:07 - Row :99 - Parsing item.
08-19-2022 @ 13:30:07 - Row :99 - Processing item.
08-19-2022 @ 13:30:07 - Processing users.
08-19-2022 @ 13:30:09 - > &#8220;1712&#8221;User imported successfully. ID:1712
08-19-2022 @ 13:30:09 - > Finished importing user 1712
08-19-2022 @ 13:30:09 - Row :99 - User imported successfully.
08-19-2022 @ 13:30:09 - Row :100 - Parsing item.
08-19-2022 @ 13:30:09 - Row :100 - Processing item.
08-19-2022 @ 13:30:09 - Processing users.
08-19-2022 @ 13:30:12 - > &#8220;1713&#8221;User imported successfully. ID:1713
08-19-2022 @ 13:30:12 - > Finished importing user 1713
08-19-2022 @ 13:30:12 - Row :100 - User imported successfully.
