08-17-2022 @ 06:29:15 - ---[ New import started at 2022-08-17 06:29:15 ] PHP Memory: 256 MB, WP Memory: 40 MB
08-17-2022 @ 06:29:15 - Preparing for import.
08-17-2022 @ 06:29:15 - Row :1 - Parsing item.
08-17-2022 @ 06:29:15 - Row :1 - Processing item.
08-17-2022 @ 06:29:15 - Processing users.
08-17-2022 @ 06:29:17 - > &#8220;7&#8221;User imported successfully. ID:7
08-17-2022 @ 06:29:17 - > Finished importing user 7
08-17-2022 @ 06:29:17 - Row :1 - User imported successfully.
08-17-2022 @ 06:29:17 - Row :2 - Parsing item.
08-17-2022 @ 06:29:17 - Row :2 - Processing item.
08-17-2022 @ 06:29:17 - Processing users.
08-17-2022 @ 06:29:19 - > &#8220;8&#8221;User imported successfully. ID:8
08-17-2022 @ 06:29:19 - > Finished importing user 8
08-17-2022 @ 06:29:19 - Row :2 - User imported successfully.
08-17-2022 @ 06:29:19 - Row :3 - Parsing item.
08-17-2022 @ 06:29:19 - Row :3 - Processing item.
08-17-2022 @ 06:29:19 - Processing users.
08-17-2022 @ 06:29:21 - > &#8220;9&#8221;User imported successfully. ID:9
08-17-2022 @ 06:29:21 - > Finished importing user 9
08-17-2022 @ 06:29:21 - Row :3 - User imported successfully.
08-17-2022 @ 06:29:21 - Row :4 - Parsing item.
08-17-2022 @ 06:29:21 - Row :4 - Processing item.
08-17-2022 @ 06:29:21 - Processing users.
08-17-2022 @ 06:29:24 - > &#8220;10&#8221;User imported successfully. ID:10
08-17-2022 @ 06:29:24 - > Finished importing user 10
08-17-2022 @ 06:29:24 - Row :4 - User imported successfully.
08-17-2022 @ 06:29:24 - Row :5 - Parsing item.
08-17-2022 @ 06:29:24 - Row :5 - Processing item.
08-17-2022 @ 06:29:24 - Processing users.
08-17-2022 @ 06:29:26 - > &#8220;11&#8221;User imported successfully. ID:11
08-17-2022 @ 06:29:26 - > Finished importing user 11
08-17-2022 @ 06:29:26 - Row :5 - User imported successfully.
08-17-2022 @ 06:29:26 - Row :6 - Parsing item.
08-17-2022 @ 06:29:26 - Row :6 - Processing item.
08-17-2022 @ 06:29:26 - Processing users.
08-17-2022 @ 06:29:28 - > &#8220;12&#8221;User imported successfully. ID:12
08-17-2022 @ 06:29:28 - > Finished importing user 12
08-17-2022 @ 06:29:28 - Row :6 - User imported successfully.
08-17-2022 @ 06:29:28 - Row :7 - Parsing item.
08-17-2022 @ 06:29:28 - Row :7 - Processing item.
08-17-2022 @ 06:29:28 - Processing users.
08-17-2022 @ 06:29:31 - > &#8220;13&#8221;User imported successfully. ID:13
08-17-2022 @ 06:29:31 - > Finished importing user 13
08-17-2022 @ 06:29:31 - Row :7 - User imported successfully.
08-17-2022 @ 06:29:31 - Row :8 - Parsing item.
08-17-2022 @ 06:29:31 - Row :8 - Processing item.
08-17-2022 @ 06:29:31 - Processing users.
08-17-2022 @ 06:29:33 - > &#8220;14&#8221;User imported successfully. ID:14
08-17-2022 @ 06:29:33 - > Finished importing user 14
08-17-2022 @ 06:29:33 - Row :8 - User imported successfully.
08-17-2022 @ 06:29:33 - Row :9 - Parsing item.
08-17-2022 @ 06:29:33 - Row :9 - Processing item.
08-17-2022 @ 06:29:33 - Processing users.
08-17-2022 @ 06:29:35 - > &#8220;15&#8221;User imported successfully. ID:15
08-17-2022 @ 06:29:35 - > Finished importing user 15
08-17-2022 @ 06:29:35 - Row :9 - User imported successfully.
08-17-2022 @ 06:29:35 - Row :10 - Parsing item.
08-17-2022 @ 06:29:35 - Row :10 - Processing item.
08-17-2022 @ 06:29:35 - Processing users.
08-17-2022 @ 06:29:37 - > &#8220;16&#8221;User imported successfully. ID:16
08-17-2022 @ 06:29:37 - > Finished importing user 16
08-17-2022 @ 06:29:37 - Row :10 - User imported successfully.
08-17-2022 @ 06:29:37 - Row :11 - Parsing item.
08-17-2022 @ 06:29:37 - Row :11 - Processing item.
08-17-2022 @ 06:29:37 - Processing users.
08-17-2022 @ 06:29:40 - > &#8220;17&#8221;User imported successfully. ID:17
08-17-2022 @ 06:29:40 - > Finished importing user 17
08-17-2022 @ 06:29:40 - Row :11 - User imported successfully.
08-17-2022 @ 06:29:40 - Row :12 - Parsing item.
08-17-2022 @ 06:29:40 - Row :12 - Processing item.
08-17-2022 @ 06:29:40 - Processing users.
08-17-2022 @ 06:29:42 - > &#8220;18&#8221;User imported successfully. ID:18
08-17-2022 @ 06:29:42 - > Finished importing user 18
08-17-2022 @ 06:29:42 - Row :12 - User imported successfully.
08-17-2022 @ 06:29:42 - Row :13 - Parsing item.
08-17-2022 @ 06:29:42 - Row :13 - Processing item.
08-17-2022 @ 06:29:42 - Processing users.
08-17-2022 @ 06:29:44 - > &#8220;19&#8221;User imported successfully. ID:19
08-17-2022 @ 06:29:44 - > Finished importing user 19
08-17-2022 @ 06:29:44 - Row :13 - User imported successfully.
08-17-2022 @ 06:29:44 - Row :14 - Parsing item.
08-17-2022 @ 06:29:44 - Row :14 - Processing item.
08-17-2022 @ 06:29:44 - Processing users.
08-17-2022 @ 06:29:47 - > &#8220;20&#8221;User imported successfully. ID:20
08-17-2022 @ 06:29:47 - > Finished importing user 20
08-17-2022 @ 06:29:47 - Row :14 - User imported successfully.
08-17-2022 @ 06:29:47 - Row :15 - Parsing item.
08-17-2022 @ 06:29:47 - Row :15 - Processing item.
08-17-2022 @ 06:29:47 - Processing users.
08-17-2022 @ 06:29:49 - > &#8220;21&#8221;User imported successfully. ID:21
08-17-2022 @ 06:29:49 - > Finished importing user 21
08-17-2022 @ 06:29:49 - Row :15 - User imported successfully.
08-17-2022 @ 06:29:49 - Row :16 - Parsing item.
08-17-2022 @ 06:29:49 - Row :16 - Processing item.
08-17-2022 @ 06:29:49 - Processing users.
08-17-2022 @ 06:29:52 - > &#8220;22&#8221;User imported successfully. ID:22
08-17-2022 @ 06:29:52 - > Finished importing user 22
08-17-2022 @ 06:29:52 - Row :16 - User imported successfully.
08-17-2022 @ 06:29:52 - Row :17 - Parsing item.
08-17-2022 @ 06:29:52 - Row :17 - Processing item.
08-17-2022 @ 06:29:52 - Processing users.
08-17-2022 @ 06:29:55 - > &#8220;23&#8221;User imported successfully. ID:23
08-17-2022 @ 06:29:55 - > Finished importing user 23
08-17-2022 @ 06:29:55 - Row :17 - User imported successfully.
08-17-2022 @ 06:29:55 - Row :18 - Parsing item.
08-17-2022 @ 06:29:55 - Row :18 - Processing item.
08-17-2022 @ 06:29:55 - Processing users.
08-17-2022 @ 06:29:58 - > &#8220;24&#8221;User imported successfully. ID:24
08-17-2022 @ 06:29:58 - > Finished importing user 24
08-17-2022 @ 06:29:58 - Row :18 - User imported successfully.
08-17-2022 @ 06:29:58 - Row :19 - Parsing item.
08-17-2022 @ 06:29:58 - Row :19 - Processing item.
08-17-2022 @ 06:29:58 - Processing users.
08-17-2022 @ 06:30:00 - > &#8220;25&#8221;User imported successfully. ID:25
08-17-2022 @ 06:30:00 - > Finished importing user 25
08-17-2022 @ 06:30:00 - Row :19 - User imported successfully.
08-17-2022 @ 06:30:00 - Row :20 - Parsing item.
08-17-2022 @ 06:30:00 - Row :20 - Processing item.
08-17-2022 @ 06:30:00 - Processing users.
08-17-2022 @ 06:30:03 - > &#8220;26&#8221;User imported successfully. ID:26
08-17-2022 @ 06:30:03 - > Finished importing user 26
08-17-2022 @ 06:30:03 - Row :20 - User imported successfully.
08-17-2022 @ 06:30:03 - Row :21 - Parsing item.
08-17-2022 @ 06:30:03 - Row :21 - Processing item.
08-17-2022 @ 06:30:03 - Processing users.
08-17-2022 @ 06:30:06 - > &#8220;27&#8221;User imported successfully. ID:27
08-17-2022 @ 06:30:06 - > Finished importing user 27
08-17-2022 @ 06:30:06 - Row :21 - User imported successfully.
08-17-2022 @ 06:30:06 - Row :22 - Parsing item.
08-17-2022 @ 06:30:06 - Row :22 - Processing item.
08-17-2022 @ 06:30:06 - Processing users.
08-17-2022 @ 06:30:08 - > &#8220;28&#8221;User imported successfully. ID:28
08-17-2022 @ 06:30:08 - > Finished importing user 28
08-17-2022 @ 06:30:08 - Row :22 - User imported successfully.
08-17-2022 @ 06:30:08 - Row :23 - Parsing item.
08-17-2022 @ 06:30:08 - Row :23 - Processing item.
08-17-2022 @ 06:30:08 - Processing users.
08-17-2022 @ 06:30:11 - > &#8220;29&#8221;User imported successfully. ID:29
08-17-2022 @ 06:30:11 - > Finished importing user 29
08-17-2022 @ 06:30:11 - Row :23 - User imported successfully.
08-17-2022 @ 06:30:11 - Row :24 - Parsing item.
08-17-2022 @ 06:30:11 - Row :24 - Processing item.
08-17-2022 @ 06:30:11 - Processing users.
08-17-2022 @ 06:30:14 - > &#8220;30&#8221;User imported successfully. ID:30
08-17-2022 @ 06:30:14 - > Finished importing user 30
08-17-2022 @ 06:30:14 - Row :24 - User imported successfully.
08-17-2022 @ 06:30:14 - Row :25 - Parsing item.
08-17-2022 @ 06:30:14 - Row :25 - Processing item.
08-17-2022 @ 06:30:14 - Processing users.
08-17-2022 @ 06:30:17 - > &#8220;31&#8221;User imported successfully. ID:31
08-17-2022 @ 06:30:17 - > Finished importing user 31
08-17-2022 @ 06:30:17 - Row :25 - User imported successfully.
08-17-2022 @ 06:30:17 - Row :26 - Parsing item.
08-17-2022 @ 06:30:17 - Row :26 - Processing item.
08-17-2022 @ 06:30:17 - Processing users.
08-17-2022 @ 06:30:20 - > &#8220;32&#8221;User imported successfully. ID:32
08-17-2022 @ 06:30:20 - > Finished importing user 32
08-17-2022 @ 06:30:20 - Row :26 - User imported successfully.
08-17-2022 @ 06:30:20 - Row :27 - Parsing item.
08-17-2022 @ 06:30:20 - Row :27 - Processing item.
08-17-2022 @ 06:30:20 - Processing users.
08-17-2022 @ 06:30:23 - > &#8220;33&#8221;User imported successfully. ID:33
08-17-2022 @ 06:30:23 - > Finished importing user 33
08-17-2022 @ 06:30:23 - Row :27 - User imported successfully.
08-17-2022 @ 06:30:23 - Row :28 - Parsing item.
08-17-2022 @ 06:30:23 - Row :28 - Processing item.
08-17-2022 @ 06:30:23 - Processing users.
08-17-2022 @ 06:30:25 - > &#8220;34&#8221;User imported successfully. ID:34
08-17-2022 @ 06:30:25 - > Finished importing user 34
08-17-2022 @ 06:30:25 - Row :28 - User imported successfully.
08-17-2022 @ 06:30:25 - Row :29 - Parsing item.
08-17-2022 @ 06:30:25 - Row :29 - Processing item.
08-17-2022 @ 06:30:25 - Processing users.
08-17-2022 @ 06:30:27 - > &#8220;35&#8221;User imported successfully. ID:35
08-17-2022 @ 06:30:27 - > Finished importing user 35
08-17-2022 @ 06:30:27 - Row :29 - User imported successfully.
08-17-2022 @ 06:30:27 - Row :30 - Parsing item.
08-17-2022 @ 06:30:27 - Row :30 - Processing item.
08-17-2022 @ 06:30:27 - Processing users.
08-17-2022 @ 06:30:30 - > &#8220;36&#8221;User imported successfully. ID:36
08-17-2022 @ 06:30:30 - > Finished importing user 36
08-17-2022 @ 06:30:30 - Row :30 - User imported successfully.
08-17-2022 @ 06:30:30 - Row :31 - Parsing item.
08-17-2022 @ 06:30:30 - Row :31 - Processing item.
08-17-2022 @ 06:30:30 - Processing users.
08-17-2022 @ 06:30:32 - > &#8220;37&#8221;User imported successfully. ID:37
08-17-2022 @ 06:30:32 - > Finished importing user 37
08-17-2022 @ 06:30:32 - Row :31 - User imported successfully.
08-17-2022 @ 06:30:32 - Row :32 - Parsing item.
08-17-2022 @ 06:30:32 - Row :32 - Processing item.
08-17-2022 @ 06:30:32 - Processing users.
08-17-2022 @ 06:30:35 - > &#8220;38&#8221;User imported successfully. ID:38
08-17-2022 @ 06:30:35 - > Finished importing user 38
08-17-2022 @ 06:30:35 - Row :32 - User imported successfully.
08-17-2022 @ 06:30:35 - Row :33 - Parsing item.
08-17-2022 @ 06:30:35 - Row :33 - Processing item.
08-17-2022 @ 06:30:35 - Processing users.
08-17-2022 @ 06:30:38 - > &#8220;39&#8221;User imported successfully. ID:39
08-17-2022 @ 06:30:38 - > Finished importing user 39
08-17-2022 @ 06:30:38 - Row :33 - User imported successfully.
08-17-2022 @ 06:30:38 - Row :34 - Parsing item.
08-17-2022 @ 06:30:38 - Row :34 - Processing item.
08-17-2022 @ 06:30:38 - Processing users.
08-17-2022 @ 06:30:40 - > &#8220;40&#8221;User imported successfully. ID:40
08-17-2022 @ 06:30:40 - > Finished importing user 40
08-17-2022 @ 06:30:40 - Row :34 - User imported successfully.
08-17-2022 @ 06:30:40 - Row :35 - Parsing item.
08-17-2022 @ 06:30:40 - Row :35 - Processing item.
08-17-2022 @ 06:30:40 - Processing users.
08-17-2022 @ 06:30:43 - > &#8220;41&#8221;User imported successfully. ID:41
08-17-2022 @ 06:30:43 - > Finished importing user 41
08-17-2022 @ 06:30:43 - Row :35 - User imported successfully.
08-17-2022 @ 06:30:43 - Row :36 - Parsing item.
08-17-2022 @ 06:30:43 - Row :36 - Processing item.
08-17-2022 @ 06:30:43 - Processing users.
08-17-2022 @ 06:30:46 - > &#8220;42&#8221;User imported successfully. ID:42
08-17-2022 @ 06:30:46 - > Finished importing user 42
08-17-2022 @ 06:30:46 - Row :36 - User imported successfully.
08-17-2022 @ 06:30:46 - Row :37 - Parsing item.
08-17-2022 @ 06:30:46 - Row :37 - Processing item.
08-17-2022 @ 06:30:46 - Processing users.
08-17-2022 @ 06:30:48 - > &#8220;43&#8221;User imported successfully. ID:43
08-17-2022 @ 06:30:48 - > Finished importing user 43
08-17-2022 @ 06:30:48 - Row :37 - User imported successfully.
08-17-2022 @ 06:30:48 - Row :38 - Parsing item.
08-17-2022 @ 06:30:48 - Row :38 - Processing item.
08-17-2022 @ 06:30:48 - Processing users.
08-17-2022 @ 06:30:51 - > &#8220;44&#8221;User imported successfully. ID:44
08-17-2022 @ 06:30:51 - > Finished importing user 44
08-17-2022 @ 06:30:51 - Row :38 - User imported successfully.
08-17-2022 @ 06:30:51 - Row :39 - Parsing item.
08-17-2022 @ 06:30:51 - Row :39 - Processing item.
08-17-2022 @ 06:30:51 - Processing users.
08-17-2022 @ 06:30:53 - > &#8220;45&#8221;User imported successfully. ID:45
08-17-2022 @ 06:30:53 - > Finished importing user 45
08-17-2022 @ 06:30:53 - Row :39 - User imported successfully.
08-17-2022 @ 06:30:53 - Row :40 - Parsing item.
08-17-2022 @ 06:30:53 - Row :40 - Processing item.
08-17-2022 @ 06:30:53 - Processing users.
08-17-2022 @ 06:30:56 - > &#8220;46&#8221;User imported successfully. ID:46
08-17-2022 @ 06:30:56 - > Finished importing user 46
08-17-2022 @ 06:30:56 - Row :40 - User imported successfully.
08-17-2022 @ 06:30:56 - Row :41 - Parsing item.
08-17-2022 @ 06:30:56 - Row :41 - Processing item.
08-17-2022 @ 06:30:56 - Processing users.
08-17-2022 @ 06:30:58 - > &#8220;47&#8221;User imported successfully. ID:47
08-17-2022 @ 06:30:58 - > Finished importing user 47
08-17-2022 @ 06:30:58 - Row :41 - User imported successfully.
08-17-2022 @ 06:30:58 - Row :42 - Parsing item.
08-17-2022 @ 06:30:58 - Row :42 - Processing item.
08-17-2022 @ 06:30:58 - Processing users.
08-17-2022 @ 06:31:01 - > &#8220;48&#8221;User imported successfully. ID:48
08-17-2022 @ 06:31:01 - > Finished importing user 48
08-17-2022 @ 06:31:01 - Row :42 - User imported successfully.
08-17-2022 @ 06:31:01 - Row :43 - Parsing item.
08-17-2022 @ 06:31:01 - Row :43 - Processing item.
08-17-2022 @ 06:31:01 - Processing users.
08-17-2022 @ 06:31:04 - > &#8220;49&#8221;User imported successfully. ID:49
08-17-2022 @ 06:31:04 - > Finished importing user 49
08-17-2022 @ 06:31:04 - Row :43 - User imported successfully.
08-17-2022 @ 06:31:04 - Row :44 - Parsing item.
08-17-2022 @ 06:31:04 - Row :44 - Processing item.
08-17-2022 @ 06:31:04 - Processing users.
08-17-2022 @ 06:31:06 - > &#8220;50&#8221;User imported successfully. ID:50
08-17-2022 @ 06:31:06 - > Finished importing user 50
08-17-2022 @ 06:31:06 - Row :44 - User imported successfully.
08-17-2022 @ 06:31:06 - Row :45 - Parsing item.
08-17-2022 @ 06:31:06 - Row :45 - Processing item.
08-17-2022 @ 06:31:06 - Processing users.
08-17-2022 @ 06:31:09 - > &#8220;51&#8221;User imported successfully. ID:51
08-17-2022 @ 06:31:09 - > Finished importing user 51
08-17-2022 @ 06:31:09 - Row :45 - User imported successfully.
08-17-2022 @ 06:31:09 - Row :46 - Parsing item.
08-17-2022 @ 06:31:09 - Row :46 - Processing item.
08-17-2022 @ 06:31:09 - Processing users.
08-17-2022 @ 06:31:12 - > &#8220;53&#8221;User imported successfully. ID:53
08-17-2022 @ 06:31:12 - > Finished importing user 53
08-17-2022 @ 06:31:12 - Row :46 - User imported successfully.
08-17-2022 @ 06:31:12 - Row :47 - Parsing item.
08-17-2022 @ 06:31:12 - Row :47 - Processing item.
08-17-2022 @ 06:31:12 - Processing users.
08-17-2022 @ 06:31:16 - > &#8220;55&#8221;User imported successfully. ID:55
08-17-2022 @ 06:31:16 - > Finished importing user 55
08-17-2022 @ 06:31:16 - Row :47 - User imported successfully.
08-17-2022 @ 06:31:16 - Row :48 - Parsing item.
08-17-2022 @ 06:31:16 - Row :48 - Processing item.
08-17-2022 @ 06:31:16 - Processing users.
08-17-2022 @ 06:31:20 - > &#8220;57&#8221;User imported successfully. ID:57
08-17-2022 @ 06:31:20 - > Finished importing user 57
08-17-2022 @ 06:31:20 - Row :48 - User imported successfully.
08-17-2022 @ 06:31:20 - Row :49 - Parsing item.
08-17-2022 @ 06:31:20 - Row :49 - Processing item.
08-17-2022 @ 06:31:20 - Processing users.
08-17-2022 @ 06:31:23 - > &#8220;59&#8221;User imported successfully. ID:59
08-17-2022 @ 06:31:23 - > Finished importing user 59
08-17-2022 @ 06:31:23 - Row :49 - User imported successfully.
08-17-2022 @ 06:31:23 - Row :50 - Parsing item.
08-17-2022 @ 06:31:23 - Row :50 - Processing item.
08-17-2022 @ 06:31:23 - Processing users.
08-17-2022 @ 06:31:27 - > &#8220;61&#8221;User imported successfully. ID:61
08-17-2022 @ 06:31:27 - > Finished importing user 61
08-17-2022 @ 06:31:27 - Row :50 - User imported successfully.
08-17-2022 @ 06:31:27 - Row :51 - Parsing item.
08-17-2022 @ 06:31:27 - Row :51 - Processing item.
08-17-2022 @ 06:31:27 - Processing users.
08-17-2022 @ 06:31:30 - > &#8220;63&#8221;User imported successfully. ID:63
08-17-2022 @ 06:31:30 - > Finished importing user 63
08-17-2022 @ 06:31:30 - Row :51 - User imported successfully.
08-17-2022 @ 06:31:30 - Row :52 - Parsing item.
08-17-2022 @ 06:31:30 - Row :52 - Processing item.
08-17-2022 @ 06:31:30 - Processing users.
08-17-2022 @ 06:31:33 - > &#8220;65&#8221;User imported successfully. ID:65
08-17-2022 @ 06:31:33 - > Finished importing user 65
08-17-2022 @ 06:31:33 - Row :52 - User imported successfully.
08-17-2022 @ 06:31:33 - Row :53 - Parsing item.
08-17-2022 @ 06:31:33 - Row :53 - Processing item.
08-17-2022 @ 06:31:33 - Processing users.
08-17-2022 @ 06:31:37 - > &#8220;67&#8221;User imported successfully. ID:67
08-17-2022 @ 06:31:37 - > Finished importing user 67
08-17-2022 @ 06:31:37 - Row :53 - User imported successfully.
08-17-2022 @ 06:31:37 - Row :54 - Parsing item.
08-17-2022 @ 06:31:37 - Row :54 - Processing item.
08-17-2022 @ 06:31:37 - Processing users.
08-17-2022 @ 06:31:40 - > &#8220;69&#8221;User imported successfully. ID:69
08-17-2022 @ 06:31:40 - > Finished importing user 69
08-17-2022 @ 06:31:40 - Row :54 - User imported successfully.
08-17-2022 @ 06:31:40 - Row :55 - Parsing item.
08-17-2022 @ 06:31:40 - Row :55 - Processing item.
08-17-2022 @ 06:31:40 - Processing users.
08-17-2022 @ 06:31:44 - > &#8220;71&#8221;User imported successfully. ID:71
08-17-2022 @ 06:31:44 - > Finished importing user 71
08-17-2022 @ 06:31:44 - Row :55 - User imported successfully.
08-17-2022 @ 06:31:44 - Row :56 - Parsing item.
08-17-2022 @ 06:31:44 - Row :56 - Processing item.
08-17-2022 @ 06:31:44 - Processing users.
08-17-2022 @ 06:31:47 - > &#8220;73&#8221;User imported successfully. ID:73
08-17-2022 @ 06:31:47 - > Finished importing user 73
08-17-2022 @ 06:31:47 - Row :56 - User imported successfully.
08-17-2022 @ 06:31:47 - Row :57 - Parsing item.
08-17-2022 @ 06:31:47 - Row :57 - Processing item.
08-17-2022 @ 06:31:47 - Processing users.
08-17-2022 @ 06:31:51 - > &#8220;75&#8221;User imported successfully. ID:75
08-17-2022 @ 06:31:51 - > Finished importing user 75
08-17-2022 @ 06:31:51 - Row :57 - User imported successfully.
08-17-2022 @ 06:31:51 - Row :58 - Parsing item.
08-17-2022 @ 06:31:51 - Row :58 - Processing item.
08-17-2022 @ 06:31:51 - Processing users.
08-17-2022 @ 06:31:55 - > &#8220;77&#8221;User imported successfully. ID:77
08-17-2022 @ 06:31:55 - > Finished importing user 77
08-17-2022 @ 06:31:55 - Row :58 - User imported successfully.
08-17-2022 @ 06:31:55 - Row :59 - Parsing item.
08-17-2022 @ 06:31:55 - Row :59 - Processing item.
08-17-2022 @ 06:31:55 - Processing users.
08-17-2022 @ 06:31:58 - > &#8220;79&#8221;User imported successfully. ID:79
08-17-2022 @ 06:31:58 - > Finished importing user 79
08-17-2022 @ 06:31:58 - Row :59 - User imported successfully.
08-17-2022 @ 06:31:58 - Row :60 - Parsing item.
08-17-2022 @ 06:31:58 - Row :60 - Processing item.
08-17-2022 @ 06:31:58 - Processing users.
08-17-2022 @ 06:32:02 - > &#8220;80&#8221;User imported successfully. ID:80
08-17-2022 @ 06:32:02 - > Finished importing user 80
08-17-2022 @ 06:32:02 - Row :60 - User imported successfully.
08-17-2022 @ 06:32:02 - Row :61 - Parsing item.
08-17-2022 @ 06:32:02 - Row :61 - Processing item.
08-17-2022 @ 06:32:02 - Processing users.
08-17-2022 @ 06:32:06 - > &#8220;82&#8221;User imported successfully. ID:82
08-17-2022 @ 06:32:06 - > Finished importing user 82
08-17-2022 @ 06:32:06 - Row :61 - User imported successfully.
08-17-2022 @ 06:32:06 - Row :62 - Parsing item.
08-17-2022 @ 06:32:06 - Row :62 - Processing item.
08-17-2022 @ 06:32:06 - Processing users.
08-17-2022 @ 06:32:09 - > &#8220;85&#8221;User imported successfully. ID:85
08-17-2022 @ 06:32:09 - > Finished importing user 85
08-17-2022 @ 06:32:09 - Row :62 - User imported successfully.
08-17-2022 @ 06:32:09 - Row :63 - Parsing item.
08-17-2022 @ 06:32:09 - Row :63 - Processing item.
08-17-2022 @ 06:32:09 - Processing users.
08-17-2022 @ 06:32:13 - > &#8220;87&#8221;User imported successfully. ID:87
08-17-2022 @ 06:32:13 - > Finished importing user 87
08-17-2022 @ 06:32:13 - Row :63 - User imported successfully.
08-17-2022 @ 06:32:13 - Row :64 - Parsing item.
08-17-2022 @ 06:32:13 - Row :64 - Processing item.
08-17-2022 @ 06:32:13 - Processing users.
08-17-2022 @ 06:32:16 - > &#8220;89&#8221;User imported successfully. ID:89
08-17-2022 @ 06:32:16 - > Finished importing user 89
08-17-2022 @ 06:32:16 - Row :64 - User imported successfully.
08-17-2022 @ 06:32:16 - Row :65 - Parsing item.
08-17-2022 @ 06:32:16 - Row :65 - Processing item.
08-17-2022 @ 06:32:16 - Processing users.
08-17-2022 @ 06:32:19 - > &#8220;90&#8221;User imported successfully. ID:90
08-17-2022 @ 06:32:19 - > Finished importing user 90
08-17-2022 @ 06:32:19 - Row :65 - User imported successfully.
08-17-2022 @ 06:32:19 - Row :66 - Parsing item.
08-17-2022 @ 06:32:19 - Row :66 - Processing item.
08-17-2022 @ 06:32:19 - Processing users.
08-17-2022 @ 06:32:23 - > &#8220;92&#8221;User imported successfully. ID:92
08-17-2022 @ 06:32:23 - > Finished importing user 92
08-17-2022 @ 06:32:23 - Row :66 - User imported successfully.
08-17-2022 @ 06:32:23 - Row :67 - Parsing item.
08-17-2022 @ 06:32:23 - Row :67 - Processing item.
08-17-2022 @ 06:32:23 - Processing users.
08-17-2022 @ 06:32:28 - > &#8220;94&#8221;User imported successfully. ID:94
08-17-2022 @ 06:32:28 - > Finished importing user 94
08-17-2022 @ 06:32:28 - Row :67 - User imported successfully.
08-17-2022 @ 06:32:28 - Row :68 - Parsing item.
08-17-2022 @ 06:32:28 - Row :68 - Processing item.
08-17-2022 @ 06:32:28 - Processing users.
08-17-2022 @ 06:32:32 - > &#8220;97&#8221;User imported successfully. ID:97
08-17-2022 @ 06:32:32 - > Finished importing user 97
08-17-2022 @ 06:32:32 - Row :68 - User imported successfully.
08-17-2022 @ 06:32:32 - Row :69 - Parsing item.
08-17-2022 @ 06:32:32 - Row :69 - Processing item.
08-17-2022 @ 06:32:32 - Processing users.
08-17-2022 @ 06:32:36 - > &#8220;99&#8221;User imported successfully. ID:99
08-17-2022 @ 06:32:36 - > Finished importing user 99
08-17-2022 @ 06:32:36 - Row :69 - User imported successfully.
08-17-2022 @ 06:32:36 - Row :70 - Parsing item.
08-17-2022 @ 06:32:36 - Row :70 - Processing item.
08-17-2022 @ 06:32:36 - Processing users.
08-17-2022 @ 06:32:41 - > &#8220;100&#8221;User imported successfully. ID:100
08-17-2022 @ 06:32:41 - > Finished importing user 100
08-17-2022 @ 06:32:41 - Row :70 - User imported successfully.
08-17-2022 @ 06:32:41 - Row :71 - Parsing item.
08-17-2022 @ 06:32:41 - Row :71 - Processing item.
08-17-2022 @ 06:32:41 - Processing users.
08-17-2022 @ 06:32:44 - > &#8220;103&#8221;User imported successfully. ID:103
08-17-2022 @ 06:32:44 - > Finished importing user 103
08-17-2022 @ 06:32:44 - Row :71 - User imported successfully.
08-17-2022 @ 06:32:44 - Row :72 - Parsing item.
08-17-2022 @ 06:32:44 - Row :72 - Processing item.
08-17-2022 @ 06:32:44 - Processing users.
08-17-2022 @ 06:32:47 - > &#8220;105&#8221;User imported successfully. ID:105
08-17-2022 @ 06:32:47 - > Finished importing user 105
08-17-2022 @ 06:32:47 - Row :72 - User imported successfully.
08-17-2022 @ 06:32:47 - Row :73 - Parsing item.
08-17-2022 @ 06:32:47 - Row :73 - Processing item.
08-17-2022 @ 06:32:47 - Processing users.
08-17-2022 @ 06:32:51 - > &#8220;107&#8221;User imported successfully. ID:107
08-17-2022 @ 06:32:51 - > Finished importing user 107
08-17-2022 @ 06:32:51 - Row :73 - User imported successfully.
08-17-2022 @ 06:32:51 - Row :74 - Parsing item.
08-17-2022 @ 06:32:51 - Row :74 - Processing item.
08-17-2022 @ 06:32:51 - Processing users.
08-17-2022 @ 06:32:54 - > &#8220;109&#8221;User imported successfully. ID:109
08-17-2022 @ 06:32:54 - > Finished importing user 109
08-17-2022 @ 06:32:54 - Row :74 - User imported successfully.
08-17-2022 @ 06:32:54 - Row :75 - Parsing item.
08-17-2022 @ 06:32:54 - Row :75 - Processing item.
08-17-2022 @ 06:32:54 - Processing users.
08-17-2022 @ 06:32:57 - > &#8220;111&#8221;User imported successfully. ID:111
08-17-2022 @ 06:32:57 - > Finished importing user 111
08-17-2022 @ 06:32:57 - Row :75 - User imported successfully.
08-17-2022 @ 06:32:57 - Row :76 - Parsing item.
08-17-2022 @ 06:32:57 - Row :76 - Processing item.
08-17-2022 @ 06:32:57 - Processing users.
08-17-2022 @ 06:33:01 - > &#8220;113&#8221;User imported successfully. ID:113
08-17-2022 @ 06:33:01 - > Finished importing user 113
08-17-2022 @ 06:33:01 - Row :76 - User imported successfully.
08-17-2022 @ 06:33:01 - Row :77 - Parsing item.
08-17-2022 @ 06:33:01 - Row :77 - Processing item.
08-17-2022 @ 06:33:01 - Processing users.
08-17-2022 @ 06:33:04 - > &#8220;114&#8221;User imported successfully. ID:114
08-17-2022 @ 06:33:04 - > Finished importing user 114
08-17-2022 @ 06:33:04 - Row :77 - User imported successfully.
08-17-2022 @ 06:33:04 - Row :78 - Parsing item.
08-17-2022 @ 06:33:04 - Row :78 - Processing item.
08-17-2022 @ 06:33:04 - Processing users.
08-17-2022 @ 06:33:08 - > &#8220;116&#8221;User imported successfully. ID:116
08-17-2022 @ 06:33:08 - > Finished importing user 116
08-17-2022 @ 06:33:08 - Row :78 - User imported successfully.
08-17-2022 @ 06:33:08 - Row :79 - Parsing item.
08-17-2022 @ 06:33:08 - Row :79 - Processing item.
08-17-2022 @ 06:33:08 - Processing users.
08-17-2022 @ 06:33:11 - > &#8220;119&#8221;User imported successfully. ID:119
08-17-2022 @ 06:33:11 - > Finished importing user 119
08-17-2022 @ 06:33:11 - Row :79 - User imported successfully.
08-17-2022 @ 06:33:11 - Row :80 - Parsing item.
08-17-2022 @ 06:33:11 - Row :80 - Processing item.
08-17-2022 @ 06:33:11 - Processing users.
08-17-2022 @ 06:33:14 - > &#8220;121&#8221;User imported successfully. ID:121
08-17-2022 @ 06:33:14 - > Finished importing user 121
08-17-2022 @ 06:33:14 - Row :80 - User imported successfully.
08-17-2022 @ 06:33:14 - Row :81 - Parsing item.
08-17-2022 @ 06:33:14 - Row :81 - Processing item.
08-17-2022 @ 06:33:14 - Processing users.
08-17-2022 @ 06:33:18 - > &#8220;122&#8221;User imported successfully. ID:122
08-17-2022 @ 06:33:18 - > Finished importing user 122
08-17-2022 @ 06:33:18 - Row :81 - User imported successfully.
08-17-2022 @ 06:33:18 - Row :82 - Parsing item.
08-17-2022 @ 06:33:18 - Row :82 - Processing item.
08-17-2022 @ 06:33:18 - Processing users.
08-17-2022 @ 06:33:22 - > &#8220;125&#8221;User imported successfully. ID:125
08-17-2022 @ 06:33:22 - > Finished importing user 125
08-17-2022 @ 06:33:22 - Row :82 - User imported successfully.
08-17-2022 @ 06:33:22 - Row :83 - Parsing item.
08-17-2022 @ 06:33:22 - Row :83 - Processing item.
08-17-2022 @ 06:33:22 - Processing users.
08-17-2022 @ 06:33:25 - > &#8220;127&#8221;User imported successfully. ID:127
08-17-2022 @ 06:33:25 - > Finished importing user 127
08-17-2022 @ 06:33:25 - Row :83 - User imported successfully.
08-17-2022 @ 06:33:25 - Row :84 - Parsing item.
08-17-2022 @ 06:33:25 - Row :84 - Processing item.
08-17-2022 @ 06:33:25 - Processing users.
08-17-2022 @ 06:33:28 - > &#8220;129&#8221;User imported successfully. ID:129
08-17-2022 @ 06:33:28 - > Finished importing user 129
08-17-2022 @ 06:33:28 - Row :84 - User imported successfully.
08-17-2022 @ 06:33:28 - Row :85 - Parsing item.
08-17-2022 @ 06:33:28 - Row :85 - Processing item.
08-17-2022 @ 06:33:28 - Processing users.
08-17-2022 @ 06:33:32 - > &#8220;130&#8221;User imported successfully. ID:130
08-17-2022 @ 06:33:32 - > Finished importing user 130
08-17-2022 @ 06:33:32 - Row :85 - User imported successfully.
08-17-2022 @ 06:33:32 - Row :86 - Parsing item.
08-17-2022 @ 06:33:32 - Row :86 - Processing item.
08-17-2022 @ 06:33:32 - Processing users.
08-17-2022 @ 06:33:35 - > &#8220;132&#8221;User imported successfully. ID:132
08-17-2022 @ 06:33:35 - > Finished importing user 132
08-17-2022 @ 06:33:35 - Row :86 - User imported successfully.
08-17-2022 @ 06:33:35 - Row :87 - Parsing item.
08-17-2022 @ 06:33:35 - Row :87 - Processing item.
08-17-2022 @ 06:33:35 - Processing users.
08-17-2022 @ 06:33:38 - > &#8220;135&#8221;User imported successfully. ID:135
08-17-2022 @ 06:33:38 - > Finished importing user 135
08-17-2022 @ 06:33:38 - Row :87 - User imported successfully.
08-17-2022 @ 06:33:38 - Row :88 - Parsing item.
08-17-2022 @ 06:33:38 - Row :88 - Processing item.
08-17-2022 @ 06:33:38 - Processing users.
08-17-2022 @ 06:33:42 - > &#8220;137&#8221;User imported successfully. ID:137
08-17-2022 @ 06:33:42 - > Finished importing user 137
08-17-2022 @ 06:33:42 - Row :88 - User imported successfully.
08-17-2022 @ 06:33:42 - Row :89 - Parsing item.
08-17-2022 @ 06:33:42 - Row :89 - Processing item.
08-17-2022 @ 06:33:42 - Processing users.
08-17-2022 @ 06:33:45 - > &#8220;139&#8221;User imported successfully. ID:139
08-17-2022 @ 06:33:45 - > Finished importing user 139
08-17-2022 @ 06:33:45 - Row :89 - User imported successfully.
08-17-2022 @ 06:33:45 - Row :90 - Parsing item.
08-17-2022 @ 06:33:45 - Row :90 - Processing item.
08-17-2022 @ 06:33:45 - Processing users.
08-17-2022 @ 06:33:48 - > &#8220;141&#8221;User imported successfully. ID:141
08-17-2022 @ 06:33:48 - > Finished importing user 141
08-17-2022 @ 06:33:48 - Row :90 - User imported successfully.
08-17-2022 @ 06:33:48 - Row :91 - Parsing item.
08-17-2022 @ 06:33:48 - Row :91 - Processing item.
08-17-2022 @ 06:33:48 - Processing users.
08-17-2022 @ 06:33:52 - > &#8220;142&#8221;User imported successfully. ID:142
08-17-2022 @ 06:33:52 - > Finished importing user 142
08-17-2022 @ 06:33:52 - Row :91 - User imported successfully.
08-17-2022 @ 06:33:52 - Row :92 - Parsing item.
08-17-2022 @ 06:33:52 - Row :92 - Processing item.
08-17-2022 @ 06:33:52 - Processing users.
08-17-2022 @ 06:33:55 - > &#8220;145&#8221;User imported successfully. ID:145
08-17-2022 @ 06:33:55 - > Finished importing user 145
08-17-2022 @ 06:33:55 - Row :92 - User imported successfully.
08-17-2022 @ 06:33:55 - Row :93 - Parsing item.
08-17-2022 @ 06:33:55 - Row :93 - Processing item.
08-17-2022 @ 06:33:55 - Processing users.
08-17-2022 @ 06:33:59 - > &#8220;147&#8221;User imported successfully. ID:147
08-17-2022 @ 06:33:59 - > Finished importing user 147
08-17-2022 @ 06:33:59 - Row :93 - User imported successfully.
08-17-2022 @ 06:33:59 - Row :94 - Parsing item.
08-17-2022 @ 06:33:59 - Row :94 - Processing item.
08-17-2022 @ 06:33:59 - Processing users.
08-17-2022 @ 06:34:02 - > &#8220;148&#8221;User imported successfully. ID:148
08-17-2022 @ 06:34:02 - > Finished importing user 148
08-17-2022 @ 06:34:02 - Row :94 - User imported successfully.
08-17-2022 @ 06:34:02 - Row :95 - Parsing item.
08-17-2022 @ 06:34:02 - Row :95 - Processing item.
08-17-2022 @ 06:34:02 - Processing users.
08-17-2022 @ 06:34:06 - > &#8220;150&#8221;User imported successfully. ID:150
08-17-2022 @ 06:34:06 - > Finished importing user 150
08-17-2022 @ 06:34:06 - Row :95 - User imported successfully.
08-17-2022 @ 06:34:06 - Row :96 - Parsing item.
08-17-2022 @ 06:34:06 - Row :96 - Processing item.
08-17-2022 @ 06:34:06 - Processing users.
08-17-2022 @ 06:34:09 - > &#8220;152&#8221;User imported successfully. ID:152
08-17-2022 @ 06:34:09 - > Finished importing user 152
08-17-2022 @ 06:34:09 - Row :96 - User imported successfully.
08-17-2022 @ 06:34:09 - Row :97 - Parsing item.
08-17-2022 @ 06:34:09 - Row :97 - Processing item.
08-17-2022 @ 06:34:09 - Processing users.
08-17-2022 @ 06:34:12 - > &#8220;154&#8221;User imported successfully. ID:154
08-17-2022 @ 06:34:12 - > Finished importing user 154
08-17-2022 @ 06:34:12 - Row :97 - User imported successfully.
08-17-2022 @ 06:34:12 - Row :98 - Parsing item.
08-17-2022 @ 06:34:12 - Row :98 - Processing item.
08-17-2022 @ 06:34:12 - Processing users.
08-17-2022 @ 06:34:15 - > &#8220;157&#8221;User imported successfully. ID:157
08-17-2022 @ 06:34:15 - > Finished importing user 157
08-17-2022 @ 06:34:15 - Row :98 - User imported successfully.
08-17-2022 @ 06:34:15 - Row :99 - Parsing item.
08-17-2022 @ 06:34:15 - Row :99 - Processing item.
08-17-2022 @ 06:34:15 - Processing users.
08-17-2022 @ 06:34:18 - > &#8220;159&#8221;User imported successfully. ID:159
08-17-2022 @ 06:34:18 - > Finished importing user 159
08-17-2022 @ 06:34:18 - Row :99 - User imported successfully.
08-17-2022 @ 06:34:18 - Row :100 - Parsing item.
08-17-2022 @ 06:34:18 - Row :100 - Processing item.
08-17-2022 @ 06:34:18 - Processing users.
08-17-2022 @ 06:34:22 - > &#8220;160&#8221;User imported successfully. ID:160
08-17-2022 @ 06:34:22 - > Finished importing user 160
08-17-2022 @ 06:34:22 - Row :100 - User imported successfully.
