08-19-2022 @ 13:29:24 - ---[ New import started at 2022-08-19 13:29:24 ] PHP Memory: 256 MB, WP Memory: 40 MB
08-19-2022 @ 13:29:24 - Preparing for import.
08-19-2022 @ 13:29:24 - Row :1 - Parsing item.
08-19-2022 @ 13:29:24 - Row :1 - Parsing failed. Reason: User with same Email already exists. Email: vineet.bansal@richemont.com
08-19-2022 @ 13:29:24 - Row :2 - Parsing item.
08-19-2022 @ 13:29:24 - Row :2 - Parsing failed. Reason: User with same Email already exists. Email: vikas.dixit3@wipro.com
08-19-2022 @ 13:29:24 - Row :3 - Parsing item.
08-19-2022 @ 13:29:24 - Row :3 - Parsing failed. Reason: User with same Email already exists. Email: VIVEK@EKA-GLOBAL.COM
08-19-2022 @ 13:29:24 - Row :4 - Parsing item.
08-19-2022 @ 13:29:24 - Row :4 - Parsing failed. Reason: User with same Email already exists. Email: nazir686@gmail.com
08-19-2022 @ 13:29:24 - Row :5 - Parsing item.
08-19-2022 @ 13:29:24 - Row :5 - Parsing failed. Reason: User with same Email already exists. Email: s.mandal@simbhaolisugars.com
08-19-2022 @ 13:29:24 - Row :6 - Parsing item.
08-19-2022 @ 13:29:24 - Row :6 - Parsing failed. Reason: User with same Email already exists. Email: neeraj@netsurfbiotech.com
08-19-2022 @ 13:29:24 - Row :7 - Parsing item.
08-19-2022 @ 13:29:24 - Row :7 - Parsing failed. Reason: User with same Email already exists. Email: nirmala.jayakumar@checkpt.com
08-19-2022 @ 13:29:24 - Row :8 - Parsing item.
08-19-2022 @ 13:29:24 - Row :8 - Parsing failed. Reason: User with same Email already exists. Email: cochinpacks@gmail.com
08-19-2022 @ 13:29:24 - Row :9 - Parsing item.
08-19-2022 @ 13:29:24 - Row :9 - Parsing failed. Reason: User with same Email already exists. Email: anzoassociates123@gmail.com
08-19-2022 @ 13:29:24 - Row :10 - Parsing item.
08-19-2022 @ 13:29:24 - Row :10 - Parsing failed. Reason: User with same Email already exists. Email: sanjay.loharch@gmail.com
08-19-2022 @ 13:29:24 - Row :11 - Parsing item.
08-19-2022 @ 13:29:24 - Row :11 - Parsing failed. Reason: User with same Email already exists. Email: dscpl.grn@dsgroup.com
08-19-2022 @ 13:29:24 - Row :12 - Parsing item.
08-19-2022 @ 13:29:24 - Row :12 - Parsing failed. Reason: User with same Email already exists. Email: virender.singh@yakult.co.in
08-19-2022 @ 13:29:24 - Row :13 - Parsing item.
08-19-2022 @ 13:29:24 - Row :13 - Parsing failed. Reason: User with same Email already exists. Email: sujoykprg@gmail.com
08-19-2022 @ 13:29:24 - Row :14 - Parsing item.
08-19-2022 @ 13:29:24 - Row :14 - Parsing failed. Reason: User with same Email already exists. Email: dananjaya@tvsmotor.com
08-19-2022 @ 13:29:24 - Row :15 - Parsing item.
08-19-2022 @ 13:29:24 - Row :15 - Parsing failed. Reason: User with same Email already exists. Email: prashant.khurana@honda2wheelersindia.com
08-19-2022 @ 13:29:24 - Row :16 - Parsing item.
08-19-2022 @ 13:29:24 - Row :16 - Parsing failed. Reason: User with same Email already exists. Email: kapco20@hotmail.com
08-19-2022 @ 13:29:24 - Row :17 - Parsing item.
08-19-2022 @ 13:29:24 - Row :17 - Parsing failed. Reason: User with same Email already exists. Email: parulfoodproduct@gmail.com
08-19-2022 @ 13:29:24 - Row :18 - Parsing item.
08-19-2022 @ 13:29:24 - Row :18 - Parsing failed. Reason: User with same Email already exists. Email: hamjaniplasticindustries@gmail.com
08-19-2022 @ 13:29:24 - Row :19 - Parsing item.
08-19-2022 @ 13:29:24 - Row :19 - Parsing failed. Reason: User with same Email already exists. Email: motherplastics01@gmail.com
08-19-2022 @ 13:29:24 - Row :20 - Parsing item.
08-19-2022 @ 13:29:24 - Row :20 - Parsing failed. Reason: User with same Email already exists. Email: dineshplasticwork@gmail.com
08-19-2022 @ 13:29:24 - Row :21 - Parsing item.
08-19-2022 @ 13:29:24 - Row :21 - Parsing failed. Reason: User with same Email already exists. Email: hera_parmanandani@yahoo.com
08-19-2022 @ 13:29:24 - Row :22 - Parsing item.
08-19-2022 @ 13:29:24 - Row :22 - Parsing failed. Reason: User with same Email already exists. Email: sourabh.sam@rediffmail.com
08-19-2022 @ 13:29:24 - Row :23 - Parsing item.
08-19-2022 @ 13:29:24 - Row :23 - Parsing failed. Reason: User with same Email already exists. Email: beautjung@solu-m.com
08-19-2022 @ 13:29:24 - Row :24 - Parsing item.
08-19-2022 @ 13:29:24 - Row :24 - Parsing failed. Reason: User with same Email already exists. Email: HR@Lavazza.co.in
08-19-2022 @ 13:29:24 - Row :25 - Parsing item.
08-19-2022 @ 13:29:24 - Row :25 - Parsing failed. Reason: User with same Email already exists. Email: hdc_golconda@yahoo.com
08-19-2022 @ 13:29:24 - Row :26 - Parsing item.
08-19-2022 @ 13:29:24 - Row :26 - Parsing failed. Reason: User with same Email already exists. Email: TALASHPP@GMAIL.COM
08-19-2022 @ 13:29:24 - Row :27 - Parsing item.
08-19-2022 @ 13:29:24 - Row :27 - Parsing failed. Reason: User with same Email already exists. Email: vcdk1951@gmail.com
08-19-2022 @ 13:29:24 - Row :28 - Parsing item.
08-19-2022 @ 13:29:24 - Row :28 - Parsing failed. Reason: User with same Email already exists. Email: vinodkbalaji@gmail.com
08-19-2022 @ 13:29:24 - Row :29 - Parsing item.
08-19-2022 @ 13:29:24 - Row :29 - Parsing failed. Reason: User with same Email already exists. Email: aksingh1966@yahoo.co.in
08-19-2022 @ 13:29:24 - Row :30 - Parsing item.
08-19-2022 @ 13:29:24 - Row :30 - Parsing failed. Reason: User with same Email already exists. Email: contact@apfl.in
08-19-2022 @ 13:29:24 - Row :31 - Parsing item.
08-19-2022 @ 13:29:24 - Row :31 - Parsing failed. Reason: User with same Email already exists. Email: vlala@cisco.com
08-19-2022 @ 13:29:24 - Row :32 - Parsing item.
08-19-2022 @ 13:29:24 - Row :32 - Parsing failed. Reason: User with same Email already exists. Email: ramanand.kudtarkar@ril.com
08-19-2022 @ 13:29:24 - Row :33 - Parsing item.
08-19-2022 @ 13:29:24 - Row :33 - Parsing failed. Reason: User with same Email already exists. Email: tobinmanuel92@gmail.com
08-19-2022 @ 13:29:24 - Row :34 - Parsing item.
08-19-2022 @ 13:29:24 - Row :34 - Parsing failed. Reason: User with same Email already exists. Email: ngmhetras@yahoo.co.in
08-19-2022 @ 13:29:24 - Row :35 - Parsing item.
08-19-2022 @ 13:29:24 - Row :35 - Parsing failed. Reason: User with same Email already exists. Email: shailja3564@outlook.com
08-19-2022 @ 13:29:24 - Row :36 - Parsing item.
08-19-2022 @ 13:29:24 - Row :36 - Parsing failed. Reason: User with same Email already exists. Email: umanathpai@gmail.com
08-19-2022 @ 13:29:24 - Row :37 - Parsing item.
08-19-2022 @ 13:29:24 - Row :37 - Parsing failed. Reason: User with same Email already exists. Email: vikas.sawant@ril.com
08-19-2022 @ 13:29:24 - Row :38 - Parsing item.
08-19-2022 @ 13:29:24 - Row :38 - Parsing failed. Reason: User with same Email already exists. Email: alphonse.michael@delmontefoods.in
08-19-2022 @ 13:29:24 - Row :39 - Parsing item.
08-19-2022 @ 13:29:24 - Row :39 - Parsing failed. Reason: User with same Email already exists. Email: manish.airee@icapidilite.com
08-19-2022 @ 13:29:24 - Row :40 - Parsing item.
08-19-2022 @ 13:29:24 - Row :40 - Parsing failed. Reason: User with same Email already exists. Email: Jagadeesh.Muthukumaran@checkpt.com
08-19-2022 @ 13:29:24 - Row :41 - Parsing item.
08-19-2022 @ 13:29:24 - Row :41 - Parsing failed. Reason: User with same Email already exists. Email: alal@zavenir.com
08-19-2022 @ 13:29:24 - Row :42 - Parsing item.
08-19-2022 @ 13:29:24 - Row :42 - Parsing failed. Reason: User with same Email already exists. Email: ynt.cfl@gmail.com
08-19-2022 @ 13:29:24 - Row :43 - Parsing item.
08-19-2022 @ 13:29:24 - Row :43 - Parsing failed. Reason: User with same Email already exists. Email: ssrmaterials02@gmail.com
08-19-2022 @ 13:29:24 - Row :44 - Parsing item.
08-19-2022 @ 13:29:24 - Row :44 - Parsing failed. Reason: User with same Email already exists. Email: SANJEEV.IWMCO@GMAIL.COM
08-19-2022 @ 13:29:24 - Row :45 - Parsing item.
08-19-2022 @ 13:29:24 - Row :45 - Parsing failed. Reason: User with same Email already exists. Email: amit.yadav@kerry.com
08-19-2022 @ 13:29:24 - Row :46 - Parsing item.
08-19-2022 @ 13:29:24 - Row :46 - Parsing failed. Reason: User with same Email already exists. Email: annapolymers2019@gmail.com
08-19-2022 @ 13:29:24 - Row :47 - Parsing item.
08-19-2022 @ 13:29:24 - Row :47 - Parsing failed. Reason: User with same Email already exists. Email: manna@gefindia.net
08-19-2022 @ 13:29:24 - Row :48 - Parsing item.
08-19-2022 @ 13:29:24 - Row :48 - Parsing failed. Reason: User with same Email already exists. Email: joypetindia@gmail.com
08-19-2022 @ 13:29:24 - Row :49 - Parsing item.
08-19-2022 @ 13:29:24 - Row :49 - Parsing failed. Reason: User with same Email already exists. Email: ambiocean@gmail.com
08-19-2022 @ 13:29:24 - Row :50 - Parsing item.
08-19-2022 @ 13:29:24 - Row :50 - Parsing failed. Reason: User with same Email already exists. Email: arjun.noida1992@gmail.com
08-19-2022 @ 13:29:24 - Row :51 - Parsing item.
08-19-2022 @ 13:29:24 - Row :51 - Parsing failed. Reason: User with same Email already exists. Email: pd@cornitos.in
08-19-2022 @ 13:29:24 - Row :52 - Parsing item.
08-19-2022 @ 13:29:24 - Row :52 - Parsing failed. Reason: User with same Email already exists. Email: hr@dairyfun.co.in
08-19-2022 @ 13:29:24 - Row :53 - Parsing item.
08-19-2022 @ 13:29:24 - Row :53 - Parsing failed. Reason: User with same Email already exists. Email: deepan.devadoss@decathlon.com
08-19-2022 @ 13:29:24 - Row :54 - Parsing item.
08-19-2022 @ 13:29:24 - Row :54 - Parsing failed. Reason: User with same Email already exists. Email: gurudev1973@gmail.com
08-19-2022 @ 13:29:24 - Row :55 - Parsing item.
08-19-2022 @ 13:29:24 - Row :55 - Parsing failed. Reason: User with same Email already exists. Email: helioplastics1@gmail.com
08-19-2022 @ 13:29:24 - Row :56 - Parsing item.
08-19-2022 @ 13:29:24 - Row :56 - Parsing failed. Reason: User with same Email already exists. Email: geniyabanerjee@priyafoods.com
08-19-2022 @ 13:29:24 - Row :57 - Parsing item.
08-19-2022 @ 13:29:24 - Row :57 - Parsing failed. Reason: User with same Email already exists. Email: ventureimpexpvtltd01@gmail.com
08-19-2022 @ 13:29:24 - Row :58 - Parsing item.
08-19-2022 @ 13:29:24 - Row :58 - Parsing failed. Reason: User with same Email already exists. Email: gh@ttkhealthcare.com
08-19-2022 @ 13:29:24 - Row :59 - Parsing item.
08-19-2022 @ 13:29:24 - Row :59 - Parsing failed. Reason: User with same Email already exists. Email: ak@bacardi.com
08-19-2022 @ 13:29:24 - Row :60 - Parsing item.
08-19-2022 @ 13:29:24 - Row :60 - Parsing failed. Reason: User with same Email already exists. Email: neeraj.srivastava@jalindia.co.in
08-19-2022 @ 13:29:24 - Row :61 - Parsing item.
08-19-2022 @ 13:29:24 - Row :61 - Parsing failed. Reason: User with same Email already exists. Email: shreejitrading101@gmail.com
08-19-2022 @ 13:29:24 - Row :62 - Parsing item.
08-19-2022 @ 13:29:24 - Row :62 - Parsing failed. Reason: User with same Email already exists. Email: pankajtrad77@gmail.com
08-19-2022 @ 13:29:24 - Row :63 - Parsing item.
08-19-2022 @ 13:29:24 - Row :63 - Parsing failed. Reason: User with same Email already exists. Email: infomarketin3@gmail.com
08-19-2022 @ 13:29:24 - Row :64 - Parsing item.
08-19-2022 @ 13:29:24 - Row :64 - Parsing failed. Reason: User with same Email already exists. Email: harish@balajiautotech.com
08-19-2022 @ 13:29:24 - Row :65 - Parsing item.
08-19-2022 @ 13:29:24 - Row :65 - Parsing failed. Reason: User with same Email already exists. Email: alphapackagingknr@gmail.com
08-19-2022 @ 13:29:24 - Row :66 - Parsing item.
08-19-2022 @ 13:29:24 - Row :66 - Parsing failed. Reason: User with same Email already exists. Email: bibhash.deb@lavainternational.in
08-19-2022 @ 13:29:24 - Row :67 - Parsing item.
08-19-2022 @ 13:29:24 - Row :67 - Parsing failed. Reason: User with same Email already exists. Email: virendra.varma@parag.com
08-19-2022 @ 13:29:24 - Row :68 - Parsing item.
08-19-2022 @ 13:29:24 - Row :68 - Parsing failed. Reason: User with same Email already exists. Email: kg.michael@lavazza.co.in
08-19-2022 @ 13:29:24 - Row :69 - Parsing item.
08-19-2022 @ 13:29:24 - Row :69 - Parsing failed. Reason: User with same Email already exists. Email: Ganesh@toto.com
08-19-2022 @ 13:29:24 - Row :70 - Parsing item.
08-19-2022 @ 13:29:24 - Row :70 - Parsing failed. Reason: User with same Email already exists. Email: rudolfbarua@gmail.com
08-19-2022 @ 13:29:24 - Row :71 - Parsing item.
08-19-2022 @ 13:29:24 - Row :71 - Parsing failed. Reason: User with same Email already exists. Email: gracebeverages@gmail.com
08-19-2022 @ 13:29:24 - Row :72 - Parsing item.
08-19-2022 @ 13:29:24 - Row :72 - Parsing failed. Reason: User with same Email already exists. Email: parulb9@gmail.com
08-19-2022 @ 13:29:24 - Row :73 - Parsing item.
08-19-2022 @ 13:29:24 - Row :73 - Parsing failed. Reason: User with same Email already exists. Email: agm@euroindiafoods.com
08-19-2022 @ 13:29:24 - Row :74 - Parsing item.
08-19-2022 @ 13:29:24 - Row :74 - Parsing failed. Reason: User with same Email already exists. Email: yanrenovung@gmail.com
08-19-2022 @ 13:29:24 - Row :75 - Parsing item.
08-19-2022 @ 13:29:24 - Row :75 - Parsing failed. Reason: User with same Email already exists. Email: india_epr@cisco.com
08-19-2022 @ 13:29:24 - Row :76 - Parsing item.
08-19-2022 @ 13:29:24 - Row :76 - Parsing failed. Reason: User with same Email already exists. Email: daksh@industrialtechnologies.net
08-19-2022 @ 13:29:24 - Row :77 - Parsing item.
08-19-2022 @ 13:29:24 - Row :77 - Parsing failed. Reason: User with same Email already exists. Email: agm.production@euroindiafoods.com
08-19-2022 @ 13:29:24 - Row :78 - Parsing item.
08-19-2022 @ 13:29:24 - Row :78 - Parsing failed. Reason: User with same Email already exists. Email: jaberm@india.switzgroup.com
08-19-2022 @ 13:29:24 - Row :79 - Parsing item.
08-19-2022 @ 13:29:24 - Row :79 - Parsing failed. Reason: User with same Email already exists. Email: ijari.nk.a0n@ap.denso.com
08-19-2022 @ 13:29:24 - Row :80 - Parsing item.
08-19-2022 @ 13:29:24 - Row :80 - Parsing failed. Reason: User with same Email already exists. Email: pkgplast@rediffmail.com
08-19-2022 @ 13:29:24 - Row :81 - Parsing item.
08-19-2022 @ 13:29:24 - Row :81 - Parsing failed. Reason: User with same Email already exists. Email: Cs@colourflex.com
08-19-2022 @ 13:29:24 - Row :82 - Parsing item.
08-19-2022 @ 13:29:24 - Row :82 - Parsing failed. Reason: User with same Email already exists. Email: avinash@animeshpackaging.com
08-19-2022 @ 13:29:24 - Row :83 - Parsing item.
08-19-2022 @ 13:29:24 - Row :83 - Parsing failed. Reason: User with same Email already exists. Email: herambapolymers@yahoo.in
08-19-2022 @ 13:29:24 - Row :84 - Parsing item.
08-19-2022 @ 13:29:24 - Row :84 - Parsing failed. Reason: User with same Email already exists. Email: krishna@varvaraindia.co.in
08-19-2022 @ 13:29:24 - Row :85 - Parsing item.
08-19-2022 @ 13:29:24 - Row :85 - Parsing failed. Reason: User with same Email already exists. Email: krishanmohangupta01@gmail.com
08-19-2022 @ 13:29:24 - Row :86 - Parsing item.
08-19-2022 @ 13:29:24 - Row :86 - Parsing failed. Reason: User with same Email already exists. Email: feroz.shah@khybercement.com
08-19-2022 @ 13:29:24 - Row :87 - Parsing item.
08-19-2022 @ 13:29:24 - Row :87 - Parsing failed. Reason: User with same Email already exists. Email: goel.sunil58@gmail.com
08-19-2022 @ 13:29:24 - Row :88 - Parsing item.
08-19-2022 @ 13:29:24 - Row :88 - Parsing failed. Reason: User with same Email already exists. Email: sadiq.ali@marico.com
08-19-2022 @ 13:29:24 - Row :89 - Parsing item.
08-19-2022 @ 13:29:24 - Row :89 - Parsing failed. Reason: User with same Email already exists. Email: rajdhanid156@gmail.com
08-19-2022 @ 13:29:24 - Row :90 - Parsing item.
08-19-2022 @ 13:29:24 - Row :90 - Parsing failed. Reason: User with same Email already exists. Email: r.dhruba@gmail.com
08-19-2022 @ 13:29:24 - Row :91 - Parsing item.
08-19-2022 @ 13:29:24 - Row :91 - Parsing failed. Reason: User with same Email already exists. Email: sviepr2022@gmail.com
08-19-2022 @ 13:29:24 - Row :92 - Parsing item.
08-19-2022 @ 13:29:24 - Row :92 - Parsing failed. Reason: User with same Email already exists. Email: simrantraders118@gmail.com
08-19-2022 @ 13:29:24 - Row :93 - Parsing item.
08-19-2022 @ 13:29:24 - Row :93 - Parsing failed. Reason: User with same Email already exists. Email: kakunjeplastipacks@gmail.com
08-19-2022 @ 13:29:24 - Row :94 - Parsing item.
08-19-2022 @ 13:29:24 - Row :94 - Parsing failed. Reason: User with same Email already exists. Email: kashishparewa@gmail.com
08-19-2022 @ 13:29:24 - Row :95 - Parsing item.
08-19-2022 @ 13:29:24 - Row :95 - Parsing failed. Reason: User with same Email already exists. Email: Ayushi_Keshri@cargill.com
08-19-2022 @ 13:29:24 - Row :96 - Parsing item.
08-19-2022 @ 13:29:24 - Row :96 - Parsing failed. Reason: User with same Email already exists. Email: info@srideverajaagro.com
08-19-2022 @ 13:29:24 - Row :97 - Parsing item.
08-19-2022 @ 13:29:24 - Row :97 - Parsing failed. Reason: User with same Email already exists. Email: solefins@gmail.com
08-19-2022 @ 13:29:24 - Row :98 - Parsing item.
08-19-2022 @ 13:29:24 - Row :98 - Parsing failed. Reason: User with same Email already exists. Email: kusumparewa@gmail.com
08-19-2022 @ 13:29:24 - Row :99 - Parsing item.
08-19-2022 @ 13:29:24 - Row :99 - Parsing failed. Reason: User with same Email already exists. Email: epr.radiantindustries@gmail.com
08-19-2022 @ 13:29:24 - Row :100 - Parsing item.
08-19-2022 @ 13:29:24 - Row :100 - Parsing failed. Reason: User with same Email already exists. Email: deepakjose90@gmail.com
08-19-2022 @ 13:29:24 - Preparing for import.
08-19-2022 @ 13:29:24 - Row :101 - Parsing item.
08-19-2022 @ 13:29:24 - Row :101 - Parsing failed. Reason: User with same Email already exists. Email: sahajanandplastic44@gmail.com
08-19-2022 @ 13:29:24 - Row :102 - Parsing item.
08-19-2022 @ 13:29:24 - Row :102 - Parsing failed. Reason: User with same Email already exists. Email: nidhigroup9@yahoo.com
08-19-2022 @ 13:29:24 - Row :103 - Parsing item.
08-19-2022 @ 13:29:24 - Row :103 - Parsing failed. Reason: User with same Email already exists. Email: REALPACKAGING2016@GMAIL.COM
08-19-2022 @ 13:29:24 - Row :104 - Parsing item.
08-19-2022 @ 13:29:24 - Row :104 - Parsing failed. Reason: User with same Email already exists. Email: bangalore_admin@appple.com
08-19-2022 @ 13:29:24 - Row :105 - Parsing item.
08-19-2022 @ 13:29:24 - Row :105 - Parsing failed. Reason: User with same Email already exists. Email: bangalore_admin@apple.com
08-19-2022 @ 13:29:24 - Row :106 - Parsing item.
08-19-2022 @ 13:29:24 - Row :106 - Parsing failed. Reason: User with same Email already exists. Email: r.salunkhe@venturesunlimited.in
08-19-2022 @ 13:29:24 - Row :107 - Parsing item.
08-19-2022 @ 13:29:24 - Row :107 - Parsing failed. Reason: User with same Email already exists. Email: jmdpools@yahoo.com
08-19-2022 @ 13:29:24 - Row :108 - Parsing item.
08-19-2022 @ 13:29:24 - Row :108 - Parsing failed. Reason: User with same Email already exists. Email: jeeteen1989@gmail.com
08-19-2022 @ 13:29:24 - Row :109 - Parsing item.
08-19-2022 @ 13:29:24 - Row :109 - Parsing failed. Reason: User with same Email already exists. Email: harish.nair@ldc.com
08-19-2022 @ 13:29:24 - Row :110 - Parsing item.
08-19-2022 @ 13:29:24 - Row :110 - Parsing failed. Reason: User with same Email already exists. Email: aftglobalpvtltd@gmail.com
08-19-2022 @ 13:29:24 - Row :111 - Parsing item.
08-19-2022 @ 13:29:24 - Row :111 - Parsing failed. Reason: User with same Email already exists. Email: subbaiah.pt@seslong.com
08-19-2022 @ 13:29:24 - Row :112 - Parsing item.
08-19-2022 @ 13:29:24 - Row :112 - Parsing failed. Reason: User with same Email already exists. Email: madhu8py@gmail.com
08-19-2022 @ 13:29:24 - Row :113 - Parsing item.
08-19-2022 @ 13:29:24 - Row :113 - Parsing failed. Reason: User with same Email already exists. Email: impexp.ssr@gmail.com
08-19-2022 @ 13:29:24 - Row :114 - Parsing item.
08-19-2022 @ 13:29:24 - Row :114 - Parsing failed. Reason: User with same Email already exists. Email: anand@kei-ind.com
08-19-2022 @ 13:29:24 - Row :115 - Parsing item.
08-19-2022 @ 13:29:24 - Row :115 - Parsing failed. Reason: User with same Email already exists. Email: jayakrishnan.nair@kcpt.co.in
08-19-2022 @ 13:29:24 - Row :116 - Parsing item.
08-19-2022 @ 13:29:24 - Row :116 - Parsing failed. Reason: User with same Email already exists. Email: shahid.ahmed@exuberoseals.com
08-19-2022 @ 13:29:24 - Row :117 - Parsing item.
08-19-2022 @ 13:29:24 - Row :117 - Parsing failed. Reason: User with same Email already exists. Email: rao@oppi.ttp.co.in
08-19-2022 @ 13:29:24 - Row :118 - Parsing item.
08-19-2022 @ 13:29:24 - Row :118 - Parsing failed. Reason: User with same Email already exists. Email: info@somindia.in
08-19-2022 @ 13:29:24 - Row :119 - Parsing item.
08-19-2022 @ 13:29:24 - Row :119 - Parsing failed. Reason: User with same Email already exists. Email: pramay.ekawade@abbott.com
08-19-2022 @ 13:29:24 - Row :120 - Parsing item.
08-19-2022 @ 13:29:24 - Row :120 - Parsing failed. Reason: User with same Email already exists. Email: kammajum@in.ibm.com
08-19-2022 @ 13:29:24 - Row :121 - Parsing item.
08-19-2022 @ 13:29:24 - Row :121 - Parsing failed. Reason: User with same Email already exists. Email: sukiplanning@sukicreations.com
08-19-2022 @ 13:29:24 - Row :122 - Parsing item.
08-19-2022 @ 13:29:24 - Row :122 - Parsing failed. Reason: User with same Email already exists. Email: aditi.jain@asianpaintsppg.com
08-19-2022 @ 13:29:24 - Row :123 - Parsing item.
08-19-2022 @ 13:29:24 - Row :123 - Parsing failed. Reason: User with same Email already exists. Email: rajesh.n.saraf@gmail.com
08-19-2022 @ 13:29:24 - Row :124 - Parsing item.
08-19-2022 @ 13:29:24 - Row :124 - Parsing failed. Reason: User with same Email already exists. Email: vijaikapoor@bagrrys.com
08-19-2022 @ 13:29:24 - Row :125 - Parsing item.
08-19-2022 @ 13:29:24 - Row :125 - Parsing failed. Reason: User with same Email already exists. Email: info@mrbinternational.com
08-19-2022 @ 13:29:24 - Row :126 - Parsing item.
08-19-2022 @ 13:29:24 - Row :126 - Parsing failed. Reason: User with same Email already exists. Email: corporate.hr@lavazza.co.in
08-19-2022 @ 13:29:24 - Row :127 - Parsing item.
08-19-2022 @ 13:29:24 - Row :127 - Parsing failed. Reason: User with same Email already exists. Email: scyadav@sk.com
08-19-2022 @ 13:29:24 - Row :128 - Parsing item.
08-19-2022 @ 13:29:24 - Row :128 - Parsing failed. Reason: User with same Email already exists. Email: himanshu@urdistree.com
08-19-2022 @ 13:29:24 - Row :129 - Parsing item.
08-19-2022 @ 13:29:24 - Row :129 - Parsing failed. Reason: User with same Email already exists. Email: vishnu.patil@tataautocomp.com
08-19-2022 @ 13:29:24 - Row :130 - Parsing item.
08-19-2022 @ 13:29:24 - Row :130 - Parsing failed. Reason: User with same Email already exists. Email: info@galaxypolyplast.in
08-19-2022 @ 13:29:24 - Row :131 - Parsing item.
08-19-2022 @ 13:29:24 - Row :131 - Parsing failed. Reason: User with same Email already exists. Email: praveenv@vibhaecopac.com
08-19-2022 @ 13:29:24 - Row :132 - Parsing item.
08-19-2022 @ 13:29:24 - Row :132 - Parsing failed. Reason: User with same Email already exists. Email: sanjay@hadfieldindustries.com
08-19-2022 @ 13:29:24 - Row :133 - Parsing item.
08-19-2022 @ 13:29:24 - Row :133 - Parsing failed. Reason: User with same Email already exists. Email: shashi.ranjan@poctservices.com
08-19-2022 @ 13:29:24 - Row :134 - Parsing item.
08-19-2022 @ 13:29:24 - Row :134 - Parsing failed. Reason: User with same Email already exists. Email: harikaza@friendsgroupindia.com
08-19-2022 @ 13:29:24 - Row :135 - Parsing item.
08-19-2022 @ 13:29:24 - Row :135 - Parsing failed. Reason: User with same Email already exists. Email: pcl_sethi@yahoo.in
08-19-2022 @ 13:29:24 - Row :136 - Parsing item.
08-19-2022 @ 13:29:24 - Row :136 - Parsing failed. Reason: User with same Email already exists. Email: veer.flexoprint@gmail.com
08-19-2022 @ 13:29:24 - Row :137 - Parsing item.
08-19-2022 @ 13:29:24 - Row :137 - Parsing failed. Reason: User with same Email already exists. Email: dhanvi_bellary@yahoo.co.in
08-19-2022 @ 13:29:24 - Row :138 - Parsing item.
08-19-2022 @ 13:29:24 - Row :138 - Parsing failed. Reason: User with same Email already exists. Email: Krishnatex14@gmail.com
08-19-2022 @ 13:29:24 - Row :139 - Parsing item.
08-19-2022 @ 13:29:24 - Row :139 - Parsing failed. Reason: User with same Email already exists. Email: environaegis@gmail.com
08-19-2022 @ 13:29:24 - Row :140 - Parsing item.
08-19-2022 @ 13:29:24 - Row :140 - Parsing failed. Reason: User with same Email already exists. Email: ANSHUL.GOEL@ALDEKOPANELS.COM
08-19-2022 @ 13:29:24 - Row :141 - Parsing item.
08-19-2022 @ 13:29:24 - Row :141 - Parsing failed. Reason: User with same Email already exists. Email: sandeepmore1020@gmail.com
08-19-2022 @ 13:29:24 - Row :142 - Parsing item.
08-19-2022 @ 13:29:24 - Row :142 - Parsing failed. Reason: User with same Email already exists. Email: GOPALKHAITAN123@HOTMAIL.COM
08-19-2022 @ 13:29:24 - Row :143 - Parsing item.
08-19-2022 @ 13:29:24 - Row :143 - Parsing failed. Reason: User with same Email already exists. Email: mcr.chinnah@gmail.com
08-19-2022 @ 13:29:24 - Row :144 - Parsing item.
08-19-2022 @ 13:29:24 - Row :144 - Parsing failed. Reason: User with same Email already exists. Email: narmadagroup@gmail.com
08-19-2022 @ 13:29:24 - Row :145 - Parsing item.
08-19-2022 @ 13:29:24 - Row :145 - Parsing failed. Reason: User with same Email already exists. Email: info.himanichemtech@gmail.com
08-19-2022 @ 13:29:24 - Row :146 - Parsing item.
08-19-2022 @ 13:29:24 - Row :146 - Parsing failed. Reason: User with same Email already exists. Email: vineetbagaria5544@gmail.com
08-19-2022 @ 13:29:24 - Row :147 - Parsing item.
08-19-2022 @ 13:29:24 - Row :147 - Parsing failed. Reason: User with same Email already exists. Email: hrd@rathnagroup.in
08-19-2022 @ 13:29:24 - Row :148 - Parsing item.
08-19-2022 @ 13:29:24 - Row :148 - Parsing failed. Reason: User with same Email already exists. Email: kswarna@in.ibm.com
08-19-2022 @ 13:29:24 - Row :149 - Parsing item.
08-19-2022 @ 13:29:24 - Row :149 - Parsing failed. Reason: User with same Email already exists. Email: kamal.aidasani@hyfunfoods.com
08-19-2022 @ 13:29:24 - Row :150 - Parsing item.
08-19-2022 @ 13:29:24 - Row :150 - Parsing failed. Reason: User with same Email already exists. Email: kushang@interkiln.co.uk
08-19-2022 @ 13:29:24 - Row :151 - Parsing item.
08-19-2022 @ 13:29:24 - Row :151 - Parsing failed. Reason: User with same Email already exists. Email: office@interkiln.com
08-19-2022 @ 13:29:24 - Row :152 - Parsing item.
08-19-2022 @ 13:29:24 - Row :152 - Parsing failed. Reason: User with same Email already exists. Email: iatkp@rediffmail.com
08-19-2022 @ 13:29:24 - Row :153 - Parsing item.
08-19-2022 @ 13:29:24 - Row :153 - Parsing failed. Reason: User with same Email already exists. Email: tacoverseas@gmail.com
08-19-2022 @ 13:29:24 - Row :154 - Parsing item.
08-19-2022 @ 13:29:24 - Row :154 - Parsing failed. Reason: User with same Email already exists. Email: inder@indocount.com
08-19-2022 @ 13:29:24 - Row :155 - Parsing item.
08-19-2022 @ 13:29:24 - Row :155 - Parsing failed. Reason: User with same Email already exists. Email: duttasubash6@gmail.com
08-19-2022 @ 13:29:24 - Row :156 - Parsing item.
08-19-2022 @ 13:29:24 - Row :156 - Parsing failed. Reason: User with same Email already exists. Email: manoj.ghagare@irco.com
08-19-2022 @ 13:29:24 - Row :157 - Parsing item.
08-19-2022 @ 13:29:24 - Row :157 - Parsing failed. Reason: User with same Email already exists. Email: pjangid358@gmail.com
08-19-2022 @ 13:29:24 - Row :158 - Parsing item.
08-19-2022 @ 13:29:24 - Row :158 - Parsing failed. Reason: User with same Email already exists. Email: vikassharma@kesarindia.com
08-19-2022 @ 13:29:24 - Row :159 - Parsing item.
08-19-2022 @ 13:29:24 - Row :159 - Parsing failed. Reason: User with same Email already exists. Email: atlasktm@gmail.com
08-19-2022 @ 13:29:24 - Row :160 - Parsing item.
08-19-2022 @ 13:29:24 - Row :160 - Parsing failed. Reason: User with same Email already exists. Email: rajesh@oraclegroup.net
08-19-2022 @ 13:29:24 - Row :161 - Parsing item.
08-19-2022 @ 13:29:24 - Row :161 - Parsing failed. Reason: User with same Email already exists. Email: dsl.nda@dsgroup.com
08-19-2022 @ 13:29:24 - Row :162 - Parsing item.
08-19-2022 @ 13:29:24 - Row :162 - Parsing failed. Reason: User with same Email already exists. Email: venu@rkworldinfocom.com
08-19-2022 @ 13:29:24 - Row :163 - Parsing item.
08-19-2022 @ 13:29:24 - Row :163 - Parsing failed. Reason: User with same Email already exists. Email: glitorium@gmail.com
08-19-2022 @ 13:29:24 - Row :164 - Parsing item.
08-19-2022 @ 13:29:24 - Row :164 - Parsing failed. Reason: User with same Email already exists. Email: aryanaquaipl@gmail.com
08-19-2022 @ 13:29:24 - Row :165 - Parsing item.
08-19-2022 @ 13:29:24 - Row :165 - Parsing failed. Reason: User with same Email already exists. Email: anughatwo2013@gmail.com
08-19-2022 @ 13:29:24 - Row :166 - Parsing item.
08-19-2022 @ 13:29:24 - Row :166 - Parsing failed. Reason: User with same Email already exists. Email: yogendra.panchal@ldc.com
08-19-2022 @ 13:29:24 - Row :167 - Parsing item.
08-19-2022 @ 13:29:24 - Row :167 - Parsing failed. Reason: User with same Email already exists. Email: pharcos11@gmail.com
08-19-2022 @ 13:29:24 - Row :168 - Parsing item.
08-19-2022 @ 13:29:24 - Row :168 - Parsing failed. Reason: User with same Email already exists. Email: siladitc@amazon.com
08-19-2022 @ 13:29:24 - Row :169 - Parsing item.
08-19-2022 @ 13:29:24 - Row :169 - Parsing failed. Reason: User with same Email already exists. Email: rajamram@amazon.com
08-19-2022 @ 13:29:24 - Row :170 - Parsing item.
08-19-2022 @ 13:29:24 - Row :170 - Parsing failed. Reason: User with same Email already exists. Email: SS948231@GMAIL.COM
08-19-2022 @ 13:29:24 - Row :171 - Parsing item.
08-19-2022 @ 13:29:24 - Row :171 - Parsing failed. Reason: User with same Email already exists. Email: harish.kanotra@redbull.com
08-19-2022 @ 13:29:24 - Row :172 - Parsing item.
08-19-2022 @ 13:29:24 - Row :172 - Parsing failed. Reason: User with same Email already exists. Email: archit.soni@abbott.com
08-19-2022 @ 13:29:24 - Row :173 - Parsing item.
08-19-2022 @ 13:29:24 - Row :173 - Parsing failed. Reason: User with same Email already exists. Email: CRAFTVAPI@GMAIL.COM
08-19-2022 @ 13:29:24 - Row :174 - Parsing item.
08-19-2022 @ 13:29:24 - Row :174 - Parsing failed. Reason: User with same Email already exists. Email: shlok@sudarshangroup.net
08-19-2022 @ 13:29:24 - Row :175 - Parsing item.
08-19-2022 @ 13:29:24 - Row :175 - Parsing failed. Reason: User with same Email already exists. Email: sinclairtraders@gmail.com
08-19-2022 @ 13:29:25 - Row :176 - Parsing item.
08-19-2022 @ 13:29:25 - Row :176 - Parsing failed. Reason: User with same Email already exists. Email: SHANHOT2003@YAHOO.COM
08-19-2022 @ 13:29:25 - Row :177 - Parsing item.
08-19-2022 @ 13:29:25 - Row :177 - Parsing failed. Reason: User with same Email already exists. Email: gallentktm@gmail.com
08-19-2022 @ 13:29:25 - Row :178 - Parsing item.
08-19-2022 @ 13:29:25 - Row :178 - Parsing failed. Reason: User with same Email already exists. Email: ravi@jaytea.com
08-19-2022 @ 13:29:25 - Row :179 - Parsing item.
08-19-2022 @ 13:29:25 - Row :179 - Parsing failed. Reason: User with same Email already exists. Email: info@spektacosmetics.com
08-19-2022 @ 13:29:25 - Row :180 - Parsing item.
08-19-2022 @ 13:29:25 - Row :180 - Parsing failed. Reason: User with same Email already exists. Email: gautam.ahuja@guhring.in
08-19-2022 @ 13:29:25 - Row :181 - Parsing item.
08-19-2022 @ 13:29:25 - Row :181 - Parsing failed. Reason: User with same Email already exists. Email: surender.wadhwa@albea-group.com
08-19-2022 @ 13:29:25 - Row :182 - Parsing item.
08-19-2022 @ 13:29:25 - Row :182 - Parsing failed. Reason: User with same Email already exists. Email: gaurav@nxpack.in
08-19-2022 @ 13:29:25 - Row :183 - Parsing item.
08-19-2022 @ 13:29:25 - Row :183 - Parsing failed. Reason: User with same Email already exists. Email: companysecretary.usi@gmail.com
08-19-2022 @ 13:29:25 - Row :184 - Parsing item.
08-19-2022 @ 13:29:25 - Row :184 - Parsing failed. Reason: User with same Email already exists. Email: suriyaimpexx@gmail.com
08-19-2022 @ 13:29:25 - Row :185 - Parsing item.
08-19-2022 @ 13:29:25 - Row :185 - Parsing failed. Reason: User with same Email already exists. Email: kasturiraj@grbdairyfood.com
08-19-2022 @ 13:29:25 - Row :186 - Parsing item.
08-19-2022 @ 13:29:25 - Row :186 - Parsing failed. Reason: User with same Email already exists. Email: navya@parvafoam.com
08-19-2022 @ 13:29:25 - Row :187 - Parsing item.
08-19-2022 @ 13:29:25 - Row :187 - Parsing failed. Reason: User with same Email already exists. Email: exim.crescent@gmail.com
08-19-2022 @ 13:29:25 - Row :188 - Parsing item.
08-19-2022 @ 13:29:25 - Row :188 - Parsing failed. Reason: User with same Email already exists. Email: sspolymeradoor@gmail.com
08-19-2022 @ 13:29:25 - Row :189 - Parsing item.
08-19-2022 @ 13:29:25 - Row :189 - Parsing failed. Reason: User with same Email already exists. Email: kalpesh948@gmail.com
08-19-2022 @ 13:29:25 - Row :190 - Parsing item.
08-19-2022 @ 13:29:25 - Row :190 - Parsing failed. Reason: User with same Email already exists. Email: vinay.kumar2@adani.com
08-19-2022 @ 13:29:25 - Row :191 - Parsing item.
08-19-2022 @ 13:29:25 - Row :191 - Parsing failed. Reason: User with same Email already exists. Email: jaidev.singh@carriermidea.com
08-19-2022 @ 13:29:25 - Row :192 - Parsing item.
08-19-2022 @ 13:29:25 - Row :192 - Parsing failed. Reason: User with same Email already exists. Email: ccd.epr@crystalcontainers.com
08-19-2022 @ 13:29:25 - Row :193 - Parsing item.
08-19-2022 @ 13:29:25 - Row :193 - Parsing failed. Reason: User with same Email already exists. Email: gamapackaging2021@gmail.com
08-19-2022 @ 13:29:25 - Row :194 - Parsing item.
08-19-2022 @ 13:29:25 - Row :194 - Parsing failed. Reason: User with same Email already exists. Email: msaraswat@ancorottiindia.com
08-19-2022 @ 13:29:25 - Row :195 - Parsing item.
08-19-2022 @ 13:29:25 - Row :195 - Parsing failed. Reason: User with same Email already exists. Email: Craftpac18@gmail.com
08-19-2022 @ 13:29:25 - Row :196 - Parsing item.
08-19-2022 @ 13:29:25 - Row :196 - Parsing failed. Reason: User with same Email already exists. Email: samirk.samal@abdosindia.com
08-19-2022 @ 13:29:25 - Row :197 - Parsing item.
08-19-2022 @ 13:29:25 - Row :197 - Parsing failed. Reason: User with same Email already exists. Email: Chetaram.Sharma@cipla.com
08-19-2022 @ 13:29:25 - Row :198 - Parsing item.
08-19-2022 @ 13:29:25 - Row :198 - Parsing failed. Reason: User with same Email already exists. Email: legal@urmingroup.com
08-19-2022 @ 13:29:25 - Row :199 - Parsing item.
08-19-2022 @ 13:29:25 - Row :199 - Parsing failed. Reason: User with same Email already exists. Email: SUNILPUVATHIL@GMAIL.COM
08-19-2022 @ 13:29:25 - Row :200 - Parsing item.
08-19-2022 @ 13:29:25 - Row :200 - Parsing failed. Reason: User with same Email already exists. Email: Madhur_G@asus.com
08-19-2022 @ 13:29:25 - Preparing for import.
08-19-2022 @ 13:29:25 - Row :201 - Parsing item.
08-19-2022 @ 13:29:25 - Row :201 - Parsing failed. Reason: User with same Email already exists. Email: garg_0@rediffmail.com
08-19-2022 @ 13:29:25 - Row :202 - Parsing item.
08-19-2022 @ 13:29:25 - Row :202 - Parsing failed. Reason: User with same Email already exists. Email: padmapolymers99@gmail.com
08-19-2022 @ 13:29:25 - Row :203 - Parsing item.
08-19-2022 @ 13:29:25 - Row :203 - Parsing failed. Reason: User with same Email already exists. Email: caretrikuta@gmail.com
08-19-2022 @ 13:29:25 - Row :204 - Parsing item.
08-19-2022 @ 13:29:25 - Row :204 - Parsing failed. Reason: User with same Email already exists. Email: smplastpondy@gmail.com
08-19-2022 @ 13:29:25 - Row :205 - Parsing item.
08-19-2022 @ 13:29:25 - Row :205 - Parsing failed. Reason: User with same Email already exists. Email: kkeshav@grouppharma.in
08-19-2022 @ 13:29:25 - Row :206 - Parsing item.
08-19-2022 @ 13:29:25 - Row :206 - Parsing failed. Reason: User with same Email already exists. Email: online@befach.com
08-19-2022 @ 13:29:25 - Row :207 - Parsing item.
08-19-2022 @ 13:29:25 - Row :207 - Parsing failed. Reason: User with same Email already exists. Email: sahil@rgimeditech.com
08-19-2022 @ 13:29:25 - Row :208 - Parsing item.
08-19-2022 @ 13:29:25 - Row :208 - Parsing failed. Reason: User with same Email already exists. Email: corp@kinetic-taigene.com
08-19-2022 @ 13:29:25 - Row :209 - Parsing item.
08-19-2022 @ 13:29:25 - Row :209 - Parsing failed. Reason: User with same Email already exists. Email: indraneel.chitale@chitalebandhu.in
08-19-2022 @ 13:29:25 - Row :210 - Parsing item.
08-19-2022 @ 13:29:25 - Row :210 - Parsing failed. Reason: User with same Email already exists. Email: mkmunni@kinetic-taigene.com
08-19-2022 @ 13:29:25 - Row :211 - Parsing item.
08-19-2022 @ 13:29:25 - Row :211 - Parsing failed. Reason: User with same Email already exists. Email: purchasesm3@kinetic-taigene.com
08-19-2022 @ 13:29:25 - Row :212 - Parsing item.
08-19-2022 @ 13:29:25 - Row :212 - Parsing failed. Reason: User with same Email already exists. Email: rameshplastic2015@gmail.com
08-19-2022 @ 13:29:25 - Row :213 - Parsing item.
08-19-2022 @ 13:29:25 - Row :213 - Parsing failed. Reason: User with same Email already exists. Email: preethi.r@cavinkare.com
08-19-2022 @ 13:29:25 - Row :214 - Parsing item.
08-19-2022 @ 13:29:25 - Row :214 - Parsing failed. Reason: User with same Email already exists. Email: SHREESHANKARPLASTICS@REDIFFMAIL.COM
08-19-2022 @ 13:29:25 - Row :215 - Parsing item.
08-19-2022 @ 13:29:25 - Row :215 - Parsing failed. Reason: User with same Email already exists. Email: shivampolymers@gmail.com
08-19-2022 @ 13:29:25 - Row :216 - Parsing item.
08-19-2022 @ 13:29:25 - Row :216 - Parsing failed. Reason: User with same Email already exists. Email: pankajarora@lbpl.in
08-19-2022 @ 13:29:25 - Row :217 - Parsing item.
08-19-2022 @ 13:29:25 - Row :217 - Parsing failed. Reason: User with same Email already exists. Email: subodhgupta@dizo.net
08-19-2022 @ 13:29:25 - Row :218 - Parsing item.
08-19-2022 @ 13:29:25 - Row :218 - Parsing failed. Reason: User with same Email already exists. Email: vjamwal07@yahoo.co.in
08-19-2022 @ 13:29:25 - Row :219 - Parsing item.
08-19-2022 @ 13:29:25 - Row :219 - Parsing failed. Reason: User with same Email already exists. Email: Hemant.Saraswat@adm.com
08-19-2022 @ 13:29:25 - Row :220 - Parsing item.
08-19-2022 @ 13:29:25 - Row :220 - Parsing failed. Reason: User with same Email already exists. Email: vishal.jam@rediffmail.com
08-19-2022 @ 13:29:25 - Row :221 - Parsing item.
08-19-2022 @ 13:29:25 - Row :221 - Parsing failed. Reason: User with same Email already exists. Email: ananthkumar@atiautoparts.co.in
08-19-2022 @ 13:29:25 - Row :222 - Parsing item.
08-19-2022 @ 13:29:25 - Row :222 - Parsing failed. Reason: User with same Email already exists. Email: sales.dukeappliances@gmail.com
08-19-2022 @ 13:29:25 - Row :223 - Parsing item.
08-19-2022 @ 13:29:25 - Row :223 - Parsing failed. Reason: User with same Email already exists. Email: aqsastamping@rocketmail.com
08-19-2022 @ 13:29:25 - Row :224 - Parsing item.
08-19-2022 @ 13:29:25 - Row :224 - Parsing failed. Reason: User with same Email already exists. Email: subham.india@outlook.com
08-19-2022 @ 13:29:25 - Row :225 - Parsing item.
08-19-2022 @ 13:29:25 - Row :225 - Parsing failed. Reason: User with same Email already exists. Email: ASHWANI.SEHGAL10@GMAIL.COM
08-19-2022 @ 13:29:25 - Row :226 - Parsing item.
08-19-2022 @ 13:29:25 - Row :226 - Parsing failed. Reason: User with same Email already exists. Email: anand.thakur@kei-ind.com
08-19-2022 @ 13:29:25 - Row :227 - Parsing item.
08-19-2022 @ 13:29:25 - Row :227 - Parsing failed. Reason: User with same Email already exists. Email: gupta.sunil@jainfarmfresh.com
08-19-2022 @ 13:29:25 - Row :228 - Parsing item.
08-19-2022 @ 13:29:25 - Row :228 - Parsing failed. Reason: User with same Email already exists. Email: ACCOUNTS1@POSITEX.IN
08-19-2022 @ 13:29:25 - Row :229 - Parsing item.
08-19-2022 @ 13:29:25 - Row :229 - Parsing failed. Reason: User with same Email already exists. Email: arvind.singh3@abbott.com
08-19-2022 @ 13:29:25 - Row :230 - Parsing item.
08-19-2022 @ 13:29:25 - Row :230 - Parsing failed. Reason: User with same Email already exists. Email: eprpghp.im@pg.com
08-19-2022 @ 13:29:25 - Row :231 - Parsing item.
08-19-2022 @ 13:29:25 - Row :231 - Parsing failed. Reason: User with same Email already exists. Email: apil@apilindia.com
08-19-2022 @ 13:29:25 - Row :232 - Parsing item.
08-19-2022 @ 13:29:25 - Row :232 - Parsing failed. Reason: User with same Email already exists. Email: sharma.sv@pg.com
08-19-2022 @ 13:29:25 - Row :233 - Parsing item.
08-19-2022 @ 13:29:25 - Row :233 - Parsing failed. Reason: User with same Email already exists. Email: patel.n.24@pg.com
08-19-2022 @ 13:29:25 - Row :234 - Parsing item.
08-19-2022 @ 13:29:25 - Row :234 - Parsing failed. Reason: User with same Email already exists. Email: laxmiventure@gmail.com
08-19-2022 @ 13:29:25 - Row :235 - Parsing item.
08-19-2022 @ 13:29:25 - Row :235 - Parsing failed. Reason: User with same Email already exists. Email: indersingh@ramagroup.co.in
08-19-2022 @ 13:29:25 - Row :236 - Parsing item.
08-19-2022 @ 13:29:25 - Row :236 - Parsing failed. Reason: User with same Email already exists. Email: shyamlplnoida@gmail.com
08-19-2022 @ 13:29:25 - Row :237 - Parsing item.
08-19-2022 @ 13:29:25 - Row :237 - Parsing failed. Reason: User with same Email already exists. Email: MSGENTERPRISES1971@GMAIL.COM
08-19-2022 @ 13:29:25 - Row :238 - Parsing item.
08-19-2022 @ 13:29:25 - Row :238 - Parsing failed. Reason: User with same Email already exists. Email: rctimdp@gmail.com
08-19-2022 @ 13:29:25 - Row :239 - Parsing item.
08-19-2022 @ 13:29:25 - Row :239 - Parsing failed. Reason: User with same Email already exists. Email: dhanvi1969bly@gmail.com
08-19-2022 @ 13:29:25 - Row :240 - Parsing item.
08-19-2022 @ 13:29:25 - Row :240 - Parsing failed. Reason: User with same Email already exists. Email: amit.salagare@nouryon.com
08-19-2022 @ 13:29:25 - Row :241 - Parsing item.
08-19-2022 @ 13:29:25 - Row :241 - Parsing failed. Reason: User with same Email already exists. Email: praveen.ls@niproindia.com
08-19-2022 @ 13:29:25 - Row :242 - Parsing item.
08-19-2022 @ 13:29:25 - Row :242 - Parsing failed. Reason: User with same Email already exists. Email: vpdubey@doctorsoap.com
08-19-2022 @ 13:29:25 - Row :243 - Parsing item.
08-19-2022 @ 13:29:25 - Row :243 - Parsing failed. Reason: User with same Email already exists. Email: jaiinternational.info@gmail.com
08-19-2022 @ 13:29:25 - Row :244 - Parsing item.
08-19-2022 @ 13:29:25 - Row :244 - Parsing failed. Reason: User with same Email already exists. Email: yashrotoprint@yahoo.com
08-19-2022 @ 13:29:25 - Row :245 - Parsing item.
08-19-2022 @ 13:29:25 - Row :245 - Parsing failed. Reason: User with same Email already exists. Email: sj@decora.in
08-19-2022 @ 13:29:25 - Row :246 - Parsing item.
08-19-2022 @ 13:29:25 - Row :246 - Parsing failed. Reason: User with same Email already exists. Email: deendayalfoodspvt.ltd@gmail.com
08-19-2022 @ 13:29:25 - Row :247 - Parsing item.
08-19-2022 @ 13:29:25 - Row :247 - Parsing failed. Reason: User with same Email already exists. Email: sonajellies@gmail.com
08-19-2022 @ 13:29:25 - Row :248 - Parsing item.
08-19-2022 @ 13:29:25 - Row :248 - Parsing failed. Reason: User with same Email already exists. Email: impexthomson@yahoo.com
08-19-2022 @ 13:29:25 - Row :249 - Parsing item.
08-19-2022 @ 13:29:25 - Row :249 - Parsing failed. Reason: User with same Email already exists. Email: abhishek@lexlabs.xyz
08-19-2022 @ 13:29:25 - Row :250 - Parsing item.
08-19-2022 @ 13:29:25 - Row :250 - Parsing failed. Reason: User with same Email already exists. Email: Ajaysood@herocycles.com
08-19-2022 @ 13:29:25 - Row :251 - Parsing item.
08-19-2022 @ 13:29:25 - Row :251 - Parsing failed. Reason: User with same Email already exists. Email: rahul_trade@yahoo.com
08-19-2022 @ 13:29:25 - Row :252 - Parsing item.
08-19-2022 @ 13:29:25 - Row :252 - Parsing failed. Reason: User with same Email already exists. Email: parvinder.kumar@bikano.com
08-19-2022 @ 13:29:25 - Row :253 - Parsing item.
08-19-2022 @ 13:29:25 - Row :253 - Parsing failed. Reason: User with same Email already exists. Email: hr.jdsingh@gmail.com
08-19-2022 @ 13:29:25 - Row :254 - Parsing item.
08-19-2022 @ 13:29:25 - Row :254 - Parsing failed. Reason: User with same Email already exists. Email: arvind.gupta@rajdhanibesan.com
08-19-2022 @ 13:29:25 - Row :255 - Parsing item.
08-19-2022 @ 13:29:25 - Row :255 - Parsing failed. Reason: User with same Email already exists. Email: cubicmodular14@gmail.com
08-19-2022 @ 13:29:25 - Row :256 - Parsing item.
08-19-2022 @ 13:29:25 - Row :256 - Parsing failed. Reason: User with same Email already exists. Email: jigar.kothari1@gmail.com
08-19-2022 @ 13:29:25 - Row :257 - Parsing item.
08-19-2022 @ 13:29:25 - Row :257 - Parsing failed. Reason: User with same Email already exists. Email: guru@veg-olution.com
08-19-2022 @ 13:29:25 - Row :258 - Parsing item.
08-19-2022 @ 13:29:25 - Row :258 - Parsing failed. Reason: User with same Email already exists. Email: rajkamal@vasantmasala.com
08-19-2022 @ 13:29:25 - Row :259 - Parsing item.
08-19-2022 @ 13:29:25 - Row :259 - Parsing failed. Reason: User with same Email already exists. Email: hanskejio@rediffmail.com
08-19-2022 @ 13:29:25 - Row :260 - Parsing item.
08-19-2022 @ 13:29:25 - Row :260 - Parsing failed. Reason: User with same Email already exists. Email: mahavir.chem.caps@gmail.com
08-19-2022 @ 13:29:25 - Row :261 - Parsing item.
08-19-2022 @ 13:29:25 - Row :261 - Parsing failed. Reason: User with same Email already exists. Email: qc@varnicaherbs.com
08-19-2022 @ 13:29:25 - Row :262 - Parsing item.
08-19-2022 @ 13:29:25 - Row :262 - Parsing failed. Reason: User with same Email already exists. Email: rajleo1972@gmail.com
08-19-2022 @ 13:29:25 - Row :263 - Parsing item.
08-19-2022 @ 13:29:25 - Row :263 - Parsing failed. Reason: User with same Email already exists. Email: epicdrugs@outlook.com
08-19-2022 @ 13:29:25 - Row :264 - Parsing item.
08-19-2022 @ 13:29:25 - Row :264 - Parsing failed. Reason: User with same Email already exists. Email: saurabh.singh@guardian.com
08-19-2022 @ 13:29:25 - Row :265 - Parsing item.
08-19-2022 @ 13:29:25 - Row :265 - Parsing failed. Reason: User with same Email already exists. Email: reemasilky8287@gmail.com
08-19-2022 @ 13:29:25 - Row :266 - Parsing item.
08-19-2022 @ 13:29:25 - Row :266 - Parsing failed. Reason: User with same Email already exists. Email: prashant.bhale@lge.com
08-19-2022 @ 13:29:25 - Row :267 - Parsing item.
08-19-2022 @ 13:29:25 - Row :267 - Parsing failed. Reason: User with same Email already exists. Email: goldenenterprises475@gmail.com
08-19-2022 @ 13:29:25 - Row :268 - Parsing item.
08-19-2022 @ 13:29:25 - Row :268 - Parsing failed. Reason: User with same Email already exists. Email: vishal.chopra3642@gmail.com
08-19-2022 @ 13:29:25 - Row :269 - Parsing item.
08-19-2022 @ 13:29:25 - Row :269 - Parsing failed. Reason: User with same Email already exists. Email: cepac.pkg@gmail.com
08-19-2022 @ 13:29:25 - Row :270 - Parsing item.
08-19-2022 @ 13:29:25 - Row :270 - Parsing failed. Reason: User with same Email already exists. Email: dhruvreprocesspvtltd123@gmail.com
08-19-2022 @ 13:29:25 - Row :271 - Parsing item.
08-19-2022 @ 13:29:25 - Row :271 - Parsing failed. Reason: User with same Email already exists. Email: nidixa724@iconzap.com
08-19-2022 @ 13:29:25 - Row :272 - Parsing item.
08-19-2022 @ 13:29:25 - Row :272 - Parsing failed. Reason: User with same Email already exists. Email: mahendra.singh@templepackaging.co.in
08-19-2022 @ 13:29:25 - Row :273 - Parsing item.
08-19-2022 @ 13:29:25 - Row :273 - Parsing failed. Reason: User with same Email already exists. Email: hitendrap@india.switzgroup.com
08-19-2022 @ 13:29:25 - Row :274 - Parsing item.
08-19-2022 @ 13:29:25 - Row :274 - Parsing failed. Reason: User with same Email already exists. Email: nirankari_rosshan@yahoo.com
08-19-2022 @ 13:29:25 - Row :275 - Parsing item.
08-19-2022 @ 13:29:25 - Row :275 - Parsing failed. Reason: User with same Email already exists. Email: packaging.dispo@gmail.com
08-19-2022 @ 13:29:25 - Row :276 - Parsing item.
08-19-2022 @ 13:29:25 - Row :276 - Parsing failed. Reason: User with same Email already exists. Email: corporatearkca@gmail.com
08-19-2022 @ 13:29:25 - Row :277 - Parsing item.
08-19-2022 @ 13:29:25 - Row :277 - Parsing failed. Reason: User with same Email already exists. Email: lokesh.palan@ril.com
08-19-2022 @ 13:29:25 - Row :278 - Parsing item.
08-19-2022 @ 13:29:25 - Row :278 - Parsing failed. Reason: User with same Email already exists. Email: K.c.sharma@kei-ind.com
08-19-2022 @ 13:29:25 - Row :279 - Parsing item.
08-19-2022 @ 13:29:25 - Row :279 - Parsing failed. Reason: User with same Email already exists. Email: viditveeryadav@gmail.com
08-19-2022 @ 13:29:25 - Row :280 - Parsing item.
08-19-2022 @ 13:29:25 - Row :280 - Parsing failed. Reason: User with same Email already exists. Email: chahat1610@gmail.com
08-19-2022 @ 13:29:25 - Row :281 - Parsing item.
08-19-2022 @ 13:29:25 - Row :281 - Parsing failed. Reason: User with same Email already exists. Email: voxoto1829@syswift.com
08-19-2022 @ 13:29:25 - Row :282 - Parsing item.
08-19-2022 @ 13:29:25 - Row :282 - Parsing failed. Reason: User with same Email already exists. Email: sharmashantam45@gmail.com
08-19-2022 @ 13:29:25 - Row :283 - Parsing item.
08-19-2022 @ 13:29:25 - Row :283 - Parsing failed. Reason: User with same Email already exists. Email: moideen.shaikh@ril.com
08-19-2022 @ 13:29:25 - Row :284 - Parsing item.
08-19-2022 @ 13:29:25 - Row :284 - Parsing failed. Reason: User with same Email already exists. Email: shruti.vartak@clarks.in
08-19-2022 @ 13:29:25 - Row :285 - Parsing item.
08-19-2022 @ 13:29:25 - Row :285 - Parsing failed. Reason: User with same Email already exists. Email: richa.priyamvada@ril.com
08-19-2022 @ 13:29:25 - Row :286 - Parsing item.
08-19-2022 @ 13:29:25 - Row :286 - Parsing failed. Reason: User with same Email already exists. Email: yash.baheti@ril.com
08-19-2022 @ 13:29:25 - Row :287 - Parsing item.
08-19-2022 @ 13:29:25 - Row :287 - Parsing failed. Reason: User with same Email already exists. Email: mayank8.gupta@ril.com
08-19-2022 @ 13:29:25 - Row :288 - Parsing item.
08-19-2022 @ 13:29:25 - Row :288 - Parsing failed. Reason: User with same Email already exists. Email: MANMEET@EIKAEBANA.COM
08-19-2022 @ 13:29:25 - Row :289 - Parsing item.
08-19-2022 @ 13:29:25 - Row :289 - Parsing failed. Reason: User with same Email already exists. Email: sarabjeet2.singh@ril.com
08-19-2022 @ 13:29:25 - Row :290 - Parsing item.
08-19-2022 @ 13:29:25 - Row :290 - Parsing failed. Reason: User with same Email already exists. Email: nitish3.bhardwaj@ril.com
08-19-2022 @ 13:29:25 - Row :291 - Parsing item.
08-19-2022 @ 13:29:25 - Row :291 - Parsing failed. Reason: User with same Email already exists. Email: kintal.kamtam@ril.com
08-19-2022 @ 13:29:25 - Row :292 - Parsing item.
08-19-2022 @ 13:29:25 - Row :292 - Parsing failed. Reason: User with same Email already exists. Email: purchase@lorvengroup.in
08-19-2022 @ 13:29:25 - Row :293 - Parsing item.
08-19-2022 @ 13:29:25 - Row :293 - Parsing failed. Reason: User with same Email already exists. Email: aftab.syed@ril.com
08-19-2022 @ 13:29:25 - Row :294 - Parsing item.
08-19-2022 @ 13:29:25 - Row :294 - Parsing failed. Reason: User with same Email already exists. Email: hirak.shah@ril.com
08-19-2022 @ 13:29:25 - Row :295 - Parsing item.
08-19-2022 @ 13:29:25 - Row :295 - Parsing failed. Reason: User with same Email already exists. Email: santosh.vishwakarma@asianpaintsppg.com
08-19-2022 @ 13:29:25 - Row :296 - Parsing item.
08-19-2022 @ 13:29:25 - Row :296 - Parsing failed. Reason: User with same Email already exists. Email: abhishek2.ojha@ril.com
08-19-2022 @ 13:29:25 - Row :297 - Parsing item.
08-19-2022 @ 13:29:25 - Row :297 - Parsing failed. Reason: User with same Email already exists. Email: vanitha.sridhar@tatastarbucks.com
08-19-2022 @ 13:29:25 - Row :298 - Parsing item.
08-19-2022 @ 13:29:25 - Row :298 - Parsing failed. Reason: User with same Email already exists. Email: reema8287174687@gmail.com
08-19-2022 @ 13:29:25 - Row :299 - Parsing item.
08-19-2022 @ 13:29:25 - Row :299 - Parsing failed. Reason: User with same Email already exists. Email: dispatch.tppl@mdpet.in
08-19-2022 @ 13:29:25 - Row :300 - Parsing item.
08-19-2022 @ 13:29:25 - Row :300 - Parsing failed. Reason: User with same Email already exists. Email: info@plastobag.in
08-19-2022 @ 13:29:26 - Preparing for import.
08-19-2022 @ 13:29:26 - Row :301 - Parsing item.
08-19-2022 @ 13:29:26 - Row :301 - Parsing failed. Reason: User with same Email already exists. Email: suman_polypack@yahoo.in
08-19-2022 @ 13:29:26 - Row :302 - Parsing item.
08-19-2022 @ 13:29:26 - Row :302 - Parsing failed. Reason: User with same Email already exists. Email: info@regalkitchen.in
08-19-2022 @ 13:29:26 - Row :303 - Parsing item.
08-19-2022 @ 13:29:26 - Row :303 - Parsing failed. Reason: User with same Email already exists. Email: ehs@bajajelectricals.com
08-19-2022 @ 13:29:26 - Row :304 - Parsing item.
08-19-2022 @ 13:29:26 - Row :304 - Parsing failed. Reason: User with same Email already exists. Email: finance@futuristic.net.in
08-19-2022 @ 13:29:26 - Row :305 - Parsing item.
08-19-2022 @ 13:29:26 - Row :305 - Parsing failed. Reason: User with same Email already exists. Email: patil.rajesh@bajajelectricals.com
08-19-2022 @ 13:29:26 - Row :306 - Parsing item.
08-19-2022 @ 13:29:26 - Row :306 - Parsing failed. Reason: User with same Email already exists. Email: quality@viipl.in
08-19-2022 @ 13:29:26 - Row :307 - Parsing item.
08-19-2022 @ 13:29:26 - Row :307 - Parsing failed. Reason: User with same Email already exists. Email: Vaibhav.Rajemahadik@redbull.com
08-19-2022 @ 13:29:26 - Row :308 - Parsing item.
08-19-2022 @ 13:29:26 - Row :308 - Parsing failed. Reason: User with same Email already exists. Email: accounts@metromilk.in
08-19-2022 @ 13:29:26 - Row :309 - Parsing item.
08-19-2022 @ 13:29:26 - Row :309 - Parsing failed. Reason: User with same Email already exists. Email: debakanta.dash@adm.com
08-19-2022 @ 13:29:26 - Row :310 - Parsing item.
08-19-2022 @ 13:29:26 - Row :310 - Parsing failed. Reason: User with same Email already exists. Email: OSRT1980@GMAIL.COM
08-19-2022 @ 13:29:26 - Row :311 - Parsing item.
08-19-2022 @ 13:29:26 - Row :311 - Parsing failed. Reason: User with same Email already exists. Email: bhaskar.saha@rollick.co.in
08-19-2022 @ 13:29:26 - Row :312 - Parsing item.
08-19-2022 @ 13:29:26 - Row :312 - Parsing failed. Reason: User with same Email already exists. Email: jatin@everestfood.in
08-19-2022 @ 13:29:26 - Row :313 - Parsing item.
08-19-2022 @ 13:29:26 - Row :313 - Parsing failed. Reason: User with same Email already exists. Email: skstocklot@gmail.com
08-19-2022 @ 13:29:26 - Row :314 - Parsing item.
08-19-2022 @ 13:29:26 - Row :314 - Parsing failed. Reason: User with same Email already exists. Email: ebfi.qa@gmail.com
08-19-2022 @ 13:29:26 - Row :315 - Parsing item.
08-19-2022 @ 13:29:26 - Row :315 - Parsing failed. Reason: User with same Email already exists. Email: sunimpex1111@gmail.com
08-19-2022 @ 13:29:26 - Row :316 - Parsing item.
08-19-2022 @ 13:29:26 - Row :316 - Parsing failed. Reason: User with same Email already exists. Email: leimas.industries@gmail.com
08-19-2022 @ 13:29:26 - Row :317 - Parsing item.
08-19-2022 @ 13:29:26 - Row :317 - Parsing failed. Reason: User with same Email already exists. Email: Prabhakar.mishra@in.pvmgrp.com
08-19-2022 @ 13:29:26 - Row :318 - Parsing item.
08-19-2022 @ 13:29:26 - Row :318 - Parsing failed. Reason: User with same Email already exists. Email: selvam.s@brakesindia.co.in
08-19-2022 @ 13:29:26 - Row :319 - Parsing item.
08-19-2022 @ 13:29:26 - Row :319 - Parsing failed. Reason: User with same Email already exists. Email: tinsico9@gmail.com
08-19-2022 @ 13:29:26 - Row :320 - Parsing item.
08-19-2022 @ 13:29:26 - Row :320 - Parsing failed. Reason: User with same Email already exists. Email: aasthasaltgim@gmail.com
08-19-2022 @ 13:29:26 - Row :321 - Parsing item.
08-19-2022 @ 13:29:26 - Row :321 - Parsing failed. Reason: User with same Email already exists. Email: leochscm@gmail.com
08-19-2022 @ 13:29:26 - Row :322 - Parsing item.
08-19-2022 @ 13:29:26 - Row :322 - Parsing failed. Reason: User with same Email already exists. Email: nanakpapers@yahoo.com
08-19-2022 @ 13:29:26 - Row :323 - Parsing item.
08-19-2022 @ 13:29:26 - Row :323 - Parsing failed. Reason: User with same Email already exists. Email: sriks@coca-cola.in
08-19-2022 @ 13:29:26 - Row :324 - Parsing item.
08-19-2022 @ 13:29:26 - Row :324 - Parsing failed. Reason: User with same Email already exists. Email: kamesh@goodwinindia.in
08-19-2022 @ 13:29:26 - Row :325 - Parsing item.
08-19-2022 @ 13:29:26 - Row :325 - Parsing failed. Reason: User with same Email already exists. Email: pradeep.mishra@parle.biz
08-19-2022 @ 13:29:26 - Row :326 - Parsing item.
08-19-2022 @ 13:29:26 - Row :326 - Parsing failed. Reason: User with same Email already exists. Email: anugha2013@gmail.com
08-19-2022 @ 13:29:26 - Row :327 - Parsing item.
08-19-2022 @ 13:29:26 - Row :327 - Parsing failed. Reason: User with same Email already exists. Email: nilanchal@emox.co.in
08-19-2022 @ 13:29:26 - Row :328 - Parsing item.
08-19-2022 @ 13:29:26 - Row :328 - Parsing failed. Reason: User with same Email already exists. Email: Sachin.Jadhav@ferrero.com
08-19-2022 @ 13:29:26 - Row :329 - Parsing item.
08-19-2022 @ 13:29:26 - Row :329 - Parsing failed. Reason: User with same Email already exists. Email: nidixa24@iconzap.com
08-19-2022 @ 13:29:26 - Row :330 - Parsing item.
08-19-2022 @ 13:29:26 - Row :330 - Parsing failed. Reason: User with same Email already exists. Email: anughacommercial@gmail.com
08-19-2022 @ 13:29:26 - Row :331 - Parsing item.
08-19-2022 @ 13:29:26 - Row :331 - Parsing failed. Reason: User with same Email already exists. Email: Sumon.Ghosh@centillionss.com
08-19-2022 @ 13:29:26 - Row :332 - Parsing item.
08-19-2022 @ 13:29:26 - Row :332 - Parsing failed. Reason: User with same Email already exists. Email: info@raghushree.com
08-19-2022 @ 13:29:26 - Row :333 - Parsing item.
08-19-2022 @ 13:29:26 - Row :333 - Parsing failed. Reason: User with same Email already exists. Email: sales.kmppl@gmail.com
08-19-2022 @ 13:29:26 - Row :334 - Parsing item.
08-19-2022 @ 13:29:26 - Row :334 - Parsing failed. Reason: User with same Email already exists. Email: maloovijay@gmail.com
08-19-2022 @ 13:29:26 - Row :335 - Parsing item.
08-19-2022 @ 13:29:26 - Row :335 - Parsing failed. Reason: User with same Email already exists. Email: subodh.singh@skoda-vw.co.in
08-19-2022 @ 13:29:26 - Row :336 - Parsing item.
08-19-2022 @ 13:29:26 - Row :336 - Parsing failed. Reason: User with same Email already exists. Email: shanjj4@gmail.com
08-19-2022 @ 13:29:26 - Row :337 - Parsing item.
08-19-2022 @ 13:29:26 - Row :337 - Parsing failed. Reason: User with same Email already exists. Email: info@sterlinginternational.in
08-19-2022 @ 13:29:26 - Row :338 - Parsing item.
08-19-2022 @ 13:29:26 - Row :338 - Parsing failed. Reason: User with same Email already exists. Email: swatienterprise2022@gmail.com
08-19-2022 @ 13:29:26 - Row :339 - Parsing item.
08-19-2022 @ 13:29:26 - Row :339 - Parsing failed. Reason: User with same Email already exists. Email: safety@kawasaki-in.com
08-19-2022 @ 13:29:26 - Row :340 - Parsing item.
08-19-2022 @ 13:29:26 - Row :340 - Parsing failed. Reason: User with same Email already exists. Email: sachin.nayyar@flipkart.com
08-19-2022 @ 13:29:26 - Row :341 - Parsing item.
08-19-2022 @ 13:29:26 - Row :341 - Parsing failed. Reason: User with same Email already exists. Email: sudhirkapoor52@gmail.com
08-19-2022 @ 13:29:26 - Row :342 - Parsing item.
08-19-2022 @ 13:29:26 - Row :342 - Parsing failed. Reason: User with same Email already exists. Email: karun.kapoor12321@gmail.com
08-19-2022 @ 13:29:26 - Row :343 - Parsing item.
08-19-2022 @ 13:29:26 - Row :343 - Parsing failed. Reason: User with same Email already exists. Email: sardarchandjkmpcl@gmail.com
08-19-2022 @ 13:29:26 - Row :344 - Parsing item.
08-19-2022 @ 13:29:26 - Row :344 - Parsing failed. Reason: User with same Email already exists. Email: rakesh@chemcogroup.com
08-19-2022 @ 13:29:26 - Row :345 - Parsing item.
08-19-2022 @ 13:29:26 - Row :345 - Parsing failed. Reason: User with same Email already exists. Email: kishorlode89@gmail.com
08-19-2022 @ 13:29:26 - Row :346 - Parsing item.
08-19-2022 @ 13:29:26 - Row :346 - Parsing failed. Reason: User with same Email already exists. Email: info@chitalebandhu.in
08-19-2022 @ 13:29:26 - Row :347 - Parsing item.
08-19-2022 @ 13:29:26 - Row :347 - Parsing failed. Reason: User with same Email already exists. Email: tax@pentagonplastics.in
08-19-2022 @ 13:29:26 - Row :348 - Parsing item.
08-19-2022 @ 13:29:26 - Row :348 - Parsing failed. Reason: User with same Email already exists. Email: jilsen.jose@mosca.com
08-19-2022 @ 13:29:26 - Row :349 - Parsing item.
08-19-2022 @ 13:29:26 - Row :349 - Parsing failed. Reason: User with same Email already exists. Email: viduit@girnar.com
08-19-2022 @ 13:29:26 - Row :350 - Parsing item.
08-19-2022 @ 13:29:26 - Row :350 - Parsing failed. Reason: User with same Email already exists. Email: srinivaspackquality@gmail.com
08-19-2022 @ 13:29:26 - Row :351 - Parsing item.
08-19-2022 @ 13:29:26 - Row :351 - Parsing failed. Reason: User with same Email already exists. Email: karuna.k@ameya-group.com
08-19-2022 @ 13:29:26 - Row :352 - Parsing item.
08-19-2022 @ 13:29:26 - Row :352 - Parsing failed. Reason: User with same Email already exists. Email: shivangi2.chhabra@ril.com
08-19-2022 @ 13:29:26 - Row :353 - Parsing item.
08-19-2022 @ 13:29:26 - Row :353 - Parsing failed. Reason: User with same Email already exists. Email: salab.makkar@ril.com
08-19-2022 @ 13:29:26 - Row :354 - Parsing item.
08-19-2022 @ 13:29:26 - Row :354 - Parsing failed. Reason: User with same Email already exists. Email: dushyant.thakkar@ril.com
08-19-2022 @ 13:29:26 - Row :355 - Parsing item.
08-19-2022 @ 13:29:26 - Row :355 - Parsing failed. Reason: User with same Email already exists. Email: tushar.gupta@burberryindia.com
08-19-2022 @ 13:29:26 - Row :356 - Parsing item.
08-19-2022 @ 13:29:26 - Row :356 - Parsing failed. Reason: User with same Email already exists. Email: Anoop.mishra@rb.com
08-19-2022 @ 13:29:26 - Row :357 - Parsing item.
08-19-2022 @ 13:29:26 - Row :357 - Parsing failed. Reason: User with same Email already exists. Email: dsc.bhiwadi@gmail.com
08-19-2022 @ 13:29:26 - Row :358 - Parsing item.
08-19-2022 @ 13:29:26 - Row :358 - Parsing failed. Reason: User with same Email already exists. Email: ganapathy@ameya-group.com
08-19-2022 @ 13:29:26 - Row :359 - Parsing item.
08-19-2022 @ 13:29:26 - Row :359 - Parsing failed. Reason: User with same Email already exists. Email: simran390@gmail.com
08-19-2022 @ 13:29:26 - Row :360 - Parsing item.
08-19-2022 @ 13:29:26 - Row :360 - Parsing failed. Reason: User with same Email already exists. Email: rakesh.pareekppnp@gmail.com
08-19-2022 @ 13:29:26 - Row :361 - Parsing item.
08-19-2022 @ 13:29:26 - Row :361 - Parsing failed. Reason: User with same Email already exists. Email: suresh@emox.co.in
08-19-2022 @ 13:29:26 - Row :362 - Parsing item.
08-19-2022 @ 13:29:26 - Row :362 - Parsing failed. Reason: User with same Email already exists. Email: navindiaries@gmail.com
08-19-2022 @ 13:29:26 - Row :363 - Parsing item.
08-19-2022 @ 13:29:26 - Row :363 - Parsing failed. Reason: User with same Email already exists. Email: shambhavisolution@yahoo.co.in
08-19-2022 @ 13:29:26 - Row :364 - Parsing item.
08-19-2022 @ 13:29:26 - Row :364 - Parsing failed. Reason: User with same Email already exists. Email: Mahendra.Chougule@ceat.com
08-19-2022 @ 13:29:26 - Row :365 - Parsing item.
08-19-2022 @ 13:29:26 - Row :365 - Parsing failed. Reason: User with same Email already exists. Email: operations@oshimasystems.com
08-19-2022 @ 13:29:26 - Row :366 - Parsing item.
08-19-2022 @ 13:29:26 - Row :366 - Parsing failed. Reason: User with same Email already exists. Email: rajplastpurchase@gmail.com
08-19-2022 @ 13:29:26 - Row :367 - Parsing item.
08-19-2022 @ 13:29:26 - Row :367 - Parsing failed. Reason: User with same Email already exists. Email: legal@shopclues.com
08-19-2022 @ 13:29:26 - Row :368 - Parsing item.
08-19-2022 @ 13:29:26 - Row :368 - Parsing failed. Reason: User with same Email already exists. Email: kriti@organictattva.com
08-19-2022 @ 13:29:26 - Row :369 - Parsing item.
08-19-2022 @ 13:29:26 - Row :369 - Parsing failed. Reason: User with same Email already exists. Email: simran3908990@gmail.com
08-19-2022 @ 13:29:26 - Row :370 - Parsing item.
08-19-2022 @ 13:29:26 - Row :370 - Parsing failed. Reason: User with same Email already exists. Email: nitin.mishra@dabur.com
08-19-2022 @ 13:29:26 - Row :371 - Parsing item.
08-19-2022 @ 13:29:26 - Row :371 - Parsing failed. Reason: User with same Email already exists. Email: purchase@glutape.com
08-19-2022 @ 13:29:26 - Row :372 - Parsing item.
08-19-2022 @ 13:29:26 - Row :372 - Parsing failed. Reason: User with same Email already exists. Email: dalbir@drinkwildwater.com
08-19-2022 @ 13:29:26 - Row :373 - Parsing item.
08-19-2022 @ 13:29:26 - Row :373 - Parsing failed. Reason: User with same Email already exists. Email: boral.debo1984@gmail.com
08-19-2022 @ 13:29:26 - Row :374 - Parsing item.
08-19-2022 @ 13:29:26 - Row :374 - Parsing failed. Reason: User with same Email already exists. Email: gm.engineering@lotusdairy.com
08-19-2022 @ 13:29:26 - Row :375 - Parsing item.
08-19-2022 @ 13:29:26 - Row :375 - Parsing failed. Reason: User with same Email already exists. Email: taxation@dhanlakshmigroup.in
08-19-2022 @ 13:29:26 - Row :376 - Parsing item.
08-19-2022 @ 13:29:26 - Row :376 - Parsing failed. Reason: User with same Email already exists. Email: dimpyarora@xiaomi.com
08-19-2022 @ 13:29:26 - Row :377 - Parsing item.
08-19-2022 @ 13:29:26 - Row :377 - Parsing failed. Reason: User with same Email already exists. Email: ashishplastiwood@gmail.com
08-19-2022 @ 13:29:26 - Row :378 - Parsing item.
08-19-2022 @ 13:29:26 - Row :378 - Parsing failed. Reason: User with same Email already exists. Email: production@sunpackagingdaman.com
08-19-2022 @ 13:29:26 - Row :379 - Parsing item.
08-19-2022 @ 13:29:26 - Row :379 - Parsing failed. Reason: User with same Email already exists. Email: dinesh@manishmalhotra.in
08-19-2022 @ 13:29:26 - Row :380 - Parsing item.
08-19-2022 @ 13:29:26 - Row :380 - Parsing failed. Reason: User with same Email already exists. Email: hnmpedel12@gmail.com
08-19-2022 @ 13:29:26 - Row :381 - Parsing item.
08-19-2022 @ 13:29:26 - Row :381 - Parsing failed. Reason: User with same Email already exists. Email: nvsuraliraja@gmail.com
08-19-2022 @ 13:29:26 - Row :382 - Parsing item.
08-19-2022 @ 13:29:26 - Row :382 - Parsing failed. Reason: User with same Email already exists. Email: RBhatia@hersheys.com
08-19-2022 @ 13:29:26 - Row :383 - Parsing item.
08-19-2022 @ 13:29:26 - Row :383 - Parsing failed. Reason: User with same Email already exists. Email: surendernamokar@gmail.com
08-19-2022 @ 13:29:26 - Row :384 - Parsing item.
08-19-2022 @ 13:29:26 - Row :384 - Parsing failed. Reason: User with same Email already exists. Email: amitbagaria920@gmail.com
08-19-2022 @ 13:29:26 - Row :385 - Parsing item.
08-19-2022 @ 13:29:26 - Row :385 - Parsing failed. Reason: User with same Email already exists. Email: plastobag@gmail.com
08-19-2022 @ 13:29:26 - Row :386 - Parsing item.
08-19-2022 @ 13:29:26 - Row :386 - Parsing failed. Reason: User with same Email already exists. Email: plastobagmd@gmail.com
08-19-2022 @ 13:29:26 - Row :387 - Parsing item.
08-19-2022 @ 13:29:26 - Row :387 - Parsing failed. Reason: User with same Email already exists. Email: md.arihantppi@gmail.com
08-19-2022 @ 13:29:26 - Row :388 - Parsing item.
08-19-2022 @ 13:29:26 - Row :388 - Parsing failed. Reason: User with same Email already exists. Email: green.rise21@gmail.com
08-19-2022 @ 13:29:26 - Row :389 - Parsing item.
08-19-2022 @ 13:29:26 - Row :389 - Parsing failed. Reason: User with same Email already exists. Email: ayushj1994@gmail.com
08-19-2022 @ 13:29:26 - Row :390 - Parsing item.
08-19-2022 @ 13:29:26 - Row :390 - Parsing failed. Reason: User with same Email already exists. Email: mamparampilpolypacks@gmail.com
08-19-2022 @ 13:29:26 - Row :391 - Parsing item.
08-19-2022 @ 13:29:26 - Row :391 - Parsing failed. Reason: User with same Email already exists. Email: dewteccbe@gmail.com
08-19-2022 @ 13:29:26 - Row :392 - Parsing item.
08-19-2022 @ 13:29:26 - Row :392 - Parsing failed. Reason: User with same Email already exists. Email: lunkadparag@gmail.com
08-19-2022 @ 13:29:26 - Row :393 - Parsing item.
08-19-2022 @ 13:29:26 - Row :393 - Parsing failed. Reason: User with same Email already exists. Email: sez@cpsigns.in
08-19-2022 @ 13:29:26 - Row :394 - Parsing item.
08-19-2022 @ 13:29:26 - Row :394 - Parsing failed. Reason: User with same Email already exists. Email: trikutapulp@gmail.com
08-19-2022 @ 13:29:26 - Row :395 - Parsing item.
08-19-2022 @ 13:29:26 - Row :395 - Parsing failed. Reason: User with same Email already exists. Email: apindustry2021@gmail.com
08-19-2022 @ 13:29:26 - Row :396 - Parsing item.
08-19-2022 @ 13:29:26 - Row :396 - Parsing failed. Reason: User with same Email already exists. Email: arjun@paryaavaran.in
08-19-2022 @ 13:29:26 - Row :397 - Parsing item.
08-19-2022 @ 13:29:26 - Row :397 - Parsing failed. Reason: User with same Email already exists. Email: asif.iqbal3028@gmail.com
08-19-2022 @ 13:29:26 - Row :398 - Parsing item.
08-19-2022 @ 13:29:26 - Row :398 - Parsing failed. Reason: User with same Email already exists. Email: ravi.kumar@trmn.biz
08-19-2022 @ 13:29:26 - Row :399 - Parsing item.
08-19-2022 @ 13:29:26 - Row :399 - Parsing failed. Reason: User with same Email already exists. Email: vinod.verma@bikanervala.com
08-19-2022 @ 13:29:26 - Row :400 - Parsing item.
08-19-2022 @ 13:29:26 - Row :400 - Parsing failed. Reason: User with same Email already exists. Email: anil4import@gmail.com
08-19-2022 @ 13:29:26 - ---[ Import ended at 2022-08-19 13:29:26]---
