08-19-2022 @ 13:32:46 - ---[ New import started at 2022-08-19 13:32:46 ] PHP Memory: 256 MB, WP Memory: 40 MB
08-19-2022 @ 13:32:46 - Preparing for import.
08-19-2022 @ 13:32:46 - Row :1 - Parsing item.
08-19-2022 @ 13:32:46 - Row :1 - Processing item.
08-19-2022 @ 13:32:46 - Processing users.
08-19-2022 @ 13:32:48 - > &#8220;1714&#8221;User imported successfully. ID:1714
08-19-2022 @ 13:32:48 - > Finished importing user 1714
08-19-2022 @ 13:32:48 - Row :1 - User imported successfully.
08-19-2022 @ 13:32:48 - Row :2 - Parsing item.
08-19-2022 @ 13:32:48 - Row :2 - Processing item.
08-19-2022 @ 13:32:48 - Processing users.
08-19-2022 @ 13:32:51 - > &#8220;1715&#8221;User imported successfully. ID:1715
08-19-2022 @ 13:32:51 - > Finished importing user 1715
08-19-2022 @ 13:32:51 - Row :2 - User imported successfully.
08-19-2022 @ 13:32:51 - Row :3 - Parsing item.
08-19-2022 @ 13:32:51 - Row :3 - Processing item.
08-19-2022 @ 13:32:51 - Processing users.
08-19-2022 @ 13:32:53 - > &#8220;1716&#8221;User imported successfully. ID:1716
08-19-2022 @ 13:32:53 - > Finished importing user 1716
08-19-2022 @ 13:32:53 - Row :3 - User imported successfully.
08-19-2022 @ 13:32:53 - Row :4 - Parsing item.
08-19-2022 @ 13:32:53 - Row :4 - Processing item.
08-19-2022 @ 13:32:53 - Processing users.
08-19-2022 @ 13:32:56 - > &#8220;1717&#8221;User imported successfully. ID:1717
08-19-2022 @ 13:32:56 - > Finished importing user 1717
08-19-2022 @ 13:32:56 - Row :4 - User imported successfully.
08-19-2022 @ 13:32:56 - Row :5 - Parsing item.
08-19-2022 @ 13:32:56 - Row :5 - Processing item.
08-19-2022 @ 13:32:56 - Processing users.
08-19-2022 @ 13:32:59 - > &#8220;1718&#8221;User imported successfully. ID:1718
08-19-2022 @ 13:32:59 - > Finished importing user 1718
08-19-2022 @ 13:32:59 - Row :5 - User imported successfully.
08-19-2022 @ 13:32:59 - Row :6 - Parsing item.
08-19-2022 @ 13:32:59 - Row :6 - Processing item.
08-19-2022 @ 13:32:59 - Processing users.
08-19-2022 @ 13:33:02 - > &#8220;1719&#8221;User imported successfully. ID:1719
08-19-2022 @ 13:33:02 - > Finished importing user 1719
08-19-2022 @ 13:33:02 - Row :6 - User imported successfully.
08-19-2022 @ 13:33:02 - Row :7 - Parsing item.
08-19-2022 @ 13:33:02 - Row :7 - Processing item.
08-19-2022 @ 13:33:02 - Processing users.
08-19-2022 @ 13:33:04 - > &#8220;1720&#8221;User imported successfully. ID:1720
08-19-2022 @ 13:33:04 - > Finished importing user 1720
08-19-2022 @ 13:33:04 - Row :7 - User imported successfully.
08-19-2022 @ 13:33:04 - Row :8 - Parsing item.
08-19-2022 @ 13:33:04 - Row :8 - Processing item.
08-19-2022 @ 13:33:04 - Processing users.
08-19-2022 @ 13:33:07 - > &#8220;1721&#8221;User imported successfully. ID:1721
08-19-2022 @ 13:33:07 - > Finished importing user 1721
08-19-2022 @ 13:33:07 - Row :8 - User imported successfully.
08-19-2022 @ 13:33:07 - Row :9 - Parsing item.
08-19-2022 @ 13:33:07 - Row :9 - Processing item.
08-19-2022 @ 13:33:07 - Processing users.
08-19-2022 @ 13:33:09 - > &#8220;1722&#8221;User imported successfully. ID:1722
08-19-2022 @ 13:33:09 - > Finished importing user 1722
08-19-2022 @ 13:33:09 - Row :9 - User imported successfully.
08-19-2022 @ 13:33:09 - Row :10 - Parsing item.
08-19-2022 @ 13:33:09 - Row :10 - Processing item.
08-19-2022 @ 13:33:09 - Processing users.
08-19-2022 @ 13:33:12 - > &#8220;1723&#8221;User imported successfully. ID:1723
08-19-2022 @ 13:33:12 - > Finished importing user 1723
08-19-2022 @ 13:33:12 - Row :10 - User imported successfully.
08-19-2022 @ 13:33:12 - Row :11 - Parsing item.
08-19-2022 @ 13:33:12 - Row :11 - Processing item.
08-19-2022 @ 13:33:12 - Processing users.
08-19-2022 @ 13:33:15 - > &#8220;1724&#8221;User imported successfully. ID:1724
08-19-2022 @ 13:33:15 - > Finished importing user 1724
08-19-2022 @ 13:33:15 - Row :11 - User imported successfully.
08-19-2022 @ 13:33:15 - Row :12 - Parsing item.
08-19-2022 @ 13:33:15 - Row :12 - Processing item.
08-19-2022 @ 13:33:15 - Processing users.
08-19-2022 @ 13:33:18 - > &#8220;1725&#8221;User imported successfully. ID:1725
08-19-2022 @ 13:33:18 - > Finished importing user 1725
08-19-2022 @ 13:33:18 - Row :12 - User imported successfully.
08-19-2022 @ 13:33:18 - Row :13 - Parsing item.
08-19-2022 @ 13:33:18 - Row :13 - Processing item.
08-19-2022 @ 13:33:18 - Processing users.
08-19-2022 @ 13:33:20 - > &#8220;1726&#8221;User imported successfully. ID:1726
08-19-2022 @ 13:33:20 - > Finished importing user 1726
08-19-2022 @ 13:33:20 - Row :13 - User imported successfully.
08-19-2022 @ 13:33:20 - Row :14 - Parsing item.
08-19-2022 @ 13:33:20 - Row :14 - Processing item.
08-19-2022 @ 13:33:20 - Processing users.
08-19-2022 @ 13:33:23 - > &#8220;1727&#8221;User imported successfully. ID:1727
08-19-2022 @ 13:33:23 - > Finished importing user 1727
08-19-2022 @ 13:33:23 - Row :14 - User imported successfully.
08-19-2022 @ 13:33:23 - Row :15 - Parsing item.
08-19-2022 @ 13:33:23 - Row :15 - Processing item.
08-19-2022 @ 13:33:23 - Processing users.
08-19-2022 @ 13:33:26 - > &#8220;1728&#8221;User imported successfully. ID:1728
08-19-2022 @ 13:33:26 - > Finished importing user 1728
08-19-2022 @ 13:33:26 - Row :15 - User imported successfully.
08-19-2022 @ 13:33:26 - Row :16 - Parsing item.
08-19-2022 @ 13:33:26 - Row :16 - Processing item.
08-19-2022 @ 13:33:26 - Processing users.
08-19-2022 @ 13:33:29 - > &#8220;1729&#8221;User imported successfully. ID:1729
08-19-2022 @ 13:33:29 - > Finished importing user 1729
08-19-2022 @ 13:33:29 - Row :16 - User imported successfully.
08-19-2022 @ 13:33:29 - Row :17 - Parsing item.
08-19-2022 @ 13:33:29 - Row :17 - Processing item.
08-19-2022 @ 13:33:29 - Processing users.
08-19-2022 @ 13:33:32 - > &#8220;1730&#8221;User imported successfully. ID:1730
08-19-2022 @ 13:33:32 - > Finished importing user 1730
08-19-2022 @ 13:33:32 - Row :17 - User imported successfully.
08-19-2022 @ 13:33:32 - Row :18 - Parsing item.
08-19-2022 @ 13:33:32 - Row :18 - Processing item.
08-19-2022 @ 13:33:32 - Processing users.
08-19-2022 @ 13:33:35 - > &#8220;1731&#8221;User imported successfully. ID:1731
08-19-2022 @ 13:33:35 - > Finished importing user 1731
08-19-2022 @ 13:33:35 - Row :18 - User imported successfully.
08-19-2022 @ 13:33:35 - Row :19 - Parsing item.
08-19-2022 @ 13:33:35 - Row :19 - Processing item.
08-19-2022 @ 13:33:35 - Processing users.
08-19-2022 @ 13:33:38 - > &#8220;1732&#8221;User imported successfully. ID:1732
08-19-2022 @ 13:33:38 - > Finished importing user 1732
08-19-2022 @ 13:33:38 - Row :19 - User imported successfully.
08-19-2022 @ 13:33:38 - Row :20 - Parsing item.
08-19-2022 @ 13:33:38 - Row :20 - Processing item.
08-19-2022 @ 13:33:38 - Processing users.
08-19-2022 @ 13:33:41 - > &#8220;1733&#8221;User imported successfully. ID:1733
08-19-2022 @ 13:33:41 - > Finished importing user 1733
08-19-2022 @ 13:33:41 - Row :20 - User imported successfully.
08-19-2022 @ 13:33:41 - Row :21 - Parsing item.
08-19-2022 @ 13:33:41 - Row :21 - Processing item.
08-19-2022 @ 13:33:41 - Processing users.
08-19-2022 @ 13:33:44 - > &#8220;1734&#8221;User imported successfully. ID:1734
08-19-2022 @ 13:33:44 - > Finished importing user 1734
08-19-2022 @ 13:33:44 - Row :21 - User imported successfully.
08-19-2022 @ 13:33:44 - Row :22 - Parsing item.
08-19-2022 @ 13:33:44 - Row :22 - Processing item.
08-19-2022 @ 13:33:44 - Processing users.
08-19-2022 @ 13:33:46 - > &#8220;1735&#8221;User imported successfully. ID:1735
08-19-2022 @ 13:33:46 - > Finished importing user 1735
08-19-2022 @ 13:33:46 - Row :22 - User imported successfully.
08-19-2022 @ 13:33:46 - Row :23 - Parsing item.
08-19-2022 @ 13:33:46 - Row :23 - Processing item.
08-19-2022 @ 13:33:46 - Processing users.
08-19-2022 @ 13:33:49 - > &#8220;1736&#8221;User imported successfully. ID:1736
08-19-2022 @ 13:33:49 - > Finished importing user 1736
08-19-2022 @ 13:33:49 - Row :23 - User imported successfully.
08-19-2022 @ 13:33:49 - Row :24 - Parsing item.
08-19-2022 @ 13:33:49 - Row :24 - Processing item.
08-19-2022 @ 13:33:49 - Processing users.
08-19-2022 @ 13:33:52 - > &#8220;1737&#8221;User imported successfully. ID:1737
08-19-2022 @ 13:33:52 - > Finished importing user 1737
08-19-2022 @ 13:33:52 - Row :24 - User imported successfully.
08-19-2022 @ 13:33:52 - Row :25 - Parsing item.
08-19-2022 @ 13:33:52 - Row :25 - Processing item.
08-19-2022 @ 13:33:52 - Processing users.
08-19-2022 @ 13:33:54 - > &#8220;1738&#8221;User imported successfully. ID:1738
08-19-2022 @ 13:33:54 - > Finished importing user 1738
08-19-2022 @ 13:33:54 - Row :25 - User imported successfully.
08-19-2022 @ 13:33:54 - Row :26 - Parsing item.
08-19-2022 @ 13:33:54 - Row :26 - Processing item.
08-19-2022 @ 13:33:54 - Processing users.
08-19-2022 @ 13:33:57 - > &#8220;1739&#8221;User imported successfully. ID:1739
08-19-2022 @ 13:33:57 - > Finished importing user 1739
08-19-2022 @ 13:33:57 - Row :26 - User imported successfully.
08-19-2022 @ 13:33:57 - Row :27 - Parsing item.
08-19-2022 @ 13:33:57 - Row :27 - Processing item.
08-19-2022 @ 13:33:57 - Processing users.
08-19-2022 @ 13:34:00 - > &#8220;1740&#8221;User imported successfully. ID:1740
08-19-2022 @ 13:34:00 - > Finished importing user 1740
08-19-2022 @ 13:34:00 - Row :27 - User imported successfully.
08-19-2022 @ 13:34:00 - Row :28 - Parsing item.
08-19-2022 @ 13:34:00 - Row :28 - Processing item.
08-19-2022 @ 13:34:00 - Processing users.
08-19-2022 @ 13:34:03 - > &#8220;1741&#8221;User imported successfully. ID:1741
08-19-2022 @ 13:34:03 - > Finished importing user 1741
08-19-2022 @ 13:34:03 - Row :28 - User imported successfully.
08-19-2022 @ 13:34:03 - Row :29 - Parsing item.
08-19-2022 @ 13:34:03 - Row :29 - Processing item.
08-19-2022 @ 13:34:03 - Processing users.
08-19-2022 @ 13:34:05 - > &#8220;1742&#8221;User imported successfully. ID:1742
08-19-2022 @ 13:34:05 - > Finished importing user 1742
08-19-2022 @ 13:34:05 - Row :29 - User imported successfully.
08-19-2022 @ 13:34:05 - Row :30 - Parsing item.
08-19-2022 @ 13:34:05 - Row :30 - Processing item.
08-19-2022 @ 13:34:05 - Processing users.
08-19-2022 @ 13:34:08 - > &#8220;1743&#8221;User imported successfully. ID:1743
08-19-2022 @ 13:34:08 - > Finished importing user 1743
08-19-2022 @ 13:34:08 - Row :30 - User imported successfully.
08-19-2022 @ 13:34:08 - Row :31 - Parsing item.
08-19-2022 @ 13:34:08 - Row :31 - Processing item.
08-19-2022 @ 13:34:08 - Processing users.
08-19-2022 @ 13:34:11 - > &#8220;1744&#8221;User imported successfully. ID:1744
08-19-2022 @ 13:34:11 - > Finished importing user 1744
08-19-2022 @ 13:34:11 - Row :31 - User imported successfully.
08-19-2022 @ 13:34:11 - Row :32 - Parsing item.
08-19-2022 @ 13:34:11 - Row :32 - Processing item.
08-19-2022 @ 13:34:11 - Processing users.
08-19-2022 @ 13:34:14 - > &#8220;1745&#8221;User imported successfully. ID:1745
08-19-2022 @ 13:34:14 - > Finished importing user 1745
08-19-2022 @ 13:34:14 - Row :32 - User imported successfully.
08-19-2022 @ 13:34:14 - Row :33 - Parsing item.
08-19-2022 @ 13:34:14 - Row :33 - Processing item.
08-19-2022 @ 13:34:14 - Processing users.
08-19-2022 @ 13:34:17 - > &#8220;1746&#8221;User imported successfully. ID:1746
08-19-2022 @ 13:34:17 - > Finished importing user 1746
08-19-2022 @ 13:34:17 - Row :33 - User imported successfully.
08-19-2022 @ 13:34:17 - Row :34 - Parsing item.
08-19-2022 @ 13:34:17 - Row :34 - Processing item.
08-19-2022 @ 13:34:17 - Processing users.
08-19-2022 @ 13:34:19 - > &#8220;1747&#8221;User imported successfully. ID:1747
08-19-2022 @ 13:34:19 - > Finished importing user 1747
08-19-2022 @ 13:34:19 - Row :34 - User imported successfully.
08-19-2022 @ 13:34:19 - Row :35 - Parsing item.
08-19-2022 @ 13:34:19 - Row :35 - Processing item.
08-19-2022 @ 13:34:19 - Processing users.
08-19-2022 @ 13:34:22 - > &#8220;1748&#8221;User imported successfully. ID:1748
08-19-2022 @ 13:34:22 - > Finished importing user 1748
08-19-2022 @ 13:34:22 - Row :35 - User imported successfully.
08-19-2022 @ 13:34:22 - Row :36 - Parsing item.
08-19-2022 @ 13:34:22 - Row :36 - Processing item.
08-19-2022 @ 13:34:22 - Processing users.
08-19-2022 @ 13:34:25 - > &#8220;1749&#8221;User imported successfully. ID:1749
08-19-2022 @ 13:34:25 - > Finished importing user 1749
08-19-2022 @ 13:34:25 - Row :36 - User imported successfully.
08-19-2022 @ 13:34:25 - Row :37 - Parsing item.
08-19-2022 @ 13:34:25 - Row :37 - Processing item.
08-19-2022 @ 13:34:25 - Processing users.
08-19-2022 @ 13:34:28 - > &#8220;1750&#8221;User imported successfully. ID:1750
08-19-2022 @ 13:34:28 - > Finished importing user 1750
08-19-2022 @ 13:34:28 - Row :37 - User imported successfully.
08-19-2022 @ 13:34:28 - Row :38 - Parsing item.
08-19-2022 @ 13:34:28 - Row :38 - Processing item.
08-19-2022 @ 13:34:28 - Processing users.
08-19-2022 @ 13:34:31 - > &#8220;1751&#8221;User imported successfully. ID:1751
08-19-2022 @ 13:34:31 - > Finished importing user 1751
08-19-2022 @ 13:34:31 - Row :38 - User imported successfully.
08-19-2022 @ 13:34:31 - Row :39 - Parsing item.
08-19-2022 @ 13:34:31 - Row :39 - Processing item.
08-19-2022 @ 13:34:31 - Processing users.
08-19-2022 @ 13:34:33 - > &#8220;1752&#8221;User imported successfully. ID:1752
08-19-2022 @ 13:34:33 - > Finished importing user 1752
08-19-2022 @ 13:34:33 - Row :39 - User imported successfully.
08-19-2022 @ 13:34:33 - Row :40 - Parsing item.
08-19-2022 @ 13:34:33 - Row :40 - Processing item.
08-19-2022 @ 13:34:33 - Processing users.
08-19-2022 @ 13:34:36 - > &#8220;1753&#8221;User imported successfully. ID:1753
08-19-2022 @ 13:34:36 - > Finished importing user 1753
08-19-2022 @ 13:34:36 - Row :40 - User imported successfully.
08-19-2022 @ 13:34:36 - Row :41 - Parsing item.
08-19-2022 @ 13:34:36 - Row :41 - Processing item.
08-19-2022 @ 13:34:36 - Processing users.
08-19-2022 @ 13:34:38 - > &#8220;1754&#8221;User imported successfully. ID:1754
08-19-2022 @ 13:34:39 - > Finished importing user 1754
08-19-2022 @ 13:34:39 - Row :41 - User imported successfully.
08-19-2022 @ 13:34:39 - Row :42 - Parsing item.
08-19-2022 @ 13:34:39 - Row :42 - Processing item.
08-19-2022 @ 13:34:39 - Processing users.
08-19-2022 @ 13:34:41 - > &#8220;1755&#8221;User imported successfully. ID:1755
08-19-2022 @ 13:34:41 - > Finished importing user 1755
08-19-2022 @ 13:34:41 - Row :42 - User imported successfully.
08-19-2022 @ 13:34:41 - Row :43 - Parsing item.
08-19-2022 @ 13:34:41 - Row :43 - Processing item.
08-19-2022 @ 13:34:41 - Processing users.
08-19-2022 @ 13:34:44 - > &#8220;1756&#8221;User imported successfully. ID:1756
08-19-2022 @ 13:34:44 - > Finished importing user 1756
08-19-2022 @ 13:34:44 - Row :43 - User imported successfully.
08-19-2022 @ 13:34:44 - Row :44 - Parsing item.
08-19-2022 @ 13:34:44 - Row :44 - Processing item.
08-19-2022 @ 13:34:44 - Processing users.
08-19-2022 @ 13:34:47 - > &#8220;1757&#8221;User imported successfully. ID:1757
08-19-2022 @ 13:34:47 - > Finished importing user 1757
08-19-2022 @ 13:34:47 - Row :44 - User imported successfully.
08-19-2022 @ 13:34:47 - Row :45 - Parsing item.
08-19-2022 @ 13:34:47 - Row :45 - Processing item.
08-19-2022 @ 13:34:47 - Processing users.
08-19-2022 @ 13:34:50 - > &#8220;1758&#8221;User imported successfully. ID:1758
08-19-2022 @ 13:34:50 - > Finished importing user 1758
08-19-2022 @ 13:34:50 - Row :45 - User imported successfully.
08-19-2022 @ 13:34:50 - Row :46 - Parsing item.
08-19-2022 @ 13:34:50 - Row :46 - Processing item.
08-19-2022 @ 13:34:50 - Processing users.
08-19-2022 @ 13:34:53 - > &#8220;1759&#8221;User imported successfully. ID:1759
08-19-2022 @ 13:34:53 - > Finished importing user 1759
08-19-2022 @ 13:34:53 - Row :46 - User imported successfully.
08-19-2022 @ 13:34:53 - Row :47 - Parsing item.
08-19-2022 @ 13:34:53 - Row :47 - Processing item.
08-19-2022 @ 13:34:53 - Processing users.
08-19-2022 @ 13:34:55 - > &#8220;1760&#8221;User imported successfully. ID:1760
08-19-2022 @ 13:34:55 - > Finished importing user 1760
08-19-2022 @ 13:34:55 - Row :47 - User imported successfully.
08-19-2022 @ 13:34:55 - Row :48 - Parsing item.
08-19-2022 @ 13:34:55 - Row :48 - Processing item.
08-19-2022 @ 13:34:55 - Processing users.
08-19-2022 @ 13:34:58 - > &#8220;1761&#8221;User imported successfully. ID:1761
08-19-2022 @ 13:34:58 - > Finished importing user 1761
08-19-2022 @ 13:34:58 - Row :48 - User imported successfully.
08-19-2022 @ 13:34:58 - Row :49 - Parsing item.
08-19-2022 @ 13:34:58 - Row :49 - Processing item.
08-19-2022 @ 13:34:58 - Processing users.
08-19-2022 @ 13:35:01 - > &#8220;1762&#8221;User imported successfully. ID:1762
08-19-2022 @ 13:35:01 - > Finished importing user 1762
08-19-2022 @ 13:35:01 - Row :49 - User imported successfully.
08-19-2022 @ 13:35:01 - Row :50 - Parsing item.
08-19-2022 @ 13:35:01 - Row :50 - Processing item.
08-19-2022 @ 13:35:01 - Processing users.
08-19-2022 @ 13:35:04 - > &#8220;1763&#8221;User imported successfully. ID:1763
08-19-2022 @ 13:35:04 - > Finished importing user 1763
08-19-2022 @ 13:35:04 - Row :50 - User imported successfully.
08-19-2022 @ 13:35:04 - Row :51 - Parsing item.
08-19-2022 @ 13:35:04 - Row :51 - Processing item.
08-19-2022 @ 13:35:04 - Processing users.
08-19-2022 @ 13:35:07 - > &#8220;1764&#8221;User imported successfully. ID:1764
08-19-2022 @ 13:35:07 - > Finished importing user 1764
08-19-2022 @ 13:35:07 - Row :51 - User imported successfully.
08-19-2022 @ 13:35:07 - Row :52 - Parsing item.
08-19-2022 @ 13:35:07 - Row :52 - Processing item.
08-19-2022 @ 13:35:07 - Processing users.
08-19-2022 @ 13:35:09 - > &#8220;1765&#8221;User imported successfully. ID:1765
08-19-2022 @ 13:35:09 - > Finished importing user 1765
08-19-2022 @ 13:35:09 - Row :52 - User imported successfully.
08-19-2022 @ 13:35:09 - Row :53 - Parsing item.
08-19-2022 @ 13:35:09 - Row :53 - Processing item.
08-19-2022 @ 13:35:09 - Processing users.
08-19-2022 @ 13:35:12 - > &#8220;1766&#8221;User imported successfully. ID:1766
08-19-2022 @ 13:35:12 - > Finished importing user 1766
08-19-2022 @ 13:35:12 - Row :53 - User imported successfully.
08-19-2022 @ 13:35:12 - Row :54 - Parsing item.
08-19-2022 @ 13:35:12 - Row :54 - Processing item.
08-19-2022 @ 13:35:12 - Processing users.
08-19-2022 @ 13:35:15 - > &#8220;1767&#8221;User imported successfully. ID:1767
08-19-2022 @ 13:35:15 - > Finished importing user 1767
08-19-2022 @ 13:35:15 - Row :54 - User imported successfully.
08-19-2022 @ 13:35:15 - Row :55 - Parsing item.
08-19-2022 @ 13:35:15 - Row :55 - Processing item.
08-19-2022 @ 13:35:15 - Processing users.
08-19-2022 @ 13:35:19 - > &#8220;1768&#8221;User imported successfully. ID:1768
08-19-2022 @ 13:35:19 - > Finished importing user 1768
08-19-2022 @ 13:35:19 - Row :55 - User imported successfully.
08-19-2022 @ 13:35:19 - Row :56 - Parsing item.
08-19-2022 @ 13:35:19 - Row :56 - Processing item.
08-19-2022 @ 13:35:19 - Processing users.
08-19-2022 @ 13:35:21 - > &#8220;1769&#8221;User imported successfully. ID:1769
08-19-2022 @ 13:35:21 - > Finished importing user 1769
08-19-2022 @ 13:35:21 - Row :56 - User imported successfully.
08-19-2022 @ 13:35:21 - Row :57 - Parsing item.
08-19-2022 @ 13:35:21 - Row :57 - Processing item.
08-19-2022 @ 13:35:21 - Processing users.
08-19-2022 @ 13:35:24 - > &#8220;1770&#8221;User imported successfully. ID:1770
08-19-2022 @ 13:35:24 - > Finished importing user 1770
08-19-2022 @ 13:35:24 - Row :57 - User imported successfully.
08-19-2022 @ 13:35:24 - Row :58 - Parsing item.
08-19-2022 @ 13:35:24 - Row :58 - Processing item.
08-19-2022 @ 13:35:24 - Processing users.
08-19-2022 @ 13:35:27 - > &#8220;1771&#8221;User imported successfully. ID:1771
08-19-2022 @ 13:35:27 - > Finished importing user 1771
08-19-2022 @ 13:35:27 - Row :58 - User imported successfully.
08-19-2022 @ 13:35:27 - Row :59 - Parsing item.
08-19-2022 @ 13:35:27 - Row :59 - Processing item.
08-19-2022 @ 13:35:27 - Processing users.
08-19-2022 @ 13:35:30 - > &#8220;1772&#8221;User imported successfully. ID:1772
08-19-2022 @ 13:35:30 - > Finished importing user 1772
08-19-2022 @ 13:35:30 - Row :59 - User imported successfully.
08-19-2022 @ 13:35:30 - Row :60 - Parsing item.
08-19-2022 @ 13:35:30 - Row :60 - Processing item.
08-19-2022 @ 13:35:30 - Processing users.
08-19-2022 @ 13:35:33 - > &#8220;1773&#8221;User imported successfully. ID:1773
08-19-2022 @ 13:35:33 - > Finished importing user 1773
08-19-2022 @ 13:35:33 - Row :60 - User imported successfully.
08-19-2022 @ 13:35:33 - Row :61 - Parsing item.
08-19-2022 @ 13:35:33 - Row :61 - Processing item.
08-19-2022 @ 13:35:33 - Processing users.
08-19-2022 @ 13:35:36 - > &#8220;1774&#8221;User imported successfully. ID:1774
08-19-2022 @ 13:35:36 - > Finished importing user 1774
08-19-2022 @ 13:35:36 - Row :61 - User imported successfully.
08-19-2022 @ 13:35:36 - Row :62 - Parsing item.
08-19-2022 @ 13:35:36 - Row :62 - Processing item.
08-19-2022 @ 13:35:36 - Processing users.
08-19-2022 @ 13:35:39 - > &#8220;1775&#8221;User imported successfully. ID:1775
08-19-2022 @ 13:35:39 - > Finished importing user 1775
08-19-2022 @ 13:35:39 - Row :62 - User imported successfully.
08-19-2022 @ 13:35:39 - Row :63 - Parsing item.
08-19-2022 @ 13:35:39 - Row :63 - Processing item.
08-19-2022 @ 13:35:39 - Processing users.
08-19-2022 @ 13:35:42 - > &#8220;1776&#8221;User imported successfully. ID:1776
08-19-2022 @ 13:35:42 - > Finished importing user 1776
08-19-2022 @ 13:35:42 - Row :63 - User imported successfully.
08-19-2022 @ 13:35:42 - Row :64 - Parsing item.
08-19-2022 @ 13:35:42 - Row :64 - Processing item.
08-19-2022 @ 13:35:42 - Processing users.
08-19-2022 @ 13:35:45 - > &#8220;1777&#8221;User imported successfully. ID:1777
08-19-2022 @ 13:35:45 - > Finished importing user 1777
08-19-2022 @ 13:35:45 - Row :64 - User imported successfully.
08-19-2022 @ 13:35:45 - Row :65 - Parsing item.
08-19-2022 @ 13:35:45 - Row :65 - Processing item.
08-19-2022 @ 13:35:45 - Processing users.
08-19-2022 @ 13:35:48 - > &#8220;1778&#8221;User imported successfully. ID:1778
08-19-2022 @ 13:35:48 - > Finished importing user 1778
08-19-2022 @ 13:35:48 - Row :65 - User imported successfully.
08-19-2022 @ 13:35:48 - Row :66 - Parsing item.
08-19-2022 @ 13:35:48 - Row :66 - Processing item.
08-19-2022 @ 13:35:48 - Processing users.
08-19-2022 @ 13:35:50 - > &#8220;1779&#8221;User imported successfully. ID:1779
08-19-2022 @ 13:35:50 - > Finished importing user 1779
08-19-2022 @ 13:35:50 - Row :66 - User imported successfully.
08-19-2022 @ 13:35:50 - Row :67 - Parsing item.
08-19-2022 @ 13:35:50 - Row :67 - Processing item.
08-19-2022 @ 13:35:50 - Processing users.
08-19-2022 @ 13:35:53 - > &#8220;1780&#8221;User imported successfully. ID:1780
08-19-2022 @ 13:35:53 - > Finished importing user 1780
08-19-2022 @ 13:35:53 - Row :67 - User imported successfully.
08-19-2022 @ 13:35:53 - Row :68 - Parsing item.
08-19-2022 @ 13:35:53 - Row :68 - Processing item.
08-19-2022 @ 13:35:53 - Processing users.
08-19-2022 @ 13:35:56 - > &#8220;1781&#8221;User imported successfully. ID:1781
08-19-2022 @ 13:35:56 - > Finished importing user 1781
08-19-2022 @ 13:35:56 - Row :68 - User imported successfully.
08-19-2022 @ 13:35:56 - Row :69 - Parsing item.
08-19-2022 @ 13:35:56 - Row :69 - Processing item.
08-19-2022 @ 13:35:56 - Processing users.
08-19-2022 @ 13:35:59 - > &#8220;1782&#8221;User imported successfully. ID:1782
08-19-2022 @ 13:35:59 - > Finished importing user 1782
08-19-2022 @ 13:35:59 - Row :69 - User imported successfully.
08-19-2022 @ 13:35:59 - Row :70 - Parsing item.
08-19-2022 @ 13:35:59 - Row :70 - Processing item.
08-19-2022 @ 13:35:59 - Processing users.
08-19-2022 @ 13:36:01 - > &#8220;1783&#8221;User imported successfully. ID:1783
08-19-2022 @ 13:36:01 - > Finished importing user 1783
08-19-2022 @ 13:36:01 - Row :70 - User imported successfully.
08-19-2022 @ 13:36:01 - Row :71 - Parsing item.
08-19-2022 @ 13:36:01 - Row :71 - Processing item.
08-19-2022 @ 13:36:01 - Processing users.
08-19-2022 @ 13:36:05 - > &#8220;1784&#8221;User imported successfully. ID:1784
08-19-2022 @ 13:36:05 - > Finished importing user 1784
08-19-2022 @ 13:36:05 - Row :71 - User imported successfully.
08-19-2022 @ 13:36:05 - Row :72 - Parsing item.
08-19-2022 @ 13:36:05 - Row :72 - Processing item.
08-19-2022 @ 13:36:05 - Processing users.
08-19-2022 @ 13:36:08 - > &#8220;1785&#8221;User imported successfully. ID:1785
08-19-2022 @ 13:36:08 - > Finished importing user 1785
08-19-2022 @ 13:36:08 - Row :72 - User imported successfully.
08-19-2022 @ 13:36:08 - Row :73 - Parsing item.
08-19-2022 @ 13:36:08 - Row :73 - Processing item.
08-19-2022 @ 13:36:08 - Processing users.
08-19-2022 @ 13:36:11 - > &#8220;1786&#8221;User imported successfully. ID:1786
08-19-2022 @ 13:36:11 - > Finished importing user 1786
08-19-2022 @ 13:36:11 - Row :73 - User imported successfully.
08-19-2022 @ 13:36:11 - Row :74 - Parsing item.
08-19-2022 @ 13:36:11 - Row :74 - Processing item.
08-19-2022 @ 13:36:11 - Processing users.
08-19-2022 @ 13:36:13 - > &#8220;1787&#8221;User imported successfully. ID:1787
08-19-2022 @ 13:36:13 - > Finished importing user 1787
08-19-2022 @ 13:36:13 - Row :74 - User imported successfully.
08-19-2022 @ 13:36:13 - Row :75 - Parsing item.
08-19-2022 @ 13:36:13 - Row :75 - Processing item.
08-19-2022 @ 13:36:13 - Processing users.
08-19-2022 @ 13:36:16 - > &#8220;1788&#8221;User imported successfully. ID:1788
08-19-2022 @ 13:36:16 - > Finished importing user 1788
08-19-2022 @ 13:36:16 - Row :75 - User imported successfully.
08-19-2022 @ 13:36:16 - Row :76 - Parsing item.
08-19-2022 @ 13:36:16 - Row :76 - Processing item.
08-19-2022 @ 13:36:16 - Processing users.
08-19-2022 @ 13:36:19 - > &#8220;1789&#8221;User imported successfully. ID:1789
08-19-2022 @ 13:36:19 - > Finished importing user 1789
08-19-2022 @ 13:36:19 - Row :76 - User imported successfully.
08-19-2022 @ 13:36:19 - Row :77 - Parsing item.
08-19-2022 @ 13:36:19 - Row :77 - Processing item.
08-19-2022 @ 13:36:19 - Processing users.
08-19-2022 @ 13:36:21 - > &#8220;1790&#8221;User imported successfully. ID:1790
08-19-2022 @ 13:36:21 - > Finished importing user 1790
08-19-2022 @ 13:36:21 - Row :77 - User imported successfully.
08-19-2022 @ 13:36:21 - Row :78 - Parsing item.
08-19-2022 @ 13:36:21 - Row :78 - Processing item.
08-19-2022 @ 13:36:21 - Processing users.
08-19-2022 @ 13:36:24 - > &#8220;1791&#8221;User imported successfully. ID:1791
08-19-2022 @ 13:36:24 - > Finished importing user 1791
08-19-2022 @ 13:36:24 - Row :78 - User imported successfully.
08-19-2022 @ 13:36:24 - Row :79 - Parsing item.
08-19-2022 @ 13:36:24 - Row :79 - Processing item.
08-19-2022 @ 13:36:24 - Processing users.
08-19-2022 @ 13:36:27 - > &#8220;1792&#8221;User imported successfully. ID:1792
08-19-2022 @ 13:36:27 - > Finished importing user 1792
08-19-2022 @ 13:36:27 - Row :79 - User imported successfully.
08-19-2022 @ 13:36:27 - Row :80 - Parsing item.
08-19-2022 @ 13:36:27 - Row :80 - Processing item.
08-19-2022 @ 13:36:27 - Processing users.
08-19-2022 @ 13:36:29 - > &#8220;1793&#8221;User imported successfully. ID:1793
08-19-2022 @ 13:36:29 - > Finished importing user 1793
08-19-2022 @ 13:36:29 - Row :80 - User imported successfully.
08-19-2022 @ 13:36:29 - Row :81 - Parsing item.
08-19-2022 @ 13:36:29 - Row :81 - Processing item.
08-19-2022 @ 13:36:29 - Processing users.
08-19-2022 @ 13:36:32 - > &#8220;1794&#8221;User imported successfully. ID:1794
08-19-2022 @ 13:36:32 - > Finished importing user 1794
08-19-2022 @ 13:36:32 - Row :81 - User imported successfully.
08-19-2022 @ 13:36:32 - Row :82 - Parsing item.
08-19-2022 @ 13:36:32 - Row :82 - Processing item.
08-19-2022 @ 13:36:32 - Processing users.
08-19-2022 @ 13:36:35 - > &#8220;1795&#8221;User imported successfully. ID:1795
08-19-2022 @ 13:36:35 - > Finished importing user 1795
08-19-2022 @ 13:36:35 - Row :82 - User imported successfully.
08-19-2022 @ 13:36:35 - Row :83 - Parsing item.
08-19-2022 @ 13:36:35 - Row :83 - Processing item.
08-19-2022 @ 13:36:35 - Processing users.
08-19-2022 @ 13:36:38 - > &#8220;1796&#8221;User imported successfully. ID:1796
08-19-2022 @ 13:36:38 - > Finished importing user 1796
08-19-2022 @ 13:36:38 - Row :83 - User imported successfully.
08-19-2022 @ 13:36:38 - Row :84 - Parsing item.
08-19-2022 @ 13:36:38 - Row :84 - Processing item.
08-19-2022 @ 13:36:38 - Processing users.
08-19-2022 @ 13:36:41 - > &#8220;1797&#8221;User imported successfully. ID:1797
08-19-2022 @ 13:36:41 - > Finished importing user 1797
08-19-2022 @ 13:36:41 - Row :84 - User imported successfully.
08-19-2022 @ 13:36:41 - Row :85 - Parsing item.
08-19-2022 @ 13:36:41 - Row :85 - Processing item.
08-19-2022 @ 13:36:41 - Processing users.
08-19-2022 @ 13:36:44 - > &#8220;1798&#8221;User imported successfully. ID:1798
08-19-2022 @ 13:36:44 - > Finished importing user 1798
08-19-2022 @ 13:36:44 - Row :85 - User imported successfully.
08-19-2022 @ 13:36:44 - Row :86 - Parsing item.
08-19-2022 @ 13:36:44 - Row :86 - Processing item.
08-19-2022 @ 13:36:44 - Processing users.
08-19-2022 @ 13:36:47 - > &#8220;1799&#8221;User imported successfully. ID:1799
08-19-2022 @ 13:36:47 - > Finished importing user 1799
08-19-2022 @ 13:36:47 - Row :86 - User imported successfully.
08-19-2022 @ 13:36:47 - Row :87 - Parsing item.
08-19-2022 @ 13:36:47 - Row :87 - Processing item.
08-19-2022 @ 13:36:47 - Processing users.
08-19-2022 @ 13:36:59 - > &#8220;1800&#8221;User imported successfully. ID:1800
08-19-2022 @ 13:36:59 - > Finished importing user 1800
08-19-2022 @ 13:36:59 - Row :87 - User imported successfully.
08-19-2022 @ 13:36:59 - Row :88 - Parsing item.
08-19-2022 @ 13:36:59 - Row :88 - Processing item.
08-19-2022 @ 13:36:59 - Processing users.
08-19-2022 @ 13:37:02 - > &#8220;1801&#8221;User imported successfully. ID:1801
08-19-2022 @ 13:37:02 - > Finished importing user 1801
08-19-2022 @ 13:37:02 - Row :88 - User imported successfully.
08-19-2022 @ 13:37:02 - Row :89 - Parsing item.
08-19-2022 @ 13:37:02 - Row :89 - Processing item.
08-19-2022 @ 13:37:02 - Processing users.
08-19-2022 @ 13:37:04 - > &#8220;1802&#8221;User imported successfully. ID:1802
08-19-2022 @ 13:37:04 - > Finished importing user 1802
08-19-2022 @ 13:37:04 - Row :89 - User imported successfully.
08-19-2022 @ 13:37:04 - Row :90 - Parsing item.
08-19-2022 @ 13:37:04 - Row :90 - Processing item.
08-19-2022 @ 13:37:04 - Processing users.
08-19-2022 @ 13:37:07 - > &#8220;1803&#8221;User imported successfully. ID:1803
08-19-2022 @ 13:37:07 - > Finished importing user 1803
08-19-2022 @ 13:37:07 - Row :90 - User imported successfully.
08-19-2022 @ 13:37:07 - Row :91 - Parsing item.
08-19-2022 @ 13:37:07 - Row :91 - Processing item.
08-19-2022 @ 13:37:07 - Processing users.
08-19-2022 @ 13:37:10 - > &#8220;1804&#8221;User imported successfully. ID:1804
08-19-2022 @ 13:37:10 - > Finished importing user 1804
08-19-2022 @ 13:37:10 - Row :91 - User imported successfully.
08-19-2022 @ 13:37:10 - Row :92 - Parsing item.
08-19-2022 @ 13:37:10 - Row :92 - Processing item.
08-19-2022 @ 13:37:10 - Processing users.
08-19-2022 @ 13:37:12 - > &#8220;1805&#8221;User imported successfully. ID:1805
08-19-2022 @ 13:37:12 - > Finished importing user 1805
08-19-2022 @ 13:37:12 - Row :92 - User imported successfully.
08-19-2022 @ 13:37:12 - Row :93 - Parsing item.
08-19-2022 @ 13:37:12 - Row :93 - Processing item.
08-19-2022 @ 13:37:12 - Processing users.
08-19-2022 @ 13:37:15 - > &#8220;1806&#8221;User imported successfully. ID:1806
08-19-2022 @ 13:37:15 - > Finished importing user 1806
08-19-2022 @ 13:37:15 - Row :93 - User imported successfully.
08-19-2022 @ 13:37:15 - Row :94 - Parsing item.
08-19-2022 @ 13:37:15 - Row :94 - Processing item.
08-19-2022 @ 13:37:15 - Processing users.
08-19-2022 @ 13:37:18 - > &#8220;1807&#8221;User imported successfully. ID:1807
08-19-2022 @ 13:37:18 - > Finished importing user 1807
08-19-2022 @ 13:37:18 - Row :94 - User imported successfully.
08-19-2022 @ 13:37:18 - Row :95 - Parsing item.
08-19-2022 @ 13:37:18 - Row :95 - Processing item.
08-19-2022 @ 13:37:18 - Processing users.
08-19-2022 @ 13:37:21 - > &#8220;1808&#8221;User imported successfully. ID:1808
08-19-2022 @ 13:37:21 - > Finished importing user 1808
08-19-2022 @ 13:37:21 - Row :95 - User imported successfully.
08-19-2022 @ 13:37:21 - Row :96 - Parsing item.
08-19-2022 @ 13:37:21 - Row :96 - Processing item.
08-19-2022 @ 13:37:21 - Processing users.
08-19-2022 @ 13:37:23 - > &#8220;1809&#8221;User imported successfully. ID:1809
08-19-2022 @ 13:37:23 - > Finished importing user 1809
08-19-2022 @ 13:37:23 - Row :96 - User imported successfully.
08-19-2022 @ 13:37:23 - Row :97 - Parsing item.
08-19-2022 @ 13:37:23 - Row :97 - Processing item.
08-19-2022 @ 13:37:23 - Processing users.
08-19-2022 @ 13:37:27 - > &#8220;1810&#8221;User imported successfully. ID:1810
08-19-2022 @ 13:37:27 - > Finished importing user 1810
08-19-2022 @ 13:37:27 - Row :97 - User imported successfully.
08-19-2022 @ 13:37:27 - Row :98 - Parsing item.
08-19-2022 @ 13:37:27 - Row :98 - Processing item.
08-19-2022 @ 13:37:27 - Processing users.
08-19-2022 @ 13:37:30 - > &#8220;1811&#8221;User imported successfully. ID:1811
08-19-2022 @ 13:37:30 - > Finished importing user 1811
08-19-2022 @ 13:37:30 - Row :98 - User imported successfully.
08-19-2022 @ 13:37:30 - Row :99 - Parsing item.
08-19-2022 @ 13:37:30 - Row :99 - Processing item.
08-19-2022 @ 13:37:30 - Processing users.
08-19-2022 @ 13:37:34 - > &#8220;1812&#8221;User imported successfully. ID:1812
08-19-2022 @ 13:37:34 - > Finished importing user 1812
08-19-2022 @ 13:37:34 - Row :99 - User imported successfully.
08-19-2022 @ 13:37:34 - Row :100 - Parsing item.
08-19-2022 @ 13:37:34 - Row :100 - Processing item.
08-19-2022 @ 13:37:34 - Processing users.
08-19-2022 @ 13:37:37 - > &#8220;1813&#8221;User imported successfully. ID:1813
08-19-2022 @ 13:37:37 - > Finished importing user 1813
08-19-2022 @ 13:37:37 - Row :100 - User imported successfully.
