08-22-2022 @ 05:28:48 - ---[ New import started at 2022-08-22 05:28:48 ] PHP Memory: 256 MB, WP Memory: 40 MB
08-22-2022 @ 05:28:48 - Preparing for import.
08-22-2022 @ 05:28:48 - Row :1 - Parsing item.
08-22-2022 @ 05:28:48 - Row :1 - Processing item.
08-22-2022 @ 05:28:48 - Processing users.
08-22-2022 @ 05:28:51 - > &#8220;1814&#8221;User imported successfully. ID:1814
08-22-2022 @ 05:28:51 - > Finished importing user 1814
08-22-2022 @ 05:28:51 - Row :1 - User imported successfully.
08-22-2022 @ 05:28:51 - Row :2 - Parsing item.
08-22-2022 @ 05:28:51 - Row :2 - Processing item.
08-22-2022 @ 05:28:51 - Processing users.
08-22-2022 @ 05:28:53 - > &#8220;1815&#8221;User imported successfully. ID:1815
08-22-2022 @ 05:28:53 - > Finished importing user 1815
08-22-2022 @ 05:28:53 - Row :2 - User imported successfully.
08-22-2022 @ 05:28:53 - Row :3 - Parsing item.
08-22-2022 @ 05:28:53 - Row :3 - Processing item.
08-22-2022 @ 05:28:53 - Processing users.
08-22-2022 @ 05:28:55 - > &#8220;1816&#8221;User imported successfully. ID:1816
08-22-2022 @ 05:28:55 - > Finished importing user 1816
08-22-2022 @ 05:28:55 - Row :3 - User imported successfully.
08-22-2022 @ 05:28:55 - Row :4 - Parsing item.
08-22-2022 @ 05:28:55 - Row :4 - Processing item.
08-22-2022 @ 05:28:55 - Processing users.
08-22-2022 @ 05:28:58 - > &#8220;1817&#8221;User imported successfully. ID:1817
08-22-2022 @ 05:28:58 - > Finished importing user 1817
08-22-2022 @ 05:28:58 - Row :4 - User imported successfully.
08-22-2022 @ 05:28:58 - Row :5 - Parsing item.
08-22-2022 @ 05:28:58 - Row :5 - Processing item.
08-22-2022 @ 05:28:58 - Processing users.
08-22-2022 @ 05:29:00 - > &#8220;1818&#8221;User imported successfully. ID:1818
08-22-2022 @ 05:29:00 - > Finished importing user 1818
08-22-2022 @ 05:29:00 - Row :5 - User imported successfully.
08-22-2022 @ 05:29:00 - Row :6 - Parsing item.
08-22-2022 @ 05:29:00 - Row :6 - Processing item.
08-22-2022 @ 05:29:00 - Processing users.
08-22-2022 @ 05:29:03 - > &#8220;1819&#8221;User imported successfully. ID:1819
08-22-2022 @ 05:29:03 - > Finished importing user 1819
08-22-2022 @ 05:29:03 - Row :6 - User imported successfully.
08-22-2022 @ 05:29:03 - Row :7 - Parsing item.
08-22-2022 @ 05:29:03 - Row :7 - Processing item.
08-22-2022 @ 05:29:03 - Processing users.
08-22-2022 @ 05:29:05 - > &#8220;1820&#8221;User imported successfully. ID:1820
08-22-2022 @ 05:29:05 - > Finished importing user 1820
08-22-2022 @ 05:29:05 - Row :7 - User imported successfully.
08-22-2022 @ 05:29:05 - Row :8 - Parsing item.
08-22-2022 @ 05:29:05 - Row :8 - Processing item.
08-22-2022 @ 05:29:05 - Processing users.
08-22-2022 @ 05:29:08 - > &#8220;1821&#8221;User imported successfully. ID:1821
08-22-2022 @ 05:29:08 - > Finished importing user 1821
08-22-2022 @ 05:29:08 - Row :8 - User imported successfully.
08-22-2022 @ 05:29:08 - Row :9 - Parsing item.
08-22-2022 @ 05:29:08 - Row :9 - Processing item.
08-22-2022 @ 05:29:08 - Processing users.
08-22-2022 @ 05:29:10 - > &#8220;1822&#8221;User imported successfully. ID:1822
08-22-2022 @ 05:29:10 - > Finished importing user 1822
08-22-2022 @ 05:29:10 - Row :9 - User imported successfully.
08-22-2022 @ 05:29:10 - Row :10 - Parsing item.
08-22-2022 @ 05:29:10 - Row :10 - Processing item.
08-22-2022 @ 05:29:10 - Processing users.
08-22-2022 @ 05:29:13 - > &#8220;1823&#8221;User imported successfully. ID:1823
08-22-2022 @ 05:29:13 - > Finished importing user 1823
08-22-2022 @ 05:29:13 - Row :10 - User imported successfully.
08-22-2022 @ 05:29:13 - Row :11 - Parsing item.
08-22-2022 @ 05:29:13 - Row :11 - Processing item.
08-22-2022 @ 05:29:13 - Processing users.
08-22-2022 @ 05:29:15 - > &#8220;1824&#8221;User imported successfully. ID:1824
08-22-2022 @ 05:29:15 - > Finished importing user 1824
08-22-2022 @ 05:29:15 - Row :11 - User imported successfully.
08-22-2022 @ 05:29:15 - Row :12 - Parsing item.
08-22-2022 @ 05:29:15 - Row :12 - Processing item.
08-22-2022 @ 05:29:15 - Processing users.
08-22-2022 @ 05:29:17 - > &#8220;1825&#8221;User imported successfully. ID:1825
08-22-2022 @ 05:29:17 - > Finished importing user 1825
08-22-2022 @ 05:29:17 - Row :12 - User imported successfully.
08-22-2022 @ 05:29:17 - Row :13 - Parsing item.
08-22-2022 @ 05:29:17 - Row :13 - Processing item.
08-22-2022 @ 05:29:17 - Processing users.
08-22-2022 @ 05:29:20 - > &#8220;1826&#8221;User imported successfully. ID:1826
08-22-2022 @ 05:29:20 - > Finished importing user 1826
08-22-2022 @ 05:29:20 - Row :13 - User imported successfully.
08-22-2022 @ 05:29:20 - Row :14 - Parsing item.
08-22-2022 @ 05:29:20 - Row :14 - Processing item.
08-22-2022 @ 05:29:20 - Processing users.
08-22-2022 @ 05:29:22 - > &#8220;1827&#8221;User imported successfully. ID:1827
08-22-2022 @ 05:29:22 - > Finished importing user 1827
08-22-2022 @ 05:29:22 - Row :14 - User imported successfully.
08-22-2022 @ 05:29:22 - Row :15 - Parsing item.
08-22-2022 @ 05:29:22 - Row :15 - Processing item.
08-22-2022 @ 05:29:22 - Processing users.
08-22-2022 @ 05:29:25 - > &#8220;1828&#8221;User imported successfully. ID:1828
08-22-2022 @ 05:29:25 - > Finished importing user 1828
08-22-2022 @ 05:29:25 - Row :15 - User imported successfully.
08-22-2022 @ 05:29:25 - Row :16 - Parsing item.
08-22-2022 @ 05:29:25 - Row :16 - Processing item.
08-22-2022 @ 05:29:25 - Processing users.
08-22-2022 @ 05:29:27 - > &#8220;1829&#8221;User imported successfully. ID:1829
08-22-2022 @ 05:29:27 - > Finished importing user 1829
08-22-2022 @ 05:29:27 - Row :16 - User imported successfully.
08-22-2022 @ 05:29:27 - Row :17 - Parsing item.
08-22-2022 @ 05:29:27 - Row :17 - Processing item.
08-22-2022 @ 05:29:27 - Processing users.
08-22-2022 @ 05:29:30 - > &#8220;1830&#8221;User imported successfully. ID:1830
08-22-2022 @ 05:29:30 - > Finished importing user 1830
08-22-2022 @ 05:29:30 - Row :17 - User imported successfully.
08-22-2022 @ 05:29:30 - Row :18 - Parsing item.
08-22-2022 @ 05:29:30 - Row :18 - Processing item.
08-22-2022 @ 05:29:30 - Processing users.
08-22-2022 @ 05:29:32 - > &#8220;1831&#8221;User imported successfully. ID:1831
08-22-2022 @ 05:29:32 - > Finished importing user 1831
08-22-2022 @ 05:29:32 - Row :18 - User imported successfully.
08-22-2022 @ 05:29:32 - Row :19 - Parsing item.
08-22-2022 @ 05:29:32 - Row :19 - Processing item.
08-22-2022 @ 05:29:32 - Processing users.
08-22-2022 @ 05:29:35 - > &#8220;1832&#8221;User imported successfully. ID:1832
08-22-2022 @ 05:29:35 - > Finished importing user 1832
08-22-2022 @ 05:29:35 - Row :19 - User imported successfully.
08-22-2022 @ 05:29:35 - Row :20 - Parsing item.
08-22-2022 @ 05:29:35 - Row :20 - Processing item.
08-22-2022 @ 05:29:35 - Processing users.
08-22-2022 @ 05:29:38 - > &#8220;1833&#8221;User imported successfully. ID:1833
08-22-2022 @ 05:29:38 - > Finished importing user 1833
08-22-2022 @ 05:29:38 - Row :20 - User imported successfully.
08-22-2022 @ 05:29:38 - Row :21 - Parsing item.
08-22-2022 @ 05:29:38 - Row :21 - Processing item.
08-22-2022 @ 05:29:38 - Processing users.
08-22-2022 @ 05:29:40 - > &#8220;1834&#8221;User imported successfully. ID:1834
08-22-2022 @ 05:29:40 - > Finished importing user 1834
08-22-2022 @ 05:29:40 - Row :21 - User imported successfully.
08-22-2022 @ 05:29:40 - Row :22 - Parsing item.
08-22-2022 @ 05:29:40 - Row :22 - Processing item.
08-22-2022 @ 05:29:40 - Processing users.
08-22-2022 @ 05:29:43 - > &#8220;1835&#8221;User imported successfully. ID:1835
08-22-2022 @ 05:29:43 - > Finished importing user 1835
08-22-2022 @ 05:29:43 - Row :22 - User imported successfully.
08-22-2022 @ 05:29:43 - Row :23 - Parsing item.
08-22-2022 @ 05:29:43 - Row :23 - Processing item.
08-22-2022 @ 05:29:43 - Processing users.
08-22-2022 @ 05:29:45 - > &#8220;1836&#8221;User imported successfully. ID:1836
08-22-2022 @ 05:29:45 - > Finished importing user 1836
08-22-2022 @ 05:29:45 - Row :23 - User imported successfully.
08-22-2022 @ 05:29:45 - Row :24 - Parsing item.
08-22-2022 @ 05:29:45 - Row :24 - Processing item.
08-22-2022 @ 05:29:45 - Processing users.
08-22-2022 @ 05:29:48 - > &#8220;1837&#8221;User imported successfully. ID:1837
08-22-2022 @ 05:29:48 - > Finished importing user 1837
08-22-2022 @ 05:29:48 - Row :24 - User imported successfully.
08-22-2022 @ 05:29:48 - Row :25 - Parsing item.
08-22-2022 @ 05:29:48 - Row :25 - Processing item.
08-22-2022 @ 05:29:48 - Processing users.
08-22-2022 @ 05:29:50 - > &#8220;1838&#8221;User imported successfully. ID:1838
08-22-2022 @ 05:29:50 - > Finished importing user 1838
08-22-2022 @ 05:29:50 - Row :25 - User imported successfully.
08-22-2022 @ 05:29:50 - Row :26 - Parsing item.
08-22-2022 @ 05:29:50 - Row :26 - Processing item.
08-22-2022 @ 05:29:50 - Processing users.
08-22-2022 @ 05:29:52 - > &#8220;1839&#8221;User imported successfully. ID:1839
08-22-2022 @ 05:29:52 - > Finished importing user 1839
08-22-2022 @ 05:29:52 - Row :26 - User imported successfully.
08-22-2022 @ 05:29:52 - Row :27 - Parsing item.
08-22-2022 @ 05:29:52 - Row :27 - Processing item.
08-22-2022 @ 05:29:52 - Processing users.
08-22-2022 @ 05:29:55 - > &#8220;1840&#8221;User imported successfully. ID:1840
08-22-2022 @ 05:29:55 - > Finished importing user 1840
08-22-2022 @ 05:29:55 - Row :27 - User imported successfully.
08-22-2022 @ 05:29:55 - Row :28 - Parsing item.
08-22-2022 @ 05:29:55 - Row :28 - Processing item.
08-22-2022 @ 05:29:55 - Processing users.
08-22-2022 @ 05:29:58 - > &#8220;1841&#8221;User imported successfully. ID:1841
08-22-2022 @ 05:29:58 - > Finished importing user 1841
08-22-2022 @ 05:29:58 - Row :28 - User imported successfully.
08-22-2022 @ 05:29:58 - Row :29 - Parsing item.
08-22-2022 @ 05:29:58 - Row :29 - Processing item.
08-22-2022 @ 05:29:58 - Processing users.
08-22-2022 @ 05:30:01 - > &#8220;1842&#8221;User imported successfully. ID:1842
08-22-2022 @ 05:30:01 - > Finished importing user 1842
08-22-2022 @ 05:30:01 - Row :29 - User imported successfully.
08-22-2022 @ 05:30:01 - Row :30 - Parsing item.
08-22-2022 @ 05:30:01 - Row :30 - Processing item.
08-22-2022 @ 05:30:01 - Processing users.
08-22-2022 @ 05:30:04 - > &#8220;1843&#8221;User imported successfully. ID:1843
08-22-2022 @ 05:30:04 - > Finished importing user 1843
08-22-2022 @ 05:30:04 - Row :30 - User imported successfully.
08-22-2022 @ 05:30:04 - Row :31 - Parsing item.
08-22-2022 @ 05:30:04 - Row :31 - Processing item.
08-22-2022 @ 05:30:04 - Processing users.
08-22-2022 @ 05:30:07 - > &#8220;1844&#8221;User imported successfully. ID:1844
08-22-2022 @ 05:30:07 - > Finished importing user 1844
08-22-2022 @ 05:30:07 - Row :31 - User imported successfully.
08-22-2022 @ 05:30:07 - Row :32 - Parsing item.
08-22-2022 @ 05:30:07 - Row :32 - Processing item.
08-22-2022 @ 05:30:07 - Processing users.
08-22-2022 @ 05:30:11 - > &#8220;1845&#8221;User imported successfully. ID:1845
08-22-2022 @ 05:30:11 - > Finished importing user 1845
08-22-2022 @ 05:30:11 - Row :32 - User imported successfully.
08-22-2022 @ 05:30:11 - Row :33 - Parsing item.
08-22-2022 @ 05:30:11 - Row :33 - Processing item.
08-22-2022 @ 05:30:11 - Processing users.
08-22-2022 @ 05:30:13 - > &#8220;1846&#8221;User imported successfully. ID:1846
08-22-2022 @ 05:30:13 - > Finished importing user 1846
08-22-2022 @ 05:30:13 - Row :33 - User imported successfully.
08-22-2022 @ 05:30:13 - Row :34 - Parsing item.
08-22-2022 @ 05:30:13 - Row :34 - Processing item.
08-22-2022 @ 05:30:13 - Processing users.
08-22-2022 @ 05:30:16 - > &#8220;1847&#8221;User imported successfully. ID:1847
08-22-2022 @ 05:30:16 - > Finished importing user 1847
08-22-2022 @ 05:30:16 - Row :34 - User imported successfully.
08-22-2022 @ 05:30:16 - Row :35 - Parsing item.
08-22-2022 @ 05:30:16 - Row :35 - Processing item.
08-22-2022 @ 05:30:16 - Processing users.
08-22-2022 @ 05:30:19 - > &#8220;1848&#8221;User imported successfully. ID:1848
08-22-2022 @ 05:30:19 - > Finished importing user 1848
08-22-2022 @ 05:30:19 - Row :35 - User imported successfully.
08-22-2022 @ 05:30:19 - Row :36 - Parsing item.
08-22-2022 @ 05:30:19 - Row :36 - Processing item.
08-22-2022 @ 05:30:19 - Processing users.
08-22-2022 @ 05:30:21 - > &#8220;1849&#8221;User imported successfully. ID:1849
08-22-2022 @ 05:30:21 - > Finished importing user 1849
08-22-2022 @ 05:30:21 - Row :36 - User imported successfully.
08-22-2022 @ 05:30:21 - Row :37 - Parsing item.
08-22-2022 @ 05:30:21 - Row :37 - Processing item.
08-22-2022 @ 05:30:21 - Processing users.
08-22-2022 @ 05:30:24 - > &#8220;1850&#8221;User imported successfully. ID:1850
08-22-2022 @ 05:30:24 - > Finished importing user 1850
08-22-2022 @ 05:30:24 - Row :37 - User imported successfully.
08-22-2022 @ 05:30:24 - Row :38 - Parsing item.
08-22-2022 @ 05:30:24 - Row :38 - Processing item.
08-22-2022 @ 05:30:24 - Processing users.
08-22-2022 @ 05:30:27 - > &#8220;1851&#8221;User imported successfully. ID:1851
08-22-2022 @ 05:30:27 - > Finished importing user 1851
08-22-2022 @ 05:30:27 - Row :38 - User imported successfully.
08-22-2022 @ 05:30:27 - Row :39 - Parsing item.
08-22-2022 @ 05:30:27 - Row :39 - Processing item.
08-22-2022 @ 05:30:27 - Processing users.
08-22-2022 @ 05:30:29 - > &#8220;1852&#8221;User imported successfully. ID:1852
08-22-2022 @ 05:30:29 - > Finished importing user 1852
08-22-2022 @ 05:30:29 - Row :39 - User imported successfully.
08-22-2022 @ 05:30:29 - Row :40 - Parsing item.
08-22-2022 @ 05:30:29 - Row :40 - Processing item.
08-22-2022 @ 05:30:29 - Processing users.
08-22-2022 @ 05:30:32 - > &#8220;1853&#8221;User imported successfully. ID:1853
08-22-2022 @ 05:30:32 - > Finished importing user 1853
08-22-2022 @ 05:30:32 - Row :40 - User imported successfully.
08-22-2022 @ 05:30:32 - Row :41 - Parsing item.
08-22-2022 @ 05:30:32 - Row :41 - Processing item.
08-22-2022 @ 05:30:32 - Processing users.
08-22-2022 @ 05:30:35 - > &#8220;1854&#8221;User imported successfully. ID:1854
08-22-2022 @ 05:30:35 - > Finished importing user 1854
08-22-2022 @ 05:30:35 - Row :41 - User imported successfully.
08-22-2022 @ 05:30:35 - Row :42 - Parsing item.
08-22-2022 @ 05:30:35 - Row :42 - Processing item.
08-22-2022 @ 05:30:35 - Processing users.
08-22-2022 @ 05:30:38 - > &#8220;1855&#8221;User imported successfully. ID:1855
08-22-2022 @ 05:30:38 - > Finished importing user 1855
08-22-2022 @ 05:30:38 - Row :42 - User imported successfully.
08-22-2022 @ 05:30:38 - Row :43 - Parsing item.
08-22-2022 @ 05:30:38 - Row :43 - Processing item.
08-22-2022 @ 05:30:38 - Processing users.
08-22-2022 @ 05:30:40 - > &#8220;1856&#8221;User imported successfully. ID:1856
08-22-2022 @ 05:30:40 - > Finished importing user 1856
08-22-2022 @ 05:30:40 - Row :43 - User imported successfully.
08-22-2022 @ 05:30:40 - Row :44 - Parsing item.
08-22-2022 @ 05:30:40 - Row :44 - Processing item.
08-22-2022 @ 05:30:40 - Processing users.
08-22-2022 @ 05:30:43 - > &#8220;1857&#8221;User imported successfully. ID:1857
08-22-2022 @ 05:30:43 - > Finished importing user 1857
08-22-2022 @ 05:30:43 - Row :44 - User imported successfully.
08-22-2022 @ 05:30:43 - Row :45 - Parsing item.
08-22-2022 @ 05:30:43 - Row :45 - Processing item.
08-22-2022 @ 05:30:43 - Processing users.
08-22-2022 @ 05:30:46 - > &#8220;1858&#8221;User imported successfully. ID:1858
08-22-2022 @ 05:30:46 - > Finished importing user 1858
08-22-2022 @ 05:30:46 - Row :45 - User imported successfully.
08-22-2022 @ 05:30:46 - Row :46 - Parsing item.
08-22-2022 @ 05:30:46 - Row :46 - Processing item.
08-22-2022 @ 05:30:46 - Processing users.
08-22-2022 @ 05:30:49 - > &#8220;1859&#8221;User imported successfully. ID:1859
08-22-2022 @ 05:30:49 - > Finished importing user 1859
08-22-2022 @ 05:30:49 - Row :46 - User imported successfully.
08-22-2022 @ 05:30:49 - Row :47 - Parsing item.
08-22-2022 @ 05:30:49 - Row :47 - Processing item.
08-22-2022 @ 05:30:49 - Processing users.
08-22-2022 @ 05:30:52 - > &#8220;1860&#8221;User imported successfully. ID:1860
08-22-2022 @ 05:30:52 - > Finished importing user 1860
08-22-2022 @ 05:30:52 - Row :47 - User imported successfully.
08-22-2022 @ 05:30:52 - Row :48 - Parsing item.
08-22-2022 @ 05:30:52 - Row :48 - Processing item.
08-22-2022 @ 05:30:52 - Processing users.
08-22-2022 @ 05:30:55 - > &#8220;1861&#8221;User imported successfully. ID:1861
08-22-2022 @ 05:30:55 - > Finished importing user 1861
08-22-2022 @ 05:30:55 - Row :48 - User imported successfully.
08-22-2022 @ 05:30:55 - Row :49 - Parsing item.
08-22-2022 @ 05:30:55 - Row :49 - Processing item.
08-22-2022 @ 05:30:55 - Processing users.
08-22-2022 @ 05:30:57 - > &#8220;1862&#8221;User imported successfully. ID:1862
08-22-2022 @ 05:30:57 - > Finished importing user 1862
08-22-2022 @ 05:30:57 - Row :49 - User imported successfully.
08-22-2022 @ 05:30:57 - Row :50 - Parsing item.
08-22-2022 @ 05:30:57 - Row :50 - Processing item.
08-22-2022 @ 05:30:57 - Processing users.
08-22-2022 @ 05:31:00 - > &#8220;1863&#8221;User imported successfully. ID:1863
08-22-2022 @ 05:31:00 - > Finished importing user 1863
08-22-2022 @ 05:31:00 - Row :50 - User imported successfully.
08-22-2022 @ 05:31:00 - Row :51 - Parsing item.
08-22-2022 @ 05:31:00 - Row :51 - Processing item.
08-22-2022 @ 05:31:00 - Processing users.
08-22-2022 @ 05:31:03 - > &#8220;1864&#8221;User imported successfully. ID:1864
08-22-2022 @ 05:31:03 - > Finished importing user 1864
08-22-2022 @ 05:31:03 - Row :51 - User imported successfully.
08-22-2022 @ 05:31:03 - Row :52 - Parsing item.
08-22-2022 @ 05:31:03 - Row :52 - Processing item.
08-22-2022 @ 05:31:03 - Processing users.
08-22-2022 @ 05:31:06 - > &#8220;1865&#8221;User imported successfully. ID:1865
08-22-2022 @ 05:31:06 - > Finished importing user 1865
08-22-2022 @ 05:31:06 - Row :52 - User imported successfully.
08-22-2022 @ 05:31:06 - Row :53 - Parsing item.
08-22-2022 @ 05:31:06 - Row :53 - Processing item.
08-22-2022 @ 05:31:06 - Processing users.
08-22-2022 @ 05:31:08 - > &#8220;1866&#8221;User imported successfully. ID:1866
08-22-2022 @ 05:31:08 - > Finished importing user 1866
08-22-2022 @ 05:31:08 - Row :53 - User imported successfully.
08-22-2022 @ 05:31:08 - Row :54 - Parsing item.
08-22-2022 @ 05:31:08 - Row :54 - Processing item.
08-22-2022 @ 05:31:08 - Processing users.
08-22-2022 @ 05:31:11 - > &#8220;1867&#8221;User imported successfully. ID:1867
08-22-2022 @ 05:31:11 - > Finished importing user 1867
08-22-2022 @ 05:31:11 - Row :54 - User imported successfully.
08-22-2022 @ 05:31:11 - Row :55 - Parsing item.
08-22-2022 @ 05:31:11 - Row :55 - Processing item.
08-22-2022 @ 05:31:11 - Processing users.
08-22-2022 @ 05:31:13 - > &#8220;1868&#8221;User imported successfully. ID:1868
08-22-2022 @ 05:31:13 - > Finished importing user 1868
08-22-2022 @ 05:31:13 - Row :55 - User imported successfully.
08-22-2022 @ 05:31:13 - Row :56 - Parsing item.
08-22-2022 @ 05:31:13 - Row :56 - Processing item.
08-22-2022 @ 05:31:13 - Processing users.
08-22-2022 @ 05:31:16 - > &#8220;1869&#8221;User imported successfully. ID:1869
08-22-2022 @ 05:31:16 - > Finished importing user 1869
08-22-2022 @ 05:31:16 - Row :56 - User imported successfully.
08-22-2022 @ 05:31:16 - Row :57 - Parsing item.
08-22-2022 @ 05:31:16 - Row :57 - Processing item.
08-22-2022 @ 05:31:16 - Processing users.
08-22-2022 @ 05:31:19 - > &#8220;1870&#8221;User imported successfully. ID:1870
08-22-2022 @ 05:31:19 - > Finished importing user 1870
08-22-2022 @ 05:31:19 - Row :57 - User imported successfully.
08-22-2022 @ 05:31:19 - Row :58 - Parsing item.
08-22-2022 @ 05:31:19 - Row :58 - Processing item.
08-22-2022 @ 05:31:19 - Processing users.
08-22-2022 @ 05:31:22 - > &#8220;1871&#8221;User imported successfully. ID:1871
08-22-2022 @ 05:31:22 - > Finished importing user 1871
08-22-2022 @ 05:31:22 - Row :58 - User imported successfully.
08-22-2022 @ 05:31:22 - Row :59 - Parsing item.
08-22-2022 @ 05:31:22 - Row :59 - Processing item.
08-22-2022 @ 05:31:22 - Processing users.
08-22-2022 @ 05:31:24 - > &#8220;1872&#8221;User imported successfully. ID:1872
08-22-2022 @ 05:31:24 - > Finished importing user 1872
08-22-2022 @ 05:31:24 - Row :59 - User imported successfully.
08-22-2022 @ 05:31:24 - Row :60 - Parsing item.
08-22-2022 @ 05:31:24 - Row :60 - Processing item.
08-22-2022 @ 05:31:24 - Processing users.
08-22-2022 @ 05:31:26 - > &#8220;1873&#8221;User imported successfully. ID:1873
08-22-2022 @ 05:31:26 - > Finished importing user 1873
08-22-2022 @ 05:31:26 - Row :60 - User imported successfully.
08-22-2022 @ 05:31:26 - Row :61 - Parsing item.
08-22-2022 @ 05:31:26 - Row :61 - Processing item.
08-22-2022 @ 05:31:26 - Processing users.
08-22-2022 @ 05:31:29 - > &#8220;1874&#8221;User imported successfully. ID:1874
08-22-2022 @ 05:31:29 - > Finished importing user 1874
08-22-2022 @ 05:31:29 - Row :61 - User imported successfully.
08-22-2022 @ 05:31:29 - Row :62 - Parsing item.
08-22-2022 @ 05:31:29 - Row :62 - Processing item.
08-22-2022 @ 05:31:29 - Processing users.
08-22-2022 @ 05:31:31 - > &#8220;1875&#8221;User imported successfully. ID:1875
08-22-2022 @ 05:31:31 - > Finished importing user 1875
08-22-2022 @ 05:31:31 - Row :62 - User imported successfully.
08-22-2022 @ 05:31:31 - Row :63 - Parsing item.
08-22-2022 @ 05:31:31 - Row :63 - Processing item.
08-22-2022 @ 05:31:31 - Processing users.
08-22-2022 @ 05:31:34 - > &#8220;1876&#8221;User imported successfully. ID:1876
08-22-2022 @ 05:31:34 - > Finished importing user 1876
08-22-2022 @ 05:31:34 - Row :63 - User imported successfully.
08-22-2022 @ 05:31:34 - Row :64 - Parsing item.
08-22-2022 @ 05:31:34 - Row :64 - Processing item.
08-22-2022 @ 05:31:34 - Processing users.
08-22-2022 @ 05:31:36 - > &#8220;1877&#8221;User imported successfully. ID:1877
08-22-2022 @ 05:31:36 - > Finished importing user 1877
08-22-2022 @ 05:31:36 - Row :64 - User imported successfully.
08-22-2022 @ 05:31:36 - Row :65 - Parsing item.
08-22-2022 @ 05:31:36 - Row :65 - Processing item.
08-22-2022 @ 05:31:36 - Processing users.
08-22-2022 @ 05:31:39 - > &#8220;1878&#8221;User imported successfully. ID:1878
08-22-2022 @ 05:31:39 - > Finished importing user 1878
08-22-2022 @ 05:31:39 - Row :65 - User imported successfully.
08-22-2022 @ 05:31:39 - Row :66 - Parsing item.
08-22-2022 @ 05:31:39 - Row :66 - Processing item.
08-22-2022 @ 05:31:39 - Processing users.
08-22-2022 @ 05:31:42 - > &#8220;1879&#8221;User imported successfully. ID:1879
08-22-2022 @ 05:31:42 - > Finished importing user 1879
08-22-2022 @ 05:31:42 - Row :66 - User imported successfully.
08-22-2022 @ 05:31:42 - Row :67 - Parsing item.
08-22-2022 @ 05:31:42 - Row :67 - Processing item.
08-22-2022 @ 05:31:42 - Processing users.
08-22-2022 @ 05:31:45 - > &#8220;1880&#8221;User imported successfully. ID:1880
08-22-2022 @ 05:31:45 - > Finished importing user 1880
08-22-2022 @ 05:31:45 - Row :67 - User imported successfully.
08-22-2022 @ 05:31:45 - Row :68 - Parsing item.
08-22-2022 @ 05:31:45 - Row :68 - Processing item.
08-22-2022 @ 05:31:45 - Processing users.
08-22-2022 @ 05:31:47 - > &#8220;1881&#8221;User imported successfully. ID:1881
08-22-2022 @ 05:31:47 - > Finished importing user 1881
08-22-2022 @ 05:31:47 - Row :68 - User imported successfully.
08-22-2022 @ 05:31:47 - Row :69 - Parsing item.
08-22-2022 @ 05:31:47 - Row :69 - Processing item.
08-22-2022 @ 05:31:47 - Processing users.
08-22-2022 @ 05:31:50 - > &#8220;1882&#8221;User imported successfully. ID:1882
08-22-2022 @ 05:31:50 - > Finished importing user 1882
08-22-2022 @ 05:31:50 - Row :69 - User imported successfully.
08-22-2022 @ 05:31:50 - Row :70 - Parsing item.
08-22-2022 @ 05:31:50 - Row :70 - Processing item.
08-22-2022 @ 05:31:50 - Processing users.
08-22-2022 @ 05:31:52 - > &#8220;1883&#8221;User imported successfully. ID:1883
08-22-2022 @ 05:31:52 - > Finished importing user 1883
08-22-2022 @ 05:31:52 - Row :70 - User imported successfully.
08-22-2022 @ 05:31:52 - Row :71 - Parsing item.
08-22-2022 @ 05:31:52 - Row :71 - Processing item.
08-22-2022 @ 05:31:52 - Processing users.
08-22-2022 @ 05:31:55 - > &#8220;1884&#8221;User imported successfully. ID:1884
08-22-2022 @ 05:31:55 - > Finished importing user 1884
08-22-2022 @ 05:31:55 - Row :71 - User imported successfully.
08-22-2022 @ 05:31:55 - Row :72 - Parsing item.
08-22-2022 @ 05:31:55 - Row :72 - Processing item.
08-22-2022 @ 05:31:55 - Processing users.
08-22-2022 @ 05:31:58 - > &#8220;1885&#8221;User imported successfully. ID:1885
08-22-2022 @ 05:31:58 - > Finished importing user 1885
08-22-2022 @ 05:31:58 - Row :72 - User imported successfully.
08-22-2022 @ 05:31:58 - Row :73 - Parsing item.
08-22-2022 @ 05:31:58 - Row :73 - Parsing failed. Reason: User with same Email already exists. Email: TANEJAD22@GMAIL.COM
08-22-2022 @ 05:31:58 - Row :74 - Parsing item.
08-22-2022 @ 05:31:58 - Row :74 - Parsing failed. Reason: User with same Email already exists. Email: balajipolypacksmg@gmail.com
08-22-2022 @ 05:31:58 - Row :75 - Parsing item.
08-22-2022 @ 05:31:58 - Row :75 - Parsing failed. Reason: User with same Email already exists. Email: vivek.raizada@godrejagrovet.com
08-22-2022 @ 05:31:58 - Row :76 - Parsing item.
08-22-2022 @ 05:31:58 - Row :76 - Parsing failed. Reason: User with same Email already exists. Email: kundan.dubey@vippysoya.com
08-22-2022 @ 05:31:58 - Row :77 - Parsing item.
08-22-2022 @ 05:31:58 - Row :77 - Parsing failed. Reason: User with same Email already exists. Email: eprunit6.p@gmail.com
08-22-2022 @ 05:31:58 - Row :78 - Parsing item.
08-22-2022 @ 05:31:58 - Row :78 - Parsing failed. Reason: User with same Email already exists. Email: HONEYMANGLA427@GMAIL.COM
08-22-2022 @ 05:31:58 - Row :79 - Parsing item.
08-22-2022 @ 05:31:58 - Row :79 - Parsing failed. Reason: User with same Email already exists. Email: mauryawire@mauryagroup.in
08-22-2022 @ 05:31:58 - Row :80 - Parsing item.
08-22-2022 @ 05:31:58 - Row :80 - Parsing failed. Reason: User with same Email already exists. Email: eprunit6.i@gmail.com
08-22-2022 @ 05:31:58 - Row :81 - Parsing item.
08-22-2022 @ 05:31:58 - Row :81 - Parsing failed. Reason: User with same Email already exists. Email: preeti.dighe@godrejagrovet.com
08-22-2022 @ 05:31:58 - Row :82 - Parsing item.
08-22-2022 @ 05:31:58 - Row :82 - Parsing failed. Reason: User with same Email already exists. Email: marketing@waranamilk.com
08-22-2022 @ 05:31:58 - Row :83 - Parsing item.
08-22-2022 @ 05:31:58 - Row :83 - Parsing failed. Reason: User with same Email already exists. Email: deepak.mishra@earindia.com
08-22-2022 @ 05:31:58 - Row :84 - Parsing item.
08-22-2022 @ 05:31:58 - Row :84 - Parsing failed. Reason: User with same Email already exists. Email: eprunit6.bo@gmail.com
08-22-2022 @ 05:31:58 - Row :85 - Parsing item.
08-22-2022 @ 05:31:58 - Row :85 - Parsing failed. Reason: User with same Email already exists. Email: sabita.packaging@gmail.com
08-22-2022 @ 05:31:58 - Row :86 - Parsing item.
08-22-2022 @ 05:31:58 - Row :86 - Parsing failed. Reason: User with same Email already exists. Email: ashra_in@hotmail.com
08-22-2022 @ 05:31:58 - Row :87 - Parsing item.
08-22-2022 @ 05:31:58 - Row :87 - Parsing failed. Reason: User with same Email already exists. Email: accounts@earindia.com
08-22-2022 @ 05:31:58 - Row :88 - Parsing item.
08-22-2022 @ 05:31:58 - Row :88 - Parsing failed. Reason: User with same Email already exists. Email: skumar55323@gmail.com
08-22-2022 @ 05:31:58 - Row :89 - Parsing item.
08-22-2022 @ 05:31:58 - Row :89 - Parsing failed. Reason: User with same Email already exists. Email: anchalpoly@gmail.com
08-22-2022 @ 05:31:58 - Row :90 - Parsing item.
08-22-2022 @ 05:31:58 - Row :90 - Parsing failed. Reason: User with same Email already exists. Email: info@alphapacks.co.in
08-22-2022 @ 05:31:58 - Row :91 - Parsing item.
08-22-2022 @ 05:31:58 - Row :91 - Parsing failed. Reason: User with same Email already exists. Email: premak1121@gmail.com
08-22-2022 @ 05:31:58 - Row :92 - Parsing item.
08-22-2022 @ 05:31:58 - Row :92 - Parsing failed. Reason: User with same Email already exists. Email: anshul@modernquests.com
08-22-2022 @ 05:31:58 - Row :93 - Parsing item.
08-22-2022 @ 05:31:58 - Row :93 - Parsing failed. Reason: User with same Email already exists. Email: behl@unitecfibres.com
08-22-2022 @ 05:31:58 - Row :94 - Parsing item.
08-22-2022 @ 05:31:58 - Row :94 - Parsing failed. Reason: User with same Email already exists. Email: hmtike@kknag.com
08-22-2022 @ 05:31:58 - Row :95 - Parsing item.
08-22-2022 @ 05:31:58 - Row :95 - Parsing failed. Reason: User with same Email already exists. Email: yogiflexiblepackaging@yahoo.com
08-22-2022 @ 05:31:58 - Row :96 - Parsing item.
08-22-2022 @ 05:31:58 - Row :96 - Parsing failed. Reason: User with same Email already exists. Email: sicknp@rediffmail.com
08-22-2022 @ 05:31:58 - Row :97 - Parsing item.
08-22-2022 @ 05:31:58 - Row :97 - Parsing failed. Reason: User with same Email already exists. Email: ommnamah1947@gmail.com
08-22-2022 @ 05:31:58 - Row :98 - Parsing item.
08-22-2022 @ 05:31:58 - Row :98 - Parsing failed. Reason: User with same Email already exists. Email: ajoshi@garwarefibres.com
08-22-2022 @ 05:31:58 - Row :99 - Parsing item.
08-22-2022 @ 05:31:58 - Row :99 - Parsing failed. Reason: User with same Email already exists. Email: meherfashions.epr@gmail.com
08-22-2022 @ 05:31:58 - Row :100 - Parsing item.
08-22-2022 @ 05:31:58 - Row :100 - Parsing failed. Reason: User with same Email already exists. Email: meherfilaments.epr@gmail.com
