08-22-2022 @ 05:33:56 - ---[ New import started at 2022-08-22 05:33:56 ] PHP Memory: 256 MB, WP Memory: 40 MB
08-22-2022 @ 05:33:56 - Preparing for import.
08-22-2022 @ 05:33:56 - Row :1 - Parsing item.
08-22-2022 @ 05:33:56 - Row :1 - Parsing failed. Reason: User with same Email already exists. Email: enterprisesawadh2@gmail.com
08-22-2022 @ 05:33:56 - Row :2 - Parsing item.
08-22-2022 @ 05:33:56 - Row :2 - Parsing failed. Reason: User with same Email already exists. Email: vkmishra@rcmbusiness.com
08-22-2022 @ 05:33:56 - Row :3 - Parsing item.
08-22-2022 @ 05:33:56 - Row :3 - Parsing failed. Reason: User with same Email already exists. Email: ajithkunnath009@gmail.com
08-22-2022 @ 05:33:56 - Row :4 - Parsing item.
08-22-2022 @ 05:33:56 - Row :4 - Parsing failed. Reason: User with same Email already exists. Email: preethypacks@gmail.com
08-22-2022 @ 05:33:56 - Row :5 - Parsing item.
08-22-2022 @ 05:33:56 - Row :5 - Parsing failed. Reason: User with same Email already exists. Email: tanujkhetan@gmail.com
08-22-2022 @ 05:33:56 - Row :6 - Parsing item.
08-22-2022 @ 05:33:56 - Row :6 - Parsing failed. Reason: User with same Email already exists. Email: nahatamit@gmail.com
08-22-2022 @ 05:33:56 - Row :7 - Parsing item.
08-22-2022 @ 05:33:56 - Row :7 - Parsing failed. Reason: User with same Email already exists. Email: ritesh.jain@yellowdiamond.in
08-22-2022 @ 05:33:56 - Row :8 - Parsing item.
08-22-2022 @ 05:33:56 - Row :8 - Parsing failed. Reason: User with same Email already exists. Email: accounts@weeotechnoplast.com
08-22-2022 @ 05:33:56 - Row :9 - Parsing item.
08-22-2022 @ 05:33:56 - Row :9 - Parsing failed. Reason: User with same Email already exists. Email: ecotechfabpl@gmail.com
08-22-2022 @ 05:33:56 - Row :10 - Parsing item.
08-22-2022 @ 05:33:56 - Row :10 - Parsing failed. Reason: User with same Email already exists. Email: plastpack.india@gmail.com
08-22-2022 @ 05:33:56 - Row :11 - Parsing item.
08-22-2022 @ 05:33:56 - Row :11 - Parsing failed. Reason: User with same Email already exists. Email: preethesh@anagharefineries.com
08-22-2022 @ 05:33:56 - Row :12 - Parsing item.
08-22-2022 @ 05:33:56 - Row :12 - Parsing failed. Reason: User with same Email already exists. Email: natwargaur6@gmail.com
08-22-2022 @ 05:33:56 - Row :13 - Parsing item.
08-22-2022 @ 05:33:56 - Row :13 - Parsing failed. Reason: User with same Email already exists. Email: gulabgidwani@gmail.com
08-22-2022 @ 05:33:56 - Row :14 - Parsing item.
08-22-2022 @ 05:33:56 - Row :14 - Parsing failed. Reason: User with same Email already exists. Email: quality.papers07@yahoo.com
08-22-2022 @ 05:33:56 - Row :15 - Parsing item.
08-22-2022 @ 05:33:56 - Row :15 - Parsing failed. Reason: User with same Email already exists. Email: hic.industries@gmail.com
08-22-2022 @ 05:33:56 - Row :16 - Parsing item.
08-22-2022 @ 05:33:56 - Row :16 - Parsing failed. Reason: User with same Email already exists. Email: laxmiplastics099@yahoo.co.in
08-22-2022 @ 05:33:56 - Row :17 - Parsing item.
08-22-2022 @ 05:33:56 - Row :17 - Parsing failed. Reason: User with same Email already exists. Email: osg_sgi@yahoo.co.in
08-22-2022 @ 05:33:56 - Row :18 - Parsing item.
08-22-2022 @ 05:33:56 - Row :18 - Parsing failed. Reason: User with same Email already exists. Email: hoshbinkv@gmail.com
08-22-2022 @ 05:33:56 - Row :19 - Parsing item.
08-22-2022 @ 05:33:56 - Row :19 - Parsing failed. Reason: User with same Email already exists. Email: lalitpatel@meghmanidyes.com
08-22-2022 @ 05:33:56 - Row :20 - Parsing item.
08-22-2022 @ 05:33:56 - Row :20 - Parsing failed. Reason: User with same Email already exists. Email: rayanpolymers@yahoo.com
08-22-2022 @ 05:33:56 - Row :21 - Parsing item.
08-22-2022 @ 05:33:56 - Row :21 - Parsing failed. Reason: User with same Email already exists. Email: vinayakplastopack@gmail.com
08-22-2022 @ 05:33:56 - Row :22 - Parsing item.
08-22-2022 @ 05:33:56 - Row :22 - Parsing failed. Reason: User with same Email already exists. Email: patel_plastic@rocketmail.com
08-22-2022 @ 05:33:56 - Row :23 - Parsing item.
08-22-2022 @ 05:33:56 - Row :23 - Parsing failed. Reason: User with same Email already exists. Email: rajesh@rruniversal.in
08-22-2022 @ 05:33:56 - Row :24 - Parsing item.
08-22-2022 @ 05:33:56 - Row :24 - Parsing failed. Reason: User with same Email already exists. Email: support.agile@gmail.com
08-22-2022 @ 05:33:56 - Row :25 - Parsing item.
08-22-2022 @ 05:33:56 - Row :25 - Parsing failed. Reason: User with same Email already exists. Email: riyainternational79@gmail.com
08-22-2022 @ 05:33:56 - Row :26 - Parsing item.
08-22-2022 @ 05:33:56 - Row :26 - Parsing failed. Reason: User with same Email already exists. Email: appl_jaipur@rediffmail.com
08-22-2022 @ 05:33:56 - Row :27 - Parsing item.
08-22-2022 @ 05:33:56 - Row :27 - Parsing failed. Reason: User with same Email already exists. Email: manishjha@heromotors.com
08-22-2022 @ 05:33:56 - Row :28 - Parsing item.
08-22-2022 @ 05:33:56 - Row :28 - Parsing failed. Reason: User with same Email already exists. Email: pk.pandey.anik@gmail.com
08-22-2022 @ 05:33:56 - Row :29 - Parsing item.
08-22-2022 @ 05:33:56 - Row :29 - Parsing failed. Reason: User with same Email already exists. Email: ganeshmanuf@yahoo.com
08-22-2022 @ 05:33:56 - Row :30 - Parsing item.
08-22-2022 @ 05:33:56 - Row :30 - Parsing failed. Reason: User with same Email already exists. Email: brandowner2022@gmail.com
08-22-2022 @ 05:33:56 - Row :31 - Parsing item.
08-22-2022 @ 05:33:56 - Row :31 - Parsing failed. Reason: User with same Email already exists. Email: aditya@plastisurge.com
08-22-2022 @ 05:33:56 - Row :32 - Parsing item.
08-22-2022 @ 05:33:56 - Row :32 - Parsing failed. Reason: User with same Email already exists. Email: naveenrana95999@gmail.com
08-22-2022 @ 05:33:56 - Row :33 - Parsing item.
08-22-2022 @ 05:33:56 - Row :33 - Parsing failed. Reason: User with same Email already exists. Email: sahay.vinod@mahindra.com
08-22-2022 @ 05:33:56 - Row :34 - Parsing item.
08-22-2022 @ 05:33:56 - Row :34 - Parsing failed. Reason: User with same Email already exists. Email: WYTEPRINT@GMAIL.COM
08-22-2022 @ 05:33:56 - Row :35 - Parsing item.
08-22-2022 @ 05:33:56 - Row :35 - Parsing failed. Reason: User with same Email already exists. Email: vigneshwaraplastic@gmail.com
08-22-2022 @ 05:33:56 - Row :36 - Parsing item.
08-22-2022 @ 05:33:56 - Row :36 - Parsing failed. Reason: User with same Email already exists. Email: suyogtechplast@gmail.com
08-22-2022 @ 05:33:56 - Row :37 - Parsing item.
08-22-2022 @ 05:33:56 - Row :37 - Parsing failed. Reason: User with same Email already exists. Email: eprunit1.p@gmail.com
08-22-2022 @ 05:33:56 - Row :38 - Parsing item.
08-22-2022 @ 05:33:56 - Row :38 - Parsing failed. Reason: User with same Email already exists. Email: jayesh.khatsuria@sintex.co.in
08-22-2022 @ 05:33:56 - Row :39 - Parsing item.
08-22-2022 @ 05:33:56 - Row :39 - Parsing failed. Reason: User with same Email already exists. Email: ASHOK@PODDARMERCANTILE.COM
08-22-2022 @ 05:33:56 - Row :40 - Parsing item.
08-22-2022 @ 05:33:56 - Row :40 - Parsing failed. Reason: User with same Email already exists. Email: gokhale@chitalegroup.in
08-22-2022 @ 05:33:56 - Row :41 - Parsing item.
08-22-2022 @ 05:33:56 - Row :41 - Parsing failed. Reason: User with same Email already exists. Email: eprunit1.i@gmail.com
08-22-2022 @ 05:33:56 - Row :42 - Parsing item.
08-22-2022 @ 05:33:56 - Row :42 - Parsing failed. Reason: User with same Email already exists. Email: bet.parag@gmail.com
08-22-2022 @ 05:33:56 - Row :43 - Parsing item.
08-22-2022 @ 05:33:56 - Row :43 - Parsing failed. Reason: User with same Email already exists. Email: mahendragupta@gmail.com
08-22-2022 @ 05:33:56 - Row :44 - Parsing item.
08-22-2022 @ 05:33:56 - Row :44 - Parsing failed. Reason: User with same Email already exists. Email: contact.epi@gmail.com
08-22-2022 @ 05:33:56 - Row :45 - Parsing item.
08-22-2022 @ 05:33:56 - Row :45 - Parsing failed. Reason: User with same Email already exists. Email: rajankhanna74@gmail.com
08-22-2022 @ 05:33:56 - Row :46 - Parsing item.
08-22-2022 @ 05:33:56 - Row :46 - Parsing failed. Reason: User with same Email already exists. Email: ssalaudintraders@gmail.com
08-22-2022 @ 05:33:56 - Row :47 - Parsing item.
08-22-2022 @ 05:33:56 - Row :47 - Parsing failed. Reason: User with same Email already exists. Email: eprunit1.bo@gmail.com
08-22-2022 @ 05:33:56 - Row :48 - Parsing item.
08-22-2022 @ 05:33:56 - Row :48 - Parsing failed. Reason: User with same Email already exists. Email: everest.polyprints@gmail.com
08-22-2022 @ 05:33:56 - Row :49 - Parsing item.
08-22-2022 @ 05:33:56 - Row :49 - Parsing failed. Reason: User with same Email already exists. Email: eprunit3.p@gmail.com
08-22-2022 @ 05:33:56 - Row :50 - Parsing item.
08-22-2022 @ 05:33:56 - Row :50 - Parsing failed. Reason: User with same Email already exists. Email: unipackpoly@yahoo.co.in
08-22-2022 @ 05:33:56 - Row :51 - Parsing item.
08-22-2022 @ 05:33:56 - Row :51 - Parsing failed. Reason: User with same Email already exists. Email: suprabarun@gmail.com
08-22-2022 @ 05:33:56 - Row :52 - Parsing item.
08-22-2022 @ 05:33:56 - Row :52 - Parsing failed. Reason: User with same Email already exists. Email: eprunit3.bo@gmail.com
08-22-2022 @ 05:33:56 - Row :53 - Parsing item.
08-22-2022 @ 05:33:56 - Row :53 - Parsing failed. Reason: User with same Email already exists. Email: Sikarwarplastic@gmail.com
08-22-2022 @ 05:33:56 - Row :54 - Parsing item.
08-22-2022 @ 05:33:56 - Row :54 - Parsing failed. Reason: User with same Email already exists. Email: hajexports.786@outlook.com
08-22-2022 @ 05:33:56 - Row :55 - Parsing item.
08-22-2022 @ 05:33:56 - Row :55 - Parsing failed. Reason: User with same Email already exists. Email: DHANRAJPLASTICS@GMAIL.COM
08-22-2022 @ 05:33:56 - Row :56 - Parsing item.
08-22-2022 @ 05:33:56 - Row :56 - Parsing failed. Reason: User with same Email already exists. Email: coolcaps2015@gmail.com
08-22-2022 @ 05:33:56 - Row :57 - Parsing item.
08-22-2022 @ 05:33:56 - Row :57 - Parsing failed. Reason: User with same Email already exists. Email: eprunit4.p@gmail.com
08-22-2022 @ 05:33:56 - Row :58 - Parsing item.
08-22-2022 @ 05:33:56 - Row :58 - Parsing failed. Reason: User with same Email already exists. Email: Purchase.admn@gmail.com
08-22-2022 @ 05:33:56 - Row :59 - Parsing item.
08-22-2022 @ 05:33:56 - Row :59 - Parsing failed. Reason: User with same Email already exists. Email: eprunit4.i@gmail.com
08-22-2022 @ 05:33:56 - Row :60 - Parsing item.
08-22-2022 @ 05:33:56 - Row :60 - Parsing failed. Reason: User with same Email already exists. Email: vikesh@sserenee.com
08-22-2022 @ 05:33:56 - Row :61 - Parsing item.
08-22-2022 @ 05:33:56 - Row :61 - Parsing failed. Reason: User with same Email already exists. Email: eprunit4.bo@gmail.com
08-22-2022 @ 05:33:56 - Row :62 - Parsing item.
08-22-2022 @ 05:33:56 - Row :62 - Parsing failed. Reason: User with same Email already exists. Email: upendra.pathak@godrejagrovet.com
08-22-2022 @ 05:33:56 - Row :63 - Parsing item.
08-22-2022 @ 05:33:56 - Row :63 - Parsing failed. Reason: User with same Email already exists. Email: mahaveer.hind@gmail.com
08-22-2022 @ 05:33:56 - Row :64 - Parsing item.
08-22-2022 @ 05:33:56 - Row :64 - Parsing failed. Reason: User with same Email already exists. Email: npal@designskillset.com
08-22-2022 @ 05:33:56 - Row :65 - Parsing item.
08-22-2022 @ 05:33:56 - Row :65 - Parsing failed. Reason: User with same Email already exists. Email: eprunit5.p@gmail.com
08-22-2022 @ 05:33:56 - Row :66 - Parsing item.
08-22-2022 @ 05:33:56 - Row :66 - Parsing failed. Reason: User with same Email already exists. Email: rayan786araf@gmail.com
08-22-2022 @ 05:33:56 - Row :67 - Parsing item.
08-22-2022 @ 05:33:56 - Row :67 - Parsing failed. Reason: User with same Email already exists. Email: eprunit5.i@gmail.com
08-22-2022 @ 05:33:56 - Row :68 - Parsing item.
08-22-2022 @ 05:33:56 - Row :68 - Parsing failed. Reason: User with same Email already exists. Email: eprunit5.bo@gmail.com
08-22-2022 @ 05:33:56 - Row :69 - Parsing item.
08-22-2022 @ 05:33:56 - Row :69 - Parsing failed. Reason: User with same Email already exists. Email: eprunit7.p@gmail.com
08-22-2022 @ 05:33:56 - Row :70 - Parsing item.
08-22-2022 @ 05:33:56 - Row :70 - Parsing failed. Reason: User with same Email already exists. Email: eprunit7.i@gmail.com
08-22-2022 @ 05:33:56 - Row :71 - Parsing item.
08-22-2022 @ 05:33:56 - Row :71 - Parsing failed. Reason: User with same Email already exists. Email: eprunit7.bo@gmail.com
08-22-2022 @ 05:33:56 - Row :72 - Parsing item.
08-22-2022 @ 05:33:56 - Row :72 - Parsing failed. Reason: User with same Email already exists. Email: prasanna@gpoly.in
08-22-2022 @ 05:33:56 - Row :73 - Parsing item.
08-22-2022 @ 05:33:56 - Row :73 - Parsing failed. Reason: User with same Email already exists. Email: TANEJAD22@GMAIL.COM
08-22-2022 @ 05:33:56 - Row :74 - Parsing item.
08-22-2022 @ 05:33:56 - Row :74 - Parsing failed. Reason: User with same Email already exists. Email: balajipolypacksmg@gmail.com
08-22-2022 @ 05:33:56 - Row :75 - Parsing item.
08-22-2022 @ 05:33:56 - Row :75 - Parsing failed. Reason: User with same Email already exists. Email: vivek.raizada@godrejagrovet.com
08-22-2022 @ 05:33:56 - Row :76 - Parsing item.
08-22-2022 @ 05:33:56 - Row :76 - Parsing failed. Reason: User with same Email already exists. Email: kundan.dubey@vippysoya.com
08-22-2022 @ 05:33:56 - Row :77 - Parsing item.
08-22-2022 @ 05:33:56 - Row :77 - Parsing failed. Reason: User with same Email already exists. Email: eprunit6.p@gmail.com
08-22-2022 @ 05:33:56 - Row :78 - Parsing item.
08-22-2022 @ 05:33:56 - Row :78 - Parsing failed. Reason: User with same Email already exists. Email: HONEYMANGLA427@GMAIL.COM
08-22-2022 @ 05:33:56 - Row :79 - Parsing item.
08-22-2022 @ 05:33:56 - Row :79 - Parsing failed. Reason: User with same Email already exists. Email: mauryawire@mauryagroup.in
08-22-2022 @ 05:33:56 - Row :80 - Parsing item.
08-22-2022 @ 05:33:56 - Row :80 - Parsing failed. Reason: User with same Email already exists. Email: eprunit6.i@gmail.com
08-22-2022 @ 05:33:56 - Row :81 - Parsing item.
08-22-2022 @ 05:33:56 - Row :81 - Parsing failed. Reason: User with same Email already exists. Email: preeti.dighe@godrejagrovet.com
08-22-2022 @ 05:33:56 - Row :82 - Parsing item.
08-22-2022 @ 05:33:56 - Row :82 - Parsing failed. Reason: User with same Email already exists. Email: marketing@waranamilk.com
08-22-2022 @ 05:33:56 - Row :83 - Parsing item.
08-22-2022 @ 05:33:56 - Row :83 - Parsing failed. Reason: User with same Email already exists. Email: deepak.mishra@earindia.com
08-22-2022 @ 05:33:56 - Row :84 - Parsing item.
08-22-2022 @ 05:33:56 - Row :84 - Parsing failed. Reason: User with same Email already exists. Email: eprunit6.bo@gmail.com
08-22-2022 @ 05:33:56 - Row :85 - Parsing item.
08-22-2022 @ 05:33:56 - Row :85 - Parsing failed. Reason: User with same Email already exists. Email: sabita.packaging@gmail.com
08-22-2022 @ 05:33:56 - Row :86 - Parsing item.
08-22-2022 @ 05:33:56 - Row :86 - Parsing failed. Reason: User with same Email already exists. Email: ashra_in@hotmail.com
08-22-2022 @ 05:33:56 - Row :87 - Parsing item.
08-22-2022 @ 05:33:56 - Row :87 - Parsing failed. Reason: User with same Email already exists. Email: accounts@earindia.com
08-22-2022 @ 05:33:56 - Row :88 - Parsing item.
08-22-2022 @ 05:33:56 - Row :88 - Parsing failed. Reason: User with same Email already exists. Email: skumar55323@gmail.com
08-22-2022 @ 05:33:56 - Row :89 - Parsing item.
08-22-2022 @ 05:33:56 - Row :89 - Parsing failed. Reason: User with same Email already exists. Email: anchalpoly@gmail.com
08-22-2022 @ 05:33:56 - Row :90 - Parsing item.
08-22-2022 @ 05:33:56 - Row :90 - Parsing failed. Reason: User with same Email already exists. Email: info@alphapacks.co.in
08-22-2022 @ 05:33:56 - Row :91 - Parsing item.
08-22-2022 @ 05:33:56 - Row :91 - Parsing failed. Reason: User with same Email already exists. Email: premak1121@gmail.com
08-22-2022 @ 05:33:56 - Row :92 - Parsing item.
08-22-2022 @ 05:33:56 - Row :92 - Parsing failed. Reason: User with same Email already exists. Email: anshul@modernquests.com
08-22-2022 @ 05:33:56 - Row :93 - Parsing item.
08-22-2022 @ 05:33:56 - Row :93 - Parsing failed. Reason: User with same Email already exists. Email: behl@unitecfibres.com
08-22-2022 @ 05:33:56 - Row :94 - Parsing item.
08-22-2022 @ 05:33:56 - Row :94 - Parsing failed. Reason: User with same Email already exists. Email: hmtike@kknag.com
08-22-2022 @ 05:33:56 - Row :95 - Parsing item.
08-22-2022 @ 05:33:56 - Row :95 - Parsing failed. Reason: User with same Email already exists. Email: yogiflexiblepackaging@yahoo.com
08-22-2022 @ 05:33:56 - Row :96 - Parsing item.
08-22-2022 @ 05:33:56 - Row :96 - Parsing failed. Reason: User with same Email already exists. Email: sicknp@rediffmail.com
08-22-2022 @ 05:33:56 - Row :97 - Parsing item.
08-22-2022 @ 05:33:56 - Row :97 - Parsing failed. Reason: User with same Email already exists. Email: ommnamah1947@gmail.com
08-22-2022 @ 05:33:56 - Row :98 - Parsing item.
08-22-2022 @ 05:33:56 - Row :98 - Parsing failed. Reason: User with same Email already exists. Email: ajoshi@garwarefibres.com
08-22-2022 @ 05:33:56 - Row :99 - Parsing item.
08-22-2022 @ 05:33:56 - Row :99 - Parsing failed. Reason: User with same Email already exists. Email: meherfashions.epr@gmail.com
08-22-2022 @ 05:33:56 - Row :100 - Parsing item.
08-22-2022 @ 05:33:56 - Row :100 - Parsing failed. Reason: User with same Email already exists. Email: meherfilaments.epr@gmail.com
08-22-2022 @ 05:33:56 - Preparing for import.
08-22-2022 @ 05:33:56 - Row :101 - Parsing item.
08-22-2022 @ 05:33:56 - Row :101 - Parsing failed. Reason: User with same Email already exists. Email: srindustries1973@gmail.com
08-22-2022 @ 05:33:56 - Row :102 - Parsing item.
08-22-2022 @ 05:33:56 - Row :102 - Parsing failed. Reason: User with same Email already exists. Email: srindustriesdelhi1973@gmail.com
08-22-2022 @ 05:33:56 - Row :103 - Parsing item.
08-22-2022 @ 05:33:56 - Row :103 - Parsing failed. Reason: User with same Email already exists. Email: tax.sleek@sleekworld.com
08-22-2022 @ 05:33:56 - Row :104 - Parsing item.
08-22-2022 @ 05:33:56 - Row :104 - Parsing failed. Reason: User with same Email already exists. Email: jitendra.e@gmail.com
08-22-2022 @ 05:33:56 - Row :105 - Parsing item.
08-22-2022 @ 05:33:56 - Row :105 - Parsing failed. Reason: User with same Email already exists. Email: meherinternational.epr@gmail.com
08-22-2022 @ 05:33:56 - Row :106 - Parsing item.
08-22-2022 @ 05:33:56 - Row :106 - Parsing failed. Reason: User with same Email already exists. Email: anithapolypack@yahoo.com
08-22-2022 @ 05:33:56 - Row :107 - Parsing item.
08-22-2022 @ 05:33:56 - Row :107 - Parsing failed. Reason: User with same Email already exists. Email: Sehealthcare910@gmail.com
08-22-2022 @ 05:33:56 - Row :108 - Parsing item.
08-22-2022 @ 05:33:56 - Row :108 - Parsing failed. Reason: User with same Email already exists. Email: Preeta_Jathan@asus.com
08-22-2022 @ 05:33:56 - Row :109 - Parsing item.
08-22-2022 @ 05:33:56 - Row :109 - Parsing failed. Reason: User with same Email already exists. Email: devpolyplast10@gmail.com
08-22-2022 @ 05:33:56 - Row :110 - Parsing item.
08-22-2022 @ 05:33:56 - Row :110 - Parsing failed. Reason: User with same Email already exists. Email: panel.limited@yahoo.com
08-22-2022 @ 05:33:56 - Row :111 - Parsing item.
08-22-2022 @ 05:33:56 - Row :111 - Parsing failed. Reason: User with same Email already exists. Email: rahmantrue@gmail.com
08-22-2022 @ 05:33:56 - Row :112 - Parsing item.
08-22-2022 @ 05:33:56 - Row :112 - Parsing failed. Reason: User with same Email already exists. Email: mptradersds@gmail.com
08-22-2022 @ 05:33:56 - Row :113 - Parsing item.
08-22-2022 @ 05:33:56 - Row :113 - Parsing failed. Reason: User with same Email already exists. Email: accankit@hotmail.com
08-22-2022 @ 05:33:56 - Row :114 - Parsing item.
08-22-2022 @ 05:33:56 - Row :114 - Parsing failed. Reason: User with same Email already exists. Email: mecashishagarwal@gmail.com
08-22-2022 @ 05:33:56 - Row :115 - Parsing item.
08-22-2022 @ 05:33:56 - Row :115 - Parsing failed. Reason: User with same Email already exists. Email: manish@traverse.sg
08-22-2022 @ 05:33:56 - Row :116 - Parsing item.
08-22-2022 @ 05:33:56 - Row :116 - Parsing failed. Reason: User with same Email already exists. Email: siddivinayakindustries1@gmail.com
08-22-2022 @ 05:33:56 - Row :117 - Parsing item.
08-22-2022 @ 05:33:56 - Row :117 - Parsing failed. Reason: User with same Email already exists. Email: bksharma.cpcb@nic.in
08-22-2022 @ 05:33:56 - Row :118 - Parsing item.
08-22-2022 @ 05:33:56 - Row :118 - Parsing failed. Reason: User with same Email already exists. Email: ananthans.cpcb@gov.in
08-22-2022 @ 05:33:56 - Row :119 - Parsing item.
08-22-2022 @ 05:33:56 - > skipped: Email is not valid. na1
08-22-2022 @ 05:33:56 - Row :119 - Parsing failed. Reason: >  skipped: Email is not valid.
08-22-2022 @ 05:33:56 - Row :120 - Parsing item.
08-22-2022 @ 05:33:56 - Row :120 - Parsing failed. Reason: User with same Email already exists. Email: rakesh.cpcb@gov.in
08-22-2022 @ 05:33:56 - Row :121 - Parsing item.
08-22-2022 @ 05:33:56 - Row :121 - Parsing failed. Reason: User with same Email already exists. Email: jagan191.cpcb@gov.in
08-22-2022 @ 05:33:56 - Row :122 - Parsing item.
08-22-2022 @ 05:33:56 - Row :122 - Parsing failed. Reason: User with same Email already exists. Email: anoop.cpcb@nic.in
08-22-2022 @ 05:33:56 - Row :123 - Parsing item.
08-22-2022 @ 05:33:56 - Row :123 - Parsing failed. Reason: User with same Email already exists. Email: semwaln.cpcb@gov.in
08-22-2022 @ 05:33:56 - Row :124 - Parsing item.
08-22-2022 @ 05:33:56 - > skipped: Email is not valid. na2
08-22-2022 @ 05:33:56 - Row :124 - Parsing failed. Reason: >  skipped: Email is not valid.
08-22-2022 @ 05:33:56 - Row :125 - Parsing item.
08-22-2022 @ 05:33:56 - Row :125 - Parsing failed. Reason: User with same Email already exists. Email: patil.cpcb@nic.in
08-22-2022 @ 05:33:56 - Row :126 - Parsing item.
08-22-2022 @ 05:33:56 - Row :126 - Parsing failed. Reason: User with same Email already exists. Email: jagdish.cpcb@nic.in
08-22-2022 @ 05:33:56 - Row :127 - Parsing item.
08-22-2022 @ 05:33:56 - Row :127 - Parsing failed. Reason: User with same Email already exists. Email: toufic.cpcb@gov.in
08-22-2022 @ 05:33:56 - Row :128 - Parsing item.
08-22-2022 @ 05:33:56 - Row :128 - Parsing failed. Reason: User with same Email already exists. Email: mkbiswas.cpcb@nic.in
08-22-2022 @ 05:33:56 - Row :129 - Parsing item.
08-22-2022 @ 05:33:56 - Row :129 - Parsing failed. Reason: User with same Email already exists. Email: vlaxmi.cpcb@nic.in
08-22-2022 @ 05:33:56 - Row :130 - Parsing item.
08-22-2022 @ 05:33:56 - Row :130 - Parsing failed. Reason: User with same Email already exists. Email: rajkumar.cpcb@nic.in
08-22-2022 @ 05:33:56 - Row :131 - Parsing item.
08-22-2022 @ 05:33:56 - Row :131 - Parsing failed. Reason: User with same Email already exists. Email: sowmyad.cpcb@nic.in
08-22-2022 @ 05:33:56 - Row :132 - Parsing item.
08-22-2022 @ 05:33:56 - Row :132 - Parsing failed. Reason: User with same Email already exists. Email: info@smkglobal.co.in
08-22-2022 @ 05:33:56 - Row :133 - Parsing item.
08-22-2022 @ 05:33:56 - Row :133 - Parsing failed. Reason: User with same Email already exists. Email: abc@gmail.com
08-22-2022 @ 05:33:56 - Row :134 - Parsing item.
08-22-2022 @ 05:33:56 - Row :134 - Parsing failed. Reason: User with same Email already exists. Email: navkaarpackaging@gmail.com
08-22-2022 @ 05:33:56 - Row :135 - Parsing item.
08-22-2022 @ 05:33:56 - Row :135 - Parsing failed. Reason: User with same Email already exists. Email: seenu@egsspl.in
08-22-2022 @ 05:33:56 - Row :136 - Parsing item.
08-22-2022 @ 05:33:56 - Row :136 - Parsing failed. Reason: User with same Email already exists. Email: goodwill.plastics@rediffmail.com
08-22-2022 @ 05:33:56 - Row :137 - Parsing item.
08-22-2022 @ 05:33:56 - Row :137 - Parsing failed. Reason: User with same Email already exists. Email: rajpolybags_pnp@rediffmail.com
08-22-2022 @ 05:33:56 - Row :138 - Parsing item.
08-22-2022 @ 05:33:56 - Row :138 - Parsing failed. Reason: User with same Email already exists. Email: samir.agarwal@manjushreegroup.com
08-22-2022 @ 05:33:56 - Row :139 - Parsing item.
08-22-2022 @ 05:33:56 - Row :139 - Parsing failed. Reason: User with same Email already exists. Email: rohitawasthi@britindia.com
08-22-2022 @ 05:33:56 - Row :140 - Parsing item.
08-22-2022 @ 05:33:56 - Row :140 - Parsing failed. Reason: User with same Email already exists. Email: masson_polymer@yahoo.com
08-22-2022 @ 05:33:56 - Row :141 - Parsing item.
08-22-2022 @ 05:33:56 - Row :141 - Parsing failed. Reason: User with same Email already exists. Email: dpi050@gmail.com
08-22-2022 @ 05:33:56 - Row :142 - Parsing item.
08-22-2022 @ 05:33:56 - Row :142 - Parsing failed. Reason: User with same Email already exists. Email: COMMERCIAL@NELBAGS.COM
08-22-2022 @ 05:33:56 - Row :143 - Parsing item.
08-22-2022 @ 05:33:56 - Row :143 - Parsing failed. Reason: User with same Email already exists. Email: hindustanunit2@gmail.com
08-22-2022 @ 05:33:56 - Row :144 - Parsing item.
08-22-2022 @ 05:33:56 - Row :144 - Parsing failed. Reason: User with same Email already exists. Email: sriponpoly@gmail.com
08-22-2022 @ 05:33:56 - Row :145 - Parsing item.
08-22-2022 @ 05:33:56 - Row :145 - Parsing failed. Reason: User with same Email already exists. Email: abnglobalexim11@gmail.com
08-22-2022 @ 05:33:56 - Row :146 - Parsing item.
08-22-2022 @ 05:33:56 - Row :146 - Parsing failed. Reason: User with same Email already exists. Email: paramesh@heliospackaging.co.in
08-22-2022 @ 05:33:56 - Row :147 - Parsing item.
08-22-2022 @ 05:33:56 - Row :147 - Parsing failed. Reason: User with same Email already exists. Email: snehaindustriesk7@gmail.com
08-22-2022 @ 05:33:56 - Row :148 - Parsing item.
08-22-2022 @ 05:33:56 - Row :148 - Parsing failed. Reason: User with same Email already exists. Email: proteqauto@gmail.com
08-22-2022 @ 05:33:56 - Row :149 - Parsing item.
08-22-2022 @ 05:33:56 - Row :149 - Parsing failed. Reason: User with same Email already exists. Email: shreesaiplastdaman@gmail.com
08-22-2022 @ 05:33:56 - Row :150 - Parsing item.
08-22-2022 @ 05:33:56 - Row :150 - Parsing failed. Reason: User with same Email already exists. Email: mr.shubhamgupta96@gmail.com
08-22-2022 @ 05:33:56 - Row :151 - Parsing item.
08-22-2022 @ 05:33:56 - Row :151 - Parsing failed. Reason: User with same Email already exists. Email: sakthipoly@gmail.com
08-22-2022 @ 05:33:56 - Row :152 - Parsing item.
08-22-2022 @ 05:33:56 - Row :152 - Parsing failed. Reason: User with same Email already exists. Email: ketan_vipani@yahoo.co.in
08-22-2022 @ 05:33:56 - Row :153 - Parsing item.
08-22-2022 @ 05:33:56 - Row :153 - Parsing failed. Reason: User with same Email already exists. Email: kikplastics@yahoo.co.in
08-22-2022 @ 05:33:56 - Row :154 - Parsing item.
08-22-2022 @ 05:33:56 - Row :154 - Parsing failed. Reason: User with same Email already exists. Email: accounts@spppoly.com
08-22-2022 @ 05:33:56 - Row :155 - Parsing item.
08-22-2022 @ 05:33:56 - Row :155 - Parsing failed. Reason: User with same Email already exists. Email: adv_aro@rediffmail.com
08-22-2022 @ 05:33:56 - Row :156 - Parsing item.
08-22-2022 @ 05:33:56 - Row :156 - Parsing failed. Reason: User with same Email already exists. Email: rahuljainkumar800@gmail.com
08-22-2022 @ 05:33:56 - Row :157 - Parsing item.
08-22-2022 @ 05:33:56 - Row :157 - Parsing failed. Reason: User with same Email already exists. Email: kubicindia@yahoo.com
08-22-2022 @ 05:33:56 - Row :158 - Parsing item.
08-22-2022 @ 05:33:56 - Row :158 - Parsing failed. Reason: User with same Email already exists. Email: kakunjeplastipackscomp@gmail.com
08-22-2022 @ 05:33:56 - Row :159 - Parsing item.
08-22-2022 @ 05:33:56 - Row :159 - Parsing failed. Reason: User with same Email already exists. Email: psk@steragro.com
08-22-2022 @ 05:33:56 - Row :160 - Parsing item.
08-22-2022 @ 05:33:56 - Row :160 - Parsing failed. Reason: User with same Email already exists. Email: vijanventures@gmail.com
08-22-2022 @ 05:33:56 - Row :161 - Parsing item.
08-22-2022 @ 05:33:56 - Row :161 - Parsing failed. Reason: User with same Email already exists. Email: rofxav@gmail.com
08-22-2022 @ 05:33:56 - Row :162 - Parsing item.
08-22-2022 @ 05:33:56 - Row :162 - Parsing failed. Reason: User with same Email already exists. Email: arpolyprint10@gmail.com
08-22-2022 @ 05:33:56 - Row :163 - Parsing item.
08-22-2022 @ 05:33:56 - Row :163 - Parsing failed. Reason: User with same Email already exists. Email: kp.privatelimited@gmail.com
08-22-2022 @ 05:33:56 - Row :164 - Parsing item.
08-22-2022 @ 05:33:56 - Row :164 - Parsing failed. Reason: User with same Email already exists. Email: rakesh.patel@mgmotor.co.in
08-22-2022 @ 05:33:56 - Row :165 - Parsing item.
08-22-2022 @ 05:33:56 - Row :165 - Parsing failed. Reason: User with same Email already exists. Email: shakti.jain@geipl.com
08-22-2022 @ 05:33:56 - Row :166 - Parsing item.
08-22-2022 @ 05:33:56 - Row :166 - Parsing failed. Reason: User with same Email already exists. Email: radhika.kapoor@anika.in
08-22-2022 @ 05:33:56 - Row :167 - Parsing item.
08-22-2022 @ 05:33:56 - Row :167 - Parsing failed. Reason: User with same Email already exists. Email: colorsprintbags@gmail.com
08-22-2022 @ 05:33:56 - Row :168 - Parsing item.
08-22-2022 @ 05:33:56 - Row :168 - Parsing failed. Reason: User with same Email already exists. Email: simcokumar@gmail.com
08-22-2022 @ 05:33:56 - Row :169 - Parsing item.
08-22-2022 @ 05:33:56 - Row :169 - Parsing failed. Reason: User with same Email already exists. Email: apexpolypacknarayan@yahoo.com
08-22-2022 @ 05:33:56 - Row :170 - Parsing item.
08-22-2022 @ 05:33:56 - Row :170 - Parsing failed. Reason: User with same Email already exists. Email: sprucegel@gmail.com
08-22-2022 @ 05:33:56 - Row :171 - Parsing item.
08-22-2022 @ 05:33:56 - Row :171 - Parsing failed. Reason: User with same Email already exists. Email: kvabad@yahoo.com
08-22-2022 @ 05:33:56 - Row :172 - Parsing item.
08-22-2022 @ 05:33:56 - Row :172 - Parsing failed. Reason: User with same Email already exists. Email: gauravpolymers9@gmail.com
08-22-2022 @ 05:33:56 - Row :173 - Parsing item.
08-22-2022 @ 05:33:56 - Row :173 - Processing item.
08-22-2022 @ 05:33:56 - Processing users.
08-22-2022 @ 05:33:59 - > &#8220;1886&#8221;User imported successfully. ID:1886
08-22-2022 @ 05:33:59 - > Finished importing user 1886
08-22-2022 @ 05:33:59 - Row :173 - User imported successfully.
08-22-2022 @ 05:33:59 - Row :174 - Parsing item.
08-22-2022 @ 05:33:59 - Row :174 - Processing item.
08-22-2022 @ 05:33:59 - Processing users.
08-22-2022 @ 05:34:01 - > &#8220;1887&#8221;User imported successfully. ID:1887
08-22-2022 @ 05:34:01 - > Finished importing user 1887
08-22-2022 @ 05:34:01 - Row :174 - User imported successfully.
08-22-2022 @ 05:34:01 - Row :175 - Parsing item.
08-22-2022 @ 05:34:01 - Row :175 - Processing item.
08-22-2022 @ 05:34:01 - Processing users.
08-22-2022 @ 05:34:04 - > &#8220;1888&#8221;User imported successfully. ID:1888
08-22-2022 @ 05:34:04 - > Finished importing user 1888
08-22-2022 @ 05:34:04 - Row :175 - User imported successfully.
08-22-2022 @ 05:34:04 - Row :176 - Parsing item.
08-22-2022 @ 05:34:04 - Row :176 - Processing item.
08-22-2022 @ 05:34:04 - Processing users.
08-22-2022 @ 05:34:06 - > &#8220;1889&#8221;User imported successfully. ID:1889
08-22-2022 @ 05:34:06 - > Finished importing user 1889
08-22-2022 @ 05:34:06 - Row :176 - User imported successfully.
08-22-2022 @ 05:34:06 - Row :177 - Parsing item.
08-22-2022 @ 05:34:06 - Row :177 - Processing item.
08-22-2022 @ 05:34:06 - Processing users.
08-22-2022 @ 05:34:09 - > &#8220;1890&#8221;User imported successfully. ID:1890
08-22-2022 @ 05:34:09 - > Finished importing user 1890
08-22-2022 @ 05:34:09 - Row :177 - User imported successfully.
08-22-2022 @ 05:34:09 - Row :178 - Parsing item.
08-22-2022 @ 05:34:09 - Row :178 - Processing item.
08-22-2022 @ 05:34:09 - Processing users.
08-22-2022 @ 05:34:11 - > &#8220;1891&#8221;User imported successfully. ID:1891
08-22-2022 @ 05:34:11 - > Finished importing user 1891
08-22-2022 @ 05:34:11 - Row :178 - User imported successfully.
08-22-2022 @ 05:34:11 - Row :179 - Parsing item.
08-22-2022 @ 05:34:11 - Row :179 - Processing item.
08-22-2022 @ 05:34:11 - Processing users.
08-22-2022 @ 05:34:14 - > &#8220;1892&#8221;User imported successfully. ID:1892
08-22-2022 @ 05:34:14 - > Finished importing user 1892
08-22-2022 @ 05:34:14 - Row :179 - User imported successfully.
08-22-2022 @ 05:34:14 - Row :180 - Parsing item.
08-22-2022 @ 05:34:14 - Row :180 - Processing item.
08-22-2022 @ 05:34:14 - Processing users.
08-22-2022 @ 05:34:16 - > &#8220;1893&#8221;User imported successfully. ID:1893
08-22-2022 @ 05:34:16 - > Finished importing user 1893
08-22-2022 @ 05:34:16 - Row :180 - User imported successfully.
08-22-2022 @ 05:34:16 - Row :181 - Parsing item.
08-22-2022 @ 05:34:16 - Row :181 - Processing item.
08-22-2022 @ 05:34:16 - Processing users.
08-22-2022 @ 05:34:19 - > &#8220;1894&#8221;User imported successfully. ID:1894
08-22-2022 @ 05:34:19 - > Finished importing user 1894
08-22-2022 @ 05:34:19 - Row :181 - User imported successfully.
08-22-2022 @ 05:34:19 - Row :182 - Parsing item.
08-22-2022 @ 05:34:19 - Row :182 - Processing item.
08-22-2022 @ 05:34:19 - Processing users.
08-22-2022 @ 05:34:21 - > &#8220;1895&#8221;User imported successfully. ID:1895
08-22-2022 @ 05:34:21 - > Finished importing user 1895
08-22-2022 @ 05:34:21 - Row :182 - User imported successfully.
08-22-2022 @ 05:34:21 - Row :183 - Parsing item.
08-22-2022 @ 05:34:21 - Row :183 - Processing item.
08-22-2022 @ 05:34:21 - Processing users.
08-22-2022 @ 05:34:23 - > &#8220;1896&#8221;User imported successfully. ID:1896
08-22-2022 @ 05:34:23 - > Finished importing user 1896
08-22-2022 @ 05:34:23 - Row :183 - User imported successfully.
08-22-2022 @ 05:34:23 - Row :184 - Parsing item.
08-22-2022 @ 05:34:23 - Row :184 - Processing item.
08-22-2022 @ 05:34:23 - Processing users.
08-22-2022 @ 05:34:26 - > &#8220;1897&#8221;User imported successfully. ID:1897
08-22-2022 @ 05:34:26 - > Finished importing user 1897
08-22-2022 @ 05:34:26 - Row :184 - User imported successfully.
08-22-2022 @ 05:34:26 - Row :185 - Parsing item.
08-22-2022 @ 05:34:26 - Row :185 - Processing item.
08-22-2022 @ 05:34:26 - Processing users.
08-22-2022 @ 05:34:28 - > &#8220;1898&#8221;User imported successfully. ID:1898
08-22-2022 @ 05:34:28 - > Finished importing user 1898
08-22-2022 @ 05:34:28 - Row :185 - User imported successfully.
08-22-2022 @ 05:34:28 - Row :186 - Parsing item.
08-22-2022 @ 05:34:28 - Row :186 - Processing item.
08-22-2022 @ 05:34:28 - Processing users.
08-22-2022 @ 05:34:31 - > &#8220;1899&#8221;User imported successfully. ID:1899
08-22-2022 @ 05:34:31 - > Finished importing user 1899
08-22-2022 @ 05:34:31 - Row :186 - User imported successfully.
08-22-2022 @ 05:34:31 - Row :187 - Parsing item.
08-22-2022 @ 05:34:31 - Row :187 - Processing item.
08-22-2022 @ 05:34:31 - Processing users.
08-22-2022 @ 05:34:34 - > &#8220;1900&#8221;User imported successfully. ID:1900
08-22-2022 @ 05:34:34 - > Finished importing user 1900
08-22-2022 @ 05:34:34 - Row :187 - User imported successfully.
08-22-2022 @ 05:34:34 - Row :188 - Parsing item.
08-22-2022 @ 05:34:34 - Row :188 - Processing item.
08-22-2022 @ 05:34:34 - Processing users.
08-22-2022 @ 05:34:37 - > &#8220;1901&#8221;User imported successfully. ID:1901
08-22-2022 @ 05:34:37 - > Finished importing user 1901
08-22-2022 @ 05:34:37 - Row :188 - User imported successfully.
08-22-2022 @ 05:34:37 - Row :189 - Parsing item.
08-22-2022 @ 05:34:37 - Row :189 - Processing item.
08-22-2022 @ 05:34:37 - Processing users.
08-22-2022 @ 05:34:39 - > &#8220;1902&#8221;User imported successfully. ID:1902
08-22-2022 @ 05:34:39 - > Finished importing user 1902
08-22-2022 @ 05:34:39 - Row :189 - User imported successfully.
08-22-2022 @ 05:34:39 - Row :190 - Parsing item.
08-22-2022 @ 05:34:39 - Row :190 - Processing item.
08-22-2022 @ 05:34:39 - Processing users.
08-22-2022 @ 05:34:42 - > &#8220;1903&#8221;User imported successfully. ID:1903
08-22-2022 @ 05:34:42 - > Finished importing user 1903
08-22-2022 @ 05:34:42 - Row :190 - User imported successfully.
08-22-2022 @ 05:34:42 - Row :191 - Parsing item.
08-22-2022 @ 05:34:42 - Row :191 - Processing item.
08-22-2022 @ 05:34:42 - Processing users.
08-22-2022 @ 05:34:44 - > &#8220;1904&#8221;User imported successfully. ID:1904
08-22-2022 @ 05:34:44 - > Finished importing user 1904
08-22-2022 @ 05:34:44 - Row :191 - User imported successfully.
08-22-2022 @ 05:34:44 - Row :192 - Parsing item.
08-22-2022 @ 05:34:44 - Row :192 - Processing item.
08-22-2022 @ 05:34:44 - Processing users.
08-22-2022 @ 05:34:47 - > &#8220;1905&#8221;User imported successfully. ID:1905
08-22-2022 @ 05:34:47 - > Finished importing user 1905
08-22-2022 @ 05:34:47 - Row :192 - User imported successfully.
08-22-2022 @ 05:34:47 - Row :193 - Parsing item.
08-22-2022 @ 05:34:47 - Row :193 - Processing item.
08-22-2022 @ 05:34:47 - Processing users.
08-22-2022 @ 05:34:50 - > &#8220;1906&#8221;User imported successfully. ID:1906
08-22-2022 @ 05:34:50 - > Finished importing user 1906
08-22-2022 @ 05:34:50 - Row :193 - User imported successfully.
08-22-2022 @ 05:34:50 - Row :194 - Parsing item.
08-22-2022 @ 05:34:50 - Row :194 - Processing item.
08-22-2022 @ 05:34:50 - Processing users.
08-22-2022 @ 05:34:52 - > &#8220;1907&#8221;User imported successfully. ID:1907
08-22-2022 @ 05:34:52 - > Finished importing user 1907
08-22-2022 @ 05:34:52 - Row :194 - User imported successfully.
08-22-2022 @ 05:34:52 - Row :195 - Parsing item.
08-22-2022 @ 05:34:52 - Row :195 - Processing item.
08-22-2022 @ 05:34:52 - Processing users.
08-22-2022 @ 05:34:55 - > &#8220;1908&#8221;User imported successfully. ID:1908
08-22-2022 @ 05:34:55 - > Finished importing user 1908
08-22-2022 @ 05:34:55 - Row :195 - User imported successfully.
08-22-2022 @ 05:34:55 - Row :196 - Parsing item.
08-22-2022 @ 05:34:55 - Row :196 - Processing item.
08-22-2022 @ 05:34:55 - Processing users.
08-22-2022 @ 05:34:57 - > &#8220;1909&#8221;User imported successfully. ID:1909
08-22-2022 @ 05:34:57 - > Finished importing user 1909
08-22-2022 @ 05:34:57 - Row :196 - User imported successfully.
08-22-2022 @ 05:34:57 - Row :197 - Parsing item.
08-22-2022 @ 05:34:57 - Row :197 - Processing item.
08-22-2022 @ 05:34:57 - Processing users.
08-22-2022 @ 05:35:00 - > &#8220;1910&#8221;User imported successfully. ID:1910
08-22-2022 @ 05:35:00 - > Finished importing user 1910
08-22-2022 @ 05:35:00 - Row :197 - User imported successfully.
08-22-2022 @ 05:35:00 - Row :198 - Parsing item.
08-22-2022 @ 05:35:00 - Row :198 - Processing item.
08-22-2022 @ 05:35:00 - Processing users.
08-22-2022 @ 05:35:02 - > &#8220;1911&#8221;User imported successfully. ID:1911
08-22-2022 @ 05:35:02 - > Finished importing user 1911
08-22-2022 @ 05:35:02 - Row :198 - User imported successfully.
08-22-2022 @ 05:35:02 - Row :199 - Parsing item.
08-22-2022 @ 05:35:02 - Row :199 - Processing item.
08-22-2022 @ 05:35:02 - Processing users.
08-22-2022 @ 05:35:05 - > &#8220;1912&#8221;User imported successfully. ID:1912
08-22-2022 @ 05:35:05 - > Finished importing user 1912
08-22-2022 @ 05:35:05 - Row :199 - User imported successfully.
08-22-2022 @ 05:35:05 - Row :200 - Parsing item.
08-22-2022 @ 05:35:05 - Row :200 - Processing item.
08-22-2022 @ 05:35:05 - Processing users.
08-22-2022 @ 05:35:08 - > &#8220;1913&#8221;User imported successfully. ID:1913
08-22-2022 @ 05:35:08 - > Finished importing user 1913
08-22-2022 @ 05:35:08 - Row :200 - User imported successfully.
