08-22-2022 @ 05:36:30 - ---[ New import started at 2022-08-22 05:36:30 ] PHP Memory: 256 MB, WP Memory: 40 MB
08-22-2022 @ 05:36:30 - Preparing for import.
08-22-2022 @ 05:36:30 - Row :1 - Parsing item.
08-22-2022 @ 05:36:30 - Row :1 - Processing item.
08-22-2022 @ 05:36:30 - Processing users.
08-22-2022 @ 05:36:33 - > &#8220;1914&#8221;User imported successfully. ID:1914
08-22-2022 @ 05:36:33 - > Finished importing user 1914
08-22-2022 @ 05:36:33 - Row :1 - User imported successfully.
08-22-2022 @ 05:36:33 - Row :2 - Parsing item.
08-22-2022 @ 05:36:33 - Row :2 - Processing item.
08-22-2022 @ 05:36:33 - Processing users.
08-22-2022 @ 05:36:35 - > &#8220;1915&#8221;User imported successfully. ID:1915
08-22-2022 @ 05:36:35 - > Finished importing user 1915
08-22-2022 @ 05:36:35 - Row :2 - User imported successfully.
08-22-2022 @ 05:36:35 - Row :3 - Parsing item.
08-22-2022 @ 05:36:35 - Row :3 - Processing item.
08-22-2022 @ 05:36:35 - Processing users.
08-22-2022 @ 05:36:38 - > &#8220;1916&#8221;User imported successfully. ID:1916
08-22-2022 @ 05:36:38 - > Finished importing user 1916
08-22-2022 @ 05:36:38 - Row :3 - User imported successfully.
08-22-2022 @ 05:36:38 - Row :4 - Parsing item.
08-22-2022 @ 05:36:38 - Row :4 - Processing item.
08-22-2022 @ 05:36:38 - Processing users.
08-22-2022 @ 05:36:41 - > &#8220;1917&#8221;User imported successfully. ID:1917
08-22-2022 @ 05:36:41 - > Finished importing user 1917
08-22-2022 @ 05:36:41 - Row :4 - User imported successfully.
08-22-2022 @ 05:36:41 - Row :5 - Parsing item.
08-22-2022 @ 05:36:41 - Row :5 - Processing item.
08-22-2022 @ 05:36:41 - Processing users.
08-22-2022 @ 05:36:43 - > &#8220;1918&#8221;User imported successfully. ID:1918
08-22-2022 @ 05:36:43 - > Finished importing user 1918
08-22-2022 @ 05:36:43 - Row :5 - User imported successfully.
08-22-2022 @ 05:36:43 - Row :6 - Parsing item.
08-22-2022 @ 05:36:43 - Row :6 - Processing item.
08-22-2022 @ 05:36:43 - Processing users.
08-22-2022 @ 05:36:46 - > &#8220;1919&#8221;User imported successfully. ID:1919
08-22-2022 @ 05:36:46 - > Finished importing user 1919
08-22-2022 @ 05:36:46 - Row :6 - User imported successfully.
08-22-2022 @ 05:36:46 - Row :7 - Parsing item.
08-22-2022 @ 05:36:46 - Row :7 - Processing item.
08-22-2022 @ 05:36:46 - Processing users.
08-22-2022 @ 05:36:48 - > &#8220;1920&#8221;User imported successfully. ID:1920
08-22-2022 @ 05:36:48 - > Finished importing user 1920
08-22-2022 @ 05:36:48 - Row :7 - User imported successfully.
08-22-2022 @ 05:36:48 - Row :8 - Parsing item.
08-22-2022 @ 05:36:48 - Row :8 - Processing item.
08-22-2022 @ 05:36:48 - Processing users.
08-22-2022 @ 05:36:51 - > &#8220;1921&#8221;User imported successfully. ID:1921
08-22-2022 @ 05:36:51 - > Finished importing user 1921
08-22-2022 @ 05:36:51 - Row :8 - User imported successfully.
08-22-2022 @ 05:36:51 - Row :9 - Parsing item.
08-22-2022 @ 05:36:51 - Row :9 - Processing item.
08-22-2022 @ 05:36:51 - Processing users.
08-22-2022 @ 05:36:53 - > &#8220;1922&#8221;User imported successfully. ID:1922
08-22-2022 @ 05:36:53 - > Finished importing user 1922
08-22-2022 @ 05:36:53 - Row :9 - User imported successfully.
08-22-2022 @ 05:36:53 - Row :10 - Parsing item.
08-22-2022 @ 05:36:53 - Row :10 - Processing item.
08-22-2022 @ 05:36:53 - Processing users.
08-22-2022 @ 05:36:56 - > &#8220;1923&#8221;User imported successfully. ID:1923
08-22-2022 @ 05:36:56 - > Finished importing user 1923
08-22-2022 @ 05:36:56 - Row :10 - User imported successfully.
08-22-2022 @ 05:36:56 - Row :11 - Parsing item.
08-22-2022 @ 05:36:56 - Row :11 - Processing item.
08-22-2022 @ 05:36:56 - Processing users.
08-22-2022 @ 05:36:58 - > &#8220;1924&#8221;User imported successfully. ID:1924
08-22-2022 @ 05:36:58 - > Finished importing user 1924
08-22-2022 @ 05:36:58 - Row :11 - User imported successfully.
08-22-2022 @ 05:36:58 - Row :12 - Parsing item.
08-22-2022 @ 05:36:58 - Row :12 - Processing item.
08-22-2022 @ 05:36:58 - Processing users.
08-22-2022 @ 05:37:02 - > &#8220;1925&#8221;User imported successfully. ID:1925
08-22-2022 @ 05:37:02 - > Finished importing user 1925
08-22-2022 @ 05:37:02 - Row :12 - User imported successfully.
08-22-2022 @ 05:37:02 - Row :13 - Parsing item.
08-22-2022 @ 05:37:02 - Row :13 - Processing item.
08-22-2022 @ 05:37:02 - Processing users.
08-22-2022 @ 05:37:04 - > &#8220;1926&#8221;User imported successfully. ID:1926
08-22-2022 @ 05:37:04 - > Finished importing user 1926
08-22-2022 @ 05:37:04 - Row :13 - User imported successfully.
08-22-2022 @ 05:37:04 - Row :14 - Parsing item.
08-22-2022 @ 05:37:04 - Row :14 - Processing item.
08-22-2022 @ 05:37:04 - Processing users.
08-22-2022 @ 05:37:07 - > &#8220;1927&#8221;User imported successfully. ID:1927
08-22-2022 @ 05:37:07 - > Finished importing user 1927
08-22-2022 @ 05:37:07 - Row :14 - User imported successfully.
08-22-2022 @ 05:37:07 - Row :15 - Parsing item.
08-22-2022 @ 05:37:07 - Row :15 - Processing item.
08-22-2022 @ 05:37:07 - Processing users.
08-22-2022 @ 05:37:10 - > &#8220;1928&#8221;User imported successfully. ID:1928
08-22-2022 @ 05:37:10 - > Finished importing user 1928
08-22-2022 @ 05:37:10 - Row :15 - User imported successfully.
08-22-2022 @ 05:37:10 - Row :16 - Parsing item.
08-22-2022 @ 05:37:10 - Row :16 - Processing item.
08-22-2022 @ 05:37:10 - Processing users.
08-22-2022 @ 05:37:13 - > &#8220;1929&#8221;User imported successfully. ID:1929
08-22-2022 @ 05:37:13 - > Finished importing user 1929
08-22-2022 @ 05:37:13 - Row :16 - User imported successfully.
08-22-2022 @ 05:37:13 - Row :17 - Parsing item.
08-22-2022 @ 05:37:13 - Row :17 - Processing item.
08-22-2022 @ 05:37:13 - Processing users.
08-22-2022 @ 05:37:16 - > &#8220;1930&#8221;User imported successfully. ID:1930
08-22-2022 @ 05:37:16 - > Finished importing user 1930
08-22-2022 @ 05:37:16 - Row :17 - User imported successfully.
08-22-2022 @ 05:37:16 - Row :18 - Parsing item.
08-22-2022 @ 05:37:16 - Row :18 - Processing item.
08-22-2022 @ 05:37:16 - Processing users.
08-22-2022 @ 05:37:18 - > &#8220;1931&#8221;User imported successfully. ID:1931
08-22-2022 @ 05:37:18 - > Finished importing user 1931
08-22-2022 @ 05:37:18 - Row :18 - User imported successfully.
08-22-2022 @ 05:37:18 - Row :19 - Parsing item.
08-22-2022 @ 05:37:18 - Row :19 - Processing item.
08-22-2022 @ 05:37:18 - Processing users.
08-22-2022 @ 05:37:21 - > &#8220;1932&#8221;User imported successfully. ID:1932
08-22-2022 @ 05:37:21 - > Finished importing user 1932
08-22-2022 @ 05:37:21 - Row :19 - User imported successfully.
08-22-2022 @ 05:37:21 - Row :20 - Parsing item.
08-22-2022 @ 05:37:21 - Row :20 - Processing item.
08-22-2022 @ 05:37:21 - Processing users.
08-22-2022 @ 05:37:23 - > &#8220;1933&#8221;User imported successfully. ID:1933
08-22-2022 @ 05:37:23 - > Finished importing user 1933
08-22-2022 @ 05:37:23 - Row :20 - User imported successfully.
08-22-2022 @ 05:37:23 - Row :21 - Parsing item.
08-22-2022 @ 05:37:23 - Row :21 - Processing item.
08-22-2022 @ 05:37:23 - Processing users.
08-22-2022 @ 05:37:26 - > &#8220;1934&#8221;User imported successfully. ID:1934
08-22-2022 @ 05:37:26 - > Finished importing user 1934
08-22-2022 @ 05:37:26 - Row :21 - User imported successfully.
08-22-2022 @ 05:37:26 - Row :22 - Parsing item.
08-22-2022 @ 05:37:26 - Row :22 - Processing item.
08-22-2022 @ 05:37:26 - Processing users.
08-22-2022 @ 05:37:28 - > &#8220;1935&#8221;User imported successfully. ID:1935
08-22-2022 @ 05:37:28 - > Finished importing user 1935
08-22-2022 @ 05:37:28 - Row :22 - User imported successfully.
08-22-2022 @ 05:37:28 - Row :23 - Parsing item.
08-22-2022 @ 05:37:28 - Row :23 - Processing item.
08-22-2022 @ 05:37:28 - Processing users.
08-22-2022 @ 05:37:31 - > &#8220;1936&#8221;User imported successfully. ID:1936
08-22-2022 @ 05:37:31 - > Finished importing user 1936
08-22-2022 @ 05:37:31 - Row :23 - User imported successfully.
08-22-2022 @ 05:37:31 - Row :24 - Parsing item.
08-22-2022 @ 05:37:31 - Row :24 - Processing item.
08-22-2022 @ 05:37:31 - Processing users.
08-22-2022 @ 05:37:34 - > &#8220;1937&#8221;User imported successfully. ID:1937
08-22-2022 @ 05:37:34 - > Finished importing user 1937
08-22-2022 @ 05:37:34 - Row :24 - User imported successfully.
08-22-2022 @ 05:37:34 - Row :25 - Parsing item.
08-22-2022 @ 05:37:34 - Row :25 - Processing item.
08-22-2022 @ 05:37:34 - Processing users.
08-22-2022 @ 05:37:37 - > &#8220;1938&#8221;User imported successfully. ID:1938
08-22-2022 @ 05:37:37 - > Finished importing user 1938
08-22-2022 @ 05:37:37 - Row :25 - User imported successfully.
08-22-2022 @ 05:37:37 - Row :26 - Parsing item.
08-22-2022 @ 05:37:37 - Row :26 - Processing item.
08-22-2022 @ 05:37:37 - Processing users.
08-22-2022 @ 05:37:39 - > &#8220;1939&#8221;User imported successfully. ID:1939
08-22-2022 @ 05:37:39 - > Finished importing user 1939
08-22-2022 @ 05:37:39 - Row :26 - User imported successfully.
08-22-2022 @ 05:37:39 - Row :27 - Parsing item.
08-22-2022 @ 05:37:39 - Row :27 - Processing item.
08-22-2022 @ 05:37:39 - Processing users.
08-22-2022 @ 05:37:42 - > &#8220;1940&#8221;User imported successfully. ID:1940
08-22-2022 @ 05:37:42 - > Finished importing user 1940
08-22-2022 @ 05:37:42 - Row :27 - User imported successfully.
08-22-2022 @ 05:37:42 - Row :28 - Parsing item.
08-22-2022 @ 05:37:42 - Row :28 - Processing item.
08-22-2022 @ 05:37:42 - Processing users.
08-22-2022 @ 05:37:44 - > &#8220;1941&#8221;User imported successfully. ID:1941
08-22-2022 @ 05:37:44 - > Finished importing user 1941
08-22-2022 @ 05:37:44 - Row :28 - User imported successfully.
08-22-2022 @ 05:37:44 - Row :29 - Parsing item.
08-22-2022 @ 05:37:44 - Row :29 - Processing item.
08-22-2022 @ 05:37:44 - Processing users.
08-22-2022 @ 05:37:47 - > &#8220;1942&#8221;User imported successfully. ID:1942
08-22-2022 @ 05:37:47 - > Finished importing user 1942
08-22-2022 @ 05:37:47 - Row :29 - User imported successfully.
08-22-2022 @ 05:37:47 - Row :30 - Parsing item.
08-22-2022 @ 05:37:47 - Row :30 - Processing item.
08-22-2022 @ 05:37:47 - Processing users.
08-22-2022 @ 05:37:50 - > &#8220;1943&#8221;User imported successfully. ID:1943
08-22-2022 @ 05:37:50 - > Finished importing user 1943
08-22-2022 @ 05:37:50 - Row :30 - User imported successfully.
08-22-2022 @ 05:37:50 - Row :31 - Parsing item.
08-22-2022 @ 05:37:50 - Row :31 - Processing item.
08-22-2022 @ 05:37:50 - Processing users.
08-22-2022 @ 05:37:53 - > &#8220;1944&#8221;User imported successfully. ID:1944
08-22-2022 @ 05:37:53 - > Finished importing user 1944
08-22-2022 @ 05:37:53 - Row :31 - User imported successfully.
08-22-2022 @ 05:37:53 - Row :32 - Parsing item.
08-22-2022 @ 05:37:53 - Row :32 - Processing item.
08-22-2022 @ 05:37:53 - Processing users.
08-22-2022 @ 05:37:56 - > &#8220;1945&#8221;User imported successfully. ID:1945
08-22-2022 @ 05:37:56 - > Finished importing user 1945
08-22-2022 @ 05:37:56 - Row :32 - User imported successfully.
08-22-2022 @ 05:37:56 - Row :33 - Parsing item.
08-22-2022 @ 05:37:56 - Row :33 - Processing item.
08-22-2022 @ 05:37:56 - Processing users.
08-22-2022 @ 05:37:59 - > &#8220;1946&#8221;User imported successfully. ID:1946
08-22-2022 @ 05:37:59 - > Finished importing user 1946
08-22-2022 @ 05:37:59 - Row :33 - User imported successfully.
08-22-2022 @ 05:37:59 - Row :34 - Parsing item.
08-22-2022 @ 05:37:59 - Row :34 - Processing item.
08-22-2022 @ 05:37:59 - Processing users.
08-22-2022 @ 05:38:01 - > &#8220;1947&#8221;User imported successfully. ID:1947
08-22-2022 @ 05:38:01 - > Finished importing user 1947
08-22-2022 @ 05:38:01 - Row :34 - User imported successfully.
08-22-2022 @ 05:38:01 - Row :35 - Parsing item.
08-22-2022 @ 05:38:01 - Row :35 - Processing item.
08-22-2022 @ 05:38:01 - Processing users.
08-22-2022 @ 05:38:04 - > &#8220;1948&#8221;User imported successfully. ID:1948
08-22-2022 @ 05:38:04 - > Finished importing user 1948
08-22-2022 @ 05:38:04 - Row :35 - User imported successfully.
08-22-2022 @ 05:38:04 - Row :36 - Parsing item.
08-22-2022 @ 05:38:04 - Row :36 - Processing item.
08-22-2022 @ 05:38:04 - Processing users.
08-22-2022 @ 05:38:07 - > &#8220;1949&#8221;User imported successfully. ID:1949
08-22-2022 @ 05:38:07 - > Finished importing user 1949
08-22-2022 @ 05:38:07 - Row :36 - User imported successfully.
08-22-2022 @ 05:38:07 - Row :37 - Parsing item.
08-22-2022 @ 05:38:07 - Row :37 - Processing item.
08-22-2022 @ 05:38:07 - Processing users.
08-22-2022 @ 05:38:10 - > &#8220;1950&#8221;User imported successfully. ID:1950
08-22-2022 @ 05:38:10 - > Finished importing user 1950
08-22-2022 @ 05:38:10 - Row :37 - User imported successfully.
08-22-2022 @ 05:38:10 - Row :38 - Parsing item.
08-22-2022 @ 05:38:10 - Row :38 - Processing item.
08-22-2022 @ 05:38:10 - Processing users.
08-22-2022 @ 05:38:12 - > &#8220;1951&#8221;User imported successfully. ID:1951
08-22-2022 @ 05:38:12 - > Finished importing user 1951
08-22-2022 @ 05:38:12 - Row :38 - User imported successfully.
08-22-2022 @ 05:38:12 - Row :39 - Parsing item.
08-22-2022 @ 05:38:12 - Row :39 - Processing item.
08-22-2022 @ 05:38:12 - Processing users.
08-22-2022 @ 05:38:15 - > &#8220;1952&#8221;User imported successfully. ID:1952
08-22-2022 @ 05:38:15 - > Finished importing user 1952
08-22-2022 @ 05:38:15 - Row :39 - User imported successfully.
08-22-2022 @ 05:38:15 - Row :40 - Parsing item.
08-22-2022 @ 05:38:15 - Row :40 - Processing item.
08-22-2022 @ 05:38:15 - Processing users.
08-22-2022 @ 05:38:18 - > &#8220;1953&#8221;User imported successfully. ID:1953
08-22-2022 @ 05:38:18 - > Finished importing user 1953
08-22-2022 @ 05:38:18 - Row :40 - User imported successfully.
08-22-2022 @ 05:38:18 - Row :41 - Parsing item.
08-22-2022 @ 05:38:18 - Row :41 - Processing item.
08-22-2022 @ 05:38:18 - Processing users.
08-22-2022 @ 05:38:21 - > &#8220;1954&#8221;User imported successfully. ID:1954
08-22-2022 @ 05:38:21 - > Finished importing user 1954
08-22-2022 @ 05:38:21 - Row :41 - User imported successfully.
08-22-2022 @ 05:38:21 - Row :42 - Parsing item.
08-22-2022 @ 05:38:21 - Row :42 - Processing item.
08-22-2022 @ 05:38:21 - Processing users.
08-22-2022 @ 05:38:23 - > &#8220;1955&#8221;User imported successfully. ID:1955
08-22-2022 @ 05:38:23 - > Finished importing user 1955
08-22-2022 @ 05:38:23 - Row :42 - User imported successfully.
08-22-2022 @ 05:38:23 - Row :43 - Parsing item.
08-22-2022 @ 05:38:23 - Row :43 - Processing item.
08-22-2022 @ 05:38:23 - Processing users.
08-22-2022 @ 05:38:26 - > &#8220;1956&#8221;User imported successfully. ID:1956
08-22-2022 @ 05:38:26 - > Finished importing user 1956
08-22-2022 @ 05:38:26 - Row :43 - User imported successfully.
08-22-2022 @ 05:38:26 - Row :44 - Parsing item.
08-22-2022 @ 05:38:26 - Row :44 - Processing item.
08-22-2022 @ 05:38:26 - Processing users.
08-22-2022 @ 05:38:28 - > &#8220;1957&#8221;User imported successfully. ID:1957
08-22-2022 @ 05:38:28 - > Finished importing user 1957
08-22-2022 @ 05:38:28 - Row :44 - User imported successfully.
08-22-2022 @ 05:38:28 - Row :45 - Parsing item.
08-22-2022 @ 05:38:28 - Row :45 - Processing item.
08-22-2022 @ 05:38:28 - Processing users.
08-22-2022 @ 05:38:31 - > &#8220;1958&#8221;User imported successfully. ID:1958
08-22-2022 @ 05:38:31 - > Finished importing user 1958
08-22-2022 @ 05:38:31 - Row :45 - User imported successfully.
08-22-2022 @ 05:38:31 - Row :46 - Parsing item.
08-22-2022 @ 05:38:31 - Row :46 - Processing item.
08-22-2022 @ 05:38:31 - Processing users.
08-22-2022 @ 05:38:34 - > &#8220;1959&#8221;User imported successfully. ID:1959
08-22-2022 @ 05:38:34 - > Finished importing user 1959
08-22-2022 @ 05:38:34 - Row :46 - User imported successfully.
08-22-2022 @ 05:38:34 - Row :47 - Parsing item.
08-22-2022 @ 05:38:34 - Row :47 - Processing item.
08-22-2022 @ 05:38:34 - Processing users.
08-22-2022 @ 05:38:37 - > &#8220;1960&#8221;User imported successfully. ID:1960
08-22-2022 @ 05:38:37 - > Finished importing user 1960
08-22-2022 @ 05:38:37 - Row :47 - User imported successfully.
08-22-2022 @ 05:38:37 - Row :48 - Parsing item.
08-22-2022 @ 05:38:37 - Row :48 - Processing item.
08-22-2022 @ 05:38:37 - Processing users.
08-22-2022 @ 05:38:40 - > &#8220;1961&#8221;User imported successfully. ID:1961
08-22-2022 @ 05:38:40 - > Finished importing user 1961
08-22-2022 @ 05:38:40 - Row :48 - User imported successfully.
08-22-2022 @ 05:38:40 - Row :49 - Parsing item.
08-22-2022 @ 05:38:40 - Row :49 - Processing item.
08-22-2022 @ 05:38:40 - Processing users.
08-22-2022 @ 05:38:43 - > &#8220;1962&#8221;User imported successfully. ID:1962
08-22-2022 @ 05:38:43 - > Finished importing user 1962
08-22-2022 @ 05:38:43 - Row :49 - User imported successfully.
08-22-2022 @ 05:38:43 - Row :50 - Parsing item.
08-22-2022 @ 05:38:43 - Row :50 - Processing item.
08-22-2022 @ 05:38:43 - Processing users.
08-22-2022 @ 05:38:45 - > &#8220;1963&#8221;User imported successfully. ID:1963
08-22-2022 @ 05:38:45 - > Finished importing user 1963
08-22-2022 @ 05:38:45 - Row :50 - User imported successfully.
08-22-2022 @ 05:38:45 - Row :51 - Parsing item.
08-22-2022 @ 05:38:45 - Row :51 - Processing item.
08-22-2022 @ 05:38:45 - Processing users.
08-22-2022 @ 05:38:48 - > &#8220;1964&#8221;User imported successfully. ID:1964
08-22-2022 @ 05:38:48 - > Finished importing user 1964
08-22-2022 @ 05:38:48 - Row :51 - User imported successfully.
08-22-2022 @ 05:38:48 - Row :52 - Parsing item.
08-22-2022 @ 05:38:48 - Row :52 - Processing item.
08-22-2022 @ 05:38:48 - Processing users.
08-22-2022 @ 05:38:50 - > &#8220;1965&#8221;User imported successfully. ID:1965
08-22-2022 @ 05:38:50 - > Finished importing user 1965
08-22-2022 @ 05:38:50 - Row :52 - User imported successfully.
08-22-2022 @ 05:38:50 - Row :53 - Parsing item.
08-22-2022 @ 05:38:50 - Row :53 - Processing item.
08-22-2022 @ 05:38:50 - Processing users.
08-22-2022 @ 05:38:53 - > &#8220;1966&#8221;User imported successfully. ID:1966
08-22-2022 @ 05:38:53 - > Finished importing user 1966
08-22-2022 @ 05:38:53 - Row :53 - User imported successfully.
08-22-2022 @ 05:38:53 - Row :54 - Parsing item.
08-22-2022 @ 05:38:53 - Row :54 - Processing item.
08-22-2022 @ 05:38:53 - Processing users.
08-22-2022 @ 05:38:55 - > &#8220;1967&#8221;User imported successfully. ID:1967
08-22-2022 @ 05:38:55 - > Finished importing user 1967
08-22-2022 @ 05:38:55 - Row :54 - User imported successfully.
08-22-2022 @ 05:38:55 - Row :55 - Parsing item.
08-22-2022 @ 05:38:55 - Row :55 - Processing item.
08-22-2022 @ 05:38:55 - Processing users.
08-22-2022 @ 05:38:58 - > &#8220;1968&#8221;User imported successfully. ID:1968
08-22-2022 @ 05:38:58 - > Finished importing user 1968
08-22-2022 @ 05:38:58 - Row :55 - User imported successfully.
08-22-2022 @ 05:38:58 - Row :56 - Parsing item.
08-22-2022 @ 05:38:58 - Row :56 - Processing item.
08-22-2022 @ 05:38:58 - Processing users.
08-22-2022 @ 05:39:01 - > &#8220;1969&#8221;User imported successfully. ID:1969
08-22-2022 @ 05:39:01 - > Finished importing user 1969
08-22-2022 @ 05:39:01 - Row :56 - User imported successfully.
08-22-2022 @ 05:39:01 - Row :57 - Parsing item.
08-22-2022 @ 05:39:01 - Row :57 - Processing item.
08-22-2022 @ 05:39:01 - Processing users.
08-22-2022 @ 05:39:03 - > &#8220;1970&#8221;User imported successfully. ID:1970
08-22-2022 @ 05:39:03 - > Finished importing user 1970
08-22-2022 @ 05:39:03 - Row :57 - User imported successfully.
08-22-2022 @ 05:39:03 - Row :58 - Parsing item.
08-22-2022 @ 05:39:03 - Row :58 - Processing item.
08-22-2022 @ 05:39:03 - Processing users.
08-22-2022 @ 05:39:06 - > &#8220;1971&#8221;User imported successfully. ID:1971
08-22-2022 @ 05:39:06 - > Finished importing user 1971
08-22-2022 @ 05:39:06 - Row :58 - User imported successfully.
08-22-2022 @ 05:39:06 - Row :59 - Parsing item.
08-22-2022 @ 05:39:06 - Row :59 - Processing item.
08-22-2022 @ 05:39:06 - Processing users.
08-22-2022 @ 05:39:09 - > &#8220;1972&#8221;User imported successfully. ID:1972
08-22-2022 @ 05:39:09 - > Finished importing user 1972
08-22-2022 @ 05:39:09 - Row :59 - User imported successfully.
08-22-2022 @ 05:39:09 - Row :60 - Parsing item.
08-22-2022 @ 05:39:09 - Row :60 - Processing item.
08-22-2022 @ 05:39:09 - Processing users.
08-22-2022 @ 05:39:12 - > &#8220;1973&#8221;User imported successfully. ID:1973
08-22-2022 @ 05:39:12 - > Finished importing user 1973
08-22-2022 @ 05:39:12 - Row :60 - User imported successfully.
08-22-2022 @ 05:39:12 - Row :61 - Parsing item.
08-22-2022 @ 05:39:12 - Row :61 - Processing item.
08-22-2022 @ 05:39:12 - Processing users.
08-22-2022 @ 05:39:15 - > &#8220;1974&#8221;User imported successfully. ID:1974
08-22-2022 @ 05:39:15 - > Finished importing user 1974
08-22-2022 @ 05:39:15 - Row :61 - User imported successfully.
08-22-2022 @ 05:39:15 - Row :62 - Parsing item.
08-22-2022 @ 05:39:15 - Row :62 - Processing item.
08-22-2022 @ 05:39:15 - Processing users.
08-22-2022 @ 05:39:18 - > &#8220;1975&#8221;User imported successfully. ID:1975
08-22-2022 @ 05:39:18 - > Finished importing user 1975
08-22-2022 @ 05:39:18 - Row :62 - User imported successfully.
08-22-2022 @ 05:39:18 - Row :63 - Parsing item.
08-22-2022 @ 05:39:18 - Row :63 - Processing item.
08-22-2022 @ 05:39:18 - Processing users.
08-22-2022 @ 05:39:20 - > &#8220;1976&#8221;User imported successfully. ID:1976
08-22-2022 @ 05:39:20 - > Finished importing user 1976
08-22-2022 @ 05:39:20 - Row :63 - User imported successfully.
08-22-2022 @ 05:39:20 - Row :64 - Parsing item.
08-22-2022 @ 05:39:20 - Row :64 - Processing item.
08-22-2022 @ 05:39:20 - Processing users.
08-22-2022 @ 05:39:23 - > &#8220;1977&#8221;User imported successfully. ID:1977
08-22-2022 @ 05:39:23 - > Finished importing user 1977
08-22-2022 @ 05:39:23 - Row :64 - User imported successfully.
08-22-2022 @ 05:39:23 - Row :65 - Parsing item.
08-22-2022 @ 05:39:23 - Row :65 - Processing item.
08-22-2022 @ 05:39:23 - Processing users.
08-22-2022 @ 05:39:26 - > &#8220;1978&#8221;User imported successfully. ID:1978
08-22-2022 @ 05:39:26 - > Finished importing user 1978
08-22-2022 @ 05:39:26 - Row :65 - User imported successfully.
08-22-2022 @ 05:39:26 - Row :66 - Parsing item.
08-22-2022 @ 05:39:26 - Row :66 - Processing item.
08-22-2022 @ 05:39:26 - Processing users.
08-22-2022 @ 05:39:28 - > &#8220;1979&#8221;User imported successfully. ID:1979
08-22-2022 @ 05:39:28 - > Finished importing user 1979
08-22-2022 @ 05:39:28 - Row :66 - User imported successfully.
08-22-2022 @ 05:39:28 - Row :67 - Parsing item.
08-22-2022 @ 05:39:28 - Row :67 - Processing item.
08-22-2022 @ 05:39:28 - Processing users.
08-22-2022 @ 05:39:31 - > &#8220;1980&#8221;User imported successfully. ID:1980
08-22-2022 @ 05:39:31 - > Finished importing user 1980
08-22-2022 @ 05:39:31 - Row :67 - User imported successfully.
08-22-2022 @ 05:39:31 - Row :68 - Parsing item.
08-22-2022 @ 05:39:31 - Row :68 - Processing item.
08-22-2022 @ 05:39:31 - Processing users.
08-22-2022 @ 05:39:34 - > &#8220;1981&#8221;User imported successfully. ID:1981
08-22-2022 @ 05:39:34 - > Finished importing user 1981
08-22-2022 @ 05:39:34 - Row :68 - User imported successfully.
08-22-2022 @ 05:39:34 - Row :69 - Parsing item.
08-22-2022 @ 05:39:34 - Row :69 - Processing item.
08-22-2022 @ 05:39:34 - Processing users.
08-22-2022 @ 05:39:37 - > &#8220;1982&#8221;User imported successfully. ID:1982
08-22-2022 @ 05:39:37 - > Finished importing user 1982
08-22-2022 @ 05:39:37 - Row :69 - User imported successfully.
08-22-2022 @ 05:39:37 - Row :70 - Parsing item.
08-22-2022 @ 05:39:37 - Row :70 - Processing item.
08-22-2022 @ 05:39:37 - Processing users.
08-22-2022 @ 05:39:39 - > &#8220;1983&#8221;User imported successfully. ID:1983
08-22-2022 @ 05:39:39 - > Finished importing user 1983
08-22-2022 @ 05:39:39 - Row :70 - User imported successfully.
08-22-2022 @ 05:39:39 - Row :71 - Parsing item.
08-22-2022 @ 05:39:39 - Row :71 - Processing item.
08-22-2022 @ 05:39:39 - Processing users.
08-22-2022 @ 05:39:42 - > &#8220;1984&#8221;User imported successfully. ID:1984
08-22-2022 @ 05:39:42 - > Finished importing user 1984
08-22-2022 @ 05:39:42 - Row :71 - User imported successfully.
08-22-2022 @ 05:39:42 - Row :72 - Parsing item.
08-22-2022 @ 05:39:42 - Row :72 - Processing item.
08-22-2022 @ 05:39:42 - Processing users.
08-22-2022 @ 05:39:45 - > &#8220;1985&#8221;User imported successfully. ID:1985
08-22-2022 @ 05:39:45 - > Finished importing user 1985
08-22-2022 @ 05:39:45 - Row :72 - User imported successfully.
08-22-2022 @ 05:39:45 - Row :73 - Parsing item.
08-22-2022 @ 05:39:45 - Row :73 - Processing item.
08-22-2022 @ 05:39:45 - Processing users.
08-22-2022 @ 05:39:47 - > &#8220;1986&#8221;User imported successfully. ID:1986
08-22-2022 @ 05:39:47 - > Finished importing user 1986
08-22-2022 @ 05:39:47 - Row :73 - User imported successfully.
08-22-2022 @ 05:39:47 - Row :74 - Parsing item.
08-22-2022 @ 05:39:47 - Row :74 - Processing item.
08-22-2022 @ 05:39:47 - Processing users.
08-22-2022 @ 05:39:50 - > &#8220;1987&#8221;User imported successfully. ID:1987
08-22-2022 @ 05:39:50 - > Finished importing user 1987
08-22-2022 @ 05:39:50 - Row :74 - User imported successfully.
08-22-2022 @ 05:39:50 - Row :75 - Parsing item.
08-22-2022 @ 05:39:50 - Row :75 - Processing item.
08-22-2022 @ 05:39:50 - Processing users.
08-22-2022 @ 05:39:53 - > &#8220;1988&#8221;User imported successfully. ID:1988
08-22-2022 @ 05:39:53 - > Finished importing user 1988
08-22-2022 @ 05:39:53 - Row :75 - User imported successfully.
08-22-2022 @ 05:39:53 - Row :76 - Parsing item.
08-22-2022 @ 05:39:53 - Row :76 - Processing item.
08-22-2022 @ 05:39:53 - Processing users.
08-22-2022 @ 05:39:55 - > &#8220;1989&#8221;User imported successfully. ID:1989
08-22-2022 @ 05:39:55 - > Finished importing user 1989
08-22-2022 @ 05:39:55 - Row :76 - User imported successfully.
08-22-2022 @ 05:39:55 - Row :77 - Parsing item.
08-22-2022 @ 05:39:55 - Row :77 - Processing item.
08-22-2022 @ 05:39:55 - Processing users.
08-22-2022 @ 05:39:58 - > &#8220;1990&#8221;User imported successfully. ID:1990
08-22-2022 @ 05:39:58 - > Finished importing user 1990
08-22-2022 @ 05:39:58 - Row :77 - User imported successfully.
08-22-2022 @ 05:39:58 - Row :78 - Parsing item.
08-22-2022 @ 05:39:58 - Row :78 - Processing item.
08-22-2022 @ 05:39:58 - Processing users.
08-22-2022 @ 05:40:00 - > &#8220;1991&#8221;User imported successfully. ID:1991
08-22-2022 @ 05:40:00 - > Finished importing user 1991
08-22-2022 @ 05:40:00 - Row :78 - User imported successfully.
08-22-2022 @ 05:40:00 - Row :79 - Parsing item.
08-22-2022 @ 05:40:00 - Row :79 - Processing item.
08-22-2022 @ 05:40:00 - Processing users.
08-22-2022 @ 05:40:03 - > &#8220;1992&#8221;User imported successfully. ID:1992
08-22-2022 @ 05:40:03 - > Finished importing user 1992
08-22-2022 @ 05:40:03 - Row :79 - User imported successfully.
08-22-2022 @ 05:40:03 - Row :80 - Parsing item.
08-22-2022 @ 05:40:03 - Row :80 - Processing item.
08-22-2022 @ 05:40:03 - Processing users.
08-22-2022 @ 05:40:05 - > &#8220;1993&#8221;User imported successfully. ID:1993
08-22-2022 @ 05:40:05 - > Finished importing user 1993
08-22-2022 @ 05:40:05 - Row :80 - User imported successfully.
08-22-2022 @ 05:40:05 - Row :81 - Parsing item.
08-22-2022 @ 05:40:05 - Row :81 - Processing item.
08-22-2022 @ 05:40:05 - Processing users.
08-22-2022 @ 05:40:08 - > &#8220;1994&#8221;User imported successfully. ID:1994
08-22-2022 @ 05:40:08 - > Finished importing user 1994
08-22-2022 @ 05:40:08 - Row :81 - User imported successfully.
08-22-2022 @ 05:40:08 - Row :82 - Parsing item.
08-22-2022 @ 05:40:08 - Row :82 - Processing item.
08-22-2022 @ 05:40:08 - Processing users.
08-22-2022 @ 05:40:10 - > &#8220;1995&#8221;User imported successfully. ID:1995
08-22-2022 @ 05:40:10 - > Finished importing user 1995
08-22-2022 @ 05:40:10 - Row :82 - User imported successfully.
08-22-2022 @ 05:40:10 - Row :83 - Parsing item.
08-22-2022 @ 05:40:10 - Row :83 - Processing item.
08-22-2022 @ 05:40:10 - Processing users.
08-22-2022 @ 05:40:13 - > &#8220;1996&#8221;User imported successfully. ID:1996
08-22-2022 @ 05:40:13 - > Finished importing user 1996
08-22-2022 @ 05:40:13 - Row :83 - User imported successfully.
08-22-2022 @ 05:40:13 - Row :84 - Parsing item.
08-22-2022 @ 05:40:13 - Row :84 - Processing item.
08-22-2022 @ 05:40:13 - Processing users.
08-22-2022 @ 05:40:16 - > &#8220;1997&#8221;User imported successfully. ID:1997
08-22-2022 @ 05:40:16 - > Finished importing user 1997
08-22-2022 @ 05:40:16 - Row :84 - User imported successfully.
08-22-2022 @ 05:40:16 - Row :85 - Parsing item.
08-22-2022 @ 05:40:16 - Row :85 - Processing item.
08-22-2022 @ 05:40:16 - Processing users.
08-22-2022 @ 05:40:19 - > &#8220;1998&#8221;User imported successfully. ID:1998
08-22-2022 @ 05:40:19 - > Finished importing user 1998
08-22-2022 @ 05:40:19 - Row :85 - User imported successfully.
08-22-2022 @ 05:40:19 - Row :86 - Parsing item.
08-22-2022 @ 05:40:19 - Row :86 - Processing item.
08-22-2022 @ 05:40:19 - Processing users.
08-22-2022 @ 05:40:22 - > &#8220;1999&#8221;User imported successfully. ID:1999
08-22-2022 @ 05:40:22 - > Finished importing user 1999
08-22-2022 @ 05:40:22 - Row :86 - User imported successfully.
08-22-2022 @ 05:40:22 - Row :87 - Parsing item.
08-22-2022 @ 05:40:22 - Row :87 - Processing item.
08-22-2022 @ 05:40:22 - Processing users.
08-22-2022 @ 05:40:24 - > &#8220;2000&#8221;User imported successfully. ID:2000
08-22-2022 @ 05:40:24 - > Finished importing user 2000
08-22-2022 @ 05:40:24 - Row :87 - User imported successfully.
08-22-2022 @ 05:40:24 - Row :88 - Parsing item.
08-22-2022 @ 05:40:24 - Row :88 - Processing item.
08-22-2022 @ 05:40:24 - Processing users.
08-22-2022 @ 05:40:27 - > &#8220;2001&#8221;User imported successfully. ID:2001
08-22-2022 @ 05:40:27 - > Finished importing user 2001
08-22-2022 @ 05:40:27 - Row :88 - User imported successfully.
08-22-2022 @ 05:40:27 - Row :89 - Parsing item.
08-22-2022 @ 05:40:27 - Row :89 - Processing item.
08-22-2022 @ 05:40:27 - Processing users.
08-22-2022 @ 05:40:30 - > &#8220;2002&#8221;User imported successfully. ID:2002
08-22-2022 @ 05:40:30 - > Finished importing user 2002
08-22-2022 @ 05:40:30 - Row :89 - User imported successfully.
08-22-2022 @ 05:40:30 - Row :90 - Parsing item.
08-22-2022 @ 05:40:30 - Row :90 - Processing item.
08-22-2022 @ 05:40:30 - Processing users.
08-22-2022 @ 05:40:33 - > &#8220;2003&#8221;User imported successfully. ID:2003
08-22-2022 @ 05:40:33 - > Finished importing user 2003
08-22-2022 @ 05:40:33 - Row :90 - User imported successfully.
08-22-2022 @ 05:40:33 - Row :91 - Parsing item.
08-22-2022 @ 05:40:33 - Row :91 - Processing item.
08-22-2022 @ 05:40:33 - Processing users.
08-22-2022 @ 05:40:35 - > &#8220;2004&#8221;User imported successfully. ID:2004
08-22-2022 @ 05:40:35 - > Finished importing user 2004
08-22-2022 @ 05:40:35 - Row :91 - User imported successfully.
08-22-2022 @ 05:40:35 - Row :92 - Parsing item.
08-22-2022 @ 05:40:35 - Row :92 - Processing item.
08-22-2022 @ 05:40:35 - Processing users.
08-22-2022 @ 05:40:38 - > &#8220;2005&#8221;User imported successfully. ID:2005
08-22-2022 @ 05:40:38 - > Finished importing user 2005
08-22-2022 @ 05:40:38 - Row :92 - User imported successfully.
08-22-2022 @ 05:40:38 - Row :93 - Parsing item.
08-22-2022 @ 05:40:38 - Row :93 - Processing item.
08-22-2022 @ 05:40:38 - Processing users.
08-22-2022 @ 05:40:41 - > &#8220;2006&#8221;User imported successfully. ID:2006
08-22-2022 @ 05:40:41 - > Finished importing user 2006
08-22-2022 @ 05:40:41 - Row :93 - User imported successfully.
08-22-2022 @ 05:40:41 - Row :94 - Parsing item.
08-22-2022 @ 05:40:41 - Row :94 - Processing item.
08-22-2022 @ 05:40:41 - Processing users.
08-22-2022 @ 05:40:43 - > &#8220;2007&#8221;User imported successfully. ID:2007
08-22-2022 @ 05:40:43 - > Finished importing user 2007
08-22-2022 @ 05:40:43 - Row :94 - User imported successfully.
08-22-2022 @ 05:40:43 - Row :95 - Parsing item.
08-22-2022 @ 05:40:43 - Row :95 - Processing item.
08-22-2022 @ 05:40:43 - Processing users.
08-22-2022 @ 05:40:46 - > &#8220;2008&#8221;User imported successfully. ID:2008
08-22-2022 @ 05:40:46 - > Finished importing user 2008
08-22-2022 @ 05:40:46 - Row :95 - User imported successfully.
08-22-2022 @ 05:40:46 - Row :96 - Parsing item.
08-22-2022 @ 05:40:46 - Row :96 - Processing item.
08-22-2022 @ 05:40:46 - Processing users.
08-22-2022 @ 05:40:49 - > &#8220;2009&#8221;User imported successfully. ID:2009
08-22-2022 @ 05:40:49 - > Finished importing user 2009
08-22-2022 @ 05:40:49 - Row :96 - User imported successfully.
08-22-2022 @ 05:40:49 - Row :97 - Parsing item.
08-22-2022 @ 05:40:49 - Row :97 - Processing item.
08-22-2022 @ 05:40:49 - Processing users.
08-22-2022 @ 05:40:52 - > &#8220;2010&#8221;User imported successfully. ID:2010
08-22-2022 @ 05:40:52 - > Finished importing user 2010
08-22-2022 @ 05:40:52 - Row :97 - User imported successfully.
08-22-2022 @ 05:40:52 - Row :98 - Parsing item.
08-22-2022 @ 05:40:52 - Row :98 - Processing item.
08-22-2022 @ 05:40:52 - Processing users.
08-22-2022 @ 05:40:54 - > &#8220;2011&#8221;User imported successfully. ID:2011
08-22-2022 @ 05:40:54 - > Finished importing user 2011
08-22-2022 @ 05:40:54 - Row :98 - User imported successfully.
08-22-2022 @ 05:40:54 - Row :99 - Parsing item.
08-22-2022 @ 05:40:54 - Row :99 - Processing item.
08-22-2022 @ 05:40:54 - Processing users.
08-22-2022 @ 05:40:56 - > &#8220;2012&#8221;User imported successfully. ID:2012
08-22-2022 @ 05:40:56 - > Finished importing user 2012
08-22-2022 @ 05:40:56 - Row :99 - User imported successfully.
08-22-2022 @ 05:40:56 - Row :100 - Parsing item.
08-22-2022 @ 05:40:56 - Row :100 - Processing item.
08-22-2022 @ 05:40:56 - Processing users.
08-22-2022 @ 05:40:59 - > &#8220;2013&#8221;User imported successfully. ID:2013
08-22-2022 @ 05:40:59 - > Finished importing user 2013
08-22-2022 @ 05:40:59 - Row :100 - User imported successfully.
