08-22-2022 @ 10:11:25 - ---[ New import started at 2022-08-22 10:11:25 ] PHP Memory: 256 MB, WP Memory: 40 MB
08-22-2022 @ 10:11:25 - Preparing for import.
08-22-2022 @ 10:11:25 - Row :1 - Parsing item.
08-22-2022 @ 10:11:25 - Row :1 - Processing item.
08-22-2022 @ 10:11:25 - Processing users.
08-22-2022 @ 10:11:27 - > &#8220;3049&#8221;User imported successfully. ID:3049
08-22-2022 @ 10:11:27 - > Finished importing user 3049
08-22-2022 @ 10:11:27 - Row :1 - User imported successfully.
08-22-2022 @ 10:11:27 - Row :2 - Parsing item.
08-22-2022 @ 10:11:27 - Row :2 - Processing item.
08-22-2022 @ 10:11:27 - Processing users.
08-22-2022 @ 10:11:30 - > &#8220;3050&#8221;User imported successfully. ID:3050
08-22-2022 @ 10:11:30 - > Finished importing user 3050
08-22-2022 @ 10:11:30 - Row :2 - User imported successfully.
08-22-2022 @ 10:11:30 - Row :3 - Parsing item.
08-22-2022 @ 10:11:30 - Row :3 - Processing item.
08-22-2022 @ 10:11:30 - Processing users.
08-22-2022 @ 10:11:32 - > &#8220;3051&#8221;User imported successfully. ID:3051
08-22-2022 @ 10:11:32 - > Finished importing user 3051
08-22-2022 @ 10:11:32 - Row :3 - User imported successfully.
08-22-2022 @ 10:11:32 - Row :4 - Parsing item.
08-22-2022 @ 10:11:32 - Row :4 - Processing item.
08-22-2022 @ 10:11:32 - Processing users.
08-22-2022 @ 10:11:35 - > &#8220;3052&#8221;User imported successfully. ID:3052
08-22-2022 @ 10:11:35 - > Finished importing user 3052
08-22-2022 @ 10:11:35 - Row :4 - User imported successfully.
08-22-2022 @ 10:11:35 - Row :5 - Parsing item.
08-22-2022 @ 10:11:35 - Row :5 - Processing item.
08-22-2022 @ 10:11:35 - Processing users.
08-22-2022 @ 10:11:37 - > &#8220;3053&#8221;User imported successfully. ID:3053
08-22-2022 @ 10:11:37 - > Finished importing user 3053
08-22-2022 @ 10:11:37 - Row :5 - User imported successfully.
08-22-2022 @ 10:11:37 - Row :6 - Parsing item.
08-22-2022 @ 10:11:37 - Row :6 - Processing item.
08-22-2022 @ 10:11:37 - Processing users.
08-22-2022 @ 10:11:40 - > &#8220;3054&#8221;User imported successfully. ID:3054
08-22-2022 @ 10:11:40 - > Finished importing user 3054
08-22-2022 @ 10:11:40 - Row :6 - User imported successfully.
08-22-2022 @ 10:11:40 - Row :7 - Parsing item.
08-22-2022 @ 10:11:40 - Row :7 - Processing item.
08-22-2022 @ 10:11:40 - Processing users.
08-22-2022 @ 10:11:42 - > &#8220;3055&#8221;User imported successfully. ID:3055
08-22-2022 @ 10:11:42 - > Finished importing user 3055
08-22-2022 @ 10:11:42 - Row :7 - User imported successfully.
08-22-2022 @ 10:11:42 - Row :8 - Parsing item.
08-22-2022 @ 10:11:42 - Row :8 - Processing item.
08-22-2022 @ 10:11:42 - Processing users.
08-22-2022 @ 10:11:44 - > &#8220;3056&#8221;User imported successfully. ID:3056
08-22-2022 @ 10:11:44 - > Finished importing user 3056
08-22-2022 @ 10:11:44 - Row :8 - User imported successfully.
08-22-2022 @ 10:11:44 - Row :9 - Parsing item.
08-22-2022 @ 10:11:44 - Row :9 - Processing item.
08-22-2022 @ 10:11:44 - Processing users.
08-22-2022 @ 10:11:47 - > &#8220;3057&#8221;User imported successfully. ID:3057
08-22-2022 @ 10:11:47 - > Finished importing user 3057
08-22-2022 @ 10:11:47 - Row :9 - User imported successfully.
08-22-2022 @ 10:11:47 - Row :10 - Parsing item.
08-22-2022 @ 10:11:47 - Row :10 - Processing item.
08-22-2022 @ 10:11:47 - Processing users.
08-22-2022 @ 10:11:49 - > &#8220;3058&#8221;User imported successfully. ID:3058
08-22-2022 @ 10:11:49 - > Finished importing user 3058
08-22-2022 @ 10:11:49 - Row :10 - User imported successfully.
08-22-2022 @ 10:11:49 - Row :11 - Parsing item.
08-22-2022 @ 10:11:49 - Row :11 - Processing item.
08-22-2022 @ 10:11:49 - Processing users.
08-22-2022 @ 10:11:51 - > &#8220;3059&#8221;User imported successfully. ID:3059
08-22-2022 @ 10:11:51 - > Finished importing user 3059
08-22-2022 @ 10:11:51 - Row :11 - User imported successfully.
08-22-2022 @ 10:11:51 - Row :12 - Parsing item.
08-22-2022 @ 10:11:51 - Row :12 - Processing item.
08-22-2022 @ 10:11:51 - Processing users.
08-22-2022 @ 10:11:54 - > &#8220;3060&#8221;User imported successfully. ID:3060
08-22-2022 @ 10:11:54 - > Finished importing user 3060
08-22-2022 @ 10:11:54 - Row :12 - User imported successfully.
08-22-2022 @ 10:11:54 - Row :13 - Parsing item.
08-22-2022 @ 10:11:54 - Row :13 - Processing item.
08-22-2022 @ 10:11:54 - Processing users.
08-22-2022 @ 10:11:56 - > &#8220;3061&#8221;User imported successfully. ID:3061
08-22-2022 @ 10:11:56 - > Finished importing user 3061
08-22-2022 @ 10:11:56 - Row :13 - User imported successfully.
08-22-2022 @ 10:11:56 - Row :14 - Parsing item.
08-22-2022 @ 10:11:56 - Row :14 - Processing item.
08-22-2022 @ 10:11:56 - Processing users.
08-22-2022 @ 10:12:00 - > &#8220;3062&#8221;User imported successfully. ID:3062
08-22-2022 @ 10:12:00 - > Finished importing user 3062
08-22-2022 @ 10:12:00 - Row :14 - User imported successfully.
08-22-2022 @ 10:12:00 - Row :15 - Parsing item.
08-22-2022 @ 10:12:00 - Row :15 - Processing item.
08-22-2022 @ 10:12:00 - Processing users.
08-22-2022 @ 10:12:03 - > &#8220;3063&#8221;User imported successfully. ID:3063
08-22-2022 @ 10:12:03 - > Finished importing user 3063
08-22-2022 @ 10:12:03 - Row :15 - User imported successfully.
08-22-2022 @ 10:12:03 - Row :16 - Parsing item.
08-22-2022 @ 10:12:03 - Row :16 - Processing item.
08-22-2022 @ 10:12:03 - Processing users.
08-22-2022 @ 10:12:05 - > &#8220;3064&#8221;User imported successfully. ID:3064
08-22-2022 @ 10:12:05 - > Finished importing user 3064
08-22-2022 @ 10:12:05 - Row :16 - User imported successfully.
08-22-2022 @ 10:12:05 - Row :17 - Parsing item.
08-22-2022 @ 10:12:05 - Row :17 - Processing item.
08-22-2022 @ 10:12:05 - Processing users.
08-22-2022 @ 10:12:07 - > &#8220;3065&#8221;User imported successfully. ID:3065
08-22-2022 @ 10:12:07 - > Finished importing user 3065
08-22-2022 @ 10:12:07 - Row :17 - User imported successfully.
08-22-2022 @ 10:12:07 - Row :18 - Parsing item.
08-22-2022 @ 10:12:07 - Row :18 - Processing item.
08-22-2022 @ 10:12:07 - Processing users.
08-22-2022 @ 10:12:10 - > &#8220;3066&#8221;User imported successfully. ID:3066
08-22-2022 @ 10:12:10 - > Finished importing user 3066
08-22-2022 @ 10:12:10 - Row :18 - User imported successfully.
08-22-2022 @ 10:12:10 - Row :19 - Parsing item.
08-22-2022 @ 10:12:10 - Row :19 - Processing item.
08-22-2022 @ 10:12:10 - Processing users.
08-22-2022 @ 10:12:12 - > &#8220;3067&#8221;User imported successfully. ID:3067
08-22-2022 @ 10:12:12 - > Finished importing user 3067
08-22-2022 @ 10:12:12 - Row :19 - User imported successfully.
08-22-2022 @ 10:12:12 - Row :20 - Parsing item.
08-22-2022 @ 10:12:12 - Row :20 - Processing item.
08-22-2022 @ 10:12:12 - Processing users.
08-22-2022 @ 10:12:15 - > &#8220;3068&#8221;User imported successfully. ID:3068
08-22-2022 @ 10:12:15 - > Finished importing user 3068
08-22-2022 @ 10:12:15 - Row :20 - User imported successfully.
08-22-2022 @ 10:12:15 - Row :21 - Parsing item.
08-22-2022 @ 10:12:15 - Row :21 - Processing item.
08-22-2022 @ 10:12:15 - Processing users.
08-22-2022 @ 10:12:17 - > &#8220;3069&#8221;User imported successfully. ID:3069
08-22-2022 @ 10:12:17 - > Finished importing user 3069
08-22-2022 @ 10:12:17 - Row :21 - User imported successfully.
08-22-2022 @ 10:12:17 - Row :22 - Parsing item.
08-22-2022 @ 10:12:17 - Row :22 - Processing item.
08-22-2022 @ 10:12:17 - Processing users.
08-22-2022 @ 10:12:19 - > &#8220;3070&#8221;User imported successfully. ID:3070
08-22-2022 @ 10:12:19 - > Finished importing user 3070
08-22-2022 @ 10:12:19 - Row :22 - User imported successfully.
08-22-2022 @ 10:12:19 - Row :23 - Parsing item.
08-22-2022 @ 10:12:19 - Row :23 - Processing item.
08-22-2022 @ 10:12:19 - Processing users.
08-22-2022 @ 10:12:22 - > &#8220;3071&#8221;User imported successfully. ID:3071
08-22-2022 @ 10:12:22 - > Finished importing user 3071
08-22-2022 @ 10:12:22 - Row :23 - User imported successfully.
08-22-2022 @ 10:12:22 - Row :24 - Parsing item.
08-22-2022 @ 10:12:22 - Row :24 - Processing item.
08-22-2022 @ 10:12:22 - Processing users.
08-22-2022 @ 10:12:24 - > &#8220;3072&#8221;User imported successfully. ID:3072
08-22-2022 @ 10:12:24 - > Finished importing user 3072
08-22-2022 @ 10:12:24 - Row :24 - User imported successfully.
08-22-2022 @ 10:12:24 - Row :25 - Parsing item.
08-22-2022 @ 10:12:24 - Row :25 - Processing item.
08-22-2022 @ 10:12:24 - Processing users.
08-22-2022 @ 10:12:27 - > &#8220;3073&#8221;User imported successfully. ID:3073
08-22-2022 @ 10:12:27 - > Finished importing user 3073
08-22-2022 @ 10:12:27 - Row :25 - User imported successfully.
08-22-2022 @ 10:12:27 - Row :26 - Parsing item.
08-22-2022 @ 10:12:27 - Row :26 - Processing item.
08-22-2022 @ 10:12:27 - Processing users.
08-22-2022 @ 10:12:29 - > &#8220;3074&#8221;User imported successfully. ID:3074
08-22-2022 @ 10:12:29 - > Finished importing user 3074
08-22-2022 @ 10:12:29 - Row :26 - User imported successfully.
08-22-2022 @ 10:12:29 - Row :27 - Parsing item.
08-22-2022 @ 10:12:29 - Row :27 - Processing item.
08-22-2022 @ 10:12:29 - Processing users.
08-22-2022 @ 10:12:32 - > &#8220;3075&#8221;User imported successfully. ID:3075
08-22-2022 @ 10:12:32 - > Finished importing user 3075
08-22-2022 @ 10:12:32 - Row :27 - User imported successfully.
08-22-2022 @ 10:12:32 - Row :28 - Parsing item.
08-22-2022 @ 10:12:32 - Row :28 - Processing item.
08-22-2022 @ 10:12:32 - Processing users.
08-22-2022 @ 10:12:34 - > &#8220;3076&#8221;User imported successfully. ID:3076
08-22-2022 @ 10:12:34 - > Finished importing user 3076
08-22-2022 @ 10:12:34 - Row :28 - User imported successfully.
08-22-2022 @ 10:12:34 - Row :29 - Parsing item.
08-22-2022 @ 10:12:34 - Row :29 - Processing item.
08-22-2022 @ 10:12:34 - Processing users.
08-22-2022 @ 10:12:37 - > &#8220;3077&#8221;User imported successfully. ID:3077
08-22-2022 @ 10:12:37 - > Finished importing user 3077
08-22-2022 @ 10:12:37 - Row :29 - User imported successfully.
08-22-2022 @ 10:12:37 - Row :30 - Parsing item.
08-22-2022 @ 10:12:37 - Row :30 - Processing item.
08-22-2022 @ 10:12:37 - Processing users.
08-22-2022 @ 10:12:40 - > &#8220;3078&#8221;User imported successfully. ID:3078
08-22-2022 @ 10:12:40 - > Finished importing user 3078
08-22-2022 @ 10:12:40 - Row :30 - User imported successfully.
08-22-2022 @ 10:12:40 - Row :31 - Parsing item.
08-22-2022 @ 10:12:40 - Row :31 - Processing item.
08-22-2022 @ 10:12:40 - Processing users.
08-22-2022 @ 10:12:43 - > &#8220;3079&#8221;User imported successfully. ID:3079
08-22-2022 @ 10:12:43 - > Finished importing user 3079
08-22-2022 @ 10:12:43 - Row :31 - User imported successfully.
08-22-2022 @ 10:12:43 - Row :32 - Parsing item.
08-22-2022 @ 10:12:43 - Row :32 - Processing item.
08-22-2022 @ 10:12:43 - Processing users.
08-22-2022 @ 10:12:45 - > &#8220;3080&#8221;User imported successfully. ID:3080
08-22-2022 @ 10:12:45 - > Finished importing user 3080
08-22-2022 @ 10:12:45 - Row :32 - User imported successfully.
08-22-2022 @ 10:12:45 - Row :33 - Parsing item.
08-22-2022 @ 10:12:45 - Row :33 - Processing item.
08-22-2022 @ 10:12:45 - Processing users.
08-22-2022 @ 10:12:47 - > &#8220;3081&#8221;User imported successfully. ID:3081
08-22-2022 @ 10:12:47 - > Finished importing user 3081
08-22-2022 @ 10:12:47 - Row :33 - User imported successfully.
08-22-2022 @ 10:12:47 - Row :34 - Parsing item.
08-22-2022 @ 10:12:47 - Row :34 - Processing item.
08-22-2022 @ 10:12:47 - Processing users.
08-22-2022 @ 10:12:50 - > &#8220;3082&#8221;User imported successfully. ID:3082
08-22-2022 @ 10:12:50 - > Finished importing user 3082
08-22-2022 @ 10:12:50 - Row :34 - User imported successfully.
08-22-2022 @ 10:12:50 - Row :35 - Parsing item.
08-22-2022 @ 10:12:50 - Row :35 - Processing item.
08-22-2022 @ 10:12:50 - Processing users.
08-22-2022 @ 10:12:52 - > &#8220;3083&#8221;User imported successfully. ID:3083
08-22-2022 @ 10:12:52 - > Finished importing user 3083
08-22-2022 @ 10:12:52 - Row :35 - User imported successfully.
08-22-2022 @ 10:12:52 - Row :36 - Parsing item.
08-22-2022 @ 10:12:52 - Row :36 - Processing item.
08-22-2022 @ 10:12:52 - Processing users.
08-22-2022 @ 10:12:55 - > &#8220;3084&#8221;User imported successfully. ID:3084
08-22-2022 @ 10:12:55 - > Finished importing user 3084
08-22-2022 @ 10:12:55 - Row :36 - User imported successfully.
08-22-2022 @ 10:12:55 - Row :37 - Parsing item.
08-22-2022 @ 10:12:55 - Row :37 - Processing item.
08-22-2022 @ 10:12:55 - Processing users.
08-22-2022 @ 10:12:58 - > &#8220;3085&#8221;User imported successfully. ID:3085
08-22-2022 @ 10:12:58 - > Finished importing user 3085
08-22-2022 @ 10:12:58 - Row :37 - User imported successfully.
08-22-2022 @ 10:12:58 - Row :38 - Parsing item.
08-22-2022 @ 10:12:58 - Row :38 - Processing item.
08-22-2022 @ 10:12:58 - Processing users.
08-22-2022 @ 10:13:01 - > &#8220;3086&#8221;User imported successfully. ID:3086
08-22-2022 @ 10:13:01 - > Finished importing user 3086
08-22-2022 @ 10:13:01 - Row :38 - User imported successfully.
08-22-2022 @ 10:13:01 - Row :39 - Parsing item.
08-22-2022 @ 10:13:01 - Row :39 - Processing item.
08-22-2022 @ 10:13:01 - Processing users.
08-22-2022 @ 10:13:03 - > &#8220;3087&#8221;User imported successfully. ID:3087
08-22-2022 @ 10:13:03 - > Finished importing user 3087
08-22-2022 @ 10:13:03 - Row :39 - User imported successfully.
08-22-2022 @ 10:13:03 - Row :40 - Parsing item.
08-22-2022 @ 10:13:03 - Row :40 - Processing item.
08-22-2022 @ 10:13:03 - Processing users.
08-22-2022 @ 10:13:06 - > &#8220;3088&#8221;User imported successfully. ID:3088
08-22-2022 @ 10:13:06 - > Finished importing user 3088
08-22-2022 @ 10:13:06 - Row :40 - User imported successfully.
08-22-2022 @ 10:13:06 - Row :41 - Parsing item.
08-22-2022 @ 10:13:06 - Row :41 - Processing item.
08-22-2022 @ 10:13:06 - Processing users.
08-22-2022 @ 10:13:08 - > &#8220;3089&#8221;User imported successfully. ID:3089
08-22-2022 @ 10:13:08 - > Finished importing user 3089
08-22-2022 @ 10:13:08 - Row :41 - User imported successfully.
08-22-2022 @ 10:13:08 - Row :42 - Parsing item.
08-22-2022 @ 10:13:08 - Row :42 - Processing item.
08-22-2022 @ 10:13:08 - Processing users.
08-22-2022 @ 10:13:11 - > &#8220;3090&#8221;User imported successfully. ID:3090
08-22-2022 @ 10:13:11 - > Finished importing user 3090
08-22-2022 @ 10:13:11 - Row :42 - User imported successfully.
08-22-2022 @ 10:13:11 - Row :43 - Parsing item.
08-22-2022 @ 10:13:11 - Row :43 - Processing item.
08-22-2022 @ 10:13:11 - Processing users.
08-22-2022 @ 10:13:13 - > &#8220;3091&#8221;User imported successfully. ID:3091
08-22-2022 @ 10:13:13 - > Finished importing user 3091
08-22-2022 @ 10:13:13 - Row :43 - User imported successfully.
08-22-2022 @ 10:13:13 - Row :44 - Parsing item.
08-22-2022 @ 10:13:13 - Row :44 - Processing item.
08-22-2022 @ 10:13:13 - Processing users.
08-22-2022 @ 10:13:16 - > &#8220;3092&#8221;User imported successfully. ID:3092
08-22-2022 @ 10:13:16 - > Finished importing user 3092
08-22-2022 @ 10:13:16 - Row :44 - User imported successfully.
08-22-2022 @ 10:13:16 - Row :45 - Parsing item.
08-22-2022 @ 10:13:16 - Row :45 - Processing item.
08-22-2022 @ 10:13:16 - Processing users.
08-22-2022 @ 10:13:18 - > &#8220;3093&#8221;User imported successfully. ID:3093
08-22-2022 @ 10:13:18 - > Finished importing user 3093
08-22-2022 @ 10:13:18 - Row :45 - User imported successfully.
08-22-2022 @ 10:13:18 - Row :46 - Parsing item.
08-22-2022 @ 10:13:18 - Row :46 - Processing item.
08-22-2022 @ 10:13:18 - Processing users.
08-22-2022 @ 10:13:21 - > &#8220;3094&#8221;User imported successfully. ID:3094
08-22-2022 @ 10:13:21 - > Finished importing user 3094
08-22-2022 @ 10:13:21 - Row :46 - User imported successfully.
08-22-2022 @ 10:13:21 - Row :47 - Parsing item.
08-22-2022 @ 10:13:21 - Row :47 - Processing item.
08-22-2022 @ 10:13:21 - Processing users.
08-22-2022 @ 10:13:23 - > &#8220;3095&#8221;User imported successfully. ID:3095
08-22-2022 @ 10:13:23 - > Finished importing user 3095
08-22-2022 @ 10:13:23 - Row :47 - User imported successfully.
08-22-2022 @ 10:13:23 - Row :48 - Parsing item.
08-22-2022 @ 10:13:23 - Row :48 - Processing item.
08-22-2022 @ 10:13:23 - Processing users.
08-22-2022 @ 10:13:25 - > &#8220;3096&#8221;User imported successfully. ID:3096
08-22-2022 @ 10:13:25 - > Finished importing user 3096
08-22-2022 @ 10:13:25 - Row :48 - User imported successfully.
08-22-2022 @ 10:13:25 - Row :49 - Parsing item.
08-22-2022 @ 10:13:25 - Row :49 - Processing item.
08-22-2022 @ 10:13:25 - Processing users.
08-22-2022 @ 10:13:28 - > &#8220;3097&#8221;User imported successfully. ID:3097
08-22-2022 @ 10:13:28 - > Finished importing user 3097
08-22-2022 @ 10:13:28 - Row :49 - User imported successfully.
08-22-2022 @ 10:13:28 - Row :50 - Parsing item.
08-22-2022 @ 10:13:28 - Row :50 - Processing item.
08-22-2022 @ 10:13:28 - Processing users.
08-22-2022 @ 10:13:30 - > &#8220;3098&#8221;User imported successfully. ID:3098
08-22-2022 @ 10:13:30 - > Finished importing user 3098
08-22-2022 @ 10:13:30 - Row :50 - User imported successfully.
08-22-2022 @ 10:13:30 - Row :51 - Parsing item.
08-22-2022 @ 10:13:30 - Row :51 - Processing item.
08-22-2022 @ 10:13:30 - Processing users.
08-22-2022 @ 10:13:33 - > &#8220;3099&#8221;User imported successfully. ID:3099
08-22-2022 @ 10:13:33 - > Finished importing user 3099
08-22-2022 @ 10:13:33 - Row :51 - User imported successfully.
08-22-2022 @ 10:13:33 - Row :52 - Parsing item.
08-22-2022 @ 10:13:33 - Row :52 - Processing item.
08-22-2022 @ 10:13:33 - Processing users.
08-22-2022 @ 10:13:35 - > &#8220;3100&#8221;User imported successfully. ID:3100
08-22-2022 @ 10:13:35 - > Finished importing user 3100
08-22-2022 @ 10:13:35 - Row :52 - User imported successfully.
08-22-2022 @ 10:13:35 - Row :53 - Parsing item.
08-22-2022 @ 10:13:35 - Row :53 - Processing item.
08-22-2022 @ 10:13:35 - Processing users.
08-22-2022 @ 10:13:38 - > &#8220;3101&#8221;User imported successfully. ID:3101
08-22-2022 @ 10:13:38 - > Finished importing user 3101
08-22-2022 @ 10:13:38 - Row :53 - User imported successfully.
08-22-2022 @ 10:13:38 - Row :54 - Parsing item.
08-22-2022 @ 10:13:38 - Row :54 - Processing item.
08-22-2022 @ 10:13:38 - Processing users.
08-22-2022 @ 10:13:40 - > &#8220;3102&#8221;User imported successfully. ID:3102
08-22-2022 @ 10:13:40 - > Finished importing user 3102
08-22-2022 @ 10:13:40 - Row :54 - User imported successfully.
08-22-2022 @ 10:13:40 - Row :55 - Parsing item.
08-22-2022 @ 10:13:40 - Row :55 - Processing item.
08-22-2022 @ 10:13:40 - Processing users.
08-22-2022 @ 10:13:43 - > &#8220;3103&#8221;User imported successfully. ID:3103
08-22-2022 @ 10:13:43 - > Finished importing user 3103
08-22-2022 @ 10:13:43 - Row :55 - User imported successfully.
08-22-2022 @ 10:13:43 - Row :56 - Parsing item.
08-22-2022 @ 10:13:43 - Row :56 - Processing item.
08-22-2022 @ 10:13:43 - Processing users.
08-22-2022 @ 10:13:46 - > &#8220;3104&#8221;User imported successfully. ID:3104
08-22-2022 @ 10:13:46 - > Finished importing user 3104
08-22-2022 @ 10:13:46 - Row :56 - User imported successfully.
08-22-2022 @ 10:13:46 - Row :57 - Parsing item.
08-22-2022 @ 10:13:46 - Row :57 - Processing item.
08-22-2022 @ 10:13:46 - Processing users.
08-22-2022 @ 10:13:48 - > &#8220;3105&#8221;User imported successfully. ID:3105
08-22-2022 @ 10:13:48 - > Finished importing user 3105
08-22-2022 @ 10:13:48 - Row :57 - User imported successfully.
08-22-2022 @ 10:13:48 - Row :58 - Parsing item.
08-22-2022 @ 10:13:48 - Row :58 - Processing item.
08-22-2022 @ 10:13:48 - Processing users.
08-22-2022 @ 10:13:51 - > &#8220;3106&#8221;User imported successfully. ID:3106
08-22-2022 @ 10:13:51 - > Finished importing user 3106
08-22-2022 @ 10:13:51 - Row :58 - User imported successfully.
08-22-2022 @ 10:13:51 - Row :59 - Parsing item.
08-22-2022 @ 10:13:51 - Row :59 - Processing item.
08-22-2022 @ 10:13:51 - Processing users.
08-22-2022 @ 10:13:54 - > &#8220;3107&#8221;User imported successfully. ID:3107
08-22-2022 @ 10:13:54 - > Finished importing user 3107
08-22-2022 @ 10:13:54 - Row :59 - User imported successfully.
08-22-2022 @ 10:13:54 - Row :60 - Parsing item.
08-22-2022 @ 10:13:54 - Row :60 - Processing item.
08-22-2022 @ 10:13:54 - Processing users.
08-22-2022 @ 10:13:57 - > &#8220;3108&#8221;User imported successfully. ID:3108
08-22-2022 @ 10:13:57 - > Finished importing user 3108
08-22-2022 @ 10:13:57 - Row :60 - User imported successfully.
08-22-2022 @ 10:13:57 - Row :61 - Parsing item.
08-22-2022 @ 10:13:57 - Row :61 - Parsing failed. Reason: User with same Email already exists. Email: eprsmindustries22@gmail.com
08-22-2022 @ 10:13:57 - Row :62 - Parsing item.
08-22-2022 @ 10:13:57 - Row :62 - Processing item.
08-22-2022 @ 10:13:57 - Processing users.
08-22-2022 @ 10:14:01 - > &#8220;3110&#8221;User imported successfully. ID:3110
08-22-2022 @ 10:14:01 - > Finished importing user 3110
08-22-2022 @ 10:14:01 - Row :62 - User imported successfully.
08-22-2022 @ 10:14:01 - Row :63 - Parsing item.
08-22-2022 @ 10:14:01 - Row :63 - Parsing failed. Reason: User with same Email already exists. Email: rakesh.kanyadi@afdil.com
08-22-2022 @ 10:14:01 - Row :64 - Parsing item.
08-22-2022 @ 10:14:01 - Row :64 - Processing item.
08-22-2022 @ 10:14:01 - Processing users.
08-22-2022 @ 10:14:04 - > &#8220;3112&#8221;User imported successfully. ID:3112
08-22-2022 @ 10:14:04 - > Finished importing user 3112
08-22-2022 @ 10:14:04 - Row :64 - User imported successfully.
08-22-2022 @ 10:14:04 - Row :65 - Parsing item.
08-22-2022 @ 10:14:04 - Row :65 - Processing item.
08-22-2022 @ 10:14:04 - Processing users.
08-22-2022 @ 10:14:04 - > Error inserting 1: Sorry, that username already exists!
08-22-2022 @ 10:14:04 - Row :65 - Processing failed. Reason: > Error inserting 1: Sorry, that username already exists!
08-22-2022 @ 10:14:04 - Row :66 - Parsing item.
08-22-2022 @ 10:14:04 - Row :66 - Processing item.
08-22-2022 @ 10:14:04 - Processing users.
08-22-2022 @ 10:14:07 - > &#8220;3114&#8221;User imported successfully. ID:3114
08-22-2022 @ 10:14:07 - > Finished importing user 3114
08-22-2022 @ 10:14:07 - Row :66 - User imported successfully.
08-22-2022 @ 10:14:07 - Row :67 - Parsing item.
08-22-2022 @ 10:14:07 - Row :67 - Processing item.
08-22-2022 @ 10:14:07 - Processing users.
08-22-2022 @ 10:14:10 - > &#8220;3116&#8221;User imported successfully. ID:3116
08-22-2022 @ 10:14:10 - > Finished importing user 3116
08-22-2022 @ 10:14:10 - Row :67 - User imported successfully.
08-22-2022 @ 10:14:10 - Row :68 - Parsing item.
08-22-2022 @ 10:14:10 - Row :68 - Processing item.
08-22-2022 @ 10:14:10 - Processing users.
08-22-2022 @ 10:14:14 - > &#8220;3117&#8221;User imported successfully. ID:3117
08-22-2022 @ 10:14:14 - > Finished importing user 3117
08-22-2022 @ 10:14:14 - Row :68 - User imported successfully.
08-22-2022 @ 10:14:14 - Row :69 - Parsing item.
08-22-2022 @ 10:14:14 - Row :69 - Parsing failed. Reason: User with same Email already exists. Email: INFOSANKALPJAIPUR@GMAIL.COM
08-22-2022 @ 10:14:14 - Row :70 - Parsing item.
08-22-2022 @ 10:14:14 - Row :70 - Processing item.
08-22-2022 @ 10:14:14 - Processing users.
08-22-2022 @ 10:14:17 - > &#8220;3119&#8221;User imported successfully. ID:3119
08-22-2022 @ 10:14:17 - > Finished importing user 3119
08-22-2022 @ 10:14:17 - Row :70 - User imported successfully.
08-22-2022 @ 10:14:17 - Row :71 - Parsing item.
08-22-2022 @ 10:14:17 - Row :71 - Parsing failed. Reason: User with same Email already exists. Email: ramkeshsharma@microturnersmail.com
08-22-2022 @ 10:14:17 - Row :72 - Parsing item.
08-22-2022 @ 10:14:17 - Row :72 - Processing item.
08-22-2022 @ 10:14:17 - Processing users.
08-22-2022 @ 10:14:21 - > &#8220;3121&#8221;User imported successfully. ID:3121
08-22-2022 @ 10:14:21 - > Finished importing user 3121
08-22-2022 @ 10:14:21 - Row :72 - User imported successfully.
08-22-2022 @ 10:14:21 - Row :73 - Parsing item.
08-22-2022 @ 10:14:21 - Row :73 - Parsing failed. Reason: User with same Email already exists. Email: warcipe.enterprise@gmail.com
08-22-2022 @ 10:14:21 - Row :74 - Parsing item.
08-22-2022 @ 10:14:21 - Row :74 - Processing item.
08-22-2022 @ 10:14:21 - Processing users.
08-22-2022 @ 10:14:24 - > &#8220;3123&#8221;User imported successfully. ID:3123
08-22-2022 @ 10:14:24 - > Finished importing user 3123
08-22-2022 @ 10:14:24 - Row :74 - User imported successfully.
08-22-2022 @ 10:14:24 - Row :75 - Parsing item.
08-22-2022 @ 10:14:24 - Row :75 - Parsing failed. Reason: User with same Email already exists. Email: manavindmys@gmail.com
08-22-2022 @ 10:14:24 - Row :76 - Parsing item.
08-22-2022 @ 10:14:24 - Row :76 - Processing item.
08-22-2022 @ 10:14:24 - Processing users.
08-22-2022 @ 10:14:28 - > &#8220;3125&#8221;User imported successfully. ID:3125
08-22-2022 @ 10:14:28 - > Finished importing user 3125
08-22-2022 @ 10:14:28 - Row :76 - User imported successfully.
08-22-2022 @ 10:14:28 - Row :77 - Parsing item.
08-22-2022 @ 10:14:28 - Row :77 - Parsing failed. Reason: User with same Email already exists. Email: info@saraswatipolymers.com
08-22-2022 @ 10:14:28 - Row :78 - Parsing item.
08-22-2022 @ 10:14:28 - Row :78 - Processing item.
08-22-2022 @ 10:14:28 - Processing users.
08-22-2022 @ 10:14:32 - > &#8220;3127&#8221;User imported successfully. ID:3127
08-22-2022 @ 10:14:32 - > Finished importing user 3127
08-22-2022 @ 10:14:32 - Row :78 - User imported successfully.
08-22-2022 @ 10:14:32 - Row :79 - Parsing item.
08-22-2022 @ 10:14:32 - Row :79 - Parsing failed. Reason: User with same Email already exists. Email: agrapacing@gmail.com
08-22-2022 @ 10:14:32 - Row :80 - Parsing item.
08-22-2022 @ 10:14:32 - Row :80 - Processing item.
08-22-2022 @ 10:14:32 - Processing users.
08-22-2022 @ 10:14:35 - > &#8220;3129&#8221;User imported successfully. ID:3129
08-22-2022 @ 10:14:35 - > Finished importing user 3129
08-22-2022 @ 10:14:35 - Row :80 - User imported successfully.
08-22-2022 @ 10:14:35 - Row :81 - Parsing item.
08-22-2022 @ 10:14:35 - Row :81 - Parsing failed. Reason: User with same Email already exists. Email: rainbowinternational2968@gmail.com
08-22-2022 @ 10:14:35 - Row :82 - Parsing item.
08-22-2022 @ 10:14:35 - Row :82 - Processing item.
08-22-2022 @ 10:14:35 - Processing users.
08-22-2022 @ 10:14:39 - > &#8220;3131&#8221;User imported successfully. ID:3131
08-22-2022 @ 10:14:39 - > Finished importing user 3131
08-22-2022 @ 10:14:39 - Row :82 - User imported successfully.
08-22-2022 @ 10:14:39 - Row :83 - Parsing item.
08-22-2022 @ 10:14:39 - Row :83 - Parsing failed. Reason: User with same Email already exists. Email: oriilonindia.epr@gmail.com
08-22-2022 @ 10:14:39 - Row :84 - Parsing item.
08-22-2022 @ 10:14:39 - Row :84 - Processing item.
08-22-2022 @ 10:14:39 - Processing users.
08-22-2022 @ 10:14:42 - > &#8220;3133&#8221;User imported successfully. ID:3133
08-22-2022 @ 10:14:42 - > Finished importing user 3133
08-22-2022 @ 10:14:42 - Row :84 - User imported successfully.
08-22-2022 @ 10:14:42 - Row :85 - Parsing item.
08-22-2022 @ 10:14:42 - Row :85 - Parsing failed. Reason: User with same Email already exists. Email: wellmacdaman@gmail.com
08-22-2022 @ 10:14:42 - Row :86 - Parsing item.
08-22-2022 @ 10:14:42 - Row :86 - Processing item.
08-22-2022 @ 10:14:42 - Processing users.
08-22-2022 @ 10:14:45 - > &#8220;3135&#8221;User imported successfully. ID:3135
08-22-2022 @ 10:14:45 - > Finished importing user 3135
08-22-2022 @ 10:14:45 - Row :86 - User imported successfully.
08-22-2022 @ 10:14:45 - Row :87 - Parsing item.
08-22-2022 @ 10:14:45 - Row :87 - Parsing failed. Reason: User with same Email already exists. Email: htshahcomum@hotmail.com
08-22-2022 @ 10:14:45 - Row :88 - Parsing item.
08-22-2022 @ 10:14:45 - Row :88 - Processing item.
08-22-2022 @ 10:14:45 - Processing users.
08-22-2022 @ 10:14:49 - > &#8220;3137&#8221;User imported successfully. ID:3137
08-22-2022 @ 10:14:49 - > Finished importing user 3137
08-22-2022 @ 10:14:49 - Row :88 - User imported successfully.
08-22-2022 @ 10:14:49 - Row :89 - Parsing item.
08-22-2022 @ 10:14:49 - Row :89 - Parsing failed. Reason: User with same Email already exists. Email: maneesh.osr@gmail.com
08-22-2022 @ 10:14:49 - Row :90 - Parsing item.
08-22-2022 @ 10:14:49 - Row :90 - Processing item.
08-22-2022 @ 10:14:49 - Processing users.
08-22-2022 @ 10:14:53 - > &#8220;3139&#8221;User imported successfully. ID:3139
08-22-2022 @ 10:14:53 - > Finished importing user 3139
08-22-2022 @ 10:14:53 - Row :90 - User imported successfully.
08-22-2022 @ 10:14:53 - Row :91 - Parsing item.
08-22-2022 @ 10:14:53 - Row :91 - Parsing failed. Reason: User with same Email already exists. Email: lokesh.sharma@shalimarpaints.com
08-22-2022 @ 10:14:53 - Row :92 - Parsing item.
08-22-2022 @ 10:14:53 - Row :92 - Processing item.
08-22-2022 @ 10:14:53 - Processing users.
08-22-2022 @ 10:14:56 - > &#8220;3141&#8221;User imported successfully. ID:3141
08-22-2022 @ 10:14:56 - > Finished importing user 3141
08-22-2022 @ 10:14:56 - Row :92 - User imported successfully.
08-22-2022 @ 10:14:56 - Row :93 - Parsing item.
08-22-2022 @ 10:14:56 - Row :93 - Parsing failed. Reason: User with same Email already exists. Email: maneesh.osr1@gmail.com
08-22-2022 @ 10:14:56 - Row :94 - Parsing item.
08-22-2022 @ 10:14:56 - Row :94 - Processing item.
08-22-2022 @ 10:14:56 - Processing users.
08-22-2022 @ 10:14:59 - > &#8220;3143&#8221;User imported successfully. ID:3143
08-22-2022 @ 10:14:59 - > Finished importing user 3143
08-22-2022 @ 10:14:59 - Row :94 - User imported successfully.
08-22-2022 @ 10:14:59 - Row :95 - Parsing item.
08-22-2022 @ 10:14:59 - Row :95 - Processing item.
08-22-2022 @ 10:14:59 - Processing users.
08-22-2022 @ 10:15:04 - > &#8220;3145&#8221;User imported successfully. ID:3145
08-22-2022 @ 10:15:04 - > Finished importing user 3145
08-22-2022 @ 10:15:04 - Row :95 - User imported successfully.
08-22-2022 @ 10:15:04 - Row :96 - Parsing item.
08-22-2022 @ 10:15:04 - Row :96 - Parsing failed. Reason: User with same Email already exists. Email: hr_ho@venushomeappliances.com
08-22-2022 @ 10:15:04 - Row :97 - Parsing item.
08-22-2022 @ 10:15:04 - Row :97 - Processing item.
08-22-2022 @ 10:15:04 - Processing users.
08-22-2022 @ 10:15:07 - > &#8220;3147&#8221;User imported successfully. ID:3147
08-22-2022 @ 10:15:07 - > Finished importing user 3147
08-22-2022 @ 10:15:07 - Row :97 - User imported successfully.
08-22-2022 @ 10:15:07 - Row :98 - Parsing item.
08-22-2022 @ 10:15:07 - Row :98 - Processing item.
08-22-2022 @ 10:15:07 - Processing users.
08-22-2022 @ 10:15:11 - > &#8220;3148&#8221;User imported successfully. ID:3148
08-22-2022 @ 10:15:11 - > Finished importing user 3148
08-22-2022 @ 10:15:11 - Row :98 - User imported successfully.
08-22-2022 @ 10:15:11 - Row :99 - Parsing item.
08-22-2022 @ 10:15:11 - Row :99 - Parsing failed. Reason: User with same Email already exists. Email: ramachandra474@gmail.com
08-22-2022 @ 10:15:11 - Row :100 - Parsing item.
08-22-2022 @ 10:15:11 - Row :100 - Processing item.
08-22-2022 @ 10:15:11 - Processing users.
08-22-2022 @ 10:15:14 - > &#8220;3151&#8221;User imported successfully. ID:3151
08-22-2022 @ 10:15:14 - > Finished importing user 3151
08-22-2022 @ 10:15:14 - Row :100 - User imported successfully.
