08-22-2022 @ 10:13:54 - ---[ New import started at 2022-08-22 10:13:54 ] PHP Memory: 256 MB, WP Memory: 40 MB
08-22-2022 @ 10:13:54 - Preparing for import.
08-22-2022 @ 10:13:54 - Row :1 - Parsing item.
08-22-2022 @ 10:13:54 - Row :1 - Parsing failed. Reason: User with same Email already exists. Email: gaganaggarwal13@gmail.com
08-22-2022 @ 10:13:54 - Row :2 - Parsing item.
08-22-2022 @ 10:13:54 - Row :2 - Parsing failed. Reason: User with same Email already exists. Email: baloaggarwal@gmail.com
08-22-2022 @ 10:13:54 - Row :3 - Parsing item.
08-22-2022 @ 10:13:54 - Row :3 - Parsing failed. Reason: User with same Email already exists. Email: siddhie20@rediffmail.com
08-22-2022 @ 10:13:54 - Row :4 - Parsing item.
08-22-2022 @ 10:13:54 - Row :4 - Parsing failed. Reason: User with same Email already exists. Email: eastindiatechnologies06@yahoo.com
08-22-2022 @ 10:13:54 - Row :5 - Parsing item.
08-22-2022 @ 10:13:54 - Row :5 - Parsing failed. Reason: User with same Email already exists. Email: gautam355@gmail.com
08-22-2022 @ 10:13:54 - Row :6 - Parsing item.
08-22-2022 @ 10:13:54 - Row :6 - Parsing failed. Reason: User with same Email already exists. Email: svpackers4297@gmail.com
08-22-2022 @ 10:13:54 - Row :7 - Parsing item.
08-22-2022 @ 10:13:54 - Row :7 - Parsing failed. Reason: User with same Email already exists. Email: nirmalt24@gmail.com
08-22-2022 @ 10:13:54 - Row :8 - Parsing item.
08-22-2022 @ 10:13:54 - Row :8 - Parsing failed. Reason: User with same Email already exists. Email: kokkattwoods@gmail.com
08-22-2022 @ 10:13:54 - Row :9 - Parsing item.
08-22-2022 @ 10:13:54 - Row :9 - Parsing failed. Reason: User with same Email already exists. Email: mrugesh@manishfilms.com
08-22-2022 @ 10:13:54 - Row :10 - Parsing item.
08-22-2022 @ 10:13:54 - Row :10 - Parsing failed. Reason: User with same Email already exists. Email: hemanth.chopra@yahoo.com
08-22-2022 @ 10:13:54 - Preparing for import.
08-22-2022 @ 10:13:54 - Row :11 - Parsing item.
08-22-2022 @ 10:13:54 - Row :11 - Parsing failed. Reason: User with same Email already exists. Email: seashell.sreenivasan@gmail.com
08-22-2022 @ 10:13:54 - Row :12 - Parsing item.
08-22-2022 @ 10:13:54 - Row :12 - Parsing failed. Reason: User with same Email already exists. Email: sudhakar.mairpadi@philips.com
08-22-2022 @ 10:13:54 - Row :13 - Parsing item.
08-22-2022 @ 10:13:54 - Row :13 - Parsing failed. Reason: User with same Email already exists. Email: headhr@sr25.in
08-22-2022 @ 10:13:54 - Row :14 - Parsing item.
08-22-2022 @ 10:13:54 - Row :14 - Parsing failed. Reason: User with same Email already exists. Email: Mzktraders12@gmail.com
08-22-2022 @ 10:13:54 - Row :15 - Parsing item.
08-22-2022 @ 10:13:54 - Row :15 - Parsing failed. Reason: User with same Email already exists. Email: nventerprisesbaddi@gmail.com
08-22-2022 @ 10:13:54 - Row :16 - Parsing item.
08-22-2022 @ 10:13:54 - Row :16 - Parsing failed. Reason: User with same Email already exists. Email: mukesh.khetwani@beetee.in
08-22-2022 @ 10:13:54 - Row :17 - Parsing item.
08-22-2022 @ 10:13:54 - Row :17 - Parsing failed. Reason: User with same Email already exists. Email: Ravindran.Muralidharan@genmills.com
08-22-2022 @ 10:13:54 - Row :18 - Parsing item.
08-22-2022 @ 10:13:54 - Row :18 - Parsing failed. Reason: User with same Email already exists. Email: arunkumar49049@gmail.com
08-22-2022 @ 10:13:54 - Row :19 - Parsing item.
08-22-2022 @ 10:13:54 - Row :19 - Parsing failed. Reason: User with same Email already exists. Email: it@mcstechnology.in
08-22-2022 @ 10:13:54 - Row :20 - Parsing item.
08-22-2022 @ 10:13:54 - Row :20 - Parsing failed. Reason: User with same Email already exists. Email: kiyaanprinceoverseas@gmail.com
08-22-2022 @ 10:13:55 - Preparing for import.
08-22-2022 @ 10:13:55 - Row :21 - Parsing item.
08-22-2022 @ 10:13:55 - Row :21 - Parsing failed. Reason: User with same Email already exists. Email: alpita.naik@commscope.com
08-22-2022 @ 10:13:55 - Row :22 - Parsing item.
08-22-2022 @ 10:13:55 - Row :22 - Parsing failed. Reason: User with same Email already exists. Email: dc_dinesh@yahoo.com
08-22-2022 @ 10:13:55 - Row :23 - Parsing item.
08-22-2022 @ 10:13:55 - Row :23 - Parsing failed. Reason: User with same Email already exists. Email: prashant@plasticpackaging.in
08-22-2022 @ 10:13:55 - Row :24 - Parsing item.
08-22-2022 @ 10:13:55 - Row :24 - Parsing failed. Reason: User with same Email already exists. Email: kailash1510@gmail.com
08-22-2022 @ 10:13:55 - Row :25 - Parsing item.
08-22-2022 @ 10:13:55 - Row :25 - Parsing failed. Reason: User with same Email already exists. Email: bajajpacklines.351@gmail.com
08-22-2022 @ 10:13:55 - Row :26 - Parsing item.
08-22-2022 @ 10:13:55 - Row :26 - Parsing failed. Reason: User with same Email already exists. Email: rathi72300@gmail.com
08-22-2022 @ 10:13:55 - Row :27 - Parsing item.
08-22-2022 @ 10:13:55 - Row :27 - Parsing failed. Reason: User with same Email already exists. Email: tanuja.rana@thshealth.in
08-22-2022 @ 10:13:55 - Row :28 - Parsing item.
08-22-2022 @ 10:13:55 - Row :28 - Parsing failed. Reason: User with same Email already exists. Email: vani.enterprise123@gmail.com
08-22-2022 @ 10:13:55 - Row :29 - Parsing item.
08-22-2022 @ 10:13:55 - Row :29 - Parsing failed. Reason: User with same Email already exists. Email: dalmiatea@gmail.com
08-22-2022 @ 10:13:55 - Row :30 - Parsing item.
08-22-2022 @ 10:13:55 - Row :30 - Parsing failed. Reason: User with same Email already exists. Email: accdep.vintech@gmail.com
08-22-2022 @ 10:13:55 - Preparing for import.
08-22-2022 @ 10:13:55 - Row :31 - Parsing item.
08-22-2022 @ 10:13:55 - Row :31 - Parsing failed. Reason: User with same Email already exists. Email: arihantmota@gmail.com
08-22-2022 @ 10:13:55 - Row :32 - Parsing item.
08-22-2022 @ 10:13:55 - Row :32 - Parsing failed. Reason: User with same Email already exists. Email: bnprama@gmail.com
08-22-2022 @ 10:13:55 - Row :33 - Parsing item.
08-22-2022 @ 10:13:55 - Row :33 - Parsing failed. Reason: User with same Email already exists. Email: harshitagarwal83@hotmail.com
08-22-2022 @ 10:13:55 - Row :34 - Parsing item.
08-22-2022 @ 10:13:55 - Row :34 - Parsing failed. Reason: User with same Email already exists. Email: Smith.Chandra@wgrant.com
08-22-2022 @ 10:13:55 - Row :35 - Parsing item.
08-22-2022 @ 10:13:55 - Row :35 - Parsing failed. Reason: User with same Email already exists. Email: GLOWPACKAGING@GMAIL.COM
08-22-2022 @ 10:13:55 - Row :36 - Parsing item.
08-22-2022 @ 10:13:55 - Row :36 - Parsing failed. Reason: User with same Email already exists. Email: BRIJESH.74@REDIFFMAIL.COM
08-22-2022 @ 10:13:55 - Row :37 - Parsing item.
08-22-2022 @ 10:13:55 - Row :37 - Parsing failed. Reason: User with same Email already exists. Email: gauravpolypack@gmail.com
08-22-2022 @ 10:13:55 - Row :38 - Parsing item.
08-22-2022 @ 10:13:55 - Row :38 - Parsing failed. Reason: User with same Email already exists. Email: baijalpackaging@gmail.com
08-22-2022 @ 10:13:55 - Row :39 - Parsing item.
08-22-2022 @ 10:13:55 - Row :39 - Parsing failed. Reason: User with same Email already exists. Email: puenterprises9711@gmail.com
08-22-2022 @ 10:13:55 - Row :40 - Parsing item.
08-22-2022 @ 10:13:55 - Row :40 - Parsing failed. Reason: User with same Email already exists. Email: eprprimeplastic22@gmail.com
08-22-2022 @ 10:13:56 - Preparing for import.
08-22-2022 @ 10:13:56 - Row :41 - Parsing item.
08-22-2022 @ 10:13:56 - Row :41 - Parsing failed. Reason: User with same Email already exists. Email: office@pet-kraft.com
08-22-2022 @ 10:13:56 - Row :42 - Parsing item.
08-22-2022 @ 10:13:56 - Row :42 - Parsing failed. Reason: User with same Email already exists. Email: mairpadi_sudhakar@gmail.com
08-22-2022 @ 10:13:56 - Row :43 - Parsing item.
08-22-2022 @ 10:13:56 - Row :43 - Parsing failed. Reason: User with same Email already exists. Email: baagwaanjaipur@gmail.com
08-22-2022 @ 10:13:56 - Row :44 - Parsing item.
08-22-2022 @ 10:13:56 - Row :44 - Parsing failed. Reason: User with same Email already exists. Email: md.shubhlabh@gmail.com
08-22-2022 @ 10:13:56 - Row :45 - Parsing item.
08-22-2022 @ 10:13:56 - Row :45 - Parsing failed. Reason: User with same Email already exists. Email: malleswararao.sandepudi@msnlabs.com
08-22-2022 @ 10:13:56 - Row :46 - Parsing item.
08-22-2022 @ 10:13:56 - Row :46 - Parsing failed. Reason: User with same Email already exists. Email: u.bhatt@ramdev.co.in
08-22-2022 @ 10:13:56 - Row :47 - Parsing item.
08-22-2022 @ 10:13:56 - Row :47 - Parsing failed. Reason: User with same Email already exists. Email: info@ecoeat.in
08-22-2022 @ 10:13:56 - Row :48 - Parsing item.
08-22-2022 @ 10:13:56 - Row :48 - Parsing failed. Reason: User with same Email already exists. Email: enquiry@dynamicpackagings.com
08-22-2022 @ 10:13:56 - Row :49 - Parsing item.
08-22-2022 @ 10:13:56 - Row :49 - Parsing failed. Reason: User with same Email already exists. Email: jinoj@wagerindia.com
08-22-2022 @ 10:13:56 - Row :50 - Parsing item.
08-22-2022 @ 10:13:56 - Row :50 - Parsing failed. Reason: User with same Email already exists. Email: rupaparaashwin@gmail.com
08-22-2022 @ 10:13:56 - Preparing for import.
08-22-2022 @ 10:13:56 - Row :51 - Parsing item.
08-22-2022 @ 10:13:56 - Row :51 - Parsing failed. Reason: User with same Email already exists. Email: abhishekbajoria1979@gmail.com
08-22-2022 @ 10:13:56 - Row :52 - Parsing item.
08-22-2022 @ 10:13:56 - Row :52 - Parsing failed. Reason: User with same Email already exists. Email: mr@mudrikalabels.com
08-22-2022 @ 10:13:56 - Row :53 - Parsing item.
08-22-2022 @ 10:13:56 - Row :53 - Parsing failed. Reason: User with same Email already exists. Email: utcl-dhar.cpcb@adityabirla.com
08-22-2022 @ 10:13:56 - Row :54 - Parsing item.
08-22-2022 @ 10:13:56 - Row :54 - Parsing failed. Reason: User with same Email already exists. Email: royaltradelink308@gmail.com
08-22-2022 @ 10:13:56 - Row :55 - Parsing item.
08-22-2022 @ 10:13:56 - Row :55 - Parsing failed. Reason: User with same Email already exists. Email: kishor.wathe@kokuyocamlin.com
08-22-2022 @ 10:13:56 - Row :56 - Parsing item.
08-22-2022 @ 10:13:56 - Row :56 - Parsing failed. Reason: User with same Email already exists. Email: smnepl@gmail.com
08-22-2022 @ 10:13:56 - Row :57 - Parsing item.
08-22-2022 @ 10:13:56 - Row :57 - Parsing failed. Reason: User with same Email already exists. Email: kartickpaul18@gmail.com
08-22-2022 @ 10:13:56 - Row :58 - Parsing item.
08-22-2022 @ 10:13:56 - Row :58 - Parsing failed. Reason: User with same Email already exists. Email: haridwar.exports@vijai.co.in
08-22-2022 @ 10:13:56 - Row :59 - Parsing item.
08-22-2022 @ 10:13:56 - Row :59 - Parsing failed. Reason: User with same Email already exists. Email: SHREEBALAJIINTERNATIONAL99@GMAIL.COM
08-22-2022 @ 10:13:56 - Row :60 - Parsing item.
08-22-2022 @ 10:13:56 - Row :60 - Parsing failed. Reason: User with same Email already exists. Email: ashishmantri29@gmail.com
08-22-2022 @ 10:13:57 - Preparing for import.
08-22-2022 @ 10:13:57 - Row :61 - Parsing item.
08-22-2022 @ 10:13:57 - Row :61 - Processing item.
08-22-2022 @ 10:13:57 - Processing users.
08-22-2022 @ 10:14:00 - > &#8220;3109&#8221;User imported successfully. ID:3109
08-22-2022 @ 10:14:00 - > Finished importing user 3109
08-22-2022 @ 10:14:00 - Row :61 - User imported successfully.
08-22-2022 @ 10:14:00 - Row :62 - Parsing item.
08-22-2022 @ 10:14:00 - Row :62 - Parsing failed. Reason: User with same Email already exists. Email: smmartis74@gmail.com
08-22-2022 @ 10:14:00 - Row :63 - Parsing item.
08-22-2022 @ 10:14:00 - Row :63 - Processing item.
08-22-2022 @ 10:14:00 - Processing users.
08-22-2022 @ 10:14:04 - > &#8220;3111&#8221;User imported successfully. ID:3111
08-22-2022 @ 10:14:04 - > Finished importing user 3111
08-22-2022 @ 10:14:04 - Row :63 - User imported successfully.
08-22-2022 @ 10:14:04 - Row :64 - Parsing item.
08-22-2022 @ 10:14:04 - Row :64 - Parsing failed. Reason: User with same Email already exists. Email: ruchiimpects@hotmail.com
08-22-2022 @ 10:14:04 - Row :65 - Parsing item.
08-22-2022 @ 10:14:04 - Row :65 - Processing item.
08-22-2022 @ 10:14:04 - Processing users.
08-22-2022 @ 10:14:07 - > &#8220;3113&#8221;User imported successfully. ID:3113
08-22-2022 @ 10:14:07 - > Finished importing user 3113
08-22-2022 @ 10:14:07 - Row :65 - User imported successfully.
08-22-2022 @ 10:14:07 - Row :66 - Parsing item.
08-22-2022 @ 10:14:07 - Row :66 - Parsing failed. Reason: User with same Email already exists. Email: dinesh1168@gmail.com
08-22-2022 @ 10:14:07 - Row :67 - Parsing item.
08-22-2022 @ 10:14:07 - Row :67 - Processing item.
08-22-2022 @ 10:14:07 - Processing users.
08-22-2022 @ 10:14:11 - > &#8220;3115&#8221;User imported successfully. ID:3115
08-22-2022 @ 10:14:11 - > Finished importing user 3115
08-22-2022 @ 10:14:11 - Row :67 - User imported successfully.
08-22-2022 @ 10:14:11 - Row :68 - Parsing item.
08-22-2022 @ 10:14:11 - Row :68 - Processing item.
08-22-2022 @ 10:14:11 - Processing users.
08-22-2022 @ 10:14:11 - > Error inserting 1: Sorry, that username already exists!
08-22-2022 @ 10:14:11 - Row :68 - Processing failed. Reason: > Error inserting 1: Sorry, that username already exists!
08-22-2022 @ 10:14:11 - Row :69 - Parsing item.
08-22-2022 @ 10:14:11 - Row :69 - Processing item.
08-22-2022 @ 10:14:11 - Processing users.
08-22-2022 @ 10:14:14 - > &#8220;3118&#8221;User imported successfully. ID:3118
08-22-2022 @ 10:14:14 - > Finished importing user 3118
08-22-2022 @ 10:14:14 - Row :69 - User imported successfully.
08-22-2022 @ 10:14:14 - Row :70 - Parsing item.
08-22-2022 @ 10:14:14 - Row :70 - Parsing failed. Reason: User with same Email already exists. Email: neha.plast@yahoo.com
08-22-2022 @ 10:14:15 - Preparing for import.
08-22-2022 @ 10:14:15 - Row :71 - Parsing item.
08-22-2022 @ 10:14:15 - Row :71 - Processing item.
08-22-2022 @ 10:14:15 - Processing users.
08-22-2022 @ 10:14:18 - > &#8220;3120&#8221;User imported successfully. ID:3120
08-22-2022 @ 10:14:18 - > Finished importing user 3120
08-22-2022 @ 10:14:18 - Row :71 - User imported successfully.
08-22-2022 @ 10:14:18 - Row :72 - Parsing item.
08-22-2022 @ 10:14:18 - Row :72 - Parsing failed. Reason: User with same Email already exists. Email: sonargopinath@yahoo.co.in
08-22-2022 @ 10:14:18 - Row :73 - Parsing item.
08-22-2022 @ 10:14:18 - Row :73 - Processing item.
08-22-2022 @ 10:14:18 - Processing users.
08-22-2022 @ 10:14:22 - > &#8220;3122&#8221;User imported successfully. ID:3122
08-22-2022 @ 10:14:22 - > Finished importing user 3122
08-22-2022 @ 10:14:22 - Row :73 - User imported successfully.
08-22-2022 @ 10:14:22 - Row :74 - Parsing item.
08-22-2022 @ 10:14:22 - Row :74 - Parsing failed. Reason: User with same Email already exists. Email: VIVIDPLASTICS@GMAIL.COM
08-22-2022 @ 10:14:22 - Row :75 - Parsing item.
08-22-2022 @ 10:14:22 - Row :75 - Processing item.
08-22-2022 @ 10:14:22 - Processing users.
08-22-2022 @ 10:14:25 - > &#8220;3124&#8221;User imported successfully. ID:3124
08-22-2022 @ 10:14:25 - > Finished importing user 3124
08-22-2022 @ 10:14:25 - Row :75 - User imported successfully.
08-22-2022 @ 10:14:25 - Row :76 - Parsing item.
08-22-2022 @ 10:14:25 - Row :76 - Parsing failed. Reason: User with same Email already exists. Email: sanjaygarg386@ymail.com
08-22-2022 @ 10:14:25 - Row :77 - Parsing item.
08-22-2022 @ 10:14:25 - Row :77 - Processing item.
08-22-2022 @ 10:14:25 - Processing users.
08-22-2022 @ 10:14:28 - > &#8220;3126&#8221;User imported successfully. ID:3126
08-22-2022 @ 10:14:28 - > Finished importing user 3126
08-22-2022 @ 10:14:28 - Row :77 - User imported successfully.
08-22-2022 @ 10:14:28 - Row :78 - Parsing item.
08-22-2022 @ 10:14:28 - Row :78 - Parsing failed. Reason: User with same Email already exists. Email: nishith@stallionbarware.com
08-22-2022 @ 10:14:28 - Row :79 - Parsing item.
08-22-2022 @ 10:14:28 - Row :79 - Processing item.
08-22-2022 @ 10:14:28 - Processing users.
08-22-2022 @ 10:14:33 - > &#8220;3128&#8221;User imported successfully. ID:3128
08-22-2022 @ 10:14:33 - > Finished importing user 3128
08-22-2022 @ 10:14:33 - Row :79 - User imported successfully.
08-22-2022 @ 10:14:33 - Row :80 - Parsing item.
08-22-2022 @ 10:14:33 - Row :80 - Parsing failed. Reason: User with same Email already exists. Email: jk@earindia.com
08-22-2022 @ 10:14:33 - Preparing for import.
08-22-2022 @ 10:14:33 - Row :81 - Parsing item.
08-22-2022 @ 10:14:33 - Row :81 - Processing item.
08-22-2022 @ 10:14:33 - Processing users.
08-22-2022 @ 10:14:37 - > &#8220;3130&#8221;User imported successfully. ID:3130
08-22-2022 @ 10:14:37 - > Finished importing user 3130
08-22-2022 @ 10:14:37 - Row :81 - User imported successfully.
08-22-2022 @ 10:14:37 - Row :82 - Parsing item.
08-22-2022 @ 10:14:37 - Row :82 - Parsing failed. Reason: User with same Email already exists. Email: ed@devika.co.in
08-22-2022 @ 10:14:37 - Row :83 - Parsing item.
08-22-2022 @ 10:14:37 - Row :83 - Processing item.
08-22-2022 @ 10:14:37 - Processing users.
08-22-2022 @ 10:14:40 - > &#8220;3132&#8221;User imported successfully. ID:3132
08-22-2022 @ 10:14:40 - > Finished importing user 3132
08-22-2022 @ 10:14:40 - Row :83 - User imported successfully.
08-22-2022 @ 10:14:40 - Row :84 - Parsing item.
08-22-2022 @ 10:14:40 - Row :84 - Parsing failed. Reason: User with same Email already exists. Email: swastik_plasto@yahoo.co.in
08-22-2022 @ 10:14:40 - Row :85 - Parsing item.
08-22-2022 @ 10:14:40 - Row :85 - Processing item.
08-22-2022 @ 10:14:40 - Processing users.
08-22-2022 @ 10:14:44 - > &#8220;3134&#8221;User imported successfully. ID:3134
08-22-2022 @ 10:14:44 - > Finished importing user 3134
08-22-2022 @ 10:14:44 - Row :85 - User imported successfully.
08-22-2022 @ 10:14:44 - Row :86 - Parsing item.
08-22-2022 @ 10:14:44 - Row :86 - Parsing failed. Reason: User with same Email already exists. Email: pranavpack29@gmail.com
08-22-2022 @ 10:14:44 - Row :87 - Parsing item.
08-22-2022 @ 10:14:44 - Row :87 - Processing item.
08-22-2022 @ 10:14:44 - Processing users.
08-22-2022 @ 10:14:48 - > &#8220;3136&#8221;User imported successfully. ID:3136
08-22-2022 @ 10:14:48 - > Finished importing user 3136
08-22-2022 @ 10:14:48 - Row :87 - User imported successfully.
08-22-2022 @ 10:14:48 - Row :88 - Parsing item.
08-22-2022 @ 10:14:48 - Row :88 - Parsing failed. Reason: User with same Email already exists. Email: shobhaplastic@gmail.com
08-22-2022 @ 10:14:48 - Row :89 - Parsing item.
08-22-2022 @ 10:14:48 - Row :89 - Processing item.
08-22-2022 @ 10:14:48 - Processing users.
08-22-2022 @ 10:14:51 - > &#8220;3138&#8221;User imported successfully. ID:3138
08-22-2022 @ 10:14:51 - > Finished importing user 3138
08-22-2022 @ 10:14:51 - Row :89 - User imported successfully.
08-22-2022 @ 10:14:51 - Row :90 - Parsing item.
08-22-2022 @ 10:14:51 - Row :90 - Parsing failed. Reason: User with same Email already exists. Email: anilkumarmittal.ca@gmail.com
08-22-2022 @ 10:14:52 - Preparing for import.
08-22-2022 @ 10:14:52 - Row :91 - Parsing item.
08-22-2022 @ 10:14:52 - Row :91 - Processing item.
08-22-2022 @ 10:14:52 - Processing users.
08-22-2022 @ 10:14:56 - > &#8220;3140&#8221;User imported successfully. ID:3140
08-22-2022 @ 10:14:56 - > Finished importing user 3140
08-22-2022 @ 10:14:56 - Row :91 - User imported successfully.
08-22-2022 @ 10:14:56 - Row :92 - Parsing item.
08-22-2022 @ 10:14:56 - Row :92 - Parsing failed. Reason: User with same Email already exists. Email: bafna123@hotmail.com
08-22-2022 @ 10:14:56 - Row :93 - Parsing item.
08-22-2022 @ 10:14:56 - Row :93 - Processing item.
08-22-2022 @ 10:14:56 - Processing users.
08-22-2022 @ 10:14:59 - > &#8220;3142&#8221;User imported successfully. ID:3142
08-22-2022 @ 10:14:59 - > Finished importing user 3142
08-22-2022 @ 10:14:59 - Row :93 - User imported successfully.
08-22-2022 @ 10:14:59 - Row :94 - Parsing item.
08-22-2022 @ 10:14:59 - Row :94 - Parsing failed. Reason: User with same Email already exists. Email: AKBANISALIM54@GMAIL.COM
08-22-2022 @ 10:14:59 - Row :95 - Parsing item.
08-22-2022 @ 10:14:59 - Row :95 - Processing item.
08-22-2022 @ 10:14:59 - Processing users.
08-22-2022 @ 10:15:03 - > &#8220;3144&#8221;User imported successfully. ID:3144
08-22-2022 @ 10:15:03 - > Finished importing user 3144
08-22-2022 @ 10:15:03 - Row :95 - User imported successfully.
08-22-2022 @ 10:15:03 - Row :96 - Parsing item.
08-22-2022 @ 10:15:03 - Row :96 - Processing item.
08-22-2022 @ 10:15:03 - Processing users.
08-22-2022 @ 10:15:07 - > &#8220;3146&#8221;User imported successfully. ID:3146
08-22-2022 @ 10:15:07 - > Finished importing user 3146
08-22-2022 @ 10:15:07 - Row :96 - User imported successfully.
08-22-2022 @ 10:15:07 - Row :97 - Parsing item.
08-22-2022 @ 10:15:07 - Row :97 - Parsing failed. Reason: User with same Email already exists. Email: avarghese@mmm.com
08-22-2022 @ 10:15:07 - Row :98 - Parsing item.
08-22-2022 @ 10:15:07 - Row :98 - Processing item.
08-22-2022 @ 10:15:07 - Processing users.
08-22-2022 @ 10:15:10 - > &#8220;3149&#8221;User imported successfully. ID:3149
08-22-2022 @ 10:15:10 - > Finished importing user 3149
08-22-2022 @ 10:15:10 - Row :98 - User imported successfully.
08-22-2022 @ 10:15:10 - Row :99 - Parsing item.
08-22-2022 @ 10:15:10 - Row :99 - Processing item.
08-22-2022 @ 10:15:10 - Processing users.
08-22-2022 @ 10:15:14 - > &#8220;3150&#8221;User imported successfully. ID:3150
08-22-2022 @ 10:15:14 - > Finished importing user 3150
08-22-2022 @ 10:15:14 - Row :99 - User imported successfully.
08-22-2022 @ 10:15:14 - Row :100 - Parsing item.
08-22-2022 @ 10:15:14 - Row :100 - Parsing failed. Reason: User with same Email already exists. Email: globalplast79@gmail.com
08-22-2022 @ 10:15:14 - Preparing for import.
08-22-2022 @ 10:15:14 - Row :101 - Parsing item.
08-22-2022 @ 10:15:14 - Row :101 - Processing item.
08-22-2022 @ 10:15:14 - Processing users.
08-22-2022 @ 10:15:17 - > &#8220;3152&#8221;User imported successfully. ID:3152
08-22-2022 @ 10:15:17 - > Finished importing user 3152
08-22-2022 @ 10:15:17 - Row :101 - User imported successfully.
08-22-2022 @ 10:15:17 - Row :102 - Parsing item.
08-22-2022 @ 10:15:17 - Row :102 - Processing item.
08-22-2022 @ 10:15:17 - Processing users.
08-22-2022 @ 10:15:19 - > &#8220;3153&#8221;User imported successfully. ID:3153
08-22-2022 @ 10:15:19 - > Finished importing user 3153
08-22-2022 @ 10:15:19 - Row :102 - User imported successfully.
08-22-2022 @ 10:15:19 - Row :103 - Parsing item.
08-22-2022 @ 10:15:19 - Row :103 - Processing item.
08-22-2022 @ 10:15:19 - Processing users.
08-22-2022 @ 10:15:22 - > &#8220;3154&#8221;User imported successfully. ID:3154
08-22-2022 @ 10:15:22 - > Finished importing user 3154
08-22-2022 @ 10:15:22 - Row :103 - User imported successfully.
08-22-2022 @ 10:15:22 - Row :104 - Parsing item.
08-22-2022 @ 10:15:22 - Row :104 - Processing item.
08-22-2022 @ 10:15:22 - Processing users.
08-22-2022 @ 10:15:24 - > &#8220;3155&#8221;User imported successfully. ID:3155
08-22-2022 @ 10:15:24 - > Finished importing user 3155
08-22-2022 @ 10:15:24 - Row :104 - User imported successfully.
08-22-2022 @ 10:15:24 - Row :105 - Parsing item.
08-22-2022 @ 10:15:24 - Row :105 - Processing item.
08-22-2022 @ 10:15:24 - Processing users.
08-22-2022 @ 10:15:27 - > &#8220;3156&#8221;User imported successfully. ID:3156
08-22-2022 @ 10:15:27 - > Finished importing user 3156
08-22-2022 @ 10:15:27 - Row :105 - User imported successfully.
08-22-2022 @ 10:15:27 - Row :106 - Parsing item.
08-22-2022 @ 10:15:27 - Row :106 - Processing item.
08-22-2022 @ 10:15:27 - Processing users.
08-22-2022 @ 10:15:29 - > &#8220;3157&#8221;User imported successfully. ID:3157
08-22-2022 @ 10:15:29 - > Finished importing user 3157
08-22-2022 @ 10:15:29 - Row :106 - User imported successfully.
08-22-2022 @ 10:15:29 - Row :107 - Parsing item.
08-22-2022 @ 10:15:29 - Row :107 - Processing item.
08-22-2022 @ 10:15:29 - Processing users.
08-22-2022 @ 10:15:31 - > &#8220;3158&#8221;User imported successfully. ID:3158
08-22-2022 @ 10:15:31 - > Finished importing user 3158
08-22-2022 @ 10:15:31 - Row :107 - User imported successfully.
08-22-2022 @ 10:15:31 - Row :108 - Parsing item.
08-22-2022 @ 10:15:31 - Row :108 - Processing item.
08-22-2022 @ 10:15:31 - Processing users.
08-22-2022 @ 10:15:34 - > &#8220;3159&#8221;User imported successfully. ID:3159
08-22-2022 @ 10:15:34 - > Finished importing user 3159
08-22-2022 @ 10:15:34 - Row :108 - User imported successfully.
08-22-2022 @ 10:15:34 - Row :109 - Parsing item.
08-22-2022 @ 10:15:34 - Row :109 - Processing item.
08-22-2022 @ 10:15:34 - Processing users.
08-22-2022 @ 10:15:37 - > &#8220;3160&#8221;User imported successfully. ID:3160
08-22-2022 @ 10:15:37 - > Finished importing user 3160
08-22-2022 @ 10:15:37 - Row :109 - User imported successfully.
08-22-2022 @ 10:15:37 - Row :110 - Parsing item.
08-22-2022 @ 10:15:37 - Row :110 - Processing item.
08-22-2022 @ 10:15:37 - Processing users.
08-22-2022 @ 10:15:39 - > &#8220;3161&#8221;User imported successfully. ID:3161
08-22-2022 @ 10:15:39 - > Finished importing user 3161
08-22-2022 @ 10:15:39 - Row :110 - User imported successfully.
08-22-2022 @ 10:15:40 - Preparing for import.
08-22-2022 @ 10:15:40 - Row :111 - Parsing item.
08-22-2022 @ 10:15:40 - Row :111 - Processing item.
08-22-2022 @ 10:15:40 - Processing users.
08-22-2022 @ 10:15:43 - > &#8220;3162&#8221;User imported successfully. ID:3162
08-22-2022 @ 10:15:43 - > Finished importing user 3162
08-22-2022 @ 10:15:43 - Row :111 - User imported successfully.
08-22-2022 @ 10:15:43 - Row :112 - Parsing item.
08-22-2022 @ 10:15:43 - Row :112 - Processing item.
08-22-2022 @ 10:15:43 - Processing users.
08-22-2022 @ 10:15:46 - > &#8220;3163&#8221;User imported successfully. ID:3163
08-22-2022 @ 10:15:46 - > Finished importing user 3163
08-22-2022 @ 10:15:46 - Row :112 - User imported successfully.
08-22-2022 @ 10:15:46 - Row :113 - Parsing item.
08-22-2022 @ 10:15:46 - Row :113 - Processing item.
08-22-2022 @ 10:15:46 - Processing users.
08-22-2022 @ 10:15:48 - > &#8220;3164&#8221;User imported successfully. ID:3164
08-22-2022 @ 10:15:48 - > Finished importing user 3164
08-22-2022 @ 10:15:48 - Row :113 - User imported successfully.
08-22-2022 @ 10:15:48 - Row :114 - Parsing item.
08-22-2022 @ 10:15:48 - Row :114 - Processing item.
08-22-2022 @ 10:15:48 - Processing users.
08-22-2022 @ 10:15:51 - > &#8220;3165&#8221;User imported successfully. ID:3165
08-22-2022 @ 10:15:51 - > Finished importing user 3165
08-22-2022 @ 10:15:51 - Row :114 - User imported successfully.
08-22-2022 @ 10:15:51 - Row :115 - Parsing item.
08-22-2022 @ 10:15:51 - Row :115 - Processing item.
08-22-2022 @ 10:15:51 - Processing users.
08-22-2022 @ 10:15:54 - > &#8220;3166&#8221;User imported successfully. ID:3166
08-22-2022 @ 10:15:54 - > Finished importing user 3166
08-22-2022 @ 10:15:54 - Row :115 - User imported successfully.
08-22-2022 @ 10:15:54 - Row :116 - Parsing item.
08-22-2022 @ 10:15:54 - Row :116 - Processing item.
08-22-2022 @ 10:15:54 - Processing users.
08-22-2022 @ 10:15:56 - > &#8220;3167&#8221;User imported successfully. ID:3167
08-22-2022 @ 10:15:56 - > Finished importing user 3167
08-22-2022 @ 10:15:56 - Row :116 - User imported successfully.
08-22-2022 @ 10:15:56 - Row :117 - Parsing item.
08-22-2022 @ 10:15:56 - Row :117 - Processing item.
08-22-2022 @ 10:15:56 - Processing users.
08-22-2022 @ 10:15:58 - > &#8220;3168&#8221;User imported successfully. ID:3168
08-22-2022 @ 10:15:58 - > Finished importing user 3168
08-22-2022 @ 10:15:58 - Row :117 - User imported successfully.
08-22-2022 @ 10:15:58 - Row :118 - Parsing item.
08-22-2022 @ 10:15:58 - Row :118 - Processing item.
08-22-2022 @ 10:15:58 - Processing users.
08-22-2022 @ 10:16:01 - > &#8220;3169&#8221;User imported successfully. ID:3169
08-22-2022 @ 10:16:01 - > Finished importing user 3169
08-22-2022 @ 10:16:01 - Row :118 - User imported successfully.
08-22-2022 @ 10:16:01 - Row :119 - Parsing item.
08-22-2022 @ 10:16:01 - Row :119 - Processing item.
08-22-2022 @ 10:16:01 - Processing users.
08-22-2022 @ 10:16:03 - > &#8220;3170&#8221;User imported successfully. ID:3170
08-22-2022 @ 10:16:03 - > Finished importing user 3170
08-22-2022 @ 10:16:03 - Row :119 - User imported successfully.
08-22-2022 @ 10:16:03 - Row :120 - Parsing item.
08-22-2022 @ 10:16:03 - Row :120 - Processing item.
08-22-2022 @ 10:16:03 - Processing users.
08-22-2022 @ 10:16:06 - > &#8220;3171&#8221;User imported successfully. ID:3171
08-22-2022 @ 10:16:06 - > Finished importing user 3171
08-22-2022 @ 10:16:06 - Row :120 - User imported successfully.
08-22-2022 @ 10:16:07 - Preparing for import.
08-22-2022 @ 10:16:07 - Row :121 - Parsing item.
08-22-2022 @ 10:16:07 - Row :121 - Processing item.
08-22-2022 @ 10:16:07 - Processing users.
08-22-2022 @ 10:16:09 - > &#8220;3172&#8221;User imported successfully. ID:3172
08-22-2022 @ 10:16:09 - > Finished importing user 3172
08-22-2022 @ 10:16:09 - Row :121 - User imported successfully.
08-22-2022 @ 10:16:09 - Row :122 - Parsing item.
08-22-2022 @ 10:16:09 - Row :122 - Processing item.
08-22-2022 @ 10:16:09 - Processing users.
08-22-2022 @ 10:16:11 - > &#8220;3173&#8221;User imported successfully. ID:3173
08-22-2022 @ 10:16:11 - > Finished importing user 3173
08-22-2022 @ 10:16:11 - Row :122 - User imported successfully.
08-22-2022 @ 10:16:11 - Row :123 - Parsing item.
08-22-2022 @ 10:16:11 - Row :123 - Processing item.
08-22-2022 @ 10:16:11 - Processing users.
08-22-2022 @ 10:16:15 - > &#8220;3174&#8221;User imported successfully. ID:3174
08-22-2022 @ 10:16:15 - > Finished importing user 3174
08-22-2022 @ 10:16:15 - Row :123 - User imported successfully.
08-22-2022 @ 10:16:15 - Row :124 - Parsing item.
08-22-2022 @ 10:16:15 - Row :124 - Processing item.
08-22-2022 @ 10:16:15 - Processing users.
08-22-2022 @ 10:16:17 - > &#8220;3175&#8221;User imported successfully. ID:3175
08-22-2022 @ 10:16:17 - > Finished importing user 3175
08-22-2022 @ 10:16:17 - Row :124 - User imported successfully.
08-22-2022 @ 10:16:17 - Row :125 - Parsing item.
08-22-2022 @ 10:16:17 - Row :125 - Processing item.
08-22-2022 @ 10:16:17 - Processing users.
08-22-2022 @ 10:16:20 - > &#8220;3176&#8221;User imported successfully. ID:3176
08-22-2022 @ 10:16:20 - > Finished importing user 3176
08-22-2022 @ 10:16:20 - Row :125 - User imported successfully.
08-22-2022 @ 10:16:20 - Row :126 - Parsing item.
08-22-2022 @ 10:16:20 - Row :126 - Processing item.
08-22-2022 @ 10:16:20 - Processing users.
08-22-2022 @ 10:16:22 - > &#8220;3177&#8221;User imported successfully. ID:3177
08-22-2022 @ 10:16:22 - > Finished importing user 3177
08-22-2022 @ 10:16:22 - Row :126 - User imported successfully.
08-22-2022 @ 10:16:22 - Row :127 - Parsing item.
08-22-2022 @ 10:16:22 - Row :127 - Processing item.
08-22-2022 @ 10:16:22 - Processing users.
08-22-2022 @ 10:16:25 - > &#8220;3178&#8221;User imported successfully. ID:3178
08-22-2022 @ 10:16:25 - > Finished importing user 3178
08-22-2022 @ 10:16:25 - Row :127 - User imported successfully.
08-22-2022 @ 10:16:25 - Row :128 - Parsing item.
08-22-2022 @ 10:16:25 - Row :128 - Processing item.
08-22-2022 @ 10:16:25 - Processing users.
08-22-2022 @ 10:16:27 - > &#8220;3179&#8221;User imported successfully. ID:3179
08-22-2022 @ 10:16:27 - > Finished importing user 3179
08-22-2022 @ 10:16:27 - Row :128 - User imported successfully.
08-22-2022 @ 10:16:27 - Row :129 - Parsing item.
08-22-2022 @ 10:16:27 - Row :129 - Processing item.
08-22-2022 @ 10:16:27 - Processing users.
08-22-2022 @ 10:16:30 - > &#8220;3180&#8221;User imported successfully. ID:3180
08-22-2022 @ 10:16:30 - > Finished importing user 3180
08-22-2022 @ 10:16:30 - Row :129 - User imported successfully.
08-22-2022 @ 10:16:30 - Row :130 - Parsing item.
08-22-2022 @ 10:16:30 - Row :130 - Processing item.
08-22-2022 @ 10:16:30 - Processing users.
08-22-2022 @ 10:16:32 - > &#8220;3181&#8221;User imported successfully. ID:3181
08-22-2022 @ 10:16:32 - > Finished importing user 3181
08-22-2022 @ 10:16:32 - Row :130 - User imported successfully.
08-22-2022 @ 10:16:33 - Preparing for import.
08-22-2022 @ 10:16:33 - Row :131 - Parsing item.
08-22-2022 @ 10:16:33 - Row :131 - Processing item.
08-22-2022 @ 10:16:33 - Processing users.
08-22-2022 @ 10:16:35 - > &#8220;3182&#8221;User imported successfully. ID:3182
08-22-2022 @ 10:16:35 - > Finished importing user 3182
08-22-2022 @ 10:16:35 - Row :131 - User imported successfully.
08-22-2022 @ 10:16:35 - Row :132 - Parsing item.
08-22-2022 @ 10:16:35 - Row :132 - Processing item.
08-22-2022 @ 10:16:35 - Processing users.
08-22-2022 @ 10:16:37 - > &#8220;3183&#8221;User imported successfully. ID:3183
08-22-2022 @ 10:16:37 - > Finished importing user 3183
08-22-2022 @ 10:16:37 - Row :132 - User imported successfully.
08-22-2022 @ 10:16:37 - Row :133 - Parsing item.
08-22-2022 @ 10:16:37 - Row :133 - Processing item.
08-22-2022 @ 10:16:37 - Processing users.
08-22-2022 @ 10:16:40 - > &#8220;3184&#8221;User imported successfully. ID:3184
08-22-2022 @ 10:16:40 - > Finished importing user 3184
08-22-2022 @ 10:16:40 - Row :133 - User imported successfully.
08-22-2022 @ 10:16:40 - Row :134 - Parsing item.
08-22-2022 @ 10:16:40 - Row :134 - Processing item.
08-22-2022 @ 10:16:40 - Processing users.
08-22-2022 @ 10:16:42 - > &#8220;3185&#8221;User imported successfully. ID:3185
08-22-2022 @ 10:16:42 - > Finished importing user 3185
08-22-2022 @ 10:16:42 - Row :134 - User imported successfully.
08-22-2022 @ 10:16:42 - Row :135 - Parsing item.
08-22-2022 @ 10:16:42 - Row :135 - Processing item.
08-22-2022 @ 10:16:42 - Processing users.
08-22-2022 @ 10:16:45 - > &#8220;3186&#8221;User imported successfully. ID:3186
08-22-2022 @ 10:16:45 - > Finished importing user 3186
08-22-2022 @ 10:16:45 - Row :135 - User imported successfully.
08-22-2022 @ 10:16:45 - Row :136 - Parsing item.
08-22-2022 @ 10:16:45 - Row :136 - Processing item.
08-22-2022 @ 10:16:45 - Processing users.
08-22-2022 @ 10:16:48 - > &#8220;3187&#8221;User imported successfully. ID:3187
08-22-2022 @ 10:16:48 - > Finished importing user 3187
08-22-2022 @ 10:16:48 - Row :136 - User imported successfully.
08-22-2022 @ 10:16:48 - Row :137 - Parsing item.
08-22-2022 @ 10:16:48 - Row :137 - Processing item.
08-22-2022 @ 10:16:48 - Processing users.
08-22-2022 @ 10:16:51 - > &#8220;3188&#8221;User imported successfully. ID:3188
08-22-2022 @ 10:16:51 - > Finished importing user 3188
08-22-2022 @ 10:16:51 - Row :137 - User imported successfully.
08-22-2022 @ 10:16:51 - Row :138 - Parsing item.
08-22-2022 @ 10:16:51 - Row :138 - Processing item.
08-22-2022 @ 10:16:51 - Processing users.
08-22-2022 @ 10:16:53 - > &#8220;3189&#8221;User imported successfully. ID:3189
08-22-2022 @ 10:16:53 - > Finished importing user 3189
08-22-2022 @ 10:16:53 - Row :138 - User imported successfully.
08-22-2022 @ 10:16:53 - Row :139 - Parsing item.
08-22-2022 @ 10:16:53 - Row :139 - Processing item.
08-22-2022 @ 10:16:53 - Processing users.
08-22-2022 @ 10:16:56 - > &#8220;3190&#8221;User imported successfully. ID:3190
08-22-2022 @ 10:16:56 - > Finished importing user 3190
08-22-2022 @ 10:16:56 - Row :139 - User imported successfully.
08-22-2022 @ 10:16:56 - Row :140 - Parsing item.
08-22-2022 @ 10:16:56 - Row :140 - Processing item.
08-22-2022 @ 10:16:56 - Processing users.
08-22-2022 @ 10:16:58 - > &#8220;3191&#8221;User imported successfully. ID:3191
08-22-2022 @ 10:16:58 - > Finished importing user 3191
08-22-2022 @ 10:16:58 - Row :140 - User imported successfully.
08-22-2022 @ 10:16:59 - Preparing for import.
08-22-2022 @ 10:16:59 - Row :141 - Parsing item.
08-22-2022 @ 10:16:59 - Row :141 - Processing item.
08-22-2022 @ 10:16:59 - Processing users.
08-22-2022 @ 10:17:01 - > &#8220;3192&#8221;User imported successfully. ID:3192
08-22-2022 @ 10:17:01 - > Finished importing user 3192
08-22-2022 @ 10:17:01 - Row :141 - User imported successfully.
08-22-2022 @ 10:17:01 - Row :142 - Parsing item.
08-22-2022 @ 10:17:01 - Row :142 - Processing item.
08-22-2022 @ 10:17:01 - Processing users.
08-22-2022 @ 10:17:04 - > &#8220;3193&#8221;User imported successfully. ID:3193
08-22-2022 @ 10:17:04 - > Finished importing user 3193
08-22-2022 @ 10:17:04 - Row :142 - User imported successfully.
08-22-2022 @ 10:17:04 - Row :143 - Parsing item.
08-22-2022 @ 10:17:04 - Row :143 - Processing item.
08-22-2022 @ 10:17:04 - Processing users.
08-22-2022 @ 10:17:06 - > &#8220;3194&#8221;User imported successfully. ID:3194
08-22-2022 @ 10:17:06 - > Finished importing user 3194
08-22-2022 @ 10:17:06 - Row :143 - User imported successfully.
08-22-2022 @ 10:17:06 - Row :144 - Parsing item.
08-22-2022 @ 10:17:06 - Row :144 - Processing item.
08-22-2022 @ 10:17:06 - Processing users.
08-22-2022 @ 10:17:08 - > &#8220;3195&#8221;User imported successfully. ID:3195
08-22-2022 @ 10:17:08 - > Finished importing user 3195
08-22-2022 @ 10:17:08 - Row :144 - User imported successfully.
08-22-2022 @ 10:17:08 - Row :145 - Parsing item.
08-22-2022 @ 10:17:08 - Row :145 - Processing item.
08-22-2022 @ 10:17:08 - Processing users.
08-22-2022 @ 10:17:11 - > &#8220;3196&#8221;User imported successfully. ID:3196
08-22-2022 @ 10:17:11 - > Finished importing user 3196
08-22-2022 @ 10:17:11 - Row :145 - User imported successfully.
08-22-2022 @ 10:17:11 - Row :146 - Parsing item.
08-22-2022 @ 10:17:11 - Row :146 - Processing item.
08-22-2022 @ 10:17:11 - Processing users.
08-22-2022 @ 10:17:14 - > &#8220;3197&#8221;User imported successfully. ID:3197
08-22-2022 @ 10:17:14 - > Finished importing user 3197
08-22-2022 @ 10:17:14 - Row :146 - User imported successfully.
08-22-2022 @ 10:17:14 - Row :147 - Parsing item.
08-22-2022 @ 10:17:14 - Row :147 - Processing item.
08-22-2022 @ 10:17:14 - Processing users.
08-22-2022 @ 10:17:16 - > &#8220;3198&#8221;User imported successfully. ID:3198
08-22-2022 @ 10:17:16 - > Finished importing user 3198
08-22-2022 @ 10:17:16 - Row :147 - User imported successfully.
08-22-2022 @ 10:17:16 - Row :148 - Parsing item.
08-22-2022 @ 10:17:16 - Row :148 - Processing item.
08-22-2022 @ 10:17:16 - Processing users.
08-22-2022 @ 10:17:19 - > &#8220;3199&#8221;User imported successfully. ID:3199
08-22-2022 @ 10:17:19 - > Finished importing user 3199
08-22-2022 @ 10:17:19 - Row :148 - User imported successfully.
08-22-2022 @ 10:17:19 - Row :149 - Parsing item.
08-22-2022 @ 10:17:19 - Row :149 - Processing item.
08-22-2022 @ 10:17:19 - Processing users.
08-22-2022 @ 10:17:22 - > &#8220;3200&#8221;User imported successfully. ID:3200
08-22-2022 @ 10:17:22 - > Finished importing user 3200
08-22-2022 @ 10:17:22 - Row :149 - User imported successfully.
08-22-2022 @ 10:17:22 - Row :150 - Parsing item.
08-22-2022 @ 10:17:22 - Row :150 - Processing item.
08-22-2022 @ 10:17:22 - Processing users.
08-22-2022 @ 10:17:24 - > &#8220;3201&#8221;User imported successfully. ID:3201
08-22-2022 @ 10:17:24 - > Finished importing user 3201
08-22-2022 @ 10:17:24 - Row :150 - User imported successfully.
08-22-2022 @ 10:17:25 - Preparing for import.
08-22-2022 @ 10:17:25 - Row :151 - Parsing item.
08-22-2022 @ 10:17:25 - Row :151 - Processing item.
08-22-2022 @ 10:17:25 - Processing users.
08-22-2022 @ 10:17:27 - > &#8220;3202&#8221;User imported successfully. ID:3202
08-22-2022 @ 10:17:27 - > Finished importing user 3202
08-22-2022 @ 10:17:27 - Row :151 - User imported successfully.
08-22-2022 @ 10:17:27 - Row :152 - Parsing item.
08-22-2022 @ 10:17:27 - Row :152 - Processing item.
08-22-2022 @ 10:17:27 - Processing users.
08-22-2022 @ 10:17:30 - > &#8220;3203&#8221;User imported successfully. ID:3203
08-22-2022 @ 10:17:30 - > Finished importing user 3203
08-22-2022 @ 10:17:30 - Row :152 - User imported successfully.
08-22-2022 @ 10:17:30 - Row :153 - Parsing item.
08-22-2022 @ 10:17:30 - Row :153 - Processing item.
08-22-2022 @ 10:17:30 - Processing users.
08-22-2022 @ 10:17:32 - > &#8220;3204&#8221;User imported successfully. ID:3204
08-22-2022 @ 10:17:32 - > Finished importing user 3204
08-22-2022 @ 10:17:32 - Row :153 - User imported successfully.
08-22-2022 @ 10:17:32 - Row :154 - Parsing item.
08-22-2022 @ 10:17:32 - Row :154 - Processing item.
08-22-2022 @ 10:17:32 - Processing users.
08-22-2022 @ 10:17:34 - > &#8220;3205&#8221;User imported successfully. ID:3205
08-22-2022 @ 10:17:34 - > Finished importing user 3205
08-22-2022 @ 10:17:34 - Row :154 - User imported successfully.
08-22-2022 @ 10:17:34 - Row :155 - Parsing item.
08-22-2022 @ 10:17:34 - Row :155 - Processing item.
08-22-2022 @ 10:17:34 - Processing users.
08-22-2022 @ 10:17:37 - > &#8220;3206&#8221;User imported successfully. ID:3206
08-22-2022 @ 10:17:37 - > Finished importing user 3206
08-22-2022 @ 10:17:37 - Row :155 - User imported successfully.
08-22-2022 @ 10:17:37 - Row :156 - Parsing item.
08-22-2022 @ 10:17:37 - Row :156 - Processing item.
08-22-2022 @ 10:17:37 - Processing users.
08-22-2022 @ 10:17:39 - > &#8220;3207&#8221;User imported successfully. ID:3207
08-22-2022 @ 10:17:39 - > Finished importing user 3207
08-22-2022 @ 10:17:39 - Row :156 - User imported successfully.
08-22-2022 @ 10:17:39 - Row :157 - Parsing item.
08-22-2022 @ 10:17:39 - Row :157 - Processing item.
08-22-2022 @ 10:17:39 - Processing users.
08-22-2022 @ 10:17:41 - > &#8220;3208&#8221;User imported successfully. ID:3208
08-22-2022 @ 10:17:41 - > Finished importing user 3208
08-22-2022 @ 10:17:41 - Row :157 - User imported successfully.
08-22-2022 @ 10:17:41 - Row :158 - Parsing item.
08-22-2022 @ 10:17:41 - Row :158 - Processing item.
08-22-2022 @ 10:17:41 - Processing users.
08-22-2022 @ 10:17:44 - > &#8220;3209&#8221;User imported successfully. ID:3209
08-22-2022 @ 10:17:44 - > Finished importing user 3209
08-22-2022 @ 10:17:44 - Row :158 - User imported successfully.
08-22-2022 @ 10:17:44 - Row :159 - Parsing item.
08-22-2022 @ 10:17:44 - Row :159 - Processing item.
08-22-2022 @ 10:17:44 - Processing users.
08-22-2022 @ 10:17:46 - > &#8220;3210&#8221;User imported successfully. ID:3210
08-22-2022 @ 10:17:46 - > Finished importing user 3210
08-22-2022 @ 10:17:46 - Row :159 - User imported successfully.
08-22-2022 @ 10:17:46 - Row :160 - Parsing item.
08-22-2022 @ 10:17:46 - Row :160 - Processing item.
08-22-2022 @ 10:17:46 - Processing users.
08-22-2022 @ 10:17:49 - > &#8220;3211&#8221;User imported successfully. ID:3211
08-22-2022 @ 10:17:49 - > Finished importing user 3211
08-22-2022 @ 10:17:49 - Row :160 - User imported successfully.
08-22-2022 @ 10:17:49 - Preparing for import.
08-22-2022 @ 10:17:49 - Row :161 - Parsing item.
08-22-2022 @ 10:17:49 - Row :161 - Processing item.
08-22-2022 @ 10:17:49 - Processing users.
08-22-2022 @ 10:17:52 - > &#8220;3212&#8221;User imported successfully. ID:3212
08-22-2022 @ 10:17:52 - > Finished importing user 3212
08-22-2022 @ 10:17:52 - Row :161 - User imported successfully.
08-22-2022 @ 10:17:52 - Row :162 - Parsing item.
08-22-2022 @ 10:17:52 - Row :162 - Processing item.
08-22-2022 @ 10:17:52 - Processing users.
08-22-2022 @ 10:17:54 - > &#8220;3213&#8221;User imported successfully. ID:3213
08-22-2022 @ 10:17:54 - > Finished importing user 3213
08-22-2022 @ 10:17:54 - Row :162 - User imported successfully.
08-22-2022 @ 10:17:54 - Row :163 - Parsing item.
08-22-2022 @ 10:17:54 - Row :163 - Processing item.
08-22-2022 @ 10:17:54 - Processing users.
08-22-2022 @ 10:17:56 - > &#8220;3214&#8221;User imported successfully. ID:3214
08-22-2022 @ 10:17:56 - > Finished importing user 3214
08-22-2022 @ 10:17:56 - Row :163 - User imported successfully.
08-22-2022 @ 10:17:56 - Row :164 - Parsing item.
08-22-2022 @ 10:17:56 - Row :164 - Processing item.
08-22-2022 @ 10:17:56 - Processing users.
08-22-2022 @ 10:17:59 - > &#8220;3215&#8221;User imported successfully. ID:3215
08-22-2022 @ 10:17:59 - > Finished importing user 3215
08-22-2022 @ 10:17:59 - Row :164 - User imported successfully.
08-22-2022 @ 10:17:59 - Row :165 - Parsing item.
08-22-2022 @ 10:17:59 - Row :165 - Processing item.
08-22-2022 @ 10:17:59 - Processing users.
08-22-2022 @ 10:18:02 - > &#8220;3216&#8221;User imported successfully. ID:3216
08-22-2022 @ 10:18:02 - > Finished importing user 3216
08-22-2022 @ 10:18:02 - Row :165 - User imported successfully.
08-22-2022 @ 10:18:02 - Row :166 - Parsing item.
08-22-2022 @ 10:18:02 - Row :166 - Processing item.
08-22-2022 @ 10:18:02 - Processing users.
08-22-2022 @ 10:18:05 - > &#8220;3217&#8221;User imported successfully. ID:3217
08-22-2022 @ 10:18:05 - > Finished importing user 3217
08-22-2022 @ 10:18:05 - Row :166 - User imported successfully.
08-22-2022 @ 10:18:05 - Row :167 - Parsing item.
08-22-2022 @ 10:18:05 - Row :167 - Processing item.
08-22-2022 @ 10:18:05 - Processing users.
08-22-2022 @ 10:18:07 - > &#8220;3218&#8221;User imported successfully. ID:3218
08-22-2022 @ 10:18:07 - > Finished importing user 3218
08-22-2022 @ 10:18:07 - Row :167 - User imported successfully.
08-22-2022 @ 10:18:07 - Row :168 - Parsing item.
08-22-2022 @ 10:18:07 - Row :168 - Processing item.
08-22-2022 @ 10:18:07 - Processing users.
08-22-2022 @ 10:18:09 - > &#8220;3219&#8221;User imported successfully. ID:3219
08-22-2022 @ 10:18:09 - > Finished importing user 3219
08-22-2022 @ 10:18:09 - Row :168 - User imported successfully.
08-22-2022 @ 10:18:09 - Row :169 - Parsing item.
08-22-2022 @ 10:18:09 - Row :169 - Processing item.
08-22-2022 @ 10:18:09 - Processing users.
08-22-2022 @ 10:18:12 - > &#8220;3220&#8221;User imported successfully. ID:3220
08-22-2022 @ 10:18:12 - > Finished importing user 3220
08-22-2022 @ 10:18:12 - Row :169 - User imported successfully.
08-22-2022 @ 10:18:12 - Row :170 - Parsing item.
08-22-2022 @ 10:18:12 - Row :170 - Processing item.
08-22-2022 @ 10:18:12 - Processing users.
08-22-2022 @ 10:18:14 - > &#8220;3221&#8221;User imported successfully. ID:3221
08-22-2022 @ 10:18:14 - > Finished importing user 3221
08-22-2022 @ 10:18:14 - Row :170 - User imported successfully.
08-22-2022 @ 10:18:15 - Preparing for import.
08-22-2022 @ 10:18:15 - Row :171 - Parsing item.
08-22-2022 @ 10:18:15 - Row :171 - Processing item.
08-22-2022 @ 10:18:15 - Processing users.
08-22-2022 @ 10:18:17 - > &#8220;3222&#8221;User imported successfully. ID:3222
08-22-2022 @ 10:18:17 - > Finished importing user 3222
08-22-2022 @ 10:18:17 - Row :171 - User imported successfully.
08-22-2022 @ 10:18:17 - Row :172 - Parsing item.
08-22-2022 @ 10:18:17 - Row :172 - Processing item.
08-22-2022 @ 10:18:17 - Processing users.
08-22-2022 @ 10:18:19 - > &#8220;3223&#8221;User imported successfully. ID:3223
08-22-2022 @ 10:18:19 - > Finished importing user 3223
08-22-2022 @ 10:18:19 - Row :172 - User imported successfully.
08-22-2022 @ 10:18:19 - Row :173 - Parsing item.
08-22-2022 @ 10:18:19 - Row :173 - Processing item.
08-22-2022 @ 10:18:19 - Processing users.
08-22-2022 @ 10:18:22 - > &#8220;3224&#8221;User imported successfully. ID:3224
08-22-2022 @ 10:18:22 - > Finished importing user 3224
08-22-2022 @ 10:18:22 - Row :173 - User imported successfully.
08-22-2022 @ 10:18:22 - Row :174 - Parsing item.
08-22-2022 @ 10:18:22 - Row :174 - Processing item.
08-22-2022 @ 10:18:22 - Processing users.
08-22-2022 @ 10:18:24 - > &#8220;3225&#8221;User imported successfully. ID:3225
08-22-2022 @ 10:18:24 - > Finished importing user 3225
08-22-2022 @ 10:18:24 - Row :174 - User imported successfully.
08-22-2022 @ 10:18:24 - Row :175 - Parsing item.
08-22-2022 @ 10:18:24 - Row :175 - Processing item.
08-22-2022 @ 10:18:24 - Processing users.
08-22-2022 @ 10:18:27 - > &#8220;3226&#8221;User imported successfully. ID:3226
08-22-2022 @ 10:18:27 - > Finished importing user 3226
08-22-2022 @ 10:18:27 - Row :175 - User imported successfully.
08-22-2022 @ 10:18:27 - Row :176 - Parsing item.
08-22-2022 @ 10:18:27 - Row :176 - Processing item.
08-22-2022 @ 10:18:27 - Processing users.
08-22-2022 @ 10:18:29 - > &#8220;3227&#8221;User imported successfully. ID:3227
08-22-2022 @ 10:18:29 - > Finished importing user 3227
08-22-2022 @ 10:18:29 - Row :176 - User imported successfully.
08-22-2022 @ 10:18:29 - Row :177 - Parsing item.
08-22-2022 @ 10:18:29 - Row :177 - Processing item.
08-22-2022 @ 10:18:29 - Processing users.
08-22-2022 @ 10:18:32 - > &#8220;3228&#8221;User imported successfully. ID:3228
08-22-2022 @ 10:18:32 - > Finished importing user 3228
08-22-2022 @ 10:18:32 - Row :177 - User imported successfully.
08-22-2022 @ 10:18:32 - Row :178 - Parsing item.
08-22-2022 @ 10:18:32 - Row :178 - Processing item.
08-22-2022 @ 10:18:32 - Processing users.
08-22-2022 @ 10:18:34 - > &#8220;3229&#8221;User imported successfully. ID:3229
08-22-2022 @ 10:18:34 - > Finished importing user 3229
08-22-2022 @ 10:18:34 - Row :178 - User imported successfully.
08-22-2022 @ 10:18:34 - Row :179 - Parsing item.
08-22-2022 @ 10:18:34 - Row :179 - Processing item.
08-22-2022 @ 10:18:34 - Processing users.
08-22-2022 @ 10:18:37 - > &#8220;3230&#8221;User imported successfully. ID:3230
08-22-2022 @ 10:18:37 - > Finished importing user 3230
08-22-2022 @ 10:18:37 - Row :179 - User imported successfully.
08-22-2022 @ 10:18:37 - Row :180 - Parsing item.
08-22-2022 @ 10:18:37 - Row :180 - Processing item.
08-22-2022 @ 10:18:37 - Processing users.
08-22-2022 @ 10:18:39 - > &#8220;3231&#8221;User imported successfully. ID:3231
08-22-2022 @ 10:18:39 - > Finished importing user 3231
08-22-2022 @ 10:18:39 - Row :180 - User imported successfully.
08-22-2022 @ 10:18:40 - Preparing for import.
08-22-2022 @ 10:18:40 - Row :181 - Parsing item.
08-22-2022 @ 10:18:40 - Row :181 - Processing item.
08-22-2022 @ 10:18:40 - Processing users.
08-22-2022 @ 10:18:42 - > &#8220;3232&#8221;User imported successfully. ID:3232
08-22-2022 @ 10:18:42 - > Finished importing user 3232
08-22-2022 @ 10:18:42 - Row :181 - User imported successfully.
08-22-2022 @ 10:18:42 - Row :182 - Parsing item.
08-22-2022 @ 10:18:42 - Row :182 - Processing item.
08-22-2022 @ 10:18:42 - Processing users.
08-22-2022 @ 10:18:46 - > &#8220;3233&#8221;User imported successfully. ID:3233
08-22-2022 @ 10:18:46 - > Finished importing user 3233
08-22-2022 @ 10:18:46 - Row :182 - User imported successfully.
08-22-2022 @ 10:18:46 - Row :183 - Parsing item.
08-22-2022 @ 10:18:46 - Row :183 - Processing item.
08-22-2022 @ 10:18:46 - Processing users.
08-22-2022 @ 10:18:48 - > &#8220;3234&#8221;User imported successfully. ID:3234
08-22-2022 @ 10:18:48 - > Finished importing user 3234
08-22-2022 @ 10:18:48 - Row :183 - User imported successfully.
08-22-2022 @ 10:18:48 - Row :184 - Parsing item.
08-22-2022 @ 10:18:48 - Row :184 - Processing item.
08-22-2022 @ 10:18:48 - Processing users.
08-22-2022 @ 10:18:50 - > &#8220;3235&#8221;User imported successfully. ID:3235
08-22-2022 @ 10:18:50 - > Finished importing user 3235
08-22-2022 @ 10:18:50 - Row :184 - User imported successfully.
08-22-2022 @ 10:18:50 - Row :185 - Parsing item.
08-22-2022 @ 10:18:50 - Row :185 - Processing item.
08-22-2022 @ 10:18:50 - Processing users.
08-22-2022 @ 10:18:53 - > &#8220;3236&#8221;User imported successfully. ID:3236
08-22-2022 @ 10:18:53 - > Finished importing user 3236
08-22-2022 @ 10:18:53 - Row :185 - User imported successfully.
08-22-2022 @ 10:18:53 - Row :186 - Parsing item.
08-22-2022 @ 10:18:53 - Row :186 - Processing item.
08-22-2022 @ 10:18:53 - Processing users.
08-22-2022 @ 10:18:55 - > &#8220;3237&#8221;User imported successfully. ID:3237
08-22-2022 @ 10:18:55 - > Finished importing user 3237
08-22-2022 @ 10:18:55 - Row :186 - User imported successfully.
08-22-2022 @ 10:18:55 - Row :187 - Parsing item.
08-22-2022 @ 10:18:55 - Row :187 - Processing item.
08-22-2022 @ 10:18:55 - Processing users.
08-22-2022 @ 10:18:58 - > &#8220;3238&#8221;User imported successfully. ID:3238
08-22-2022 @ 10:18:58 - > Finished importing user 3238
08-22-2022 @ 10:18:58 - Row :187 - User imported successfully.
08-22-2022 @ 10:18:58 - Row :188 - Parsing item.
08-22-2022 @ 10:18:58 - Row :188 - Processing item.
08-22-2022 @ 10:18:58 - Processing users.
08-22-2022 @ 10:19:00 - > &#8220;3239&#8221;User imported successfully. ID:3239
08-22-2022 @ 10:19:00 - > Finished importing user 3239
08-22-2022 @ 10:19:00 - Row :188 - User imported successfully.
08-22-2022 @ 10:19:00 - Row :189 - Parsing item.
08-22-2022 @ 10:19:00 - Row :189 - Processing item.
08-22-2022 @ 10:19:00 - Processing users.
08-22-2022 @ 10:19:03 - > &#8220;3240&#8221;User imported successfully. ID:3240
08-22-2022 @ 10:19:03 - > Finished importing user 3240
08-22-2022 @ 10:19:03 - Row :189 - User imported successfully.
08-22-2022 @ 10:19:03 - Row :190 - Parsing item.
08-22-2022 @ 10:19:03 - Row :190 - Processing item.
08-22-2022 @ 10:19:03 - Processing users.
08-22-2022 @ 10:19:05 - > &#8220;3241&#8221;User imported successfully. ID:3241
08-22-2022 @ 10:19:05 - > Finished importing user 3241
08-22-2022 @ 10:19:05 - Row :190 - User imported successfully.
08-22-2022 @ 10:19:06 - Preparing for import.
08-22-2022 @ 10:19:06 - Row :191 - Parsing item.
08-22-2022 @ 10:19:06 - Row :191 - Processing item.
08-22-2022 @ 10:19:06 - Processing users.
08-22-2022 @ 10:19:08 - > &#8220;3242&#8221;User imported successfully. ID:3242
08-22-2022 @ 10:19:08 - > Finished importing user 3242
08-22-2022 @ 10:19:08 - Row :191 - User imported successfully.
08-22-2022 @ 10:19:08 - Row :192 - Parsing item.
08-22-2022 @ 10:19:08 - Row :192 - Processing item.
08-22-2022 @ 10:19:08 - Processing users.
08-22-2022 @ 10:19:10 - > &#8220;3243&#8221;User imported successfully. ID:3243
08-22-2022 @ 10:19:10 - > Finished importing user 3243
08-22-2022 @ 10:19:10 - Row :192 - User imported successfully.
08-22-2022 @ 10:19:10 - Row :193 - Parsing item.
08-22-2022 @ 10:19:10 - Row :193 - Processing item.
08-22-2022 @ 10:19:10 - Processing users.
08-22-2022 @ 10:19:13 - > &#8220;3244&#8221;User imported successfully. ID:3244
08-22-2022 @ 10:19:13 - > Finished importing user 3244
08-22-2022 @ 10:19:13 - Row :193 - User imported successfully.
08-22-2022 @ 10:19:13 - Row :194 - Parsing item.
08-22-2022 @ 10:19:13 - Row :194 - Processing item.
08-22-2022 @ 10:19:13 - Processing users.
08-22-2022 @ 10:19:15 - > &#8220;3245&#8221;User imported successfully. ID:3245
08-22-2022 @ 10:19:15 - > Finished importing user 3245
08-22-2022 @ 10:19:15 - Row :194 - User imported successfully.
08-22-2022 @ 10:19:15 - Row :195 - Parsing item.
08-22-2022 @ 10:19:15 - Row :195 - Processing item.
08-22-2022 @ 10:19:15 - Processing users.
08-22-2022 @ 10:19:17 - > &#8220;3246&#8221;User imported successfully. ID:3246
08-22-2022 @ 10:19:17 - > Finished importing user 3246
08-22-2022 @ 10:19:17 - Row :195 - User imported successfully.
08-22-2022 @ 10:19:17 - Row :196 - Parsing item.
08-22-2022 @ 10:19:17 - Row :196 - Processing item.
08-22-2022 @ 10:19:17 - Processing users.
08-22-2022 @ 10:19:20 - > &#8220;3247&#8221;User imported successfully. ID:3247
08-22-2022 @ 10:19:20 - > Finished importing user 3247
08-22-2022 @ 10:19:20 - Row :196 - User imported successfully.
08-22-2022 @ 10:19:20 - Row :197 - Parsing item.
08-22-2022 @ 10:19:20 - Row :197 - Processing item.
08-22-2022 @ 10:19:20 - Processing users.
08-22-2022 @ 10:19:22 - > &#8220;3248&#8221;User imported successfully. ID:3248
08-22-2022 @ 10:19:22 - > Finished importing user 3248
08-22-2022 @ 10:19:22 - Row :197 - User imported successfully.
08-22-2022 @ 10:19:22 - Row :198 - Parsing item.
08-22-2022 @ 10:19:22 - Row :198 - Processing item.
08-22-2022 @ 10:19:22 - Processing users.
08-22-2022 @ 10:19:25 - > &#8220;3249&#8221;User imported successfully. ID:3249
08-22-2022 @ 10:19:25 - > Finished importing user 3249
08-22-2022 @ 10:19:25 - Row :198 - User imported successfully.
08-22-2022 @ 10:19:25 - Row :199 - Parsing item.
08-22-2022 @ 10:19:25 - Row :199 - Processing item.
08-22-2022 @ 10:19:25 - Processing users.
08-22-2022 @ 10:19:27 - > &#8220;3250&#8221;User imported successfully. ID:3250
08-22-2022 @ 10:19:27 - > Finished importing user 3250
08-22-2022 @ 10:19:27 - Row :199 - User imported successfully.
08-22-2022 @ 10:19:27 - Row :200 - Parsing item.
08-22-2022 @ 10:19:27 - Row :200 - Processing item.
08-22-2022 @ 10:19:27 - Processing users.
08-22-2022 @ 10:19:30 - > &#8220;3251&#8221;User imported successfully. ID:3251
08-22-2022 @ 10:19:30 - > Finished importing user 3251
08-22-2022 @ 10:19:30 - Row :200 - User imported successfully.
08-22-2022 @ 10:19:30 - Preparing for import.
08-22-2022 @ 10:19:30 - Row :201 - Parsing item.
08-22-2022 @ 10:19:30 - Row :201 - Processing item.
08-22-2022 @ 10:19:30 - Processing users.
08-22-2022 @ 10:19:32 - > &#8220;3252&#8221;User imported successfully. ID:3252
08-22-2022 @ 10:19:32 - > Finished importing user 3252
08-22-2022 @ 10:19:32 - Row :201 - User imported successfully.
08-22-2022 @ 10:19:32 - Row :202 - Parsing item.
08-22-2022 @ 10:19:32 - Row :202 - Processing item.
08-22-2022 @ 10:19:32 - Processing users.
08-22-2022 @ 10:19:34 - > &#8220;3253&#8221;User imported successfully. ID:3253
08-22-2022 @ 10:19:34 - > Finished importing user 3253
08-22-2022 @ 10:19:34 - Row :202 - User imported successfully.
08-22-2022 @ 10:19:34 - Row :203 - Parsing item.
08-22-2022 @ 10:19:34 - Row :203 - Processing item.
08-22-2022 @ 10:19:34 - Processing users.
08-22-2022 @ 10:19:37 - > &#8220;3254&#8221;User imported successfully. ID:3254
08-22-2022 @ 10:19:37 - > Finished importing user 3254
08-22-2022 @ 10:19:37 - Row :203 - User imported successfully.
08-22-2022 @ 10:19:37 - Row :204 - Parsing item.
08-22-2022 @ 10:19:37 - Row :204 - Processing item.
08-22-2022 @ 10:19:37 - Processing users.
08-22-2022 @ 10:19:39 - > &#8220;3255&#8221;User imported successfully. ID:3255
08-22-2022 @ 10:19:39 - > Finished importing user 3255
08-22-2022 @ 10:19:39 - Row :204 - User imported successfully.
08-22-2022 @ 10:19:39 - Row :205 - Parsing item.
08-22-2022 @ 10:19:39 - Row :205 - Processing item.
08-22-2022 @ 10:19:39 - Processing users.
08-22-2022 @ 10:19:42 - > &#8220;3256&#8221;User imported successfully. ID:3256
08-22-2022 @ 10:19:42 - > Finished importing user 3256
08-22-2022 @ 10:19:42 - Row :205 - User imported successfully.
08-22-2022 @ 10:19:42 - Row :206 - Parsing item.
08-22-2022 @ 10:19:42 - Row :206 - Processing item.
08-22-2022 @ 10:19:42 - Processing users.
08-22-2022 @ 10:19:44 - > &#8220;3257&#8221;User imported successfully. ID:3257
08-22-2022 @ 10:19:44 - > Finished importing user 3257
08-22-2022 @ 10:19:44 - Row :206 - User imported successfully.
08-22-2022 @ 10:19:44 - Row :207 - Parsing item.
08-22-2022 @ 10:19:44 - Row :207 - Processing item.
08-22-2022 @ 10:19:44 - Processing users.
08-22-2022 @ 10:19:46 - > &#8220;3258&#8221;User imported successfully. ID:3258
08-22-2022 @ 10:19:46 - > Finished importing user 3258
08-22-2022 @ 10:19:46 - Row :207 - User imported successfully.
08-22-2022 @ 10:19:46 - Row :208 - Parsing item.
08-22-2022 @ 10:19:46 - Row :208 - Processing item.
08-22-2022 @ 10:19:46 - Processing users.
08-22-2022 @ 10:19:49 - > &#8220;3259&#8221;User imported successfully. ID:3259
08-22-2022 @ 10:19:49 - > Finished importing user 3259
08-22-2022 @ 10:19:49 - Row :208 - User imported successfully.
08-22-2022 @ 10:19:49 - Row :209 - Parsing item.
08-22-2022 @ 10:19:49 - Row :209 - Processing item.
08-22-2022 @ 10:19:49 - Processing users.
08-22-2022 @ 10:19:52 - > &#8220;3260&#8221;User imported successfully. ID:3260
08-22-2022 @ 10:19:52 - > Finished importing user 3260
08-22-2022 @ 10:19:52 - Row :209 - User imported successfully.
08-22-2022 @ 10:19:52 - Row :210 - Parsing item.
08-22-2022 @ 10:19:52 - Row :210 - Processing item.
08-22-2022 @ 10:19:52 - Processing users.
08-22-2022 @ 10:19:55 - > &#8220;3261&#8221;User imported successfully. ID:3261
08-22-2022 @ 10:19:55 - > Finished importing user 3261
08-22-2022 @ 10:19:55 - Row :210 - User imported successfully.
08-22-2022 @ 10:19:55 - Preparing for import.
08-22-2022 @ 10:19:55 - Row :211 - Parsing item.
08-22-2022 @ 10:19:55 - Row :211 - Processing item.
08-22-2022 @ 10:19:55 - Processing users.
08-22-2022 @ 10:19:57 - > &#8220;3262&#8221;User imported successfully. ID:3262
08-22-2022 @ 10:19:57 - > Finished importing user 3262
08-22-2022 @ 10:19:57 - Row :211 - User imported successfully.
08-22-2022 @ 10:19:57 - Row :212 - Parsing item.
08-22-2022 @ 10:19:57 - Row :212 - Processing item.
08-22-2022 @ 10:19:57 - Processing users.
08-22-2022 @ 10:20:00 - > &#8220;3263&#8221;User imported successfully. ID:3263
08-22-2022 @ 10:20:00 - > Finished importing user 3263
08-22-2022 @ 10:20:00 - Row :212 - User imported successfully.
08-22-2022 @ 10:20:00 - Row :213 - Parsing item.
08-22-2022 @ 10:20:00 - Row :213 - Processing item.
08-22-2022 @ 10:20:00 - Processing users.
08-22-2022 @ 10:20:03 - > &#8220;3264&#8221;User imported successfully. ID:3264
08-22-2022 @ 10:20:03 - > Finished importing user 3264
08-22-2022 @ 10:20:03 - Row :213 - User imported successfully.
08-22-2022 @ 10:20:03 - Row :214 - Parsing item.
08-22-2022 @ 10:20:03 - Row :214 - Processing item.
08-22-2022 @ 10:20:03 - Processing users.
08-22-2022 @ 10:20:06 - > &#8220;3265&#8221;User imported successfully. ID:3265
08-22-2022 @ 10:20:06 - > Finished importing user 3265
08-22-2022 @ 10:20:06 - Row :214 - User imported successfully.
08-22-2022 @ 10:20:06 - Row :215 - Parsing item.
08-22-2022 @ 10:20:06 - Row :215 - Processing item.
08-22-2022 @ 10:20:06 - Processing users.
08-22-2022 @ 10:20:08 - > &#8220;3266&#8221;User imported successfully. ID:3266
08-22-2022 @ 10:20:08 - > Finished importing user 3266
08-22-2022 @ 10:20:08 - Row :215 - User imported successfully.
08-22-2022 @ 10:20:08 - Row :216 - Parsing item.
08-22-2022 @ 10:20:08 - Row :216 - Processing item.
08-22-2022 @ 10:20:08 - Processing users.
08-22-2022 @ 10:20:10 - > &#8220;3267&#8221;User imported successfully. ID:3267
08-22-2022 @ 10:20:10 - > Finished importing user 3267
08-22-2022 @ 10:20:10 - Row :216 - User imported successfully.
08-22-2022 @ 10:20:10 - Row :217 - Parsing item.
08-22-2022 @ 10:20:10 - Row :217 - Processing item.
08-22-2022 @ 10:20:10 - Processing users.
08-22-2022 @ 10:20:12 - > &#8220;3268&#8221;User imported successfully. ID:3268
08-22-2022 @ 10:20:12 - > Finished importing user 3268
08-22-2022 @ 10:20:12 - Row :217 - User imported successfully.
08-22-2022 @ 10:20:12 - Row :218 - Parsing item.
08-22-2022 @ 10:20:12 - Row :218 - Processing item.
08-22-2022 @ 10:20:12 - Processing users.
08-22-2022 @ 10:20:15 - > &#8220;3269&#8221;User imported successfully. ID:3269
08-22-2022 @ 10:20:15 - > Finished importing user 3269
08-22-2022 @ 10:20:15 - Row :218 - User imported successfully.
08-22-2022 @ 10:20:15 - Row :219 - Parsing item.
08-22-2022 @ 10:20:15 - Row :219 - Processing item.
08-22-2022 @ 10:20:15 - Processing users.
08-22-2022 @ 10:20:17 - > &#8220;3270&#8221;User imported successfully. ID:3270
08-22-2022 @ 10:20:17 - > Finished importing user 3270
08-22-2022 @ 10:20:17 - Row :219 - User imported successfully.
08-22-2022 @ 10:20:17 - Row :220 - Parsing item.
08-22-2022 @ 10:20:17 - Row :220 - Processing item.
08-22-2022 @ 10:20:17 - Processing users.
08-22-2022 @ 10:20:20 - > &#8220;3271&#8221;User imported successfully. ID:3271
08-22-2022 @ 10:20:20 - > Finished importing user 3271
08-22-2022 @ 10:20:20 - Row :220 - User imported successfully.
08-22-2022 @ 10:20:20 - Preparing for import.
08-22-2022 @ 10:20:20 - Row :221 - Parsing item.
08-22-2022 @ 10:20:20 - Row :221 - Processing item.
08-22-2022 @ 10:20:20 - Processing users.
08-22-2022 @ 10:20:23 - > &#8220;3272&#8221;User imported successfully. ID:3272
08-22-2022 @ 10:20:23 - > Finished importing user 3272
08-22-2022 @ 10:20:23 - Row :221 - User imported successfully.
08-22-2022 @ 10:20:23 - Row :222 - Parsing item.
08-22-2022 @ 10:20:23 - Row :222 - Processing item.
08-22-2022 @ 10:20:23 - Processing users.
08-22-2022 @ 10:20:26 - > &#8220;3273&#8221;User imported successfully. ID:3273
08-22-2022 @ 10:20:26 - > Finished importing user 3273
08-22-2022 @ 10:20:26 - Row :222 - User imported successfully.
08-22-2022 @ 10:20:26 - Row :223 - Parsing item.
08-22-2022 @ 10:20:26 - Row :223 - Processing item.
08-22-2022 @ 10:20:26 - Processing users.
08-22-2022 @ 10:20:28 - > &#8220;3274&#8221;User imported successfully. ID:3274
08-22-2022 @ 10:20:28 - > Finished importing user 3274
08-22-2022 @ 10:20:28 - Row :223 - User imported successfully.
08-22-2022 @ 10:20:28 - Row :224 - Parsing item.
08-22-2022 @ 10:20:28 - Row :224 - Processing item.
08-22-2022 @ 10:20:28 - Processing users.
08-22-2022 @ 10:20:31 - > &#8220;3275&#8221;User imported successfully. ID:3275
08-22-2022 @ 10:20:31 - > Finished importing user 3275
08-22-2022 @ 10:20:31 - Row :224 - User imported successfully.
08-22-2022 @ 10:20:31 - Row :225 - Parsing item.
08-22-2022 @ 10:20:31 - Row :225 - Processing item.
08-22-2022 @ 10:20:31 - Processing users.
08-22-2022 @ 10:20:33 - > &#8220;3276&#8221;User imported successfully. ID:3276
08-22-2022 @ 10:20:33 - > Finished importing user 3276
08-22-2022 @ 10:20:33 - Row :225 - User imported successfully.
08-22-2022 @ 10:20:33 - Row :226 - Parsing item.
08-22-2022 @ 10:20:33 - Row :226 - Processing item.
08-22-2022 @ 10:20:33 - Processing users.
08-22-2022 @ 10:20:35 - > &#8220;3277&#8221;User imported successfully. ID:3277
08-22-2022 @ 10:20:35 - > Finished importing user 3277
08-22-2022 @ 10:20:35 - Row :226 - User imported successfully.
08-22-2022 @ 10:20:35 - Row :227 - Parsing item.
08-22-2022 @ 10:20:35 - Row :227 - Processing item.
08-22-2022 @ 10:20:35 - Processing users.
08-22-2022 @ 10:20:38 - > &#8220;3278&#8221;User imported successfully. ID:3278
08-22-2022 @ 10:20:38 - > Finished importing user 3278
08-22-2022 @ 10:20:38 - Row :227 - User imported successfully.
08-22-2022 @ 10:20:38 - Row :228 - Parsing item.
08-22-2022 @ 10:20:38 - Row :228 - Processing item.
08-22-2022 @ 10:20:38 - Processing users.
08-22-2022 @ 10:20:40 - > &#8220;3279&#8221;User imported successfully. ID:3279
08-22-2022 @ 10:20:40 - > Finished importing user 3279
08-22-2022 @ 10:20:40 - Row :228 - User imported successfully.
08-22-2022 @ 10:20:40 - Row :229 - Parsing item.
08-22-2022 @ 10:20:40 - Row :229 - Processing item.
08-22-2022 @ 10:20:40 - Processing users.
08-22-2022 @ 10:20:43 - > &#8220;3280&#8221;User imported successfully. ID:3280
08-22-2022 @ 10:20:43 - > Finished importing user 3280
08-22-2022 @ 10:20:43 - Row :229 - User imported successfully.
08-22-2022 @ 10:20:43 - Row :230 - Parsing item.
08-22-2022 @ 10:20:43 - Row :230 - Processing item.
08-22-2022 @ 10:20:43 - Processing users.
08-22-2022 @ 10:20:45 - > &#8220;3281&#8221;User imported successfully. ID:3281
08-22-2022 @ 10:20:45 - > Finished importing user 3281
08-22-2022 @ 10:20:45 - Row :230 - User imported successfully.
08-22-2022 @ 10:20:46 - Preparing for import.
08-22-2022 @ 10:20:46 - Row :231 - Parsing item.
08-22-2022 @ 10:20:46 - Row :231 - Processing item.
08-22-2022 @ 10:20:46 - Processing users.
08-22-2022 @ 10:20:48 - > &#8220;3282&#8221;User imported successfully. ID:3282
08-22-2022 @ 10:20:48 - > Finished importing user 3282
08-22-2022 @ 10:20:48 - Row :231 - User imported successfully.
08-22-2022 @ 10:20:48 - Row :232 - Parsing item.
08-22-2022 @ 10:20:48 - Row :232 - Processing item.
08-22-2022 @ 10:20:48 - Processing users.
08-22-2022 @ 10:20:51 - > &#8220;3283&#8221;User imported successfully. ID:3283
08-22-2022 @ 10:20:51 - > Finished importing user 3283
08-22-2022 @ 10:20:51 - Row :232 - User imported successfully.
08-22-2022 @ 10:20:51 - Row :233 - Parsing item.
08-22-2022 @ 10:20:51 - Row :233 - Processing item.
08-22-2022 @ 10:20:51 - Processing users.
08-22-2022 @ 10:20:54 - > &#8220;3284&#8221;User imported successfully. ID:3284
08-22-2022 @ 10:20:54 - > Finished importing user 3284
08-22-2022 @ 10:20:54 - Row :233 - User imported successfully.
08-22-2022 @ 10:20:54 - Row :234 - Parsing item.
08-22-2022 @ 10:20:54 - Row :234 - Processing item.
08-22-2022 @ 10:20:54 - Processing users.
08-22-2022 @ 10:20:56 - > &#8220;3285&#8221;User imported successfully. ID:3285
08-22-2022 @ 10:20:56 - > Finished importing user 3285
08-22-2022 @ 10:20:56 - Row :234 - User imported successfully.
08-22-2022 @ 10:20:56 - Row :235 - Parsing item.
08-22-2022 @ 10:20:56 - Row :235 - Processing item.
08-22-2022 @ 10:20:56 - Processing users.
08-22-2022 @ 10:21:00 - > &#8220;3286&#8221;User imported successfully. ID:3286
08-22-2022 @ 10:21:00 - > Finished importing user 3286
08-22-2022 @ 10:21:00 - Row :235 - User imported successfully.
08-22-2022 @ 10:21:00 - Row :236 - Parsing item.
08-22-2022 @ 10:21:00 - Row :236 - Processing item.
08-22-2022 @ 10:21:00 - Processing users.
08-22-2022 @ 10:21:02 - > &#8220;3287&#8221;User imported successfully. ID:3287
08-22-2022 @ 10:21:02 - > Finished importing user 3287
08-22-2022 @ 10:21:02 - Row :236 - User imported successfully.
08-22-2022 @ 10:21:02 - Row :237 - Parsing item.
08-22-2022 @ 10:21:02 - Row :237 - Processing item.
08-22-2022 @ 10:21:02 - Processing users.
08-22-2022 @ 10:21:04 - > &#8220;3288&#8221;User imported successfully. ID:3288
08-22-2022 @ 10:21:04 - > Finished importing user 3288
08-22-2022 @ 10:21:04 - Row :237 - User imported successfully.
08-22-2022 @ 10:21:04 - Row :238 - Parsing item.
08-22-2022 @ 10:21:04 - Row :238 - Processing item.
08-22-2022 @ 10:21:04 - Processing users.
08-22-2022 @ 10:21:07 - > &#8220;3289&#8221;User imported successfully. ID:3289
08-22-2022 @ 10:21:07 - > Finished importing user 3289
08-22-2022 @ 10:21:07 - Row :238 - User imported successfully.
08-22-2022 @ 10:21:07 - Row :239 - Parsing item.
08-22-2022 @ 10:21:07 - Row :239 - Processing item.
08-22-2022 @ 10:21:07 - Processing users.
08-22-2022 @ 10:21:09 - > &#8220;3290&#8221;User imported successfully. ID:3290
08-22-2022 @ 10:21:09 - > Finished importing user 3290
08-22-2022 @ 10:21:09 - Row :239 - User imported successfully.
08-22-2022 @ 10:21:09 - Row :240 - Parsing item.
08-22-2022 @ 10:21:09 - Row :240 - Processing item.
08-22-2022 @ 10:21:09 - Processing users.
08-22-2022 @ 10:21:19 - > &#8220;3291&#8221;User imported successfully. ID:3291
08-22-2022 @ 10:21:19 - > Finished importing user 3291
08-22-2022 @ 10:21:19 - Row :240 - User imported successfully.
08-22-2022 @ 10:21:20 - Preparing for import.
08-22-2022 @ 10:21:20 - Row :241 - Parsing item.
08-22-2022 @ 10:21:20 - Row :241 - Processing item.
08-22-2022 @ 10:21:20 - Processing users.
08-22-2022 @ 10:21:22 - > &#8220;3292&#8221;User imported successfully. ID:3292
08-22-2022 @ 10:21:22 - > Finished importing user 3292
08-22-2022 @ 10:21:22 - Row :241 - User imported successfully.
08-22-2022 @ 10:21:22 - Row :242 - Parsing item.
08-22-2022 @ 10:21:22 - Row :242 - Processing item.
08-22-2022 @ 10:21:22 - Processing users.
08-22-2022 @ 10:21:26 - > &#8220;3293&#8221;User imported successfully. ID:3293
08-22-2022 @ 10:21:26 - > Finished importing user 3293
08-22-2022 @ 10:21:26 - Row :242 - User imported successfully.
08-22-2022 @ 10:21:26 - Row :243 - Parsing item.
08-22-2022 @ 10:21:26 - Row :243 - Processing item.
08-22-2022 @ 10:21:26 - Processing users.
08-22-2022 @ 10:21:29 - > &#8220;3294&#8221;User imported successfully. ID:3294
08-22-2022 @ 10:21:29 - > Finished importing user 3294
08-22-2022 @ 10:21:29 - Row :243 - User imported successfully.
08-22-2022 @ 10:21:29 - Row :244 - Parsing item.
08-22-2022 @ 10:21:29 - Row :244 - Processing item.
08-22-2022 @ 10:21:29 - Processing users.
08-22-2022 @ 10:21:32 - > &#8220;3295&#8221;User imported successfully. ID:3295
08-22-2022 @ 10:21:32 - > Finished importing user 3295
08-22-2022 @ 10:21:32 - Row :244 - User imported successfully.
08-22-2022 @ 10:21:32 - Row :245 - Parsing item.
08-22-2022 @ 10:21:32 - Row :245 - Processing item.
08-22-2022 @ 10:21:32 - Processing users.
08-22-2022 @ 10:21:34 - > &#8220;3296&#8221;User imported successfully. ID:3296
08-22-2022 @ 10:21:34 - > Finished importing user 3296
08-22-2022 @ 10:21:34 - Row :245 - User imported successfully.
08-22-2022 @ 10:21:34 - Row :246 - Parsing item.
08-22-2022 @ 10:21:34 - Row :246 - Processing item.
08-22-2022 @ 10:21:34 - Processing users.
08-22-2022 @ 10:21:37 - > &#8220;3297&#8221;User imported successfully. ID:3297
08-22-2022 @ 10:21:37 - > Finished importing user 3297
08-22-2022 @ 10:21:37 - Row :246 - User imported successfully.
08-22-2022 @ 10:21:37 - Row :247 - Parsing item.
08-22-2022 @ 10:21:37 - Row :247 - Processing item.
08-22-2022 @ 10:21:37 - Processing users.
08-22-2022 @ 10:21:39 - > &#8220;3298&#8221;User imported successfully. ID:3298
08-22-2022 @ 10:21:39 - > Finished importing user 3298
08-22-2022 @ 10:21:39 - Row :247 - User imported successfully.
08-22-2022 @ 10:21:39 - Row :248 - Parsing item.
08-22-2022 @ 10:21:39 - Row :248 - Processing item.
08-22-2022 @ 10:21:39 - Processing users.
08-22-2022 @ 10:21:42 - > &#8220;3299&#8221;User imported successfully. ID:3299
08-22-2022 @ 10:21:42 - > Finished importing user 3299
08-22-2022 @ 10:21:42 - Row :248 - User imported successfully.
08-22-2022 @ 10:21:42 - Row :249 - Parsing item.
08-22-2022 @ 10:21:42 - Row :249 - Processing item.
08-22-2022 @ 10:21:42 - Processing users.
08-22-2022 @ 10:21:44 - > &#8220;3300&#8221;User imported successfully. ID:3300
08-22-2022 @ 10:21:44 - > Finished importing user 3300
08-22-2022 @ 10:21:44 - Row :249 - User imported successfully.
08-22-2022 @ 10:21:44 - Row :250 - Parsing item.
08-22-2022 @ 10:21:44 - Row :250 - Processing item.
08-22-2022 @ 10:21:44 - Processing users.
08-22-2022 @ 10:21:46 - > &#8220;3301&#8221;User imported successfully. ID:3301
08-22-2022 @ 10:21:46 - > Finished importing user 3301
08-22-2022 @ 10:21:46 - Row :250 - User imported successfully.
08-22-2022 @ 10:21:47 - Preparing for import.
08-22-2022 @ 10:21:47 - Row :251 - Parsing item.
08-22-2022 @ 10:21:47 - Row :251 - Processing item.
08-22-2022 @ 10:21:47 - Processing users.
08-22-2022 @ 10:21:49 - > &#8220;3302&#8221;User imported successfully. ID:3302
08-22-2022 @ 10:21:49 - > Finished importing user 3302
08-22-2022 @ 10:21:49 - Row :251 - User imported successfully.
08-22-2022 @ 10:21:49 - Row :252 - Parsing item.
08-22-2022 @ 10:21:49 - Row :252 - Processing item.
08-22-2022 @ 10:21:49 - Processing users.
08-22-2022 @ 10:21:52 - > &#8220;3303&#8221;User imported successfully. ID:3303
08-22-2022 @ 10:21:52 - > Finished importing user 3303
08-22-2022 @ 10:21:52 - Row :252 - User imported successfully.
08-22-2022 @ 10:21:52 - Row :253 - Parsing item.
08-22-2022 @ 10:21:52 - Row :253 - Processing item.
08-22-2022 @ 10:21:52 - Processing users.
08-22-2022 @ 10:21:54 - > &#8220;3304&#8221;User imported successfully. ID:3304
08-22-2022 @ 10:21:54 - > Finished importing user 3304
08-22-2022 @ 10:21:54 - Row :253 - User imported successfully.
08-22-2022 @ 10:21:54 - Row :254 - Parsing item.
08-22-2022 @ 10:21:54 - Row :254 - Processing item.
08-22-2022 @ 10:21:54 - Processing users.
08-22-2022 @ 10:21:56 - > &#8220;3305&#8221;User imported successfully. ID:3305
08-22-2022 @ 10:21:56 - > Finished importing user 3305
08-22-2022 @ 10:21:56 - Row :254 - User imported successfully.
08-22-2022 @ 10:21:56 - Row :255 - Parsing item.
08-22-2022 @ 10:21:56 - Row :255 - Processing item.
08-22-2022 @ 10:21:56 - Processing users.
08-22-2022 @ 10:21:59 - > &#8220;3306&#8221;User imported successfully. ID:3306
08-22-2022 @ 10:21:59 - > Finished importing user 3306
08-22-2022 @ 10:21:59 - Row :255 - User imported successfully.
08-22-2022 @ 10:21:59 - Row :256 - Parsing item.
08-22-2022 @ 10:21:59 - Row :256 - Processing item.
08-22-2022 @ 10:21:59 - Processing users.
08-22-2022 @ 10:22:01 - > &#8220;3307&#8221;User imported successfully. ID:3307
08-22-2022 @ 10:22:01 - > Finished importing user 3307
08-22-2022 @ 10:22:01 - Row :256 - User imported successfully.
08-22-2022 @ 10:22:01 - Row :257 - Parsing item.
08-22-2022 @ 10:22:01 - Row :257 - Processing item.
08-22-2022 @ 10:22:01 - Processing users.
08-22-2022 @ 10:22:04 - > &#8220;3308&#8221;User imported successfully. ID:3308
08-22-2022 @ 10:22:04 - > Finished importing user 3308
08-22-2022 @ 10:22:04 - Row :257 - User imported successfully.
08-22-2022 @ 10:22:04 - Row :258 - Parsing item.
08-22-2022 @ 10:22:04 - Row :258 - Processing item.
08-22-2022 @ 10:22:04 - Processing users.
08-22-2022 @ 10:22:06 - > &#8220;3309&#8221;User imported successfully. ID:3309
08-22-2022 @ 10:22:06 - > Finished importing user 3309
08-22-2022 @ 10:22:06 - Row :258 - User imported successfully.
08-22-2022 @ 10:22:06 - Row :259 - Parsing item.
08-22-2022 @ 10:22:06 - Row :259 - Processing item.
08-22-2022 @ 10:22:06 - Processing users.
08-22-2022 @ 10:22:09 - > &#8220;3310&#8221;User imported successfully. ID:3310
08-22-2022 @ 10:22:09 - > Finished importing user 3310
08-22-2022 @ 10:22:09 - Row :259 - User imported successfully.
08-22-2022 @ 10:22:09 - Row :260 - Parsing item.
08-22-2022 @ 10:22:09 - Row :260 - Processing item.
08-22-2022 @ 10:22:09 - Processing users.
08-22-2022 @ 10:22:12 - > &#8220;3311&#8221;User imported successfully. ID:3311
08-22-2022 @ 10:22:12 - > Finished importing user 3311
08-22-2022 @ 10:22:12 - Row :260 - User imported successfully.
08-22-2022 @ 10:22:12 - Preparing for import.
08-22-2022 @ 10:22:12 - Row :261 - Parsing item.
08-22-2022 @ 10:22:12 - Row :261 - Processing item.
08-22-2022 @ 10:22:12 - Processing users.
08-22-2022 @ 10:22:14 - > &#8220;3312&#8221;User imported successfully. ID:3312
08-22-2022 @ 10:22:14 - > Finished importing user 3312
08-22-2022 @ 10:22:14 - Row :261 - User imported successfully.
08-22-2022 @ 10:22:14 - Row :262 - Parsing item.
08-22-2022 @ 10:22:14 - Row :262 - Processing item.
08-22-2022 @ 10:22:14 - Processing users.
08-22-2022 @ 10:22:17 - > &#8220;3313&#8221;User imported successfully. ID:3313
08-22-2022 @ 10:22:17 - > Finished importing user 3313
08-22-2022 @ 10:22:17 - Row :262 - User imported successfully.
08-22-2022 @ 10:22:17 - Row :263 - Parsing item.
08-22-2022 @ 10:22:17 - Row :263 - Processing item.
08-22-2022 @ 10:22:17 - Processing users.
08-22-2022 @ 10:22:19 - > &#8220;3314&#8221;User imported successfully. ID:3314
08-22-2022 @ 10:22:19 - > Finished importing user 3314
08-22-2022 @ 10:22:19 - Row :263 - User imported successfully.
08-22-2022 @ 10:22:19 - Row :264 - Parsing item.
08-22-2022 @ 10:22:19 - Row :264 - Processing item.
08-22-2022 @ 10:22:19 - Processing users.
08-22-2022 @ 10:22:21 - > &#8220;3315&#8221;User imported successfully. ID:3315
08-22-2022 @ 10:22:21 - > Finished importing user 3315
08-22-2022 @ 10:22:21 - Row :264 - User imported successfully.
08-22-2022 @ 10:22:21 - Row :265 - Parsing item.
08-22-2022 @ 10:22:21 - Row :265 - Processing item.
08-22-2022 @ 10:22:21 - Processing users.
08-22-2022 @ 10:22:24 - > &#8220;3316&#8221;User imported successfully. ID:3316
08-22-2022 @ 10:22:24 - > Finished importing user 3316
08-22-2022 @ 10:22:24 - Row :265 - User imported successfully.
08-22-2022 @ 10:22:24 - Row :266 - Parsing item.
08-22-2022 @ 10:22:24 - Row :266 - Processing item.
08-22-2022 @ 10:22:24 - Processing users.
08-22-2022 @ 10:22:26 - > &#8220;3317&#8221;User imported successfully. ID:3317
08-22-2022 @ 10:22:26 - > Finished importing user 3317
08-22-2022 @ 10:22:26 - Row :266 - User imported successfully.
08-22-2022 @ 10:22:26 - Row :267 - Parsing item.
08-22-2022 @ 10:22:26 - Row :267 - Processing item.
08-22-2022 @ 10:22:26 - Processing users.
08-22-2022 @ 10:22:29 - > &#8220;3318&#8221;User imported successfully. ID:3318
08-22-2022 @ 10:22:29 - > Finished importing user 3318
08-22-2022 @ 10:22:29 - Row :267 - User imported successfully.
08-22-2022 @ 10:22:29 - Row :268 - Parsing item.
08-22-2022 @ 10:22:29 - Row :268 - Processing item.
08-22-2022 @ 10:22:29 - Processing users.
08-22-2022 @ 10:22:31 - > &#8220;3319&#8221;User imported successfully. ID:3319
08-22-2022 @ 10:22:31 - > Finished importing user 3319
08-22-2022 @ 10:22:31 - Row :268 - User imported successfully.
08-22-2022 @ 10:22:31 - Row :269 - Parsing item.
08-22-2022 @ 10:22:31 - Row :269 - Processing item.
08-22-2022 @ 10:22:31 - Processing users.
08-22-2022 @ 10:22:34 - > &#8220;3320&#8221;User imported successfully. ID:3320
08-22-2022 @ 10:22:34 - > Finished importing user 3320
08-22-2022 @ 10:22:34 - Row :269 - User imported successfully.
08-22-2022 @ 10:22:34 - Row :270 - Parsing item.
08-22-2022 @ 10:22:34 - Row :270 - Processing item.
08-22-2022 @ 10:22:34 - Processing users.
08-22-2022 @ 10:22:36 - > &#8220;3321&#8221;User imported successfully. ID:3321
08-22-2022 @ 10:22:36 - > Finished importing user 3321
08-22-2022 @ 10:22:36 - Row :270 - User imported successfully.
08-22-2022 @ 10:22:37 - Preparing for import.
08-22-2022 @ 10:22:37 - Row :271 - Parsing item.
08-22-2022 @ 10:22:37 - Row :271 - Processing item.
08-22-2022 @ 10:22:37 - Processing users.
08-22-2022 @ 10:22:39 - > &#8220;3322&#8221;User imported successfully. ID:3322
08-22-2022 @ 10:22:39 - > Finished importing user 3322
08-22-2022 @ 10:22:39 - Row :271 - User imported successfully.
08-22-2022 @ 10:22:39 - Row :272 - Parsing item.
08-22-2022 @ 10:22:39 - Row :272 - Processing item.
08-22-2022 @ 10:22:39 - Processing users.
08-22-2022 @ 10:22:42 - > &#8220;3323&#8221;User imported successfully. ID:3323
08-22-2022 @ 10:22:42 - > Finished importing user 3323
08-22-2022 @ 10:22:42 - Row :272 - User imported successfully.
08-22-2022 @ 10:22:42 - Row :273 - Parsing item.
08-22-2022 @ 10:22:42 - Row :273 - Processing item.
08-22-2022 @ 10:22:42 - Processing users.
08-22-2022 @ 10:22:44 - > &#8220;3324&#8221;User imported successfully. ID:3324
08-22-2022 @ 10:22:44 - > Finished importing user 3324
08-22-2022 @ 10:22:44 - Row :273 - User imported successfully.
08-22-2022 @ 10:22:44 - Row :274 - Parsing item.
08-22-2022 @ 10:22:44 - Row :274 - Processing item.
08-22-2022 @ 10:22:44 - Processing users.
08-22-2022 @ 10:22:47 - > &#8220;3325&#8221;User imported successfully. ID:3325
08-22-2022 @ 10:22:47 - > Finished importing user 3325
08-22-2022 @ 10:22:47 - Row :274 - User imported successfully.
08-22-2022 @ 10:22:47 - Row :275 - Parsing item.
08-22-2022 @ 10:22:47 - Row :275 - Processing item.
08-22-2022 @ 10:22:47 - Processing users.
08-22-2022 @ 10:22:49 - > &#8220;3326&#8221;User imported successfully. ID:3326
08-22-2022 @ 10:22:49 - > Finished importing user 3326
08-22-2022 @ 10:22:49 - Row :275 - User imported successfully.
08-22-2022 @ 10:22:49 - Row :276 - Parsing item.
08-22-2022 @ 10:22:49 - Row :276 - Processing item.
08-22-2022 @ 10:22:49 - Processing users.
08-22-2022 @ 10:22:52 - > &#8220;3327&#8221;User imported successfully. ID:3327
08-22-2022 @ 10:22:52 - > Finished importing user 3327
08-22-2022 @ 10:22:52 - Row :276 - User imported successfully.
08-22-2022 @ 10:22:52 - Row :277 - Parsing item.
08-22-2022 @ 10:22:52 - Row :277 - Processing item.
08-22-2022 @ 10:22:52 - Processing users.
08-22-2022 @ 10:22:54 - > &#8220;3328&#8221;User imported successfully. ID:3328
08-22-2022 @ 10:22:54 - > Finished importing user 3328
08-22-2022 @ 10:22:54 - Row :277 - User imported successfully.
08-22-2022 @ 10:22:54 - Row :278 - Parsing item.
08-22-2022 @ 10:22:54 - Row :278 - Processing item.
08-22-2022 @ 10:22:54 - Processing users.
08-22-2022 @ 10:22:56 - > &#8220;3329&#8221;User imported successfully. ID:3329
08-22-2022 @ 10:22:56 - > Finished importing user 3329
08-22-2022 @ 10:22:56 - Row :278 - User imported successfully.
08-22-2022 @ 10:22:56 - Row :279 - Parsing item.
08-22-2022 @ 10:22:56 - Row :279 - Processing item.
08-22-2022 @ 10:22:56 - Processing users.
08-22-2022 @ 10:22:59 - > &#8220;3330&#8221;User imported successfully. ID:3330
08-22-2022 @ 10:22:59 - > Finished importing user 3330
08-22-2022 @ 10:22:59 - Row :279 - User imported successfully.
08-22-2022 @ 10:22:59 - Row :280 - Parsing item.
08-22-2022 @ 10:22:59 - Row :280 - Processing item.
08-22-2022 @ 10:22:59 - Processing users.
08-22-2022 @ 10:23:01 - > &#8220;3331&#8221;User imported successfully. ID:3331
08-22-2022 @ 10:23:01 - > Finished importing user 3331
08-22-2022 @ 10:23:01 - Row :280 - User imported successfully.
08-22-2022 @ 10:23:02 - Preparing for import.
08-22-2022 @ 10:23:02 - Row :281 - Parsing item.
08-22-2022 @ 10:23:02 - Row :281 - Processing item.
08-22-2022 @ 10:23:02 - Processing users.
08-22-2022 @ 10:23:04 - > &#8220;3332&#8221;User imported successfully. ID:3332
08-22-2022 @ 10:23:04 - > Finished importing user 3332
08-22-2022 @ 10:23:04 - Row :281 - User imported successfully.
08-22-2022 @ 10:23:04 - Row :282 - Parsing item.
08-22-2022 @ 10:23:04 - Row :282 - Processing item.
08-22-2022 @ 10:23:04 - Processing users.
08-22-2022 @ 10:23:06 - > &#8220;3333&#8221;User imported successfully. ID:3333
08-22-2022 @ 10:23:06 - > Finished importing user 3333
08-22-2022 @ 10:23:06 - Row :282 - User imported successfully.
08-22-2022 @ 10:23:06 - Row :283 - Parsing item.
08-22-2022 @ 10:23:06 - Row :283 - Processing item.
08-22-2022 @ 10:23:06 - Processing users.
08-22-2022 @ 10:23:09 - > &#8220;3334&#8221;User imported successfully. ID:3334
08-22-2022 @ 10:23:09 - > Finished importing user 3334
08-22-2022 @ 10:23:09 - Row :283 - User imported successfully.
08-22-2022 @ 10:23:09 - Row :284 - Parsing item.
08-22-2022 @ 10:23:09 - Row :284 - Processing item.
08-22-2022 @ 10:23:09 - Processing users.
08-22-2022 @ 10:23:11 - > &#8220;3335&#8221;User imported successfully. ID:3335
08-22-2022 @ 10:23:11 - > Finished importing user 3335
08-22-2022 @ 10:23:11 - Row :284 - User imported successfully.
08-22-2022 @ 10:23:11 - Row :285 - Parsing item.
08-22-2022 @ 10:23:11 - Row :285 - Processing item.
08-22-2022 @ 10:23:11 - Processing users.
08-22-2022 @ 10:23:13 - > &#8220;3336&#8221;User imported successfully. ID:3336
08-22-2022 @ 10:23:13 - > Finished importing user 3336
08-22-2022 @ 10:23:13 - Row :285 - User imported successfully.
08-22-2022 @ 10:23:13 - Row :286 - Parsing item.
08-22-2022 @ 10:23:13 - Row :286 - Processing item.
08-22-2022 @ 10:23:13 - Processing users.
08-22-2022 @ 10:23:16 - > &#8220;3337&#8221;User imported successfully. ID:3337
08-22-2022 @ 10:23:16 - > Finished importing user 3337
08-22-2022 @ 10:23:16 - Row :286 - User imported successfully.
08-22-2022 @ 10:23:16 - Row :287 - Parsing item.
08-22-2022 @ 10:23:16 - Row :287 - Processing item.
08-22-2022 @ 10:23:16 - Processing users.
08-22-2022 @ 10:23:18 - > &#8220;3338&#8221;User imported successfully. ID:3338
08-22-2022 @ 10:23:18 - > Finished importing user 3338
08-22-2022 @ 10:23:18 - Row :287 - User imported successfully.
08-22-2022 @ 10:23:18 - Row :288 - Parsing item.
08-22-2022 @ 10:23:18 - Row :288 - Processing item.
08-22-2022 @ 10:23:18 - Processing users.
08-22-2022 @ 10:23:21 - > &#8220;3339&#8221;User imported successfully. ID:3339
08-22-2022 @ 10:23:21 - > Finished importing user 3339
08-22-2022 @ 10:23:21 - Row :288 - User imported successfully.
08-22-2022 @ 10:23:21 - Row :289 - Parsing item.
08-22-2022 @ 10:23:21 - Row :289 - Processing item.
08-22-2022 @ 10:23:21 - Processing users.
08-22-2022 @ 10:23:23 - > &#8220;3340&#8221;User imported successfully. ID:3340
08-22-2022 @ 10:23:23 - > Finished importing user 3340
08-22-2022 @ 10:23:23 - Row :289 - User imported successfully.
08-22-2022 @ 10:23:23 - Row :290 - Parsing item.
08-22-2022 @ 10:23:23 - Row :290 - Processing item.
08-22-2022 @ 10:23:23 - Processing users.
08-22-2022 @ 10:23:25 - > &#8220;3341&#8221;User imported successfully. ID:3341
08-22-2022 @ 10:23:25 - > Finished importing user 3341
08-22-2022 @ 10:23:25 - Row :290 - User imported successfully.
08-22-2022 @ 10:23:26 - Preparing for import.
08-22-2022 @ 10:23:26 - Row :291 - Parsing item.
08-22-2022 @ 10:23:26 - Row :291 - Processing item.
08-22-2022 @ 10:23:26 - Processing users.
08-22-2022 @ 10:23:28 - > &#8220;3342&#8221;User imported successfully. ID:3342
08-22-2022 @ 10:23:28 - > Finished importing user 3342
08-22-2022 @ 10:23:28 - Row :291 - User imported successfully.
08-22-2022 @ 10:23:28 - Row :292 - Parsing item.
08-22-2022 @ 10:23:28 - Row :292 - Processing item.
08-22-2022 @ 10:23:28 - Processing users.
08-22-2022 @ 10:23:31 - > &#8220;3343&#8221;User imported successfully. ID:3343
08-22-2022 @ 10:23:31 - > Finished importing user 3343
08-22-2022 @ 10:23:31 - Row :292 - User imported successfully.
08-22-2022 @ 10:23:31 - Row :293 - Parsing item.
08-22-2022 @ 10:23:31 - Row :293 - Processing item.
08-22-2022 @ 10:23:31 - Processing users.
08-22-2022 @ 10:23:33 - > &#8220;3344&#8221;User imported successfully. ID:3344
08-22-2022 @ 10:23:33 - > Finished importing user 3344
08-22-2022 @ 10:23:33 - Row :293 - User imported successfully.
08-22-2022 @ 10:23:33 - Row :294 - Parsing item.
08-22-2022 @ 10:23:33 - Row :294 - Processing item.
08-22-2022 @ 10:23:33 - Processing users.
08-22-2022 @ 10:23:35 - > &#8220;3345&#8221;User imported successfully. ID:3345
08-22-2022 @ 10:23:35 - > Finished importing user 3345
08-22-2022 @ 10:23:35 - Row :294 - User imported successfully.
08-22-2022 @ 10:23:35 - Row :295 - Parsing item.
08-22-2022 @ 10:23:35 - Row :295 - Processing item.
08-22-2022 @ 10:23:35 - Processing users.
08-22-2022 @ 10:23:38 - > &#8220;3346&#8221;User imported successfully. ID:3346
08-22-2022 @ 10:23:38 - > Finished importing user 3346
08-22-2022 @ 10:23:38 - Row :295 - User imported successfully.
08-22-2022 @ 10:23:38 - Row :296 - Parsing item.
08-22-2022 @ 10:23:38 - Row :296 - Processing item.
08-22-2022 @ 10:23:38 - Processing users.
08-22-2022 @ 10:23:40 - > &#8220;3347&#8221;User imported successfully. ID:3347
08-22-2022 @ 10:23:40 - > Finished importing user 3347
08-22-2022 @ 10:23:40 - Row :296 - User imported successfully.
08-22-2022 @ 10:23:40 - Row :297 - Parsing item.
08-22-2022 @ 10:23:40 - Row :297 - Processing item.
08-22-2022 @ 10:23:40 - Processing users.
08-22-2022 @ 10:23:43 - > &#8220;3348&#8221;User imported successfully. ID:3348
08-22-2022 @ 10:23:43 - > Finished importing user 3348
08-22-2022 @ 10:23:43 - Row :297 - User imported successfully.
08-22-2022 @ 10:23:43 - Row :298 - Parsing item.
08-22-2022 @ 10:23:43 - Row :298 - Processing item.
08-22-2022 @ 10:23:43 - Processing users.
08-22-2022 @ 10:23:45 - > &#8220;3349&#8221;User imported successfully. ID:3349
08-22-2022 @ 10:23:45 - > Finished importing user 3349
08-22-2022 @ 10:23:45 - Row :298 - User imported successfully.
08-22-2022 @ 10:23:45 - Row :299 - Parsing item.
08-22-2022 @ 10:23:45 - Row :299 - Processing item.
08-22-2022 @ 10:23:45 - Processing users.
08-22-2022 @ 10:23:48 - > &#8220;3350&#8221;User imported successfully. ID:3350
08-22-2022 @ 10:23:48 - > Finished importing user 3350
08-22-2022 @ 10:23:48 - Row :299 - User imported successfully.
08-22-2022 @ 10:23:48 - Row :300 - Parsing item.
08-22-2022 @ 10:23:48 - Row :300 - Processing item.
08-22-2022 @ 10:23:48 - Processing users.
08-22-2022 @ 10:23:50 - > &#8220;3351&#8221;User imported successfully. ID:3351
08-22-2022 @ 10:23:50 - > Finished importing user 3351
08-22-2022 @ 10:23:50 - Row :300 - User imported successfully.
08-22-2022 @ 10:23:51 - Preparing for import.
08-22-2022 @ 10:23:51 - Row :301 - Parsing item.
08-22-2022 @ 10:23:51 - Row :301 - Processing item.
08-22-2022 @ 10:23:51 - Processing users.
08-22-2022 @ 10:23:53 - > &#8220;3352&#8221;User imported successfully. ID:3352
08-22-2022 @ 10:23:53 - > Finished importing user 3352
08-22-2022 @ 10:23:53 - Row :301 - User imported successfully.
08-22-2022 @ 10:23:53 - Row :302 - Parsing item.
08-22-2022 @ 10:23:53 - Row :302 - Processing item.
08-22-2022 @ 10:23:53 - Processing users.
08-22-2022 @ 10:23:56 - > &#8220;3353&#8221;User imported successfully. ID:3353
08-22-2022 @ 10:23:56 - > Finished importing user 3353
08-22-2022 @ 10:23:56 - Row :302 - User imported successfully.
08-22-2022 @ 10:23:56 - ---[ Import ended at 2022-08-22 10:23:56]---
