08-22-2022 @ 10:52:15 - ---[ New import started at 2022-08-22 10:52:15 ] PHP Memory: 256 MB, WP Memory: 40 MB
08-22-2022 @ 10:52:15 - Preparing for import.
08-22-2022 @ 10:52:15 - Row :1 - Parsing item.
08-22-2022 @ 10:52:15 - Row :1 - Processing item.
08-22-2022 @ 10:52:15 - Processing users.
08-22-2022 @ 10:52:17 - > &#8220;3650&#8221;User imported successfully. ID:3650
08-22-2022 @ 10:52:17 - > Finished importing user 3650
08-22-2022 @ 10:52:17 - Row :1 - User imported successfully.
08-22-2022 @ 10:52:17 - Row :2 - Parsing item.
08-22-2022 @ 10:52:17 - Row :2 - Processing item.
08-22-2022 @ 10:52:17 - Processing users.
08-22-2022 @ 10:52:19 - > &#8220;3651&#8221;User imported successfully. ID:3651
08-22-2022 @ 10:52:19 - > Finished importing user 3651
08-22-2022 @ 10:52:19 - Row :2 - User imported successfully.
08-22-2022 @ 10:52:19 - Row :3 - Parsing item.
08-22-2022 @ 10:52:19 - Row :3 - Processing item.
08-22-2022 @ 10:52:19 - Processing users.
08-22-2022 @ 10:52:22 - > &#8220;3652&#8221;User imported successfully. ID:3652
08-22-2022 @ 10:52:22 - > Finished importing user 3652
08-22-2022 @ 10:52:22 - Row :3 - User imported successfully.
08-22-2022 @ 10:52:22 - Row :4 - Parsing item.
08-22-2022 @ 10:52:22 - Row :4 - Processing item.
08-22-2022 @ 10:52:22 - Processing users.
08-22-2022 @ 10:52:24 - > &#8220;3653&#8221;User imported successfully. ID:3653
08-22-2022 @ 10:52:24 - > Finished importing user 3653
08-22-2022 @ 10:52:24 - Row :4 - User imported successfully.
08-22-2022 @ 10:52:24 - Row :5 - Parsing item.
08-22-2022 @ 10:52:24 - Row :5 - Processing item.
08-22-2022 @ 10:52:24 - Processing users.
08-22-2022 @ 10:52:26 - > &#8220;3654&#8221;User imported successfully. ID:3654
08-22-2022 @ 10:52:26 - > Finished importing user 3654
08-22-2022 @ 10:52:26 - Row :5 - User imported successfully.
08-22-2022 @ 10:52:26 - Row :6 - Parsing item.
08-22-2022 @ 10:52:26 - Row :6 - Processing item.
08-22-2022 @ 10:52:26 - Processing users.
08-22-2022 @ 10:52:29 - > &#8220;3655&#8221;User imported successfully. ID:3655
08-22-2022 @ 10:52:29 - > Finished importing user 3655
08-22-2022 @ 10:52:29 - Row :6 - User imported successfully.
08-22-2022 @ 10:52:29 - Row :7 - Parsing item.
08-22-2022 @ 10:52:29 - Row :7 - Processing item.
08-22-2022 @ 10:52:29 - Processing users.
08-22-2022 @ 10:52:31 - > &#8220;3656&#8221;User imported successfully. ID:3656
08-22-2022 @ 10:52:31 - > Finished importing user 3656
08-22-2022 @ 10:52:31 - Row :7 - User imported successfully.
08-22-2022 @ 10:52:31 - Row :8 - Parsing item.
08-22-2022 @ 10:52:31 - Row :8 - Processing item.
08-22-2022 @ 10:52:31 - Processing users.
08-22-2022 @ 10:52:33 - > &#8220;3657&#8221;User imported successfully. ID:3657
08-22-2022 @ 10:52:33 - > Finished importing user 3657
08-22-2022 @ 10:52:33 - Row :8 - User imported successfully.
08-22-2022 @ 10:52:33 - Row :9 - Parsing item.
08-22-2022 @ 10:52:33 - Row :9 - Processing item.
08-22-2022 @ 10:52:33 - Processing users.
08-22-2022 @ 10:52:36 - > &#8220;3658&#8221;User imported successfully. ID:3658
08-22-2022 @ 10:52:36 - > Finished importing user 3658
08-22-2022 @ 10:52:36 - Row :9 - User imported successfully.
08-22-2022 @ 10:52:36 - Row :10 - Parsing item.
08-22-2022 @ 10:52:36 - Row :10 - Processing item.
08-22-2022 @ 10:52:36 - Processing users.
08-22-2022 @ 10:52:38 - > &#8220;3659&#8221;User imported successfully. ID:3659
08-22-2022 @ 10:52:38 - > Finished importing user 3659
08-22-2022 @ 10:52:38 - Row :10 - User imported successfully.
08-22-2022 @ 10:52:38 - Row :11 - Parsing item.
08-22-2022 @ 10:52:38 - Row :11 - Processing item.
08-22-2022 @ 10:52:39 - Processing users.
08-22-2022 @ 10:52:41 - > &#8220;3660&#8221;User imported successfully. ID:3660
08-22-2022 @ 10:52:41 - > Finished importing user 3660
08-22-2022 @ 10:52:41 - Row :11 - User imported successfully.
08-22-2022 @ 10:52:41 - Row :12 - Parsing item.
08-22-2022 @ 10:52:41 - Row :12 - Processing item.
08-22-2022 @ 10:52:41 - Processing users.
08-22-2022 @ 10:52:44 - > &#8220;3661&#8221;User imported successfully. ID:3661
08-22-2022 @ 10:52:44 - > Finished importing user 3661
08-22-2022 @ 10:52:44 - Row :12 - User imported successfully.
08-22-2022 @ 10:52:44 - Row :13 - Parsing item.
08-22-2022 @ 10:52:44 - Row :13 - Processing item.
08-22-2022 @ 10:52:44 - Processing users.
08-22-2022 @ 10:52:47 - > &#8220;3662&#8221;User imported successfully. ID:3662
08-22-2022 @ 10:52:47 - > Finished importing user 3662
08-22-2022 @ 10:52:47 - Row :13 - User imported successfully.
08-22-2022 @ 10:52:47 - Row :14 - Parsing item.
08-22-2022 @ 10:52:47 - Row :14 - Processing item.
08-22-2022 @ 10:52:47 - Processing users.
08-22-2022 @ 10:52:49 - > &#8220;3663&#8221;User imported successfully. ID:3663
08-22-2022 @ 10:52:49 - > Finished importing user 3663
08-22-2022 @ 10:52:49 - Row :14 - User imported successfully.
08-22-2022 @ 10:52:49 - Row :15 - Parsing item.
08-22-2022 @ 10:52:49 - Row :15 - Processing item.
08-22-2022 @ 10:52:49 - Processing users.
08-22-2022 @ 10:52:51 - > &#8220;3664&#8221;User imported successfully. ID:3664
08-22-2022 @ 10:52:51 - > Finished importing user 3664
08-22-2022 @ 10:52:51 - Row :15 - User imported successfully.
08-22-2022 @ 10:52:51 - Row :16 - Parsing item.
08-22-2022 @ 10:52:51 - Row :16 - Processing item.
08-22-2022 @ 10:52:51 - Processing users.
08-22-2022 @ 10:52:53 - > &#8220;3665&#8221;User imported successfully. ID:3665
08-22-2022 @ 10:52:53 - > Finished importing user 3665
08-22-2022 @ 10:52:53 - Row :16 - User imported successfully.
08-22-2022 @ 10:52:53 - Row :17 - Parsing item.
08-22-2022 @ 10:52:53 - Row :17 - Processing item.
08-22-2022 @ 10:52:53 - Processing users.
08-22-2022 @ 10:52:56 - > &#8220;3666&#8221;User imported successfully. ID:3666
08-22-2022 @ 10:52:56 - > Finished importing user 3666
08-22-2022 @ 10:52:56 - Row :17 - User imported successfully.
08-22-2022 @ 10:52:56 - Row :18 - Parsing item.
08-22-2022 @ 10:52:56 - Row :18 - Processing item.
08-22-2022 @ 10:52:56 - Processing users.
08-22-2022 @ 10:52:58 - > &#8220;3667&#8221;User imported successfully. ID:3667
08-22-2022 @ 10:52:58 - > Finished importing user 3667
08-22-2022 @ 10:52:58 - Row :18 - User imported successfully.
08-22-2022 @ 10:52:58 - Row :19 - Parsing item.
08-22-2022 @ 10:52:58 - Row :19 - Processing item.
08-22-2022 @ 10:52:58 - Processing users.
08-22-2022 @ 10:53:01 - > &#8220;3668&#8221;User imported successfully. ID:3668
08-22-2022 @ 10:53:01 - > Finished importing user 3668
08-22-2022 @ 10:53:01 - Row :19 - User imported successfully.
08-22-2022 @ 10:53:01 - Row :20 - Parsing item.
08-22-2022 @ 10:53:01 - Row :20 - Processing item.
08-22-2022 @ 10:53:01 - Processing users.
08-22-2022 @ 10:53:03 - > &#8220;3669&#8221;User imported successfully. ID:3669
08-22-2022 @ 10:53:03 - > Finished importing user 3669
08-22-2022 @ 10:53:03 - Row :20 - User imported successfully.
08-22-2022 @ 10:53:03 - Row :21 - Parsing item.
08-22-2022 @ 10:53:03 - Row :21 - Processing item.
08-22-2022 @ 10:53:03 - Processing users.
08-22-2022 @ 10:53:06 - > &#8220;3670&#8221;User imported successfully. ID:3670
08-22-2022 @ 10:53:06 - > Finished importing user 3670
08-22-2022 @ 10:53:06 - Row :21 - User imported successfully.
08-22-2022 @ 10:53:06 - Row :22 - Parsing item.
08-22-2022 @ 10:53:06 - Row :22 - Processing item.
08-22-2022 @ 10:53:06 - Processing users.
08-22-2022 @ 10:53:11 - > &#8220;3671&#8221;User imported successfully. ID:3671
08-22-2022 @ 10:53:11 - > Finished importing user 3671
08-22-2022 @ 10:53:11 - Row :22 - User imported successfully.
08-22-2022 @ 10:53:11 - Row :23 - Parsing item.
08-22-2022 @ 10:53:11 - Row :23 - Processing item.
08-22-2022 @ 10:53:11 - Processing users.
08-22-2022 @ 10:53:13 - > &#8220;3672&#8221;User imported successfully. ID:3672
08-22-2022 @ 10:53:13 - > Finished importing user 3672
08-22-2022 @ 10:53:13 - Row :23 - User imported successfully.
08-22-2022 @ 10:53:13 - Row :24 - Parsing item.
08-22-2022 @ 10:53:13 - Row :24 - Processing item.
08-22-2022 @ 10:53:13 - Processing users.
08-22-2022 @ 10:53:19 - > &#8220;3673&#8221;User imported successfully. ID:3673
08-22-2022 @ 10:53:19 - > Finished importing user 3673
08-22-2022 @ 10:53:19 - Row :24 - User imported successfully.
08-22-2022 @ 10:53:19 - Row :25 - Parsing item.
08-22-2022 @ 10:53:19 - Row :25 - Processing item.
08-22-2022 @ 10:53:19 - Processing users.
08-22-2022 @ 10:53:22 - > &#8220;3674&#8221;User imported successfully. ID:3674
08-22-2022 @ 10:53:22 - > Finished importing user 3674
08-22-2022 @ 10:53:22 - Row :25 - User imported successfully.
08-22-2022 @ 10:53:22 - Row :26 - Parsing item.
08-22-2022 @ 10:53:22 - Row :26 - Processing item.
08-22-2022 @ 10:53:22 - Processing users.
08-22-2022 @ 10:53:23 - > Error inserting 1: Sorry, that username already exists!
08-22-2022 @ 10:53:23 - Row :26 - Processing failed. Reason: > Error inserting 1: Sorry, that username already exists!
08-22-2022 @ 10:53:23 - Row :27 - Parsing item.
08-22-2022 @ 10:53:23 - Row :27 - Processing item.
08-22-2022 @ 10:53:23 - Processing users.
08-22-2022 @ 10:53:25 - > &#8220;3676&#8221;User imported successfully. ID:3676
08-22-2022 @ 10:53:25 - > Finished importing user 3676
08-22-2022 @ 10:53:25 - Row :27 - User imported successfully.
08-22-2022 @ 10:53:25 - Row :28 - Parsing item.
08-22-2022 @ 10:53:25 - Row :28 - Processing item.
08-22-2022 @ 10:53:25 - Processing users.
08-22-2022 @ 10:53:29 - > &#8220;3678&#8221;User imported successfully. ID:3678
08-22-2022 @ 10:53:29 - > Finished importing user 3678
08-22-2022 @ 10:53:29 - Row :28 - User imported successfully.
08-22-2022 @ 10:53:29 - Row :29 - Parsing item.
08-22-2022 @ 10:53:29 - Row :29 - Processing item.
08-22-2022 @ 10:53:29 - Processing users.
08-22-2022 @ 10:53:32 - > &#8220;3680&#8221;User imported successfully. ID:3680
08-22-2022 @ 10:53:32 - > Finished importing user 3680
08-22-2022 @ 10:53:32 - Row :29 - User imported successfully.
08-22-2022 @ 10:53:32 - Row :30 - Parsing item.
08-22-2022 @ 10:53:32 - Row :30 - Processing item.
08-22-2022 @ 10:53:32 - Processing users.
08-22-2022 @ 10:53:32 - > Error inserting 1: Sorry, that username already exists!
08-22-2022 @ 10:53:32 - Row :30 - Processing failed. Reason: > Error inserting 1: Sorry, that username already exists!
