08-22-2022 @ 10:53:22 - ---[ New import started at 2022-08-22 10:53:22 ] PHP Memory: 256 MB, WP Memory: 40 MB
08-22-2022 @ 10:53:22 - Preparing for import.
08-22-2022 @ 10:53:22 - Row :1 - Parsing item.
08-22-2022 @ 10:53:22 - Row :1 - Parsing failed. Reason: User with same Email already exists. Email: kuberpolyfilms@gmail.com
08-22-2022 @ 10:53:22 - Row :2 - Parsing item.
08-22-2022 @ 10:53:22 - Row :2 - Parsing failed. Reason: User with same Email already exists. Email: producer.epr@gmail.com
08-22-2022 @ 10:53:22 - Row :3 - Parsing item.
08-22-2022 @ 10:53:22 - Row :3 - Parsing failed. Reason: User with same Email already exists. Email: vipinjain644@gmail.com
08-22-2022 @ 10:53:22 - Row :4 - Parsing item.
08-22-2022 @ 10:53:22 - Row :4 - Parsing failed. Reason: User with same Email already exists. Email: vikram.shabde@coatall.in
08-22-2022 @ 10:53:22 - Row :5 - Parsing item.
08-22-2022 @ 10:53:22 - Row :5 - Parsing failed. Reason: User with same Email already exists. Email: operations@ictc-ltd.com
08-22-2022 @ 10:53:22 - Row :6 - Parsing item.
08-22-2022 @ 10:53:22 - Row :6 - Parsing failed. Reason: User with same Email already exists. Email: YOGESH@YELLOWDIAMOND.IN
08-22-2022 @ 10:53:22 - Row :7 - Parsing item.
08-22-2022 @ 10:53:22 - Row :7 - Parsing failed. Reason: User with same Email already exists. Email: uniplastindia@gmail.com
08-22-2022 @ 10:53:22 - Row :8 - Parsing item.
08-22-2022 @ 10:53:22 - Row :8 - Parsing failed. Reason: User with same Email already exists. Email: prakash.joshi@in.lactalis.com
08-22-2022 @ 10:53:22 - Row :9 - Parsing item.
08-22-2022 @ 10:53:22 - Row :9 - Parsing failed. Reason: User with same Email already exists. Email: beverages.naturedelight@gmail.com
08-22-2022 @ 10:53:22 - Row :10 - Parsing item.
08-22-2022 @ 10:53:22 - Row :10 - Parsing failed. Reason: User with same Email already exists. Email: anil.kale@amcor.com
08-22-2022 @ 10:53:22 - Row :11 - Parsing item.
08-22-2022 @ 10:53:22 - Row :11 - Parsing failed. Reason: User with same Email already exists. Email: shubham.ent.1989@gmail.com
08-22-2022 @ 10:53:22 - Row :12 - Parsing item.
08-22-2022 @ 10:53:22 - Row :12 - Parsing failed. Reason: User with same Email already exists. Email: julygarg1976@gmail.com
08-22-2022 @ 10:53:22 - Row :13 - Parsing item.
08-22-2022 @ 10:53:22 - Row :13 - Parsing failed. Reason: User with same Email already exists. Email: dharmendrag1989@gmail.com
08-22-2022 @ 10:53:22 - Row :14 - Parsing item.
08-22-2022 @ 10:53:22 - Row :14 - Parsing failed. Reason: User with same Email already exists. Email: swastikpackaging@hotmail.com
08-22-2022 @ 10:53:22 - Row :15 - Parsing item.
08-22-2022 @ 10:53:22 - Row :15 - Parsing failed. Reason: User with same Email already exists. Email: durgatrading450@gmail.com
08-22-2022 @ 10:53:22 - Row :16 - Parsing item.
08-22-2022 @ 10:53:22 - Row :16 - Parsing failed. Reason: User with same Email already exists. Email: a9810209824@gmail.com
08-22-2022 @ 10:53:22 - Row :17 - Parsing item.
08-22-2022 @ 10:53:22 - Row :17 - Parsing failed. Reason: User with same Email already exists. Email: rotexpolypac@gmail.com
08-22-2022 @ 10:53:22 - Row :18 - Parsing item.
08-22-2022 @ 10:53:22 - Row :18 - Parsing failed. Reason: User with same Email already exists. Email: sandeep.bansal1985@gmail.com
08-22-2022 @ 10:53:22 - Row :19 - Parsing item.
08-22-2022 @ 10:53:22 - Row :19 - Parsing failed. Reason: User with same Email already exists. Email: shritirupatiackaging122@gmail.com
08-22-2022 @ 10:53:22 - Row :20 - Parsing item.
08-22-2022 @ 10:53:22 - Row :20 - Parsing failed. Reason: User with same Email already exists. Email: jindalplastic1@gmail.com
08-22-2022 @ 10:53:22 - Preparing for import.
08-22-2022 @ 10:53:22 - Row :21 - Parsing item.
08-22-2022 @ 10:53:22 - Row :21 - Parsing failed. Reason: User with same Email already exists. Email: sumeetjain.ryp@gmail.com
08-22-2022 @ 10:53:22 - Row :22 - Parsing item.
08-22-2022 @ 10:53:22 - Row :22 - Parsing failed. Reason: User with same Email already exists. Email: nikhilgarg2524@gmail.com
08-22-2022 @ 10:53:22 - Row :23 - Parsing item.
08-22-2022 @ 10:53:22 - Row :23 - Parsing failed. Reason: User with same Email already exists. Email: sigmabattery123@gmail.com
08-22-2022 @ 10:53:22 - Row :24 - Parsing item.
08-22-2022 @ 10:53:22 - Row :24 - Parsing failed. Reason: User with same Email already exists. Email: cmgupta.adv@gmail.com
08-22-2022 @ 10:53:22 - Row :25 - Parsing item.
08-22-2022 @ 10:53:22 - Row :25 - Parsing failed. Reason: User with same Email already exists. Email: neerajkedar10@rediffmail.com
08-22-2022 @ 10:53:22 - Row :26 - Parsing item.
08-22-2022 @ 10:53:22 - Row :26 - Processing item.
08-22-2022 @ 10:53:22 - Processing users.
08-22-2022 @ 10:53:25 - > &#8220;3675&#8221;User imported successfully. ID:3675
08-22-2022 @ 10:53:25 - > Finished importing user 3675
08-22-2022 @ 10:53:25 - Row :26 - User imported successfully.
08-22-2022 @ 10:53:25 - Row :27 - Parsing item.
08-22-2022 @ 10:53:25 - Row :27 - Parsing failed. Reason: User with same Email already exists. Email: radheradhe9416@gmail.com
08-22-2022 @ 10:53:25 - Row :28 - Parsing item.
08-22-2022 @ 10:53:25 - Row :28 - Processing item.
08-22-2022 @ 10:53:25 - Processing users.
08-22-2022 @ 10:53:29 - > &#8220;3677&#8221;User imported successfully. ID:3677
08-22-2022 @ 10:53:29 - > Finished importing user 3677
08-22-2022 @ 10:53:29 - Row :28 - User imported successfully.
08-22-2022 @ 10:53:29 - Row :29 - Parsing item.
08-22-2022 @ 10:53:29 - Row :29 - Processing item.
08-22-2022 @ 10:53:29 - Processing users.
08-22-2022 @ 10:53:32 - > &#8220;3679&#8221;User imported successfully. ID:3679
08-22-2022 @ 10:53:32 - > Finished importing user 3679
08-22-2022 @ 10:53:32 - Row :29 - User imported successfully.
08-22-2022 @ 10:53:32 - Row :30 - Parsing item.
08-22-2022 @ 10:53:32 - Row :30 - Processing item.
08-22-2022 @ 10:53:32 - Processing users.
08-22-2022 @ 10:53:35 - > &#8220;3681&#8221;User imported successfully. ID:3681
08-22-2022 @ 10:53:35 - > Finished importing user 3681
08-22-2022 @ 10:53:35 - Row :30 - User imported successfully.
08-22-2022 @ 10:53:35 - Row :31 - Parsing item.
08-22-2022 @ 10:53:35 - Row :31 - Processing item.
08-22-2022 @ 10:53:35 - Processing users.
08-22-2022 @ 10:53:37 - > &#8220;3682&#8221;User imported successfully. ID:3682
08-22-2022 @ 10:53:37 - > Finished importing user 3682
08-22-2022 @ 10:53:37 - Row :31 - User imported successfully.
08-22-2022 @ 10:53:37 - Row :32 - Parsing item.
08-22-2022 @ 10:53:37 - Row :32 - Processing item.
08-22-2022 @ 10:53:37 - Processing users.
08-22-2022 @ 10:53:40 - > &#8220;3683&#8221;User imported successfully. ID:3683
08-22-2022 @ 10:53:40 - > Finished importing user 3683
08-22-2022 @ 10:53:40 - Row :32 - User imported successfully.
08-22-2022 @ 10:53:40 - Row :33 - Parsing item.
08-22-2022 @ 10:53:40 - Row :33 - Processing item.
08-22-2022 @ 10:53:40 - Processing users.
08-22-2022 @ 10:53:43 - > &#8220;3684&#8221;User imported successfully. ID:3684
08-22-2022 @ 10:53:43 - > Finished importing user 3684
08-22-2022 @ 10:53:43 - Row :33 - User imported successfully.
08-22-2022 @ 10:53:43 - Row :34 - Parsing item.
08-22-2022 @ 10:53:43 - Row :34 - Processing item.
08-22-2022 @ 10:53:43 - Processing users.
08-22-2022 @ 10:53:47 - > &#8220;3685&#8221;User imported successfully. ID:3685
08-22-2022 @ 10:53:47 - > Finished importing user 3685
08-22-2022 @ 10:53:47 - Row :34 - User imported successfully.
08-22-2022 @ 10:53:47 - Row :35 - Parsing item.
08-22-2022 @ 10:53:47 - Row :35 - Processing item.
08-22-2022 @ 10:53:47 - Processing users.
08-22-2022 @ 10:53:50 - > &#8220;3686&#8221;User imported successfully. ID:3686
08-22-2022 @ 10:53:50 - > Finished importing user 3686
08-22-2022 @ 10:53:50 - Row :35 - User imported successfully.
08-22-2022 @ 10:53:50 - Row :36 - Parsing item.
08-22-2022 @ 10:53:50 - Row :36 - Processing item.
08-22-2022 @ 10:53:50 - Processing users.
08-22-2022 @ 10:53:52 - > &#8220;3687&#8221;User imported successfully. ID:3687
08-22-2022 @ 10:53:52 - > Finished importing user 3687
08-22-2022 @ 10:53:52 - Row :36 - User imported successfully.
08-22-2022 @ 10:53:52 - Row :37 - Parsing item.
08-22-2022 @ 10:53:52 - Row :37 - Processing item.
08-22-2022 @ 10:53:52 - Processing users.
08-22-2022 @ 10:53:55 - > &#8220;3688&#8221;User imported successfully. ID:3688
08-22-2022 @ 10:53:55 - > Finished importing user 3688
08-22-2022 @ 10:53:55 - Row :37 - User imported successfully.
08-22-2022 @ 10:53:55 - Row :38 - Parsing item.
08-22-2022 @ 10:53:55 - Row :38 - Processing item.
08-22-2022 @ 10:53:55 - Processing users.
08-22-2022 @ 10:53:57 - > &#8220;3689&#8221;User imported successfully. ID:3689
08-22-2022 @ 10:53:57 - > Finished importing user 3689
08-22-2022 @ 10:53:57 - Row :38 - User imported successfully.
08-22-2022 @ 10:53:57 - Row :39 - Parsing item.
08-22-2022 @ 10:53:57 - Row :39 - Processing item.
08-22-2022 @ 10:53:57 - Processing users.
08-22-2022 @ 10:54:00 - > &#8220;3690&#8221;User imported successfully. ID:3690
08-22-2022 @ 10:54:00 - > Finished importing user 3690
08-22-2022 @ 10:54:00 - Row :39 - User imported successfully.
08-22-2022 @ 10:54:00 - Row :40 - Parsing item.
08-22-2022 @ 10:54:00 - Row :40 - Processing item.
08-22-2022 @ 10:54:00 - Processing users.
08-22-2022 @ 10:54:02 - > &#8220;3691&#8221;User imported successfully. ID:3691
08-22-2022 @ 10:54:02 - > Finished importing user 3691
08-22-2022 @ 10:54:02 - Row :40 - User imported successfully.
08-22-2022 @ 10:54:03 - Preparing for import.
08-22-2022 @ 10:54:03 - Row :41 - Parsing item.
08-22-2022 @ 10:54:03 - Row :41 - Processing item.
08-22-2022 @ 10:54:03 - Processing users.
08-22-2022 @ 10:54:05 - > &#8220;3692&#8221;User imported successfully. ID:3692
08-22-2022 @ 10:54:05 - > Finished importing user 3692
08-22-2022 @ 10:54:05 - Row :41 - User imported successfully.
08-22-2022 @ 10:54:05 - Row :42 - Parsing item.
08-22-2022 @ 10:54:05 - Row :42 - Processing item.
08-22-2022 @ 10:54:05 - Processing users.
08-22-2022 @ 10:54:08 - > &#8220;3693&#8221;User imported successfully. ID:3693
08-22-2022 @ 10:54:08 - > Finished importing user 3693
08-22-2022 @ 10:54:08 - Row :42 - User imported successfully.
08-22-2022 @ 10:54:08 - Row :43 - Parsing item.
08-22-2022 @ 10:54:08 - Row :43 - Processing item.
08-22-2022 @ 10:54:08 - Processing users.
08-22-2022 @ 10:54:10 - > &#8220;3694&#8221;User imported successfully. ID:3694
08-22-2022 @ 10:54:10 - > Finished importing user 3694
08-22-2022 @ 10:54:10 - Row :43 - User imported successfully.
08-22-2022 @ 10:54:10 - Row :44 - Parsing item.
08-22-2022 @ 10:54:10 - Row :44 - Processing item.
08-22-2022 @ 10:54:10 - Processing users.
08-22-2022 @ 10:54:12 - > &#8220;3695&#8221;User imported successfully. ID:3695
08-22-2022 @ 10:54:12 - > Finished importing user 3695
08-22-2022 @ 10:54:12 - Row :44 - User imported successfully.
08-22-2022 @ 10:54:12 - Row :45 - Parsing item.
08-22-2022 @ 10:54:12 - Row :45 - Processing item.
08-22-2022 @ 10:54:12 - Processing users.
08-22-2022 @ 10:54:15 - > &#8220;3696&#8221;User imported successfully. ID:3696
08-22-2022 @ 10:54:15 - > Finished importing user 3696
08-22-2022 @ 10:54:15 - Row :45 - User imported successfully.
08-22-2022 @ 10:54:15 - Row :46 - Parsing item.
08-22-2022 @ 10:54:15 - Row :46 - Processing item.
08-22-2022 @ 10:54:15 - Processing users.
08-22-2022 @ 10:54:18 - > &#8220;3697&#8221;User imported successfully. ID:3697
08-22-2022 @ 10:54:18 - > Finished importing user 3697
08-22-2022 @ 10:54:18 - Row :46 - User imported successfully.
08-22-2022 @ 10:54:18 - Row :47 - Parsing item.
08-22-2022 @ 10:54:18 - Row :47 - Processing item.
08-22-2022 @ 10:54:18 - Processing users.
08-22-2022 @ 10:54:21 - > &#8220;3698&#8221;User imported successfully. ID:3698
08-22-2022 @ 10:54:21 - > Finished importing user 3698
08-22-2022 @ 10:54:21 - Row :47 - User imported successfully.
08-22-2022 @ 10:54:21 - Row :48 - Parsing item.
08-22-2022 @ 10:54:21 - Row :48 - Processing item.
08-22-2022 @ 10:54:21 - Processing users.
08-22-2022 @ 10:54:23 - > &#8220;3699&#8221;User imported successfully. ID:3699
08-22-2022 @ 10:54:23 - > Finished importing user 3699
08-22-2022 @ 10:54:23 - Row :48 - User imported successfully.
08-22-2022 @ 10:54:23 - Row :49 - Parsing item.
08-22-2022 @ 10:54:23 - Row :49 - Processing item.
08-22-2022 @ 10:54:23 - Processing users.
08-22-2022 @ 10:54:25 - > &#8220;3700&#8221;User imported successfully. ID:3700
08-22-2022 @ 10:54:25 - > Finished importing user 3700
08-22-2022 @ 10:54:25 - Row :49 - User imported successfully.
08-22-2022 @ 10:54:25 - Row :50 - Parsing item.
08-22-2022 @ 10:54:25 - Row :50 - Processing item.
08-22-2022 @ 10:54:25 - Processing users.
08-22-2022 @ 10:54:28 - > &#8220;3701&#8221;User imported successfully. ID:3701
08-22-2022 @ 10:54:28 - > Finished importing user 3701
08-22-2022 @ 10:54:28 - Row :50 - User imported successfully.
08-22-2022 @ 10:54:28 - Row :51 - Parsing item.
08-22-2022 @ 10:54:28 - Row :51 - Processing item.
08-22-2022 @ 10:54:28 - Processing users.
08-22-2022 @ 10:54:30 - > &#8220;3702&#8221;User imported successfully. ID:3702
08-22-2022 @ 10:54:30 - > Finished importing user 3702
08-22-2022 @ 10:54:30 - Row :51 - User imported successfully.
08-22-2022 @ 10:54:30 - Row :52 - Parsing item.
08-22-2022 @ 10:54:30 - Row :52 - Processing item.
08-22-2022 @ 10:54:30 - Processing users.
08-22-2022 @ 10:54:33 - > &#8220;3703&#8221;User imported successfully. ID:3703
08-22-2022 @ 10:54:33 - > Finished importing user 3703
08-22-2022 @ 10:54:33 - Row :52 - User imported successfully.
08-22-2022 @ 10:54:33 - Row :53 - Parsing item.
08-22-2022 @ 10:54:33 - Row :53 - Processing item.
08-22-2022 @ 10:54:33 - Processing users.
08-22-2022 @ 10:54:35 - > &#8220;3704&#8221;User imported successfully. ID:3704
08-22-2022 @ 10:54:35 - > Finished importing user 3704
08-22-2022 @ 10:54:35 - Row :53 - User imported successfully.
08-22-2022 @ 10:54:35 - Row :54 - Parsing item.
08-22-2022 @ 10:54:35 - Row :54 - Processing item.
08-22-2022 @ 10:54:35 - Processing users.
08-22-2022 @ 10:54:38 - > &#8220;3705&#8221;User imported successfully. ID:3705
08-22-2022 @ 10:54:38 - > Finished importing user 3705
08-22-2022 @ 10:54:38 - Row :54 - User imported successfully.
08-22-2022 @ 10:54:38 - Row :55 - Parsing item.
08-22-2022 @ 10:54:38 - Row :55 - Processing item.
08-22-2022 @ 10:54:38 - Processing users.
08-22-2022 @ 10:54:40 - > &#8220;3706&#8221;User imported successfully. ID:3706
08-22-2022 @ 10:54:40 - > Finished importing user 3706
08-22-2022 @ 10:54:40 - Row :55 - User imported successfully.
08-22-2022 @ 10:54:40 - Row :56 - Parsing item.
08-22-2022 @ 10:54:40 - Row :56 - Processing item.
08-22-2022 @ 10:54:40 - Processing users.
08-22-2022 @ 10:54:43 - > &#8220;3707&#8221;User imported successfully. ID:3707
08-22-2022 @ 10:54:43 - > Finished importing user 3707
08-22-2022 @ 10:54:43 - Row :56 - User imported successfully.
08-22-2022 @ 10:54:43 - Row :57 - Parsing item.
08-22-2022 @ 10:54:43 - Row :57 - Processing item.
08-22-2022 @ 10:54:43 - Processing users.
08-22-2022 @ 10:54:45 - > &#8220;3708&#8221;User imported successfully. ID:3708
08-22-2022 @ 10:54:45 - > Finished importing user 3708
08-22-2022 @ 10:54:45 - Row :57 - User imported successfully.
08-22-2022 @ 10:54:45 - Row :58 - Parsing item.
08-22-2022 @ 10:54:45 - Row :58 - Processing item.
08-22-2022 @ 10:54:45 - Processing users.
08-22-2022 @ 10:54:48 - > &#8220;3709&#8221;User imported successfully. ID:3709
08-22-2022 @ 10:54:48 - > Finished importing user 3709
08-22-2022 @ 10:54:48 - Row :58 - User imported successfully.
08-22-2022 @ 10:54:48 - Row :59 - Parsing item.
08-22-2022 @ 10:54:48 - Row :59 - Processing item.
08-22-2022 @ 10:54:48 - Processing users.
08-22-2022 @ 10:54:50 - > &#8220;3710&#8221;User imported successfully. ID:3710
08-22-2022 @ 10:54:50 - > Finished importing user 3710
08-22-2022 @ 10:54:50 - Row :59 - User imported successfully.
08-22-2022 @ 10:54:50 - Row :60 - Parsing item.
08-22-2022 @ 10:54:50 - Row :60 - Processing item.
08-22-2022 @ 10:54:50 - Processing users.
08-22-2022 @ 10:54:53 - > &#8220;3711&#8221;User imported successfully. ID:3711
08-22-2022 @ 10:54:53 - > Finished importing user 3711
08-22-2022 @ 10:54:53 - Row :60 - User imported successfully.
08-22-2022 @ 10:54:54 - Preparing for import.
08-22-2022 @ 10:54:54 - Row :61 - Parsing item.
08-22-2022 @ 10:54:54 - Row :61 - Processing item.
08-22-2022 @ 10:54:54 - Processing users.
08-22-2022 @ 10:54:56 - > &#8220;3712&#8221;User imported successfully. ID:3712
08-22-2022 @ 10:54:56 - > Finished importing user 3712
08-22-2022 @ 10:54:56 - Row :61 - User imported successfully.
08-22-2022 @ 10:54:56 - Row :62 - Parsing item.
08-22-2022 @ 10:54:56 - Row :62 - Processing item.
08-22-2022 @ 10:54:56 - Processing users.
08-22-2022 @ 10:54:58 - > &#8220;3713&#8221;User imported successfully. ID:3713
08-22-2022 @ 10:54:58 - > Finished importing user 3713
08-22-2022 @ 10:54:58 - Row :62 - User imported successfully.
08-22-2022 @ 10:54:58 - Row :63 - Parsing item.
08-22-2022 @ 10:54:58 - Row :63 - Processing item.
08-22-2022 @ 10:54:58 - Processing users.
08-22-2022 @ 10:55:01 - > &#8220;3714&#8221;User imported successfully. ID:3714
08-22-2022 @ 10:55:01 - > Finished importing user 3714
08-22-2022 @ 10:55:01 - Row :63 - User imported successfully.
08-22-2022 @ 10:55:01 - Row :64 - Parsing item.
08-22-2022 @ 10:55:01 - Row :64 - Processing item.
08-22-2022 @ 10:55:01 - Processing users.
08-22-2022 @ 10:55:04 - > &#8220;3715&#8221;User imported successfully. ID:3715
08-22-2022 @ 10:55:04 - > Finished importing user 3715
08-22-2022 @ 10:55:04 - Row :64 - User imported successfully.
08-22-2022 @ 10:55:04 - Row :65 - Parsing item.
08-22-2022 @ 10:55:04 - Row :65 - Processing item.
08-22-2022 @ 10:55:04 - Processing users.
08-22-2022 @ 10:55:06 - > &#8220;3716&#8221;User imported successfully. ID:3716
08-22-2022 @ 10:55:06 - > Finished importing user 3716
08-22-2022 @ 10:55:06 - Row :65 - User imported successfully.
08-22-2022 @ 10:55:06 - Row :66 - Parsing item.
08-22-2022 @ 10:55:06 - Row :66 - Processing item.
08-22-2022 @ 10:55:06 - Processing users.
08-22-2022 @ 10:55:09 - > &#8220;3717&#8221;User imported successfully. ID:3717
08-22-2022 @ 10:55:09 - > Finished importing user 3717
08-22-2022 @ 10:55:09 - Row :66 - User imported successfully.
08-22-2022 @ 10:55:09 - Row :67 - Parsing item.
08-22-2022 @ 10:55:09 - Row :67 - Processing item.
08-22-2022 @ 10:55:09 - Processing users.
08-22-2022 @ 10:55:11 - > &#8220;3718&#8221;User imported successfully. ID:3718
08-22-2022 @ 10:55:11 - > Finished importing user 3718
08-22-2022 @ 10:55:11 - Row :67 - User imported successfully.
08-22-2022 @ 10:55:11 - Row :68 - Parsing item.
08-22-2022 @ 10:55:11 - Row :68 - Processing item.
08-22-2022 @ 10:55:11 - Processing users.
08-22-2022 @ 10:55:13 - > &#8220;3719&#8221;User imported successfully. ID:3719
08-22-2022 @ 10:55:13 - > Finished importing user 3719
08-22-2022 @ 10:55:13 - Row :68 - User imported successfully.
08-22-2022 @ 10:55:13 - Row :69 - Parsing item.
08-22-2022 @ 10:55:13 - Row :69 - Processing item.
08-22-2022 @ 10:55:13 - Processing users.
08-22-2022 @ 10:55:16 - > &#8220;3720&#8221;User imported successfully. ID:3720
08-22-2022 @ 10:55:16 - > Finished importing user 3720
08-22-2022 @ 10:55:16 - Row :69 - User imported successfully.
08-22-2022 @ 10:55:16 - Row :70 - Parsing item.
08-22-2022 @ 10:55:16 - Row :70 - Processing item.
08-22-2022 @ 10:55:16 - Processing users.
08-22-2022 @ 10:55:18 - > &#8220;3721&#8221;User imported successfully. ID:3721
08-22-2022 @ 10:55:18 - > Finished importing user 3721
08-22-2022 @ 10:55:18 - Row :70 - User imported successfully.
08-22-2022 @ 10:55:18 - Row :71 - Parsing item.
08-22-2022 @ 10:55:18 - Row :71 - Processing item.
08-22-2022 @ 10:55:18 - Processing users.
08-22-2022 @ 10:55:22 - > &#8220;3722&#8221;User imported successfully. ID:3722
08-22-2022 @ 10:55:22 - > Finished importing user 3722
08-22-2022 @ 10:55:22 - Row :71 - User imported successfully.
08-22-2022 @ 10:55:22 - Row :72 - Parsing item.
08-22-2022 @ 10:55:22 - Row :72 - Processing item.
08-22-2022 @ 10:55:22 - Processing users.
08-22-2022 @ 10:55:24 - > &#8220;3723&#8221;User imported successfully. ID:3723
08-22-2022 @ 10:55:24 - > Finished importing user 3723
08-22-2022 @ 10:55:24 - Row :72 - User imported successfully.
08-22-2022 @ 10:55:24 - Row :73 - Parsing item.
08-22-2022 @ 10:55:24 - Row :73 - Processing item.
08-22-2022 @ 10:55:24 - Processing users.
08-22-2022 @ 10:55:27 - > &#8220;3724&#8221;User imported successfully. ID:3724
08-22-2022 @ 10:55:27 - > Finished importing user 3724
08-22-2022 @ 10:55:27 - Row :73 - User imported successfully.
08-22-2022 @ 10:55:27 - Row :74 - Parsing item.
08-22-2022 @ 10:55:27 - Row :74 - Processing item.
08-22-2022 @ 10:55:27 - Processing users.
08-22-2022 @ 10:55:29 - > &#8220;3725&#8221;User imported successfully. ID:3725
08-22-2022 @ 10:55:29 - > Finished importing user 3725
08-22-2022 @ 10:55:29 - Row :74 - User imported successfully.
08-22-2022 @ 10:55:29 - Row :75 - Parsing item.
08-22-2022 @ 10:55:29 - Row :75 - Processing item.
08-22-2022 @ 10:55:29 - Processing users.
08-22-2022 @ 10:55:32 - > &#8220;3726&#8221;User imported successfully. ID:3726
08-22-2022 @ 10:55:32 - > Finished importing user 3726
08-22-2022 @ 10:55:32 - Row :75 - User imported successfully.
08-22-2022 @ 10:55:32 - Row :76 - Parsing item.
08-22-2022 @ 10:55:32 - Row :76 - Processing item.
08-22-2022 @ 10:55:32 - Processing users.
08-22-2022 @ 10:55:35 - > &#8220;3727&#8221;User imported successfully. ID:3727
08-22-2022 @ 10:55:35 - > Finished importing user 3727
08-22-2022 @ 10:55:35 - Row :76 - User imported successfully.
08-22-2022 @ 10:55:35 - Row :77 - Parsing item.
08-22-2022 @ 10:55:35 - Row :77 - Processing item.
08-22-2022 @ 10:55:35 - Processing users.
08-22-2022 @ 10:55:37 - > &#8220;3728&#8221;User imported successfully. ID:3728
08-22-2022 @ 10:55:37 - > Finished importing user 3728
08-22-2022 @ 10:55:37 - Row :77 - User imported successfully.
08-22-2022 @ 10:55:37 - Row :78 - Parsing item.
08-22-2022 @ 10:55:37 - Row :78 - Processing item.
08-22-2022 @ 10:55:37 - Processing users.
08-22-2022 @ 10:55:40 - > &#8220;3729&#8221;User imported successfully. ID:3729
08-22-2022 @ 10:55:40 - > Finished importing user 3729
08-22-2022 @ 10:55:40 - Row :78 - User imported successfully.
08-22-2022 @ 10:55:40 - Row :79 - Parsing item.
08-22-2022 @ 10:55:40 - Row :79 - Processing item.
08-22-2022 @ 10:55:40 - Processing users.
08-22-2022 @ 10:55:43 - > &#8220;3730&#8221;User imported successfully. ID:3730
08-22-2022 @ 10:55:43 - > Finished importing user 3730
08-22-2022 @ 10:55:43 - Row :79 - User imported successfully.
08-22-2022 @ 10:55:43 - Row :80 - Parsing item.
08-22-2022 @ 10:55:43 - Row :80 - Processing item.
08-22-2022 @ 10:55:43 - Processing users.
08-22-2022 @ 10:55:45 - > &#8220;3731&#8221;User imported successfully. ID:3731
08-22-2022 @ 10:55:45 - > Finished importing user 3731
08-22-2022 @ 10:55:45 - Row :80 - User imported successfully.
08-22-2022 @ 10:55:46 - Preparing for import.
08-22-2022 @ 10:55:46 - Row :81 - Parsing item.
08-22-2022 @ 10:55:46 - Row :81 - Processing item.
08-22-2022 @ 10:55:46 - Processing users.
08-22-2022 @ 10:55:48 - > &#8220;3732&#8221;User imported successfully. ID:3732
08-22-2022 @ 10:55:48 - > Finished importing user 3732
08-22-2022 @ 10:55:48 - Row :81 - User imported successfully.
08-22-2022 @ 10:55:48 - Row :82 - Parsing item.
08-22-2022 @ 10:55:48 - Row :82 - Processing item.
08-22-2022 @ 10:55:48 - Processing users.
08-22-2022 @ 10:55:51 - > &#8220;3733&#8221;User imported successfully. ID:3733
08-22-2022 @ 10:55:51 - > Finished importing user 3733
08-22-2022 @ 10:55:51 - Row :82 - User imported successfully.
08-22-2022 @ 10:55:51 - Row :83 - Parsing item.
08-22-2022 @ 10:55:51 - Row :83 - Processing item.
08-22-2022 @ 10:55:51 - Processing users.
08-22-2022 @ 10:55:54 - > &#8220;3734&#8221;User imported successfully. ID:3734
08-22-2022 @ 10:55:54 - > Finished importing user 3734
08-22-2022 @ 10:55:54 - Row :83 - User imported successfully.
08-22-2022 @ 10:55:54 - Row :84 - Parsing item.
08-22-2022 @ 10:55:54 - Row :84 - Processing item.
08-22-2022 @ 10:55:54 - Processing users.
08-22-2022 @ 10:55:56 - > &#8220;3735&#8221;User imported successfully. ID:3735
08-22-2022 @ 10:55:56 - > Finished importing user 3735
08-22-2022 @ 10:55:56 - Row :84 - User imported successfully.
08-22-2022 @ 10:55:56 - Row :85 - Parsing item.
08-22-2022 @ 10:55:56 - Row :85 - Processing item.
08-22-2022 @ 10:55:56 - Processing users.
08-22-2022 @ 10:55:59 - > &#8220;3736&#8221;User imported successfully. ID:3736
08-22-2022 @ 10:55:59 - > Finished importing user 3736
08-22-2022 @ 10:55:59 - Row :85 - User imported successfully.
08-22-2022 @ 10:55:59 - Row :86 - Parsing item.
08-22-2022 @ 10:55:59 - Row :86 - Processing item.
08-22-2022 @ 10:55:59 - Processing users.
08-22-2022 @ 10:56:01 - > &#8220;3737&#8221;User imported successfully. ID:3737
08-22-2022 @ 10:56:01 - > Finished importing user 3737
08-22-2022 @ 10:56:01 - Row :86 - User imported successfully.
08-22-2022 @ 10:56:01 - Row :87 - Parsing item.
08-22-2022 @ 10:56:01 - Row :87 - Processing item.
08-22-2022 @ 10:56:01 - Processing users.
08-22-2022 @ 10:56:04 - > &#8220;3738&#8221;User imported successfully. ID:3738
08-22-2022 @ 10:56:04 - > Finished importing user 3738
08-22-2022 @ 10:56:04 - Row :87 - User imported successfully.
08-22-2022 @ 10:56:04 - Row :88 - Parsing item.
08-22-2022 @ 10:56:04 - Row :88 - Processing item.
08-22-2022 @ 10:56:04 - Processing users.
08-22-2022 @ 10:56:07 - > &#8220;3739&#8221;User imported successfully. ID:3739
08-22-2022 @ 10:56:07 - > Finished importing user 3739
08-22-2022 @ 10:56:07 - Row :88 - User imported successfully.
08-22-2022 @ 10:56:07 - Row :89 - Parsing item.
08-22-2022 @ 10:56:07 - Row :89 - Processing item.
08-22-2022 @ 10:56:07 - Processing users.
08-22-2022 @ 10:56:09 - > &#8220;3740&#8221;User imported successfully. ID:3740
08-22-2022 @ 10:56:09 - > Finished importing user 3740
08-22-2022 @ 10:56:09 - Row :89 - User imported successfully.
08-22-2022 @ 10:56:09 - Row :90 - Parsing item.
08-22-2022 @ 10:56:09 - Row :90 - Processing item.
08-22-2022 @ 10:56:09 - Processing users.
08-22-2022 @ 10:56:12 - > &#8220;3741&#8221;User imported successfully. ID:3741
08-22-2022 @ 10:56:12 - > Finished importing user 3741
08-22-2022 @ 10:56:12 - Row :90 - User imported successfully.
08-22-2022 @ 10:56:12 - Row :91 - Parsing item.
08-22-2022 @ 10:56:12 - Row :91 - Processing item.
08-22-2022 @ 10:56:12 - Processing users.
08-22-2022 @ 10:56:14 - > &#8220;3742&#8221;User imported successfully. ID:3742
08-22-2022 @ 10:56:14 - > Finished importing user 3742
08-22-2022 @ 10:56:14 - Row :91 - User imported successfully.
08-22-2022 @ 10:56:14 - Row :92 - Parsing item.
08-22-2022 @ 10:56:14 - Row :92 - Processing item.
08-22-2022 @ 10:56:14 - Processing users.
08-22-2022 @ 10:56:17 - > &#8220;3743&#8221;User imported successfully. ID:3743
08-22-2022 @ 10:56:17 - > Finished importing user 3743
08-22-2022 @ 10:56:17 - Row :92 - User imported successfully.
08-22-2022 @ 10:56:17 - Row :93 - Parsing item.
08-22-2022 @ 10:56:17 - Row :93 - Processing item.
08-22-2022 @ 10:56:17 - Processing users.
08-22-2022 @ 10:56:19 - > &#8220;3744&#8221;User imported successfully. ID:3744
08-22-2022 @ 10:56:19 - > Finished importing user 3744
08-22-2022 @ 10:56:19 - Row :93 - User imported successfully.
08-22-2022 @ 10:56:19 - Row :94 - Parsing item.
08-22-2022 @ 10:56:19 - Row :94 - Processing item.
08-22-2022 @ 10:56:19 - Processing users.
08-22-2022 @ 10:56:22 - > &#8220;3745&#8221;User imported successfully. ID:3745
08-22-2022 @ 10:56:22 - > Finished importing user 3745
08-22-2022 @ 10:56:22 - Row :94 - User imported successfully.
08-22-2022 @ 10:56:22 - Row :95 - Parsing item.
08-22-2022 @ 10:56:22 - Row :95 - Processing item.
08-22-2022 @ 10:56:22 - Processing users.
08-22-2022 @ 10:56:24 - > &#8220;3746&#8221;User imported successfully. ID:3746
08-22-2022 @ 10:56:24 - > Finished importing user 3746
08-22-2022 @ 10:56:24 - Row :95 - User imported successfully.
08-22-2022 @ 10:56:24 - Row :96 - Parsing item.
08-22-2022 @ 10:56:24 - Row :96 - Processing item.
08-22-2022 @ 10:56:24 - Processing users.
08-22-2022 @ 10:56:27 - > &#8220;3747&#8221;User imported successfully. ID:3747
08-22-2022 @ 10:56:27 - > Finished importing user 3747
08-22-2022 @ 10:56:27 - Row :96 - User imported successfully.
08-22-2022 @ 10:56:27 - Row :97 - Parsing item.
08-22-2022 @ 10:56:27 - Row :97 - Processing item.
08-22-2022 @ 10:56:27 - Processing users.
08-22-2022 @ 10:56:30 - > &#8220;3748&#8221;User imported successfully. ID:3748
08-22-2022 @ 10:56:30 - > Finished importing user 3748
08-22-2022 @ 10:56:30 - Row :97 - User imported successfully.
08-22-2022 @ 10:56:30 - Row :98 - Parsing item.
08-22-2022 @ 10:56:30 - Row :98 - Processing item.
08-22-2022 @ 10:56:30 - Processing users.
08-22-2022 @ 10:56:33 - > &#8220;3749&#8221;User imported successfully. ID:3749
08-22-2022 @ 10:56:33 - > Finished importing user 3749
08-22-2022 @ 10:56:33 - Row :98 - User imported successfully.
08-22-2022 @ 10:56:33 - Row :99 - Parsing item.
08-22-2022 @ 10:56:33 - Row :99 - Processing item.
08-22-2022 @ 10:56:33 - Processing users.
08-22-2022 @ 10:56:35 - > &#8220;3750&#8221;User imported successfully. ID:3750
08-22-2022 @ 10:56:35 - > Finished importing user 3750
08-22-2022 @ 10:56:35 - Row :99 - User imported successfully.
08-22-2022 @ 10:56:35 - Row :100 - Parsing item.
08-22-2022 @ 10:56:35 - Row :100 - Processing item.
08-22-2022 @ 10:56:35 - Processing users.
08-22-2022 @ 10:56:37 - > &#8220;3751&#8221;User imported successfully. ID:3751
08-22-2022 @ 10:56:37 - > Finished importing user 3751
08-22-2022 @ 10:56:37 - Row :100 - User imported successfully.
08-22-2022 @ 10:56:38 - Preparing for import.
08-22-2022 @ 10:56:38 - Row :101 - Parsing item.
08-22-2022 @ 10:56:38 - Row :101 - Processing item.
08-22-2022 @ 10:56:38 - Processing users.
08-22-2022 @ 10:56:40 - > &#8220;3752&#8221;User imported successfully. ID:3752
08-22-2022 @ 10:56:40 - > Finished importing user 3752
08-22-2022 @ 10:56:40 - Row :101 - User imported successfully.
08-22-2022 @ 10:56:40 - Row :102 - Parsing item.
08-22-2022 @ 10:56:40 - Row :102 - Processing item.
08-22-2022 @ 10:56:40 - Processing users.
08-22-2022 @ 10:56:43 - > &#8220;3753&#8221;User imported successfully. ID:3753
08-22-2022 @ 10:56:43 - > Finished importing user 3753
08-22-2022 @ 10:56:43 - Row :102 - User imported successfully.
08-22-2022 @ 10:56:43 - Row :103 - Parsing item.
08-22-2022 @ 10:56:43 - Row :103 - Processing item.
08-22-2022 @ 10:56:43 - Processing users.
08-22-2022 @ 10:56:45 - > &#8220;3754&#8221;User imported successfully. ID:3754
08-22-2022 @ 10:56:45 - > Finished importing user 3754
08-22-2022 @ 10:56:45 - Row :103 - User imported successfully.
08-22-2022 @ 10:56:45 - Row :104 - Parsing item.
08-22-2022 @ 10:56:45 - Row :104 - Processing item.
08-22-2022 @ 10:56:45 - Processing users.
08-22-2022 @ 10:56:47 - > &#8220;3755&#8221;User imported successfully. ID:3755
08-22-2022 @ 10:56:47 - > Finished importing user 3755
08-22-2022 @ 10:56:47 - Row :104 - User imported successfully.
08-22-2022 @ 10:56:47 - Row :105 - Parsing item.
08-22-2022 @ 10:56:47 - Row :105 - Processing item.
08-22-2022 @ 10:56:47 - Processing users.
08-22-2022 @ 10:56:50 - > &#8220;3756&#8221;User imported successfully. ID:3756
08-22-2022 @ 10:56:50 - > Finished importing user 3756
08-22-2022 @ 10:56:50 - Row :105 - User imported successfully.
08-22-2022 @ 10:56:50 - Row :106 - Parsing item.
08-22-2022 @ 10:56:50 - Row :106 - Processing item.
08-22-2022 @ 10:56:50 - Processing users.
08-22-2022 @ 10:56:53 - > &#8220;3757&#8221;User imported successfully. ID:3757
08-22-2022 @ 10:56:53 - > Finished importing user 3757
08-22-2022 @ 10:56:53 - Row :106 - User imported successfully.
08-22-2022 @ 10:56:53 - Row :107 - Parsing item.
08-22-2022 @ 10:56:53 - Row :107 - Processing item.
08-22-2022 @ 10:56:53 - Processing users.
08-22-2022 @ 10:56:56 - > &#8220;3758&#8221;User imported successfully. ID:3758
08-22-2022 @ 10:56:56 - > Finished importing user 3758
08-22-2022 @ 10:56:56 - Row :107 - User imported successfully.
08-22-2022 @ 10:56:56 - Row :108 - Parsing item.
08-22-2022 @ 10:56:56 - Row :108 - Processing item.
08-22-2022 @ 10:56:56 - Processing users.
08-22-2022 @ 10:56:58 - > &#8220;3759&#8221;User imported successfully. ID:3759
08-22-2022 @ 10:56:58 - > Finished importing user 3759
08-22-2022 @ 10:56:58 - Row :108 - User imported successfully.
08-22-2022 @ 10:56:58 - Row :109 - Parsing item.
08-22-2022 @ 10:56:58 - Row :109 - Processing item.
08-22-2022 @ 10:56:58 - Processing users.
08-22-2022 @ 10:57:01 - > &#8220;3760&#8221;User imported successfully. ID:3760
08-22-2022 @ 10:57:01 - > Finished importing user 3760
08-22-2022 @ 10:57:01 - Row :109 - User imported successfully.
08-22-2022 @ 10:57:01 - Row :110 - Parsing item.
08-22-2022 @ 10:57:01 - Row :110 - Processing item.
08-22-2022 @ 10:57:01 - Processing users.
08-22-2022 @ 10:57:03 - > &#8220;3761&#8221;User imported successfully. ID:3761
08-22-2022 @ 10:57:03 - > Finished importing user 3761
08-22-2022 @ 10:57:03 - Row :110 - User imported successfully.
08-22-2022 @ 10:57:03 - Row :111 - Parsing item.
08-22-2022 @ 10:57:03 - Row :111 - Processing item.
08-22-2022 @ 10:57:03 - Processing users.
08-22-2022 @ 10:57:06 - > &#8220;3762&#8221;User imported successfully. ID:3762
08-22-2022 @ 10:57:06 - > Finished importing user 3762
08-22-2022 @ 10:57:06 - Row :111 - User imported successfully.
08-22-2022 @ 10:57:06 - Row :112 - Parsing item.
08-22-2022 @ 10:57:06 - Row :112 - Processing item.
08-22-2022 @ 10:57:06 - Processing users.
08-22-2022 @ 10:57:08 - > &#8220;3763&#8221;User imported successfully. ID:3763
08-22-2022 @ 10:57:08 - > Finished importing user 3763
08-22-2022 @ 10:57:08 - Row :112 - User imported successfully.
08-22-2022 @ 10:57:08 - Row :113 - Parsing item.
08-22-2022 @ 10:57:08 - Row :113 - Processing item.
08-22-2022 @ 10:57:08 - Processing users.
08-22-2022 @ 10:57:11 - > &#8220;3764&#8221;User imported successfully. ID:3764
08-22-2022 @ 10:57:11 - > Finished importing user 3764
08-22-2022 @ 10:57:11 - Row :113 - User imported successfully.
08-22-2022 @ 10:57:11 - Row :114 - Parsing item.
08-22-2022 @ 10:57:11 - Row :114 - Processing item.
08-22-2022 @ 10:57:11 - Processing users.
08-22-2022 @ 10:57:13 - > &#8220;3765&#8221;User imported successfully. ID:3765
08-22-2022 @ 10:57:13 - > Finished importing user 3765
08-22-2022 @ 10:57:13 - Row :114 - User imported successfully.
08-22-2022 @ 10:57:13 - Row :115 - Parsing item.
08-22-2022 @ 10:57:13 - Row :115 - Processing item.
08-22-2022 @ 10:57:13 - Processing users.
08-22-2022 @ 10:57:16 - > &#8220;3766&#8221;User imported successfully. ID:3766
08-22-2022 @ 10:57:16 - > Finished importing user 3766
08-22-2022 @ 10:57:16 - Row :115 - User imported successfully.
08-22-2022 @ 10:57:16 - Row :116 - Parsing item.
08-22-2022 @ 10:57:16 - Row :116 - Processing item.
08-22-2022 @ 10:57:16 - Processing users.
08-22-2022 @ 10:57:18 - > &#8220;3767&#8221;User imported successfully. ID:3767
08-22-2022 @ 10:57:18 - > Finished importing user 3767
08-22-2022 @ 10:57:18 - Row :116 - User imported successfully.
08-22-2022 @ 10:57:18 - Row :117 - Parsing item.
08-22-2022 @ 10:57:18 - Row :117 - Processing item.
08-22-2022 @ 10:57:18 - Processing users.
08-22-2022 @ 10:57:21 - > &#8220;3768&#8221;User imported successfully. ID:3768
08-22-2022 @ 10:57:21 - > Finished importing user 3768
08-22-2022 @ 10:57:21 - Row :117 - User imported successfully.
08-22-2022 @ 10:57:21 - Row :118 - Parsing item.
08-22-2022 @ 10:57:21 - Row :118 - Processing item.
08-22-2022 @ 10:57:21 - Processing users.
08-22-2022 @ 10:57:23 - > &#8220;3769&#8221;User imported successfully. ID:3769
08-22-2022 @ 10:57:23 - > Finished importing user 3769
08-22-2022 @ 10:57:23 - Row :118 - User imported successfully.
08-22-2022 @ 10:57:23 - Row :119 - Parsing item.
08-22-2022 @ 10:57:23 - Row :119 - Processing item.
08-22-2022 @ 10:57:23 - Processing users.
08-22-2022 @ 10:57:26 - > &#8220;3770&#8221;User imported successfully. ID:3770
08-22-2022 @ 10:57:26 - > Finished importing user 3770
08-22-2022 @ 10:57:26 - Row :119 - User imported successfully.
08-22-2022 @ 10:57:26 - Row :120 - Parsing item.
08-22-2022 @ 10:57:26 - Row :120 - Processing item.
08-22-2022 @ 10:57:26 - Processing users.
08-22-2022 @ 10:57:29 - > &#8220;3771&#8221;User imported successfully. ID:3771
08-22-2022 @ 10:57:29 - > Finished importing user 3771
08-22-2022 @ 10:57:29 - Row :120 - User imported successfully.
08-22-2022 @ 10:57:29 - Preparing for import.
08-22-2022 @ 10:57:29 - Row :121 - Parsing item.
08-22-2022 @ 10:57:29 - Row :121 - Processing item.
08-22-2022 @ 10:57:29 - Processing users.
08-22-2022 @ 10:57:32 - > &#8220;3772&#8221;User imported successfully. ID:3772
08-22-2022 @ 10:57:32 - > Finished importing user 3772
08-22-2022 @ 10:57:32 - Row :121 - User imported successfully.
08-22-2022 @ 10:57:32 - Row :122 - Parsing item.
08-22-2022 @ 10:57:32 - Row :122 - Processing item.
08-22-2022 @ 10:57:32 - Processing users.
08-22-2022 @ 10:57:34 - > &#8220;3773&#8221;User imported successfully. ID:3773
08-22-2022 @ 10:57:34 - > Finished importing user 3773
08-22-2022 @ 10:57:34 - Row :122 - User imported successfully.
08-22-2022 @ 10:57:34 - Row :123 - Parsing item.
08-22-2022 @ 10:57:34 - Row :123 - Processing item.
08-22-2022 @ 10:57:34 - Processing users.
08-22-2022 @ 10:57:37 - > &#8220;3774&#8221;User imported successfully. ID:3774
08-22-2022 @ 10:57:37 - > Finished importing user 3774
08-22-2022 @ 10:57:37 - Row :123 - User imported successfully.
08-22-2022 @ 10:57:37 - Row :124 - Parsing item.
08-22-2022 @ 10:57:37 - Row :124 - Processing item.
08-22-2022 @ 10:57:37 - Processing users.
08-22-2022 @ 10:57:39 - > &#8220;3775&#8221;User imported successfully. ID:3775
08-22-2022 @ 10:57:39 - > Finished importing user 3775
08-22-2022 @ 10:57:39 - Row :124 - User imported successfully.
08-22-2022 @ 10:57:39 - Row :125 - Parsing item.
08-22-2022 @ 10:57:39 - Row :125 - Processing item.
08-22-2022 @ 10:57:39 - Processing users.
08-22-2022 @ 10:57:42 - > &#8220;3776&#8221;User imported successfully. ID:3776
08-22-2022 @ 10:57:42 - > Finished importing user 3776
08-22-2022 @ 10:57:42 - Row :125 - User imported successfully.
08-22-2022 @ 10:57:42 - Row :126 - Parsing item.
08-22-2022 @ 10:57:42 - Row :126 - Processing item.
08-22-2022 @ 10:57:42 - Processing users.
08-22-2022 @ 10:57:45 - > &#8220;3777&#8221;User imported successfully. ID:3777
08-22-2022 @ 10:57:45 - > Finished importing user 3777
08-22-2022 @ 10:57:45 - Row :126 - User imported successfully.
08-22-2022 @ 10:57:45 - Row :127 - Parsing item.
08-22-2022 @ 10:57:45 - Row :127 - Processing item.
08-22-2022 @ 10:57:45 - Processing users.
08-22-2022 @ 10:57:48 - > &#8220;3778&#8221;User imported successfully. ID:3778
08-22-2022 @ 10:57:48 - > Finished importing user 3778
08-22-2022 @ 10:57:48 - Row :127 - User imported successfully.
08-22-2022 @ 10:57:48 - Row :128 - Parsing item.
08-22-2022 @ 10:57:48 - Row :128 - Processing item.
08-22-2022 @ 10:57:48 - Processing users.
08-22-2022 @ 10:57:50 - > &#8220;3779&#8221;User imported successfully. ID:3779
08-22-2022 @ 10:57:50 - > Finished importing user 3779
08-22-2022 @ 10:57:50 - Row :128 - User imported successfully.
08-22-2022 @ 10:57:50 - Row :129 - Parsing item.
08-22-2022 @ 10:57:50 - Row :129 - Processing item.
08-22-2022 @ 10:57:50 - Processing users.
08-22-2022 @ 10:57:53 - > &#8220;3780&#8221;User imported successfully. ID:3780
08-22-2022 @ 10:57:53 - > Finished importing user 3780
08-22-2022 @ 10:57:53 - Row :129 - User imported successfully.
08-22-2022 @ 10:57:53 - Row :130 - Parsing item.
08-22-2022 @ 10:57:53 - Row :130 - Processing item.
08-22-2022 @ 10:57:53 - Processing users.
08-22-2022 @ 10:57:56 - > &#8220;3781&#8221;User imported successfully. ID:3781
08-22-2022 @ 10:57:56 - > Finished importing user 3781
08-22-2022 @ 10:57:56 - Row :130 - User imported successfully.
08-22-2022 @ 10:57:56 - Row :131 - Parsing item.
08-22-2022 @ 10:57:56 - Row :131 - Processing item.
08-22-2022 @ 10:57:56 - Processing users.
08-22-2022 @ 10:57:59 - > &#8220;3782&#8221;User imported successfully. ID:3782
08-22-2022 @ 10:57:59 - > Finished importing user 3782
08-22-2022 @ 10:57:59 - Row :131 - User imported successfully.
08-22-2022 @ 10:57:59 - Row :132 - Parsing item.
08-22-2022 @ 10:57:59 - Row :132 - Processing item.
08-22-2022 @ 10:57:59 - Processing users.
08-22-2022 @ 10:58:01 - > &#8220;3783&#8221;User imported successfully. ID:3783
08-22-2022 @ 10:58:01 - > Finished importing user 3783
08-22-2022 @ 10:58:01 - Row :132 - User imported successfully.
08-22-2022 @ 10:58:01 - Row :133 - Parsing item.
08-22-2022 @ 10:58:01 - Row :133 - Processing item.
08-22-2022 @ 10:58:01 - Processing users.
08-22-2022 @ 10:58:04 - > &#8220;3784&#8221;User imported successfully. ID:3784
08-22-2022 @ 10:58:04 - > Finished importing user 3784
08-22-2022 @ 10:58:04 - Row :133 - User imported successfully.
08-22-2022 @ 10:58:04 - Row :134 - Parsing item.
08-22-2022 @ 10:58:04 - Row :134 - Processing item.
08-22-2022 @ 10:58:04 - Processing users.
08-22-2022 @ 10:58:07 - > &#8220;3785&#8221;User imported successfully. ID:3785
08-22-2022 @ 10:58:07 - > Finished importing user 3785
08-22-2022 @ 10:58:07 - Row :134 - User imported successfully.
08-22-2022 @ 10:58:07 - Row :135 - Parsing item.
08-22-2022 @ 10:58:07 - Row :135 - Processing item.
08-22-2022 @ 10:58:07 - Processing users.
08-22-2022 @ 10:58:09 - > &#8220;3786&#8221;User imported successfully. ID:3786
08-22-2022 @ 10:58:09 - > Finished importing user 3786
08-22-2022 @ 10:58:09 - Row :135 - User imported successfully.
08-22-2022 @ 10:58:09 - Row :136 - Parsing item.
08-22-2022 @ 10:58:09 - Row :136 - Processing item.
08-22-2022 @ 10:58:09 - Processing users.
08-22-2022 @ 10:58:12 - > &#8220;3787&#8221;User imported successfully. ID:3787
08-22-2022 @ 10:58:12 - > Finished importing user 3787
08-22-2022 @ 10:58:12 - Row :136 - User imported successfully.
08-22-2022 @ 10:58:12 - Row :137 - Parsing item.
08-22-2022 @ 10:58:12 - Row :137 - Processing item.
08-22-2022 @ 10:58:12 - Processing users.
08-22-2022 @ 10:58:14 - > &#8220;3788&#8221;User imported successfully. ID:3788
08-22-2022 @ 10:58:14 - > Finished importing user 3788
08-22-2022 @ 10:58:14 - Row :137 - User imported successfully.
08-22-2022 @ 10:58:14 - Row :138 - Parsing item.
08-22-2022 @ 10:58:14 - Row :138 - Processing item.
08-22-2022 @ 10:58:14 - Processing users.
08-22-2022 @ 10:58:17 - > &#8220;3789&#8221;User imported successfully. ID:3789
08-22-2022 @ 10:58:17 - > Finished importing user 3789
08-22-2022 @ 10:58:17 - Row :138 - User imported successfully.
08-22-2022 @ 10:58:17 - Row :139 - Parsing item.
08-22-2022 @ 10:58:17 - Row :139 - Processing item.
08-22-2022 @ 10:58:17 - Processing users.
08-22-2022 @ 10:58:19 - > &#8220;3790&#8221;User imported successfully. ID:3790
08-22-2022 @ 10:58:19 - > Finished importing user 3790
08-22-2022 @ 10:58:19 - Row :139 - User imported successfully.
08-22-2022 @ 10:58:19 - Row :140 - Parsing item.
08-22-2022 @ 10:58:19 - Row :140 - Processing item.
08-22-2022 @ 10:58:19 - Processing users.
08-22-2022 @ 10:58:24 - > &#8220;3791&#8221;User imported successfully. ID:3791
08-22-2022 @ 10:58:24 - > Finished importing user 3791
08-22-2022 @ 10:58:24 - Row :140 - User imported successfully.
08-22-2022 @ 10:58:25 - Preparing for import.
08-22-2022 @ 10:58:25 - Row :141 - Parsing item.
08-22-2022 @ 10:58:25 - Row :141 - Processing item.
08-22-2022 @ 10:58:25 - Processing users.
08-22-2022 @ 10:58:27 - > &#8220;3792&#8221;User imported successfully. ID:3792
08-22-2022 @ 10:58:27 - > Finished importing user 3792
08-22-2022 @ 10:58:27 - Row :141 - User imported successfully.
08-22-2022 @ 10:58:27 - Row :142 - Parsing item.
08-22-2022 @ 10:58:27 - Row :142 - Processing item.
08-22-2022 @ 10:58:27 - Processing users.
08-22-2022 @ 10:58:32 - > &#8220;3793&#8221;User imported successfully. ID:3793
08-22-2022 @ 10:58:32 - > Finished importing user 3793
08-22-2022 @ 10:58:32 - Row :142 - User imported successfully.
08-22-2022 @ 10:58:32 - Row :143 - Parsing item.
08-22-2022 @ 10:58:32 - Row :143 - Processing item.
08-22-2022 @ 10:58:32 - Processing users.
08-22-2022 @ 10:58:35 - > &#8220;3794&#8221;User imported successfully. ID:3794
08-22-2022 @ 10:58:35 - > Finished importing user 3794
08-22-2022 @ 10:58:35 - Row :143 - User imported successfully.
08-22-2022 @ 10:58:35 - Row :144 - Parsing item.
08-22-2022 @ 10:58:35 - Row :144 - Processing item.
08-22-2022 @ 10:58:35 - Processing users.
08-22-2022 @ 10:58:38 - > &#8220;3795&#8221;User imported successfully. ID:3795
08-22-2022 @ 10:58:38 - > Finished importing user 3795
08-22-2022 @ 10:58:38 - Row :144 - User imported successfully.
08-22-2022 @ 10:58:38 - Row :145 - Parsing item.
08-22-2022 @ 10:58:38 - Row :145 - Processing item.
08-22-2022 @ 10:58:38 - Processing users.
08-22-2022 @ 10:58:40 - > &#8220;3796&#8221;User imported successfully. ID:3796
08-22-2022 @ 10:58:40 - > Finished importing user 3796
08-22-2022 @ 10:58:40 - Row :145 - User imported successfully.
08-22-2022 @ 10:58:40 - Row :146 - Parsing item.
08-22-2022 @ 10:58:40 - Row :146 - Processing item.
08-22-2022 @ 10:58:40 - Processing users.
08-22-2022 @ 10:58:42 - > &#8220;3797&#8221;User imported successfully. ID:3797
08-22-2022 @ 10:58:42 - > Finished importing user 3797
08-22-2022 @ 10:58:42 - Row :146 - User imported successfully.
08-22-2022 @ 10:58:42 - Row :147 - Parsing item.
08-22-2022 @ 10:58:42 - Row :147 - Processing item.
08-22-2022 @ 10:58:42 - Processing users.
08-22-2022 @ 10:58:45 - > &#8220;3798&#8221;User imported successfully. ID:3798
08-22-2022 @ 10:58:45 - > Finished importing user 3798
08-22-2022 @ 10:58:45 - Row :147 - User imported successfully.
08-22-2022 @ 10:58:45 - Row :148 - Parsing item.
08-22-2022 @ 10:58:45 - Row :148 - Processing item.
08-22-2022 @ 10:58:45 - Processing users.
08-22-2022 @ 10:58:47 - > &#8220;3799&#8221;User imported successfully. ID:3799
08-22-2022 @ 10:58:47 - > Finished importing user 3799
08-22-2022 @ 10:58:47 - Row :148 - User imported successfully.
08-22-2022 @ 10:58:47 - Row :149 - Parsing item.
08-22-2022 @ 10:58:47 - Row :149 - Processing item.
08-22-2022 @ 10:58:47 - Processing users.
08-22-2022 @ 10:58:50 - > &#8220;3800&#8221;User imported successfully. ID:3800
08-22-2022 @ 10:58:50 - > Finished importing user 3800
08-22-2022 @ 10:58:50 - Row :149 - User imported successfully.
08-22-2022 @ 10:58:50 - Row :150 - Parsing item.
08-22-2022 @ 10:58:50 - Row :150 - Processing item.
08-22-2022 @ 10:58:50 - Processing users.
08-22-2022 @ 10:58:53 - > &#8220;3801&#8221;User imported successfully. ID:3801
08-22-2022 @ 10:58:53 - > Finished importing user 3801
08-22-2022 @ 10:58:53 - Row :150 - User imported successfully.
08-22-2022 @ 10:58:53 - Row :151 - Parsing item.
08-22-2022 @ 10:58:53 - Row :151 - Processing item.
08-22-2022 @ 10:58:53 - Processing users.
08-22-2022 @ 10:58:55 - > &#8220;3802&#8221;User imported successfully. ID:3802
08-22-2022 @ 10:58:55 - > Finished importing user 3802
08-22-2022 @ 10:58:55 - Row :151 - User imported successfully.
08-22-2022 @ 10:58:55 - Row :152 - Parsing item.
08-22-2022 @ 10:58:55 - Row :152 - Processing item.
08-22-2022 @ 10:58:55 - Processing users.
08-22-2022 @ 10:58:58 - > &#8220;3803&#8221;User imported successfully. ID:3803
08-22-2022 @ 10:58:58 - > Finished importing user 3803
08-22-2022 @ 10:58:58 - Row :152 - User imported successfully.
08-22-2022 @ 10:58:58 - Row :153 - Parsing item.
08-22-2022 @ 10:58:58 - Row :153 - Processing item.
08-22-2022 @ 10:58:58 - Processing users.
08-22-2022 @ 10:59:01 - > &#8220;3804&#8221;User imported successfully. ID:3804
08-22-2022 @ 10:59:01 - > Finished importing user 3804
08-22-2022 @ 10:59:01 - Row :153 - User imported successfully.
08-22-2022 @ 10:59:01 - Row :154 - Parsing item.
08-22-2022 @ 10:59:01 - Row :154 - Processing item.
08-22-2022 @ 10:59:01 - Processing users.
08-22-2022 @ 10:59:10 - > &#8220;3805&#8221;User imported successfully. ID:3805
08-22-2022 @ 10:59:10 - > Finished importing user 3805
08-22-2022 @ 10:59:10 - Row :154 - User imported successfully.
08-22-2022 @ 10:59:10 - Row :155 - Parsing item.
08-22-2022 @ 10:59:10 - Row :155 - Processing item.
08-22-2022 @ 10:59:10 - Processing users.
08-22-2022 @ 10:59:13 - > &#8220;3806&#8221;User imported successfully. ID:3806
08-22-2022 @ 10:59:13 - > Finished importing user 3806
08-22-2022 @ 10:59:13 - Row :155 - User imported successfully.
08-22-2022 @ 10:59:13 - Row :156 - Parsing item.
08-22-2022 @ 10:59:13 - Row :156 - Processing item.
08-22-2022 @ 10:59:13 - Processing users.
08-22-2022 @ 10:59:15 - > &#8220;3807&#8221;User imported successfully. ID:3807
08-22-2022 @ 10:59:15 - > Finished importing user 3807
08-22-2022 @ 10:59:15 - Row :156 - User imported successfully.
08-22-2022 @ 10:59:15 - Row :157 - Parsing item.
08-22-2022 @ 10:59:15 - Row :157 - Processing item.
08-22-2022 @ 10:59:15 - Processing users.
08-22-2022 @ 10:59:18 - > &#8220;3808&#8221;User imported successfully. ID:3808
08-22-2022 @ 10:59:18 - > Finished importing user 3808
08-22-2022 @ 10:59:18 - Row :157 - User imported successfully.
08-22-2022 @ 10:59:18 - Row :158 - Parsing item.
08-22-2022 @ 10:59:18 - Row :158 - Processing item.
08-22-2022 @ 10:59:18 - Processing users.
08-22-2022 @ 10:59:20 - > &#8220;3809&#8221;User imported successfully. ID:3809
08-22-2022 @ 10:59:20 - > Finished importing user 3809
08-22-2022 @ 10:59:20 - Row :158 - User imported successfully.
08-22-2022 @ 10:59:20 - Row :159 - Parsing item.
08-22-2022 @ 10:59:20 - Row :159 - Processing item.
08-22-2022 @ 10:59:20 - Processing users.
08-22-2022 @ 10:59:23 - > &#8220;3810&#8221;User imported successfully. ID:3810
08-22-2022 @ 10:59:23 - > Finished importing user 3810
08-22-2022 @ 10:59:23 - Row :159 - User imported successfully.
08-22-2022 @ 10:59:23 - Row :160 - Parsing item.
08-22-2022 @ 10:59:23 - Row :160 - Processing item.
08-22-2022 @ 10:59:23 - Processing users.
08-22-2022 @ 10:59:25 - > &#8220;3811&#8221;User imported successfully. ID:3811
08-22-2022 @ 10:59:25 - > Finished importing user 3811
08-22-2022 @ 10:59:25 - Row :160 - User imported successfully.
