08-17-2022 @ 06:31:08 - ---[ New import started at 2022-08-17 06:31:08 ] PHP Memory: 256 MB, WP Memory: 40 MB
08-17-2022 @ 06:31:08 - Preparing for import.
08-17-2022 @ 06:31:08 - Row :1 - Parsing item.
08-17-2022 @ 06:31:08 - Row :1 - Processing item.
08-17-2022 @ 06:31:08 - Processing users.
08-17-2022 @ 06:31:11 - > &#8220;52&#8221;User imported successfully. ID:52
08-17-2022 @ 06:31:11 - > Finished importing user 52
08-17-2022 @ 06:31:11 - Row :1 - User imported successfully.
08-17-2022 @ 06:31:11 - Row :2 - Parsing item.
08-17-2022 @ 06:31:11 - Row :2 - Processing item.
08-17-2022 @ 06:31:11 - Processing users.
08-17-2022 @ 06:31:16 - > &#8220;54&#8221;User imported successfully. ID:54
08-17-2022 @ 06:31:16 - > Finished importing user 54
08-17-2022 @ 06:31:16 - Row :2 - User imported successfully.
08-17-2022 @ 06:31:16 - Row :3 - Parsing item.
08-17-2022 @ 06:31:16 - Row :3 - Processing item.
08-17-2022 @ 06:31:16 - Processing users.
08-17-2022 @ 06:31:19 - > &#8220;56&#8221;User imported successfully. ID:56
08-17-2022 @ 06:31:19 - > Finished importing user 56
08-17-2022 @ 06:31:19 - Row :3 - User imported successfully.
08-17-2022 @ 06:31:19 - Row :4 - Parsing item.
08-17-2022 @ 06:31:19 - Row :4 - Processing item.
08-17-2022 @ 06:31:19 - Processing users.
08-17-2022 @ 06:31:23 - > &#8220;58&#8221;User imported successfully. ID:58
08-17-2022 @ 06:31:23 - > Finished importing user 58
08-17-2022 @ 06:31:23 - Row :4 - User imported successfully.
08-17-2022 @ 06:31:23 - Row :5 - Parsing item.
08-17-2022 @ 06:31:23 - Row :5 - Processing item.
08-17-2022 @ 06:31:23 - Processing users.
08-17-2022 @ 06:31:27 - > &#8220;60&#8221;User imported successfully. ID:60
08-17-2022 @ 06:31:27 - > Finished importing user 60
08-17-2022 @ 06:31:27 - Row :5 - User imported successfully.
08-17-2022 @ 06:31:27 - Row :6 - Parsing item.
08-17-2022 @ 06:31:27 - Row :6 - Processing item.
08-17-2022 @ 06:31:27 - Processing users.
08-17-2022 @ 06:31:30 - > &#8220;62&#8221;User imported successfully. ID:62
08-17-2022 @ 06:31:30 - > Finished importing user 62
08-17-2022 @ 06:31:30 - Row :6 - User imported successfully.
08-17-2022 @ 06:31:30 - Row :7 - Parsing item.
08-17-2022 @ 06:31:30 - Row :7 - Processing item.
08-17-2022 @ 06:31:30 - Processing users.
08-17-2022 @ 06:31:33 - > &#8220;64&#8221;User imported successfully. ID:64
08-17-2022 @ 06:31:33 - > Finished importing user 64
08-17-2022 @ 06:31:33 - Row :7 - User imported successfully.
08-17-2022 @ 06:31:33 - Row :8 - Parsing item.
08-17-2022 @ 06:31:33 - Row :8 - Processing item.
08-17-2022 @ 06:31:33 - Processing users.
08-17-2022 @ 06:31:37 - > &#8220;66&#8221;User imported successfully. ID:66
08-17-2022 @ 06:31:37 - > Finished importing user 66
08-17-2022 @ 06:31:37 - Row :8 - User imported successfully.
08-17-2022 @ 06:31:37 - Row :9 - Parsing item.
08-17-2022 @ 06:31:37 - Row :9 - Processing item.
08-17-2022 @ 06:31:37 - Processing users.
08-17-2022 @ 06:31:40 - > &#8220;68&#8221;User imported successfully. ID:68
08-17-2022 @ 06:31:40 - > Finished importing user 68
08-17-2022 @ 06:31:40 - Row :9 - User imported successfully.
08-17-2022 @ 06:31:40 - Row :10 - Parsing item.
08-17-2022 @ 06:31:40 - Row :10 - Processing item.
08-17-2022 @ 06:31:40 - Processing users.
08-17-2022 @ 06:31:44 - > &#8220;70&#8221;User imported successfully. ID:70
08-17-2022 @ 06:31:44 - > Finished importing user 70
08-17-2022 @ 06:31:44 - Row :10 - User imported successfully.
08-17-2022 @ 06:31:44 - Row :11 - Parsing item.
08-17-2022 @ 06:31:44 - Row :11 - Processing item.
08-17-2022 @ 06:31:44 - Processing users.
08-17-2022 @ 06:31:47 - > &#8220;72&#8221;User imported successfully. ID:72
08-17-2022 @ 06:31:47 - > Finished importing user 72
08-17-2022 @ 06:31:47 - Row :11 - User imported successfully.
08-17-2022 @ 06:31:47 - Row :12 - Parsing item.
08-17-2022 @ 06:31:47 - Row :12 - Processing item.
08-17-2022 @ 06:31:47 - Processing users.
08-17-2022 @ 06:31:51 - > &#8220;74&#8221;User imported successfully. ID:74
08-17-2022 @ 06:31:51 - > Finished importing user 74
08-17-2022 @ 06:31:51 - Row :12 - User imported successfully.
08-17-2022 @ 06:31:51 - Row :13 - Parsing item.
08-17-2022 @ 06:31:51 - Row :13 - Processing item.
08-17-2022 @ 06:31:51 - Processing users.
08-17-2022 @ 06:31:55 - > &#8220;76&#8221;User imported successfully. ID:76
08-17-2022 @ 06:31:55 - > Finished importing user 76
08-17-2022 @ 06:31:55 - Row :13 - User imported successfully.
08-17-2022 @ 06:31:55 - Row :14 - Parsing item.
08-17-2022 @ 06:31:55 - Row :14 - Processing item.
08-17-2022 @ 06:31:55 - Processing users.
08-17-2022 @ 06:31:59 - > &#8220;78&#8221;User imported successfully. ID:78
08-17-2022 @ 06:31:59 - > Finished importing user 78
08-17-2022 @ 06:31:59 - Row :14 - User imported successfully.
08-17-2022 @ 06:31:59 - Row :15 - Parsing item.
08-17-2022 @ 06:31:59 - Row :15 - Processing item.
08-17-2022 @ 06:31:59 - Processing users.
08-17-2022 @ 06:32:02 - > &#8220;81&#8221;User imported successfully. ID:81
08-17-2022 @ 06:32:02 - > Finished importing user 81
08-17-2022 @ 06:32:02 - Row :15 - User imported successfully.
08-17-2022 @ 06:32:02 - Row :16 - Parsing item.
08-17-2022 @ 06:32:02 - Row :16 - Processing item.
08-17-2022 @ 06:32:02 - Processing users.
08-17-2022 @ 06:32:06 - > &#8220;83&#8221;User imported successfully. ID:83
08-17-2022 @ 06:32:06 - > Finished importing user 83
08-17-2022 @ 06:32:06 - Row :16 - User imported successfully.
08-17-2022 @ 06:32:06 - Row :17 - Parsing item.
08-17-2022 @ 06:32:06 - Row :17 - Processing item.
08-17-2022 @ 06:32:06 - Processing users.
08-17-2022 @ 06:32:09 - > &#8220;84&#8221;User imported successfully. ID:84
08-17-2022 @ 06:32:09 - > Finished importing user 84
08-17-2022 @ 06:32:09 - Row :17 - User imported successfully.
08-17-2022 @ 06:32:09 - Row :18 - Parsing item.
08-17-2022 @ 06:32:09 - Row :18 - Processing item.
08-17-2022 @ 06:32:09 - Processing users.
08-17-2022 @ 06:32:12 - > &#8220;86&#8221;User imported successfully. ID:86
08-17-2022 @ 06:32:12 - > Finished importing user 86
08-17-2022 @ 06:32:12 - Row :18 - User imported successfully.
08-17-2022 @ 06:32:12 - Row :19 - Parsing item.
08-17-2022 @ 06:32:12 - Row :19 - Processing item.
08-17-2022 @ 06:32:12 - Processing users.
08-17-2022 @ 06:32:16 - > &#8220;88&#8221;User imported successfully. ID:88
08-17-2022 @ 06:32:16 - > Finished importing user 88
08-17-2022 @ 06:32:16 - Row :19 - User imported successfully.
08-17-2022 @ 06:32:16 - Row :20 - Parsing item.
08-17-2022 @ 06:32:16 - Row :20 - Processing item.
08-17-2022 @ 06:32:16 - Processing users.
08-17-2022 @ 06:32:19 - > &#8220;91&#8221;User imported successfully. ID:91
08-17-2022 @ 06:32:19 - > Finished importing user 91
08-17-2022 @ 06:32:19 - Row :20 - User imported successfully.
08-17-2022 @ 06:32:19 - Row :21 - Parsing item.
08-17-2022 @ 06:32:19 - Row :21 - Processing item.
08-17-2022 @ 06:32:19 - Processing users.
08-17-2022 @ 06:32:23 - > &#8220;93&#8221;User imported successfully. ID:93
08-17-2022 @ 06:32:23 - > Finished importing user 93
08-17-2022 @ 06:32:23 - Row :21 - User imported successfully.
08-17-2022 @ 06:32:23 - Row :22 - Parsing item.
08-17-2022 @ 06:32:23 - Row :22 - Processing item.
08-17-2022 @ 06:32:23 - Processing users.
08-17-2022 @ 06:32:28 - > &#8220;95&#8221;User imported successfully. ID:95
08-17-2022 @ 06:32:28 - > Finished importing user 95
08-17-2022 @ 06:32:28 - Row :22 - User imported successfully.
08-17-2022 @ 06:32:28 - Row :23 - Parsing item.
08-17-2022 @ 06:32:28 - Row :23 - Processing item.
08-17-2022 @ 06:32:28 - Processing users.
08-17-2022 @ 06:32:32 - > &#8220;96&#8221;User imported successfully. ID:96
08-17-2022 @ 06:32:32 - > Finished importing user 96
08-17-2022 @ 06:32:32 - Row :23 - User imported successfully.
08-17-2022 @ 06:32:32 - Row :24 - Parsing item.
08-17-2022 @ 06:32:32 - Row :24 - Processing item.
08-17-2022 @ 06:32:32 - Processing users.
08-17-2022 @ 06:32:36 - > &#8220;98&#8221;User imported successfully. ID:98
08-17-2022 @ 06:32:36 - > Finished importing user 98
08-17-2022 @ 06:32:36 - Row :24 - User imported successfully.
08-17-2022 @ 06:32:36 - Row :25 - Parsing item.
08-17-2022 @ 06:32:36 - Row :25 - Processing item.
08-17-2022 @ 06:32:36 - Processing users.
08-17-2022 @ 06:32:40 - > &#8220;101&#8221;User imported successfully. ID:101
08-17-2022 @ 06:32:40 - > Finished importing user 101
08-17-2022 @ 06:32:40 - Row :25 - User imported successfully.
08-17-2022 @ 06:32:40 - Row :26 - Parsing item.
08-17-2022 @ 06:32:40 - Row :26 - Processing item.
08-17-2022 @ 06:32:40 - Processing users.
08-17-2022 @ 06:32:43 - > &#8220;102&#8221;User imported successfully. ID:102
08-17-2022 @ 06:32:43 - > Finished importing user 102
08-17-2022 @ 06:32:43 - Row :26 - User imported successfully.
08-17-2022 @ 06:32:43 - Row :27 - Parsing item.
08-17-2022 @ 06:32:43 - Row :27 - Processing item.
08-17-2022 @ 06:32:43 - Processing users.
08-17-2022 @ 06:32:46 - > &#8220;104&#8221;User imported successfully. ID:104
08-17-2022 @ 06:32:46 - > Finished importing user 104
08-17-2022 @ 06:32:46 - Row :27 - User imported successfully.
08-17-2022 @ 06:32:46 - Row :28 - Parsing item.
08-17-2022 @ 06:32:46 - Row :28 - Processing item.
08-17-2022 @ 06:32:46 - Processing users.
08-17-2022 @ 06:32:50 - > &#8220;106&#8221;User imported successfully. ID:106
08-17-2022 @ 06:32:50 - > Finished importing user 106
08-17-2022 @ 06:32:50 - Row :28 - User imported successfully.
08-17-2022 @ 06:32:50 - Row :29 - Parsing item.
08-17-2022 @ 06:32:50 - Row :29 - Processing item.
08-17-2022 @ 06:32:50 - Processing users.
08-17-2022 @ 06:32:54 - > &#8220;108&#8221;User imported successfully. ID:108
08-17-2022 @ 06:32:54 - > Finished importing user 108
08-17-2022 @ 06:32:54 - Row :29 - User imported successfully.
08-17-2022 @ 06:32:54 - Row :30 - Parsing item.
08-17-2022 @ 06:32:54 - Row :30 - Processing item.
08-17-2022 @ 06:32:54 - Processing users.
08-17-2022 @ 06:32:57 - > &#8220;110&#8221;User imported successfully. ID:110
08-17-2022 @ 06:32:57 - > Finished importing user 110
08-17-2022 @ 06:32:57 - Row :30 - User imported successfully.
08-17-2022 @ 06:32:57 - Row :31 - Parsing item.
08-17-2022 @ 06:32:57 - Row :31 - Processing item.
08-17-2022 @ 06:32:57 - Processing users.
08-17-2022 @ 06:33:01 - > &#8220;112&#8221;User imported successfully. ID:112
08-17-2022 @ 06:33:01 - > Finished importing user 112
08-17-2022 @ 06:33:01 - Row :31 - User imported successfully.
08-17-2022 @ 06:33:01 - Row :32 - Parsing item.
08-17-2022 @ 06:33:01 - Row :32 - Processing item.
08-17-2022 @ 06:33:01 - Processing users.
08-17-2022 @ 06:33:04 - > &#8220;115&#8221;User imported successfully. ID:115
08-17-2022 @ 06:33:04 - > Finished importing user 115
08-17-2022 @ 06:33:04 - Row :32 - User imported successfully.
08-17-2022 @ 06:33:04 - Row :33 - Parsing item.
08-17-2022 @ 06:33:04 - Row :33 - Processing item.
08-17-2022 @ 06:33:04 - Processing users.
08-17-2022 @ 06:33:08 - > &#8220;117&#8221;User imported successfully. ID:117
08-17-2022 @ 06:33:08 - > Finished importing user 117
08-17-2022 @ 06:33:08 - Row :33 - User imported successfully.
08-17-2022 @ 06:33:08 - Row :34 - Parsing item.
08-17-2022 @ 06:33:08 - Row :34 - Processing item.
08-17-2022 @ 06:33:08 - Processing users.
08-17-2022 @ 06:33:11 - > &#8220;118&#8221;User imported successfully. ID:118
08-17-2022 @ 06:33:11 - > Finished importing user 118
08-17-2022 @ 06:33:11 - Row :34 - User imported successfully.
08-17-2022 @ 06:33:11 - Row :35 - Parsing item.
08-17-2022 @ 06:33:11 - Row :35 - Processing item.
08-17-2022 @ 06:33:11 - Processing users.
08-17-2022 @ 06:33:14 - > &#8220;120&#8221;User imported successfully. ID:120
08-17-2022 @ 06:33:14 - > Finished importing user 120
08-17-2022 @ 06:33:14 - Row :35 - User imported successfully.
08-17-2022 @ 06:33:14 - Row :36 - Parsing item.
08-17-2022 @ 06:33:14 - Row :36 - Processing item.
08-17-2022 @ 06:33:14 - Processing users.
08-17-2022 @ 06:33:18 - > &#8220;123&#8221;User imported successfully. ID:123
08-17-2022 @ 06:33:18 - > Finished importing user 123
08-17-2022 @ 06:33:18 - Row :36 - User imported successfully.
08-17-2022 @ 06:33:18 - Row :37 - Parsing item.
08-17-2022 @ 06:33:18 - Row :37 - Processing item.
08-17-2022 @ 06:33:18 - Processing users.
08-17-2022 @ 06:33:21 - > &#8220;124&#8221;User imported successfully. ID:124
08-17-2022 @ 06:33:21 - > Finished importing user 124
08-17-2022 @ 06:33:21 - Row :37 - User imported successfully.
08-17-2022 @ 06:33:21 - Row :38 - Parsing item.
08-17-2022 @ 06:33:21 - Row :38 - Processing item.
08-17-2022 @ 06:33:21 - Processing users.
08-17-2022 @ 06:33:25 - > &#8220;126&#8221;User imported successfully. ID:126
08-17-2022 @ 06:33:25 - > Finished importing user 126
08-17-2022 @ 06:33:25 - Row :38 - User imported successfully.
08-17-2022 @ 06:33:25 - Row :39 - Parsing item.
08-17-2022 @ 06:33:25 - Row :39 - Processing item.
08-17-2022 @ 06:33:25 - Processing users.
08-17-2022 @ 06:33:29 - > &#8220;128&#8221;User imported successfully. ID:128
08-17-2022 @ 06:33:29 - > Finished importing user 128
08-17-2022 @ 06:33:29 - Row :39 - User imported successfully.
08-17-2022 @ 06:33:29 - Row :40 - Parsing item.
08-17-2022 @ 06:33:29 - Row :40 - Processing item.
08-17-2022 @ 06:33:29 - Processing users.
08-17-2022 @ 06:33:32 - > &#8220;131&#8221;User imported successfully. ID:131
08-17-2022 @ 06:33:32 - > Finished importing user 131
08-17-2022 @ 06:33:32 - Row :40 - User imported successfully.
08-17-2022 @ 06:33:32 - Row :41 - Parsing item.
08-17-2022 @ 06:33:32 - Row :41 - Processing item.
08-17-2022 @ 06:33:32 - Processing users.
08-17-2022 @ 06:33:35 - > &#8220;133&#8221;User imported successfully. ID:133
08-17-2022 @ 06:33:35 - > Finished importing user 133
08-17-2022 @ 06:33:35 - Row :41 - User imported successfully.
08-17-2022 @ 06:33:35 - Row :42 - Parsing item.
08-17-2022 @ 06:33:35 - Row :42 - Processing item.
08-17-2022 @ 06:33:35 - Processing users.
08-17-2022 @ 06:33:38 - > &#8220;134&#8221;User imported successfully. ID:134
08-17-2022 @ 06:33:38 - > Finished importing user 134
08-17-2022 @ 06:33:38 - Row :42 - User imported successfully.
08-17-2022 @ 06:33:38 - Row :43 - Parsing item.
08-17-2022 @ 06:33:38 - Row :43 - Processing item.
08-17-2022 @ 06:33:38 - Processing users.
08-17-2022 @ 06:33:42 - > &#8220;136&#8221;User imported successfully. ID:136
08-17-2022 @ 06:33:42 - > Finished importing user 136
08-17-2022 @ 06:33:42 - Row :43 - User imported successfully.
08-17-2022 @ 06:33:42 - Row :44 - Parsing item.
08-17-2022 @ 06:33:42 - Row :44 - Processing item.
08-17-2022 @ 06:33:42 - Processing users.
08-17-2022 @ 06:33:45 - > &#8220;138&#8221;User imported successfully. ID:138
08-17-2022 @ 06:33:45 - > Finished importing user 138
08-17-2022 @ 06:33:45 - Row :44 - User imported successfully.
08-17-2022 @ 06:33:45 - Row :45 - Parsing item.
08-17-2022 @ 06:33:45 - Row :45 - Processing item.
08-17-2022 @ 06:33:45 - Processing users.
08-17-2022 @ 06:33:48 - > &#8220;140&#8221;User imported successfully. ID:140
08-17-2022 @ 06:33:48 - > Finished importing user 140
08-17-2022 @ 06:33:48 - Row :45 - User imported successfully.
08-17-2022 @ 06:33:48 - Row :46 - Parsing item.
08-17-2022 @ 06:33:48 - Row :46 - Processing item.
08-17-2022 @ 06:33:48 - Processing users.
08-17-2022 @ 06:33:52 - > &#8220;143&#8221;User imported successfully. ID:143
08-17-2022 @ 06:33:52 - > Finished importing user 143
08-17-2022 @ 06:33:52 - Row :46 - User imported successfully.
08-17-2022 @ 06:33:52 - Row :47 - Parsing item.
08-17-2022 @ 06:33:52 - Row :47 - Processing item.
08-17-2022 @ 06:33:52 - Processing users.
08-17-2022 @ 06:33:55 - > &#8220;144&#8221;User imported successfully. ID:144
08-17-2022 @ 06:33:55 - > Finished importing user 144
08-17-2022 @ 06:33:55 - Row :47 - User imported successfully.
08-17-2022 @ 06:33:55 - Row :48 - Parsing item.
08-17-2022 @ 06:33:55 - Row :48 - Processing item.
08-17-2022 @ 06:33:55 - Processing users.
08-17-2022 @ 06:33:59 - > &#8220;146&#8221;User imported successfully. ID:146
08-17-2022 @ 06:33:59 - > Finished importing user 146
08-17-2022 @ 06:33:59 - Row :48 - User imported successfully.
08-17-2022 @ 06:33:59 - Row :49 - Parsing item.
08-17-2022 @ 06:33:59 - Row :49 - Processing item.
08-17-2022 @ 06:33:59 - Processing users.
08-17-2022 @ 06:34:02 - > &#8220;149&#8221;User imported successfully. ID:149
08-17-2022 @ 06:34:02 - > Finished importing user 149
08-17-2022 @ 06:34:02 - Row :49 - User imported successfully.
08-17-2022 @ 06:34:02 - Row :50 - Parsing item.
08-17-2022 @ 06:34:02 - Row :50 - Processing item.
08-17-2022 @ 06:34:02 - Processing users.
08-17-2022 @ 06:34:06 - > &#8220;151&#8221;User imported successfully. ID:151
08-17-2022 @ 06:34:06 - > Finished importing user 151
08-17-2022 @ 06:34:06 - Row :50 - User imported successfully.
08-17-2022 @ 06:34:06 - Row :51 - Parsing item.
08-17-2022 @ 06:34:06 - Row :51 - Processing item.
08-17-2022 @ 06:34:06 - Processing users.
08-17-2022 @ 06:34:09 - > &#8220;153&#8221;User imported successfully. ID:153
08-17-2022 @ 06:34:09 - > Finished importing user 153
08-17-2022 @ 06:34:09 - Row :51 - User imported successfully.
08-17-2022 @ 06:34:09 - Row :52 - Parsing item.
08-17-2022 @ 06:34:09 - Row :52 - Processing item.
08-17-2022 @ 06:34:09 - Processing users.
08-17-2022 @ 06:34:12 - > &#8220;155&#8221;User imported successfully. ID:155
08-17-2022 @ 06:34:12 - > Finished importing user 155
08-17-2022 @ 06:34:12 - Row :52 - User imported successfully.
08-17-2022 @ 06:34:12 - Row :53 - Parsing item.
08-17-2022 @ 06:34:12 - Row :53 - Processing item.
08-17-2022 @ 06:34:12 - Processing users.
08-17-2022 @ 06:34:15 - > &#8220;156&#8221;User imported successfully. ID:156
08-17-2022 @ 06:34:15 - > Finished importing user 156
08-17-2022 @ 06:34:15 - Row :53 - User imported successfully.
08-17-2022 @ 06:34:15 - Row :54 - Parsing item.
08-17-2022 @ 06:34:15 - Row :54 - Processing item.
08-17-2022 @ 06:34:15 - Processing users.
08-17-2022 @ 06:34:18 - > &#8220;158&#8221;User imported successfully. ID:158
08-17-2022 @ 06:34:18 - > Finished importing user 158
08-17-2022 @ 06:34:18 - Row :54 - User imported successfully.
08-17-2022 @ 06:34:18 - Row :55 - Parsing item.
08-17-2022 @ 06:34:18 - Row :55 - Processing item.
08-17-2022 @ 06:34:18 - Processing users.
08-17-2022 @ 06:34:21 - > &#8220;161&#8221;User imported successfully. ID:161
08-17-2022 @ 06:34:21 - > Finished importing user 161
08-17-2022 @ 06:34:21 - Row :55 - User imported successfully.
08-17-2022 @ 06:34:21 - Row :56 - Parsing item.
08-17-2022 @ 06:34:21 - Row :56 - Processing item.
08-17-2022 @ 06:34:21 - Processing users.
08-17-2022 @ 06:34:24 - > &#8220;162&#8221;User imported successfully. ID:162
08-17-2022 @ 06:34:24 - > Finished importing user 162
08-17-2022 @ 06:34:24 - Row :56 - User imported successfully.
08-17-2022 @ 06:34:24 - Row :57 - Parsing item.
08-17-2022 @ 06:34:24 - Row :57 - Processing item.
08-17-2022 @ 06:34:24 - Processing users.
08-17-2022 @ 06:34:27 - > &#8220;163&#8221;User imported successfully. ID:163
08-17-2022 @ 06:34:27 - > Finished importing user 163
08-17-2022 @ 06:34:27 - Row :57 - User imported successfully.
08-17-2022 @ 06:34:27 - Row :58 - Parsing item.
08-17-2022 @ 06:34:27 - Row :58 - Processing item.
08-17-2022 @ 06:34:27 - Processing users.
08-17-2022 @ 06:34:29 - > &#8220;164&#8221;User imported successfully. ID:164
08-17-2022 @ 06:34:29 - > Finished importing user 164
08-17-2022 @ 06:34:29 - Row :58 - User imported successfully.
08-17-2022 @ 06:34:29 - Row :59 - Parsing item.
08-17-2022 @ 06:34:29 - Row :59 - Processing item.
08-17-2022 @ 06:34:29 - Processing users.
08-17-2022 @ 06:34:32 - > &#8220;165&#8221;User imported successfully. ID:165
08-17-2022 @ 06:34:32 - > Finished importing user 165
08-17-2022 @ 06:34:32 - Row :59 - User imported successfully.
08-17-2022 @ 06:34:32 - Row :60 - Parsing item.
08-17-2022 @ 06:34:32 - Row :60 - Processing item.
08-17-2022 @ 06:34:32 - Processing users.
08-17-2022 @ 06:34:35 - > &#8220;166&#8221;User imported successfully. ID:166
08-17-2022 @ 06:34:35 - > Finished importing user 166
08-17-2022 @ 06:34:35 - Row :60 - User imported successfully.
08-17-2022 @ 06:34:35 - Row :61 - Parsing item.
08-17-2022 @ 06:34:35 - Row :61 - Processing item.
08-17-2022 @ 06:34:35 - Processing users.
08-17-2022 @ 06:34:37 - > &#8220;167&#8221;User imported successfully. ID:167
08-17-2022 @ 06:34:37 - > Finished importing user 167
08-17-2022 @ 06:34:37 - Row :61 - User imported successfully.
08-17-2022 @ 06:34:37 - Row :62 - Parsing item.
08-17-2022 @ 06:34:37 - Row :62 - Processing item.
08-17-2022 @ 06:34:37 - Processing users.
08-17-2022 @ 06:34:40 - > &#8220;168&#8221;User imported successfully. ID:168
08-17-2022 @ 06:34:40 - > Finished importing user 168
08-17-2022 @ 06:34:40 - Row :62 - User imported successfully.
08-17-2022 @ 06:34:40 - Row :63 - Parsing item.
08-17-2022 @ 06:34:40 - Row :63 - Processing item.
08-17-2022 @ 06:34:40 - Processing users.
08-17-2022 @ 06:34:42 - > &#8220;169&#8221;User imported successfully. ID:169
08-17-2022 @ 06:34:42 - > Finished importing user 169
08-17-2022 @ 06:34:42 - Row :63 - User imported successfully.
08-17-2022 @ 06:34:42 - Row :64 - Parsing item.
08-17-2022 @ 06:34:42 - Row :64 - Processing item.
08-17-2022 @ 06:34:42 - Processing users.
08-17-2022 @ 06:34:44 - > &#8220;170&#8221;User imported successfully. ID:170
08-17-2022 @ 06:34:44 - > Finished importing user 170
08-17-2022 @ 06:34:44 - Row :64 - User imported successfully.
08-17-2022 @ 06:34:44 - Row :65 - Parsing item.
08-17-2022 @ 06:34:44 - Row :65 - Processing item.
08-17-2022 @ 06:34:44 - Processing users.
08-17-2022 @ 06:34:47 - > &#8220;171&#8221;User imported successfully. ID:171
08-17-2022 @ 06:34:47 - > Finished importing user 171
08-17-2022 @ 06:34:47 - Row :65 - User imported successfully.
08-17-2022 @ 06:34:47 - Row :66 - Parsing item.
08-17-2022 @ 06:34:47 - Row :66 - Parsing failed. Reason: User with same Email already exists. Email: acc.vijaybros.gum@gmail.com
08-17-2022 @ 06:34:47 - Row :67 - Parsing item.
08-17-2022 @ 06:34:47 - Row :67 - Processing item.
08-17-2022 @ 06:34:47 - Processing users.
08-17-2022 @ 06:34:50 - > &#8220;173&#8221;User imported successfully. ID:173
08-17-2022 @ 06:34:50 - > Finished importing user 173
08-17-2022 @ 06:34:50 - Row :67 - User imported successfully.
08-17-2022 @ 06:34:50 - Row :68 - Parsing item.
08-17-2022 @ 06:34:50 - Row :68 - Processing item.
08-17-2022 @ 06:34:50 - Processing users.
08-17-2022 @ 06:34:53 - > &#8220;175&#8221;User imported successfully. ID:175
08-17-2022 @ 06:34:53 - > Finished importing user 175
08-17-2022 @ 06:34:53 - Row :68 - User imported successfully.
08-17-2022 @ 06:34:53 - Row :69 - Parsing item.
08-17-2022 @ 06:34:53 - Row :69 - Processing item.
08-17-2022 @ 06:34:53 - Processing users.
08-17-2022 @ 06:34:57 - > &#8220;176&#8221;User imported successfully. ID:176
08-17-2022 @ 06:34:57 - > Finished importing user 176
08-17-2022 @ 06:34:57 - Row :69 - User imported successfully.
08-17-2022 @ 06:34:57 - Row :70 - Parsing item.
08-17-2022 @ 06:34:57 - Row :70 - Parsing failed. Reason: User with same Email already exists. Email: rkworldinfocom999@gmail.com
08-17-2022 @ 06:34:57 - Row :71 - Parsing item.
08-17-2022 @ 06:34:57 - Row :71 - Processing item.
08-17-2022 @ 06:34:57 - Processing users.
08-17-2022 @ 06:35:00 - > &#8220;178&#8221;User imported successfully. ID:178
08-17-2022 @ 06:35:00 - > Finished importing user 178
08-17-2022 @ 06:35:00 - Row :71 - User imported successfully.
08-17-2022 @ 06:35:00 - Row :72 - Parsing item.
08-17-2022 @ 06:35:00 - Row :72 - Parsing failed. Reason: User with same Email already exists. Email: kushalkhemka@pensol.com
08-17-2022 @ 06:35:00 - Row :73 - Parsing item.
08-17-2022 @ 06:35:00 - Row :73 - Processing item.
08-17-2022 @ 06:35:00 - Processing users.
08-17-2022 @ 06:35:04 - > &#8220;180&#8221;User imported successfully. ID:180
08-17-2022 @ 06:35:04 - > Finished importing user 180
08-17-2022 @ 06:35:04 - Row :73 - User imported successfully.
08-17-2022 @ 06:35:04 - Row :74 - Parsing item.
08-17-2022 @ 06:35:04 - Row :74 - Processing item.
08-17-2022 @ 06:35:04 - Processing users.
08-17-2022 @ 06:35:07 - > &#8220;182&#8221;User imported successfully. ID:182
08-17-2022 @ 06:35:07 - > Finished importing user 182
08-17-2022 @ 06:35:07 - Row :74 - User imported successfully.
08-17-2022 @ 06:35:07 - Row :75 - Parsing item.
08-17-2022 @ 06:35:07 - Row :75 - Processing item.
08-17-2022 @ 06:35:07 - Processing users.
08-17-2022 @ 06:35:10 - > &#8220;185&#8221;User imported successfully. ID:185
08-17-2022 @ 06:35:10 - > Finished importing user 185
08-17-2022 @ 06:35:10 - Row :75 - User imported successfully.
08-17-2022 @ 06:35:10 - Row :76 - Parsing item.
08-17-2022 @ 06:35:10 - Row :76 - Processing item.
08-17-2022 @ 06:35:10 - Processing users.
08-17-2022 @ 06:35:14 - > &#8220;187&#8221;User imported successfully. ID:187
08-17-2022 @ 06:35:14 - > Finished importing user 187
08-17-2022 @ 06:35:14 - Row :76 - User imported successfully.
08-17-2022 @ 06:35:14 - Row :77 - Parsing item.
08-17-2022 @ 06:35:14 - Row :77 - Processing item.
08-17-2022 @ 06:35:14 - Processing users.
08-17-2022 @ 06:35:17 - > &#8220;189&#8221;User imported successfully. ID:189
08-17-2022 @ 06:35:17 - > Finished importing user 189
08-17-2022 @ 06:35:17 - Row :77 - User imported successfully.
08-17-2022 @ 06:35:17 - Row :78 - Parsing item.
08-17-2022 @ 06:35:17 - Row :78 - Processing item.
08-17-2022 @ 06:35:17 - Processing users.
08-17-2022 @ 06:35:21 - > &#8220;190&#8221;User imported successfully. ID:190
08-17-2022 @ 06:35:21 - > Finished importing user 190
08-17-2022 @ 06:35:21 - Row :78 - User imported successfully.
08-17-2022 @ 06:35:21 - Row :79 - Parsing item.
08-17-2022 @ 06:35:21 - Row :79 - Parsing failed. Reason: User with same Email already exists. Email: legal.growmaxindia@gmail.com
08-17-2022 @ 06:35:21 - Row :80 - Parsing item.
08-17-2022 @ 06:35:21 - Row :80 - Processing item.
08-17-2022 @ 06:35:21 - Processing users.
08-17-2022 @ 06:35:24 - > &#8220;192&#8221;User imported successfully. ID:192
08-17-2022 @ 06:35:24 - > Finished importing user 192
08-17-2022 @ 06:35:24 - Row :80 - User imported successfully.
08-17-2022 @ 06:35:24 - Row :81 - Parsing item.
08-17-2022 @ 06:35:24 - Row :81 - Processing item.
08-17-2022 @ 06:35:24 - Processing users.
08-17-2022 @ 06:35:27 - > &#8220;194&#8221;User imported successfully. ID:194
08-17-2022 @ 06:35:27 - > Finished importing user 194
08-17-2022 @ 06:35:27 - Row :81 - User imported successfully.
08-17-2022 @ 06:35:27 - Row :82 - Parsing item.
08-17-2022 @ 06:35:27 - Row :82 - Processing item.
08-17-2022 @ 06:35:27 - Processing users.
08-17-2022 @ 06:35:31 - > &#8220;196&#8221;User imported successfully. ID:196
08-17-2022 @ 06:35:31 - > Finished importing user 196
08-17-2022 @ 06:35:31 - Row :82 - User imported successfully.
08-17-2022 @ 06:35:31 - Row :83 - Parsing item.
08-17-2022 @ 06:35:31 - Row :83 - Parsing failed. Reason: User with same Email already exists. Email: caadityaaggarwal@yahoo.co.in
08-17-2022 @ 06:35:31 - Row :84 - Parsing item.
08-17-2022 @ 06:35:31 - Row :84 - Processing item.
08-17-2022 @ 06:35:31 - Processing users.
08-17-2022 @ 06:35:35 - > &#8220;198&#8221;User imported successfully. ID:198
08-17-2022 @ 06:35:35 - > Finished importing user 198
08-17-2022 @ 06:35:35 - Row :84 - User imported successfully.
08-17-2022 @ 06:35:35 - Row :85 - Parsing item.
08-17-2022 @ 06:35:35 - Row :85 - Processing item.
08-17-2022 @ 06:35:35 - Processing users.
08-17-2022 @ 06:35:38 - > &#8220;200&#8221;User imported successfully. ID:200
08-17-2022 @ 06:35:38 - > Finished importing user 200
08-17-2022 @ 06:35:38 - Row :85 - User imported successfully.
08-17-2022 @ 06:35:38 - Row :86 - Parsing item.
08-17-2022 @ 06:35:38 - Row :86 - Processing item.
08-17-2022 @ 06:35:38 - Processing users.
08-17-2022 @ 06:35:41 - > &#8220;202&#8221;User imported successfully. ID:202
08-17-2022 @ 06:35:41 - > Finished importing user 202
08-17-2022 @ 06:35:41 - Row :86 - User imported successfully.
08-17-2022 @ 06:35:41 - Row :87 - Parsing item.
08-17-2022 @ 06:35:41 - Row :87 - Processing item.
08-17-2022 @ 06:35:41 - Processing users.
08-17-2022 @ 06:35:44 - > &#8220;204&#8221;User imported successfully. ID:204
08-17-2022 @ 06:35:44 - > Finished importing user 204
08-17-2022 @ 06:35:44 - Row :87 - User imported successfully.
08-17-2022 @ 06:35:44 - Row :88 - Parsing item.
08-17-2022 @ 06:35:44 - Row :88 - Processing item.
08-17-2022 @ 06:35:44 - Processing users.
08-17-2022 @ 06:35:47 - > &#8220;206&#8221;User imported successfully. ID:206
08-17-2022 @ 06:35:47 - > Finished importing user 206
08-17-2022 @ 06:35:47 - Row :88 - User imported successfully.
08-17-2022 @ 06:35:47 - Row :89 - Parsing item.
08-17-2022 @ 06:35:47 - Row :89 - Processing item.
08-17-2022 @ 06:35:47 - Processing users.
08-17-2022 @ 06:35:50 - > &#8220;209&#8221;User imported successfully. ID:209
08-17-2022 @ 06:35:50 - > Finished importing user 209
08-17-2022 @ 06:35:50 - Row :89 - User imported successfully.
08-17-2022 @ 06:35:50 - Row :90 - Parsing item.
08-17-2022 @ 06:35:50 - Row :90 - Processing item.
08-17-2022 @ 06:35:50 - Processing users.
08-17-2022 @ 06:35:53 - > &#8220;211&#8221;User imported successfully. ID:211
08-17-2022 @ 06:35:53 - > Finished importing user 211
08-17-2022 @ 06:35:53 - Row :90 - User imported successfully.
08-17-2022 @ 06:35:53 - Row :91 - Parsing item.
08-17-2022 @ 06:35:53 - Row :91 - Processing item.
08-17-2022 @ 06:35:53 - Processing users.
08-17-2022 @ 06:35:57 - > &#8220;213&#8221;User imported successfully. ID:213
08-17-2022 @ 06:35:57 - > Finished importing user 213
08-17-2022 @ 06:35:57 - Row :91 - User imported successfully.
08-17-2022 @ 06:35:57 - Row :92 - Parsing item.
08-17-2022 @ 06:35:57 - Row :92 - Parsing failed. Reason: User with same Email already exists. Email: agarwal_ansh@yahoo.co.in
08-17-2022 @ 06:35:57 - Row :93 - Parsing item.
08-17-2022 @ 06:35:57 - Row :93 - Processing item.
08-17-2022 @ 06:35:57 - Processing users.
08-17-2022 @ 06:36:00 - > &#8220;215&#8221;User imported successfully. ID:215
08-17-2022 @ 06:36:00 - > Finished importing user 215
08-17-2022 @ 06:36:00 - Row :93 - User imported successfully.
08-17-2022 @ 06:36:00 - Row :94 - Parsing item.
08-17-2022 @ 06:36:00 - Row :94 - Processing item.
08-17-2022 @ 06:36:00 - Processing users.
08-17-2022 @ 06:36:00 - > Error inserting 1: Sorry, that email address is already used!
08-17-2022 @ 06:36:00 - Row :94 - Processing failed. Reason: > Error inserting 1: Sorry, that email address is already used!
08-17-2022 @ 06:36:00 - Row :95 - Parsing item.
08-17-2022 @ 06:36:00 - Row :95 - Processing item.
08-17-2022 @ 06:36:00 - Processing users.
08-17-2022 @ 06:36:03 - > &#8220;217&#8221;User imported successfully. ID:217
08-17-2022 @ 06:36:03 - > Finished importing user 217
08-17-2022 @ 06:36:03 - Row :95 - User imported successfully.
08-17-2022 @ 06:36:03 - Row :96 - Parsing item.
08-17-2022 @ 06:36:03 - Row :96 - Processing item.
08-17-2022 @ 06:36:03 - Processing users.
08-17-2022 @ 06:36:04 - > Error inserting 1: Sorry, that username already exists!
08-17-2022 @ 06:36:04 - Row :96 - Processing failed. Reason: > Error inserting 1: Sorry, that username already exists!
08-17-2022 @ 06:36:04 - Row :97 - Parsing item.
08-17-2022 @ 06:36:04 - Row :97 - Processing item.
08-17-2022 @ 06:36:04 - Processing users.
08-17-2022 @ 06:36:08 - > &#8220;219&#8221;User imported successfully. ID:219
08-17-2022 @ 06:36:08 - > Finished importing user 219
08-17-2022 @ 06:36:08 - Row :97 - User imported successfully.
08-17-2022 @ 06:36:08 - Row :98 - Parsing item.
08-17-2022 @ 06:36:08 - Row :98 - Parsing failed. Reason: User with same Email already exists. Email: hrd@specialty-films.com
08-17-2022 @ 06:36:08 - Row :99 - Parsing item.
08-17-2022 @ 06:36:08 - Row :99 - Processing item.
08-17-2022 @ 06:36:08 - Processing users.
08-17-2022 @ 06:36:11 - > &#8220;221&#8221;User imported successfully. ID:221
08-17-2022 @ 06:36:11 - > Finished importing user 221
08-17-2022 @ 06:36:11 - Row :99 - User imported successfully.
08-17-2022 @ 06:36:11 - Row :100 - Parsing item.
08-17-2022 @ 06:36:11 - Row :100 - Processing item.
08-17-2022 @ 06:36:11 - Processing users.
08-17-2022 @ 06:36:14 - > &#8220;223&#8221;User imported successfully. ID:223
08-17-2022 @ 06:36:14 - > Finished importing user 223
08-17-2022 @ 06:36:14 - Row :100 - User imported successfully.
