08-22-2022 @ 13:37:08 - ---[ New import started at 2022-08-22 13:37:08 ] PHP Memory: 256 MB, WP Memory: 40 MB
08-22-2022 @ 13:37:08 - Preparing for import.
08-22-2022 @ 13:37:08 - Row :1 - Parsing item.
08-22-2022 @ 13:37:08 - Row :1 - Processing item.
08-22-2022 @ 13:37:08 - Processing users.
08-22-2022 @ 13:37:11 - > &#8220;10743&#8221;User imported successfully. ID:10743
08-22-2022 @ 13:37:11 - > Finished importing user 10743
08-22-2022 @ 13:37:11 - Row :1 - User imported successfully.
08-22-2022 @ 13:37:11 - Row :2 - Parsing item.
08-22-2022 @ 13:37:11 - Row :2 - Processing item.
08-22-2022 @ 13:37:11 - Processing users.
08-22-2022 @ 13:37:14 - > &#8220;10744&#8221;User imported successfully. ID:10744
08-22-2022 @ 13:37:14 - > Finished importing user 10744
08-22-2022 @ 13:37:14 - Row :2 - User imported successfully.
08-22-2022 @ 13:37:14 - Row :3 - Parsing item.
08-22-2022 @ 13:37:14 - Row :3 - Processing item.
08-22-2022 @ 13:37:14 - Processing users.
08-22-2022 @ 13:37:17 - > &#8220;10745&#8221;User imported successfully. ID:10745
08-22-2022 @ 13:37:17 - > Finished importing user 10745
08-22-2022 @ 13:37:17 - Row :3 - User imported successfully.
08-22-2022 @ 13:37:17 - Row :4 - Parsing item.
08-22-2022 @ 13:37:17 - Row :4 - Processing item.
08-22-2022 @ 13:37:17 - Processing users.
08-22-2022 @ 13:37:19 - > &#8220;10746&#8221;User imported successfully. ID:10746
08-22-2022 @ 13:37:19 - > Finished importing user 10746
08-22-2022 @ 13:37:19 - Row :4 - User imported successfully.
08-22-2022 @ 13:37:19 - Row :5 - Parsing item.
08-22-2022 @ 13:37:19 - Row :5 - Processing item.
08-22-2022 @ 13:37:19 - Processing users.
08-22-2022 @ 13:37:22 - > &#8220;10747&#8221;User imported successfully. ID:10747
08-22-2022 @ 13:37:22 - > Finished importing user 10747
08-22-2022 @ 13:37:22 - Row :5 - User imported successfully.
08-22-2022 @ 13:37:22 - Row :6 - Parsing item.
08-22-2022 @ 13:37:22 - Row :6 - Processing item.
08-22-2022 @ 13:37:22 - Processing users.
08-22-2022 @ 13:37:25 - > &#8220;10748&#8221;User imported successfully. ID:10748
08-22-2022 @ 13:37:25 - > Finished importing user 10748
08-22-2022 @ 13:37:25 - Row :6 - User imported successfully.
08-22-2022 @ 13:37:25 - Row :7 - Parsing item.
08-22-2022 @ 13:37:25 - Row :7 - Processing item.
08-22-2022 @ 13:37:25 - Processing users.
08-22-2022 @ 13:37:28 - > &#8220;10749&#8221;User imported successfully. ID:10749
08-22-2022 @ 13:37:28 - > Finished importing user 10749
08-22-2022 @ 13:37:28 - Row :7 - User imported successfully.
08-22-2022 @ 13:37:28 - Row :8 - Parsing item.
08-22-2022 @ 13:37:28 - Row :8 - Processing item.
08-22-2022 @ 13:37:28 - Processing users.
08-22-2022 @ 13:37:31 - > &#8220;10750&#8221;User imported successfully. ID:10750
08-22-2022 @ 13:37:31 - > Finished importing user 10750
08-22-2022 @ 13:37:31 - Row :8 - User imported successfully.
08-22-2022 @ 13:37:31 - Row :9 - Parsing item.
08-22-2022 @ 13:37:31 - Row :9 - Processing item.
08-22-2022 @ 13:37:31 - Processing users.
08-22-2022 @ 13:37:34 - > &#8220;10751&#8221;User imported successfully. ID:10751
08-22-2022 @ 13:37:34 - > Finished importing user 10751
08-22-2022 @ 13:37:34 - Row :9 - User imported successfully.
08-22-2022 @ 13:37:34 - Row :10 - Parsing item.
08-22-2022 @ 13:37:34 - Row :10 - Processing item.
08-22-2022 @ 13:37:34 - Processing users.
08-22-2022 @ 13:37:37 - > &#8220;10752&#8221;User imported successfully. ID:10752
08-22-2022 @ 13:37:37 - > Finished importing user 10752
08-22-2022 @ 13:37:37 - Row :10 - User imported successfully.
08-22-2022 @ 13:37:37 - Preparing for import.
08-22-2022 @ 13:37:37 - Row :11 - Parsing item.
08-22-2022 @ 13:37:37 - Row :11 - Processing item.
08-22-2022 @ 13:37:37 - Processing users.
08-22-2022 @ 13:37:40 - > &#8220;10753&#8221;User imported successfully. ID:10753
08-22-2022 @ 13:37:40 - > Finished importing user 10753
08-22-2022 @ 13:37:40 - Row :11 - User imported successfully.
08-22-2022 @ 13:37:40 - Row :12 - Parsing item.
08-22-2022 @ 13:37:40 - Row :12 - Processing item.
08-22-2022 @ 13:37:40 - Processing users.
08-22-2022 @ 13:37:43 - > &#8220;10754&#8221;User imported successfully. ID:10754
08-22-2022 @ 13:37:43 - > Finished importing user 10754
08-22-2022 @ 13:37:43 - Row :12 - User imported successfully.
08-22-2022 @ 13:37:43 - Row :13 - Parsing item.
08-22-2022 @ 13:37:43 - Row :13 - Processing item.
08-22-2022 @ 13:37:43 - Processing users.
08-22-2022 @ 13:37:46 - > &#8220;10755&#8221;User imported successfully. ID:10755
08-22-2022 @ 13:37:46 - > Finished importing user 10755
08-22-2022 @ 13:37:46 - Row :13 - User imported successfully.
08-22-2022 @ 13:37:46 - Row :14 - Parsing item.
08-22-2022 @ 13:37:46 - Row :14 - Processing item.
08-22-2022 @ 13:37:46 - Processing users.
08-22-2022 @ 13:37:49 - > &#8220;10756&#8221;User imported successfully. ID:10756
08-22-2022 @ 13:37:49 - > Finished importing user 10756
08-22-2022 @ 13:37:49 - Row :14 - User imported successfully.
08-22-2022 @ 13:37:49 - Row :15 - Parsing item.
08-22-2022 @ 13:37:49 - Row :15 - Processing item.
08-22-2022 @ 13:37:49 - Processing users.
08-22-2022 @ 13:37:51 - > &#8220;10757&#8221;User imported successfully. ID:10757
08-22-2022 @ 13:37:51 - > Finished importing user 10757
08-22-2022 @ 13:37:51 - Row :15 - User imported successfully.
08-22-2022 @ 13:37:51 - Row :16 - Parsing item.
08-22-2022 @ 13:37:51 - Row :16 - Processing item.
08-22-2022 @ 13:37:51 - Processing users.
08-22-2022 @ 13:37:54 - > &#8220;10758&#8221;User imported successfully. ID:10758
08-22-2022 @ 13:37:54 - > Finished importing user 10758
08-22-2022 @ 13:37:54 - Row :16 - User imported successfully.
08-22-2022 @ 13:37:54 - ---[ Import ended at 2022-08-22 13:37:54]---
