08-17-2022 @ 06:48:31 - ---[ New import started at 2022-08-17 06:48:31 ] PHP Memory: 256 MB, WP Memory: 40 MB
08-17-2022 @ 06:48:31 - Preparing for import.
08-17-2022 @ 06:48:31 - Row :1 - Parsing item.
08-17-2022 @ 06:48:31 - Row :1 - Processing item.
08-17-2022 @ 06:48:31 - Processing users.
08-17-2022 @ 06:48:35 - > &#8220;518&#8221;User imported successfully. ID:518
08-17-2022 @ 06:48:35 - > Finished importing user 518
08-17-2022 @ 06:48:35 - Row :1 - User imported successfully.
08-17-2022 @ 06:48:35 - Row :2 - Parsing item.
08-17-2022 @ 06:48:35 - Row :2 - Processing item.
08-17-2022 @ 06:48:35 - Processing users.
08-17-2022 @ 06:48:38 - > &#8220;520&#8221;User imported successfully. ID:520
08-17-2022 @ 06:48:38 - > Finished importing user 520
08-17-2022 @ 06:48:38 - Row :2 - User imported successfully.
08-17-2022 @ 06:48:38 - Row :3 - Parsing item.
08-17-2022 @ 06:48:38 - Row :3 - Processing item.
08-17-2022 @ 06:48:38 - Processing users.
08-17-2022 @ 06:48:42 - > &#8220;522&#8221;User imported successfully. ID:522
08-17-2022 @ 06:48:42 - > Finished importing user 522
08-17-2022 @ 06:48:42 - Row :3 - User imported successfully.
08-17-2022 @ 06:48:42 - Row :4 - Parsing item.
08-17-2022 @ 06:48:42 - Row :4 - Processing item.
08-17-2022 @ 06:48:42 - Processing users.
08-17-2022 @ 06:48:45 - > &#8220;524&#8221;User imported successfully. ID:524
08-17-2022 @ 06:48:45 - > Finished importing user 524
08-17-2022 @ 06:48:45 - Row :4 - User imported successfully.
08-17-2022 @ 06:48:45 - Row :5 - Parsing item.
08-17-2022 @ 06:48:45 - Row :5 - Processing item.
08-17-2022 @ 06:48:45 - Processing users.
08-17-2022 @ 06:48:48 - > &#8220;526&#8221;User imported successfully. ID:526
08-17-2022 @ 06:48:48 - > Finished importing user 526
08-17-2022 @ 06:48:48 - Row :5 - User imported successfully.
08-17-2022 @ 06:48:48 - Row :6 - Parsing item.
08-17-2022 @ 06:48:48 - Row :6 - Processing item.
08-17-2022 @ 06:48:48 - Processing users.
08-17-2022 @ 06:48:52 - > &#8220;528&#8221;User imported successfully. ID:528
08-17-2022 @ 06:48:52 - > Finished importing user 528
08-17-2022 @ 06:48:52 - Row :6 - User imported successfully.
08-17-2022 @ 06:48:52 - Row :7 - Parsing item.
08-17-2022 @ 06:48:52 - Row :7 - Processing item.
08-17-2022 @ 06:48:52 - Processing users.
08-17-2022 @ 06:48:55 - > &#8220;531&#8221;User imported successfully. ID:531
08-17-2022 @ 06:48:55 - > Finished importing user 531
08-17-2022 @ 06:48:55 - Row :7 - User imported successfully.
08-17-2022 @ 06:48:55 - Row :8 - Parsing item.
08-17-2022 @ 06:48:55 - Row :8 - Processing item.
08-17-2022 @ 06:48:55 - Processing users.
08-17-2022 @ 06:48:59 - > &#8220;532&#8221;User imported successfully. ID:532
08-17-2022 @ 06:48:59 - > Finished importing user 532
08-17-2022 @ 06:48:59 - Row :8 - User imported successfully.
08-17-2022 @ 06:48:59 - Row :9 - Parsing item.
08-17-2022 @ 06:48:59 - Row :9 - Processing item.
08-17-2022 @ 06:48:59 - Processing users.
08-17-2022 @ 06:49:02 - > &#8220;535&#8221;User imported successfully. ID:535
08-17-2022 @ 06:49:02 - > Finished importing user 535
08-17-2022 @ 06:49:02 - Row :9 - User imported successfully.
08-17-2022 @ 06:49:02 - Row :10 - Parsing item.
08-17-2022 @ 06:49:02 - Row :10 - Processing item.
08-17-2022 @ 06:49:02 - Processing users.
08-17-2022 @ 06:49:06 - > &#8220;537&#8221;User imported successfully. ID:537
08-17-2022 @ 06:49:06 - > Finished importing user 537
08-17-2022 @ 06:49:06 - Row :10 - User imported successfully.
08-17-2022 @ 06:49:06 - Row :11 - Parsing item.
08-17-2022 @ 06:49:06 - Row :11 - Processing item.
08-17-2022 @ 06:49:06 - Processing users.
08-17-2022 @ 06:49:09 - > &#8220;539&#8221;User imported successfully. ID:539
08-17-2022 @ 06:49:09 - > Finished importing user 539
08-17-2022 @ 06:49:09 - Row :11 - User imported successfully.
08-17-2022 @ 06:49:09 - Row :12 - Parsing item.
08-17-2022 @ 06:49:09 - Row :12 - Processing item.
08-17-2022 @ 06:49:09 - Processing users.
08-17-2022 @ 06:49:12 - > &#8220;540&#8221;User imported successfully. ID:540
08-17-2022 @ 06:49:12 - > Finished importing user 540
08-17-2022 @ 06:49:12 - Row :12 - User imported successfully.
08-17-2022 @ 06:49:12 - Row :13 - Parsing item.
08-17-2022 @ 06:49:12 - Row :13 - Processing item.
08-17-2022 @ 06:49:12 - Processing users.
08-17-2022 @ 06:49:16 - > &#8220;542&#8221;User imported successfully. ID:542
08-17-2022 @ 06:49:16 - > Finished importing user 542
08-17-2022 @ 06:49:16 - Row :13 - User imported successfully.
08-17-2022 @ 06:49:16 - Row :14 - Parsing item.
08-17-2022 @ 06:49:16 - Row :14 - Processing item.
08-17-2022 @ 06:49:16 - Processing users.
08-17-2022 @ 06:49:20 - > &#8220;544&#8221;User imported successfully. ID:544
08-17-2022 @ 06:49:20 - > Finished importing user 544
08-17-2022 @ 06:49:20 - Row :14 - User imported successfully.
08-17-2022 @ 06:49:20 - Row :15 - Parsing item.
08-17-2022 @ 06:49:20 - Row :15 - Processing item.
08-17-2022 @ 06:49:20 - Processing users.
08-17-2022 @ 06:49:23 - > &#8220;546&#8221;User imported successfully. ID:546
08-17-2022 @ 06:49:23 - > Finished importing user 546
08-17-2022 @ 06:49:23 - Row :15 - User imported successfully.
08-17-2022 @ 06:49:23 - Row :16 - Parsing item.
08-17-2022 @ 06:49:23 - Row :16 - Processing item.
08-17-2022 @ 06:49:23 - Processing users.
08-17-2022 @ 06:49:27 - > &#8220;549&#8221;User imported successfully. ID:549
08-17-2022 @ 06:49:27 - > Finished importing user 549
08-17-2022 @ 06:49:27 - Row :16 - User imported successfully.
08-17-2022 @ 06:49:27 - Row :17 - Parsing item.
08-17-2022 @ 06:49:27 - Row :17 - Processing item.
08-17-2022 @ 06:49:27 - Processing users.
08-17-2022 @ 06:49:31 - > &#8220;550&#8221;User imported successfully. ID:550
08-17-2022 @ 06:49:31 - > Finished importing user 550
08-17-2022 @ 06:49:31 - Row :17 - User imported successfully.
08-17-2022 @ 06:49:31 - Row :18 - Parsing item.
08-17-2022 @ 06:49:31 - Row :18 - Processing item.
08-17-2022 @ 06:49:31 - Processing users.
08-17-2022 @ 06:49:34 - > &#8220;553&#8221;User imported successfully. ID:553
08-17-2022 @ 06:49:34 - > Finished importing user 553
08-17-2022 @ 06:49:34 - Row :18 - User imported successfully.
08-17-2022 @ 06:49:34 - Row :19 - Parsing item.
08-17-2022 @ 06:49:34 - Row :19 - Processing item.
08-17-2022 @ 06:49:34 - Processing users.
08-17-2022 @ 06:49:38 - > &#8220;554&#8221;User imported successfully. ID:554
08-17-2022 @ 06:49:38 - > Finished importing user 554
08-17-2022 @ 06:49:38 - Row :19 - User imported successfully.
08-17-2022 @ 06:49:38 - Row :20 - Parsing item.
08-17-2022 @ 06:49:38 - Row :20 - Processing item.
08-17-2022 @ 06:49:38 - Processing users.
08-17-2022 @ 06:49:41 - > &#8220;556&#8221;User imported successfully. ID:556
08-17-2022 @ 06:49:41 - > Finished importing user 556
08-17-2022 @ 06:49:41 - Row :20 - User imported successfully.
08-17-2022 @ 06:49:41 - Row :21 - Parsing item.
08-17-2022 @ 06:49:41 - Row :21 - Processing item.
08-17-2022 @ 06:49:41 - Processing users.
08-17-2022 @ 06:49:44 - > &#8220;558&#8221;User imported successfully. ID:558
08-17-2022 @ 06:49:44 - > Finished importing user 558
08-17-2022 @ 06:49:44 - Row :21 - User imported successfully.
08-17-2022 @ 06:49:44 - Row :22 - Parsing item.
08-17-2022 @ 06:49:44 - Row :22 - Processing item.
08-17-2022 @ 06:49:44 - Processing users.
08-17-2022 @ 06:49:47 - > &#8220;560&#8221;User imported successfully. ID:560
08-17-2022 @ 06:49:47 - > Finished importing user 560
08-17-2022 @ 06:49:47 - Row :22 - User imported successfully.
08-17-2022 @ 06:49:47 - Row :23 - Parsing item.
08-17-2022 @ 06:49:47 - Row :23 - Processing item.
08-17-2022 @ 06:49:47 - Processing users.
08-17-2022 @ 06:49:50 - > &#8220;562&#8221;User imported successfully. ID:562
08-17-2022 @ 06:49:50 - > Finished importing user 562
08-17-2022 @ 06:49:50 - Row :23 - User imported successfully.
08-17-2022 @ 06:49:50 - Row :24 - Parsing item.
08-17-2022 @ 06:49:50 - Row :24 - Processing item.
08-17-2022 @ 06:49:50 - Processing users.
08-17-2022 @ 06:49:53 - > &#8220;565&#8221;User imported successfully. ID:565
08-17-2022 @ 06:49:53 - > Finished importing user 565
08-17-2022 @ 06:49:53 - Row :24 - User imported successfully.
08-17-2022 @ 06:49:53 - Row :25 - Parsing item.
08-17-2022 @ 06:49:53 - Row :25 - Processing item.
08-17-2022 @ 06:49:53 - Processing users.
08-17-2022 @ 06:49:57 - > &#8220;566&#8221;User imported successfully. ID:566
08-17-2022 @ 06:49:57 - > Finished importing user 566
08-17-2022 @ 06:49:57 - Row :25 - User imported successfully.
08-17-2022 @ 06:49:57 - Row :26 - Parsing item.
08-17-2022 @ 06:49:57 - Row :26 - Processing item.
08-17-2022 @ 06:49:57 - Processing users.
08-17-2022 @ 06:50:01 - > &#8220;569&#8221;User imported successfully. ID:569
08-17-2022 @ 06:50:01 - > Finished importing user 569
08-17-2022 @ 06:50:01 - Row :26 - User imported successfully.
08-17-2022 @ 06:50:01 - Row :27 - Parsing item.
08-17-2022 @ 06:50:01 - Row :27 - Processing item.
08-17-2022 @ 06:50:01 - Processing users.
08-17-2022 @ 06:50:05 - > &#8220;571&#8221;User imported successfully. ID:571
08-17-2022 @ 06:50:05 - > Finished importing user 571
08-17-2022 @ 06:50:05 - Row :27 - User imported successfully.
08-17-2022 @ 06:50:05 - Row :28 - Parsing item.
08-17-2022 @ 06:50:05 - Row :28 - Processing item.
08-17-2022 @ 06:50:05 - Processing users.
08-17-2022 @ 06:50:09 - > &#8220;573&#8221;User imported successfully. ID:573
08-17-2022 @ 06:50:09 - > Finished importing user 573
08-17-2022 @ 06:50:09 - Row :28 - User imported successfully.
08-17-2022 @ 06:50:09 - Row :29 - Parsing item.
08-17-2022 @ 06:50:09 - Row :29 - Processing item.
08-17-2022 @ 06:50:09 - Processing users.
08-17-2022 @ 06:50:12 - > &#8220;574&#8221;User imported successfully. ID:574
08-17-2022 @ 06:50:12 - > Finished importing user 574
08-17-2022 @ 06:50:12 - Row :29 - User imported successfully.
08-17-2022 @ 06:50:12 - Row :30 - Parsing item.
08-17-2022 @ 06:50:12 - Row :30 - Processing item.
08-17-2022 @ 06:50:12 - Processing users.
08-17-2022 @ 06:50:16 - > &#8220;576&#8221;User imported successfully. ID:576
08-17-2022 @ 06:50:16 - > Finished importing user 576
08-17-2022 @ 06:50:16 - Row :30 - User imported successfully.
08-17-2022 @ 06:50:16 - Row :31 - Parsing item.
08-17-2022 @ 06:50:16 - Row :31 - Processing item.
08-17-2022 @ 06:50:16 - Processing users.
08-17-2022 @ 06:50:19 - > &#8220;578&#8221;User imported successfully. ID:578
08-17-2022 @ 06:50:19 - > Finished importing user 578
08-17-2022 @ 06:50:19 - Row :31 - User imported successfully.
08-17-2022 @ 06:50:19 - Row :32 - Parsing item.
08-17-2022 @ 06:50:19 - Row :32 - Processing item.
08-17-2022 @ 06:50:19 - Processing users.
08-17-2022 @ 06:50:22 - > &#8220;581&#8221;User imported successfully. ID:581
08-17-2022 @ 06:50:22 - > Finished importing user 581
08-17-2022 @ 06:50:22 - Row :32 - User imported successfully.
08-17-2022 @ 06:50:22 - Row :33 - Parsing item.
08-17-2022 @ 06:50:22 - Row :33 - Processing item.
08-17-2022 @ 06:50:22 - Processing users.
08-17-2022 @ 06:50:25 - > &#8220;583&#8221;User imported successfully. ID:583
08-17-2022 @ 06:50:25 - > Finished importing user 583
08-17-2022 @ 06:50:25 - Row :33 - User imported successfully.
08-17-2022 @ 06:50:25 - Row :34 - Parsing item.
08-17-2022 @ 06:50:25 - Row :34 - Processing item.
08-17-2022 @ 06:50:25 - Processing users.
08-17-2022 @ 06:50:29 - > &#8220;585&#8221;User imported successfully. ID:585
08-17-2022 @ 06:50:29 - > Finished importing user 585
08-17-2022 @ 06:50:29 - Row :34 - User imported successfully.
08-17-2022 @ 06:50:29 - Row :35 - Parsing item.
08-17-2022 @ 06:50:29 - Row :35 - Processing item.
08-17-2022 @ 06:50:29 - Processing users.
08-17-2022 @ 06:50:32 - > &#8220;587&#8221;User imported successfully. ID:587
08-17-2022 @ 06:50:32 - > Finished importing user 587
08-17-2022 @ 06:50:32 - Row :35 - User imported successfully.
08-17-2022 @ 06:50:32 - Row :36 - Parsing item.
08-17-2022 @ 06:50:32 - Row :36 - Processing item.
08-17-2022 @ 06:50:32 - Processing users.
08-17-2022 @ 06:50:35 - > &#8220;589&#8221;User imported successfully. ID:589
08-17-2022 @ 06:50:35 - > Finished importing user 589
08-17-2022 @ 06:50:35 - Row :36 - User imported successfully.
08-17-2022 @ 06:50:35 - Row :37 - Parsing item.
08-17-2022 @ 06:50:35 - Row :37 - Processing item.
08-17-2022 @ 06:50:35 - Processing users.
08-17-2022 @ 06:50:39 - > &#8220;591&#8221;User imported successfully. ID:591
08-17-2022 @ 06:50:39 - > Finished importing user 591
08-17-2022 @ 06:50:39 - Row :37 - User imported successfully.
08-17-2022 @ 06:50:39 - Row :38 - Parsing item.
08-17-2022 @ 06:50:39 - Row :38 - Processing item.
08-17-2022 @ 06:50:39 - Processing users.
08-17-2022 @ 06:50:42 - > &#8220;593&#8221;User imported successfully. ID:593
08-17-2022 @ 06:50:42 - > Finished importing user 593
08-17-2022 @ 06:50:42 - Row :38 - User imported successfully.
08-17-2022 @ 06:50:42 - Row :39 - Parsing item.
08-17-2022 @ 06:50:42 - Row :39 - Processing item.
08-17-2022 @ 06:50:42 - Processing users.
08-17-2022 @ 06:50:45 - > &#8220;595&#8221;User imported successfully. ID:595
08-17-2022 @ 06:50:45 - > Finished importing user 595
08-17-2022 @ 06:50:45 - Row :39 - User imported successfully.
08-17-2022 @ 06:50:45 - Row :40 - Parsing item.
08-17-2022 @ 06:50:45 - Row :40 - Processing item.
08-17-2022 @ 06:50:45 - Processing users.
08-17-2022 @ 06:50:49 - > &#8220;597&#8221;User imported successfully. ID:597
08-17-2022 @ 06:50:49 - > Finished importing user 597
08-17-2022 @ 06:50:49 - Row :40 - User imported successfully.
08-17-2022 @ 06:50:49 - Row :41 - Parsing item.
08-17-2022 @ 06:50:49 - Row :41 - Processing item.
08-17-2022 @ 06:50:49 - Processing users.
08-17-2022 @ 06:50:52 - > &#8220;599&#8221;User imported successfully. ID:599
08-17-2022 @ 06:50:52 - > Finished importing user 599
08-17-2022 @ 06:50:52 - Row :41 - User imported successfully.
08-17-2022 @ 06:50:52 - Row :42 - Parsing item.
08-17-2022 @ 06:50:52 - Row :42 - Processing item.
08-17-2022 @ 06:50:52 - Processing users.
08-17-2022 @ 06:50:55 - > &#8220;601&#8221;User imported successfully. ID:601
08-17-2022 @ 06:50:55 - > Finished importing user 601
08-17-2022 @ 06:50:55 - Row :42 - User imported successfully.
08-17-2022 @ 06:50:55 - Row :43 - Parsing item.
08-17-2022 @ 06:50:55 - Row :43 - Processing item.
08-17-2022 @ 06:50:55 - Processing users.
08-17-2022 @ 06:50:59 - > &#8220;603&#8221;User imported successfully. ID:603
08-17-2022 @ 06:50:59 - > Finished importing user 603
08-17-2022 @ 06:50:59 - Row :43 - User imported successfully.
08-17-2022 @ 06:50:59 - Row :44 - Parsing item.
08-17-2022 @ 06:50:59 - Row :44 - Processing item.
08-17-2022 @ 06:50:59 - Processing users.
08-17-2022 @ 06:51:02 - > &#8220;605&#8221;User imported successfully. ID:605
08-17-2022 @ 06:51:02 - > Finished importing user 605
08-17-2022 @ 06:51:02 - Row :44 - User imported successfully.
08-17-2022 @ 06:51:02 - Row :45 - Parsing item.
08-17-2022 @ 06:51:02 - Row :45 - Processing item.
08-17-2022 @ 06:51:02 - Processing users.
08-17-2022 @ 06:51:06 - > &#8220;607&#8221;User imported successfully. ID:607
08-17-2022 @ 06:51:06 - > Finished importing user 607
08-17-2022 @ 06:51:06 - Row :45 - User imported successfully.
08-17-2022 @ 06:51:06 - Row :46 - Parsing item.
08-17-2022 @ 06:51:06 - Row :46 - Processing item.
08-17-2022 @ 06:51:06 - Processing users.
08-17-2022 @ 06:51:09 - > &#8220;609&#8221;User imported successfully. ID:609
08-17-2022 @ 06:51:09 - > Finished importing user 609
08-17-2022 @ 06:51:09 - Row :46 - User imported successfully.
08-17-2022 @ 06:51:09 - Row :47 - Parsing item.
08-17-2022 @ 06:51:09 - Row :47 - Processing item.
08-17-2022 @ 06:51:09 - Processing users.
08-17-2022 @ 06:51:12 - > &#8220;611&#8221;User imported successfully. ID:611
08-17-2022 @ 06:51:12 - > Finished importing user 611
08-17-2022 @ 06:51:12 - Row :47 - User imported successfully.
08-17-2022 @ 06:51:12 - Row :48 - Parsing item.
08-17-2022 @ 06:51:12 - Row :48 - Processing item.
08-17-2022 @ 06:51:12 - Processing users.
08-17-2022 @ 06:51:16 - > &#8220;612&#8221;User imported successfully. ID:612
08-17-2022 @ 06:51:16 - > Finished importing user 612
08-17-2022 @ 06:51:16 - Row :48 - User imported successfully.
08-17-2022 @ 06:51:16 - Row :49 - Parsing item.
08-17-2022 @ 06:51:16 - Row :49 - Processing item.
08-17-2022 @ 06:51:16 - Processing users.
08-17-2022 @ 06:51:20 - > &#8220;615&#8221;User imported successfully. ID:615
08-17-2022 @ 06:51:20 - > Finished importing user 615
08-17-2022 @ 06:51:20 - Row :49 - User imported successfully.
08-17-2022 @ 06:51:20 - Row :50 - Parsing item.
08-17-2022 @ 06:51:20 - Row :50 - Parsing failed. Reason: User with same Email already exists. Email: arjun.noida1992@gmail.com
08-17-2022 @ 06:51:20 - Row :51 - Parsing item.
08-17-2022 @ 06:51:20 - Row :51 - Processing item.
08-17-2022 @ 06:51:20 - Processing users.
08-17-2022 @ 06:51:24 - > &#8220;617&#8221;User imported successfully. ID:617
08-17-2022 @ 06:51:24 - > Finished importing user 617
08-17-2022 @ 06:51:24 - Row :51 - User imported successfully.
08-17-2022 @ 06:51:24 - Row :52 - Parsing item.
08-17-2022 @ 06:51:24 - Row :52 - Parsing failed. Reason: User with same Email already exists. Email: hr@dairyfun.co.in
08-17-2022 @ 06:51:24 - Row :53 - Parsing item.
08-17-2022 @ 06:51:24 - Row :53 - Processing item.
08-17-2022 @ 06:51:24 - Processing users.
08-17-2022 @ 06:51:27 - > &#8220;620&#8221;User imported successfully. ID:620
08-17-2022 @ 06:51:27 - > Finished importing user 620
08-17-2022 @ 06:51:27 - Row :53 - User imported successfully.
08-17-2022 @ 06:51:27 - Row :54 - Parsing item.
08-17-2022 @ 06:51:27 - Row :54 - Parsing failed. Reason: User with same Email already exists. Email: gurudev1973@gmail.com
08-17-2022 @ 06:51:27 - Row :55 - Parsing item.
08-17-2022 @ 06:51:27 - Row :55 - Processing item.
08-17-2022 @ 06:51:27 - Processing users.
08-17-2022 @ 06:51:30 - > &#8220;624&#8221;User imported successfully. ID:624
08-17-2022 @ 06:51:30 - > Finished importing user 624
08-17-2022 @ 06:51:30 - Row :55 - User imported successfully.
08-17-2022 @ 06:51:30 - Row :56 - Parsing item.
08-17-2022 @ 06:51:30 - Row :56 - Processing item.
08-17-2022 @ 06:51:30 - Processing users.
08-17-2022 @ 06:51:34 - > &#8220;627&#8221;User imported successfully. ID:627
08-17-2022 @ 06:51:34 - > Finished importing user 627
08-17-2022 @ 06:51:34 - Row :56 - User imported successfully.
08-17-2022 @ 06:51:34 - Row :57 - Parsing item.
08-17-2022 @ 06:51:34 - Row :57 - Processing item.
08-17-2022 @ 06:51:34 - Processing users.
08-17-2022 @ 06:51:37 - > &#8220;631&#8221;User imported successfully. ID:631
08-17-2022 @ 06:51:37 - > Finished importing user 631
08-17-2022 @ 06:51:37 - Row :57 - User imported successfully.
08-17-2022 @ 06:51:37 - Row :58 - Parsing item.
08-17-2022 @ 06:51:37 - Row :58 - Processing item.
08-17-2022 @ 06:51:37 - Processing users.
08-17-2022 @ 06:51:41 - > &#8220;632&#8221;User imported successfully. ID:632
08-17-2022 @ 06:51:41 - > Finished importing user 632
08-17-2022 @ 06:51:41 - Row :58 - User imported successfully.
08-17-2022 @ 06:51:41 - Row :59 - Parsing item.
08-17-2022 @ 06:51:41 - Row :59 - Processing item.
08-17-2022 @ 06:51:41 - Processing users.
08-17-2022 @ 06:51:45 - > &#8220;635&#8221;User imported successfully. ID:635
08-17-2022 @ 06:51:45 - > Finished importing user 635
08-17-2022 @ 06:51:45 - Row :59 - User imported successfully.
08-17-2022 @ 06:51:45 - Row :60 - Parsing item.
08-17-2022 @ 06:51:45 - Row :60 - Processing item.
08-17-2022 @ 06:51:45 - Processing users.
08-17-2022 @ 06:51:48 - > &#8220;638&#8221;User imported successfully. ID:638
08-17-2022 @ 06:51:48 - > Finished importing user 638
08-17-2022 @ 06:51:48 - Row :60 - User imported successfully.
08-17-2022 @ 06:51:48 - Row :61 - Parsing item.
08-17-2022 @ 06:51:48 - Row :61 - Processing item.
08-17-2022 @ 06:51:48 - Processing users.
08-17-2022 @ 06:51:52 - > &#8220;642&#8221;User imported successfully. ID:642
08-17-2022 @ 06:51:52 - > Finished importing user 642
08-17-2022 @ 06:51:52 - Row :61 - User imported successfully.
08-17-2022 @ 06:51:52 - Row :62 - Parsing item.
08-17-2022 @ 06:51:52 - Row :62 - Parsing failed. Reason: User with same Email already exists. Email: pankajtrad77@gmail.com
08-17-2022 @ 06:51:52 - Row :63 - Parsing item.
08-17-2022 @ 06:51:52 - Row :63 - Processing item.
08-17-2022 @ 06:51:52 - Processing users.
08-17-2022 @ 06:51:56 - > &#8220;645&#8221;User imported successfully. ID:645
08-17-2022 @ 06:51:56 - > Finished importing user 645
08-17-2022 @ 06:51:56 - Row :63 - User imported successfully.
08-17-2022 @ 06:51:56 - Row :64 - Parsing item.
08-17-2022 @ 06:51:56 - Row :64 - Processing item.
08-17-2022 @ 06:51:56 - Processing users.
08-17-2022 @ 06:52:00 - > &#8220;647&#8221;User imported successfully. ID:647
08-17-2022 @ 06:52:00 - > Finished importing user 647
08-17-2022 @ 06:52:00 - Row :64 - User imported successfully.
08-17-2022 @ 06:52:00 - Row :65 - Parsing item.
08-17-2022 @ 06:52:00 - Row :65 - Processing item.
08-17-2022 @ 06:52:00 - Processing users.
08-17-2022 @ 06:52:03 - > &#8220;652&#8221;User imported successfully. ID:652
08-17-2022 @ 06:52:03 - > Finished importing user 652
08-17-2022 @ 06:52:03 - Row :65 - User imported successfully.
08-17-2022 @ 06:52:03 - Row :66 - Parsing item.
08-17-2022 @ 06:52:03 - Row :66 - Processing item.
08-17-2022 @ 06:52:03 - Processing users.
08-17-2022 @ 06:52:07 - > &#8220;653&#8221;User imported successfully. ID:653
08-17-2022 @ 06:52:07 - > Finished importing user 653
08-17-2022 @ 06:52:07 - Row :66 - User imported successfully.
08-17-2022 @ 06:52:07 - Row :67 - Parsing item.
08-17-2022 @ 06:52:07 - Row :67 - Processing item.
08-17-2022 @ 06:52:07 - Processing users.
08-17-2022 @ 06:52:13 - > &#8220;658&#8221;User imported successfully. ID:658
08-17-2022 @ 06:52:13 - > Finished importing user 658
08-17-2022 @ 06:52:13 - Row :67 - User imported successfully.
08-17-2022 @ 06:52:13 - Row :68 - Parsing item.
08-17-2022 @ 06:52:13 - Row :68 - Parsing failed. Reason: User with same Email already exists. Email: kg.michael@lavazza.co.in
08-17-2022 @ 06:52:13 - Row :69 - Parsing item.
08-17-2022 @ 06:52:13 - Row :69 - Processing item.
08-17-2022 @ 06:52:13 - Processing users.
08-17-2022 @ 06:52:17 - > &#8220;661&#8221;User imported successfully. ID:661
08-17-2022 @ 06:52:17 - > Finished importing user 661
08-17-2022 @ 06:52:17 - Row :69 - User imported successfully.
08-17-2022 @ 06:52:17 - Row :70 - Parsing item.
08-17-2022 @ 06:52:17 - Row :70 - Processing item.
08-17-2022 @ 06:52:17 - Processing users.
08-17-2022 @ 06:52:21 - > &#8220;663&#8221;User imported successfully. ID:663
08-17-2022 @ 06:52:21 - > Finished importing user 663
08-17-2022 @ 06:52:21 - Row :70 - User imported successfully.
08-17-2022 @ 06:52:21 - Row :71 - Parsing item.
08-17-2022 @ 06:52:21 - Row :71 - Processing item.
08-17-2022 @ 06:52:21 - Processing users.
08-17-2022 @ 06:52:25 - > &#8220;665&#8221;User imported successfully. ID:665
08-17-2022 @ 06:52:25 - > Finished importing user 665
08-17-2022 @ 06:52:25 - Row :71 - User imported successfully.
08-17-2022 @ 06:52:25 - Row :72 - Parsing item.
08-17-2022 @ 06:52:25 - Row :72 - Parsing failed. Reason: User with same Email already exists. Email: parulb9@gmail.com
08-17-2022 @ 06:52:25 - Row :73 - Parsing item.
08-17-2022 @ 06:52:25 - Row :73 - Processing item.
08-17-2022 @ 06:52:25 - Processing users.
08-17-2022 @ 06:52:28 - > &#8220;669&#8221;User imported successfully. ID:669
08-17-2022 @ 06:52:28 - > Finished importing user 669
08-17-2022 @ 06:52:28 - Row :73 - User imported successfully.
08-17-2022 @ 06:52:28 - Row :74 - Parsing item.
08-17-2022 @ 06:52:28 - Row :74 - Parsing failed. Reason: User with same Email already exists. Email: yanrenovung@gmail.com
08-17-2022 @ 06:52:28 - Row :75 - Parsing item.
08-17-2022 @ 06:52:28 - Row :75 - Processing item.
08-17-2022 @ 06:52:28 - Processing users.
08-17-2022 @ 06:52:32 - > &#8220;671&#8221;User imported successfully. ID:671
08-17-2022 @ 06:52:32 - > Finished importing user 671
08-17-2022 @ 06:52:32 - Row :75 - User imported successfully.
08-17-2022 @ 06:52:32 - Row :76 - Parsing item.
08-17-2022 @ 06:52:32 - Row :76 - Parsing failed. Reason: User with same Email already exists. Email: daksh@industrialtechnologies.net
08-17-2022 @ 06:52:32 - Row :77 - Parsing item.
08-17-2022 @ 06:52:32 - Row :77 - Processing item.
08-17-2022 @ 06:52:32 - Processing users.
08-17-2022 @ 06:52:36 - > &#8220;674&#8221;User imported successfully. ID:674
08-17-2022 @ 06:52:36 - > Finished importing user 674
08-17-2022 @ 06:52:36 - Row :77 - User imported successfully.
08-17-2022 @ 06:52:36 - Row :78 - Parsing item.
08-17-2022 @ 06:52:36 - Row :78 - Parsing failed. Reason: User with same Email already exists. Email: jaberm@india.switzgroup.com
08-17-2022 @ 06:52:36 - Row :79 - Parsing item.
08-17-2022 @ 06:52:36 - Row :79 - Processing item.
08-17-2022 @ 06:52:36 - Processing users.
08-17-2022 @ 06:52:39 - > &#8220;679&#8221;User imported successfully. ID:679
08-17-2022 @ 06:52:39 - > Finished importing user 679
08-17-2022 @ 06:52:39 - Row :79 - User imported successfully.
08-17-2022 @ 06:52:39 - Row :80 - Parsing item.
08-17-2022 @ 06:52:39 - Row :80 - Processing item.
08-17-2022 @ 06:52:39 - Processing users.
08-17-2022 @ 06:52:43 - > &#8220;681&#8221;User imported successfully. ID:681
08-17-2022 @ 06:52:43 - > Finished importing user 681
08-17-2022 @ 06:52:43 - Row :80 - User imported successfully.
08-17-2022 @ 06:52:43 - Row :81 - Parsing item.
08-17-2022 @ 06:52:43 - Row :81 - Processing item.
08-17-2022 @ 06:52:43 - Processing users.
08-17-2022 @ 06:52:48 - > &#8220;684&#8221;User imported successfully. ID:684
08-17-2022 @ 06:52:48 - > Finished importing user 684
08-17-2022 @ 06:52:48 - Row :81 - User imported successfully.
08-17-2022 @ 06:52:48 - Row :82 - Parsing item.
08-17-2022 @ 06:52:48 - Row :82 - Parsing failed. Reason: User with same Email already exists. Email: avinash@animeshpackaging.com
08-17-2022 @ 06:52:48 - Row :83 - Parsing item.
08-17-2022 @ 06:52:48 - Row :83 - Processing item.
08-17-2022 @ 06:52:48 - Processing users.
08-17-2022 @ 06:52:51 - > &#8220;687&#8221;User imported successfully. ID:687
08-17-2022 @ 06:52:51 - > Finished importing user 687
08-17-2022 @ 06:52:51 - Row :83 - User imported successfully.
08-17-2022 @ 06:52:51 - Row :84 - Parsing item.
08-17-2022 @ 06:52:51 - Row :84 - Parsing failed. Reason: User with same Email already exists. Email: krishna@varvaraindia.co.in
08-17-2022 @ 06:52:51 - Row :85 - Parsing item.
08-17-2022 @ 06:52:51 - Row :85 - Processing item.
08-17-2022 @ 06:52:51 - Processing users.
08-17-2022 @ 06:52:55 - > &#8220;689&#8221;User imported successfully. ID:689
08-17-2022 @ 06:52:55 - > Finished importing user 689
08-17-2022 @ 06:52:55 - Row :85 - User imported successfully.
08-17-2022 @ 06:52:55 - Row :86 - Parsing item.
08-17-2022 @ 06:52:55 - Row :86 - Parsing failed. Reason: User with same Email already exists. Email: feroz.shah@khybercement.com
08-17-2022 @ 06:52:55 - Row :87 - Parsing item.
08-17-2022 @ 06:52:55 - Row :87 - Processing item.
08-17-2022 @ 06:52:55 - Processing users.
08-17-2022 @ 06:52:59 - > &#8220;693&#8221;User imported successfully. ID:693
08-17-2022 @ 06:52:59 - > Finished importing user 693
08-17-2022 @ 06:52:59 - Row :87 - User imported successfully.
08-17-2022 @ 06:52:59 - Row :88 - Parsing item.
08-17-2022 @ 06:52:59 - Row :88 - Parsing failed. Reason: User with same Email already exists. Email: sadiq.ali@marico.com
08-17-2022 @ 06:52:59 - Row :89 - Parsing item.
08-17-2022 @ 06:52:59 - Row :89 - Processing item.
08-17-2022 @ 06:52:59 - Processing users.
08-17-2022 @ 06:53:02 - > &#8220;696&#8221;User imported successfully. ID:696
08-17-2022 @ 06:53:02 - > Finished importing user 696
08-17-2022 @ 06:53:02 - Row :89 - User imported successfully.
08-17-2022 @ 06:53:02 - Row :90 - Parsing item.
08-17-2022 @ 06:53:02 - Row :90 - Processing item.
08-17-2022 @ 06:53:02 - Processing users.
08-17-2022 @ 06:53:06 - > &#8220;699&#8221;User imported successfully. ID:699
08-17-2022 @ 06:53:06 - > Finished importing user 699
08-17-2022 @ 06:53:06 - Row :90 - User imported successfully.
08-17-2022 @ 06:53:06 - Row :91 - Parsing item.
08-17-2022 @ 06:53:06 - Row :91 - Processing item.
08-17-2022 @ 06:53:06 - Processing users.
08-17-2022 @ 06:53:10 - > &#8220;702&#8221;User imported successfully. ID:702
08-17-2022 @ 06:53:10 - > Finished importing user 702
08-17-2022 @ 06:53:10 - Row :91 - User imported successfully.
08-17-2022 @ 06:53:10 - Row :92 - Parsing item.
08-17-2022 @ 06:53:10 - Row :92 - Parsing failed. Reason: User with same Email already exists. Email: simrantraders118@gmail.com
08-17-2022 @ 06:53:10 - Row :93 - Parsing item.
08-17-2022 @ 06:53:10 - Row :93 - Processing item.
08-17-2022 @ 06:53:10 - Processing users.
08-17-2022 @ 06:53:14 - > &#8220;705&#8221;User imported successfully. ID:705
08-17-2022 @ 06:53:14 - > Finished importing user 705
08-17-2022 @ 06:53:14 - Row :93 - User imported successfully.
08-17-2022 @ 06:53:14 - Row :94 - Parsing item.
08-17-2022 @ 06:53:14 - Row :94 - Processing item.
08-17-2022 @ 06:53:14 - Processing users.
08-17-2022 @ 06:53:18 - > &#8220;709&#8221;User imported successfully. ID:709
08-17-2022 @ 06:53:18 - > Finished importing user 709
08-17-2022 @ 06:53:18 - Row :94 - User imported successfully.
08-17-2022 @ 06:53:18 - Row :95 - Parsing item.
08-17-2022 @ 06:53:18 - Row :95 - Processing item.
08-17-2022 @ 06:53:18 - Processing users.
08-17-2022 @ 06:53:21 - > &#8220;711&#8221;User imported successfully. ID:711
08-17-2022 @ 06:53:21 - > Finished importing user 711
08-17-2022 @ 06:53:21 - Row :95 - User imported successfully.
08-17-2022 @ 06:53:21 - Row :96 - Parsing item.
08-17-2022 @ 06:53:21 - Row :96 - Processing item.
08-17-2022 @ 06:53:21 - Processing users.
08-17-2022 @ 06:53:25 - > &#8220;713&#8221;User imported successfully. ID:713
08-17-2022 @ 06:53:25 - > Finished importing user 713
08-17-2022 @ 06:53:25 - Row :96 - User imported successfully.
08-17-2022 @ 06:53:25 - Row :97 - Parsing item.
08-17-2022 @ 06:53:25 - Row :97 - Processing item.
08-17-2022 @ 06:53:25 - Processing users.
08-17-2022 @ 06:53:29 - > &#8220;716&#8221;User imported successfully. ID:716
08-17-2022 @ 06:53:29 - > Finished importing user 716
08-17-2022 @ 06:53:29 - Row :97 - User imported successfully.
08-17-2022 @ 06:53:29 - Row :98 - Parsing item.
08-17-2022 @ 06:53:29 - Row :98 - Processing item.
08-17-2022 @ 06:53:29 - Processing users.
08-17-2022 @ 06:53:33 - > &#8220;719&#8221;User imported successfully. ID:719
08-17-2022 @ 06:53:33 - > Finished importing user 719
08-17-2022 @ 06:53:33 - Row :98 - User imported successfully.
08-17-2022 @ 06:53:33 - Row :99 - Parsing item.
08-17-2022 @ 06:53:33 - Row :99 - Processing item.
08-17-2022 @ 06:53:33 - Processing users.
08-17-2022 @ 06:53:36 - > &#8220;722&#8221;User imported successfully. ID:722
08-17-2022 @ 06:53:36 - > Finished importing user 722
08-17-2022 @ 06:53:36 - Row :99 - User imported successfully.
08-17-2022 @ 06:53:36 - Row :100 - Parsing item.
08-17-2022 @ 06:53:36 - Row :100 - Processing item.
08-17-2022 @ 06:53:36 - Processing users.
08-17-2022 @ 06:53:41 - > &#8220;725&#8221;User imported successfully. ID:725
08-17-2022 @ 06:53:41 - > Finished importing user 725
08-17-2022 @ 06:53:41 - Row :100 - User imported successfully.
