08-17-2022 @ 06:51:16 - ---[ New import started at 2022-08-17 06:51:16 ] PHP Memory: 256 MB, WP Memory: 40 MB
08-17-2022 @ 06:51:16 - Preparing for import.
08-17-2022 @ 06:51:16 - Row :1 - Parsing item.
08-17-2022 @ 06:51:16 - Row :1 - Parsing failed. Reason: User with same Email already exists. Email: vineet.bansal@richemont.com
08-17-2022 @ 06:51:16 - Row :2 - Parsing item.
08-17-2022 @ 06:51:16 - Row :2 - Parsing failed. Reason: User with same Email already exists. Email: vikas.dixit3@wipro.com
08-17-2022 @ 06:51:16 - Row :3 - Parsing item.
08-17-2022 @ 06:51:16 - Row :3 - Parsing failed. Reason: User with same Email already exists. Email: VIVEK@EKA-GLOBAL.COM
08-17-2022 @ 06:51:16 - Row :4 - Parsing item.
08-17-2022 @ 06:51:16 - Row :4 - Parsing failed. Reason: User with same Email already exists. Email: nazir686@gmail.com
08-17-2022 @ 06:51:16 - Row :5 - Parsing item.
08-17-2022 @ 06:51:16 - Row :5 - Parsing failed. Reason: User with same Email already exists. Email: s.mandal@simbhaolisugars.com
08-17-2022 @ 06:51:16 - Row :6 - Parsing item.
08-17-2022 @ 06:51:16 - Row :6 - Parsing failed. Reason: User with same Email already exists. Email: neeraj@netsurfbiotech.com
08-17-2022 @ 06:51:16 - Row :7 - Parsing item.
08-17-2022 @ 06:51:16 - Row :7 - Parsing failed. Reason: User with same Email already exists. Email: nirmala.jayakumar@checkpt.com
08-17-2022 @ 06:51:16 - Row :8 - Parsing item.
08-17-2022 @ 06:51:16 - Row :8 - Parsing failed. Reason: User with same Email already exists. Email: cochinpacks@gmail.com
08-17-2022 @ 06:51:16 - Row :9 - Parsing item.
08-17-2022 @ 06:51:16 - Row :9 - Parsing failed. Reason: User with same Email already exists. Email: anzoassociates123@gmail.com
08-17-2022 @ 06:51:16 - Row :10 - Parsing item.
08-17-2022 @ 06:51:16 - Row :10 - Parsing failed. Reason: User with same Email already exists. Email: sanjay.loharch@gmail.com
08-17-2022 @ 06:51:16 - Preparing for import.
08-17-2022 @ 06:51:16 - Row :11 - Parsing item.
08-17-2022 @ 06:51:16 - Row :11 - Parsing failed. Reason: User with same Email already exists. Email: dscpl.grn@dsgroup.com
08-17-2022 @ 06:51:16 - Row :12 - Parsing item.
08-17-2022 @ 06:51:16 - Row :12 - Parsing failed. Reason: User with same Email already exists. Email: virender.singh@yakult.co.in
08-17-2022 @ 06:51:16 - Row :13 - Parsing item.
08-17-2022 @ 06:51:16 - Row :13 - Parsing failed. Reason: User with same Email already exists. Email: sujoykprg@gmail.com
08-17-2022 @ 06:51:16 - Row :14 - Parsing item.
08-17-2022 @ 06:51:16 - Row :14 - Parsing failed. Reason: User with same Email already exists. Email: dananjaya@tvsmotor.com
08-17-2022 @ 06:51:16 - Row :15 - Parsing item.
08-17-2022 @ 06:51:16 - Row :15 - Parsing failed. Reason: User with same Email already exists. Email: prashant.khurana@honda2wheelersindia.com
08-17-2022 @ 06:51:16 - Row :16 - Parsing item.
08-17-2022 @ 06:51:16 - Row :16 - Parsing failed. Reason: User with same Email already exists. Email: kapco20@hotmail.com
08-17-2022 @ 06:51:16 - Row :17 - Parsing item.
08-17-2022 @ 06:51:16 - Row :17 - Parsing failed. Reason: User with same Email already exists. Email: parulfoodproduct@gmail.com
08-17-2022 @ 06:51:16 - Row :18 - Parsing item.
08-17-2022 @ 06:51:16 - Row :18 - Parsing failed. Reason: User with same Email already exists. Email: hamjaniplasticindustries@gmail.com
08-17-2022 @ 06:51:16 - Row :19 - Parsing item.
08-17-2022 @ 06:51:16 - Row :19 - Parsing failed. Reason: User with same Email already exists. Email: motherplastics01@gmail.com
08-17-2022 @ 06:51:16 - Row :20 - Parsing item.
08-17-2022 @ 06:51:16 - Row :20 - Parsing failed. Reason: User with same Email already exists. Email: dineshplasticwork@gmail.com
08-17-2022 @ 06:51:16 - Preparing for import.
08-17-2022 @ 06:51:16 - Row :21 - Parsing item.
08-17-2022 @ 06:51:16 - Row :21 - Parsing failed. Reason: User with same Email already exists. Email: hera_parmanandani@yahoo.com
08-17-2022 @ 06:51:16 - Row :22 - Parsing item.
08-17-2022 @ 06:51:16 - Row :22 - Parsing failed. Reason: User with same Email already exists. Email: sourabh.sam@rediffmail.com
08-17-2022 @ 06:51:16 - Row :23 - Parsing item.
08-17-2022 @ 06:51:16 - Row :23 - Parsing failed. Reason: User with same Email already exists. Email: beautjung@solu-m.com
08-17-2022 @ 06:51:16 - Row :24 - Parsing item.
08-17-2022 @ 06:51:16 - Row :24 - Parsing failed. Reason: User with same Email already exists. Email: HR@Lavazza.co.in
08-17-2022 @ 06:51:16 - Row :25 - Parsing item.
08-17-2022 @ 06:51:16 - Row :25 - Parsing failed. Reason: User with same Email already exists. Email: hdc_golconda@yahoo.com
08-17-2022 @ 06:51:16 - Row :26 - Parsing item.
08-17-2022 @ 06:51:16 - Row :26 - Parsing failed. Reason: User with same Email already exists. Email: TALASHPP@GMAIL.COM
08-17-2022 @ 06:51:16 - Row :27 - Parsing item.
08-17-2022 @ 06:51:16 - Row :27 - Parsing failed. Reason: User with same Email already exists. Email: vcdk1951@gmail.com
08-17-2022 @ 06:51:16 - Row :28 - Parsing item.
08-17-2022 @ 06:51:16 - Row :28 - Parsing failed. Reason: User with same Email already exists. Email: vinodkbalaji@gmail.com
08-17-2022 @ 06:51:16 - Row :29 - Parsing item.
08-17-2022 @ 06:51:16 - Row :29 - Parsing failed. Reason: User with same Email already exists. Email: aksingh1966@yahoo.co.in
08-17-2022 @ 06:51:16 - Row :30 - Parsing item.
08-17-2022 @ 06:51:16 - Row :30 - Parsing failed. Reason: User with same Email already exists. Email: contact@apfl.in
08-17-2022 @ 06:51:16 - Preparing for import.
08-17-2022 @ 06:51:16 - Row :31 - Parsing item.
08-17-2022 @ 06:51:16 - Row :31 - Parsing failed. Reason: User with same Email already exists. Email: vlala@cisco.com
08-17-2022 @ 06:51:16 - Row :32 - Parsing item.
08-17-2022 @ 06:51:16 - Row :32 - Parsing failed. Reason: User with same Email already exists. Email: ramanand.kudtarkar@ril.com
08-17-2022 @ 06:51:16 - Row :33 - Parsing item.
08-17-2022 @ 06:51:16 - Row :33 - Parsing failed. Reason: User with same Email already exists. Email: tobinmanuel92@gmail.com
08-17-2022 @ 06:51:16 - Row :34 - Parsing item.
08-17-2022 @ 06:51:16 - Row :34 - Parsing failed. Reason: User with same Email already exists. Email: ngmhetras@yahoo.co.in
08-17-2022 @ 06:51:16 - Row :35 - Parsing item.
08-17-2022 @ 06:51:16 - Row :35 - Parsing failed. Reason: User with same Email already exists. Email: shailja3564@outlook.com
08-17-2022 @ 06:51:16 - Row :36 - Parsing item.
08-17-2022 @ 06:51:16 - Row :36 - Parsing failed. Reason: User with same Email already exists. Email: umanathpai@gmail.com
08-17-2022 @ 06:51:16 - Row :37 - Parsing item.
08-17-2022 @ 06:51:16 - Row :37 - Parsing failed. Reason: User with same Email already exists. Email: vikas.sawant@ril.com
08-17-2022 @ 06:51:16 - Row :38 - Parsing item.
08-17-2022 @ 06:51:16 - Row :38 - Parsing failed. Reason: User with same Email already exists. Email: alphonse.michael@delmontefoods.in
08-17-2022 @ 06:51:16 - Row :39 - Parsing item.
08-17-2022 @ 06:51:16 - Row :39 - Parsing failed. Reason: User with same Email already exists. Email: manish.airee@icapidilite.com
08-17-2022 @ 06:51:16 - Row :40 - Parsing item.
08-17-2022 @ 06:51:16 - Row :40 - Parsing failed. Reason: User with same Email already exists. Email: Jagadeesh.Muthukumaran@checkpt.com
08-17-2022 @ 06:51:17 - Preparing for import.
08-17-2022 @ 06:51:17 - Row :41 - Parsing item.
08-17-2022 @ 06:51:17 - Row :41 - Parsing failed. Reason: User with same Email already exists. Email: alal@zavenir.com
08-17-2022 @ 06:51:17 - Row :42 - Parsing item.
08-17-2022 @ 06:51:17 - Row :42 - Parsing failed. Reason: User with same Email already exists. Email: ynt.cfl@gmail.com
08-17-2022 @ 06:51:17 - Row :43 - Parsing item.
08-17-2022 @ 06:51:17 - Row :43 - Parsing failed. Reason: User with same Email already exists. Email: ssrmaterials02@gmail.com
08-17-2022 @ 06:51:17 - Row :44 - Parsing item.
08-17-2022 @ 06:51:17 - Row :44 - Parsing failed. Reason: User with same Email already exists. Email: SANJEEV.IWMCO@GMAIL.COM
08-17-2022 @ 06:51:17 - Row :45 - Parsing item.
08-17-2022 @ 06:51:17 - Row :45 - Parsing failed. Reason: User with same Email already exists. Email: amit.yadav@kerry.com
08-17-2022 @ 06:51:17 - Row :46 - Parsing item.
08-17-2022 @ 06:51:17 - Row :46 - Parsing failed. Reason: User with same Email already exists. Email: annapolymers2019@gmail.com
08-17-2022 @ 06:51:17 - Row :47 - Parsing item.
08-17-2022 @ 06:51:17 - Row :47 - Parsing failed. Reason: User with same Email already exists. Email: manna@gefindia.net
08-17-2022 @ 06:51:17 - Row :48 - Parsing item.
08-17-2022 @ 06:51:17 - Row :48 - Parsing failed. Reason: User with same Email already exists. Email: joypetindia@gmail.com
08-17-2022 @ 06:51:17 - Row :49 - Parsing item.
08-17-2022 @ 06:51:17 - Row :49 - Parsing failed. Reason: User with same Email already exists. Email: ambiocean@gmail.com
08-17-2022 @ 06:51:17 - Row :50 - Parsing item.
08-17-2022 @ 06:51:17 - Row :50 - Processing item.
08-17-2022 @ 06:51:17 - Processing users.
08-17-2022 @ 06:51:20 - > &#8220;616&#8221;User imported successfully. ID:616
08-17-2022 @ 06:51:20 - > Finished importing user 616
08-17-2022 @ 06:51:20 - Row :50 - User imported successfully.
08-17-2022 @ 06:51:21 - Preparing for import.
08-17-2022 @ 06:51:21 - Row :51 - Parsing item.
08-17-2022 @ 06:51:21 - Row :51 - Parsing failed. Reason: User with same Email already exists. Email: pd@cornitos.in
08-17-2022 @ 06:51:21 - Row :52 - Parsing item.
08-17-2022 @ 06:51:21 - Row :52 - Processing item.
08-17-2022 @ 06:51:21 - Processing users.
08-17-2022 @ 06:51:24 - > &#8220;619&#8221;User imported successfully. ID:619
08-17-2022 @ 06:51:24 - > Finished importing user 619
08-17-2022 @ 06:51:24 - Row :52 - User imported successfully.
08-17-2022 @ 06:51:24 - Row :53 - Parsing item.
08-17-2022 @ 06:51:24 - Row :53 - Parsing failed. Reason: User with same Email already exists. Email: deepan.devadoss@decathlon.com
08-17-2022 @ 06:51:24 - Row :54 - Parsing item.
08-17-2022 @ 06:51:24 - Row :54 - Processing item.
08-17-2022 @ 06:51:24 - Processing users.
08-17-2022 @ 06:51:27 - > &#8220;622&#8221;User imported successfully. ID:622
08-17-2022 @ 06:51:27 - > Finished importing user 622
08-17-2022 @ 06:51:27 - Row :54 - User imported successfully.
08-17-2022 @ 06:51:27 - Row :55 - Parsing item.
08-17-2022 @ 06:51:27 - Row :55 - Processing item.
08-17-2022 @ 06:51:27 - Processing users.
08-17-2022 @ 06:51:30 - > &#8220;625&#8221;User imported successfully. ID:625
08-17-2022 @ 06:51:30 - > Finished importing user 625
08-17-2022 @ 06:51:30 - Row :55 - User imported successfully.
08-17-2022 @ 06:51:30 - Row :56 - Parsing item.
08-17-2022 @ 06:51:30 - Row :56 - Processing item.
08-17-2022 @ 06:51:30 - Processing users.
08-17-2022 @ 06:51:34 - > &#8220;628&#8221;User imported successfully. ID:628
08-17-2022 @ 06:51:34 - > Finished importing user 628
08-17-2022 @ 06:51:34 - Row :56 - User imported successfully.
08-17-2022 @ 06:51:34 - Row :57 - Parsing item.
08-17-2022 @ 06:51:34 - Row :57 - Processing item.
08-17-2022 @ 06:51:34 - Processing users.
08-17-2022 @ 06:51:37 - > &#8220;630&#8221;User imported successfully. ID:630
08-17-2022 @ 06:51:37 - > Finished importing user 630
08-17-2022 @ 06:51:37 - Row :57 - User imported successfully.
08-17-2022 @ 06:51:37 - Row :58 - Parsing item.
08-17-2022 @ 06:51:37 - Row :58 - Processing item.
08-17-2022 @ 06:51:37 - Processing users.
08-17-2022 @ 06:51:41 - > &#8220;633&#8221;User imported successfully. ID:633
08-17-2022 @ 06:51:41 - > Finished importing user 633
08-17-2022 @ 06:51:41 - Row :58 - User imported successfully.
08-17-2022 @ 06:51:41 - Row :59 - Parsing item.
08-17-2022 @ 06:51:41 - Row :59 - Processing item.
08-17-2022 @ 06:51:41 - Processing users.
08-17-2022 @ 06:51:45 - > &#8220;636&#8221;User imported successfully. ID:636
08-17-2022 @ 06:51:45 - > Finished importing user 636
08-17-2022 @ 06:51:45 - Row :59 - User imported successfully.
08-17-2022 @ 06:51:45 - Row :60 - Parsing item.
08-17-2022 @ 06:51:45 - Row :60 - Processing item.
08-17-2022 @ 06:51:45 - Processing users.
08-17-2022 @ 06:51:48 - > &#8220;640&#8221;User imported successfully. ID:640
08-17-2022 @ 06:51:48 - > Finished importing user 640
08-17-2022 @ 06:51:48 - Row :60 - User imported successfully.
08-17-2022 @ 06:51:49 - Preparing for import.
08-17-2022 @ 06:51:49 - Row :61 - Parsing item.
08-17-2022 @ 06:51:49 - Row :61 - Parsing failed. Reason: User with same Email already exists. Email: shreejitrading101@gmail.com
08-17-2022 @ 06:51:49 - Row :62 - Parsing item.
08-17-2022 @ 06:51:49 - Row :62 - Processing item.
08-17-2022 @ 06:51:49 - Processing users.
08-17-2022 @ 06:51:52 - > &#8220;643&#8221;User imported successfully. ID:643
08-17-2022 @ 06:51:52 - > Finished importing user 643
08-17-2022 @ 06:51:52 - Row :62 - User imported successfully.
08-17-2022 @ 06:51:52 - Row :63 - Parsing item.
08-17-2022 @ 06:51:52 - Row :63 - Processing item.
08-17-2022 @ 06:51:52 - Processing users.
08-17-2022 @ 06:51:56 - > &#8220;646&#8221;User imported successfully. ID:646
08-17-2022 @ 06:51:56 - > Finished importing user 646
08-17-2022 @ 06:51:56 - Row :63 - User imported successfully.
08-17-2022 @ 06:51:56 - Row :64 - Parsing item.
08-17-2022 @ 06:51:56 - Row :64 - Processing item.
08-17-2022 @ 06:51:56 - Processing users.
08-17-2022 @ 06:52:00 - > &#8220;648&#8221;User imported successfully. ID:648
08-17-2022 @ 06:52:00 - > Finished importing user 648
08-17-2022 @ 06:52:00 - Row :64 - User imported successfully.
08-17-2022 @ 06:52:00 - Row :65 - Parsing item.
08-17-2022 @ 06:52:00 - Row :65 - Processing item.
08-17-2022 @ 06:52:00 - Processing users.
08-17-2022 @ 06:52:03 - > &#8220;650&#8221;User imported successfully. ID:650
08-17-2022 @ 06:52:03 - > Finished importing user 650
08-17-2022 @ 06:52:03 - Row :65 - User imported successfully.
08-17-2022 @ 06:52:03 - Row :66 - Parsing item.
08-17-2022 @ 06:52:03 - Row :66 - Processing item.
08-17-2022 @ 06:52:03 - Processing users.
08-17-2022 @ 06:52:07 - > &#8220;655&#8221;User imported successfully. ID:655
08-17-2022 @ 06:52:07 - > Finished importing user 655
08-17-2022 @ 06:52:07 - Row :66 - User imported successfully.
08-17-2022 @ 06:52:07 - Row :67 - Parsing item.
08-17-2022 @ 06:52:07 - Row :67 - Processing item.
08-17-2022 @ 06:52:07 - Processing users.
08-17-2022 @ 06:52:12 - > &#8220;656&#8221;User imported successfully. ID:656
08-17-2022 @ 06:52:12 - > Finished importing user 656
08-17-2022 @ 06:52:12 - Row :67 - User imported successfully.
08-17-2022 @ 06:52:12 - Row :68 - Parsing item.
08-17-2022 @ 06:52:12 - Row :68 - Processing item.
08-17-2022 @ 06:52:12 - Processing users.
08-17-2022 @ 06:52:17 - > &#8220;659&#8221;User imported successfully. ID:659
08-17-2022 @ 06:52:17 - > Finished importing user 659
08-17-2022 @ 06:52:17 - Row :68 - User imported successfully.
08-17-2022 @ 06:52:17 - Row :69 - Parsing item.
08-17-2022 @ 06:52:17 - Row :69 - Parsing failed. Reason: User with same Email already exists. Email: Ganesh@toto.com
08-17-2022 @ 06:52:17 - Row :70 - Parsing item.
08-17-2022 @ 06:52:17 - Row :70 - Processing item.
08-17-2022 @ 06:52:17 - Processing users.
08-17-2022 @ 06:52:21 - > &#8220;662&#8221;User imported successfully. ID:662
08-17-2022 @ 06:52:21 - > Finished importing user 662
08-17-2022 @ 06:52:21 - Row :70 - User imported successfully.
08-17-2022 @ 06:52:22 - Preparing for import.
08-17-2022 @ 06:52:22 - Row :71 - Parsing item.
08-17-2022 @ 06:52:22 - Row :71 - Parsing failed. Reason: User with same Email already exists. Email: gracebeverages@gmail.com
08-17-2022 @ 06:52:22 - Row :72 - Parsing item.
08-17-2022 @ 06:52:22 - Row :72 - Processing item.
08-17-2022 @ 06:52:22 - Processing users.
08-17-2022 @ 06:52:25 - > &#8220;667&#8221;User imported successfully. ID:667
08-17-2022 @ 06:52:25 - > Finished importing user 667
08-17-2022 @ 06:52:25 - Row :72 - User imported successfully.
08-17-2022 @ 06:52:25 - Row :73 - Parsing item.
08-17-2022 @ 06:52:25 - Row :73 - Parsing failed. Reason: User with same Email already exists. Email: agm@euroindiafoods.com
08-17-2022 @ 06:52:25 - Row :74 - Parsing item.
08-17-2022 @ 06:52:25 - Row :74 - Processing item.
08-17-2022 @ 06:52:25 - Processing users.
08-17-2022 @ 06:52:28 - > &#8220;670&#8221;User imported successfully. ID:670
08-17-2022 @ 06:52:28 - > Finished importing user 670
08-17-2022 @ 06:52:28 - Row :74 - User imported successfully.
08-17-2022 @ 06:52:28 - Row :75 - Parsing item.
08-17-2022 @ 06:52:28 - Row :75 - Processing item.
08-17-2022 @ 06:52:28 - Processing users.
08-17-2022 @ 06:52:29 - > Error inserting 1: Sorry, that username already exists!
08-17-2022 @ 06:52:29 - Row :75 - Processing failed. Reason: > Error inserting 1: Sorry, that username already exists!
08-17-2022 @ 06:52:29 - Row :76 - Parsing item.
08-17-2022 @ 06:52:29 - Row :76 - Processing item.
08-17-2022 @ 06:52:29 - Processing users.
08-17-2022 @ 06:52:33 - > &#8220;673&#8221;User imported successfully. ID:673
08-17-2022 @ 06:52:33 - > Finished importing user 673
08-17-2022 @ 06:52:33 - Row :76 - User imported successfully.
08-17-2022 @ 06:52:33 - Row :77 - Parsing item.
08-17-2022 @ 06:52:33 - Row :77 - Parsing failed. Reason: User with same Email already exists. Email: agm.production@euroindiafoods.com
08-17-2022 @ 06:52:33 - Row :78 - Parsing item.
08-17-2022 @ 06:52:33 - Row :78 - Processing item.
08-17-2022 @ 06:52:33 - Processing users.
08-17-2022 @ 06:52:36 - > &#8220;675&#8221;User imported successfully. ID:675
08-17-2022 @ 06:52:36 - > Finished importing user 675
08-17-2022 @ 06:52:36 - Row :78 - User imported successfully.
08-17-2022 @ 06:52:36 - Row :79 - Parsing item.
08-17-2022 @ 06:52:36 - Row :79 - Processing item.
08-17-2022 @ 06:52:36 - Processing users.
08-17-2022 @ 06:52:39 - > &#8220;677&#8221;User imported successfully. ID:677
08-17-2022 @ 06:52:39 - > Finished importing user 677
08-17-2022 @ 06:52:39 - Row :79 - User imported successfully.
08-17-2022 @ 06:52:39 - Row :80 - Parsing item.
08-17-2022 @ 06:52:39 - Row :80 - Processing item.
08-17-2022 @ 06:52:39 - Processing users.
08-17-2022 @ 06:52:43 - > &#8220;680&#8221;User imported successfully. ID:680
08-17-2022 @ 06:52:43 - > Finished importing user 680
08-17-2022 @ 06:52:43 - Row :80 - User imported successfully.
08-17-2022 @ 06:52:44 - Preparing for import.
08-17-2022 @ 06:52:44 - Row :81 - Parsing item.
08-17-2022 @ 06:52:44 - Row :81 - Parsing failed. Reason: User with same Email already exists. Email: Cs@colourflex.com
08-17-2022 @ 06:52:44 - Row :82 - Parsing item.
08-17-2022 @ 06:52:44 - Row :82 - Processing item.
08-17-2022 @ 06:52:44 - Processing users.
08-17-2022 @ 06:52:48 - > &#8220;685&#8221;User imported successfully. ID:685
08-17-2022 @ 06:52:48 - > Finished importing user 685
08-17-2022 @ 06:52:48 - Row :82 - User imported successfully.
08-17-2022 @ 06:52:48 - Row :83 - Parsing item.
08-17-2022 @ 06:52:48 - Row :83 - Parsing failed. Reason: User with same Email already exists. Email: herambapolymers@yahoo.in
08-17-2022 @ 06:52:48 - Row :84 - Parsing item.
08-17-2022 @ 06:52:48 - Row :84 - Processing item.
08-17-2022 @ 06:52:48 - Processing users.
08-17-2022 @ 06:52:52 - > &#8220;688&#8221;User imported successfully. ID:688
08-17-2022 @ 06:52:52 - > Finished importing user 688
08-17-2022 @ 06:52:52 - Row :84 - User imported successfully.
08-17-2022 @ 06:52:52 - Row :85 - Parsing item.
08-17-2022 @ 06:52:52 - Row :85 - Parsing failed. Reason: User with same Email already exists. Email: krishanmohangupta01@gmail.com
08-17-2022 @ 06:52:52 - Row :86 - Parsing item.
08-17-2022 @ 06:52:52 - Row :86 - Processing item.
08-17-2022 @ 06:52:52 - Processing users.
08-17-2022 @ 06:52:55 - > &#8220;691&#8221;User imported successfully. ID:691
08-17-2022 @ 06:52:55 - > Finished importing user 691
08-17-2022 @ 06:52:55 - Row :86 - User imported successfully.
08-17-2022 @ 06:52:55 - Row :87 - Parsing item.
08-17-2022 @ 06:52:55 - Row :87 - Processing item.
08-17-2022 @ 06:52:55 - Processing users.
08-17-2022 @ 06:52:55 - > Error inserting 1: Sorry, that username already exists!
08-17-2022 @ 06:52:55 - Row :87 - Processing failed. Reason: > Error inserting 1: Sorry, that username already exists!
08-17-2022 @ 06:52:55 - Row :88 - Parsing item.
08-17-2022 @ 06:52:55 - Row :88 - Processing item.
08-17-2022 @ 06:52:55 - Processing users.
08-17-2022 @ 06:52:59 - > &#8220;694&#8221;User imported successfully. ID:694
08-17-2022 @ 06:52:59 - > Finished importing user 694
08-17-2022 @ 06:52:59 - Row :88 - User imported successfully.
08-17-2022 @ 06:52:59 - Row :89 - Parsing item.
08-17-2022 @ 06:52:59 - Row :89 - Processing item.
08-17-2022 @ 06:52:59 - Processing users.
08-17-2022 @ 06:53:02 - > &#8220;697&#8221;User imported successfully. ID:697
08-17-2022 @ 06:53:02 - > Finished importing user 697
08-17-2022 @ 06:53:02 - Row :89 - User imported successfully.
08-17-2022 @ 06:53:02 - Row :90 - Parsing item.
08-17-2022 @ 06:53:02 - Row :90 - Processing item.
08-17-2022 @ 06:53:02 - Processing users.
08-17-2022 @ 06:53:06 - > &#8220;700&#8221;User imported successfully. ID:700
08-17-2022 @ 06:53:06 - > Finished importing user 700
08-17-2022 @ 06:53:06 - Row :90 - User imported successfully.
08-17-2022 @ 06:53:07 - Preparing for import.
08-17-2022 @ 06:53:07 - Row :91 - Parsing item.
08-17-2022 @ 06:53:07 - Row :91 - Parsing failed. Reason: User with same Email already exists. Email: sviepr2022@gmail.com
08-17-2022 @ 06:53:07 - Row :92 - Parsing item.
08-17-2022 @ 06:53:07 - Row :92 - Processing item.
08-17-2022 @ 06:53:07 - Processing users.
08-17-2022 @ 06:53:10 - > &#8220;703&#8221;User imported successfully. ID:703
08-17-2022 @ 06:53:10 - > Finished importing user 703
08-17-2022 @ 06:53:10 - Row :92 - User imported successfully.
08-17-2022 @ 06:53:10 - Row :93 - Parsing item.
08-17-2022 @ 06:53:10 - Row :93 - Processing item.
08-17-2022 @ 06:53:10 - Processing users.
08-17-2022 @ 06:53:14 - > &#8220;706&#8221;User imported successfully. ID:706
08-17-2022 @ 06:53:14 - > Finished importing user 706
08-17-2022 @ 06:53:14 - Row :93 - User imported successfully.
08-17-2022 @ 06:53:14 - Row :94 - Parsing item.
08-17-2022 @ 06:53:14 - Row :94 - Processing item.
08-17-2022 @ 06:53:14 - Processing users.
08-17-2022 @ 06:53:18 - > &#8220;708&#8221;User imported successfully. ID:708
08-17-2022 @ 06:53:18 - > Finished importing user 708
08-17-2022 @ 06:53:18 - Row :94 - User imported successfully.
08-17-2022 @ 06:53:18 - Row :95 - Parsing item.
08-17-2022 @ 06:53:18 - Row :95 - Processing item.
08-17-2022 @ 06:53:18 - Processing users.
08-17-2022 @ 06:53:21 - > &#8220;712&#8221;User imported successfully. ID:712
08-17-2022 @ 06:53:21 - > Finished importing user 712
08-17-2022 @ 06:53:21 - Row :95 - User imported successfully.
08-17-2022 @ 06:53:21 - Row :96 - Parsing item.
08-17-2022 @ 06:53:21 - Row :96 - Processing item.
08-17-2022 @ 06:53:21 - Processing users.
08-17-2022 @ 06:53:25 - > &#8220;715&#8221;User imported successfully. ID:715
08-17-2022 @ 06:53:25 - > Finished importing user 715
08-17-2022 @ 06:53:25 - Row :96 - User imported successfully.
08-17-2022 @ 06:53:25 - Row :97 - Parsing item.
08-17-2022 @ 06:53:25 - Row :97 - Processing item.
08-17-2022 @ 06:53:25 - Processing users.
08-17-2022 @ 06:53:29 - > &#8220;717&#8221;User imported successfully. ID:717
08-17-2022 @ 06:53:29 - > Finished importing user 717
08-17-2022 @ 06:53:29 - Row :97 - User imported successfully.
08-17-2022 @ 06:53:29 - Row :98 - Parsing item.
08-17-2022 @ 06:53:29 - Row :98 - Processing item.
08-17-2022 @ 06:53:29 - Processing users.
08-17-2022 @ 06:53:33 - > &#8220;721&#8221;User imported successfully. ID:721
08-17-2022 @ 06:53:33 - > Finished importing user 721
08-17-2022 @ 06:53:33 - Row :98 - User imported successfully.
08-17-2022 @ 06:53:33 - Row :99 - Parsing item.
08-17-2022 @ 06:53:33 - Row :99 - Processing item.
08-17-2022 @ 06:53:33 - Processing users.
08-17-2022 @ 06:53:36 - > &#8220;723&#8221;User imported successfully. ID:723
08-17-2022 @ 06:53:36 - > Finished importing user 723
08-17-2022 @ 06:53:36 - Row :99 - User imported successfully.
08-17-2022 @ 06:53:36 - Row :100 - Parsing item.
08-17-2022 @ 06:53:36 - Row :100 - Processing item.
08-17-2022 @ 06:53:36 - Processing users.
08-17-2022 @ 06:53:40 - > &#8220;726&#8221;User imported successfully. ID:726
08-17-2022 @ 06:53:40 - > Finished importing user 726
08-17-2022 @ 06:53:40 - Row :100 - User imported successfully.
08-17-2022 @ 06:53:41 - Preparing for import.
08-17-2022 @ 06:53:41 - Row :101 - Parsing item.
08-17-2022 @ 06:53:41 - Row :101 - Processing item.
08-17-2022 @ 06:53:41 - Processing users.
08-17-2022 @ 06:53:45 - > &#8220;729&#8221;User imported successfully. ID:729
08-17-2022 @ 06:53:45 - > Finished importing user 729
08-17-2022 @ 06:53:45 - Row :101 - User imported successfully.
08-17-2022 @ 06:53:45 - Row :102 - Parsing item.
08-17-2022 @ 06:53:45 - Row :102 - Processing item.
08-17-2022 @ 06:53:45 - Processing users.
08-17-2022 @ 06:53:49 - > &#8220;731&#8221;User imported successfully. ID:731
08-17-2022 @ 06:53:49 - > Finished importing user 731
08-17-2022 @ 06:53:49 - Row :102 - User imported successfully.
08-17-2022 @ 06:53:49 - Row :103 - Parsing item.
08-17-2022 @ 06:53:49 - Row :103 - Processing item.
08-17-2022 @ 06:53:49 - Processing users.
08-17-2022 @ 06:53:52 - > &#8220;733&#8221;User imported successfully. ID:733
08-17-2022 @ 06:53:52 - > Finished importing user 733
08-17-2022 @ 06:53:52 - Row :103 - User imported successfully.
08-17-2022 @ 06:53:52 - Row :104 - Parsing item.
08-17-2022 @ 06:53:52 - Row :104 - Processing item.
08-17-2022 @ 06:53:52 - Processing users.
08-17-2022 @ 06:53:56 - > &#8220;735&#8221;User imported successfully. ID:735
08-17-2022 @ 06:53:56 - > Finished importing user 735
08-17-2022 @ 06:53:56 - Row :104 - User imported successfully.
08-17-2022 @ 06:53:56 - Row :105 - Parsing item.
08-17-2022 @ 06:53:56 - Row :105 - Processing item.
08-17-2022 @ 06:53:56 - Processing users.
08-17-2022 @ 06:53:59 - > &#8220;737&#8221;User imported successfully. ID:737
08-17-2022 @ 06:53:59 - > Finished importing user 737
08-17-2022 @ 06:53:59 - Row :105 - User imported successfully.
08-17-2022 @ 06:53:59 - Row :106 - Parsing item.
08-17-2022 @ 06:53:59 - Row :106 - Processing item.
08-17-2022 @ 06:53:59 - Processing users.
08-17-2022 @ 06:54:02 - > &#8220;739&#8221;User imported successfully. ID:739
08-17-2022 @ 06:54:02 - > Finished importing user 739
08-17-2022 @ 06:54:02 - Row :106 - User imported successfully.
08-17-2022 @ 06:54:02 - Row :107 - Parsing item.
08-17-2022 @ 06:54:02 - Row :107 - Processing item.
08-17-2022 @ 06:54:02 - Processing users.
08-17-2022 @ 06:54:06 - > &#8220;740&#8221;User imported successfully. ID:740
08-17-2022 @ 06:54:06 - > Finished importing user 740
08-17-2022 @ 06:54:06 - Row :107 - User imported successfully.
08-17-2022 @ 06:54:06 - Row :108 - Parsing item.
08-17-2022 @ 06:54:06 - Row :108 - Processing item.
08-17-2022 @ 06:54:06 - Processing users.
08-17-2022 @ 06:54:09 - > &#8220;742&#8221;User imported successfully. ID:742
08-17-2022 @ 06:54:09 - > Finished importing user 742
08-17-2022 @ 06:54:09 - Row :108 - User imported successfully.
08-17-2022 @ 06:54:09 - Row :109 - Parsing item.
08-17-2022 @ 06:54:09 - Row :109 - Processing item.
08-17-2022 @ 06:54:09 - Processing users.
08-17-2022 @ 06:54:13 - > &#8220;744&#8221;User imported successfully. ID:744
08-17-2022 @ 06:54:13 - > Finished importing user 744
08-17-2022 @ 06:54:13 - Row :109 - User imported successfully.
08-17-2022 @ 06:54:13 - Row :110 - Parsing item.
08-17-2022 @ 06:54:13 - Row :110 - Processing item.
08-17-2022 @ 06:54:13 - Processing users.
08-17-2022 @ 06:54:17 - > &#8220;747&#8221;User imported successfully. ID:747
08-17-2022 @ 06:54:17 - > Finished importing user 747
08-17-2022 @ 06:54:17 - Row :110 - User imported successfully.
08-17-2022 @ 06:54:17 - Preparing for import.
08-17-2022 @ 06:54:17 - Row :111 - Parsing item.
08-17-2022 @ 06:54:17 - Row :111 - Processing item.
08-17-2022 @ 06:54:17 - Processing users.
08-17-2022 @ 06:54:21 - > &#8220;749&#8221;User imported successfully. ID:749
08-17-2022 @ 06:54:21 - > Finished importing user 749
08-17-2022 @ 06:54:21 - Row :111 - User imported successfully.
08-17-2022 @ 06:54:21 - Row :112 - Parsing item.
08-17-2022 @ 06:54:21 - Row :112 - Processing item.
08-17-2022 @ 06:54:21 - Processing users.
08-17-2022 @ 06:54:25 - > &#8220;751&#8221;User imported successfully. ID:751
08-17-2022 @ 06:54:25 - > Finished importing user 751
08-17-2022 @ 06:54:25 - Row :112 - User imported successfully.
08-17-2022 @ 06:54:25 - Row :113 - Parsing item.
08-17-2022 @ 06:54:25 - Row :113 - Processing item.
08-17-2022 @ 06:54:25 - Processing users.
08-17-2022 @ 06:54:28 - > &#8220;753&#8221;User imported successfully. ID:753
08-17-2022 @ 06:54:28 - > Finished importing user 753
08-17-2022 @ 06:54:28 - Row :113 - User imported successfully.
08-17-2022 @ 06:54:28 - Row :114 - Parsing item.
08-17-2022 @ 06:54:28 - Row :114 - Processing item.
08-17-2022 @ 06:54:28 - Processing users.
08-17-2022 @ 06:54:32 - > &#8220;754&#8221;User imported successfully. ID:754
08-17-2022 @ 06:54:32 - > Finished importing user 754
08-17-2022 @ 06:54:32 - Row :114 - User imported successfully.
08-17-2022 @ 06:54:32 - Row :115 - Parsing item.
08-17-2022 @ 06:54:32 - Row :115 - Processing item.
08-17-2022 @ 06:54:32 - Processing users.
08-17-2022 @ 06:54:35 - > &#8220;756&#8221;User imported successfully. ID:756
08-17-2022 @ 06:54:35 - > Finished importing user 756
08-17-2022 @ 06:54:35 - Row :115 - User imported successfully.
08-17-2022 @ 06:54:35 - Row :116 - Parsing item.
08-17-2022 @ 06:54:35 - Row :116 - Processing item.
08-17-2022 @ 06:54:35 - Processing users.
08-17-2022 @ 06:54:39 - > &#8220;758&#8221;User imported successfully. ID:758
08-17-2022 @ 06:54:39 - > Finished importing user 758
08-17-2022 @ 06:54:39 - Row :116 - User imported successfully.
08-17-2022 @ 06:54:39 - Row :117 - Parsing item.
08-17-2022 @ 06:54:39 - Row :117 - Processing item.
08-17-2022 @ 06:54:39 - Processing users.
08-17-2022 @ 06:54:42 - > &#8220;760&#8221;User imported successfully. ID:760
08-17-2022 @ 06:54:42 - > Finished importing user 760
08-17-2022 @ 06:54:42 - Row :117 - User imported successfully.
08-17-2022 @ 06:54:42 - Row :118 - Parsing item.
08-17-2022 @ 06:54:42 - Row :118 - Processing item.
08-17-2022 @ 06:54:42 - Processing users.
08-17-2022 @ 06:54:46 - > &#8220;762&#8221;User imported successfully. ID:762
08-17-2022 @ 06:54:46 - > Finished importing user 762
08-17-2022 @ 06:54:46 - Row :118 - User imported successfully.
08-17-2022 @ 06:54:46 - Row :119 - Parsing item.
08-17-2022 @ 06:54:46 - Row :119 - Processing item.
08-17-2022 @ 06:54:46 - Processing users.
08-17-2022 @ 06:54:50 - > &#8220;764&#8221;User imported successfully. ID:764
08-17-2022 @ 06:54:50 - > Finished importing user 764
08-17-2022 @ 06:54:50 - Row :119 - User imported successfully.
08-17-2022 @ 06:54:50 - Row :120 - Parsing item.
08-17-2022 @ 06:54:50 - Row :120 - Processing item.
08-17-2022 @ 06:54:50 - Processing users.
08-17-2022 @ 06:54:54 - > &#8220;766&#8221;User imported successfully. ID:766
08-17-2022 @ 06:54:54 - > Finished importing user 766
08-17-2022 @ 06:54:54 - Row :120 - User imported successfully.
08-17-2022 @ 06:54:54 - Preparing for import.
08-17-2022 @ 06:54:54 - Row :121 - Parsing item.
08-17-2022 @ 06:54:54 - Row :121 - Processing item.
08-17-2022 @ 06:54:54 - Processing users.
08-17-2022 @ 06:54:57 - > &#8220;768&#8221;User imported successfully. ID:768
08-17-2022 @ 06:54:57 - > Finished importing user 768
08-17-2022 @ 06:54:57 - Row :121 - User imported successfully.
08-17-2022 @ 06:54:57 - Row :122 - Parsing item.
08-17-2022 @ 06:54:57 - Row :122 - Processing item.
08-17-2022 @ 06:54:57 - Processing users.
08-17-2022 @ 06:54:59 - > &#8220;769&#8221;User imported successfully. ID:769
08-17-2022 @ 06:54:59 - > Finished importing user 769
08-17-2022 @ 06:54:59 - Row :122 - User imported successfully.
08-17-2022 @ 06:54:59 - Row :123 - Parsing item.
08-17-2022 @ 06:54:59 - Row :123 - Processing item.
08-17-2022 @ 06:54:59 - Processing users.
08-17-2022 @ 06:55:02 - > &#8220;770&#8221;User imported successfully. ID:770
08-17-2022 @ 06:55:02 - > Finished importing user 770
08-17-2022 @ 06:55:02 - Row :123 - User imported successfully.
08-17-2022 @ 06:55:02 - Row :124 - Parsing item.
08-17-2022 @ 06:55:02 - Row :124 - Processing item.
08-17-2022 @ 06:55:02 - Processing users.
08-17-2022 @ 06:55:05 - > &#8220;771&#8221;User imported successfully. ID:771
08-17-2022 @ 06:55:05 - > Finished importing user 771
08-17-2022 @ 06:55:05 - Row :124 - User imported successfully.
08-17-2022 @ 06:55:05 - Row :125 - Parsing item.
08-17-2022 @ 06:55:05 - Row :125 - Processing item.
08-17-2022 @ 06:55:05 - Processing users.
08-17-2022 @ 06:55:08 - > &#8220;772&#8221;User imported successfully. ID:772
08-17-2022 @ 06:55:08 - > Finished importing user 772
08-17-2022 @ 06:55:08 - Row :125 - User imported successfully.
08-17-2022 @ 06:55:08 - Row :126 - Parsing item.
08-17-2022 @ 06:55:08 - Row :126 - Processing item.
08-17-2022 @ 06:55:08 - Processing users.
08-17-2022 @ 06:55:10 - > &#8220;773&#8221;User imported successfully. ID:773
08-17-2022 @ 06:55:10 - > Finished importing user 773
08-17-2022 @ 06:55:10 - Row :126 - User imported successfully.
08-17-2022 @ 06:55:10 - Row :127 - Parsing item.
08-17-2022 @ 06:55:10 - Row :127 - Processing item.
08-17-2022 @ 06:55:10 - Processing users.
08-17-2022 @ 06:55:13 - > &#8220;774&#8221;User imported successfully. ID:774
08-17-2022 @ 06:55:13 - > Finished importing user 774
08-17-2022 @ 06:55:13 - Row :127 - User imported successfully.
08-17-2022 @ 06:55:13 - Row :128 - Parsing item.
08-17-2022 @ 06:55:13 - Row :128 - Processing item.
08-17-2022 @ 06:55:13 - Processing users.
08-17-2022 @ 06:55:15 - > &#8220;775&#8221;User imported successfully. ID:775
08-17-2022 @ 06:55:15 - > Finished importing user 775
08-17-2022 @ 06:55:15 - Row :128 - User imported successfully.
08-17-2022 @ 06:55:15 - Row :129 - Parsing item.
08-17-2022 @ 06:55:15 - Row :129 - Processing item.
08-17-2022 @ 06:55:15 - Processing users.
08-17-2022 @ 06:55:17 - > &#8220;776&#8221;User imported successfully. ID:776
08-17-2022 @ 06:55:17 - > Finished importing user 776
08-17-2022 @ 06:55:17 - Row :129 - User imported successfully.
08-17-2022 @ 06:55:17 - Row :130 - Parsing item.
08-17-2022 @ 06:55:17 - Row :130 - Processing item.
08-17-2022 @ 06:55:17 - Processing users.
08-17-2022 @ 06:55:20 - > &#8220;777&#8221;User imported successfully. ID:777
08-17-2022 @ 06:55:20 - > Finished importing user 777
08-17-2022 @ 06:55:20 - Row :130 - User imported successfully.
08-17-2022 @ 06:55:21 - Preparing for import.
08-17-2022 @ 06:55:21 - Row :131 - Parsing item.
08-17-2022 @ 06:55:21 - Row :131 - Processing item.
08-17-2022 @ 06:55:21 - Processing users.
08-17-2022 @ 06:55:23 - > &#8220;778&#8221;User imported successfully. ID:778
08-17-2022 @ 06:55:23 - > Finished importing user 778
08-17-2022 @ 06:55:23 - Row :131 - User imported successfully.
08-17-2022 @ 06:55:23 - Row :132 - Parsing item.
08-17-2022 @ 06:55:23 - Row :132 - Processing item.
08-17-2022 @ 06:55:23 - Processing users.
08-17-2022 @ 06:55:26 - > &#8220;779&#8221;User imported successfully. ID:779
08-17-2022 @ 06:55:26 - > Finished importing user 779
08-17-2022 @ 06:55:26 - Row :132 - User imported successfully.
08-17-2022 @ 06:55:26 - Row :133 - Parsing item.
08-17-2022 @ 06:55:26 - Row :133 - Processing item.
08-17-2022 @ 06:55:26 - Processing users.
08-17-2022 @ 06:55:29 - > &#8220;780&#8221;User imported successfully. ID:780
08-17-2022 @ 06:55:29 - > Finished importing user 780
08-17-2022 @ 06:55:29 - Row :133 - User imported successfully.
08-17-2022 @ 06:55:29 - Row :134 - Parsing item.
08-17-2022 @ 06:55:29 - Row :134 - Processing item.
08-17-2022 @ 06:55:29 - Processing users.
08-17-2022 @ 06:55:31 - > &#8220;781&#8221;User imported successfully. ID:781
08-17-2022 @ 06:55:31 - > Finished importing user 781
08-17-2022 @ 06:55:31 - Row :134 - User imported successfully.
08-17-2022 @ 06:55:31 - Row :135 - Parsing item.
08-17-2022 @ 06:55:31 - Row :135 - Processing item.
08-17-2022 @ 06:55:31 - Processing users.
08-17-2022 @ 06:55:34 - > &#8220;782&#8221;User imported successfully. ID:782
08-17-2022 @ 06:55:34 - > Finished importing user 782
08-17-2022 @ 06:55:34 - Row :135 - User imported successfully.
08-17-2022 @ 06:55:34 - Row :136 - Parsing item.
08-17-2022 @ 06:55:34 - Row :136 - Processing item.
08-17-2022 @ 06:55:34 - Processing users.
08-17-2022 @ 06:55:36 - > &#8220;783&#8221;User imported successfully. ID:783
08-17-2022 @ 06:55:36 - > Finished importing user 783
08-17-2022 @ 06:55:36 - Row :136 - User imported successfully.
08-17-2022 @ 06:55:36 - Row :137 - Parsing item.
08-17-2022 @ 06:55:36 - Row :137 - Processing item.
08-17-2022 @ 06:55:36 - Processing users.
08-17-2022 @ 06:55:39 - > &#8220;784&#8221;User imported successfully. ID:784
08-17-2022 @ 06:55:39 - > Finished importing user 784
08-17-2022 @ 06:55:39 - Row :137 - User imported successfully.
08-17-2022 @ 06:55:39 - Row :138 - Parsing item.
08-17-2022 @ 06:55:39 - Row :138 - Processing item.
08-17-2022 @ 06:55:39 - Processing users.
08-17-2022 @ 06:55:42 - > &#8220;785&#8221;User imported successfully. ID:785
08-17-2022 @ 06:55:42 - > Finished importing user 785
08-17-2022 @ 06:55:42 - Row :138 - User imported successfully.
08-17-2022 @ 06:55:42 - Row :139 - Parsing item.
08-17-2022 @ 06:55:42 - Row :139 - Processing item.
08-17-2022 @ 06:55:42 - Processing users.
08-17-2022 @ 06:55:44 - > &#8220;786&#8221;User imported successfully. ID:786
08-17-2022 @ 06:55:44 - > Finished importing user 786
08-17-2022 @ 06:55:44 - Row :139 - User imported successfully.
08-17-2022 @ 06:55:44 - Row :140 - Parsing item.
08-17-2022 @ 06:55:44 - Row :140 - Processing item.
08-17-2022 @ 06:55:44 - Processing users.
08-17-2022 @ 06:55:46 - > &#8220;787&#8221;User imported successfully. ID:787
08-17-2022 @ 06:55:46 - > Finished importing user 787
08-17-2022 @ 06:55:46 - Row :140 - User imported successfully.
08-17-2022 @ 06:55:47 - Preparing for import.
08-17-2022 @ 06:55:47 - Row :141 - Parsing item.
08-17-2022 @ 06:55:47 - Row :141 - Processing item.
08-17-2022 @ 06:55:47 - Processing users.
08-17-2022 @ 06:55:49 - > &#8220;788&#8221;User imported successfully. ID:788
08-17-2022 @ 06:55:49 - > Finished importing user 788
08-17-2022 @ 06:55:49 - Row :141 - User imported successfully.
08-17-2022 @ 06:55:49 - Row :142 - Parsing item.
08-17-2022 @ 06:55:49 - Row :142 - Processing item.
08-17-2022 @ 06:55:49 - Processing users.
08-17-2022 @ 06:55:52 - > &#8220;789&#8221;User imported successfully. ID:789
08-17-2022 @ 06:55:52 - > Finished importing user 789
08-17-2022 @ 06:55:52 - Row :142 - User imported successfully.
08-17-2022 @ 06:55:52 - Row :143 - Parsing item.
08-17-2022 @ 06:55:52 - Row :143 - Processing item.
08-17-2022 @ 06:55:52 - Processing users.
08-17-2022 @ 06:55:55 - > &#8220;790&#8221;User imported successfully. ID:790
08-17-2022 @ 06:55:55 - > Finished importing user 790
08-17-2022 @ 06:55:55 - Row :143 - User imported successfully.
08-17-2022 @ 06:55:55 - Row :144 - Parsing item.
08-17-2022 @ 06:55:55 - Row :144 - Processing item.
08-17-2022 @ 06:55:55 - Processing users.
08-17-2022 @ 06:55:58 - > &#8220;791&#8221;User imported successfully. ID:791
08-17-2022 @ 06:55:58 - > Finished importing user 791
08-17-2022 @ 06:55:58 - Row :144 - User imported successfully.
08-17-2022 @ 06:55:58 - Row :145 - Parsing item.
08-17-2022 @ 06:55:58 - Row :145 - Processing item.
08-17-2022 @ 06:55:58 - Processing users.
08-17-2022 @ 06:56:00 - > &#8220;792&#8221;User imported successfully. ID:792
08-17-2022 @ 06:56:00 - > Finished importing user 792
08-17-2022 @ 06:56:00 - Row :145 - User imported successfully.
08-17-2022 @ 06:56:00 - Row :146 - Parsing item.
08-17-2022 @ 06:56:00 - Row :146 - Processing item.
08-17-2022 @ 06:56:00 - Processing users.
08-17-2022 @ 06:56:03 - > &#8220;793&#8221;User imported successfully. ID:793
08-17-2022 @ 06:56:03 - > Finished importing user 793
08-17-2022 @ 06:56:03 - Row :146 - User imported successfully.
08-17-2022 @ 06:56:03 - Row :147 - Parsing item.
08-17-2022 @ 06:56:03 - Row :147 - Processing item.
08-17-2022 @ 06:56:03 - Processing users.
08-17-2022 @ 06:56:06 - > &#8220;794&#8221;User imported successfully. ID:794
08-17-2022 @ 06:56:06 - > Finished importing user 794
08-17-2022 @ 06:56:06 - Row :147 - User imported successfully.
08-17-2022 @ 06:56:06 - Row :148 - Parsing item.
08-17-2022 @ 06:56:06 - Row :148 - Processing item.
08-17-2022 @ 06:56:06 - Processing users.
08-17-2022 @ 06:56:08 - > &#8220;795&#8221;User imported successfully. ID:795
08-17-2022 @ 06:56:08 - > Finished importing user 795
08-17-2022 @ 06:56:08 - Row :148 - User imported successfully.
08-17-2022 @ 06:56:08 - Row :149 - Parsing item.
08-17-2022 @ 06:56:08 - Row :149 - Processing item.
08-17-2022 @ 06:56:08 - Processing users.
08-17-2022 @ 06:56:11 - > &#8220;796&#8221;User imported successfully. ID:796
08-17-2022 @ 06:56:11 - > Finished importing user 796
08-17-2022 @ 06:56:11 - Row :149 - User imported successfully.
08-17-2022 @ 06:56:11 - Row :150 - Parsing item.
08-17-2022 @ 06:56:11 - Row :150 - Processing item.
08-17-2022 @ 06:56:11 - Processing users.
08-17-2022 @ 06:56:14 - > &#8220;797&#8221;User imported successfully. ID:797
08-17-2022 @ 06:56:14 - > Finished importing user 797
08-17-2022 @ 06:56:14 - Row :150 - User imported successfully.
08-17-2022 @ 06:56:14 - Preparing for import.
08-17-2022 @ 06:56:14 - Row :151 - Parsing item.
08-17-2022 @ 06:56:14 - Row :151 - Processing item.
08-17-2022 @ 06:56:14 - Processing users.
08-17-2022 @ 06:56:17 - > &#8220;798&#8221;User imported successfully. ID:798
08-17-2022 @ 06:56:17 - > Finished importing user 798
08-17-2022 @ 06:56:17 - Row :151 - User imported successfully.
08-17-2022 @ 06:56:17 - Row :152 - Parsing item.
08-17-2022 @ 06:56:17 - Row :152 - Processing item.
08-17-2022 @ 06:56:17 - Processing users.
08-17-2022 @ 06:56:19 - > &#8220;799&#8221;User imported successfully. ID:799
08-17-2022 @ 06:56:19 - > Finished importing user 799
08-17-2022 @ 06:56:19 - Row :152 - User imported successfully.
08-17-2022 @ 06:56:19 - Row :153 - Parsing item.
08-17-2022 @ 06:56:19 - Row :153 - Processing item.
08-17-2022 @ 06:56:19 - Processing users.
08-17-2022 @ 06:56:21 - > &#8220;800&#8221;User imported successfully. ID:800
08-17-2022 @ 06:56:21 - > Finished importing user 800
08-17-2022 @ 06:56:21 - Row :153 - User imported successfully.
08-17-2022 @ 06:56:21 - Row :154 - Parsing item.
08-17-2022 @ 06:56:21 - Row :154 - Processing item.
08-17-2022 @ 06:56:21 - Processing users.
08-17-2022 @ 06:56:24 - > &#8220;801&#8221;User imported successfully. ID:801
08-17-2022 @ 06:56:24 - > Finished importing user 801
08-17-2022 @ 06:56:24 - Row :154 - User imported successfully.
08-17-2022 @ 06:56:24 - Row :155 - Parsing item.
08-17-2022 @ 06:56:24 - Row :155 - Processing item.
08-17-2022 @ 06:56:24 - Processing users.
08-17-2022 @ 06:56:26 - > &#8220;802&#8221;User imported successfully. ID:802
08-17-2022 @ 06:56:26 - > Finished importing user 802
08-17-2022 @ 06:56:26 - Row :155 - User imported successfully.
08-17-2022 @ 06:56:26 - Row :156 - Parsing item.
08-17-2022 @ 06:56:26 - Row :156 - Processing item.
08-17-2022 @ 06:56:26 - Processing users.
08-17-2022 @ 06:56:29 - > &#8220;803&#8221;User imported successfully. ID:803
08-17-2022 @ 06:56:29 - > Finished importing user 803
08-17-2022 @ 06:56:29 - Row :156 - User imported successfully.
08-17-2022 @ 06:56:29 - Row :157 - Parsing item.
08-17-2022 @ 06:56:29 - Row :157 - Processing item.
08-17-2022 @ 06:56:29 - Processing users.
08-17-2022 @ 06:56:32 - > &#8220;804&#8221;User imported successfully. ID:804
08-17-2022 @ 06:56:32 - > Finished importing user 804
08-17-2022 @ 06:56:32 - Row :157 - User imported successfully.
08-17-2022 @ 06:56:32 - Row :158 - Parsing item.
08-17-2022 @ 06:56:32 - Row :158 - Processing item.
08-17-2022 @ 06:56:32 - Processing users.
08-17-2022 @ 06:56:35 - > &#8220;805&#8221;User imported successfully. ID:805
08-17-2022 @ 06:56:35 - > Finished importing user 805
08-17-2022 @ 06:56:35 - Row :158 - User imported successfully.
08-17-2022 @ 06:56:35 - Row :159 - Parsing item.
08-17-2022 @ 06:56:35 - Row :159 - Processing item.
08-17-2022 @ 06:56:35 - Processing users.
08-17-2022 @ 06:56:37 - > &#8220;806&#8221;User imported successfully. ID:806
08-17-2022 @ 06:56:37 - > Finished importing user 806
08-17-2022 @ 06:56:37 - Row :159 - User imported successfully.
08-17-2022 @ 06:56:37 - Row :160 - Parsing item.
08-17-2022 @ 06:56:37 - Row :160 - Processing item.
08-17-2022 @ 06:56:37 - Processing users.
08-17-2022 @ 06:56:39 - > &#8220;807&#8221;User imported successfully. ID:807
08-17-2022 @ 06:56:39 - > Finished importing user 807
08-17-2022 @ 06:56:39 - Row :160 - User imported successfully.
08-17-2022 @ 06:56:40 - Preparing for import.
08-17-2022 @ 06:56:40 - Row :161 - Parsing item.
08-17-2022 @ 06:56:40 - Row :161 - Processing item.
08-17-2022 @ 06:56:40 - Processing users.
08-17-2022 @ 06:56:42 - > &#8220;808&#8221;User imported successfully. ID:808
08-17-2022 @ 06:56:42 - > Finished importing user 808
08-17-2022 @ 06:56:42 - Row :161 - User imported successfully.
08-17-2022 @ 06:56:42 - Row :162 - Parsing item.
08-17-2022 @ 06:56:42 - Row :162 - Processing item.
08-17-2022 @ 06:56:42 - Processing users.
08-17-2022 @ 06:56:45 - > &#8220;809&#8221;User imported successfully. ID:809
08-17-2022 @ 06:56:45 - > Finished importing user 809
08-17-2022 @ 06:56:45 - Row :162 - User imported successfully.
08-17-2022 @ 06:56:45 - Row :163 - Parsing item.
08-17-2022 @ 06:56:45 - Row :163 - Processing item.
08-17-2022 @ 06:56:45 - Processing users.
08-17-2022 @ 06:56:47 - > &#8220;810&#8221;User imported successfully. ID:810
08-17-2022 @ 06:56:47 - > Finished importing user 810
08-17-2022 @ 06:56:47 - Row :163 - User imported successfully.
08-17-2022 @ 06:56:47 - Row :164 - Parsing item.
08-17-2022 @ 06:56:47 - Row :164 - Processing item.
08-17-2022 @ 06:56:47 - Processing users.
08-17-2022 @ 06:56:49 - > &#8220;811&#8221;User imported successfully. ID:811
08-17-2022 @ 06:56:49 - > Finished importing user 811
08-17-2022 @ 06:56:49 - Row :164 - User imported successfully.
08-17-2022 @ 06:56:49 - Row :165 - Parsing item.
08-17-2022 @ 06:56:49 - Row :165 - Processing item.
08-17-2022 @ 06:56:49 - Processing users.
08-17-2022 @ 06:56:52 - > &#8220;812&#8221;User imported successfully. ID:812
08-17-2022 @ 06:56:52 - > Finished importing user 812
08-17-2022 @ 06:56:52 - Row :165 - User imported successfully.
08-17-2022 @ 06:56:52 - Row :166 - Parsing item.
08-17-2022 @ 06:56:52 - Row :166 - Processing item.
08-17-2022 @ 06:56:52 - Processing users.
08-17-2022 @ 06:56:55 - > &#8220;813&#8221;User imported successfully. ID:813
08-17-2022 @ 06:56:55 - > Finished importing user 813
08-17-2022 @ 06:56:55 - Row :166 - User imported successfully.
08-17-2022 @ 06:56:55 - Row :167 - Parsing item.
08-17-2022 @ 06:56:55 - Row :167 - Processing item.
08-17-2022 @ 06:56:55 - Processing users.
08-17-2022 @ 06:56:57 - > &#8220;814&#8221;User imported successfully. ID:814
08-17-2022 @ 06:56:57 - > Finished importing user 814
08-17-2022 @ 06:56:57 - Row :167 - User imported successfully.
08-17-2022 @ 06:56:57 - Row :168 - Parsing item.
08-17-2022 @ 06:56:57 - Row :168 - Processing item.
08-17-2022 @ 06:56:57 - Processing users.
08-17-2022 @ 06:57:00 - > &#8220;815&#8221;User imported successfully. ID:815
08-17-2022 @ 06:57:00 - > Finished importing user 815
08-17-2022 @ 06:57:00 - Row :168 - User imported successfully.
08-17-2022 @ 06:57:00 - Row :169 - Parsing item.
08-17-2022 @ 06:57:00 - Row :169 - Processing item.
08-17-2022 @ 06:57:00 - Processing users.
08-17-2022 @ 06:57:02 - > &#8220;816&#8221;User imported successfully. ID:816
08-17-2022 @ 06:57:02 - > Finished importing user 816
08-17-2022 @ 06:57:02 - Row :169 - User imported successfully.
08-17-2022 @ 06:57:02 - Row :170 - Parsing item.
08-17-2022 @ 06:57:02 - Row :170 - Processing item.
08-17-2022 @ 06:57:02 - Processing users.
08-17-2022 @ 06:57:05 - > &#8220;817&#8221;User imported successfully. ID:817
08-17-2022 @ 06:57:05 - > Finished importing user 817
08-17-2022 @ 06:57:05 - Row :170 - User imported successfully.
08-17-2022 @ 06:57:05 - Preparing for import.
08-17-2022 @ 06:57:05 - Row :171 - Parsing item.
08-17-2022 @ 06:57:05 - Row :171 - Processing item.
08-17-2022 @ 06:57:05 - Processing users.
08-17-2022 @ 06:57:08 - > &#8220;818&#8221;User imported successfully. ID:818
08-17-2022 @ 06:57:08 - > Finished importing user 818
08-17-2022 @ 06:57:08 - Row :171 - User imported successfully.
08-17-2022 @ 06:57:08 - Row :172 - Parsing item.
08-17-2022 @ 06:57:08 - Row :172 - Processing item.
08-17-2022 @ 06:57:08 - Processing users.
08-17-2022 @ 06:57:10 - > &#8220;819&#8221;User imported successfully. ID:819
08-17-2022 @ 06:57:10 - > Finished importing user 819
08-17-2022 @ 06:57:10 - Row :172 - User imported successfully.
08-17-2022 @ 06:57:10 - Row :173 - Parsing item.
08-17-2022 @ 06:57:10 - Row :173 - Processing item.
08-17-2022 @ 06:57:10 - Processing users.
08-17-2022 @ 06:57:12 - > &#8220;820&#8221;User imported successfully. ID:820
08-17-2022 @ 06:57:12 - > Finished importing user 820
08-17-2022 @ 06:57:12 - Row :173 - User imported successfully.
08-17-2022 @ 06:57:12 - Row :174 - Parsing item.
08-17-2022 @ 06:57:12 - Row :174 - Processing item.
08-17-2022 @ 06:57:12 - Processing users.
08-17-2022 @ 06:57:15 - > &#8220;821&#8221;User imported successfully. ID:821
08-17-2022 @ 06:57:15 - > Finished importing user 821
08-17-2022 @ 06:57:15 - Row :174 - User imported successfully.
08-17-2022 @ 06:57:15 - Row :175 - Parsing item.
08-17-2022 @ 06:57:15 - Row :175 - Processing item.
08-17-2022 @ 06:57:15 - Processing users.
08-17-2022 @ 06:57:17 - > &#8220;822&#8221;User imported successfully. ID:822
08-17-2022 @ 06:57:17 - > Finished importing user 822
08-17-2022 @ 06:57:17 - Row :175 - User imported successfully.
08-17-2022 @ 06:57:17 - Row :176 - Parsing item.
08-17-2022 @ 06:57:17 - Row :176 - Processing item.
08-17-2022 @ 06:57:17 - Processing users.
08-17-2022 @ 06:57:20 - > &#8220;823&#8221;User imported successfully. ID:823
08-17-2022 @ 06:57:20 - > Finished importing user 823
08-17-2022 @ 06:57:20 - Row :176 - User imported successfully.
08-17-2022 @ 06:57:20 - Row :177 - Parsing item.
08-17-2022 @ 06:57:20 - Row :177 - Processing item.
08-17-2022 @ 06:57:20 - Processing users.
08-17-2022 @ 06:57:22 - > &#8220;824&#8221;User imported successfully. ID:824
08-17-2022 @ 06:57:22 - > Finished importing user 824
08-17-2022 @ 06:57:22 - Row :177 - User imported successfully.
08-17-2022 @ 06:57:22 - Row :178 - Parsing item.
08-17-2022 @ 06:57:22 - Row :178 - Processing item.
08-17-2022 @ 06:57:22 - Processing users.
08-17-2022 @ 06:57:25 - > &#8220;825&#8221;User imported successfully. ID:825
08-17-2022 @ 06:57:25 - > Finished importing user 825
08-17-2022 @ 06:57:25 - Row :178 - User imported successfully.
08-17-2022 @ 06:57:25 - Row :179 - Parsing item.
08-17-2022 @ 06:57:25 - Row :179 - Processing item.
08-17-2022 @ 06:57:25 - Processing users.
08-17-2022 @ 06:57:28 - > &#8220;826&#8221;User imported successfully. ID:826
08-17-2022 @ 06:57:28 - > Finished importing user 826
08-17-2022 @ 06:57:28 - Row :179 - User imported successfully.
08-17-2022 @ 06:57:28 - Row :180 - Parsing item.
08-17-2022 @ 06:57:28 - Row :180 - Processing item.
08-17-2022 @ 06:57:28 - Processing users.
08-17-2022 @ 06:57:30 - > &#8220;827&#8221;User imported successfully. ID:827
08-17-2022 @ 06:57:30 - > Finished importing user 827
08-17-2022 @ 06:57:30 - Row :180 - User imported successfully.
08-17-2022 @ 06:57:31 - Preparing for import.
08-17-2022 @ 06:57:31 - Row :181 - Parsing item.
08-17-2022 @ 06:57:31 - Row :181 - Processing item.
08-17-2022 @ 06:57:31 - Processing users.
08-17-2022 @ 06:57:33 - > &#8220;828&#8221;User imported successfully. ID:828
08-17-2022 @ 06:57:33 - > Finished importing user 828
08-17-2022 @ 06:57:33 - Row :181 - User imported successfully.
08-17-2022 @ 06:57:33 - Row :182 - Parsing item.
08-17-2022 @ 06:57:33 - Row :182 - Processing item.
08-17-2022 @ 06:57:33 - Processing users.
08-17-2022 @ 06:57:36 - > &#8220;829&#8221;User imported successfully. ID:829
08-17-2022 @ 06:57:36 - > Finished importing user 829
08-17-2022 @ 06:57:36 - Row :182 - User imported successfully.
08-17-2022 @ 06:57:36 - Row :183 - Parsing item.
08-17-2022 @ 06:57:36 - Row :183 - Processing item.
08-17-2022 @ 06:57:36 - Processing users.
08-17-2022 @ 06:57:39 - > &#8220;830&#8221;User imported successfully. ID:830
08-17-2022 @ 06:57:39 - > Finished importing user 830
08-17-2022 @ 06:57:39 - Row :183 - User imported successfully.
08-17-2022 @ 06:57:39 - Row :184 - Parsing item.
08-17-2022 @ 06:57:39 - Row :184 - Processing item.
08-17-2022 @ 06:57:39 - Processing users.
08-17-2022 @ 06:57:41 - > &#8220;831&#8221;User imported successfully. ID:831
08-17-2022 @ 06:57:41 - > Finished importing user 831
08-17-2022 @ 06:57:41 - Row :184 - User imported successfully.
08-17-2022 @ 06:57:41 - Row :185 - Parsing item.
08-17-2022 @ 06:57:41 - Row :185 - Processing item.
08-17-2022 @ 06:57:41 - Processing users.
08-17-2022 @ 06:57:44 - > &#8220;832&#8221;User imported successfully. ID:832
08-17-2022 @ 06:57:44 - > Finished importing user 832
08-17-2022 @ 06:57:44 - Row :185 - User imported successfully.
08-17-2022 @ 06:57:44 - Row :186 - Parsing item.
08-17-2022 @ 06:57:44 - Row :186 - Processing item.
08-17-2022 @ 06:57:44 - Processing users.
08-17-2022 @ 06:57:46 - > &#8220;833&#8221;User imported successfully. ID:833
08-17-2022 @ 06:57:46 - > Finished importing user 833
08-17-2022 @ 06:57:46 - Row :186 - User imported successfully.
08-17-2022 @ 06:57:46 - Row :187 - Parsing item.
08-17-2022 @ 06:57:46 - Row :187 - Processing item.
08-17-2022 @ 06:57:46 - Processing users.
08-17-2022 @ 06:57:48 - > &#8220;834&#8221;User imported successfully. ID:834
08-17-2022 @ 06:57:48 - > Finished importing user 834
08-17-2022 @ 06:57:48 - Row :187 - User imported successfully.
08-17-2022 @ 06:57:48 - Row :188 - Parsing item.
08-17-2022 @ 06:57:48 - Row :188 - Processing item.
08-17-2022 @ 06:57:48 - Processing users.
08-17-2022 @ 06:57:51 - > &#8220;835&#8221;User imported successfully. ID:835
08-17-2022 @ 06:57:51 - > Finished importing user 835
08-17-2022 @ 06:57:51 - Row :188 - User imported successfully.
08-17-2022 @ 06:57:51 - Row :189 - Parsing item.
08-17-2022 @ 06:57:51 - Row :189 - Processing item.
08-17-2022 @ 06:57:51 - Processing users.
08-17-2022 @ 06:57:53 - > &#8220;836&#8221;User imported successfully. ID:836
08-17-2022 @ 06:57:53 - > Finished importing user 836
08-17-2022 @ 06:57:53 - Row :189 - User imported successfully.
08-17-2022 @ 06:57:53 - Row :190 - Parsing item.
08-17-2022 @ 06:57:53 - Row :190 - Processing item.
08-17-2022 @ 06:57:53 - Processing users.
08-17-2022 @ 06:57:56 - > &#8220;837&#8221;User imported successfully. ID:837
08-17-2022 @ 06:57:56 - > Finished importing user 837
08-17-2022 @ 06:57:56 - Row :190 - User imported successfully.
08-17-2022 @ 06:57:57 - Preparing for import.
08-17-2022 @ 06:57:57 - Row :191 - Parsing item.
08-17-2022 @ 06:57:57 - Row :191 - Processing item.
08-17-2022 @ 06:57:57 - Processing users.
08-17-2022 @ 06:57:59 - > &#8220;838&#8221;User imported successfully. ID:838
08-17-2022 @ 06:57:59 - > Finished importing user 838
08-17-2022 @ 06:57:59 - Row :191 - User imported successfully.
08-17-2022 @ 06:57:59 - Row :192 - Parsing item.
08-17-2022 @ 06:57:59 - Row :192 - Processing item.
08-17-2022 @ 06:57:59 - Processing users.
08-17-2022 @ 06:58:02 - > &#8220;839&#8221;User imported successfully. ID:839
08-17-2022 @ 06:58:02 - > Finished importing user 839
08-17-2022 @ 06:58:02 - Row :192 - User imported successfully.
08-17-2022 @ 06:58:02 - Row :193 - Parsing item.
08-17-2022 @ 06:58:02 - Row :193 - Processing item.
08-17-2022 @ 06:58:02 - Processing users.
08-17-2022 @ 06:58:05 - > &#8220;840&#8221;User imported successfully. ID:840
08-17-2022 @ 06:58:05 - > Finished importing user 840
08-17-2022 @ 06:58:05 - Row :193 - User imported successfully.
08-17-2022 @ 06:58:05 - Row :194 - Parsing item.
08-17-2022 @ 06:58:05 - Row :194 - Processing item.
08-17-2022 @ 06:58:05 - Processing users.
08-17-2022 @ 06:58:07 - > &#8220;841&#8221;User imported successfully. ID:841
08-17-2022 @ 06:58:07 - > Finished importing user 841
08-17-2022 @ 06:58:07 - Row :194 - User imported successfully.
08-17-2022 @ 06:58:07 - Row :195 - Parsing item.
08-17-2022 @ 06:58:07 - Row :195 - Processing item.
08-17-2022 @ 06:58:07 - Processing users.
08-17-2022 @ 06:58:10 - > &#8220;842&#8221;User imported successfully. ID:842
08-17-2022 @ 06:58:10 - > Finished importing user 842
08-17-2022 @ 06:58:10 - Row :195 - User imported successfully.
08-17-2022 @ 06:58:10 - Row :196 - Parsing item.
08-17-2022 @ 06:58:10 - Row :196 - Processing item.
08-17-2022 @ 06:58:10 - Processing users.
08-17-2022 @ 06:58:12 - > &#8220;843&#8221;User imported successfully. ID:843
08-17-2022 @ 06:58:12 - > Finished importing user 843
08-17-2022 @ 06:58:12 - Row :196 - User imported successfully.
08-17-2022 @ 06:58:12 - Row :197 - Parsing item.
08-17-2022 @ 06:58:12 - Row :197 - Processing item.
08-17-2022 @ 06:58:12 - Processing users.
08-17-2022 @ 06:58:15 - > &#8220;844&#8221;User imported successfully. ID:844
08-17-2022 @ 06:58:15 - > Finished importing user 844
08-17-2022 @ 06:58:15 - Row :197 - User imported successfully.
08-17-2022 @ 06:58:15 - Row :198 - Parsing item.
08-17-2022 @ 06:58:15 - Row :198 - Processing item.
08-17-2022 @ 06:58:15 - Processing users.
08-17-2022 @ 06:58:17 - > &#8220;845&#8221;User imported successfully. ID:845
08-17-2022 @ 06:58:17 - > Finished importing user 845
08-17-2022 @ 06:58:17 - Row :198 - User imported successfully.
08-17-2022 @ 06:58:17 - Row :199 - Parsing item.
08-17-2022 @ 06:58:17 - Row :199 - Processing item.
08-17-2022 @ 06:58:17 - Processing users.
08-17-2022 @ 06:58:19 - > &#8220;846&#8221;User imported successfully. ID:846
08-17-2022 @ 06:58:19 - > Finished importing user 846
08-17-2022 @ 06:58:19 - Row :199 - User imported successfully.
08-17-2022 @ 06:58:19 - Row :200 - Parsing item.
08-17-2022 @ 06:58:19 - Row :200 - Processing item.
08-17-2022 @ 06:58:19 - Processing users.
08-17-2022 @ 06:58:22 - > &#8220;847&#8221;User imported successfully. ID:847
08-17-2022 @ 06:58:22 - > Finished importing user 847
08-17-2022 @ 06:58:22 - Row :200 - User imported successfully.
08-17-2022 @ 06:58:22 - Preparing for import.
08-17-2022 @ 06:58:22 - Row :201 - Parsing item.
08-17-2022 @ 06:58:22 - Row :201 - Processing item.
08-17-2022 @ 06:58:22 - Processing users.
08-17-2022 @ 06:58:25 - > &#8220;848&#8221;User imported successfully. ID:848
08-17-2022 @ 06:58:25 - > Finished importing user 848
08-17-2022 @ 06:58:25 - Row :201 - User imported successfully.
08-17-2022 @ 06:58:25 - Row :202 - Parsing item.
08-17-2022 @ 06:58:25 - Row :202 - Processing item.
08-17-2022 @ 06:58:25 - Processing users.
08-17-2022 @ 06:58:27 - > &#8220;849&#8221;User imported successfully. ID:849
08-17-2022 @ 06:58:27 - > Finished importing user 849
08-17-2022 @ 06:58:27 - Row :202 - User imported successfully.
08-17-2022 @ 06:58:27 - Row :203 - Parsing item.
08-17-2022 @ 06:58:27 - Row :203 - Processing item.
08-17-2022 @ 06:58:27 - Processing users.
08-17-2022 @ 06:58:30 - > &#8220;850&#8221;User imported successfully. ID:850
08-17-2022 @ 06:58:30 - > Finished importing user 850
08-17-2022 @ 06:58:30 - Row :203 - User imported successfully.
08-17-2022 @ 06:58:30 - Row :204 - Parsing item.
08-17-2022 @ 06:58:30 - Row :204 - Processing item.
08-17-2022 @ 06:58:30 - Processing users.
08-17-2022 @ 06:58:33 - > &#8220;851&#8221;User imported successfully. ID:851
08-17-2022 @ 06:58:33 - > Finished importing user 851
08-17-2022 @ 06:58:33 - Row :204 - User imported successfully.
08-17-2022 @ 06:58:33 - Row :205 - Parsing item.
08-17-2022 @ 06:58:33 - Row :205 - Processing item.
08-17-2022 @ 06:58:33 - Processing users.
08-17-2022 @ 06:58:35 - > &#8220;852&#8221;User imported successfully. ID:852
08-17-2022 @ 06:58:35 - > Finished importing user 852
08-17-2022 @ 06:58:35 - Row :205 - User imported successfully.
08-17-2022 @ 06:58:35 - Row :206 - Parsing item.
08-17-2022 @ 06:58:35 - Row :206 - Processing item.
08-17-2022 @ 06:58:35 - Processing users.
08-17-2022 @ 06:58:37 - > &#8220;853&#8221;User imported successfully. ID:853
08-17-2022 @ 06:58:37 - > Finished importing user 853
08-17-2022 @ 06:58:37 - Row :206 - User imported successfully.
08-17-2022 @ 06:58:37 - Row :207 - Parsing item.
08-17-2022 @ 06:58:37 - Row :207 - Processing item.
08-17-2022 @ 06:58:37 - Processing users.
08-17-2022 @ 06:58:40 - > &#8220;854&#8221;User imported successfully. ID:854
08-17-2022 @ 06:58:40 - > Finished importing user 854
08-17-2022 @ 06:58:40 - Row :207 - User imported successfully.
08-17-2022 @ 06:58:40 - Row :208 - Parsing item.
08-17-2022 @ 06:58:40 - Row :208 - Processing item.
08-17-2022 @ 06:58:40 - Processing users.
08-17-2022 @ 06:58:43 - > &#8220;855&#8221;User imported successfully. ID:855
08-17-2022 @ 06:58:43 - > Finished importing user 855
08-17-2022 @ 06:58:43 - Row :208 - User imported successfully.
08-17-2022 @ 06:58:43 - Row :209 - Parsing item.
08-17-2022 @ 06:58:43 - Row :209 - Processing item.
08-17-2022 @ 06:58:43 - Processing users.
08-17-2022 @ 06:58:46 - > &#8220;856&#8221;User imported successfully. ID:856
08-17-2022 @ 06:58:46 - > Finished importing user 856
08-17-2022 @ 06:58:46 - Row :209 - User imported successfully.
08-17-2022 @ 06:58:46 - Row :210 - Parsing item.
08-17-2022 @ 06:58:46 - Row :210 - Processing item.
08-17-2022 @ 06:58:46 - Processing users.
08-17-2022 @ 06:58:48 - > &#8220;857&#8221;User imported successfully. ID:857
08-17-2022 @ 06:58:48 - > Finished importing user 857
08-17-2022 @ 06:58:48 - Row :210 - User imported successfully.
08-17-2022 @ 06:58:49 - Preparing for import.
08-17-2022 @ 06:58:49 - Row :211 - Parsing item.
08-17-2022 @ 06:58:49 - Row :211 - Processing item.
08-17-2022 @ 06:58:49 - Processing users.
08-17-2022 @ 06:58:52 - > &#8220;858&#8221;User imported successfully. ID:858
08-17-2022 @ 06:58:52 - > Finished importing user 858
08-17-2022 @ 06:58:52 - Row :211 - User imported successfully.
08-17-2022 @ 06:58:52 - Row :212 - Parsing item.
08-17-2022 @ 06:58:52 - Row :212 - Processing item.
08-17-2022 @ 06:58:52 - Processing users.
08-17-2022 @ 06:58:54 - > &#8220;859&#8221;User imported successfully. ID:859
08-17-2022 @ 06:58:54 - > Finished importing user 859
08-17-2022 @ 06:58:54 - Row :212 - User imported successfully.
08-17-2022 @ 06:58:54 - Row :213 - Parsing item.
08-17-2022 @ 06:58:54 - Row :213 - Processing item.
08-17-2022 @ 06:58:54 - Processing users.
08-17-2022 @ 06:58:58 - > &#8220;860&#8221;User imported successfully. ID:860
08-17-2022 @ 06:58:58 - > Finished importing user 860
08-17-2022 @ 06:58:58 - Row :213 - User imported successfully.
08-17-2022 @ 06:58:58 - Row :214 - Parsing item.
08-17-2022 @ 06:58:58 - Row :214 - Processing item.
08-17-2022 @ 06:58:58 - Processing users.
08-17-2022 @ 06:59:00 - > &#8220;861&#8221;User imported successfully. ID:861
08-17-2022 @ 06:59:00 - > Finished importing user 861
08-17-2022 @ 06:59:00 - Row :214 - User imported successfully.
08-17-2022 @ 06:59:00 - Row :215 - Parsing item.
08-17-2022 @ 06:59:00 - Row :215 - Processing item.
08-17-2022 @ 06:59:00 - Processing users.
08-17-2022 @ 06:59:04 - > &#8220;862&#8221;User imported successfully. ID:862
08-17-2022 @ 06:59:04 - > Finished importing user 862
08-17-2022 @ 06:59:04 - Row :215 - User imported successfully.
08-17-2022 @ 06:59:04 - Row :216 - Parsing item.
08-17-2022 @ 06:59:04 - Row :216 - Processing item.
08-17-2022 @ 06:59:04 - Processing users.
08-17-2022 @ 06:59:06 - > &#8220;863&#8221;User imported successfully. ID:863
08-17-2022 @ 06:59:06 - > Finished importing user 863
08-17-2022 @ 06:59:06 - Row :216 - User imported successfully.
08-17-2022 @ 06:59:06 - Row :217 - Parsing item.
08-17-2022 @ 06:59:06 - Row :217 - Processing item.
08-17-2022 @ 06:59:06 - Processing users.
08-17-2022 @ 06:59:09 - > &#8220;864&#8221;User imported successfully. ID:864
08-17-2022 @ 06:59:09 - > Finished importing user 864
08-17-2022 @ 06:59:09 - Row :217 - User imported successfully.
08-17-2022 @ 06:59:09 - Row :218 - Parsing item.
08-17-2022 @ 06:59:09 - Row :218 - Processing item.
08-17-2022 @ 06:59:09 - Processing users.
08-17-2022 @ 06:59:11 - > &#8220;865&#8221;User imported successfully. ID:865
08-17-2022 @ 06:59:11 - > Finished importing user 865
08-17-2022 @ 06:59:11 - Row :218 - User imported successfully.
08-17-2022 @ 06:59:11 - Row :219 - Parsing item.
08-17-2022 @ 06:59:11 - Row :219 - Processing item.
08-17-2022 @ 06:59:11 - Processing users.
08-17-2022 @ 06:59:14 - > &#8220;866&#8221;User imported successfully. ID:866
08-17-2022 @ 06:59:14 - > Finished importing user 866
08-17-2022 @ 06:59:14 - Row :219 - User imported successfully.
08-17-2022 @ 06:59:14 - Row :220 - Parsing item.
08-17-2022 @ 06:59:14 - Row :220 - Processing item.
08-17-2022 @ 06:59:14 - Processing users.
08-17-2022 @ 06:59:16 - > &#8220;867&#8221;User imported successfully. ID:867
08-17-2022 @ 06:59:16 - > Finished importing user 867
08-17-2022 @ 06:59:16 - Row :220 - User imported successfully.
08-17-2022 @ 06:59:17 - Preparing for import.
08-17-2022 @ 06:59:17 - Row :221 - Parsing item.
08-17-2022 @ 06:59:17 - Row :221 - Processing item.
08-17-2022 @ 06:59:17 - Processing users.
08-17-2022 @ 06:59:19 - > &#8220;868&#8221;User imported successfully. ID:868
08-17-2022 @ 06:59:19 - > Finished importing user 868
08-17-2022 @ 06:59:19 - Row :221 - User imported successfully.
08-17-2022 @ 06:59:19 - Row :222 - Parsing item.
08-17-2022 @ 06:59:19 - Row :222 - Processing item.
08-17-2022 @ 06:59:19 - Processing users.
08-17-2022 @ 06:59:22 - > &#8220;869&#8221;User imported successfully. ID:869
08-17-2022 @ 06:59:22 - > Finished importing user 869
08-17-2022 @ 06:59:22 - Row :222 - User imported successfully.
08-17-2022 @ 06:59:22 - Row :223 - Parsing item.
08-17-2022 @ 06:59:22 - Row :223 - Processing item.
08-17-2022 @ 06:59:22 - Processing users.
08-17-2022 @ 06:59:24 - > &#8220;870&#8221;User imported successfully. ID:870
08-17-2022 @ 06:59:24 - > Finished importing user 870
08-17-2022 @ 06:59:24 - Row :223 - User imported successfully.
08-17-2022 @ 06:59:24 - Row :224 - Parsing item.
08-17-2022 @ 06:59:24 - Row :224 - Processing item.
08-17-2022 @ 06:59:24 - Processing users.
08-17-2022 @ 06:59:27 - > &#8220;871&#8221;User imported successfully. ID:871
08-17-2022 @ 06:59:27 - > Finished importing user 871
08-17-2022 @ 06:59:27 - Row :224 - User imported successfully.
08-17-2022 @ 06:59:27 - Row :225 - Parsing item.
08-17-2022 @ 06:59:27 - Row :225 - Processing item.
08-17-2022 @ 06:59:27 - Processing users.
08-17-2022 @ 06:59:29 - > &#8220;872&#8221;User imported successfully. ID:872
08-17-2022 @ 06:59:29 - > Finished importing user 872
08-17-2022 @ 06:59:29 - Row :225 - User imported successfully.
08-17-2022 @ 06:59:29 - Row :226 - Parsing item.
08-17-2022 @ 06:59:29 - Row :226 - Processing item.
08-17-2022 @ 06:59:29 - Processing users.
08-17-2022 @ 06:59:32 - > &#8220;873&#8221;User imported successfully. ID:873
08-17-2022 @ 06:59:32 - > Finished importing user 873
08-17-2022 @ 06:59:32 - Row :226 - User imported successfully.
08-17-2022 @ 06:59:32 - Row :227 - Parsing item.
08-17-2022 @ 06:59:32 - Row :227 - Processing item.
08-17-2022 @ 06:59:32 - Processing users.
08-17-2022 @ 06:59:35 - > &#8220;874&#8221;User imported successfully. ID:874
08-17-2022 @ 06:59:35 - > Finished importing user 874
08-17-2022 @ 06:59:35 - Row :227 - User imported successfully.
08-17-2022 @ 06:59:35 - Row :228 - Parsing item.
08-17-2022 @ 06:59:35 - Row :228 - Processing item.
08-17-2022 @ 06:59:35 - Processing users.
08-17-2022 @ 06:59:37 - > &#8220;875&#8221;User imported successfully. ID:875
08-17-2022 @ 06:59:37 - > Finished importing user 875
08-17-2022 @ 06:59:37 - Row :228 - User imported successfully.
08-17-2022 @ 06:59:37 - Row :229 - Parsing item.
08-17-2022 @ 06:59:37 - Row :229 - Processing item.
08-17-2022 @ 06:59:37 - Processing users.
08-17-2022 @ 06:59:40 - > &#8220;876&#8221;User imported successfully. ID:876
08-17-2022 @ 06:59:40 - > Finished importing user 876
08-17-2022 @ 06:59:40 - Row :229 - User imported successfully.
08-17-2022 @ 06:59:40 - Row :230 - Parsing item.
08-17-2022 @ 06:59:40 - Row :230 - Processing item.
08-17-2022 @ 06:59:40 - Processing users.
08-17-2022 @ 06:59:42 - > &#8220;877&#8221;User imported successfully. ID:877
08-17-2022 @ 06:59:42 - > Finished importing user 877
08-17-2022 @ 06:59:42 - Row :230 - User imported successfully.
08-17-2022 @ 06:59:43 - Preparing for import.
08-17-2022 @ 06:59:43 - Row :231 - Parsing item.
08-17-2022 @ 06:59:43 - Row :231 - Processing item.
08-17-2022 @ 06:59:43 - Processing users.
08-17-2022 @ 06:59:45 - > &#8220;878&#8221;User imported successfully. ID:878
08-17-2022 @ 06:59:45 - > Finished importing user 878
08-17-2022 @ 06:59:45 - Row :231 - User imported successfully.
08-17-2022 @ 06:59:45 - Row :232 - Parsing item.
08-17-2022 @ 06:59:45 - Row :232 - Processing item.
08-17-2022 @ 06:59:45 - Processing users.
08-17-2022 @ 06:59:48 - > &#8220;879&#8221;User imported successfully. ID:879
08-17-2022 @ 06:59:48 - > Finished importing user 879
08-17-2022 @ 06:59:48 - Row :232 - User imported successfully.
08-17-2022 @ 06:59:48 - Row :233 - Parsing item.
08-17-2022 @ 06:59:48 - Row :233 - Processing item.
08-17-2022 @ 06:59:48 - Processing users.
08-17-2022 @ 06:59:51 - > &#8220;880&#8221;User imported successfully. ID:880
08-17-2022 @ 06:59:51 - > Finished importing user 880
08-17-2022 @ 06:59:51 - Row :233 - User imported successfully.
08-17-2022 @ 06:59:51 - Row :234 - Parsing item.
08-17-2022 @ 06:59:51 - Row :234 - Processing item.
08-17-2022 @ 06:59:51 - Processing users.
08-17-2022 @ 06:59:53 - > &#8220;881&#8221;User imported successfully. ID:881
08-17-2022 @ 06:59:53 - > Finished importing user 881
08-17-2022 @ 06:59:53 - Row :234 - User imported successfully.
08-17-2022 @ 06:59:53 - Row :235 - Parsing item.
08-17-2022 @ 06:59:53 - Row :235 - Processing item.
08-17-2022 @ 06:59:53 - Processing users.
08-17-2022 @ 06:59:55 - > &#8220;882&#8221;User imported successfully. ID:882
08-17-2022 @ 06:59:55 - > Finished importing user 882
08-17-2022 @ 06:59:55 - Row :235 - User imported successfully.
08-17-2022 @ 06:59:55 - Row :236 - Parsing item.
08-17-2022 @ 06:59:55 - Row :236 - Processing item.
08-17-2022 @ 06:59:55 - Processing users.
08-17-2022 @ 06:59:58 - > &#8220;883&#8221;User imported successfully. ID:883
08-17-2022 @ 06:59:58 - > Finished importing user 883
08-17-2022 @ 06:59:58 - Row :236 - User imported successfully.
08-17-2022 @ 06:59:58 - Row :237 - Parsing item.
08-17-2022 @ 06:59:58 - Row :237 - Processing item.
08-17-2022 @ 06:59:58 - Processing users.
08-17-2022 @ 07:00:00 - > &#8220;884&#8221;User imported successfully. ID:884
08-17-2022 @ 07:00:00 - > Finished importing user 884
08-17-2022 @ 07:00:00 - Row :237 - User imported successfully.
08-17-2022 @ 07:00:00 - Row :238 - Parsing item.
08-17-2022 @ 07:00:00 - Row :238 - Processing item.
08-17-2022 @ 07:00:00 - Processing users.
08-17-2022 @ 07:00:03 - > &#8220;885&#8221;User imported successfully. ID:885
08-17-2022 @ 07:00:03 - > Finished importing user 885
08-17-2022 @ 07:00:03 - Row :238 - User imported successfully.
08-17-2022 @ 07:00:03 - Row :239 - Parsing item.
08-17-2022 @ 07:00:03 - Row :239 - Processing item.
08-17-2022 @ 07:00:03 - Processing users.
08-17-2022 @ 07:00:06 - > &#8220;886&#8221;User imported successfully. ID:886
08-17-2022 @ 07:00:06 - > Finished importing user 886
08-17-2022 @ 07:00:06 - Row :239 - User imported successfully.
08-17-2022 @ 07:00:06 - Row :240 - Parsing item.
08-17-2022 @ 07:00:06 - Row :240 - Processing item.
08-17-2022 @ 07:00:06 - Processing users.
08-17-2022 @ 07:00:08 - > &#8220;887&#8221;User imported successfully. ID:887
08-17-2022 @ 07:00:08 - > Finished importing user 887
08-17-2022 @ 07:00:08 - Row :240 - User imported successfully.
08-17-2022 @ 07:00:09 - Preparing for import.
08-17-2022 @ 07:00:09 - Row :241 - Parsing item.
08-17-2022 @ 07:00:09 - Row :241 - Processing item.
08-17-2022 @ 07:00:09 - Processing users.
08-17-2022 @ 07:00:11 - > &#8220;888&#8221;User imported successfully. ID:888
08-17-2022 @ 07:00:11 - > Finished importing user 888
08-17-2022 @ 07:00:11 - Row :241 - User imported successfully.
08-17-2022 @ 07:00:11 - Row :242 - Parsing item.
08-17-2022 @ 07:00:11 - Row :242 - Processing item.
08-17-2022 @ 07:00:11 - Processing users.
08-17-2022 @ 07:00:14 - > &#8220;889&#8221;User imported successfully. ID:889
08-17-2022 @ 07:00:14 - > Finished importing user 889
08-17-2022 @ 07:00:14 - Row :242 - User imported successfully.
08-17-2022 @ 07:00:14 - Row :243 - Parsing item.
08-17-2022 @ 07:00:14 - Row :243 - Processing item.
08-17-2022 @ 07:00:14 - Processing users.
08-17-2022 @ 07:00:17 - > &#8220;890&#8221;User imported successfully. ID:890
08-17-2022 @ 07:00:17 - > Finished importing user 890
08-17-2022 @ 07:00:17 - Row :243 - User imported successfully.
08-17-2022 @ 07:00:17 - Row :244 - Parsing item.
08-17-2022 @ 07:00:17 - Row :244 - Processing item.
08-17-2022 @ 07:00:17 - Processing users.
08-17-2022 @ 07:00:19 - > &#8220;891&#8221;User imported successfully. ID:891
08-17-2022 @ 07:00:19 - > Finished importing user 891
08-17-2022 @ 07:00:19 - Row :244 - User imported successfully.
08-17-2022 @ 07:00:19 - Row :245 - Parsing item.
08-17-2022 @ 07:00:19 - Row :245 - Processing item.
08-17-2022 @ 07:00:19 - Processing users.
08-17-2022 @ 07:00:22 - > &#8220;892&#8221;User imported successfully. ID:892
08-17-2022 @ 07:00:22 - > Finished importing user 892
08-17-2022 @ 07:00:22 - Row :245 - User imported successfully.
08-17-2022 @ 07:00:22 - Row :246 - Parsing item.
08-17-2022 @ 07:00:22 - Row :246 - Processing item.
08-17-2022 @ 07:00:22 - Processing users.
08-17-2022 @ 07:00:24 - > &#8220;893&#8221;User imported successfully. ID:893
08-17-2022 @ 07:00:24 - > Finished importing user 893
08-17-2022 @ 07:00:24 - Row :246 - User imported successfully.
08-17-2022 @ 07:00:24 - Row :247 - Parsing item.
08-17-2022 @ 07:00:24 - Row :247 - Processing item.
08-17-2022 @ 07:00:24 - Processing users.
08-17-2022 @ 07:00:26 - > &#8220;894&#8221;User imported successfully. ID:894
08-17-2022 @ 07:00:26 - > Finished importing user 894
08-17-2022 @ 07:00:26 - Row :247 - User imported successfully.
08-17-2022 @ 07:00:26 - Row :248 - Parsing item.
08-17-2022 @ 07:00:26 - Row :248 - Processing item.
08-17-2022 @ 07:00:26 - Processing users.
08-17-2022 @ 07:00:29 - > &#8220;895&#8221;User imported successfully. ID:895
08-17-2022 @ 07:00:29 - > Finished importing user 895
08-17-2022 @ 07:00:29 - Row :248 - User imported successfully.
08-17-2022 @ 07:00:29 - Row :249 - Parsing item.
08-17-2022 @ 07:00:29 - Row :249 - Processing item.
08-17-2022 @ 07:00:29 - Processing users.
08-17-2022 @ 07:00:31 - > &#8220;896&#8221;User imported successfully. ID:896
08-17-2022 @ 07:00:31 - > Finished importing user 896
08-17-2022 @ 07:00:31 - Row :249 - User imported successfully.
08-17-2022 @ 07:00:31 - Row :250 - Parsing item.
08-17-2022 @ 07:00:31 - Row :250 - Processing item.
08-17-2022 @ 07:00:31 - Processing users.
08-17-2022 @ 07:00:34 - > &#8220;897&#8221;User imported successfully. ID:897
08-17-2022 @ 07:00:34 - > Finished importing user 897
08-17-2022 @ 07:00:34 - Row :250 - User imported successfully.
08-17-2022 @ 07:00:34 - Preparing for import.
08-17-2022 @ 07:00:34 - Row :251 - Parsing item.
08-17-2022 @ 07:00:34 - Row :251 - Processing item.
08-17-2022 @ 07:00:34 - Processing users.
08-17-2022 @ 07:00:36 - > &#8220;898&#8221;User imported successfully. ID:898
08-17-2022 @ 07:00:36 - > Finished importing user 898
08-17-2022 @ 07:00:36 - Row :251 - User imported successfully.
08-17-2022 @ 07:00:36 - Row :252 - Parsing item.
08-17-2022 @ 07:00:36 - Row :252 - Processing item.
08-17-2022 @ 07:00:36 - Processing users.
08-17-2022 @ 07:00:39 - > &#8220;899&#8221;User imported successfully. ID:899
08-17-2022 @ 07:00:39 - > Finished importing user 899
08-17-2022 @ 07:00:39 - Row :252 - User imported successfully.
08-17-2022 @ 07:00:39 - Row :253 - Parsing item.
08-17-2022 @ 07:00:39 - Row :253 - Processing item.
08-17-2022 @ 07:00:39 - Processing users.
08-17-2022 @ 07:00:42 - > &#8220;900&#8221;User imported successfully. ID:900
08-17-2022 @ 07:00:42 - > Finished importing user 900
08-17-2022 @ 07:00:42 - Row :253 - User imported successfully.
08-17-2022 @ 07:00:42 - Row :254 - Parsing item.
08-17-2022 @ 07:00:42 - Row :254 - Processing item.
08-17-2022 @ 07:00:42 - Processing users.
08-17-2022 @ 07:00:44 - > &#8220;901&#8221;User imported successfully. ID:901
08-17-2022 @ 07:00:44 - > Finished importing user 901
08-17-2022 @ 07:00:44 - Row :254 - User imported successfully.
08-17-2022 @ 07:00:44 - Row :255 - Parsing item.
08-17-2022 @ 07:00:44 - Row :255 - Processing item.
08-17-2022 @ 07:00:44 - Processing users.
08-17-2022 @ 07:00:47 - > &#8220;902&#8221;User imported successfully. ID:902
08-17-2022 @ 07:00:47 - > Finished importing user 902
08-17-2022 @ 07:00:47 - Row :255 - User imported successfully.
08-17-2022 @ 07:00:47 - Row :256 - Parsing item.
08-17-2022 @ 07:00:47 - Row :256 - Processing item.
08-17-2022 @ 07:00:47 - Processing users.
08-17-2022 @ 07:00:50 - > &#8220;903&#8221;User imported successfully. ID:903
08-17-2022 @ 07:00:50 - > Finished importing user 903
08-17-2022 @ 07:00:50 - Row :256 - User imported successfully.
08-17-2022 @ 07:00:50 - Row :257 - Parsing item.
08-17-2022 @ 07:00:50 - Row :257 - Processing item.
08-17-2022 @ 07:00:50 - Processing users.
08-17-2022 @ 07:00:52 - > &#8220;904&#8221;User imported successfully. ID:904
08-17-2022 @ 07:00:52 - > Finished importing user 904
08-17-2022 @ 07:00:52 - Row :257 - User imported successfully.
08-17-2022 @ 07:00:52 - Row :258 - Parsing item.
08-17-2022 @ 07:00:52 - Row :258 - Processing item.
08-17-2022 @ 07:00:52 - Processing users.
08-17-2022 @ 07:00:54 - > &#8220;905&#8221;User imported successfully. ID:905
08-17-2022 @ 07:00:54 - > Finished importing user 905
08-17-2022 @ 07:00:54 - Row :258 - User imported successfully.
08-17-2022 @ 07:00:54 - Row :259 - Parsing item.
08-17-2022 @ 07:00:54 - Row :259 - Processing item.
08-17-2022 @ 07:00:54 - Processing users.
08-17-2022 @ 07:00:57 - > &#8220;906&#8221;User imported successfully. ID:906
08-17-2022 @ 07:00:57 - > Finished importing user 906
08-17-2022 @ 07:00:57 - Row :259 - User imported successfully.
08-17-2022 @ 07:00:57 - Row :260 - Parsing item.
08-17-2022 @ 07:00:57 - Row :260 - Processing item.
08-17-2022 @ 07:00:57 - Processing users.
08-17-2022 @ 07:00:59 - > &#8220;907&#8221;User imported successfully. ID:907
08-17-2022 @ 07:00:59 - > Finished importing user 907
08-17-2022 @ 07:00:59 - Row :260 - User imported successfully.
08-17-2022 @ 07:01:00 - Preparing for import.
08-17-2022 @ 07:01:00 - Row :261 - Parsing item.
08-17-2022 @ 07:01:00 - Row :261 - Processing item.
08-17-2022 @ 07:01:00 - Processing users.
08-17-2022 @ 07:01:04 - > &#8220;908&#8221;User imported successfully. ID:908
08-17-2022 @ 07:01:04 - > Finished importing user 908
08-17-2022 @ 07:01:04 - Row :261 - User imported successfully.
08-17-2022 @ 07:01:04 - Row :262 - Parsing item.
08-17-2022 @ 07:01:04 - Row :262 - Processing item.
08-17-2022 @ 07:01:04 - Processing users.
08-17-2022 @ 07:01:06 - > &#8220;909&#8221;User imported successfully. ID:909
08-17-2022 @ 07:01:06 - > Finished importing user 909
08-17-2022 @ 07:01:06 - Row :262 - User imported successfully.
08-17-2022 @ 07:01:06 - Row :263 - Parsing item.
08-17-2022 @ 07:01:06 - Row :263 - Processing item.
08-17-2022 @ 07:01:06 - Processing users.
08-17-2022 @ 07:01:08 - > &#8220;910&#8221;User imported successfully. ID:910
08-17-2022 @ 07:01:08 - > Finished importing user 910
08-17-2022 @ 07:01:08 - Row :263 - User imported successfully.
08-17-2022 @ 07:01:08 - Row :264 - Parsing item.
08-17-2022 @ 07:01:08 - Row :264 - Processing item.
08-17-2022 @ 07:01:08 - Processing users.
08-17-2022 @ 07:01:11 - > &#8220;911&#8221;User imported successfully. ID:911
08-17-2022 @ 07:01:11 - > Finished importing user 911
08-17-2022 @ 07:01:11 - Row :264 - User imported successfully.
08-17-2022 @ 07:01:11 - Row :265 - Parsing item.
08-17-2022 @ 07:01:11 - Row :265 - Processing item.
08-17-2022 @ 07:01:11 - Processing users.
08-17-2022 @ 07:01:14 - > &#8220;912&#8221;User imported successfully. ID:912
08-17-2022 @ 07:01:14 - > Finished importing user 912
08-17-2022 @ 07:01:14 - Row :265 - User imported successfully.
08-17-2022 @ 07:01:14 - Row :266 - Parsing item.
08-17-2022 @ 07:01:14 - Row :266 - Processing item.
08-17-2022 @ 07:01:14 - Processing users.
08-17-2022 @ 07:01:16 - > &#8220;913&#8221;User imported successfully. ID:913
08-17-2022 @ 07:01:16 - > Finished importing user 913
08-17-2022 @ 07:01:16 - Row :266 - User imported successfully.
08-17-2022 @ 07:01:16 - Row :267 - Parsing item.
08-17-2022 @ 07:01:16 - Row :267 - Processing item.
08-17-2022 @ 07:01:16 - Processing users.
08-17-2022 @ 07:01:19 - > &#8220;914&#8221;User imported successfully. ID:914
08-17-2022 @ 07:01:19 - > Finished importing user 914
08-17-2022 @ 07:01:19 - Row :267 - User imported successfully.
08-17-2022 @ 07:01:19 - Row :268 - Parsing item.
08-17-2022 @ 07:01:19 - Row :268 - Processing item.
08-17-2022 @ 07:01:19 - Processing users.
08-17-2022 @ 07:01:21 - > &#8220;915&#8221;User imported successfully. ID:915
08-17-2022 @ 07:01:21 - > Finished importing user 915
08-17-2022 @ 07:01:21 - Row :268 - User imported successfully.
08-17-2022 @ 07:01:21 - Row :269 - Parsing item.
08-17-2022 @ 07:01:21 - Row :269 - Processing item.
08-17-2022 @ 07:01:21 - Processing users.
08-17-2022 @ 07:01:23 - > &#8220;916&#8221;User imported successfully. ID:916
08-17-2022 @ 07:01:23 - > Finished importing user 916
08-17-2022 @ 07:01:23 - Row :269 - User imported successfully.
08-17-2022 @ 07:01:23 - Row :270 - Parsing item.
08-17-2022 @ 07:01:23 - Row :270 - Processing item.
08-17-2022 @ 07:01:23 - Processing users.
08-17-2022 @ 07:01:26 - > &#8220;917&#8221;User imported successfully. ID:917
08-17-2022 @ 07:01:26 - > Finished importing user 917
08-17-2022 @ 07:01:26 - Row :270 - User imported successfully.
08-17-2022 @ 07:01:26 - Preparing for import.
08-17-2022 @ 07:01:26 - Row :271 - Parsing item.
08-17-2022 @ 07:01:26 - Row :271 - Processing item.
08-17-2022 @ 07:01:26 - Processing users.
08-17-2022 @ 07:01:29 - > &#8220;918&#8221;User imported successfully. ID:918
08-17-2022 @ 07:01:29 - > Finished importing user 918
08-17-2022 @ 07:01:29 - Row :271 - User imported successfully.
08-17-2022 @ 07:01:29 - Row :272 - Parsing item.
08-17-2022 @ 07:01:29 - Row :272 - Processing item.
08-17-2022 @ 07:01:29 - Processing users.
08-17-2022 @ 07:01:32 - > &#8220;919&#8221;User imported successfully. ID:919
08-17-2022 @ 07:01:32 - > Finished importing user 919
08-17-2022 @ 07:01:32 - Row :272 - User imported successfully.
08-17-2022 @ 07:01:32 - Row :273 - Parsing item.
08-17-2022 @ 07:01:32 - Row :273 - Processing item.
08-17-2022 @ 07:01:32 - Processing users.
08-17-2022 @ 07:01:43 - > &#8220;920&#8221;User imported successfully. ID:920
08-17-2022 @ 07:01:43 - > Finished importing user 920
08-17-2022 @ 07:01:43 - Row :273 - User imported successfully.
08-17-2022 @ 07:01:43 - Row :274 - Parsing item.
08-17-2022 @ 07:01:43 - Row :274 - Processing item.
08-17-2022 @ 07:01:43 - Processing users.
08-17-2022 @ 07:01:59 - > &#8220;921&#8221;User imported successfully. ID:921
08-17-2022 @ 07:01:59 - > Finished importing user 921
08-17-2022 @ 07:01:59 - Row :274 - User imported successfully.
08-17-2022 @ 07:01:59 - Row :275 - Parsing item.
08-17-2022 @ 07:01:59 - Row :275 - Processing item.
08-17-2022 @ 07:01:59 - Processing users.
08-17-2022 @ 07:02:02 - > &#8220;922&#8221;User imported successfully. ID:922
08-17-2022 @ 07:02:02 - > Finished importing user 922
08-17-2022 @ 07:02:02 - Row :275 - User imported successfully.
08-17-2022 @ 07:02:02 - Row :276 - Parsing item.
08-17-2022 @ 07:02:02 - Row :276 - Processing item.
08-17-2022 @ 07:02:02 - Processing users.
08-17-2022 @ 07:02:04 - > &#8220;923&#8221;User imported successfully. ID:923
08-17-2022 @ 07:02:04 - > Finished importing user 923
08-17-2022 @ 07:02:04 - Row :276 - User imported successfully.
08-17-2022 @ 07:02:04 - Row :277 - Parsing item.
08-17-2022 @ 07:02:04 - Row :277 - Processing item.
08-17-2022 @ 07:02:04 - Processing users.
08-17-2022 @ 07:02:07 - > &#8220;924&#8221;User imported successfully. ID:924
08-17-2022 @ 07:02:07 - > Finished importing user 924
08-17-2022 @ 07:02:07 - Row :277 - User imported successfully.
08-17-2022 @ 07:02:07 - Row :278 - Parsing item.
08-17-2022 @ 07:02:07 - Row :278 - Processing item.
08-17-2022 @ 07:02:07 - Processing users.
08-17-2022 @ 07:02:10 - > &#8220;925&#8221;User imported successfully. ID:925
08-17-2022 @ 07:02:10 - > Finished importing user 925
08-17-2022 @ 07:02:10 - Row :278 - User imported successfully.
08-17-2022 @ 07:02:10 - Row :279 - Parsing item.
08-17-2022 @ 07:02:10 - Row :279 - Processing item.
08-17-2022 @ 07:02:10 - Processing users.
08-17-2022 @ 07:02:12 - > &#8220;926&#8221;User imported successfully. ID:926
08-17-2022 @ 07:02:12 - > Finished importing user 926
08-17-2022 @ 07:02:12 - Row :279 - User imported successfully.
08-17-2022 @ 07:02:12 - Row :280 - Parsing item.
08-17-2022 @ 07:02:12 - Row :280 - Processing item.
08-17-2022 @ 07:02:12 - Processing users.
08-17-2022 @ 07:02:15 - > &#8220;927&#8221;User imported successfully. ID:927
08-17-2022 @ 07:02:15 - > Finished importing user 927
08-17-2022 @ 07:02:15 - Row :280 - User imported successfully.
08-17-2022 @ 07:02:15 - Preparing for import.
08-17-2022 @ 07:02:15 - Row :281 - Parsing item.
08-17-2022 @ 07:02:15 - Row :281 - Processing item.
08-17-2022 @ 07:02:15 - Processing users.
08-17-2022 @ 07:02:17 - > &#8220;928&#8221;User imported successfully. ID:928
08-17-2022 @ 07:02:17 - > Finished importing user 928
08-17-2022 @ 07:02:17 - Row :281 - User imported successfully.
08-17-2022 @ 07:02:17 - Row :282 - Parsing item.
08-17-2022 @ 07:02:17 - Row :282 - Processing item.
08-17-2022 @ 07:02:17 - Processing users.
08-17-2022 @ 07:02:20 - > &#8220;929&#8221;User imported successfully. ID:929
08-17-2022 @ 07:02:20 - > Finished importing user 929
08-17-2022 @ 07:02:20 - Row :282 - User imported successfully.
08-17-2022 @ 07:02:20 - Row :283 - Parsing item.
08-17-2022 @ 07:02:20 - Row :283 - Processing item.
08-17-2022 @ 07:02:20 - Processing users.
08-17-2022 @ 07:02:22 - > &#8220;930&#8221;User imported successfully. ID:930
08-17-2022 @ 07:02:22 - > Finished importing user 930
08-17-2022 @ 07:02:22 - Row :283 - User imported successfully.
08-17-2022 @ 07:02:22 - Row :284 - Parsing item.
08-17-2022 @ 07:02:22 - Row :284 - Processing item.
08-17-2022 @ 07:02:22 - Processing users.
08-17-2022 @ 07:02:24 - > &#8220;931&#8221;User imported successfully. ID:931
08-17-2022 @ 07:02:24 - > Finished importing user 931
08-17-2022 @ 07:02:24 - Row :284 - User imported successfully.
08-17-2022 @ 07:02:24 - Row :285 - Parsing item.
08-17-2022 @ 07:02:24 - Row :285 - Processing item.
08-17-2022 @ 07:02:24 - Processing users.
08-17-2022 @ 07:02:27 - > &#8220;932&#8221;User imported successfully. ID:932
08-17-2022 @ 07:02:27 - > Finished importing user 932
08-17-2022 @ 07:02:27 - Row :285 - User imported successfully.
08-17-2022 @ 07:02:27 - Row :286 - Parsing item.
08-17-2022 @ 07:02:27 - Row :286 - Processing item.
08-17-2022 @ 07:02:27 - Processing users.
08-17-2022 @ 07:02:29 - > &#8220;933&#8221;User imported successfully. ID:933
08-17-2022 @ 07:02:29 - > Finished importing user 933
08-17-2022 @ 07:02:29 - Row :286 - User imported successfully.
08-17-2022 @ 07:02:29 - Row :287 - Parsing item.
08-17-2022 @ 07:02:29 - Row :287 - Processing item.
08-17-2022 @ 07:02:29 - Processing users.
08-17-2022 @ 07:02:31 - > &#8220;934&#8221;User imported successfully. ID:934
08-17-2022 @ 07:02:31 - > Finished importing user 934
08-17-2022 @ 07:02:31 - Row :287 - User imported successfully.
08-17-2022 @ 07:02:31 - Row :288 - Parsing item.
08-17-2022 @ 07:02:31 - Row :288 - Processing item.
08-17-2022 @ 07:02:31 - Processing users.
08-17-2022 @ 07:02:34 - > &#8220;935&#8221;User imported successfully. ID:935
08-17-2022 @ 07:02:34 - > Finished importing user 935
08-17-2022 @ 07:02:34 - Row :288 - User imported successfully.
08-17-2022 @ 07:02:34 - Row :289 - Parsing item.
08-17-2022 @ 07:02:34 - Row :289 - Processing item.
08-17-2022 @ 07:02:34 - Processing users.
08-17-2022 @ 07:02:37 - > &#8220;936&#8221;User imported successfully. ID:936
08-17-2022 @ 07:02:37 - > Finished importing user 936
08-17-2022 @ 07:02:37 - Row :289 - User imported successfully.
08-17-2022 @ 07:02:37 - Row :290 - Parsing item.
08-17-2022 @ 07:02:37 - Row :290 - Processing item.
08-17-2022 @ 07:02:37 - Processing users.
08-17-2022 @ 07:02:39 - > &#8220;937&#8221;User imported successfully. ID:937
08-17-2022 @ 07:02:39 - > Finished importing user 937
08-17-2022 @ 07:02:39 - Row :290 - User imported successfully.
08-17-2022 @ 07:02:40 - Preparing for import.
08-17-2022 @ 07:02:40 - Row :291 - Parsing item.
08-17-2022 @ 07:02:40 - Row :291 - Processing item.
08-17-2022 @ 07:02:40 - Processing users.
08-17-2022 @ 07:02:43 - > &#8220;938&#8221;User imported successfully. ID:938
08-17-2022 @ 07:02:43 - > Finished importing user 938
08-17-2022 @ 07:02:43 - Row :291 - User imported successfully.
08-17-2022 @ 07:02:43 - Row :292 - Parsing item.
08-17-2022 @ 07:02:43 - Row :292 - Processing item.
08-17-2022 @ 07:02:43 - Processing users.
08-17-2022 @ 07:02:45 - > &#8220;939&#8221;User imported successfully. ID:939
08-17-2022 @ 07:02:45 - > Finished importing user 939
08-17-2022 @ 07:02:45 - Row :292 - User imported successfully.
08-17-2022 @ 07:02:45 - Row :293 - Parsing item.
08-17-2022 @ 07:02:45 - Row :293 - Processing item.
08-17-2022 @ 07:02:45 - Processing users.
08-17-2022 @ 07:02:48 - > &#8220;940&#8221;User imported successfully. ID:940
08-17-2022 @ 07:02:48 - > Finished importing user 940
08-17-2022 @ 07:02:48 - Row :293 - User imported successfully.
08-17-2022 @ 07:02:48 - Row :294 - Parsing item.
08-17-2022 @ 07:02:48 - Row :294 - Processing item.
08-17-2022 @ 07:02:48 - Processing users.
08-17-2022 @ 07:02:50 - > &#8220;941&#8221;User imported successfully. ID:941
08-17-2022 @ 07:02:50 - > Finished importing user 941
08-17-2022 @ 07:02:50 - Row :294 - User imported successfully.
08-17-2022 @ 07:02:50 - Row :295 - Parsing item.
08-17-2022 @ 07:02:50 - Row :295 - Processing item.
08-17-2022 @ 07:02:50 - Processing users.
08-17-2022 @ 07:02:52 - > &#8220;942&#8221;User imported successfully. ID:942
08-17-2022 @ 07:02:52 - > Finished importing user 942
08-17-2022 @ 07:02:52 - Row :295 - User imported successfully.
08-17-2022 @ 07:02:52 - Row :296 - Parsing item.
08-17-2022 @ 07:02:52 - Row :296 - Processing item.
08-17-2022 @ 07:02:52 - Processing users.
08-17-2022 @ 07:02:55 - > &#8220;943&#8221;User imported successfully. ID:943
08-17-2022 @ 07:02:55 - > Finished importing user 943
08-17-2022 @ 07:02:55 - Row :296 - User imported successfully.
08-17-2022 @ 07:02:55 - Row :297 - Parsing item.
08-17-2022 @ 07:02:55 - Row :297 - Processing item.
08-17-2022 @ 07:02:55 - Processing users.
08-17-2022 @ 07:02:58 - > &#8220;944&#8221;User imported successfully. ID:944
08-17-2022 @ 07:02:58 - > Finished importing user 944
08-17-2022 @ 07:02:58 - Row :297 - User imported successfully.
08-17-2022 @ 07:02:58 - Row :298 - Parsing item.
08-17-2022 @ 07:02:58 - Row :298 - Processing item.
08-17-2022 @ 07:02:58 - Processing users.
08-17-2022 @ 07:03:00 - > &#8220;945&#8221;User imported successfully. ID:945
08-17-2022 @ 07:03:00 - > Finished importing user 945
08-17-2022 @ 07:03:00 - Row :298 - User imported successfully.
08-17-2022 @ 07:03:00 - Row :299 - Parsing item.
08-17-2022 @ 07:03:00 - Row :299 - Processing item.
08-17-2022 @ 07:03:00 - Processing users.
08-17-2022 @ 07:03:02 - > &#8220;946&#8221;User imported successfully. ID:946
08-17-2022 @ 07:03:02 - > Finished importing user 946
08-17-2022 @ 07:03:02 - Row :299 - User imported successfully.
08-17-2022 @ 07:03:02 - Row :300 - Parsing item.
08-17-2022 @ 07:03:02 - Row :300 - Processing item.
08-17-2022 @ 07:03:02 - Processing users.
08-17-2022 @ 07:03:05 - > &#8220;947&#8221;User imported successfully. ID:947
08-17-2022 @ 07:03:05 - > Finished importing user 947
08-17-2022 @ 07:03:05 - Row :300 - User imported successfully.
08-17-2022 @ 07:03:05 - Preparing for import.
08-17-2022 @ 07:03:05 - Row :301 - Parsing item.
08-17-2022 @ 07:03:05 - Row :301 - Processing item.
08-17-2022 @ 07:03:05 - Processing users.
08-17-2022 @ 07:03:08 - > &#8220;948&#8221;User imported successfully. ID:948
08-17-2022 @ 07:03:08 - > Finished importing user 948
08-17-2022 @ 07:03:08 - Row :301 - User imported successfully.
08-17-2022 @ 07:03:08 - Row :302 - Parsing item.
08-17-2022 @ 07:03:08 - Row :302 - Processing item.
08-17-2022 @ 07:03:08 - Processing users.
08-17-2022 @ 07:03:10 - > &#8220;949&#8221;User imported successfully. ID:949
08-17-2022 @ 07:03:10 - > Finished importing user 949
08-17-2022 @ 07:03:10 - Row :302 - User imported successfully.
08-17-2022 @ 07:03:10 - Row :303 - Parsing item.
08-17-2022 @ 07:03:10 - Row :303 - Processing item.
08-17-2022 @ 07:03:10 - Processing users.
08-17-2022 @ 07:03:12 - > &#8220;950&#8221;User imported successfully. ID:950
08-17-2022 @ 07:03:12 - > Finished importing user 950
08-17-2022 @ 07:03:12 - Row :303 - User imported successfully.
08-17-2022 @ 07:03:12 - Row :304 - Parsing item.
08-17-2022 @ 07:03:12 - Row :304 - Processing item.
08-17-2022 @ 07:03:12 - Processing users.
08-17-2022 @ 07:03:15 - > &#8220;951&#8221;User imported successfully. ID:951
08-17-2022 @ 07:03:15 - > Finished importing user 951
08-17-2022 @ 07:03:15 - Row :304 - User imported successfully.
08-17-2022 @ 07:03:15 - Row :305 - Parsing item.
08-17-2022 @ 07:03:15 - Row :305 - Processing item.
08-17-2022 @ 07:03:15 - Processing users.
08-17-2022 @ 07:03:18 - > &#8220;952&#8221;User imported successfully. ID:952
08-17-2022 @ 07:03:18 - > Finished importing user 952
08-17-2022 @ 07:03:18 - Row :305 - User imported successfully.
08-17-2022 @ 07:03:18 - Row :306 - Parsing item.
08-17-2022 @ 07:03:18 - Row :306 - Processing item.
08-17-2022 @ 07:03:18 - Processing users.
08-17-2022 @ 07:03:20 - > &#8220;953&#8221;User imported successfully. ID:953
08-17-2022 @ 07:03:20 - > Finished importing user 953
08-17-2022 @ 07:03:20 - Row :306 - User imported successfully.
08-17-2022 @ 07:03:20 - Row :307 - Parsing item.
08-17-2022 @ 07:03:20 - Row :307 - Processing item.
08-17-2022 @ 07:03:20 - Processing users.
08-17-2022 @ 07:03:23 - > &#8220;954&#8221;User imported successfully. ID:954
08-17-2022 @ 07:03:23 - > Finished importing user 954
08-17-2022 @ 07:03:23 - Row :307 - User imported successfully.
08-17-2022 @ 07:03:23 - Row :308 - Parsing item.
08-17-2022 @ 07:03:23 - Row :308 - Processing item.
08-17-2022 @ 07:03:23 - Processing users.
08-17-2022 @ 07:03:35 - > &#8220;955&#8221;User imported successfully. ID:955
08-17-2022 @ 07:03:35 - > Finished importing user 955
08-17-2022 @ 07:03:35 - Row :308 - User imported successfully.
08-17-2022 @ 07:03:35 - Row :309 - Parsing item.
08-17-2022 @ 07:03:35 - Row :309 - Processing item.
08-17-2022 @ 07:03:35 - Processing users.
08-17-2022 @ 07:04:06 - > &#8220;956&#8221;User imported successfully. ID:956
08-17-2022 @ 07:04:06 - > Finished importing user 956
08-17-2022 @ 07:04:06 - Row :309 - User imported successfully.
08-17-2022 @ 07:04:06 - Row :310 - Parsing item.
08-17-2022 @ 07:04:06 - Row :310 - Processing item.
08-17-2022 @ 07:04:06 - Processing users.
08-17-2022 @ 07:04:15 - > &#8220;957&#8221;User imported successfully. ID:957
08-17-2022 @ 07:04:15 - > Finished importing user 957
08-17-2022 @ 07:04:15 - Row :310 - User imported successfully.
