08-17-2022 @ 07:07:58 - ---[ New import started at 2022-08-17 07:07:58 ] PHP Memory: 256 MB, WP Memory: 40 MB
08-17-2022 @ 07:07:58 - Preparing for import.
08-17-2022 @ 07:07:58 - Row :1 - Parsing item.
08-17-2022 @ 07:07:58 - Row :1 - Parsing failed. Reason: User with same Email already exists. Email: biswan@seksaria.in
08-17-2022 @ 07:07:58 - Row :2 - Parsing item.
08-17-2022 @ 07:07:58 - Row :2 - Parsing failed. Reason: User with same Email already exists. Email: debraj@faber-castell.co.in
08-17-2022 @ 07:07:58 - Row :3 - Parsing item.
08-17-2022 @ 07:07:58 - Row :3 - Parsing failed. Reason: User with same Email already exists. Email: icumedicalindiallp@gmail.com
08-17-2022 @ 07:07:58 - Row :4 - Parsing item.
08-17-2022 @ 07:07:58 - Row :4 - Parsing failed. Reason: User with same Email already exists. Email: gurukirpa621@gmail.com
08-17-2022 @ 07:07:58 - Row :5 - Parsing item.
08-17-2022 @ 07:07:58 - Row :5 - Parsing failed. Reason: User with same Email already exists. Email: SANJAYKUMAAR23@GMAIL.COM
08-17-2022 @ 07:07:58 - Row :6 - Parsing item.
08-17-2022 @ 07:07:58 - Row :6 - Parsing failed. Reason: User with same Email already exists. Email: prem_ananth_a@dell.com
08-17-2022 @ 07:07:58 - Row :7 - Parsing item.
08-17-2022 @ 07:07:58 - Row :7 - Parsing failed. Reason: User with same Email already exists. Email: priyank@aakashpackaging.com
08-17-2022 @ 07:07:58 - Row :8 - Parsing item.
08-17-2022 @ 07:07:58 - Row :8 - Parsing failed. Reason: User with same Email already exists. Email: sridhar.joshi@flipkart.com
08-17-2022 @ 07:07:58 - Row :9 - Parsing item.
08-17-2022 @ 07:07:58 - Row :9 - Parsing failed. Reason: User with same Email already exists. Email: superior_distillery@hotmail.com
08-17-2022 @ 07:07:58 - Row :10 - Parsing item.
08-17-2022 @ 07:07:58 - Row :10 - Parsing failed. Reason: User with same Email already exists. Email: shrigoga11@gmail.com
08-17-2022 @ 07:07:58 - Row :11 - Parsing item.
08-17-2022 @ 07:07:58 - Row :11 - Parsing failed. Reason: User with same Email already exists. Email: accounts@midasfoods.in
08-17-2022 @ 07:07:58 - Row :12 - Parsing item.
08-17-2022 @ 07:07:58 - Row :12 - Parsing failed. Reason: User with same Email already exists. Email: basantpapermart05@gmail.com
08-17-2022 @ 07:07:58 - Row :13 - Parsing item.
08-17-2022 @ 07:07:58 - Row :13 - Parsing failed. Reason: User with same Email already exists. Email: sandiwadekar25@gmail.com
08-17-2022 @ 07:07:58 - Row :14 - Parsing item.
08-17-2022 @ 07:07:58 - Row :14 - Parsing failed. Reason: User with same Email already exists. Email: dhiru.singh@vguard.in
08-17-2022 @ 07:07:58 - Row :15 - Parsing item.
08-17-2022 @ 07:07:58 - Row :15 - Parsing failed. Reason: User with same Email already exists. Email: mangal.dev@samsung.com
08-17-2022 @ 07:07:58 - Row :16 - Parsing item.
08-17-2022 @ 07:07:58 - Row :16 - Parsing failed. Reason: User with same Email already exists. Email: sreelatha.shankar@jockeyindia.com
08-17-2022 @ 07:07:58 - Row :17 - Parsing item.
08-17-2022 @ 07:07:58 - Row :17 - Parsing failed. Reason: User with same Email already exists. Email: kridhnaram2@gmail.com
08-17-2022 @ 07:07:58 - Row :18 - Parsing item.
08-17-2022 @ 07:07:58 - Row :18 - Parsing failed. Reason: User with same Email already exists. Email: rkworldinfocom@gmail.com
08-17-2022 @ 07:07:58 - Row :19 - Parsing item.
08-17-2022 @ 07:07:58 - Row :19 - Parsing failed. Reason: User with same Email already exists. Email: dinesh.bafnaoptics@gmail.com
08-17-2022 @ 07:07:58 - Row :20 - Parsing item.
08-17-2022 @ 07:07:58 - Row :20 - Parsing failed. Reason: User with same Email already exists. Email: EXIM@KOSOLENERGI.COM
08-17-2022 @ 07:07:58 - Row :21 - Parsing item.
08-17-2022 @ 07:07:58 - Row :21 - Parsing failed. Reason: User with same Email already exists. Email: htacrylic@gmail.com
08-17-2022 @ 07:07:58 - Row :22 - Parsing item.
08-17-2022 @ 07:07:58 - Row :22 - Parsing failed. Reason: User with same Email already exists. Email: xmisbahsayyed@gmail.com
08-17-2022 @ 07:07:58 - Row :23 - Parsing item.
08-17-2022 @ 07:07:58 - Row :23 - Parsing failed. Reason: User with same Email already exists. Email: rajat532@protonmail.com
08-17-2022 @ 07:07:58 - Row :24 - Parsing item.
08-17-2022 @ 07:07:58 - Row :24 - Parsing failed. Reason: User with same Email already exists. Email: accounts@kankriya.com
08-17-2022 @ 07:07:58 - Row :25 - Parsing item.
08-17-2022 @ 07:07:58 - Row :25 - Parsing failed. Reason: User with same Email already exists. Email: praveena.e@flipkart.com
08-17-2022 @ 07:07:58 - Row :26 - Parsing item.
08-17-2022 @ 07:07:58 - Row :26 - Parsing failed. Reason: User with same Email already exists. Email: forsrinternational@gmail.com
08-17-2022 @ 07:07:58 - Row :27 - Parsing item.
08-17-2022 @ 07:07:58 - Row :27 - Parsing failed. Reason: User with same Email already exists. Email: isumangalam@yahoo.com
08-17-2022 @ 07:07:58 - Row :28 - Parsing item.
08-17-2022 @ 07:07:59 - Row :28 - Parsing failed. Reason: User with same Email already exists. Email: nooralikhan404@gmail.com
08-17-2022 @ 07:07:59 - Row :29 - Parsing item.
08-17-2022 @ 07:07:59 - Row :29 - Parsing failed. Reason: User with same Email already exists. Email: mnagaraju@kirby-india.com
08-17-2022 @ 07:07:59 - Row :30 - Parsing item.
08-17-2022 @ 07:07:59 - Row :30 - Parsing failed. Reason: User with same Email already exists. Email: aniruddha.sharma@alpla.com
08-17-2022 @ 07:07:59 - Row :31 - Parsing item.
08-17-2022 @ 07:07:59 - Row :31 - Parsing failed. Reason: User with same Email already exists. Email: sanjayjalandelhi@gmail.com
08-17-2022 @ 07:07:59 - Row :32 - Parsing item.
08-17-2022 @ 07:07:59 - Row :32 - Parsing failed. Reason: User with same Email already exists. Email: Madan.Bansode@maruti.co.in
08-17-2022 @ 07:07:59 - Row :33 - Parsing item.
08-17-2022 @ 07:07:59 - Row :33 - Parsing failed. Reason: User with same Email already exists. Email: saurabh.agarwal@intercos.com
08-17-2022 @ 07:07:59 - Row :34 - Parsing item.
08-17-2022 @ 07:07:59 - Row :34 - Parsing failed. Reason: User with same Email already exists. Email: kps.udaipur@ramagroup.co.in
08-17-2022 @ 07:07:59 - Row :35 - Parsing item.
08-17-2022 @ 07:07:59 - Row :35 - Parsing failed. Reason: User with same Email already exists. Email: SANJAYJINDAL293@gmail.com
08-17-2022 @ 07:07:59 - Row :36 - Parsing item.
08-17-2022 @ 07:07:59 - Row :36 - Parsing failed. Reason: User with same Email already exists. Email: aamir@paperprintproduct.com
08-17-2022 @ 07:07:59 - Row :37 - Parsing item.
08-17-2022 @ 07:07:59 - Row :37 - Parsing failed. Reason: User with same Email already exists. Email: sachin_patkar@ruchisoya.com
08-17-2022 @ 07:07:59 - Row :38 - Parsing item.
08-17-2022 @ 07:07:59 - Row :38 - Parsing failed. Reason: User with same Email already exists. Email: deepakjindal7@hotmail.com
08-17-2022 @ 07:07:59 - Row :39 - Parsing item.
08-17-2022 @ 07:07:59 - Row :39 - Parsing failed. Reason: User with same Email already exists. Email: ytr99@gmail.com
08-17-2022 @ 07:07:59 - Row :40 - Parsing item.
08-17-2022 @ 07:07:59 - Row :40 - Parsing failed. Reason: User with same Email already exists. Email: rahul564321@protonmail.com
08-17-2022 @ 07:07:59 - Row :41 - Parsing item.
08-17-2022 @ 07:07:59 - Row :41 - Parsing failed. Reason: User with same Email already exists. Email: dominic@protectron.in
08-17-2022 @ 07:07:59 - Row :42 - Parsing item.
08-17-2022 @ 07:07:59 - Row :42 - Parsing failed. Reason: User with same Email already exists. Email: dpp.udaipur@ramagroup.co.in
08-17-2022 @ 07:07:59 - Row :43 - Parsing item.
08-17-2022 @ 07:07:59 - Row :43 - Parsing failed. Reason: User with same Email already exists. Email: legal@velnik.com
08-17-2022 @ 07:07:59 - Row :44 - Parsing item.
08-17-2022 @ 07:07:59 - Row :44 - Parsing failed. Reason: User with same Email already exists. Email: datamandelhi@yahoo.com
08-17-2022 @ 07:07:59 - Row :45 - Parsing item.
08-17-2022 @ 07:07:59 - Row :45 - Parsing failed. Reason: User with same Email already exists. Email: nkverma@iffco.in
08-17-2022 @ 07:07:59 - Row :46 - Parsing item.
08-17-2022 @ 07:07:59 - Row :46 - Parsing failed. Reason: User with same Email already exists. Email: geeta.kadam@ariston.com
08-17-2022 @ 07:07:59 - Row :47 - Parsing item.
08-17-2022 @ 07:07:59 - Row :47 - Parsing failed. Reason: User with same Email already exists. Email: radhechemical323@gmail.com
08-17-2022 @ 07:07:59 - Row :48 - Parsing item.
08-17-2022 @ 07:07:59 - Row :48 - Parsing failed. Reason: User with same Email already exists. Email: rahulaga@lenovo.com
08-17-2022 @ 07:07:59 - Row :49 - Parsing item.
08-17-2022 @ 07:07:59 - Row :49 - Parsing failed. Reason: User with same Email already exists. Email: msharma8280@gmail.com
08-17-2022 @ 07:07:59 - Row :50 - Parsing item.
08-17-2022 @ 07:07:59 - Row :50 - Parsing failed. Reason: User with same Email already exists. Email: rkworldinfocompvtltd@gmail.com
08-17-2022 @ 07:07:59 - Row :51 - Parsing item.
08-17-2022 @ 07:07:59 - Row :51 - Parsing failed. Reason: User with same Email already exists. Email: commercialdept@slplindia.com
08-17-2022 @ 07:07:59 - Row :52 - Parsing item.
08-17-2022 @ 07:07:59 - Row :52 - Parsing failed. Reason: User with same Email already exists. Email: rkworldinfocom111@gmail.com
08-17-2022 @ 07:07:59 - Row :53 - Parsing item.
08-17-2022 @ 07:07:59 - Row :53 - Parsing failed. Reason: User with same Email already exists. Email: qc.cap@abadgroup.in
08-17-2022 @ 07:07:59 - Row :54 - Parsing item.
08-17-2022 @ 07:07:59 - Row :54 - Parsing failed. Reason: User with same Email already exists. Email: info@jayshripropack.com
08-17-2022 @ 07:07:59 - Row :55 - Parsing item.
08-17-2022 @ 07:07:59 - Row :55 - Parsing failed. Reason: User with same Email already exists. Email: sunilmenghani1985@gmail.com
08-17-2022 @ 07:07:59 - Row :56 - Parsing item.
08-17-2022 @ 07:07:59 - Row :56 - Parsing failed. Reason: User with same Email already exists. Email: yogini.medadkar@rose-plastic.in
08-17-2022 @ 07:07:59 - Row :57 - Parsing item.
08-17-2022 @ 07:07:59 - Row :57 - Parsing failed. Reason: User with same Email already exists. Email: vitragpolypack@yhoo.co
08-17-2022 @ 07:07:59 - Row :58 - Parsing item.
08-17-2022 @ 07:07:59 - Row :58 - Parsing failed. Reason: User with same Email already exists. Email: importer@gmail.com
08-17-2022 @ 07:07:59 - Row :59 - Parsing item.
08-17-2022 @ 07:07:59 - Row :59 - Parsing failed. Reason: User with same Email already exists. Email: phalgun@fff.co.in
08-17-2022 @ 07:07:59 - Row :60 - Parsing item.
08-17-2022 @ 07:07:59 - Row :60 - Parsing failed. Reason: User with same Email already exists. Email: sharesanjayjalan@gmail.com
08-17-2022 @ 07:07:59 - Row :61 - Parsing item.
08-17-2022 @ 07:07:59 - Row :61 - Parsing failed. Reason: User with same Email already exists. Email: gulshankumar210819@gmail.com
08-17-2022 @ 07:07:59 - Row :62 - Parsing item.
08-17-2022 @ 07:07:59 - Row :62 - Parsing failed. Reason: User with same Email already exists. Email: pankaj.barbind@ajantapharma.com
08-17-2022 @ 07:07:59 - Row :63 - Parsing item.
08-17-2022 @ 07:07:59 - Row :63 - Parsing failed. Reason: User with same Email already exists. Email: accounts@gmpolyplast.com
08-17-2022 @ 07:07:59 - Row :64 - Parsing item.
08-17-2022 @ 07:07:59 - Row :64 - Parsing failed. Reason: User with same Email already exists. Email: fredthai987@gmail.com
08-17-2022 @ 07:07:59 - Row :65 - Parsing item.
08-17-2022 @ 07:07:59 - Row :65 - Parsing failed. Reason: User with same Email already exists. Email: ngr@amararaja.com
08-17-2022 @ 07:07:59 - Row :66 - Parsing item.
08-17-2022 @ 07:07:59 - Row :66 - Parsing failed. Reason: User with same Email already exists. Email: acc.vijaybros.gum@gmail.com
08-17-2022 @ 07:07:59 - Row :67 - Parsing item.
08-17-2022 @ 07:07:59 - Row :67 - Parsing failed. Reason: User with same Email already exists. Email: dipenderagg@gmail.com
08-17-2022 @ 07:07:59 - Row :68 - Parsing item.
08-17-2022 @ 07:07:59 - Row :68 - Parsing failed. Reason: User with same Email already exists. Email: CM@COSMEDREAM.COM
08-17-2022 @ 07:07:59 - Row :69 - Parsing item.
08-17-2022 @ 07:07:59 - Row :69 - Parsing failed. Reason: User with same Email already exists. Email: plasticsnational@gmail.com
08-17-2022 @ 07:07:59 - Row :70 - Parsing item.
08-17-2022 @ 07:07:59 - Row :70 - Parsing failed. Reason: User with same Email already exists. Email: rkworldinfocom999@gmail.com
08-17-2022 @ 07:07:59 - Row :71 - Parsing item.
08-17-2022 @ 07:07:59 - Row :71 - Parsing failed. Reason: User with same Email already exists. Email: VIJAY_GAUR@IFBGLOBAL.COM
08-17-2022 @ 07:07:59 - Row :72 - Parsing item.
08-17-2022 @ 07:07:59 - Row :72 - Parsing failed. Reason: User with same Email already exists. Email: kushalkhemka@pensol.com
08-17-2022 @ 07:07:59 - Row :73 - Parsing item.
08-17-2022 @ 07:07:59 - Row :73 - Parsing failed. Reason: User with same Email already exists. Email: NARENDRA_KUMAR@IFBGLOBAL.COM
08-17-2022 @ 07:07:59 - Row :74 - Parsing item.
08-17-2022 @ 07:07:59 - Row :74 - Parsing failed. Reason: User with same Email already exists. Email: NEERAJ_MECH@IFBGLOBAL.COM
08-17-2022 @ 07:07:59 - Row :75 - Parsing item.
08-17-2022 @ 07:07:59 - Row :75 - Parsing failed. Reason: User with same Email already exists. Email: LEGAL@GROWMAXINDIA.CO.IN
08-17-2022 @ 07:07:59 - Row :76 - Parsing item.
08-17-2022 @ 07:07:59 - Row :76 - Parsing failed. Reason: User with same Email already exists. Email: manjri.gopalan@hpe.com
08-17-2022 @ 07:07:59 - Row :77 - Parsing item.
08-17-2022 @ 07:07:59 - Row :77 - Parsing failed. Reason: User with same Email already exists. Email: prerak.gupta27@gmail.com
08-17-2022 @ 07:07:59 - Row :78 - Parsing item.
08-17-2022 @ 07:07:59 - Row :78 - Parsing failed. Reason: User with same Email already exists. Email: jsunil83@gmail.com
08-17-2022 @ 07:07:59 - Row :79 - Parsing item.
08-17-2022 @ 07:07:59 - Row :79 - Parsing failed. Reason: User with same Email already exists. Email: legal.growmaxindia@gmail.com
08-17-2022 @ 07:07:59 - Row :80 - Parsing item.
08-17-2022 @ 07:07:59 - Row :80 - Parsing failed. Reason: User with same Email already exists. Email: ashok.patil@in.lactalis.com
08-17-2022 @ 07:07:59 - Row :81 - Parsing item.
08-17-2022 @ 07:07:59 - Row :81 - Parsing failed. Reason: User with same Email already exists. Email: stephen.lawrence@effem.com
08-17-2022 @ 07:07:59 - Row :82 - Parsing item.
08-17-2022 @ 07:07:59 - Row :82 - Parsing failed. Reason: User with same Email already exists. Email: RAGHAVAN.SHAJI@MahindraElectric.com
08-17-2022 @ 07:07:59 - Row :83 - Parsing item.
08-17-2022 @ 07:07:59 - Row :83 - Parsing failed. Reason: User with same Email already exists. Email: caadityaaggarwal@yahoo.co.in
08-17-2022 @ 07:07:59 - Row :84 - Parsing item.
08-17-2022 @ 07:07:59 - Row :84 - Parsing failed. Reason: User with same Email already exists. Email: sunil.sen@merckgroup.com
08-17-2022 @ 07:07:59 - Row :85 - Parsing item.
08-17-2022 @ 07:07:59 - Row :85 - Parsing failed. Reason: User with same Email already exists. Email: navmishra@cocacolafzd.com
08-17-2022 @ 07:07:59 - Row :86 - Parsing item.
08-17-2022 @ 07:07:59 - Row :86 - Parsing failed. Reason: User with same Email already exists. Email: rahul@mbrpl.com
08-17-2022 @ 07:07:59 - Row :87 - Parsing item.
08-17-2022 @ 07:07:59 - Row :87 - Parsing failed. Reason: User with same Email already exists. Email: jesuraj@mail.foxconn.com
08-17-2022 @ 07:07:59 - Row :88 - Parsing item.
08-17-2022 @ 07:07:59 - Row :88 - Parsing failed. Reason: User with same Email already exists. Email: pkg@mohaniglobal.org
08-17-2022 @ 07:07:59 - Row :89 - Parsing item.
08-17-2022 @ 07:07:59 - Row :89 - Parsing failed. Reason: User with same Email already exists. Email: rachit.dhingra@haldiram.com
08-17-2022 @ 07:07:59 - Row :90 - Parsing item.
08-17-2022 @ 07:07:59 - Row :90 - Parsing failed. Reason: User with same Email already exists. Email: instant.apcl@gmail.com
08-17-2022 @ 07:07:59 - Row :91 - Parsing item.
08-17-2022 @ 07:07:59 - Row :91 - Parsing failed. Reason: User with same Email already exists. Email: Purchase@synokempharma.com
08-17-2022 @ 07:07:59 - Row :92 - Parsing item.
08-17-2022 @ 07:07:59 - Row :92 - Parsing failed. Reason: User with same Email already exists. Email: agarwal_ansh@yahoo.co.in
08-17-2022 @ 07:07:59 - Row :93 - Parsing item.
08-17-2022 @ 07:07:59 - Row :93 - Parsing failed. Reason: User with same Email already exists. Email: aishwarya4651@outlook.com
08-17-2022 @ 07:07:59 - Row :94 - Parsing item.
08-17-2022 @ 07:07:59 - Row :94 - Parsing failed. Reason: User with same Email already exists. Email: kalpesh.kothari@bunge.com
08-17-2022 @ 07:07:59 - Row :95 - Parsing item.
08-17-2022 @ 07:07:59 - Row :95 - Parsing failed. Reason: User with same Email already exists. Email: DDENTERPRISE999@GMAIL.COM
08-17-2022 @ 07:07:59 - Row :96 - Parsing item.
08-17-2022 @ 07:07:59 - Row :96 - Parsing failed. Reason: User with same Email already exists. Email: asharma@groupeseb.com
08-17-2022 @ 07:07:59 - Row :97 - Parsing item.
08-17-2022 @ 07:07:59 - Row :97 - Parsing failed. Reason: User with same Email already exists. Email: nishant.a@uclindia.com
08-17-2022 @ 07:07:59 - Row :98 - Parsing item.
08-17-2022 @ 07:07:59 - Row :98 - Parsing failed. Reason: User with same Email already exists. Email: hrd@specialty-films.com
08-17-2022 @ 07:07:59 - Row :99 - Parsing item.
08-17-2022 @ 07:07:59 - Row :99 - Parsing failed. Reason: User with same Email already exists. Email: teampackaging@tataunistore.com
08-17-2022 @ 07:07:59 - Row :100 - Parsing item.
08-17-2022 @ 07:07:59 - Row :100 - Parsing failed. Reason: User with same Email already exists. Email: envdept@ghcl.co.in
08-17-2022 @ 07:07:59 - Preparing for import.
08-17-2022 @ 07:07:59 - Row :101 - Parsing item.
08-17-2022 @ 07:07:59 - Row :101 - Parsing failed. Reason: User with same Email already exists. Email: mritunjays193@gmail.com
08-17-2022 @ 07:07:59 - Row :102 - Parsing item.
08-17-2022 @ 07:07:59 - Row :102 - Parsing failed. Reason: User with same Email already exists. Email: accounts@orbiz.in
08-17-2022 @ 07:07:59 - Row :103 - Parsing item.
08-17-2022 @ 07:07:59 - Row :103 - Parsing failed. Reason: User with same Email already exists. Email: prathviraja@mtrfoods.com
08-17-2022 @ 07:07:59 - Row :104 - Parsing item.
08-17-2022 @ 07:07:59 - Row :104 - Parsing failed. Reason: User with same Email already exists. Email: chennai@sumaxindia.com
08-17-2022 @ 07:07:59 - Row :105 - Parsing item.
08-17-2022 @ 07:07:59 - Row :105 - Parsing failed. Reason: User with same Email already exists. Email: dnsugardsil@gmail.com
08-17-2022 @ 07:07:59 - Row :106 - Parsing item.
08-17-2022 @ 07:07:59 - Row :106 - Parsing failed. Reason: User with same Email already exists. Email: ramjivanplasticsindustries@yahoo.com
08-17-2022 @ 07:07:59 - Row :107 - Parsing item.
08-17-2022 @ 07:07:59 - Row :107 - Parsing failed. Reason: User with same Email already exists. Email: amit.rangari@dealshare.in
08-17-2022 @ 07:07:59 - Row :108 - Parsing item.
08-17-2022 @ 07:07:59 - Row :108 - Parsing failed. Reason: User with same Email already exists. Email: amit.tambewagh@whitespreadfoods.com
08-17-2022 @ 07:07:59 - Row :109 - Parsing item.
08-17-2022 @ 07:07:59 - Row :109 - Parsing failed. Reason: User with same Email already exists. Email: eghari_67@hotmail.com
08-17-2022 @ 07:07:59 - Row :110 - Parsing item.
08-17-2022 @ 07:07:59 - Row :110 - Parsing failed. Reason: User with same Email already exists. Email: dumm48775@gmail.com
08-17-2022 @ 07:07:59 - Row :111 - Parsing item.
08-17-2022 @ 07:07:59 - Row :111 - Parsing failed. Reason: User with same Email already exists. Email: JITUKUKREJA293@GMAIL.COM
08-17-2022 @ 07:07:59 - Row :112 - Parsing item.
08-17-2022 @ 07:07:59 - Row :112 - Parsing failed. Reason: User with same Email already exists. Email: ms-jspcb@jharkhandmail.gov.in
08-17-2022 @ 07:07:59 - Row :113 - Parsing item.
08-17-2022 @ 07:07:59 - Row :113 - Parsing failed. Reason: User with same Email already exists. Email: jspcb.sks@gmail.com
08-17-2022 @ 07:07:59 - Row :114 - Parsing item.
08-17-2022 @ 07:07:59 - Row :114 - Parsing failed. Reason: User with same Email already exists. Email: pccf-jhk@gov.in
08-17-2022 @ 07:07:59 - Row :115 - Parsing item.
08-17-2022 @ 07:07:59 - Row :115 - Parsing failed. Reason: User with same Email already exists. Email: tiwarirajeshprasad@gmail.com
08-17-2022 @ 07:07:59 - Row :116 - Parsing item.
08-17-2022 @ 07:07:59 - Row :116 - Parsing failed. Reason: User with same Email already exists. Email: ajaycmaloo@gmail.com
08-17-2022 @ 07:07:59 - Row :117 - Parsing item.
08-17-2022 @ 07:07:59 - Row :117 - Parsing failed. Reason: User with same Email already exists. Email: alokkumarsahu17@gmail.com
08-17-2022 @ 07:07:59 - Row :118 - Parsing item.
08-17-2022 @ 07:07:59 - Row :118 - Parsing failed. Reason: User with same Email already exists. Email: msppcb@gmail.com
08-17-2022 @ 07:07:59 - Row :119 - Parsing item.
08-17-2022 @ 07:07:59 - Row :119 - Parsing failed. Reason: User with same Email already exists. Email: seehq3@gmail.com
08-17-2022 @ 07:07:59 - Row :120 - Parsing item.
08-17-2022 @ 07:07:59 - Row :120 - Parsing failed. Reason: User with same Email already exists. Email: parveensaluja2006@gmail.com
08-17-2022 @ 07:07:59 - Row :121 - Parsing item.
08-17-2022 @ 07:07:59 - Row :121 - Parsing failed. Reason: User with same Email already exists. Email: mswpwmrules@gmail.com
08-17-2022 @ 07:07:59 - Row :122 - Parsing item.
08-17-2022 @ 07:07:59 - Row :122 - Parsing failed. Reason: User with same Email already exists. Email: pvm@sungoldtropic.com
08-17-2022 @ 07:07:59 - Row :123 - Parsing item.
08-17-2022 @ 07:07:59 - Row :123 - Parsing failed. Reason: User with same Email already exists. Email: thyagu.l@ingka.ikea.com
08-17-2022 @ 07:07:59 - Row :124 - Parsing item.
08-17-2022 @ 07:07:59 - Row :124 - Parsing failed. Reason: User with same Email already exists. Email: chandrasekhar@foodsandinns.com
08-17-2022 @ 07:07:59 - Row :125 - Parsing item.
08-17-2022 @ 07:07:59 - Row :125 - Parsing failed. Reason: User with same Email already exists. Email: rk.jadhav@aeropharma.com
08-17-2022 @ 07:07:59 - Row :126 - Parsing item.
08-17-2022 @ 07:07:59 - Row :126 - Parsing failed. Reason: User with same Email already exists. Email: latha@foodsandinns.com
08-17-2022 @ 07:07:59 - Row :127 - Parsing item.
08-17-2022 @ 07:07:59 - Row :127 - Parsing failed. Reason: User with same Email already exists. Email: india-info@elematec.com
08-17-2022 @ 07:07:59 - Row :128 - Parsing item.
08-17-2022 @ 07:07:59 - Row :128 - Parsing failed. Reason: User with same Email already exists. Email: suraj.birkhani@manjushreeindia.com
08-17-2022 @ 07:07:59 - Row :129 - Parsing item.
08-17-2022 @ 07:07:59 - Row :129 - Parsing failed. Reason: User with same Email already exists. Email: manohar.bhatia@mirek.in
08-17-2022 @ 07:07:59 - Row :130 - Parsing item.
08-17-2022 @ 07:07:59 - Row :130 - Parsing failed. Reason: User with same Email already exists. Email: shrushi95@gmail.com
08-17-2022 @ 07:07:59 - Row :131 - Parsing item.
08-17-2022 @ 07:07:59 - Row :131 - Parsing failed. Reason: User with same Email already exists. Email: prabhat.khatri@theshopindia.com
08-17-2022 @ 07:07:59 - Row :132 - Parsing item.
08-17-2022 @ 07:07:59 - Row :132 - Parsing failed. Reason: User with same Email already exists. Email: glamlamplus.imp@gmail.com
08-17-2022 @ 07:07:59 - Row :133 - Parsing item.
08-17-2022 @ 07:07:59 - Row :133 - Parsing failed. Reason: User with same Email already exists. Email: foursightimpex1@gmail.com
08-17-2022 @ 07:07:59 - Row :134 - Parsing item.
08-17-2022 @ 07:07:59 - Row :134 - Parsing failed. Reason: User with same Email already exists. Email: storesdaman@pramara.com
08-17-2022 @ 07:07:59 - Row :135 - Parsing item.
08-17-2022 @ 07:07:59 - Row :135 - Parsing failed. Reason: User with same Email already exists. Email: babu.bhaskaran@eplglobal.com
08-17-2022 @ 07:07:59 - Row :136 - Parsing item.
08-17-2022 @ 07:07:59 - Row :136 - Parsing failed. Reason: User with same Email already exists. Email: subhashchander@sensetekoptical.co.in
08-17-2022 @ 07:07:59 - Row :137 - Parsing item.
08-17-2022 @ 07:07:59 - Row :137 - Parsing failed. Reason: User with same Email already exists. Email: atopfoodproducts.epr@gmail.com
08-17-2022 @ 07:07:59 - Row :138 - Parsing item.
08-17-2022 @ 07:07:59 - Row :138 - Parsing failed. Reason: User with same Email already exists. Email: admin@oswalextrusion.com
08-17-2022 @ 07:07:59 - Row :139 - Parsing item.
08-17-2022 @ 07:07:59 - Row :139 - Parsing failed. Reason: User with same Email already exists. Email: gsbhola@mehtagroup.com
08-17-2022 @ 07:07:59 - Row :140 - Parsing item.
08-17-2022 @ 07:07:59 - Row :140 - Parsing failed. Reason: User with same Email already exists. Email: engg.chd@verka.coop
08-17-2022 @ 07:07:59 - Row :141 - Parsing item.
08-17-2022 @ 07:07:59 - Row :141 - Parsing failed. Reason: User with same Email already exists. Email: info@starflexifilms.com
08-17-2022 @ 07:07:59 - Row :142 - Parsing item.
08-17-2022 @ 07:07:59 - Row :142 - Parsing failed. Reason: User with same Email already exists. Email: jshah@specialitytapes.com
08-17-2022 @ 07:07:59 - Row :143 - Parsing item.
08-17-2022 @ 07:07:59 - Row :143 - Parsing failed. Reason: User with same Email already exists. Email: orbizautomotivez458@YAHOO.COM
08-17-2022 @ 07:07:59 - Row :144 - Parsing item.
08-17-2022 @ 07:07:59 - Row :144 - Parsing failed. Reason: User with same Email already exists. Email: legal@valvolinecummins.com
08-17-2022 @ 07:07:59 - Row :145 - Parsing item.
08-17-2022 @ 07:07:59 - Row :145 - Parsing failed. Reason: User with same Email already exists. Email: rb.vishwanath@finorchem.com
08-17-2022 @ 07:07:59 - Row :146 - Parsing item.
08-17-2022 @ 07:07:59 - Row :146 - Parsing failed. Reason: User with same Email already exists. Email: jagadeeswar.v@heterodrugs.com
08-17-2022 @ 07:07:59 - Row :147 - Parsing item.
08-17-2022 @ 07:07:59 - Row :147 - Parsing failed. Reason: User with same Email already exists. Email: shaktienterprises618@gmail.com
08-17-2022 @ 07:07:59 - Row :148 - Parsing item.
08-17-2022 @ 07:07:59 - Row :148 - Parsing failed. Reason: User with same Email already exists. Email: niwedita@eid.epson.co.in
08-17-2022 @ 07:07:59 - Row :149 - Parsing item.
08-17-2022 @ 07:07:59 - Row :149 - Parsing failed. Reason: User with same Email already exists. Email: santanusanhit@gmail.com
08-17-2022 @ 07:07:59 - Row :150 - Parsing item.
08-17-2022 @ 07:07:59 - Row :150 - Parsing failed. Reason: User with same Email already exists. Email: praveen.mishra@piind.com
08-17-2022 @ 07:07:59 - Row :151 - Parsing item.
08-17-2022 @ 07:07:59 - Row :151 - Parsing failed. Reason: User with same Email already exists. Email: parvesh.kumar@tpv-tech.com
08-17-2022 @ 07:07:59 - Row :152 - Parsing item.
08-17-2022 @ 07:07:59 - Row :152 - Parsing failed. Reason: User with same Email already exists. Email: yash8426@protonmail.com
08-17-2022 @ 07:07:59 - Row :153 - Parsing item.
08-17-2022 @ 07:07:59 - Row :153 - Parsing failed. Reason: User with same Email already exists. Email: nppolyprints@gmail.com
08-17-2022 @ 07:07:59 - Row :154 - Parsing item.
08-17-2022 @ 07:07:59 - Row :154 - Parsing failed. Reason: User with same Email already exists. Email: automotivezorbiz625@yahoo.com
08-17-2022 @ 07:07:59 - Row :155 - Parsing item.
08-17-2022 @ 07:07:59 - Row :155 - Parsing failed. Reason: User with same Email already exists. Email: nishant.tyagi@pigeon.com
08-17-2022 @ 07:07:59 - Row :156 - Parsing item.
08-17-2022 @ 07:07:59 - Row :156 - Parsing failed. Reason: User with same Email already exists. Email: eprforplastic@gmail.com
08-17-2022 @ 07:07:59 - Row :157 - Parsing item.
08-17-2022 @ 07:07:59 - Row :157 - Parsing failed. Reason: User with same Email already exists. Email: prem.ananth.a@dell.com
08-17-2022 @ 07:07:59 - Row :158 - Parsing item.
08-17-2022 @ 07:07:59 - Row :158 - Parsing failed. Reason: User with same Email already exists. Email: katrajmilk@gmail.com
08-17-2022 @ 07:07:59 - Row :159 - Parsing item.
08-17-2022 @ 07:07:59 - Row :159 - Parsing failed. Reason: User with same Email already exists. Email: contact_appleindia@apple.com
08-17-2022 @ 07:07:59 - Row :160 - Parsing item.
08-17-2022 @ 07:07:59 - Row :160 - Parsing failed. Reason: User with same Email already exists. Email: skt40198@gmail.com
08-17-2022 @ 07:07:59 - Row :161 - Parsing item.
08-17-2022 @ 07:07:59 - Row :161 - Parsing failed. Reason: User with same Email already exists. Email: accounts@innocule.co.in
08-17-2022 @ 07:07:59 - Row :162 - Parsing item.
08-17-2022 @ 07:07:59 - Row :162 - Parsing failed. Reason: User with same Email already exists. Email: angelina51001@hotmail.com
08-17-2022 @ 07:07:59 - Row :163 - Parsing item.
08-17-2022 @ 07:07:59 - Row :163 - Parsing failed. Reason: User with same Email already exists. Email: praveenks1810@gmail.com
08-17-2022 @ 07:07:59 - Row :164 - Parsing item.
08-17-2022 @ 07:07:59 - Row :164 - Parsing failed. Reason: User with same Email already exists. Email: pradeep.pandey@emamigroup.com
08-17-2022 @ 07:07:59 - Row :165 - Parsing item.
08-17-2022 @ 07:07:59 - Row :165 - Parsing failed. Reason: User with same Email already exists. Email: acesolutions778@yahoo.com
08-17-2022 @ 07:07:59 - Row :166 - Parsing item.
08-17-2022 @ 07:07:59 - Row :166 - Parsing failed. Reason: User with same Email already exists. Email: office@centenarypolytex.com
08-17-2022 @ 07:07:59 - Row :167 - Parsing item.
08-17-2022 @ 07:07:59 - Row :167 - Parsing failed. Reason: User with same Email already exists. Email: sustainability@manjushreeindia.com
08-17-2022 @ 07:07:59 - Row :168 - Parsing item.
08-17-2022 @ 07:07:59 - Row :168 - Parsing failed. Reason: User with same Email already exists. Email: info@samratnamkeen.com
08-17-2022 @ 07:07:59 - Row :169 - Parsing item.
08-17-2022 @ 07:07:59 - Row :169 - Parsing failed. Reason: User with same Email already exists. Email: ANANTSBBF@GMAIL.COM
08-17-2022 @ 07:07:59 - Row :170 - Parsing item.
08-17-2022 @ 07:07:59 - Row :170 - Parsing failed. Reason: User with same Email already exists. Email: purchase@stg.group
08-17-2022 @ 07:07:59 - Row :171 - Parsing item.
08-17-2022 @ 07:07:59 - Row :171 - Parsing failed. Reason: User with same Email already exists. Email: varinder.gandhi@parasspices.com
08-17-2022 @ 07:07:59 - Row :172 - Parsing item.
08-17-2022 @ 07:07:59 - Row :172 - Parsing failed. Reason: User with same Email already exists. Email: DEVARAJAN.MUNUSAMY@ITC.IN
08-17-2022 @ 07:07:59 - Row :173 - Parsing item.
08-17-2022 @ 07:07:59 - Row :173 - Parsing failed. Reason: User with same Email already exists. Email: kaplacct@gmail.com
08-17-2022 @ 07:07:59 - Row :174 - Parsing item.
08-17-2022 @ 07:07:59 - Row :174 - Parsing failed. Reason: User with same Email already exists. Email: ddubey@yamaha-motor-india.com
08-17-2022 @ 07:07:59 - Row :175 - Parsing item.
08-17-2022 @ 07:07:59 - Row :175 - Parsing failed. Reason: User with same Email already exists. Email: commercial@euphoriapack.com
08-17-2022 @ 07:07:59 - Row :176 - Parsing item.
08-17-2022 @ 07:07:59 - Row :176 - Parsing failed. Reason: User with same Email already exists. Email: regulatorynk6@gmail.com
08-17-2022 @ 07:07:59 - Row :177 - Parsing item.
08-17-2022 @ 07:07:59 - Row :177 - Parsing failed. Reason: User with same Email already exists. Email: pawanpandey@holitech.net
08-17-2022 @ 07:07:59 - Row :178 - Parsing item.
08-17-2022 @ 07:07:59 - Row :178 - Parsing failed. Reason: User with same Email already exists. Email: praveen@joinpackmachines.com
08-17-2022 @ 07:07:59 - Row :179 - Parsing item.
08-17-2022 @ 07:07:59 - Row :179 - Parsing failed. Reason: User with same Email already exists. Email: legal@paramdairyindia.com
08-17-2022 @ 07:07:59 - Row :180 - Parsing item.
08-17-2022 @ 07:07:59 - Row :180 - Parsing failed. Reason: User with same Email already exists. Email: drniywad@gmail.com
08-17-2022 @ 07:07:59 - Row :181 - Parsing item.
08-17-2022 @ 07:07:59 - Row :181 - Parsing failed. Reason: User with same Email already exists. Email: jitendra@barcomltd.com
08-17-2022 @ 07:07:59 - Row :182 - Parsing item.
08-17-2022 @ 07:07:59 - Row :182 - Parsing failed. Reason: User with same Email already exists. Email: raina@practicalpanda.com
08-17-2022 @ 07:07:59 - Row :183 - Parsing item.
08-17-2022 @ 07:07:59 - Row :183 - Parsing failed. Reason: User with same Email already exists. Email: gimaging@yahoo.com
08-17-2022 @ 07:07:59 - Row :184 - Parsing item.
08-17-2022 @ 07:07:59 - Row :184 - Parsing failed. Reason: User with same Email already exists. Email: rajendra.mahadik@bericap.com
08-17-2022 @ 07:07:59 - Row :185 - Parsing item.
08-17-2022 @ 07:07:59 - Row :185 - Parsing failed. Reason: User with same Email already exists. Email: epr-asl@dmartindia.com
08-17-2022 @ 07:07:59 - Row :186 - Parsing item.
08-17-2022 @ 07:07:59 - Row :186 - Parsing failed. Reason: User with same Email already exists. Email: Pravin.Deshmukh@tetrapak.com
08-17-2022 @ 07:07:59 - Row :187 - Parsing item.
08-17-2022 @ 07:07:59 - Row :187 - Parsing failed. Reason: User with same Email already exists. Email: gajinder.abh@gmail.com
08-17-2022 @ 07:07:59 - Row :188 - Parsing item.
08-17-2022 @ 07:07:59 - Row :188 - Parsing failed. Reason: User with same Email already exists. Email: ritesh.x.manchanda@gsk.com
08-17-2022 @ 07:07:59 - Row :189 - Parsing item.
08-17-2022 @ 07:07:59 - Row :189 - Parsing failed. Reason: User with same Email already exists. Email: trade@godhaniexports.com
08-17-2022 @ 07:07:59 - Row :190 - Parsing item.
08-17-2022 @ 07:07:59 - Row :190 - Parsing failed. Reason: User with same Email already exists. Email: harilaxman777@gmail.com
08-17-2022 @ 07:07:59 - Row :191 - Parsing item.
08-17-2022 @ 07:07:59 - Row :191 - Parsing failed. Reason: User with same Email already exists. Email: jkap1702@gmail.com
08-17-2022 @ 07:07:59 - Row :192 - Parsing item.
08-17-2022 @ 07:07:59 - Row :192 - Parsing failed. Reason: User with same Email already exists. Email: kipatel15@gmail.com
08-17-2022 @ 07:07:59 - Row :193 - Parsing item.
08-17-2022 @ 07:07:59 - Row :193 - Parsing failed. Reason: User with same Email already exists. Email: pandey.pawan@gmail.com
08-17-2022 @ 07:07:59 - Row :194 - Parsing item.
08-17-2022 @ 07:07:59 - Row :194 - Parsing failed. Reason: User with same Email already exists. Email: shruthi.ramesh@zebronics.com
08-17-2022 @ 07:07:59 - Row :195 - Parsing item.
08-17-2022 @ 07:07:59 - Row :195 - Parsing failed. Reason: User with same Email already exists. Email: pandey.pawan796@gmail.com
08-17-2022 @ 07:07:59 - Row :196 - Parsing item.
08-17-2022 @ 07:07:59 - Row :196 - Parsing failed. Reason: User with same Email already exists. Email: nitin_rode@colpal.com
08-17-2022 @ 07:07:59 - Row :197 - Parsing item.
08-17-2022 @ 07:07:59 - Row :197 - Parsing failed. Reason: User with same Email already exists. Email: accounts.baddi@ssfplastics.com
08-17-2022 @ 07:07:59 - Row :198 - Parsing item.
08-17-2022 @ 07:07:59 - Row :198 - Parsing failed. Reason: User with same Email already exists. Email: sanjeev.mittal@amstradworld.com
08-17-2022 @ 07:07:59 - Row :199 - Parsing item.
08-17-2022 @ 07:07:59 - Row :199 - Parsing failed. Reason: User with same Email already exists. Email: info@sitrencorp.com
08-17-2022 @ 07:07:59 - Row :200 - Parsing item.
08-17-2022 @ 07:07:59 - Row :200 - Parsing failed. Reason: User with same Email already exists. Email: Ramesh.Ganni@Kohler.Com
08-17-2022 @ 07:07:59 - Preparing for import.
08-17-2022 @ 07:07:59 - Row :201 - Parsing item.
08-17-2022 @ 07:07:59 - Row :201 - Parsing failed. Reason: User with same Email already exists. Email: Mansi2.Jain@ril.com
08-17-2022 @ 07:07:59 - Row :202 - Parsing item.
08-17-2022 @ 07:07:59 - Row :202 - Parsing failed. Reason: User with same Email already exists. Email: sprasad@teampureplay.com
08-17-2022 @ 07:07:59 - Row :203 - Parsing item.
08-17-2022 @ 07:07:59 - Row :203 - Parsing failed. Reason: User with same Email already exists. Email: girish.kulkarni@teampureplay.com
08-17-2022 @ 07:07:59 - Row :204 - Parsing item.
08-17-2022 @ 07:07:59 - Row :204 - Parsing failed. Reason: User with same Email already exists. Email: swamipal@holitech.net
08-17-2022 @ 07:07:59 - Row :205 - Parsing item.
08-17-2022 @ 07:07:59 - Row :205 - Parsing failed. Reason: User with same Email already exists. Email: atlas@atlasmetalprocessors.com
08-17-2022 @ 07:07:59 - Row :206 - Parsing item.
08-17-2022 @ 07:07:59 - Row :206 - Parsing failed. Reason: User with same Email already exists. Email: maruthipackaging1975@gmail.com
08-17-2022 @ 07:07:59 - Row :207 - Parsing item.
08-17-2022 @ 07:07:59 - Row :207 - Parsing failed. Reason: User with same Email already exists. Email: bhavya.muchhal@gmail.com
08-17-2022 @ 07:07:59 - Row :208 - Parsing item.
08-17-2022 @ 07:07:59 - Row :208 - Parsing failed. Reason: User with same Email already exists. Email: natarajan.s@hnti.co.in
08-17-2022 @ 07:07:59 - Row :209 - Parsing item.
08-17-2022 @ 07:07:59 - Row :209 - Parsing failed. Reason: User with same Email already exists. Email: zyx@gmail.com
08-17-2022 @ 07:07:59 - Row :210 - Parsing item.
08-17-2022 @ 07:07:59 - Row :210 - Parsing failed. Reason: User with same Email already exists. Email: nilesh.borse@corteva.com
08-17-2022 @ 07:07:59 - Row :211 - Parsing item.
08-17-2022 @ 07:07:59 - Row :211 - Parsing failed. Reason: User with same Email already exists. Email: xlfoods@gmail.com
08-17-2022 @ 07:07:59 - Row :212 - Parsing item.
08-17-2022 @ 07:07:59 - Row :212 - Parsing failed. Reason: User with same Email already exists. Email: ashwinnikumar@gmail.com
08-17-2022 @ 07:07:59 - Row :213 - Parsing item.
08-17-2022 @ 07:07:59 - Row :213 - Parsing failed. Reason: User with same Email already exists. Email: anoopmukim@gmail.com
08-17-2022 @ 07:07:59 - Row :214 - Parsing item.
08-17-2022 @ 07:07:59 - Row :214 - Parsing failed. Reason: User with same Email already exists. Email: arora.sakshamadhesive@gmail.com
08-17-2022 @ 07:07:59 - Row :215 - Parsing item.
08-17-2022 @ 07:07:59 - Row :215 - Parsing failed. Reason: User with same Email already exists. Email: Somnath.Chatterjee@pernod-ricard.com
08-17-2022 @ 07:07:59 - Row :216 - Parsing item.
08-17-2022 @ 07:07:59 - Row :216 - Parsing failed. Reason: User with same Email already exists. Email: OFFICE.DBMSTOCK@gmail.com
08-17-2022 @ 07:07:59 - Row :217 - Parsing item.
08-17-2022 @ 07:07:59 - Row :217 - Parsing failed. Reason: User with same Email already exists. Email: prodtest@gmail.com
08-17-2022 @ 07:07:59 - Row :218 - Parsing item.
08-17-2022 @ 07:07:59 - Row :218 - Parsing failed. Reason: User with same Email already exists. Email: test_2405@gamil.com
08-17-2022 @ 07:07:59 - Row :219 - Parsing item.
08-17-2022 @ 07:07:59 - Row :219 - Parsing failed. Reason: User with same Email already exists. Email: gaurav@avisventures.org
08-17-2022 @ 07:07:59 - Row :220 - Parsing item.
08-17-2022 @ 07:07:59 - Row :220 - Parsing failed. Reason: User with same Email already exists. Email: test123@gmail.com
08-17-2022 @ 07:07:59 - Row :221 - Parsing item.
08-17-2022 @ 07:07:59 - Row :221 - Parsing failed. Reason: User with same Email already exists. Email: rk_vatsh@yahoo.com
08-17-2022 @ 07:07:59 - Row :222 - Parsing item.
08-17-2022 @ 07:07:59 - Row :222 - Parsing failed. Reason: User with same Email already exists. Email: nirajbhavsar@ghcl.co.in
08-17-2022 @ 07:07:59 - Row :223 - Parsing item.
08-17-2022 @ 07:07:59 - Row :223 - Parsing failed. Reason: User with same Email already exists. Email: info@abcfruits.net
08-17-2022 @ 07:07:59 - Row :224 - Parsing item.
08-17-2022 @ 07:07:59 - Row :224 - Parsing failed. Reason: User with same Email already exists. Email: vivek.khanchandani@asianpaints.com
08-17-2022 @ 07:07:59 - Row :225 - Parsing item.
08-17-2022 @ 07:07:59 - Row :225 - Parsing failed. Reason: User with same Email already exists. Email: regu@gmail.com
08-17-2022 @ 07:07:59 - Row :226 - Parsing item.
08-17-2022 @ 07:07:59 - Row :226 - Parsing failed. Reason: User with same Email already exists. Email: dipender@nkgabc.com
08-17-2022 @ 07:07:59 - Row :227 - Parsing item.
08-17-2022 @ 07:07:59 - Row :227 - Parsing failed. Reason: User with same Email already exists. Email: Rohan.sharma@pernod-ricard.com
08-17-2022 @ 07:07:59 - Row :228 - Parsing item.
08-17-2022 @ 07:07:59 - Row :228 - Parsing failed. Reason: User with same Email already exists. Email: harshul.bohra@nykaa.com
08-17-2022 @ 07:07:59 - Row :229 - Parsing item.
08-17-2022 @ 07:07:59 - Row :229 - Parsing failed. Reason: User with same Email already exists. Email: SONUFLEXIPACK@GMAIL.COM
08-17-2022 @ 07:07:59 - Row :230 - Parsing item.
08-17-2022 @ 07:07:59 - Row :230 - Parsing failed. Reason: User with same Email already exists. Email: sandeep.rana@nykaa.com
08-17-2022 @ 07:07:59 - Row :231 - Parsing item.
08-17-2022 @ 07:07:59 - Row :231 - Parsing failed. Reason: User with same Email already exists. Email: info.skforwarder@gmail.com
08-17-2022 @ 07:07:59 - Row :232 - Parsing item.
08-17-2022 @ 07:07:59 - Row :232 - Parsing failed. Reason: User with same Email already exists. Email: shreeramchemfood@gmail.com
08-17-2022 @ 07:07:59 - Row :233 - Parsing item.
08-17-2022 @ 07:07:59 - Row :233 - Parsing failed. Reason: User with same Email already exists. Email: corporate@teampureplay.com
08-17-2022 @ 07:07:59 - Row :234 - Parsing item.
08-17-2022 @ 07:07:59 - Row :234 - Parsing failed. Reason: User with same Email already exists. Email: kvr@khindia.com
08-17-2022 @ 07:07:59 - Row :235 - Parsing item.
08-17-2022 @ 07:07:59 - Row :235 - Parsing failed. Reason: User with same Email already exists. Email: Gaurav.Kapoor@bauli.in
08-17-2022 @ 07:07:59 - Row :236 - Parsing item.
08-17-2022 @ 07:07:59 - Row :236 - Parsing failed. Reason: User with same Email already exists. Email: Compliance@pillar.ae
08-17-2022 @ 07:07:59 - Row :237 - Parsing item.
08-17-2022 @ 07:07:59 - Row :237 - Parsing failed. Reason: User with same Email already exists. Email: ChavanHarshal@JohnDeere.com
08-17-2022 @ 07:07:59 - Row :238 - Parsing item.
08-17-2022 @ 07:07:59 - Row :238 - Parsing failed. Reason: User with same Email already exists. Email: gm@valsadunion.com
08-17-2022 @ 07:07:59 - Row :239 - Parsing item.
08-17-2022 @ 07:07:59 - Row :239 - Parsing failed. Reason: User with same Email already exists. Email: ranjeet.saini@jkmail.com
08-17-2022 @ 07:07:59 - Row :240 - Parsing item.
08-17-2022 @ 07:07:59 - Row :240 - Parsing failed. Reason: User with same Email already exists. Email: epr@jdl.in
08-17-2022 @ 07:07:59 - Row :241 - Parsing item.
08-17-2022 @ 07:07:59 - Row :241 - Parsing failed. Reason: User with same Email already exists. Email: sugandhindia@gmail.com
08-17-2022 @ 07:07:59 - Row :242 - Parsing item.
08-17-2022 @ 07:07:59 - Row :242 - Parsing failed. Reason: User with same Email already exists. Email: sr.surve@godrejinds.com
08-17-2022 @ 07:07:59 - Row :243 - Parsing item.
08-17-2022 @ 07:07:59 - Row :243 - Parsing failed. Reason: User with same Email already exists. Email: SALESRECOMBIGEN@GMAIL.COM
08-17-2022 @ 07:07:59 - Row :244 - Parsing item.
08-17-2022 @ 07:07:59 - Row :244 - Parsing failed. Reason: User with same Email already exists. Email: lkuruvilla@mmm.com
08-17-2022 @ 07:07:59 - Row :245 - Parsing item.
08-17-2022 @ 07:07:59 - Row :245 - Parsing failed. Reason: User with same Email already exists. Email: admin@milkymist.com
08-17-2022 @ 07:07:59 - Row :246 - Parsing item.
08-17-2022 @ 07:07:59 - Row :246 - Parsing failed. Reason: User with same Email already exists. Email: sid@accredify.in
08-17-2022 @ 07:07:59 - Row :247 - Parsing item.
08-17-2022 @ 07:07:59 - Row :247 - Parsing failed. Reason: User with same Email already exists. Email: Kapil.Sardana@Carrier.com
08-17-2022 @ 07:07:59 - Row :248 - Parsing item.
08-17-2022 @ 07:07:59 - Row :248 - Parsing failed. Reason: User with same Email already exists. Email: niteshyadav1512@gmail.com
08-17-2022 @ 07:07:59 - Row :249 - Parsing item.
08-17-2022 @ 07:07:59 - Row :249 - Parsing failed. Reason: User with same Email already exists. Email: JSKGROUPKOLKATA@GMAIL.COM
08-17-2022 @ 07:07:59 - Row :250 - Parsing item.
08-17-2022 @ 07:07:59 - Row :250 - Parsing failed. Reason: User with same Email already exists. Email: RSENTERPRISESIMPORT@GMAIL.COM
08-17-2022 @ 07:07:59 - Row :251 - Parsing item.
08-17-2022 @ 07:07:59 - Row :251 - Parsing failed. Reason: User with same Email already exists. Email: legal@auraenv.com
08-17-2022 @ 07:07:59 - Row :252 - Parsing item.
08-17-2022 @ 07:07:59 - Row :252 - Parsing failed. Reason: User with same Email already exists. Email: shekhar.gupta1@bp.com
08-17-2022 @ 07:07:59 - Row :253 - Parsing item.
08-17-2022 @ 07:07:59 - Row :253 - Parsing failed. Reason: User with same Email already exists. Email: accounts@mediplusindialtd.com
08-17-2022 @ 07:07:59 - Row :254 - Parsing item.
08-17-2022 @ 07:07:59 - Row :254 - Parsing failed. Reason: User with same Email already exists. Email: vidyanand.n.kulkarni@gsk.com
08-17-2022 @ 07:07:59 - Row :255 - Parsing item.
08-17-2022 @ 07:07:59 - Row :255 - Parsing failed. Reason: User with same Email already exists. Email: santoshtimber@yahoo.com
08-17-2022 @ 07:07:59 - Row :256 - Parsing item.
08-17-2022 @ 07:07:59 - Row :256 - Parsing failed. Reason: User with same Email already exists. Email: Ksasikumar1@yamaha-motor-india.com
08-17-2022 @ 07:07:59 - Row :257 - Parsing item.
08-17-2022 @ 07:07:59 - Row :257 - Parsing failed. Reason: User with same Email already exists. Email: pawar.santosh3@mahindra.com
08-17-2022 @ 07:07:59 - Row :258 - Parsing item.
08-17-2022 @ 07:07:59 - Row :258 - Parsing failed. Reason: User with same Email already exists. Email: productpack@yahoo.com
08-17-2022 @ 07:07:59 - Row :259 - Parsing item.
08-17-2022 @ 07:07:59 - Row :259 - Parsing failed. Reason: User with same Email already exists. Email: chaitanyarana702@gmail.com
08-17-2022 @ 07:07:59 - Row :260 - Parsing item.
08-17-2022 @ 07:07:59 - Row :260 - Parsing failed. Reason: User with same Email already exists. Email: rajeshsudhatiwari@gmail.com
08-17-2022 @ 07:07:59 - Row :261 - Parsing item.
08-17-2022 @ 07:07:59 - Row :261 - Parsing failed. Reason: User with same Email already exists. Email: Rakesh@synokempharma.com
08-17-2022 @ 07:07:59 - Row :262 - Parsing item.
08-17-2022 @ 07:07:59 - Row :262 - Parsing failed. Reason: User with same Email already exists. Email: kishore@umapolymers.com
08-17-2022 @ 07:07:59 - Row :263 - Parsing item.
08-17-2022 @ 07:07:59 - Row :263 - Parsing failed. Reason: User with same Email already exists. Email: tiongroup09@gmail.com
08-17-2022 @ 07:07:59 - Row :264 - Parsing item.
08-17-2022 @ 07:07:59 - Row :264 - Parsing failed. Reason: User with same Email already exists. Email: legalcell@umapolymers.com
08-17-2022 @ 07:07:59 - Row :265 - Parsing item.
08-17-2022 @ 07:07:59 - Row :265 - Parsing failed. Reason: User with same Email already exists. Email: purchase@umapolymers.com
08-17-2022 @ 07:07:59 - Row :266 - Parsing item.
08-17-2022 @ 07:07:59 - Row :266 - Parsing failed. Reason: User with same Email already exists. Email: jmukherjee@bengalbeverages.com
08-17-2022 @ 07:07:59 - Row :267 - Parsing item.
08-17-2022 @ 07:07:59 - Row :267 - Parsing failed. Reason: User with same Email already exists. Email: svasa@its.jnj.com
08-17-2022 @ 07:07:59 - Row :268 - Parsing item.
08-17-2022 @ 07:07:59 - Row :268 - Parsing failed. Reason: User with same Email already exists. Email: niladribasu@plant.bengalbeverages.com
08-17-2022 @ 07:07:59 - Row :269 - Parsing item.
08-17-2022 @ 07:07:59 - Row :269 - Parsing failed. Reason: User with same Email already exists. Email: accounts@oyes.co.in
08-17-2022 @ 07:07:59 - Row :270 - Parsing item.
08-17-2022 @ 07:07:59 - Row :270 - Parsing failed. Reason: User with same Email already exists. Email: bhldairyengg@yahoo.com
08-17-2022 @ 07:07:59 - Row :271 - Parsing item.
08-17-2022 @ 07:07:59 - Row :271 - Parsing failed. Reason: User with same Email already exists. Email: bhldairyengg@gmail.com
08-17-2022 @ 07:07:59 - Row :272 - Parsing item.
08-17-2022 @ 07:07:59 - Row :272 - Parsing failed. Reason: User with same Email already exists. Email: unipackind@yahoo.co.in
08-17-2022 @ 07:07:59 - Row :273 - Parsing item.
08-17-2022 @ 07:07:59 - Row :273 - Parsing failed. Reason: User with same Email already exists. Email: vijaygarg2401@gmail.com
08-17-2022 @ 07:07:59 - Row :274 - Parsing item.
08-17-2022 @ 07:07:59 - Row :274 - Parsing failed. Reason: User with same Email already exists. Email: Adip.Roy@Amway.com
08-17-2022 @ 07:07:59 - Row :275 - Parsing item.
08-17-2022 @ 07:07:59 - Row :275 - Parsing failed. Reason: User with same Email already exists. Email: SHREECHEMFOOD@GMAIL.COM
08-17-2022 @ 07:07:59 - Row :276 - Parsing item.
08-17-2022 @ 07:07:59 - Row :276 - Parsing failed. Reason: User with same Email already exists. Email: regulatorynk6@nkgabc.com
08-17-2022 @ 07:07:59 - Row :277 - Parsing item.
08-17-2022 @ 07:07:59 - Row :277 - Parsing failed. Reason: User with same Email already exists. Email: vipul.rahevar@sterlite.com
08-17-2022 @ 07:07:59 - Row :278 - Parsing item.
08-17-2022 @ 07:07:59 - Row :278 - Parsing failed. Reason: User with same Email already exists. Email: ranjit.deshmukh@sterlite.com
08-17-2022 @ 07:07:59 - Row :279 - Parsing item.
08-17-2022 @ 07:07:59 - Row :279 - Parsing failed. Reason: User with same Email already exists. Email: info@marudharind.com
08-17-2022 @ 07:07:59 - Row :280 - Parsing item.
08-17-2022 @ 07:07:59 - Row :280 - Parsing failed. Reason: User with same Email already exists. Email: lakshgupta372@gmail.com
08-17-2022 @ 07:07:59 - Row :281 - Parsing item.
08-17-2022 @ 07:07:59 - Row :281 - Parsing failed. Reason: User with same Email already exists. Email: sarvjeet@gsexports.com
08-17-2022 @ 07:07:59 - Row :282 - Parsing item.
08-17-2022 @ 07:07:59 - Row :282 - Parsing failed. Reason: User with same Email already exists. Email: Anjalipackaging.mumbai@gmail.com
08-17-2022 @ 07:07:59 - Row :283 - Parsing item.
08-17-2022 @ 07:07:59 - Row :283 - Parsing failed. Reason: User with same Email already exists. Email: sales@advancebioplast.com
08-17-2022 @ 07:07:59 - Row :284 - Parsing item.
08-17-2022 @ 07:07:59 - Row :284 - Parsing failed. Reason: User with same Email already exists. Email: sharad.agarwal@trivenigroup.com
08-17-2022 @ 07:07:59 - Row :285 - Parsing item.
08-17-2022 @ 07:07:59 - Row :285 - Parsing failed. Reason: User with same Email already exists. Email: crs@alephindia.in
08-17-2022 @ 07:07:59 - Row :286 - Parsing item.
08-17-2022 @ 07:07:59 - Row :286 - Parsing failed. Reason: User with same Email already exists. Email: vilas.desle@aeropharma.com
08-17-2022 @ 07:07:59 - Row :287 - Parsing item.
08-17-2022 @ 07:07:59 - Row :287 - Parsing failed. Reason: User with same Email already exists. Email: raghavmundhra2012@gmail.com
08-17-2022 @ 07:07:59 - Row :288 - Parsing item.
08-17-2022 @ 07:07:59 - Row :288 - Parsing failed. Reason: User with same Email already exists. Email: g.sathish@ansell.com
08-17-2022 @ 07:07:59 - Row :289 - Parsing item.
08-17-2022 @ 07:07:59 - Row :289 - Parsing failed. Reason: User with same Email already exists. Email: hr@shreeguruji.com
08-17-2022 @ 07:07:59 - Row :290 - Parsing item.
08-17-2022 @ 07:07:59 - Row :290 - Parsing failed. Reason: User with same Email already exists. Email: amol.jadhav@rallis.com
08-17-2022 @ 07:07:59 - Row :291 - Parsing item.
08-17-2022 @ 07:07:59 - Row :291 - Parsing failed. Reason: User with same Email already exists. Email: mefoodiedelight@gmail.com
08-17-2022 @ 07:07:59 - Row :292 - Parsing item.
08-17-2022 @ 07:07:59 - Row :292 - Parsing failed. Reason: User with same Email already exists. Email: jayesh@gajanand.com
08-17-2022 @ 07:07:59 - Row :293 - Parsing item.
08-17-2022 @ 07:07:59 - Row :293 - Parsing failed. Reason: User with same Email already exists. Email: sanjay.dawer@globalcp.in
08-17-2022 @ 07:07:59 - Row :294 - Parsing item.
08-17-2022 @ 07:07:59 - Row :294 - Parsing failed. Reason: User with same Email already exists. Email: sundar@szyuto.com
08-17-2022 @ 07:07:59 - Row :295 - Parsing item.
08-17-2022 @ 07:07:59 - Row :295 - Parsing failed. Reason: User with same Email already exists. Email: sushil@narendrabags.com
08-17-2022 @ 07:07:59 - Row :296 - Parsing item.
08-17-2022 @ 07:07:59 - Row :296 - Parsing failed. Reason: User with same Email already exists. Email: abhishek.singh@szyuto.com
08-17-2022 @ 07:07:59 - Row :297 - Parsing item.
08-17-2022 @ 07:07:59 - Row :297 - Parsing failed. Reason: User with same Email already exists. Email: paribesh1@ospcboard.org
08-17-2022 @ 07:07:59 - Row :298 - Parsing item.
08-17-2022 @ 07:07:59 - Row :298 - Parsing failed. Reason: User with same Email already exists. Email: ocmms@ospcboard.org
08-17-2022 @ 07:07:59 - Row :299 - Parsing item.
08-17-2022 @ 07:07:59 - Row :299 - Parsing failed. Reason: User with same Email already exists. Email: sdash@ospcboard.org
08-17-2022 @ 07:07:59 - Row :300 - Parsing item.
08-17-2022 @ 07:07:59 - Row :300 - Parsing failed. Reason: User with same Email already exists. Email: sagrofinance@gmail.com
08-17-2022 @ 07:08:00 - Preparing for import.
08-17-2022 @ 07:08:00 - Row :301 - Parsing item.
08-17-2022 @ 07:08:00 - Row :301 - Parsing failed. Reason: User with same Email already exists. Email: balraj@dblfood.com
08-17-2022 @ 07:08:00 - Row :302 - Parsing item.
08-17-2022 @ 07:08:00 - Row :302 - Parsing failed. Reason: User with same Email already exists. Email: pr@abcfruits.net
08-17-2022 @ 07:08:00 - Row :303 - Parsing item.
08-17-2022 @ 07:08:00 - Row :303 - Parsing failed. Reason: User with same Email already exists. Email: vaibhav@ajantadairy.in
08-17-2022 @ 07:08:00 - Row :304 - Parsing item.
08-17-2022 @ 07:08:00 - Row :304 - Parsing failed. Reason: User with same Email already exists. Email: bharat.panchasara@nkproteins.com
08-17-2022 @ 07:08:00 - Row :305 - Parsing item.
08-17-2022 @ 07:08:00 - Row :305 - Parsing failed. Reason: User with same Email already exists. Email: GIFTITEMZ@HOTMAIL.COM
08-17-2022 @ 07:08:00 - Row :306 - Parsing item.
08-17-2022 @ 07:08:00 - Row :306 - Parsing failed. Reason: User with same Email already exists. Email: sandeeprai911@gmail.com
08-17-2022 @ 07:08:00 - Row :307 - Parsing item.
08-17-2022 @ 07:08:00 - Row :307 - Parsing failed. Reason: User with same Email already exists. Email: sandeep.joglekar@pidilite.com
08-17-2022 @ 07:08:00 - Row :308 - Parsing item.
08-17-2022 @ 07:08:00 - Row :308 - Parsing failed. Reason: User with same Email already exists. Email: raman@techintlindia.com
08-17-2022 @ 07:08:00 - Row :309 - Parsing item.
08-17-2022 @ 07:08:00 - Row :309 - Parsing failed. Reason: User with same Email already exists. Email: vishwas.chandhaikar@liebherr.com
08-17-2022 @ 07:08:00 - Row :310 - Parsing item.
08-17-2022 @ 07:08:00 - Row :310 - Parsing failed. Reason: User with same Email already exists. Email: mohil_gupta@ifbglobal.com
08-17-2022 @ 07:08:00 - Row :311 - Parsing item.
08-17-2022 @ 07:08:00 - Row :311 - Parsing failed. Reason: User with same Email already exists. Email: shinyalex1090@gmail.com
08-17-2022 @ 07:08:00 - Row :312 - Parsing item.
08-17-2022 @ 07:08:00 - Row :312 - Parsing failed. Reason: User with same Email already exists. Email: uma@wellbefoods.com
08-17-2022 @ 07:08:00 - Row :313 - Parsing item.
08-17-2022 @ 07:08:00 - Row :313 - Parsing failed. Reason: User with same Email already exists. Email: ambergosawal@gmail.com
08-17-2022 @ 07:08:00 - Row :314 - Parsing item.
08-17-2022 @ 07:08:00 - Row :314 - Parsing failed. Reason: User with same Email already exists. Email: Rahul.Kadiyan@asia.meap.com
08-17-2022 @ 07:08:00 - Row :315 - Parsing item.
08-17-2022 @ 07:08:00 - Row :315 - Parsing failed. Reason: User with same Email already exists. Email: apalka.bareja@ssrana.in
08-17-2022 @ 07:08:00 - Row :316 - Parsing item.
08-17-2022 @ 07:08:00 - Row :316 - Parsing failed. Reason: User with same Email already exists. Email: DINESHACRYLIC@GMAIL.COM
08-17-2022 @ 07:08:00 - Row :317 - Parsing item.
08-17-2022 @ 07:08:00 - Row :317 - Parsing failed. Reason: User with same Email already exists. Email: pavan.agrawal@bd.com
08-17-2022 @ 07:08:00 - Row :318 - Parsing item.
08-17-2022 @ 07:08:00 - Row :318 - Parsing failed. Reason: User with same Email already exists. Email: info@aashiplastic.com
08-17-2022 @ 07:08:00 - Row :319 - Parsing item.
08-17-2022 @ 07:08:00 - Row :319 - Parsing failed. Reason: User with same Email already exists. Email: suresh@techintlindia.com
08-17-2022 @ 07:08:00 - Row :320 - Parsing item.
08-17-2022 @ 07:08:00 - Row :320 - Parsing failed. Reason: User with same Email already exists. Email: hrenterprises.epr@gmail.com
08-17-2022 @ 07:08:00 - Row :321 - Parsing item.
08-17-2022 @ 07:08:00 - Row :321 - Parsing failed. Reason: User with same Email already exists. Email: arglobal20@yahoo.com
08-17-2022 @ 07:08:00 - Row :322 - Parsing item.
08-17-2022 @ 07:08:00 - Row :322 - Parsing failed. Reason: User with same Email already exists. Email: sagro1970@gmail.com
08-17-2022 @ 07:08:00 - Row :323 - Parsing item.
08-17-2022 @ 07:08:00 - Row :323 - Parsing failed. Reason: User with same Email already exists. Email: corporate1@teampureplay.com
08-17-2022 @ 07:08:00 - Row :324 - Parsing item.
08-17-2022 @ 07:08:00 - Row :324 - Parsing failed. Reason: User with same Email already exists. Email: tejasviarora@hotmail.com
08-17-2022 @ 07:08:00 - Row :325 - Parsing item.
08-17-2022 @ 07:08:00 - Row :325 - Parsing failed. Reason: User with same Email already exists. Email: laxmif73@yahoo.co.in
08-17-2022 @ 07:08:00 - Row :326 - Parsing item.
08-17-2022 @ 07:08:00 - Row :326 - Parsing failed. Reason: User with same Email already exists. Email: ganesamoorthi@eid.epson.co.in
08-17-2022 @ 07:08:00 - Row :327 - Parsing item.
08-17-2022 @ 07:08:00 - Row :327 - Parsing failed. Reason: User with same Email already exists. Email: blplastic888@gmail.com
08-17-2022 @ 07:08:00 - Row :328 - Parsing item.
08-17-2022 @ 07:08:00 - Row :328 - Parsing failed. Reason: User with same Email already exists. Email: sushiltrivedi@uttamsugar.com
08-17-2022 @ 07:08:00 - Row :329 - Parsing item.
08-17-2022 @ 07:08:00 - Row :329 - Parsing failed. Reason: User with same Email already exists. Email: avneet.singh@nivia.in
08-17-2022 @ 07:08:00 - Row :330 - Parsing item.
08-17-2022 @ 07:08:00 - Row :330 - Parsing failed. Reason: User with same Email already exists. Email: dharmendra.gupta@lotusherbals.com
08-17-2022 @ 07:08:00 - Row :331 - Parsing item.
08-17-2022 @ 07:08:00 - Row :331 - Parsing failed. Reason: User with same Email already exists. Email: tmehta@groupe-bel.com
08-17-2022 @ 07:08:00 - Row :332 - Parsing item.
08-17-2022 @ 07:08:00 - Row :332 - Parsing failed. Reason: User with same Email already exists. Email: POONAMPLAST@GMAIL.COM
08-17-2022 @ 07:08:00 - Row :333 - Parsing item.
08-17-2022 @ 07:08:00 - Row :333 - Parsing failed. Reason: User with same Email already exists. Email: chaudharyalok993@gmail.com
08-17-2022 @ 07:08:00 - Row :334 - Parsing item.
08-17-2022 @ 07:08:00 - Row :334 - Parsing failed. Reason: User with same Email already exists. Email: Sarla.Nanda@airnov-healthcare.com
08-17-2022 @ 07:08:00 - Row :335 - Parsing item.
08-17-2022 @ 07:08:00 - Row :335 - Parsing failed. Reason: User with same Email already exists. Email: dipeshdas@umaconverter.com
08-17-2022 @ 07:08:00 - Row :336 - Parsing item.
08-17-2022 @ 07:08:00 - Row :336 - Parsing failed. Reason: User with same Email already exists. Email: cs.elite1515@gmail.com
08-17-2022 @ 07:08:00 - Row :337 - Parsing item.
08-17-2022 @ 07:08:00 - Row :337 - Parsing failed. Reason: User with same Email already exists. Email: abhishek@umaconverter.com
08-17-2022 @ 07:08:00 - Row :338 - Parsing item.
08-17-2022 @ 07:08:00 - Row :338 - Parsing failed. Reason: User with same Email already exists. Email: jignesh@deontapes.com
08-17-2022 @ 07:08:00 - Row :339 - Parsing item.
08-17-2022 @ 07:08:00 - Row :339 - Parsing failed. Reason: User with same Email already exists. Email: safety@deontapes.com
08-17-2022 @ 07:08:00 - Row :340 - Parsing item.
08-17-2022 @ 07:08:00 - Row :340 - Parsing failed. Reason: User with same Email already exists. Email: ATLASWARE@THERMOHOUSEWARES.COM
08-17-2022 @ 07:08:00 - Row :341 - Parsing item.
08-17-2022 @ 07:08:00 - Row :341 - Parsing failed. Reason: User with same Email already exists. Email: keshavg@toyota-kirloskar.co.in
08-17-2022 @ 07:08:00 - Row :342 - Parsing item.
08-17-2022 @ 07:08:00 - Row :342 - Parsing failed. Reason: User with same Email already exists. Email: test1@gmail.com
08-17-2022 @ 07:08:00 - Row :343 - Parsing item.
08-17-2022 @ 07:08:00 - Row :343 - Parsing failed. Reason: User with same Email already exists. Email: priyanka.singh@lotusherbals.com
08-17-2022 @ 07:08:00 - Row :344 - Parsing item.
08-17-2022 @ 07:08:00 - Row :344 - Parsing failed. Reason: User with same Email already exists. Email: shashank@viccolabs.com
08-17-2022 @ 07:08:00 - Row :345 - Parsing item.
08-17-2022 @ 07:08:00 - Row :345 - Parsing failed. Reason: User with same Email already exists. Email: gsonar101@gmail.com
08-17-2022 @ 07:08:00 - Row :346 - Parsing item.
08-17-2022 @ 07:08:00 - Row :346 - Parsing failed. Reason: User with same Email already exists. Email: hrenterprises.epr1@gmail.com
08-17-2022 @ 07:08:00 - Row :347 - Parsing item.
08-17-2022 @ 07:08:00 - Row :347 - Parsing failed. Reason: User with same Email already exists. Email: sidhishwarr@vista-osi-group.com
08-17-2022 @ 07:08:00 - Row :348 - Parsing item.
08-17-2022 @ 07:08:00 - Row :348 - Parsing failed. Reason: User with same Email already exists. Email: adviksingh751@gmail.com
08-17-2022 @ 07:08:00 - Row :349 - Parsing item.
08-17-2022 @ 07:08:00 - Row :349 - Parsing failed. Reason: User with same Email already exists. Email: regulatory@vista-osi-group.com
08-17-2022 @ 07:08:00 - Row :350 - Parsing item.
08-17-2022 @ 07:08:00 - Row :350 - Parsing failed. Reason: User with same Email already exists. Email: nishith@jaindairy.com
08-17-2022 @ 07:08:00 - Row :351 - Parsing item.
08-17-2022 @ 07:08:00 - Row :351 - Parsing failed. Reason: User with same Email already exists. Email: pradeepjoshi@gmail.com
08-17-2022 @ 07:08:00 - Row :352 - Parsing item.
08-17-2022 @ 07:08:00 - Row :352 - Parsing failed. Reason: User with same Email already exists. Email: finance@himedialabs.com
08-17-2022 @ 07:08:00 - Row :353 - Parsing item.
08-17-2022 @ 07:08:00 - Row :353 - Parsing failed. Reason: User with same Email already exists. Email: amit.sharma@primemilk.in
08-17-2022 @ 07:08:00 - Row :354 - Parsing item.
08-17-2022 @ 07:08:00 - Row :354 - Parsing failed. Reason: User with same Email already exists. Email: accounts@warkembiotech.com
08-17-2022 @ 07:08:00 - Row :355 - Parsing item.
08-17-2022 @ 07:08:00 - Row :355 - Parsing failed. Reason: User with same Email already exists. Email: sspp9030@gmail.com
08-17-2022 @ 07:08:00 - Row :356 - Parsing item.
08-17-2022 @ 07:08:00 - Row :356 - Parsing failed. Reason: User with same Email already exists. Email: biju.snair@ppgasianpaints.com
08-17-2022 @ 07:08:00 - Row :357 - Parsing item.
08-17-2022 @ 07:08:00 - Row :357 - Parsing failed. Reason: User with same Email already exists. Email: selvaraj@ttkhealthcare.com
08-17-2022 @ 07:08:00 - Row :358 - Parsing item.
08-17-2022 @ 07:08:00 - Row :358 - Parsing failed. Reason: User with same Email already exists. Email: venkatr@ttkhealthcare.com
08-17-2022 @ 07:08:00 - Row :359 - Parsing item.
08-17-2022 @ 07:08:00 - Row :359 - Parsing failed. Reason: User with same Email already exists. Email: gdsinha945@gmail.com
08-17-2022 @ 07:08:00 - Row :360 - Parsing item.
08-17-2022 @ 07:08:00 - Row :360 - Parsing failed. Reason: User with same Email already exists. Email: r.krishnakumar@digvijaycement.com
08-17-2022 @ 07:08:00 - Row :361 - Parsing item.
08-17-2022 @ 07:08:00 - Row :361 - Parsing failed. Reason: User with same Email already exists. Email: sk.jana@ananda.in
08-17-2022 @ 07:08:00 - Row :362 - Parsing item.
08-17-2022 @ 07:08:00 - Row :362 - Parsing failed. Reason: User with same Email already exists. Email: Dbaskar@yamaha-motor-india.com
08-17-2022 @ 07:08:00 - Row :363 - Parsing item.
08-17-2022 @ 07:08:00 - Row :363 - Parsing failed. Reason: User with same Email already exists. Email: Kaliwalaplastic@gmail.com
08-17-2022 @ 07:08:00 - Row :364 - Parsing item.
08-17-2022 @ 07:08:00 - Row :364 - Parsing failed. Reason: User with same Email already exists. Email: manishjaintoday@yahoo.co.in
08-17-2022 @ 07:08:00 - Row :365 - Parsing item.
08-17-2022 @ 07:08:00 - Row :365 - Parsing failed. Reason: User with same Email already exists. Email: ravi.balar555@gmail.com
08-17-2022 @ 07:08:00 - Row :366 - Parsing item.
08-17-2022 @ 07:08:00 - Row :366 - Parsing failed. Reason: User with same Email already exists. Email: adgupta@mortechfab.com
08-17-2022 @ 07:08:00 - Row :367 - Parsing item.
08-17-2022 @ 07:08:00 - Row :367 - Parsing failed. Reason: User with same Email already exists. Email: account@vishal-packaging.com
08-17-2022 @ 07:08:00 - Row :368 - Parsing item.
08-17-2022 @ 07:08:00 - Row :368 - Parsing failed. Reason: User with same Email already exists. Email: amit@slplindia.com
08-17-2022 @ 07:08:00 - Row :369 - Parsing item.
08-17-2022 @ 07:08:00 - Row :369 - Parsing failed. Reason: User with same Email already exists. Email: manik8877@gmail.com
08-17-2022 @ 07:08:00 - Row :370 - Parsing item.
08-17-2022 @ 07:08:00 - Row :370 - Parsing failed. Reason: User with same Email already exists. Email: amit_enviro2003@yahoo.co.in
08-17-2022 @ 07:08:00 - Row :371 - Parsing item.
08-17-2022 @ 07:08:00 - Row :371 - Parsing failed. Reason: User with same Email already exists. Email: kishoreshah99@yahoo.com
08-17-2022 @ 07:08:00 - Row :372 - Parsing item.
08-17-2022 @ 07:08:00 - Row :372 - Parsing failed. Reason: User with same Email already exists. Email: svreddy@shrinathflexi.com
08-17-2022 @ 07:08:00 - Row :373 - Parsing item.
08-17-2022 @ 07:08:00 - Row :373 - Parsing failed. Reason: User with same Email already exists. Email: dhaulagiree@gmail.com
08-17-2022 @ 07:08:00 - Row :374 - Parsing item.
08-17-2022 @ 07:08:00 - Row :374 - Parsing failed. Reason: User with same Email already exists. Email: jagdish.raval@maahimilk.com
08-17-2022 @ 07:08:00 - Row :375 - Parsing item.
08-17-2022 @ 07:08:00 - Row :375 - Parsing failed. Reason: User with same Email already exists. Email: ksaskumar1@yamaha-motor--india.com
08-17-2022 @ 07:08:00 - Row :376 - Parsing item.
08-17-2022 @ 07:08:00 - Row :376 - Parsing failed. Reason: User with same Email already exists. Email: ksasikumar1@yamaha-motor--india.com
08-17-2022 @ 07:08:00 - Row :377 - Parsing item.
08-17-2022 @ 07:08:00 - Row :377 - Parsing failed. Reason: User with same Email already exists. Email: parwez9024771299@gmail.com
08-17-2022 @ 07:08:00 - Row :378 - Parsing item.
08-17-2022 @ 07:08:00 - Row :378 - Parsing failed. Reason: User with same Email already exists. Email: babanursery19@gmail.com
08-17-2022 @ 07:08:00 - Row :379 - Parsing item.
08-17-2022 @ 07:08:00 - Row :379 - Parsing failed. Reason: User with same Email already exists. Email: shilpaplastics@hotmail.com
08-17-2022 @ 07:08:00 - Row :380 - Parsing item.
08-17-2022 @ 07:08:00 - Row :380 - Parsing failed. Reason: User with same Email already exists. Email: tirumalapoly2016@gmail.com
08-17-2022 @ 07:08:00 - Row :381 - Parsing item.
08-17-2022 @ 07:08:00 - Row :381 - Parsing failed. Reason: User with same Email already exists. Email: info@durgapurispatudyog.com
08-17-2022 @ 07:08:00 - Row :382 - Parsing item.
08-17-2022 @ 07:08:00 - Row :382 - Parsing failed. Reason: User with same Email already exists. Email: S.KURALI@YAHOO.COM
08-17-2022 @ 07:08:00 - Row :383 - Parsing item.
08-17-2022 @ 07:08:00 - Row :383 - Parsing failed. Reason: User with same Email already exists. Email: sureshj@fujitsu-general.com
08-17-2022 @ 07:08:00 - Row :384 - Parsing item.
08-17-2022 @ 07:08:00 - Row :384 - Parsing failed. Reason: User with same Email already exists. Email: dhandutt.shah@scholleipn.com
08-17-2022 @ 07:08:00 - Row :385 - Parsing item.
08-17-2022 @ 07:08:00 - Row :385 - Parsing failed. Reason: User with same Email already exists. Email: adsgreenproducts@gmail.com
08-17-2022 @ 07:08:00 - Row :386 - Parsing item.
08-17-2022 @ 07:08:00 - Row :386 - Parsing failed. Reason: User with same Email already exists. Email: mainak@biskfarm.com
08-17-2022 @ 07:08:00 - Row :387 - Parsing item.
08-17-2022 @ 07:08:00 - Row :387 - Parsing failed. Reason: User with same Email already exists. Email: abhijitnatoo@nerolac.com
08-17-2022 @ 07:08:00 - Row :388 - Parsing item.
08-17-2022 @ 07:08:00 - Row :388 - Parsing failed. Reason: User with same Email already exists. Email: rajeev_mishra@saraswatisugar.com
08-17-2022 @ 07:08:00 - Row :389 - Parsing item.
08-17-2022 @ 07:08:00 - Row :389 - Parsing failed. Reason: User with same Email already exists. Email: esskaypolymers001@gmail.com
08-17-2022 @ 07:08:00 - Row :390 - Parsing item.
08-17-2022 @ 07:08:00 - Row :390 - Parsing failed. Reason: User with same Email already exists. Email: nonstoppackaging@gmail.com
08-17-2022 @ 07:08:00 - Row :391 - Parsing item.
08-17-2022 @ 07:08:00 - Row :391 - Parsing failed. Reason: User with same Email already exists. Email: rahuagar@lenovo.com
08-17-2022 @ 07:08:00 - Row :392 - Parsing item.
08-17-2022 @ 07:08:00 - Row :392 - Parsing failed. Reason: User with same Email already exists. Email: hr.daman@rishitechtex.com
08-17-2022 @ 07:08:00 - Row :393 - Parsing item.
08-17-2022 @ 07:08:00 - Row :393 - Parsing failed. Reason: User with same Email already exists. Email: rishitapatel733@gmail.com
08-17-2022 @ 07:08:00 - Row :394 - Parsing item.
08-17-2022 @ 07:08:00 - Row :394 - Parsing failed. Reason: User with same Email already exists. Email: safety@elentec.in
08-17-2022 @ 07:08:00 - Row :395 - Parsing item.
08-17-2022 @ 07:08:00 - Row :395 - Parsing failed. Reason: User with same Email already exists. Email: AbhyankaAM@corning.com
08-17-2022 @ 07:08:00 - Row :396 - Parsing item.
08-17-2022 @ 07:08:00 - Row :396 - Parsing failed. Reason: User with same Email already exists. Email: testingeprindia@gmail.com
08-17-2022 @ 07:08:00 - Row :397 - Parsing item.
08-17-2022 @ 07:08:00 - Row :397 - Parsing failed. Reason: User with same Email already exists. Email: usml.sktrivedi@gmail.com
08-17-2022 @ 07:08:00 - Row :398 - Parsing item.
08-17-2022 @ 07:08:00 - Row :398 - Parsing failed. Reason: User with same Email already exists. Email: testingepr1@gmail.com
08-17-2022 @ 07:08:00 - Row :399 - Parsing item.
08-17-2022 @ 07:08:00 - Row :399 - Parsing failed. Reason: User with same Email already exists. Email: supersoftcare@gmail.com
08-17-2022 @ 07:08:00 - ---[ Import ended at 2022-08-17 07:08:00]---
