08-17-2022 @ 07:09:49 - ---[ New import started at 2022-08-17 07:09:49 ] PHP Memory: 256 MB, WP Memory: 40 MB
08-17-2022 @ 07:09:49 - Preparing for import.
08-17-2022 @ 07:09:49 - Row :1 - Parsing item.
08-17-2022 @ 07:09:49 - Row :1 - Parsing failed. Reason: User with same Email already exists. Email: vineet.bansal@richemont.com
08-17-2022 @ 07:09:49 - Row :2 - Parsing item.
08-17-2022 @ 07:09:49 - Row :2 - Parsing failed. Reason: User with same Email already exists. Email: vikas.dixit3@wipro.com
08-17-2022 @ 07:09:49 - Row :3 - Parsing item.
08-17-2022 @ 07:09:49 - Row :3 - Parsing failed. Reason: User with same Email already exists. Email: VIVEK@EKA-GLOBAL.COM
08-17-2022 @ 07:09:49 - Row :4 - Parsing item.
08-17-2022 @ 07:09:49 - Row :4 - Parsing failed. Reason: User with same Email already exists. Email: nazir686@gmail.com
08-17-2022 @ 07:09:49 - Row :5 - Parsing item.
08-17-2022 @ 07:09:49 - Row :5 - Parsing failed. Reason: User with same Email already exists. Email: s.mandal@simbhaolisugars.com
08-17-2022 @ 07:09:49 - Row :6 - Parsing item.
08-17-2022 @ 07:09:49 - Row :6 - Parsing failed. Reason: User with same Email already exists. Email: neeraj@netsurfbiotech.com
08-17-2022 @ 07:09:49 - Row :7 - Parsing item.
08-17-2022 @ 07:09:49 - Row :7 - Parsing failed. Reason: User with same Email already exists. Email: nirmala.jayakumar@checkpt.com
08-17-2022 @ 07:09:49 - Row :8 - Parsing item.
08-17-2022 @ 07:09:49 - Row :8 - Parsing failed. Reason: User with same Email already exists. Email: cochinpacks@gmail.com
08-17-2022 @ 07:09:49 - Row :9 - Parsing item.
08-17-2022 @ 07:09:49 - Row :9 - Parsing failed. Reason: User with same Email already exists. Email: anzoassociates123@gmail.com
08-17-2022 @ 07:09:49 - Row :10 - Parsing item.
08-17-2022 @ 07:09:49 - Row :10 - Parsing failed. Reason: User with same Email already exists. Email: sanjay.loharch@gmail.com
08-17-2022 @ 07:09:49 - Row :11 - Parsing item.
08-17-2022 @ 07:09:49 - Row :11 - Parsing failed. Reason: User with same Email already exists. Email: dscpl.grn@dsgroup.com
08-17-2022 @ 07:09:49 - Row :12 - Parsing item.
08-17-2022 @ 07:09:49 - Row :12 - Parsing failed. Reason: User with same Email already exists. Email: virender.singh@yakult.co.in
08-17-2022 @ 07:09:49 - Row :13 - Parsing item.
08-17-2022 @ 07:09:49 - Row :13 - Parsing failed. Reason: User with same Email already exists. Email: sujoykprg@gmail.com
08-17-2022 @ 07:09:49 - Row :14 - Parsing item.
08-17-2022 @ 07:09:49 - Row :14 - Parsing failed. Reason: User with same Email already exists. Email: dananjaya@tvsmotor.com
08-17-2022 @ 07:09:49 - Row :15 - Parsing item.
08-17-2022 @ 07:09:49 - Row :15 - Parsing failed. Reason: User with same Email already exists. Email: prashant.khurana@honda2wheelersindia.com
08-17-2022 @ 07:09:49 - Row :16 - Parsing item.
08-17-2022 @ 07:09:49 - Row :16 - Parsing failed. Reason: User with same Email already exists. Email: kapco20@hotmail.com
08-17-2022 @ 07:09:49 - Row :17 - Parsing item.
08-17-2022 @ 07:09:49 - Row :17 - Parsing failed. Reason: User with same Email already exists. Email: parulfoodproduct@gmail.com
08-17-2022 @ 07:09:49 - Row :18 - Parsing item.
08-17-2022 @ 07:09:49 - Row :18 - Parsing failed. Reason: User with same Email already exists. Email: hamjaniplasticindustries@gmail.com
08-17-2022 @ 07:09:49 - Row :19 - Parsing item.
08-17-2022 @ 07:09:49 - Row :19 - Parsing failed. Reason: User with same Email already exists. Email: motherplastics01@gmail.com
08-17-2022 @ 07:09:49 - Row :20 - Parsing item.
08-17-2022 @ 07:09:49 - Row :20 - Parsing failed. Reason: User with same Email already exists. Email: dineshplasticwork@gmail.com
08-17-2022 @ 07:09:49 - Row :21 - Parsing item.
08-17-2022 @ 07:09:49 - Row :21 - Parsing failed. Reason: User with same Email already exists. Email: hera_parmanandani@yahoo.com
08-17-2022 @ 07:09:49 - Row :22 - Parsing item.
08-17-2022 @ 07:09:49 - Row :22 - Parsing failed. Reason: User with same Email already exists. Email: sourabh.sam@rediffmail.com
08-17-2022 @ 07:09:49 - Row :23 - Parsing item.
08-17-2022 @ 07:09:49 - Row :23 - Parsing failed. Reason: User with same Email already exists. Email: beautjung@solu-m.com
08-17-2022 @ 07:09:49 - Row :24 - Parsing item.
08-17-2022 @ 07:09:49 - Row :24 - Parsing failed. Reason: User with same Email already exists. Email: HR@Lavazza.co.in
08-17-2022 @ 07:09:49 - Row :25 - Parsing item.
08-17-2022 @ 07:09:49 - Row :25 - Parsing failed. Reason: User with same Email already exists. Email: hdc_golconda@yahoo.com
08-17-2022 @ 07:09:49 - Row :26 - Parsing item.
08-17-2022 @ 07:09:49 - Row :26 - Parsing failed. Reason: User with same Email already exists. Email: TALASHPP@GMAIL.COM
08-17-2022 @ 07:09:49 - Row :27 - Parsing item.
08-17-2022 @ 07:09:49 - Row :27 - Parsing failed. Reason: User with same Email already exists. Email: vcdk1951@gmail.com
08-17-2022 @ 07:09:49 - Row :28 - Parsing item.
08-17-2022 @ 07:09:49 - Row :28 - Parsing failed. Reason: User with same Email already exists. Email: vinodkbalaji@gmail.com
08-17-2022 @ 07:09:49 - Row :29 - Parsing item.
08-17-2022 @ 07:09:49 - Row :29 - Parsing failed. Reason: User with same Email already exists. Email: aksingh1966@yahoo.co.in
08-17-2022 @ 07:09:49 - Row :30 - Parsing item.
08-17-2022 @ 07:09:49 - Row :30 - Parsing failed. Reason: User with same Email already exists. Email: contact@apfl.in
08-17-2022 @ 07:09:49 - Row :31 - Parsing item.
08-17-2022 @ 07:09:49 - Row :31 - Parsing failed. Reason: User with same Email already exists. Email: vlala@cisco.com
08-17-2022 @ 07:09:49 - Row :32 - Parsing item.
08-17-2022 @ 07:09:49 - Row :32 - Parsing failed. Reason: User with same Email already exists. Email: ramanand.kudtarkar@ril.com
08-17-2022 @ 07:09:49 - Row :33 - Parsing item.
08-17-2022 @ 07:09:49 - Row :33 - Parsing failed. Reason: User with same Email already exists. Email: tobinmanuel92@gmail.com
08-17-2022 @ 07:09:49 - Row :34 - Parsing item.
08-17-2022 @ 07:09:49 - Row :34 - Parsing failed. Reason: User with same Email already exists. Email: ngmhetras@yahoo.co.in
08-17-2022 @ 07:09:49 - Row :35 - Parsing item.
08-17-2022 @ 07:09:49 - Row :35 - Parsing failed. Reason: User with same Email already exists. Email: shailja3564@outlook.com
08-17-2022 @ 07:09:49 - Row :36 - Parsing item.
08-17-2022 @ 07:09:49 - Row :36 - Parsing failed. Reason: User with same Email already exists. Email: umanathpai@gmail.com
08-17-2022 @ 07:09:49 - Row :37 - Parsing item.
08-17-2022 @ 07:09:49 - Row :37 - Parsing failed. Reason: User with same Email already exists. Email: vikas.sawant@ril.com
08-17-2022 @ 07:09:49 - Row :38 - Parsing item.
08-17-2022 @ 07:09:49 - Row :38 - Parsing failed. Reason: User with same Email already exists. Email: alphonse.michael@delmontefoods.in
08-17-2022 @ 07:09:49 - Row :39 - Parsing item.
08-17-2022 @ 07:09:49 - Row :39 - Parsing failed. Reason: User with same Email already exists. Email: manish.airee@icapidilite.com
08-17-2022 @ 07:09:49 - Row :40 - Parsing item.
08-17-2022 @ 07:09:49 - Row :40 - Parsing failed. Reason: User with same Email already exists. Email: Jagadeesh.Muthukumaran@checkpt.com
08-17-2022 @ 07:09:49 - Row :41 - Parsing item.
08-17-2022 @ 07:09:49 - Row :41 - Parsing failed. Reason: User with same Email already exists. Email: alal@zavenir.com
08-17-2022 @ 07:09:49 - Row :42 - Parsing item.
08-17-2022 @ 07:09:49 - Row :42 - Parsing failed. Reason: User with same Email already exists. Email: ynt.cfl@gmail.com
08-17-2022 @ 07:09:49 - Row :43 - Parsing item.
08-17-2022 @ 07:09:49 - Row :43 - Parsing failed. Reason: User with same Email already exists. Email: ssrmaterials02@gmail.com
08-17-2022 @ 07:09:49 - Row :44 - Parsing item.
08-17-2022 @ 07:09:49 - Row :44 - Parsing failed. Reason: User with same Email already exists. Email: SANJEEV.IWMCO@GMAIL.COM
08-17-2022 @ 07:09:49 - Row :45 - Parsing item.
08-17-2022 @ 07:09:49 - Row :45 - Parsing failed. Reason: User with same Email already exists. Email: amit.yadav@kerry.com
08-17-2022 @ 07:09:49 - Row :46 - Parsing item.
08-17-2022 @ 07:09:49 - Row :46 - Parsing failed. Reason: User with same Email already exists. Email: annapolymers2019@gmail.com
08-17-2022 @ 07:09:49 - Row :47 - Parsing item.
08-17-2022 @ 07:09:49 - Row :47 - Parsing failed. Reason: User with same Email already exists. Email: manna@gefindia.net
08-17-2022 @ 07:09:49 - Row :48 - Parsing item.
08-17-2022 @ 07:09:49 - Row :48 - Parsing failed. Reason: User with same Email already exists. Email: joypetindia@gmail.com
08-17-2022 @ 07:09:49 - Row :49 - Parsing item.
08-17-2022 @ 07:09:49 - Row :49 - Parsing failed. Reason: User with same Email already exists. Email: ambiocean@gmail.com
08-17-2022 @ 07:09:49 - Row :50 - Parsing item.
08-17-2022 @ 07:09:49 - Row :50 - Parsing failed. Reason: User with same Email already exists. Email: arjun.noida1992@gmail.com
08-17-2022 @ 07:09:49 - Row :51 - Parsing item.
08-17-2022 @ 07:09:49 - Row :51 - Parsing failed. Reason: User with same Email already exists. Email: pd@cornitos.in
08-17-2022 @ 07:09:49 - Row :52 - Parsing item.
08-17-2022 @ 07:09:49 - Row :52 - Parsing failed. Reason: User with same Email already exists. Email: hr@dairyfun.co.in
08-17-2022 @ 07:09:49 - Row :53 - Parsing item.
08-17-2022 @ 07:09:49 - Row :53 - Parsing failed. Reason: User with same Email already exists. Email: deepan.devadoss@decathlon.com
08-17-2022 @ 07:09:49 - Row :54 - Parsing item.
08-17-2022 @ 07:09:49 - Row :54 - Parsing failed. Reason: User with same Email already exists. Email: gurudev1973@gmail.com
08-17-2022 @ 07:09:49 - Row :55 - Parsing item.
08-17-2022 @ 07:09:49 - Row :55 - Parsing failed. Reason: User with same Email already exists. Email: helioplastics1@gmail.com
08-17-2022 @ 07:09:49 - Row :56 - Parsing item.
08-17-2022 @ 07:09:49 - Row :56 - Parsing failed. Reason: User with same Email already exists. Email: geniyabanerjee@priyafoods.com
08-17-2022 @ 07:09:49 - Row :57 - Parsing item.
08-17-2022 @ 07:09:49 - Row :57 - Parsing failed. Reason: User with same Email already exists. Email: ventureimpexpvtltd01@gmail.com
08-17-2022 @ 07:09:49 - Row :58 - Parsing item.
08-17-2022 @ 07:09:49 - Row :58 - Parsing failed. Reason: User with same Email already exists. Email: gh@ttkhealthcare.com
08-17-2022 @ 07:09:49 - Row :59 - Parsing item.
08-17-2022 @ 07:09:49 - Row :59 - Parsing failed. Reason: User with same Email already exists. Email: ak@bacardi.com
08-17-2022 @ 07:09:49 - Row :60 - Parsing item.
08-17-2022 @ 07:09:49 - Row :60 - Parsing failed. Reason: User with same Email already exists. Email: neeraj.srivastava@jalindia.co.in
08-17-2022 @ 07:09:49 - Row :61 - Parsing item.
08-17-2022 @ 07:09:49 - Row :61 - Parsing failed. Reason: User with same Email already exists. Email: shreejitrading101@gmail.com
08-17-2022 @ 07:09:49 - Row :62 - Parsing item.
08-17-2022 @ 07:09:49 - Row :62 - Parsing failed. Reason: User with same Email already exists. Email: pankajtrad77@gmail.com
08-17-2022 @ 07:09:49 - Row :63 - Parsing item.
08-17-2022 @ 07:09:49 - Row :63 - Parsing failed. Reason: User with same Email already exists. Email: infomarketin3@gmail.com
08-17-2022 @ 07:09:49 - Row :64 - Parsing item.
08-17-2022 @ 07:09:49 - Row :64 - Parsing failed. Reason: User with same Email already exists. Email: harish@balajiautotech.com
08-17-2022 @ 07:09:49 - Row :65 - Parsing item.
08-17-2022 @ 07:09:49 - Row :65 - Parsing failed. Reason: User with same Email already exists. Email: alphapackagingknr@gmail.com
08-17-2022 @ 07:09:49 - Row :66 - Parsing item.
08-17-2022 @ 07:09:49 - Row :66 - Parsing failed. Reason: User with same Email already exists. Email: bibhash.deb@lavainternational.in
08-17-2022 @ 07:09:49 - Row :67 - Parsing item.
08-17-2022 @ 07:09:49 - Row :67 - Parsing failed. Reason: User with same Email already exists. Email: virendra.varma@parag.com
08-17-2022 @ 07:09:49 - Row :68 - Parsing item.
08-17-2022 @ 07:09:49 - Row :68 - Parsing failed. Reason: User with same Email already exists. Email: kg.michael@lavazza.co.in
08-17-2022 @ 07:09:49 - Row :69 - Parsing item.
08-17-2022 @ 07:09:49 - Row :69 - Parsing failed. Reason: User with same Email already exists. Email: Ganesh@toto.com
08-17-2022 @ 07:09:49 - Row :70 - Parsing item.
08-17-2022 @ 07:09:49 - Row :70 - Parsing failed. Reason: User with same Email already exists. Email: rudolfbarua@gmail.com
08-17-2022 @ 07:09:49 - Row :71 - Parsing item.
08-17-2022 @ 07:09:49 - Row :71 - Parsing failed. Reason: User with same Email already exists. Email: gracebeverages@gmail.com
08-17-2022 @ 07:09:49 - Row :72 - Parsing item.
08-17-2022 @ 07:09:49 - Row :72 - Parsing failed. Reason: User with same Email already exists. Email: parulb9@gmail.com
08-17-2022 @ 07:09:49 - Row :73 - Parsing item.
08-17-2022 @ 07:09:49 - Row :73 - Parsing failed. Reason: User with same Email already exists. Email: agm@euroindiafoods.com
08-17-2022 @ 07:09:49 - Row :74 - Parsing item.
08-17-2022 @ 07:09:49 - Row :74 - Parsing failed. Reason: User with same Email already exists. Email: yanrenovung@gmail.com
08-17-2022 @ 07:09:49 - Row :75 - Parsing item.
08-17-2022 @ 07:09:49 - Row :75 - Parsing failed. Reason: User with same Email already exists. Email: india_epr@cisco.com
08-17-2022 @ 07:09:49 - Row :76 - Parsing item.
08-17-2022 @ 07:09:49 - Row :76 - Parsing failed. Reason: User with same Email already exists. Email: daksh@industrialtechnologies.net
08-17-2022 @ 07:09:49 - Row :77 - Parsing item.
08-17-2022 @ 07:09:49 - Row :77 - Parsing failed. Reason: User with same Email already exists. Email: agm.production@euroindiafoods.com
08-17-2022 @ 07:09:49 - Row :78 - Parsing item.
08-17-2022 @ 07:09:49 - Row :78 - Parsing failed. Reason: User with same Email already exists. Email: jaberm@india.switzgroup.com
08-17-2022 @ 07:09:49 - Row :79 - Parsing item.
08-17-2022 @ 07:09:49 - Row :79 - Parsing failed. Reason: User with same Email already exists. Email: ijari.nk.a0n@ap.denso.com
08-17-2022 @ 07:09:49 - Row :80 - Parsing item.
08-17-2022 @ 07:09:49 - Row :80 - Parsing failed. Reason: User with same Email already exists. Email: pkgplast@rediffmail.com
08-17-2022 @ 07:09:49 - Row :81 - Parsing item.
08-17-2022 @ 07:09:49 - Row :81 - Parsing failed. Reason: User with same Email already exists. Email: Cs@colourflex.com
08-17-2022 @ 07:09:49 - Row :82 - Parsing item.
08-17-2022 @ 07:09:49 - Row :82 - Parsing failed. Reason: User with same Email already exists. Email: avinash@animeshpackaging.com
08-17-2022 @ 07:09:49 - Row :83 - Parsing item.
08-17-2022 @ 07:09:49 - Row :83 - Parsing failed. Reason: User with same Email already exists. Email: herambapolymers@yahoo.in
08-17-2022 @ 07:09:49 - Row :84 - Parsing item.
08-17-2022 @ 07:09:49 - Row :84 - Parsing failed. Reason: User with same Email already exists. Email: krishna@varvaraindia.co.in
08-17-2022 @ 07:09:49 - Row :85 - Parsing item.
08-17-2022 @ 07:09:49 - Row :85 - Parsing failed. Reason: User with same Email already exists. Email: krishanmohangupta01@gmail.com
08-17-2022 @ 07:09:49 - Row :86 - Parsing item.
08-17-2022 @ 07:09:49 - Row :86 - Parsing failed. Reason: User with same Email already exists. Email: feroz.shah@khybercement.com
08-17-2022 @ 07:09:49 - Row :87 - Parsing item.
08-17-2022 @ 07:09:49 - Row :87 - Parsing failed. Reason: User with same Email already exists. Email: goel.sunil58@gmail.com
08-17-2022 @ 07:09:49 - Row :88 - Parsing item.
08-17-2022 @ 07:09:49 - Row :88 - Parsing failed. Reason: User with same Email already exists. Email: sadiq.ali@marico.com
08-17-2022 @ 07:09:49 - Row :89 - Parsing item.
08-17-2022 @ 07:09:49 - Row :89 - Parsing failed. Reason: User with same Email already exists. Email: rajdhanid156@gmail.com
08-17-2022 @ 07:09:49 - Row :90 - Parsing item.
08-17-2022 @ 07:09:49 - Row :90 - Parsing failed. Reason: User with same Email already exists. Email: r.dhruba@gmail.com
08-17-2022 @ 07:09:49 - Row :91 - Parsing item.
08-17-2022 @ 07:09:49 - Row :91 - Parsing failed. Reason: User with same Email already exists. Email: sviepr2022@gmail.com
08-17-2022 @ 07:09:49 - Row :92 - Parsing item.
08-17-2022 @ 07:09:49 - Row :92 - Parsing failed. Reason: User with same Email already exists. Email: simrantraders118@gmail.com
08-17-2022 @ 07:09:49 - Row :93 - Parsing item.
08-17-2022 @ 07:09:49 - Row :93 - Parsing failed. Reason: User with same Email already exists. Email: kakunjeplastipacks@gmail.com
08-17-2022 @ 07:09:49 - Row :94 - Parsing item.
08-17-2022 @ 07:09:49 - Row :94 - Parsing failed. Reason: User with same Email already exists. Email: kashishparewa@gmail.com
08-17-2022 @ 07:09:49 - Row :95 - Parsing item.
08-17-2022 @ 07:09:49 - Row :95 - Parsing failed. Reason: User with same Email already exists. Email: Ayushi_Keshri@cargill.com
08-17-2022 @ 07:09:49 - Row :96 - Parsing item.
08-17-2022 @ 07:09:49 - Row :96 - Parsing failed. Reason: User with same Email already exists. Email: info@srideverajaagro.com
08-17-2022 @ 07:09:49 - Row :97 - Parsing item.
08-17-2022 @ 07:09:49 - Row :97 - Parsing failed. Reason: User with same Email already exists. Email: solefins@gmail.com
08-17-2022 @ 07:09:49 - Row :98 - Parsing item.
08-17-2022 @ 07:09:49 - Row :98 - Parsing failed. Reason: User with same Email already exists. Email: kusumparewa@gmail.com
08-17-2022 @ 07:09:49 - Row :99 - Parsing item.
08-17-2022 @ 07:09:49 - Row :99 - Parsing failed. Reason: User with same Email already exists. Email: epr.radiantindustries@gmail.com
08-17-2022 @ 07:09:49 - Row :100 - Parsing item.
08-17-2022 @ 07:09:49 - Row :100 - Parsing failed. Reason: User with same Email already exists. Email: deepakjose90@gmail.com
08-17-2022 @ 07:09:50 - Preparing for import.
08-17-2022 @ 07:09:50 - Row :101 - Parsing item.
08-17-2022 @ 07:09:50 - Row :101 - Parsing failed. Reason: User with same Email already exists. Email: sahajanandplastic44@gmail.com
08-17-2022 @ 07:09:50 - Row :102 - Parsing item.
08-17-2022 @ 07:09:50 - Row :102 - Parsing failed. Reason: User with same Email already exists. Email: nidhigroup9@yahoo.com
08-17-2022 @ 07:09:50 - Row :103 - Parsing item.
08-17-2022 @ 07:09:50 - Row :103 - Parsing failed. Reason: User with same Email already exists. Email: REALPACKAGING2016@GMAIL.COM
08-17-2022 @ 07:09:50 - Row :104 - Parsing item.
08-17-2022 @ 07:09:50 - Row :104 - Parsing failed. Reason: User with same Email already exists. Email: bangalore_admin@appple.com
08-17-2022 @ 07:09:50 - Row :105 - Parsing item.
08-17-2022 @ 07:09:50 - Row :105 - Parsing failed. Reason: User with same Email already exists. Email: bangalore_admin@apple.com
08-17-2022 @ 07:09:50 - Row :106 - Parsing item.
08-17-2022 @ 07:09:50 - Row :106 - Parsing failed. Reason: User with same Email already exists. Email: r.salunkhe@venturesunlimited.in
08-17-2022 @ 07:09:50 - Row :107 - Parsing item.
08-17-2022 @ 07:09:50 - Row :107 - Parsing failed. Reason: User with same Email already exists. Email: jmdpools@yahoo.com
08-17-2022 @ 07:09:50 - Row :108 - Parsing item.
08-17-2022 @ 07:09:50 - Row :108 - Parsing failed. Reason: User with same Email already exists. Email: jeeteen1989@gmail.com
08-17-2022 @ 07:09:50 - Row :109 - Parsing item.
08-17-2022 @ 07:09:50 - Row :109 - Parsing failed. Reason: User with same Email already exists. Email: harish.nair@ldc.com
08-17-2022 @ 07:09:50 - Row :110 - Parsing item.
08-17-2022 @ 07:09:50 - Row :110 - Parsing failed. Reason: User with same Email already exists. Email: aftglobalpvtltd@gmail.com
08-17-2022 @ 07:09:50 - Row :111 - Parsing item.
08-17-2022 @ 07:09:50 - Row :111 - Parsing failed. Reason: User with same Email already exists. Email: subbaiah.pt@seslong.com
08-17-2022 @ 07:09:50 - Row :112 - Parsing item.
08-17-2022 @ 07:09:50 - Row :112 - Parsing failed. Reason: User with same Email already exists. Email: madhu8py@gmail.com
08-17-2022 @ 07:09:50 - Row :113 - Parsing item.
08-17-2022 @ 07:09:50 - Row :113 - Parsing failed. Reason: User with same Email already exists. Email: impexp.ssr@gmail.com
08-17-2022 @ 07:09:50 - Row :114 - Parsing item.
08-17-2022 @ 07:09:50 - Row :114 - Parsing failed. Reason: User with same Email already exists. Email: anand@kei-ind.com
08-17-2022 @ 07:09:50 - Row :115 - Parsing item.
08-17-2022 @ 07:09:50 - Row :115 - Parsing failed. Reason: User with same Email already exists. Email: jayakrishnan.nair@kcpt.co.in
08-17-2022 @ 07:09:50 - Row :116 - Parsing item.
08-17-2022 @ 07:09:50 - Row :116 - Parsing failed. Reason: User with same Email already exists. Email: shahid.ahmed@exuberoseals.com
08-17-2022 @ 07:09:50 - Row :117 - Parsing item.
08-17-2022 @ 07:09:50 - Row :117 - Parsing failed. Reason: User with same Email already exists. Email: rao@oppi.ttp.co.in
08-17-2022 @ 07:09:50 - Row :118 - Parsing item.
08-17-2022 @ 07:09:50 - Row :118 - Parsing failed. Reason: User with same Email already exists. Email: info@somindia.in
08-17-2022 @ 07:09:50 - Row :119 - Parsing item.
08-17-2022 @ 07:09:50 - Row :119 - Parsing failed. Reason: User with same Email already exists. Email: pramay.ekawade@abbott.com
08-17-2022 @ 07:09:50 - Row :120 - Parsing item.
08-17-2022 @ 07:09:50 - Row :120 - Parsing failed. Reason: User with same Email already exists. Email: kammajum@in.ibm.com
08-17-2022 @ 07:09:50 - Row :121 - Parsing item.
08-17-2022 @ 07:09:50 - Row :121 - Parsing failed. Reason: User with same Email already exists. Email: sukiplanning@sukicreations.com
08-17-2022 @ 07:09:50 - Row :122 - Parsing item.
08-17-2022 @ 07:09:50 - Row :122 - Parsing failed. Reason: User with same Email already exists. Email: aditi.jain@asianpaintsppg.com
08-17-2022 @ 07:09:50 - Row :123 - Parsing item.
08-17-2022 @ 07:09:50 - Row :123 - Parsing failed. Reason: User with same Email already exists. Email: rajesh.n.saraf@gmail.com
08-17-2022 @ 07:09:50 - Row :124 - Parsing item.
08-17-2022 @ 07:09:50 - Row :124 - Parsing failed. Reason: User with same Email already exists. Email: vijaikapoor@bagrrys.com
08-17-2022 @ 07:09:50 - Row :125 - Parsing item.
08-17-2022 @ 07:09:50 - Row :125 - Parsing failed. Reason: User with same Email already exists. Email: info@mrbinternational.com
08-17-2022 @ 07:09:50 - Row :126 - Parsing item.
08-17-2022 @ 07:09:50 - Row :126 - Parsing failed. Reason: User with same Email already exists. Email: corporate.hr@lavazza.co.in
08-17-2022 @ 07:09:50 - Row :127 - Parsing item.
08-17-2022 @ 07:09:50 - Row :127 - Parsing failed. Reason: User with same Email already exists. Email: scyadav@sk.com
08-17-2022 @ 07:09:50 - Row :128 - Parsing item.
08-17-2022 @ 07:09:50 - Row :128 - Parsing failed. Reason: User with same Email already exists. Email: himanshu@urdistree.com
08-17-2022 @ 07:09:50 - Row :129 - Parsing item.
08-17-2022 @ 07:09:50 - Row :129 - Parsing failed. Reason: User with same Email already exists. Email: vishnu.patil@tataautocomp.com
08-17-2022 @ 07:09:50 - Row :130 - Parsing item.
08-17-2022 @ 07:09:50 - Row :130 - Parsing failed. Reason: User with same Email already exists. Email: info@galaxypolyplast.in
08-17-2022 @ 07:09:50 - Row :131 - Parsing item.
08-17-2022 @ 07:09:50 - Row :131 - Parsing failed. Reason: User with same Email already exists. Email: praveenv@vibhaecopac.com
08-17-2022 @ 07:09:50 - Row :132 - Parsing item.
08-17-2022 @ 07:09:50 - Row :132 - Parsing failed. Reason: User with same Email already exists. Email: sanjay@hadfieldindustries.com
08-17-2022 @ 07:09:50 - Row :133 - Parsing item.
08-17-2022 @ 07:09:50 - Row :133 - Parsing failed. Reason: User with same Email already exists. Email: shashi.ranjan@poctservices.com
08-17-2022 @ 07:09:50 - Row :134 - Parsing item.
08-17-2022 @ 07:09:50 - Row :134 - Parsing failed. Reason: User with same Email already exists. Email: harikaza@friendsgroupindia.com
08-17-2022 @ 07:09:50 - Row :135 - Parsing item.
08-17-2022 @ 07:09:50 - Row :135 - Parsing failed. Reason: User with same Email already exists. Email: pcl_sethi@yahoo.in
08-17-2022 @ 07:09:50 - Row :136 - Parsing item.
08-17-2022 @ 07:09:50 - Row :136 - Parsing failed. Reason: User with same Email already exists. Email: veer.flexoprint@gmail.com
08-17-2022 @ 07:09:50 - Row :137 - Parsing item.
08-17-2022 @ 07:09:50 - Row :137 - Parsing failed. Reason: User with same Email already exists. Email: dhanvi_bellary@yahoo.co.in
08-17-2022 @ 07:09:50 - Row :138 - Parsing item.
08-17-2022 @ 07:09:50 - Row :138 - Parsing failed. Reason: User with same Email already exists. Email: Krishnatex14@gmail.com
08-17-2022 @ 07:09:50 - Row :139 - Parsing item.
08-17-2022 @ 07:09:50 - Row :139 - Parsing failed. Reason: User with same Email already exists. Email: environaegis@gmail.com
08-17-2022 @ 07:09:50 - Row :140 - Parsing item.
08-17-2022 @ 07:09:50 - Row :140 - Parsing failed. Reason: User with same Email already exists. Email: ANSHUL.GOEL@ALDEKOPANELS.COM
08-17-2022 @ 07:09:50 - Row :141 - Parsing item.
08-17-2022 @ 07:09:50 - Row :141 - Parsing failed. Reason: User with same Email already exists. Email: sandeepmore1020@gmail.com
08-17-2022 @ 07:09:50 - Row :142 - Parsing item.
08-17-2022 @ 07:09:50 - Row :142 - Parsing failed. Reason: User with same Email already exists. Email: GOPALKHAITAN123@HOTMAIL.COM
08-17-2022 @ 07:09:50 - Row :143 - Parsing item.
08-17-2022 @ 07:09:50 - Row :143 - Parsing failed. Reason: User with same Email already exists. Email: mcr.chinnah@gmail.com
08-17-2022 @ 07:09:50 - Row :144 - Parsing item.
08-17-2022 @ 07:09:50 - Row :144 - Parsing failed. Reason: User with same Email already exists. Email: narmadagroup@gmail.com
08-17-2022 @ 07:09:50 - Row :145 - Parsing item.
08-17-2022 @ 07:09:50 - Row :145 - Parsing failed. Reason: User with same Email already exists. Email: info.himanichemtech@gmail.com
08-17-2022 @ 07:09:50 - Row :146 - Parsing item.
08-17-2022 @ 07:09:50 - Row :146 - Parsing failed. Reason: User with same Email already exists. Email: vineetbagaria5544@gmail.com
08-17-2022 @ 07:09:50 - Row :147 - Parsing item.
08-17-2022 @ 07:09:50 - Row :147 - Parsing failed. Reason: User with same Email already exists. Email: hrd@rathnagroup.in
08-17-2022 @ 07:09:50 - Row :148 - Parsing item.
08-17-2022 @ 07:09:50 - Row :148 - Parsing failed. Reason: User with same Email already exists. Email: kswarna@in.ibm.com
08-17-2022 @ 07:09:50 - Row :149 - Parsing item.
08-17-2022 @ 07:09:50 - Row :149 - Parsing failed. Reason: User with same Email already exists. Email: kamal.aidasani@hyfunfoods.com
08-17-2022 @ 07:09:50 - Row :150 - Parsing item.
08-17-2022 @ 07:09:50 - Row :150 - Parsing failed. Reason: User with same Email already exists. Email: kushang@interkiln.co.uk
08-17-2022 @ 07:09:50 - Row :151 - Parsing item.
08-17-2022 @ 07:09:50 - Row :151 - Parsing failed. Reason: User with same Email already exists. Email: office@interkiln.com
08-17-2022 @ 07:09:50 - Row :152 - Parsing item.
08-17-2022 @ 07:09:50 - Row :152 - Parsing failed. Reason: User with same Email already exists. Email: iatkp@rediffmail.com
08-17-2022 @ 07:09:50 - Row :153 - Parsing item.
08-17-2022 @ 07:09:50 - Row :153 - Parsing failed. Reason: User with same Email already exists. Email: tacoverseas@gmail.com
08-17-2022 @ 07:09:50 - Row :154 - Parsing item.
08-17-2022 @ 07:09:50 - Row :154 - Parsing failed. Reason: User with same Email already exists. Email: inder@indocount.com
08-17-2022 @ 07:09:50 - Row :155 - Parsing item.
08-17-2022 @ 07:09:50 - Row :155 - Parsing failed. Reason: User with same Email already exists. Email: duttasubash6@gmail.com
08-17-2022 @ 07:09:50 - Row :156 - Parsing item.
08-17-2022 @ 07:09:50 - Row :156 - Parsing failed. Reason: User with same Email already exists. Email: manoj.ghagare@irco.com
08-17-2022 @ 07:09:50 - Row :157 - Parsing item.
08-17-2022 @ 07:09:50 - Row :157 - Parsing failed. Reason: User with same Email already exists. Email: pjangid358@gmail.com
08-17-2022 @ 07:09:50 - Row :158 - Parsing item.
08-17-2022 @ 07:09:50 - Row :158 - Parsing failed. Reason: User with same Email already exists. Email: vikassharma@kesarindia.com
08-17-2022 @ 07:09:50 - Row :159 - Parsing item.
08-17-2022 @ 07:09:50 - Row :159 - Parsing failed. Reason: User with same Email already exists. Email: atlasktm@gmail.com
08-17-2022 @ 07:09:50 - Row :160 - Parsing item.
08-17-2022 @ 07:09:50 - Row :160 - Parsing failed. Reason: User with same Email already exists. Email: rajesh@oraclegroup.net
08-17-2022 @ 07:09:50 - Row :161 - Parsing item.
08-17-2022 @ 07:09:50 - Row :161 - Parsing failed. Reason: User with same Email already exists. Email: dsl.nda@dsgroup.com
08-17-2022 @ 07:09:50 - Row :162 - Parsing item.
08-17-2022 @ 07:09:50 - Row :162 - Parsing failed. Reason: User with same Email already exists. Email: venu@rkworldinfocom.com
08-17-2022 @ 07:09:50 - Row :163 - Parsing item.
08-17-2022 @ 07:09:50 - Row :163 - Parsing failed. Reason: User with same Email already exists. Email: glitorium@gmail.com
08-17-2022 @ 07:09:50 - Row :164 - Parsing item.
08-17-2022 @ 07:09:50 - Row :164 - Parsing failed. Reason: User with same Email already exists. Email: aryanaquaipl@gmail.com
08-17-2022 @ 07:09:50 - Row :165 - Parsing item.
08-17-2022 @ 07:09:50 - Row :165 - Parsing failed. Reason: User with same Email already exists. Email: anughatwo2013@gmail.com
08-17-2022 @ 07:09:50 - Row :166 - Parsing item.
08-17-2022 @ 07:09:50 - Row :166 - Parsing failed. Reason: User with same Email already exists. Email: yogendra.panchal@ldc.com
08-17-2022 @ 07:09:50 - Row :167 - Parsing item.
08-17-2022 @ 07:09:50 - Row :167 - Parsing failed. Reason: User with same Email already exists. Email: pharcos11@gmail.com
08-17-2022 @ 07:09:50 - Row :168 - Parsing item.
08-17-2022 @ 07:09:50 - Row :168 - Parsing failed. Reason: User with same Email already exists. Email: siladitc@amazon.com
08-17-2022 @ 07:09:50 - Row :169 - Parsing item.
08-17-2022 @ 07:09:50 - Row :169 - Parsing failed. Reason: User with same Email already exists. Email: rajamram@amazon.com
08-17-2022 @ 07:09:50 - Row :170 - Parsing item.
08-17-2022 @ 07:09:50 - Row :170 - Parsing failed. Reason: User with same Email already exists. Email: SS948231@GMAIL.COM
08-17-2022 @ 07:09:50 - Row :171 - Parsing item.
08-17-2022 @ 07:09:50 - Row :171 - Parsing failed. Reason: User with same Email already exists. Email: harish.kanotra@redbull.com
08-17-2022 @ 07:09:50 - Row :172 - Parsing item.
08-17-2022 @ 07:09:50 - Row :172 - Parsing failed. Reason: User with same Email already exists. Email: archit.soni@abbott.com
08-17-2022 @ 07:09:50 - Row :173 - Parsing item.
08-17-2022 @ 07:09:50 - Row :173 - Parsing failed. Reason: User with same Email already exists. Email: CRAFTVAPI@GMAIL.COM
08-17-2022 @ 07:09:50 - Row :174 - Parsing item.
08-17-2022 @ 07:09:50 - Row :174 - Parsing failed. Reason: User with same Email already exists. Email: shlok@sudarshangroup.net
08-17-2022 @ 07:09:50 - Row :175 - Parsing item.
08-17-2022 @ 07:09:50 - Row :175 - Parsing failed. Reason: User with same Email already exists. Email: sinclairtraders@gmail.com
08-17-2022 @ 07:09:50 - Row :176 - Parsing item.
08-17-2022 @ 07:09:50 - Row :176 - Parsing failed. Reason: User with same Email already exists. Email: SHANHOT2003@YAHOO.COM
08-17-2022 @ 07:09:50 - Row :177 - Parsing item.
08-17-2022 @ 07:09:50 - Row :177 - Parsing failed. Reason: User with same Email already exists. Email: gallentktm@gmail.com
08-17-2022 @ 07:09:50 - Row :178 - Parsing item.
08-17-2022 @ 07:09:50 - Row :178 - Parsing failed. Reason: User with same Email already exists. Email: ravi@jaytea.com
08-17-2022 @ 07:09:50 - Row :179 - Parsing item.
08-17-2022 @ 07:09:50 - Row :179 - Parsing failed. Reason: User with same Email already exists. Email: info@spektacosmetics.com
08-17-2022 @ 07:09:50 - Row :180 - Parsing item.
08-17-2022 @ 07:09:50 - Row :180 - Parsing failed. Reason: User with same Email already exists. Email: gautam.ahuja@guhring.in
08-17-2022 @ 07:09:50 - Row :181 - Parsing item.
08-17-2022 @ 07:09:50 - Row :181 - Parsing failed. Reason: User with same Email already exists. Email: surender.wadhwa@albea-group.com
08-17-2022 @ 07:09:50 - Row :182 - Parsing item.
08-17-2022 @ 07:09:50 - Row :182 - Parsing failed. Reason: User with same Email already exists. Email: gaurav@nxpack.in
08-17-2022 @ 07:09:50 - Row :183 - Parsing item.
08-17-2022 @ 07:09:50 - Row :183 - Parsing failed. Reason: User with same Email already exists. Email: companysecretary.usi@gmail.com
08-17-2022 @ 07:09:50 - Row :184 - Parsing item.
08-17-2022 @ 07:09:50 - Row :184 - Parsing failed. Reason: User with same Email already exists. Email: suriyaimpexx@gmail.com
08-17-2022 @ 07:09:50 - Row :185 - Parsing item.
08-17-2022 @ 07:09:50 - Row :185 - Parsing failed. Reason: User with same Email already exists. Email: kasturiraj@grbdairyfood.com
08-17-2022 @ 07:09:50 - Row :186 - Parsing item.
08-17-2022 @ 07:09:50 - Row :186 - Parsing failed. Reason: User with same Email already exists. Email: navya@parvafoam.com
08-17-2022 @ 07:09:50 - Row :187 - Parsing item.
08-17-2022 @ 07:09:50 - Row :187 - Parsing failed. Reason: User with same Email already exists. Email: exim.crescent@gmail.com
08-17-2022 @ 07:09:50 - Row :188 - Parsing item.
08-17-2022 @ 07:09:50 - Row :188 - Parsing failed. Reason: User with same Email already exists. Email: sspolymeradoor@gmail.com
08-17-2022 @ 07:09:50 - Row :189 - Parsing item.
08-17-2022 @ 07:09:50 - Row :189 - Parsing failed. Reason: User with same Email already exists. Email: kalpesh948@gmail.com
08-17-2022 @ 07:09:50 - Row :190 - Parsing item.
08-17-2022 @ 07:09:50 - Row :190 - Parsing failed. Reason: User with same Email already exists. Email: vinay.kumar2@adani.com
08-17-2022 @ 07:09:50 - Row :191 - Parsing item.
08-17-2022 @ 07:09:50 - Row :191 - Parsing failed. Reason: User with same Email already exists. Email: jaidev.singh@carriermidea.com
08-17-2022 @ 07:09:50 - Row :192 - Parsing item.
08-17-2022 @ 07:09:50 - Row :192 - Parsing failed. Reason: User with same Email already exists. Email: ccd.epr@crystalcontainers.com
08-17-2022 @ 07:09:50 - Row :193 - Parsing item.
08-17-2022 @ 07:09:50 - Row :193 - Parsing failed. Reason: User with same Email already exists. Email: gamapackaging2021@gmail.com
08-17-2022 @ 07:09:50 - Row :194 - Parsing item.
08-17-2022 @ 07:09:50 - Row :194 - Parsing failed. Reason: User with same Email already exists. Email: msaraswat@ancorottiindia.com
08-17-2022 @ 07:09:50 - Row :195 - Parsing item.
08-17-2022 @ 07:09:50 - Row :195 - Parsing failed. Reason: User with same Email already exists. Email: Craftpac18@gmail.com
08-17-2022 @ 07:09:50 - Row :196 - Parsing item.
08-17-2022 @ 07:09:50 - Row :196 - Parsing failed. Reason: User with same Email already exists. Email: samirk.samal@abdosindia.com
08-17-2022 @ 07:09:50 - Row :197 - Parsing item.
08-17-2022 @ 07:09:50 - Row :197 - Parsing failed. Reason: User with same Email already exists. Email: Chetaram.Sharma@cipla.com
08-17-2022 @ 07:09:50 - Row :198 - Parsing item.
08-17-2022 @ 07:09:50 - Row :198 - Parsing failed. Reason: User with same Email already exists. Email: legal@urmingroup.com
08-17-2022 @ 07:09:50 - Row :199 - Parsing item.
08-17-2022 @ 07:09:50 - Row :199 - Parsing failed. Reason: User with same Email already exists. Email: SUNILPUVATHIL@GMAIL.COM
08-17-2022 @ 07:09:50 - Row :200 - Parsing item.
08-17-2022 @ 07:09:50 - Row :200 - Parsing failed. Reason: User with same Email already exists. Email: Madhur_G@asus.com
08-17-2022 @ 07:09:50 - Preparing for import.
08-17-2022 @ 07:09:50 - Row :201 - Parsing item.
08-17-2022 @ 07:09:50 - Row :201 - Parsing failed. Reason: User with same Email already exists. Email: garg_0@rediffmail.com
08-17-2022 @ 07:09:50 - Row :202 - Parsing item.
08-17-2022 @ 07:09:50 - Row :202 - Parsing failed. Reason: User with same Email already exists. Email: padmapolymers99@gmail.com
08-17-2022 @ 07:09:50 - Row :203 - Parsing item.
08-17-2022 @ 07:09:50 - Row :203 - Parsing failed. Reason: User with same Email already exists. Email: caretrikuta@gmail.com
08-17-2022 @ 07:09:50 - Row :204 - Parsing item.
08-17-2022 @ 07:09:50 - Row :204 - Parsing failed. Reason: User with same Email already exists. Email: smplastpondy@gmail.com
08-17-2022 @ 07:09:50 - Row :205 - Parsing item.
08-17-2022 @ 07:09:50 - Row :205 - Parsing failed. Reason: User with same Email already exists. Email: kkeshav@grouppharma.in
08-17-2022 @ 07:09:50 - Row :206 - Parsing item.
08-17-2022 @ 07:09:50 - Row :206 - Parsing failed. Reason: User with same Email already exists. Email: online@befach.com
08-17-2022 @ 07:09:50 - Row :207 - Parsing item.
08-17-2022 @ 07:09:50 - Row :207 - Parsing failed. Reason: User with same Email already exists. Email: sahil@rgimeditech.com
08-17-2022 @ 07:09:50 - Row :208 - Parsing item.
08-17-2022 @ 07:09:50 - Row :208 - Parsing failed. Reason: User with same Email already exists. Email: corp@kinetic-taigene.com
08-17-2022 @ 07:09:50 - Row :209 - Parsing item.
08-17-2022 @ 07:09:50 - Row :209 - Parsing failed. Reason: User with same Email already exists. Email: indraneel.chitale@chitalebandhu.in
08-17-2022 @ 07:09:50 - Row :210 - Parsing item.
08-17-2022 @ 07:09:50 - Row :210 - Parsing failed. Reason: User with same Email already exists. Email: mkmunni@kinetic-taigene.com
08-17-2022 @ 07:09:50 - Row :211 - Parsing item.
08-17-2022 @ 07:09:50 - Row :211 - Parsing failed. Reason: User with same Email already exists. Email: purchasesm3@kinetic-taigene.com
08-17-2022 @ 07:09:50 - Row :212 - Parsing item.
08-17-2022 @ 07:09:50 - Row :212 - Parsing failed. Reason: User with same Email already exists. Email: rameshplastic2015@gmail.com
08-17-2022 @ 07:09:50 - Row :213 - Parsing item.
08-17-2022 @ 07:09:50 - Row :213 - Parsing failed. Reason: User with same Email already exists. Email: preethi.r@cavinkare.com
08-17-2022 @ 07:09:50 - Row :214 - Parsing item.
08-17-2022 @ 07:09:50 - Row :214 - Parsing failed. Reason: User with same Email already exists. Email: SHREESHANKARPLASTICS@REDIFFMAIL.COM
08-17-2022 @ 07:09:50 - Row :215 - Parsing item.
08-17-2022 @ 07:09:50 - Row :215 - Parsing failed. Reason: User with same Email already exists. Email: shivampolymers@gmail.com
08-17-2022 @ 07:09:50 - Row :216 - Parsing item.
08-17-2022 @ 07:09:50 - Row :216 - Parsing failed. Reason: User with same Email already exists. Email: pankajarora@lbpl.in
08-17-2022 @ 07:09:50 - Row :217 - Parsing item.
08-17-2022 @ 07:09:50 - Row :217 - Parsing failed. Reason: User with same Email already exists. Email: subodhgupta@dizo.net
08-17-2022 @ 07:09:50 - Row :218 - Parsing item.
08-17-2022 @ 07:09:50 - Row :218 - Parsing failed. Reason: User with same Email already exists. Email: vjamwal07@yahoo.co.in
08-17-2022 @ 07:09:50 - Row :219 - Parsing item.
08-17-2022 @ 07:09:50 - Row :219 - Parsing failed. Reason: User with same Email already exists. Email: Hemant.Saraswat@adm.com
08-17-2022 @ 07:09:50 - Row :220 - Parsing item.
08-17-2022 @ 07:09:50 - Row :220 - Parsing failed. Reason: User with same Email already exists. Email: vishal.jam@rediffmail.com
08-17-2022 @ 07:09:50 - Row :221 - Parsing item.
08-17-2022 @ 07:09:50 - Row :221 - Parsing failed. Reason: User with same Email already exists. Email: ananthkumar@atiautoparts.co.in
08-17-2022 @ 07:09:50 - Row :222 - Parsing item.
08-17-2022 @ 07:09:50 - Row :222 - Parsing failed. Reason: User with same Email already exists. Email: sales.dukeappliances@gmail.com
08-17-2022 @ 07:09:50 - Row :223 - Parsing item.
08-17-2022 @ 07:09:50 - Row :223 - Parsing failed. Reason: User with same Email already exists. Email: aqsastamping@rocketmail.com
08-17-2022 @ 07:09:50 - Row :224 - Parsing item.
08-17-2022 @ 07:09:50 - Row :224 - Parsing failed. Reason: User with same Email already exists. Email: subham.india@outlook.com
08-17-2022 @ 07:09:50 - Row :225 - Parsing item.
08-17-2022 @ 07:09:50 - Row :225 - Parsing failed. Reason: User with same Email already exists. Email: ASHWANI.SEHGAL10@GMAIL.COM
08-17-2022 @ 07:09:50 - Row :226 - Parsing item.
08-17-2022 @ 07:09:50 - Row :226 - Parsing failed. Reason: User with same Email already exists. Email: anand.thakur@kei-ind.com
08-17-2022 @ 07:09:50 - Row :227 - Parsing item.
08-17-2022 @ 07:09:50 - Row :227 - Parsing failed. Reason: User with same Email already exists. Email: gupta.sunil@jainfarmfresh.com
08-17-2022 @ 07:09:50 - Row :228 - Parsing item.
08-17-2022 @ 07:09:50 - Row :228 - Parsing failed. Reason: User with same Email already exists. Email: ACCOUNTS1@POSITEX.IN
08-17-2022 @ 07:09:50 - Row :229 - Parsing item.
08-17-2022 @ 07:09:50 - Row :229 - Parsing failed. Reason: User with same Email already exists. Email: arvind.singh3@abbott.com
08-17-2022 @ 07:09:50 - Row :230 - Parsing item.
08-17-2022 @ 07:09:50 - Row :230 - Parsing failed. Reason: User with same Email already exists. Email: eprpghp.im@pg.com
08-17-2022 @ 07:09:50 - Row :231 - Parsing item.
08-17-2022 @ 07:09:50 - Row :231 - Parsing failed. Reason: User with same Email already exists. Email: apil@apilindia.com
08-17-2022 @ 07:09:50 - Row :232 - Parsing item.
08-17-2022 @ 07:09:50 - Row :232 - Parsing failed. Reason: User with same Email already exists. Email: sharma.sv@pg.com
08-17-2022 @ 07:09:50 - Row :233 - Parsing item.
08-17-2022 @ 07:09:50 - Row :233 - Parsing failed. Reason: User with same Email already exists. Email: patel.n.24@pg.com
08-17-2022 @ 07:09:50 - Row :234 - Parsing item.
08-17-2022 @ 07:09:50 - Row :234 - Parsing failed. Reason: User with same Email already exists. Email: laxmiventure@gmail.com
08-17-2022 @ 07:09:50 - Row :235 - Parsing item.
08-17-2022 @ 07:09:50 - Row :235 - Parsing failed. Reason: User with same Email already exists. Email: indersingh@ramagroup.co.in
08-17-2022 @ 07:09:50 - Row :236 - Parsing item.
08-17-2022 @ 07:09:50 - Row :236 - Parsing failed. Reason: User with same Email already exists. Email: shyamlplnoida@gmail.com
08-17-2022 @ 07:09:50 - Row :237 - Parsing item.
08-17-2022 @ 07:09:50 - Row :237 - Parsing failed. Reason: User with same Email already exists. Email: MSGENTERPRISES1971@GMAIL.COM
08-17-2022 @ 07:09:50 - Row :238 - Parsing item.
08-17-2022 @ 07:09:50 - Row :238 - Parsing failed. Reason: User with same Email already exists. Email: rctimdp@gmail.com
08-17-2022 @ 07:09:50 - Row :239 - Parsing item.
08-17-2022 @ 07:09:50 - Row :239 - Parsing failed. Reason: User with same Email already exists. Email: dhanvi1969bly@gmail.com
08-17-2022 @ 07:09:50 - Row :240 - Parsing item.
08-17-2022 @ 07:09:50 - Row :240 - Parsing failed. Reason: User with same Email already exists. Email: amit.salagare@nouryon.com
08-17-2022 @ 07:09:50 - Row :241 - Parsing item.
08-17-2022 @ 07:09:50 - Row :241 - Parsing failed. Reason: User with same Email already exists. Email: praveen.ls@niproindia.com
08-17-2022 @ 07:09:50 - Row :242 - Parsing item.
08-17-2022 @ 07:09:50 - Row :242 - Parsing failed. Reason: User with same Email already exists. Email: vpdubey@doctorsoap.com
08-17-2022 @ 07:09:50 - Row :243 - Parsing item.
08-17-2022 @ 07:09:50 - Row :243 - Parsing failed. Reason: User with same Email already exists. Email: jaiinternational.info@gmail.com
08-17-2022 @ 07:09:50 - Row :244 - Parsing item.
08-17-2022 @ 07:09:50 - Row :244 - Parsing failed. Reason: User with same Email already exists. Email: yashrotoprint@yahoo.com
08-17-2022 @ 07:09:50 - Row :245 - Parsing item.
08-17-2022 @ 07:09:50 - Row :245 - Parsing failed. Reason: User with same Email already exists. Email: sj@decora.in
08-17-2022 @ 07:09:50 - Row :246 - Parsing item.
08-17-2022 @ 07:09:50 - Row :246 - Parsing failed. Reason: User with same Email already exists. Email: deendayalfoodspvt.ltd@gmail.com
08-17-2022 @ 07:09:50 - Row :247 - Parsing item.
08-17-2022 @ 07:09:50 - Row :247 - Parsing failed. Reason: User with same Email already exists. Email: sonajellies@gmail.com
08-17-2022 @ 07:09:50 - Row :248 - Parsing item.
08-17-2022 @ 07:09:50 - Row :248 - Parsing failed. Reason: User with same Email already exists. Email: impexthomson@yahoo.com
08-17-2022 @ 07:09:50 - Row :249 - Parsing item.
08-17-2022 @ 07:09:50 - Row :249 - Parsing failed. Reason: User with same Email already exists. Email: abhishek@lexlabs.xyz
08-17-2022 @ 07:09:50 - Row :250 - Parsing item.
08-17-2022 @ 07:09:50 - Row :250 - Parsing failed. Reason: User with same Email already exists. Email: Ajaysood@herocycles.com
08-17-2022 @ 07:09:50 - Row :251 - Parsing item.
08-17-2022 @ 07:09:50 - Row :251 - Parsing failed. Reason: User with same Email already exists. Email: rahul_trade@yahoo.com
08-17-2022 @ 07:09:50 - Row :252 - Parsing item.
08-17-2022 @ 07:09:50 - Row :252 - Parsing failed. Reason: User with same Email already exists. Email: parvinder.kumar@bikano.com
08-17-2022 @ 07:09:50 - Row :253 - Parsing item.
08-17-2022 @ 07:09:50 - Row :253 - Parsing failed. Reason: User with same Email already exists. Email: hr.jdsingh@gmail.com
08-17-2022 @ 07:09:50 - Row :254 - Parsing item.
08-17-2022 @ 07:09:50 - Row :254 - Parsing failed. Reason: User with same Email already exists. Email: arvind.gupta@rajdhanibesan.com
08-17-2022 @ 07:09:50 - Row :255 - Parsing item.
08-17-2022 @ 07:09:50 - Row :255 - Parsing failed. Reason: User with same Email already exists. Email: cubicmodular14@gmail.com
08-17-2022 @ 07:09:50 - Row :256 - Parsing item.
08-17-2022 @ 07:09:50 - Row :256 - Parsing failed. Reason: User with same Email already exists. Email: jigar.kothari1@gmail.com
08-17-2022 @ 07:09:50 - Row :257 - Parsing item.
08-17-2022 @ 07:09:50 - Row :257 - Parsing failed. Reason: User with same Email already exists. Email: guru@veg-olution.com
08-17-2022 @ 07:09:50 - Row :258 - Parsing item.
08-17-2022 @ 07:09:50 - Row :258 - Parsing failed. Reason: User with same Email already exists. Email: rajkamal@vasantmasala.com
08-17-2022 @ 07:09:50 - Row :259 - Parsing item.
08-17-2022 @ 07:09:50 - Row :259 - Parsing failed. Reason: User with same Email already exists. Email: hanskejio@rediffmail.com
08-17-2022 @ 07:09:50 - Row :260 - Parsing item.
08-17-2022 @ 07:09:50 - Row :260 - Parsing failed. Reason: User with same Email already exists. Email: mahavir.chem.caps@gmail.com
08-17-2022 @ 07:09:50 - Row :261 - Parsing item.
08-17-2022 @ 07:09:50 - Row :261 - Parsing failed. Reason: User with same Email already exists. Email: qc@varnicaherbs.com
08-17-2022 @ 07:09:50 - Row :262 - Parsing item.
08-17-2022 @ 07:09:50 - Row :262 - Parsing failed. Reason: User with same Email already exists. Email: rajleo1972@gmail.com
08-17-2022 @ 07:09:50 - Row :263 - Parsing item.
08-17-2022 @ 07:09:50 - Row :263 - Parsing failed. Reason: User with same Email already exists. Email: epicdrugs@outlook.com
08-17-2022 @ 07:09:50 - Row :264 - Parsing item.
08-17-2022 @ 07:09:50 - Row :264 - Parsing failed. Reason: User with same Email already exists. Email: saurabh.singh@guardian.com
08-17-2022 @ 07:09:50 - Row :265 - Parsing item.
08-17-2022 @ 07:09:50 - Row :265 - Parsing failed. Reason: User with same Email already exists. Email: reemasilky8287@gmail.com
08-17-2022 @ 07:09:50 - Row :266 - Parsing item.
08-17-2022 @ 07:09:50 - Row :266 - Parsing failed. Reason: User with same Email already exists. Email: prashant.bhale@lge.com
08-17-2022 @ 07:09:50 - Row :267 - Parsing item.
08-17-2022 @ 07:09:50 - Row :267 - Parsing failed. Reason: User with same Email already exists. Email: goldenenterprises475@gmail.com
08-17-2022 @ 07:09:50 - Row :268 - Parsing item.
08-17-2022 @ 07:09:50 - Row :268 - Parsing failed. Reason: User with same Email already exists. Email: vishal.chopra3642@gmail.com
08-17-2022 @ 07:09:50 - Row :269 - Parsing item.
08-17-2022 @ 07:09:50 - Row :269 - Parsing failed. Reason: User with same Email already exists. Email: cepac.pkg@gmail.com
08-17-2022 @ 07:09:50 - Row :270 - Parsing item.
08-17-2022 @ 07:09:50 - Row :270 - Parsing failed. Reason: User with same Email already exists. Email: dhruvreprocesspvtltd123@gmail.com
08-17-2022 @ 07:09:50 - Row :271 - Parsing item.
08-17-2022 @ 07:09:50 - Row :271 - Parsing failed. Reason: User with same Email already exists. Email: nidixa724@iconzap.com
08-17-2022 @ 07:09:50 - Row :272 - Parsing item.
08-17-2022 @ 07:09:50 - Row :272 - Parsing failed. Reason: User with same Email already exists. Email: mahendra.singh@templepackaging.co.in
08-17-2022 @ 07:09:50 - Row :273 - Parsing item.
08-17-2022 @ 07:09:50 - Row :273 - Parsing failed. Reason: User with same Email already exists. Email: hitendrap@india.switzgroup.com
08-17-2022 @ 07:09:50 - Row :274 - Parsing item.
08-17-2022 @ 07:09:50 - Row :274 - Parsing failed. Reason: User with same Email already exists. Email: nirankari_rosshan@yahoo.com
08-17-2022 @ 07:09:50 - Row :275 - Parsing item.
08-17-2022 @ 07:09:50 - Row :275 - Parsing failed. Reason: User with same Email already exists. Email: packaging.dispo@gmail.com
08-17-2022 @ 07:09:50 - Row :276 - Parsing item.
08-17-2022 @ 07:09:50 - Row :276 - Parsing failed. Reason: User with same Email already exists. Email: corporatearkca@gmail.com
08-17-2022 @ 07:09:50 - Row :277 - Parsing item.
08-17-2022 @ 07:09:50 - Row :277 - Parsing failed. Reason: User with same Email already exists. Email: lokesh.palan@ril.com
08-17-2022 @ 07:09:50 - Row :278 - Parsing item.
08-17-2022 @ 07:09:50 - Row :278 - Parsing failed. Reason: User with same Email already exists. Email: K.c.sharma@kei-ind.com
08-17-2022 @ 07:09:50 - Row :279 - Parsing item.
08-17-2022 @ 07:09:50 - Row :279 - Parsing failed. Reason: User with same Email already exists. Email: viditveeryadav@gmail.com
08-17-2022 @ 07:09:50 - Row :280 - Parsing item.
08-17-2022 @ 07:09:50 - Row :280 - Parsing failed. Reason: User with same Email already exists. Email: chahat1610@gmail.com
08-17-2022 @ 07:09:50 - Row :281 - Parsing item.
08-17-2022 @ 07:09:50 - Row :281 - Parsing failed. Reason: User with same Email already exists. Email: voxoto1829@syswift.com
08-17-2022 @ 07:09:50 - Row :282 - Parsing item.
08-17-2022 @ 07:09:50 - Row :282 - Parsing failed. Reason: User with same Email already exists. Email: sharmashantam45@gmail.com
08-17-2022 @ 07:09:50 - Row :283 - Parsing item.
08-17-2022 @ 07:09:50 - Row :283 - Parsing failed. Reason: User with same Email already exists. Email: moideen.shaikh@ril.com
08-17-2022 @ 07:09:50 - Row :284 - Parsing item.
08-17-2022 @ 07:09:50 - Row :284 - Parsing failed. Reason: User with same Email already exists. Email: shruti.vartak@clarks.in
08-17-2022 @ 07:09:50 - Row :285 - Parsing item.
08-17-2022 @ 07:09:50 - Row :285 - Parsing failed. Reason: User with same Email already exists. Email: richa.priyamvada@ril.com
08-17-2022 @ 07:09:50 - Row :286 - Parsing item.
08-17-2022 @ 07:09:50 - Row :286 - Parsing failed. Reason: User with same Email already exists. Email: yash.baheti@ril.com
08-17-2022 @ 07:09:50 - Row :287 - Parsing item.
08-17-2022 @ 07:09:50 - Row :287 - Parsing failed. Reason: User with same Email already exists. Email: mayank8.gupta@ril.com
08-17-2022 @ 07:09:50 - Row :288 - Parsing item.
08-17-2022 @ 07:09:50 - Row :288 - Parsing failed. Reason: User with same Email already exists. Email: MANMEET@EIKAEBANA.COM
08-17-2022 @ 07:09:50 - Row :289 - Parsing item.
08-17-2022 @ 07:09:50 - Row :289 - Parsing failed. Reason: User with same Email already exists. Email: sarabjeet2.singh@ril.com
08-17-2022 @ 07:09:50 - Row :290 - Parsing item.
08-17-2022 @ 07:09:50 - Row :290 - Parsing failed. Reason: User with same Email already exists. Email: nitish3.bhardwaj@ril.com
08-17-2022 @ 07:09:50 - Row :291 - Parsing item.
08-17-2022 @ 07:09:50 - Row :291 - Parsing failed. Reason: User with same Email already exists. Email: kintal.kamtam@ril.com
08-17-2022 @ 07:09:50 - Row :292 - Parsing item.
08-17-2022 @ 07:09:50 - Row :292 - Parsing failed. Reason: User with same Email already exists. Email: purchase@lorvengroup.in
08-17-2022 @ 07:09:50 - Row :293 - Parsing item.
08-17-2022 @ 07:09:50 - Row :293 - Parsing failed. Reason: User with same Email already exists. Email: aftab.syed@ril.com
08-17-2022 @ 07:09:50 - Row :294 - Parsing item.
08-17-2022 @ 07:09:50 - Row :294 - Parsing failed. Reason: User with same Email already exists. Email: hirak.shah@ril.com
08-17-2022 @ 07:09:50 - Row :295 - Parsing item.
08-17-2022 @ 07:09:50 - Row :295 - Parsing failed. Reason: User with same Email already exists. Email: santosh.vishwakarma@asianpaintsppg.com
08-17-2022 @ 07:09:50 - Row :296 - Parsing item.
08-17-2022 @ 07:09:50 - Row :296 - Parsing failed. Reason: User with same Email already exists. Email: abhishek2.ojha@ril.com
08-17-2022 @ 07:09:50 - Row :297 - Parsing item.
08-17-2022 @ 07:09:50 - Row :297 - Parsing failed. Reason: User with same Email already exists. Email: vanitha.sridhar@tatastarbucks.com
08-17-2022 @ 07:09:50 - Row :298 - Parsing item.
08-17-2022 @ 07:09:50 - Row :298 - Parsing failed. Reason: User with same Email already exists. Email: reema8287174687@gmail.com
08-17-2022 @ 07:09:50 - Row :299 - Parsing item.
08-17-2022 @ 07:09:50 - Row :299 - Parsing failed. Reason: User with same Email already exists. Email: dispatch.tppl@mdpet.in
08-17-2022 @ 07:09:50 - Row :300 - Parsing item.
08-17-2022 @ 07:09:50 - Row :300 - Parsing failed. Reason: User with same Email already exists. Email: info@plastobag.in
08-17-2022 @ 07:09:51 - Preparing for import.
08-17-2022 @ 07:09:51 - Row :301 - Parsing item.
08-17-2022 @ 07:09:51 - Row :301 - Parsing failed. Reason: User with same Email already exists. Email: suman_polypack@yahoo.in
08-17-2022 @ 07:09:51 - Row :302 - Parsing item.
08-17-2022 @ 07:09:51 - Row :302 - Parsing failed. Reason: User with same Email already exists. Email: info@regalkitchen.in
08-17-2022 @ 07:09:51 - Row :303 - Parsing item.
08-17-2022 @ 07:09:51 - Row :303 - Parsing failed. Reason: User with same Email already exists. Email: ehs@bajajelectricals.com
08-17-2022 @ 07:09:51 - Row :304 - Parsing item.
08-17-2022 @ 07:09:51 - Row :304 - Parsing failed. Reason: User with same Email already exists. Email: finance@futuristic.net.in
08-17-2022 @ 07:09:51 - Row :305 - Parsing item.
08-17-2022 @ 07:09:51 - Row :305 - Parsing failed. Reason: User with same Email already exists. Email: patil.rajesh@bajajelectricals.com
08-17-2022 @ 07:09:51 - Row :306 - Parsing item.
08-17-2022 @ 07:09:51 - Row :306 - Parsing failed. Reason: User with same Email already exists. Email: quality@viipl.in
08-17-2022 @ 07:09:51 - Row :307 - Parsing item.
08-17-2022 @ 07:09:51 - Row :307 - Parsing failed. Reason: User with same Email already exists. Email: Vaibhav.Rajemahadik@redbull.com
08-17-2022 @ 07:09:51 - Row :308 - Parsing item.
08-17-2022 @ 07:09:51 - Row :308 - Parsing failed. Reason: User with same Email already exists. Email: accounts@metromilk.in
08-17-2022 @ 07:09:51 - Row :309 - Parsing item.
08-17-2022 @ 07:09:51 - Row :309 - Parsing failed. Reason: User with same Email already exists. Email: debakanta.dash@adm.com
08-17-2022 @ 07:09:51 - Row :310 - Parsing item.
08-17-2022 @ 07:09:51 - Row :310 - Parsing failed. Reason: User with same Email already exists. Email: OSRT1980@GMAIL.COM
08-17-2022 @ 07:09:51 - Row :311 - Parsing item.
08-17-2022 @ 07:09:51 - Row :311 - Processing item.
08-17-2022 @ 07:09:51 - Processing users.
08-17-2022 @ 07:09:53 - > &#8220;958&#8221;User imported successfully. ID:958
08-17-2022 @ 07:09:53 - > Finished importing user 958
08-17-2022 @ 07:09:53 - Row :311 - User imported successfully.
08-17-2022 @ 07:09:53 - Row :312 - Parsing item.
08-17-2022 @ 07:09:53 - Row :312 - Processing item.
08-17-2022 @ 07:09:53 - Processing users.
08-17-2022 @ 07:09:55 - > &#8220;959&#8221;User imported successfully. ID:959
08-17-2022 @ 07:09:55 - > Finished importing user 959
08-17-2022 @ 07:09:55 - Row :312 - User imported successfully.
08-17-2022 @ 07:09:55 - Row :313 - Parsing item.
08-17-2022 @ 07:09:55 - Row :313 - Processing item.
08-17-2022 @ 07:09:55 - Processing users.
08-17-2022 @ 07:09:57 - > &#8220;960&#8221;User imported successfully. ID:960
08-17-2022 @ 07:09:57 - > Finished importing user 960
08-17-2022 @ 07:09:57 - Row :313 - User imported successfully.
08-17-2022 @ 07:09:57 - Row :314 - Parsing item.
08-17-2022 @ 07:09:57 - Row :314 - Processing item.
08-17-2022 @ 07:09:57 - Processing users.
08-17-2022 @ 07:10:00 - > &#8220;961&#8221;User imported successfully. ID:961
08-17-2022 @ 07:10:00 - > Finished importing user 961
08-17-2022 @ 07:10:00 - Row :314 - User imported successfully.
08-17-2022 @ 07:10:00 - Row :315 - Parsing item.
08-17-2022 @ 07:10:00 - Row :315 - Processing item.
08-17-2022 @ 07:10:00 - Processing users.
08-17-2022 @ 07:10:02 - > &#8220;962&#8221;User imported successfully. ID:962
08-17-2022 @ 07:10:02 - > Finished importing user 962
08-17-2022 @ 07:10:02 - Row :315 - User imported successfully.
08-17-2022 @ 07:10:02 - Row :316 - Parsing item.
08-17-2022 @ 07:10:02 - Row :316 - Processing item.
08-17-2022 @ 07:10:02 - Processing users.
08-17-2022 @ 07:10:05 - > &#8220;963&#8221;User imported successfully. ID:963
08-17-2022 @ 07:10:05 - > Finished importing user 963
08-17-2022 @ 07:10:05 - Row :316 - User imported successfully.
08-17-2022 @ 07:10:05 - Row :317 - Parsing item.
08-17-2022 @ 07:10:05 - Row :317 - Processing item.
08-17-2022 @ 07:10:05 - Processing users.
08-17-2022 @ 07:10:07 - > &#8220;964&#8221;User imported successfully. ID:964
08-17-2022 @ 07:10:07 - > Finished importing user 964
08-17-2022 @ 07:10:07 - Row :317 - User imported successfully.
08-17-2022 @ 07:10:07 - Row :318 - Parsing item.
08-17-2022 @ 07:10:07 - Row :318 - Processing item.
08-17-2022 @ 07:10:07 - Processing users.
08-17-2022 @ 07:10:09 - > &#8220;965&#8221;User imported successfully. ID:965
08-17-2022 @ 07:10:09 - > Finished importing user 965
08-17-2022 @ 07:10:09 - Row :318 - User imported successfully.
08-17-2022 @ 07:10:09 - Row :319 - Parsing item.
08-17-2022 @ 07:10:09 - Row :319 - Processing item.
08-17-2022 @ 07:10:09 - Processing users.
08-17-2022 @ 07:10:12 - > &#8220;966&#8221;User imported successfully. ID:966
08-17-2022 @ 07:10:12 - > Finished importing user 966
08-17-2022 @ 07:10:12 - Row :319 - User imported successfully.
08-17-2022 @ 07:10:12 - Row :320 - Parsing item.
08-17-2022 @ 07:10:12 - Row :320 - Processing item.
08-17-2022 @ 07:10:12 - Processing users.
08-17-2022 @ 07:10:14 - > &#8220;967&#8221;User imported successfully. ID:967
08-17-2022 @ 07:10:14 - > Finished importing user 967
08-17-2022 @ 07:10:14 - Row :320 - User imported successfully.
08-17-2022 @ 07:10:14 - Row :321 - Parsing item.
08-17-2022 @ 07:10:14 - Row :321 - Processing item.
08-17-2022 @ 07:10:14 - Processing users.
08-17-2022 @ 07:10:17 - > &#8220;968&#8221;User imported successfully. ID:968
08-17-2022 @ 07:10:17 - > Finished importing user 968
08-17-2022 @ 07:10:17 - Row :321 - User imported successfully.
08-17-2022 @ 07:10:17 - Row :322 - Parsing item.
08-17-2022 @ 07:10:17 - Row :322 - Processing item.
08-17-2022 @ 07:10:17 - Processing users.
08-17-2022 @ 07:10:19 - > &#8220;969&#8221;User imported successfully. ID:969
08-17-2022 @ 07:10:19 - > Finished importing user 969
08-17-2022 @ 07:10:19 - Row :322 - User imported successfully.
08-17-2022 @ 07:10:19 - Row :323 - Parsing item.
08-17-2022 @ 07:10:19 - Row :323 - Processing item.
08-17-2022 @ 07:10:19 - Processing users.
08-17-2022 @ 07:10:22 - > &#8220;970&#8221;User imported successfully. ID:970
08-17-2022 @ 07:10:22 - > Finished importing user 970
08-17-2022 @ 07:10:22 - Row :323 - User imported successfully.
08-17-2022 @ 07:10:22 - Row :324 - Parsing item.
08-17-2022 @ 07:10:22 - Row :324 - Processing item.
08-17-2022 @ 07:10:22 - Processing users.
08-17-2022 @ 07:10:25 - > &#8220;971&#8221;User imported successfully. ID:971
08-17-2022 @ 07:10:25 - > Finished importing user 971
08-17-2022 @ 07:10:25 - Row :324 - User imported successfully.
08-17-2022 @ 07:10:25 - Row :325 - Parsing item.
08-17-2022 @ 07:10:25 - Row :325 - Processing item.
08-17-2022 @ 07:10:25 - Processing users.
08-17-2022 @ 07:10:28 - > &#8220;972&#8221;User imported successfully. ID:972
08-17-2022 @ 07:10:28 - > Finished importing user 972
08-17-2022 @ 07:10:28 - Row :325 - User imported successfully.
08-17-2022 @ 07:10:28 - Row :326 - Parsing item.
08-17-2022 @ 07:10:28 - Row :326 - Processing item.
08-17-2022 @ 07:10:28 - Processing users.
08-17-2022 @ 07:10:31 - > &#8220;973&#8221;User imported successfully. ID:973
08-17-2022 @ 07:10:31 - > Finished importing user 973
08-17-2022 @ 07:10:31 - Row :326 - User imported successfully.
08-17-2022 @ 07:10:31 - Row :327 - Parsing item.
08-17-2022 @ 07:10:31 - Row :327 - Processing item.
08-17-2022 @ 07:10:31 - Processing users.
08-17-2022 @ 07:10:34 - > &#8220;974&#8221;User imported successfully. ID:974
08-17-2022 @ 07:10:34 - > Finished importing user 974
08-17-2022 @ 07:10:34 - Row :327 - User imported successfully.
08-17-2022 @ 07:10:34 - Row :328 - Parsing item.
08-17-2022 @ 07:10:34 - Row :328 - Processing item.
08-17-2022 @ 07:10:34 - Processing users.
08-17-2022 @ 07:10:36 - > &#8220;975&#8221;User imported successfully. ID:975
08-17-2022 @ 07:10:36 - > Finished importing user 975
08-17-2022 @ 07:10:36 - Row :328 - User imported successfully.
08-17-2022 @ 07:10:36 - Row :329 - Parsing item.
08-17-2022 @ 07:10:36 - Row :329 - Processing item.
08-17-2022 @ 07:10:36 - Processing users.
08-17-2022 @ 07:10:39 - > &#8220;976&#8221;User imported successfully. ID:976
08-17-2022 @ 07:10:39 - > Finished importing user 976
08-17-2022 @ 07:10:39 - Row :329 - User imported successfully.
08-17-2022 @ 07:10:39 - Row :330 - Parsing item.
08-17-2022 @ 07:10:39 - Row :330 - Processing item.
08-17-2022 @ 07:10:39 - Processing users.
08-17-2022 @ 07:10:41 - > &#8220;977&#8221;User imported successfully. ID:977
08-17-2022 @ 07:10:41 - > Finished importing user 977
08-17-2022 @ 07:10:41 - Row :330 - User imported successfully.
08-17-2022 @ 07:10:41 - Row :331 - Parsing item.
08-17-2022 @ 07:10:41 - Row :331 - Processing item.
08-17-2022 @ 07:10:41 - Processing users.
08-17-2022 @ 07:10:44 - > &#8220;978&#8221;User imported successfully. ID:978
08-17-2022 @ 07:10:44 - > Finished importing user 978
08-17-2022 @ 07:10:44 - Row :331 - User imported successfully.
08-17-2022 @ 07:10:44 - Row :332 - Parsing item.
08-17-2022 @ 07:10:44 - Row :332 - Processing item.
08-17-2022 @ 07:10:44 - Processing users.
08-17-2022 @ 07:10:47 - > &#8220;979&#8221;User imported successfully. ID:979
08-17-2022 @ 07:10:47 - > Finished importing user 979
08-17-2022 @ 07:10:47 - Row :332 - User imported successfully.
08-17-2022 @ 07:10:47 - Row :333 - Parsing item.
08-17-2022 @ 07:10:47 - Row :333 - Processing item.
08-17-2022 @ 07:10:47 - Processing users.
08-17-2022 @ 07:10:50 - > &#8220;980&#8221;User imported successfully. ID:980
08-17-2022 @ 07:10:50 - > Finished importing user 980
08-17-2022 @ 07:10:50 - Row :333 - User imported successfully.
08-17-2022 @ 07:10:50 - Row :334 - Parsing item.
08-17-2022 @ 07:10:50 - Row :334 - Processing item.
08-17-2022 @ 07:10:50 - Processing users.
08-17-2022 @ 07:10:52 - > &#8220;981&#8221;User imported successfully. ID:981
08-17-2022 @ 07:10:52 - > Finished importing user 981
08-17-2022 @ 07:10:52 - Row :334 - User imported successfully.
08-17-2022 @ 07:10:52 - Row :335 - Parsing item.
08-17-2022 @ 07:10:52 - Row :335 - Processing item.
08-17-2022 @ 07:10:52 - Processing users.
08-17-2022 @ 07:10:55 - > &#8220;982&#8221;User imported successfully. ID:982
08-17-2022 @ 07:10:55 - > Finished importing user 982
08-17-2022 @ 07:10:55 - Row :335 - User imported successfully.
08-17-2022 @ 07:10:55 - Row :336 - Parsing item.
08-17-2022 @ 07:10:55 - Row :336 - Processing item.
08-17-2022 @ 07:10:55 - Processing users.
08-17-2022 @ 07:10:58 - > &#8220;983&#8221;User imported successfully. ID:983
08-17-2022 @ 07:10:58 - > Finished importing user 983
08-17-2022 @ 07:10:58 - Row :336 - User imported successfully.
08-17-2022 @ 07:10:58 - Row :337 - Parsing item.
08-17-2022 @ 07:10:58 - Row :337 - Processing item.
08-17-2022 @ 07:10:58 - Processing users.
08-17-2022 @ 07:11:00 - > &#8220;984&#8221;User imported successfully. ID:984
08-17-2022 @ 07:11:00 - > Finished importing user 984
08-17-2022 @ 07:11:00 - Row :337 - User imported successfully.
08-17-2022 @ 07:11:00 - Row :338 - Parsing item.
08-17-2022 @ 07:11:00 - Row :338 - Processing item.
08-17-2022 @ 07:11:00 - Processing users.
08-17-2022 @ 07:11:03 - > &#8220;985&#8221;User imported successfully. ID:985
08-17-2022 @ 07:11:03 - > Finished importing user 985
08-17-2022 @ 07:11:03 - Row :338 - User imported successfully.
08-17-2022 @ 07:11:03 - Row :339 - Parsing item.
08-17-2022 @ 07:11:03 - Row :339 - Processing item.
08-17-2022 @ 07:11:03 - Processing users.
08-17-2022 @ 07:11:06 - > &#8220;986&#8221;User imported successfully. ID:986
08-17-2022 @ 07:11:06 - > Finished importing user 986
08-17-2022 @ 07:11:06 - Row :339 - User imported successfully.
08-17-2022 @ 07:11:06 - Row :340 - Parsing item.
08-17-2022 @ 07:11:06 - Row :340 - Processing item.
08-17-2022 @ 07:11:06 - Processing users.
08-17-2022 @ 07:11:09 - > &#8220;987&#8221;User imported successfully. ID:987
08-17-2022 @ 07:11:09 - > Finished importing user 987
08-17-2022 @ 07:11:09 - Row :340 - User imported successfully.
08-17-2022 @ 07:11:09 - Row :341 - Parsing item.
08-17-2022 @ 07:11:09 - Row :341 - Processing item.
08-17-2022 @ 07:11:09 - Processing users.
08-17-2022 @ 07:11:12 - > &#8220;988&#8221;User imported successfully. ID:988
08-17-2022 @ 07:11:12 - > Finished importing user 988
08-17-2022 @ 07:11:12 - Row :341 - User imported successfully.
08-17-2022 @ 07:11:12 - Row :342 - Parsing item.
08-17-2022 @ 07:11:12 - Row :342 - Processing item.
08-17-2022 @ 07:11:12 - Processing users.
08-17-2022 @ 07:11:14 - > &#8220;989&#8221;User imported successfully. ID:989
08-17-2022 @ 07:11:14 - > Finished importing user 989
08-17-2022 @ 07:11:14 - Row :342 - User imported successfully.
08-17-2022 @ 07:11:14 - Row :343 - Parsing item.
08-17-2022 @ 07:11:14 - Row :343 - Processing item.
08-17-2022 @ 07:11:14 - Processing users.
08-17-2022 @ 07:11:17 - > &#8220;990&#8221;User imported successfully. ID:990
08-17-2022 @ 07:11:17 - > Finished importing user 990
08-17-2022 @ 07:11:17 - Row :343 - User imported successfully.
08-17-2022 @ 07:11:17 - Row :344 - Parsing item.
08-17-2022 @ 07:11:17 - Row :344 - Processing item.
08-17-2022 @ 07:11:17 - Processing users.
08-17-2022 @ 07:11:20 - > &#8220;991&#8221;User imported successfully. ID:991
08-17-2022 @ 07:11:20 - > Finished importing user 991
08-17-2022 @ 07:11:20 - Row :344 - User imported successfully.
08-17-2022 @ 07:11:20 - Row :345 - Parsing item.
08-17-2022 @ 07:11:20 - Row :345 - Processing item.
08-17-2022 @ 07:11:20 - Processing users.
08-17-2022 @ 07:11:23 - > &#8220;992&#8221;User imported successfully. ID:992
08-17-2022 @ 07:11:23 - > Finished importing user 992
08-17-2022 @ 07:11:23 - Row :345 - User imported successfully.
08-17-2022 @ 07:11:23 - Row :346 - Parsing item.
08-17-2022 @ 07:11:23 - Row :346 - Processing item.
08-17-2022 @ 07:11:23 - Processing users.
08-17-2022 @ 07:11:26 - > &#8220;993&#8221;User imported successfully. ID:993
08-17-2022 @ 07:11:26 - > Finished importing user 993
08-17-2022 @ 07:11:26 - Row :346 - User imported successfully.
08-17-2022 @ 07:11:26 - Row :347 - Parsing item.
08-17-2022 @ 07:11:26 - Row :347 - Processing item.
08-17-2022 @ 07:11:26 - Processing users.
08-17-2022 @ 07:11:29 - > &#8220;994&#8221;User imported successfully. ID:994
08-17-2022 @ 07:11:29 - > Finished importing user 994
08-17-2022 @ 07:11:29 - Row :347 - User imported successfully.
08-17-2022 @ 07:11:29 - Row :348 - Parsing item.
08-17-2022 @ 07:11:29 - Row :348 - Processing item.
08-17-2022 @ 07:11:29 - Processing users.
08-17-2022 @ 07:11:31 - > &#8220;995&#8221;User imported successfully. ID:995
08-17-2022 @ 07:11:31 - > Finished importing user 995
08-17-2022 @ 07:11:31 - Row :348 - User imported successfully.
08-17-2022 @ 07:11:31 - Row :349 - Parsing item.
08-17-2022 @ 07:11:31 - Row :349 - Processing item.
08-17-2022 @ 07:11:31 - Processing users.
08-17-2022 @ 07:11:34 - > &#8220;996&#8221;User imported successfully. ID:996
08-17-2022 @ 07:11:34 - > Finished importing user 996
08-17-2022 @ 07:11:34 - Row :349 - User imported successfully.
08-17-2022 @ 07:11:34 - Row :350 - Parsing item.
08-17-2022 @ 07:11:34 - Row :350 - Processing item.
08-17-2022 @ 07:11:34 - Processing users.
08-17-2022 @ 07:11:37 - > &#8220;997&#8221;User imported successfully. ID:997
08-17-2022 @ 07:11:37 - > Finished importing user 997
08-17-2022 @ 07:11:37 - Row :350 - User imported successfully.
08-17-2022 @ 07:11:37 - Row :351 - Parsing item.
08-17-2022 @ 07:11:37 - Row :351 - Processing item.
08-17-2022 @ 07:11:37 - Processing users.
08-17-2022 @ 07:11:40 - > &#8220;998&#8221;User imported successfully. ID:998
08-17-2022 @ 07:11:40 - > Finished importing user 998
08-17-2022 @ 07:11:40 - Row :351 - User imported successfully.
08-17-2022 @ 07:11:40 - Row :352 - Parsing item.
08-17-2022 @ 07:11:40 - Row :352 - Processing item.
08-17-2022 @ 07:11:40 - Processing users.
08-17-2022 @ 07:11:42 - > &#8220;999&#8221;User imported successfully. ID:999
08-17-2022 @ 07:11:42 - > Finished importing user 999
08-17-2022 @ 07:11:42 - Row :352 - User imported successfully.
08-17-2022 @ 07:11:42 - Row :353 - Parsing item.
08-17-2022 @ 07:11:42 - Row :353 - Processing item.
08-17-2022 @ 07:11:42 - Processing users.
08-17-2022 @ 07:11:45 - > &#8220;1000&#8221;User imported successfully. ID:1000
08-17-2022 @ 07:11:45 - > Finished importing user 1000
08-17-2022 @ 07:11:45 - Row :353 - User imported successfully.
08-17-2022 @ 07:11:45 - Row :354 - Parsing item.
08-17-2022 @ 07:11:45 - Row :354 - Processing item.
08-17-2022 @ 07:11:45 - Processing users.
08-17-2022 @ 07:11:48 - > &#8220;1001&#8221;User imported successfully. ID:1001
08-17-2022 @ 07:11:48 - > Finished importing user 1001
08-17-2022 @ 07:11:48 - Row :354 - User imported successfully.
08-17-2022 @ 07:11:48 - Row :355 - Parsing item.
08-17-2022 @ 07:11:48 - Row :355 - Processing item.
08-17-2022 @ 07:11:48 - Processing users.
08-17-2022 @ 07:11:51 - > &#8220;1002&#8221;User imported successfully. ID:1002
08-17-2022 @ 07:11:51 - > Finished importing user 1002
08-17-2022 @ 07:11:51 - Row :355 - User imported successfully.
08-17-2022 @ 07:11:51 - Row :356 - Parsing item.
08-17-2022 @ 07:11:51 - Row :356 - Processing item.
08-17-2022 @ 07:11:51 - Processing users.
08-17-2022 @ 07:11:53 - > &#8220;1003&#8221;User imported successfully. ID:1003
08-17-2022 @ 07:11:53 - > Finished importing user 1003
08-17-2022 @ 07:11:53 - Row :356 - User imported successfully.
08-17-2022 @ 07:11:53 - Row :357 - Parsing item.
08-17-2022 @ 07:11:53 - Row :357 - Processing item.
08-17-2022 @ 07:11:53 - Processing users.
08-17-2022 @ 07:11:56 - > &#8220;1004&#8221;User imported successfully. ID:1004
08-17-2022 @ 07:11:56 - > Finished importing user 1004
08-17-2022 @ 07:11:56 - Row :357 - User imported successfully.
08-17-2022 @ 07:11:56 - Row :358 - Parsing item.
08-17-2022 @ 07:11:56 - Row :358 - Processing item.
08-17-2022 @ 07:11:56 - Processing users.
08-17-2022 @ 07:11:59 - > &#8220;1005&#8221;User imported successfully. ID:1005
08-17-2022 @ 07:11:59 - > Finished importing user 1005
08-17-2022 @ 07:11:59 - Row :358 - User imported successfully.
08-17-2022 @ 07:11:59 - Row :359 - Parsing item.
08-17-2022 @ 07:11:59 - Row :359 - Processing item.
08-17-2022 @ 07:11:59 - Processing users.
08-17-2022 @ 07:12:02 - > &#8220;1006&#8221;User imported successfully. ID:1006
08-17-2022 @ 07:12:02 - > Finished importing user 1006
08-17-2022 @ 07:12:02 - Row :359 - User imported successfully.
08-17-2022 @ 07:12:02 - Row :360 - Parsing item.
08-17-2022 @ 07:12:02 - Row :360 - Processing item.
08-17-2022 @ 07:12:02 - Processing users.
08-17-2022 @ 07:12:05 - > &#8220;1007&#8221;User imported successfully. ID:1007
08-17-2022 @ 07:12:05 - > Finished importing user 1007
08-17-2022 @ 07:12:05 - Row :360 - User imported successfully.
08-17-2022 @ 07:12:05 - Row :361 - Parsing item.
08-17-2022 @ 07:12:05 - Row :361 - Processing item.
08-17-2022 @ 07:12:05 - Processing users.
08-17-2022 @ 07:12:07 - > &#8220;1008&#8221;User imported successfully. ID:1008
08-17-2022 @ 07:12:07 - > Finished importing user 1008
08-17-2022 @ 07:12:07 - Row :361 - User imported successfully.
08-17-2022 @ 07:12:07 - Row :362 - Parsing item.
08-17-2022 @ 07:12:07 - Row :362 - Processing item.
08-17-2022 @ 07:12:07 - Processing users.
08-17-2022 @ 07:12:10 - > &#8220;1009&#8221;User imported successfully. ID:1009
08-17-2022 @ 07:12:10 - > Finished importing user 1009
08-17-2022 @ 07:12:10 - Row :362 - User imported successfully.
08-17-2022 @ 07:12:10 - Row :363 - Parsing item.
08-17-2022 @ 07:12:10 - Row :363 - Processing item.
08-17-2022 @ 07:12:10 - Processing users.
08-17-2022 @ 07:12:13 - > &#8220;1010&#8221;User imported successfully. ID:1010
08-17-2022 @ 07:12:13 - > Finished importing user 1010
08-17-2022 @ 07:12:13 - Row :363 - User imported successfully.
08-17-2022 @ 07:12:13 - Row :364 - Parsing item.
08-17-2022 @ 07:12:13 - Row :364 - Processing item.
08-17-2022 @ 07:12:13 - Processing users.
08-17-2022 @ 07:12:15 - > &#8220;1011&#8221;User imported successfully. ID:1011
08-17-2022 @ 07:12:15 - > Finished importing user 1011
08-17-2022 @ 07:12:15 - Row :364 - User imported successfully.
08-17-2022 @ 07:12:15 - Row :365 - Parsing item.
08-17-2022 @ 07:12:15 - Row :365 - Processing item.
08-17-2022 @ 07:12:15 - Processing users.
08-17-2022 @ 07:12:18 - > &#8220;1012&#8221;User imported successfully. ID:1012
08-17-2022 @ 07:12:18 - > Finished importing user 1012
08-17-2022 @ 07:12:18 - Row :365 - User imported successfully.
08-17-2022 @ 07:12:18 - Row :366 - Parsing item.
08-17-2022 @ 07:12:18 - Row :366 - Processing item.
08-17-2022 @ 07:12:18 - Processing users.
08-17-2022 @ 07:12:21 - > &#8220;1013&#8221;User imported successfully. ID:1013
08-17-2022 @ 07:12:21 - > Finished importing user 1013
08-17-2022 @ 07:12:21 - Row :366 - User imported successfully.
08-17-2022 @ 07:12:21 - Row :367 - Parsing item.
08-17-2022 @ 07:12:21 - Row :367 - Processing item.
08-17-2022 @ 07:12:21 - Processing users.
08-17-2022 @ 07:12:24 - > &#8220;1014&#8221;User imported successfully. ID:1014
08-17-2022 @ 07:12:24 - > Finished importing user 1014
08-17-2022 @ 07:12:24 - Row :367 - User imported successfully.
08-17-2022 @ 07:12:24 - Row :368 - Parsing item.
08-17-2022 @ 07:12:24 - Row :368 - Processing item.
08-17-2022 @ 07:12:24 - Processing users.
08-17-2022 @ 07:12:27 - > &#8220;1015&#8221;User imported successfully. ID:1015
08-17-2022 @ 07:12:27 - > Finished importing user 1015
08-17-2022 @ 07:12:27 - Row :368 - User imported successfully.
08-17-2022 @ 07:12:27 - Row :369 - Parsing item.
08-17-2022 @ 07:12:27 - Row :369 - Processing item.
08-17-2022 @ 07:12:27 - Processing users.
08-17-2022 @ 07:12:30 - > &#8220;1016&#8221;User imported successfully. ID:1016
08-17-2022 @ 07:12:30 - > Finished importing user 1016
08-17-2022 @ 07:12:30 - Row :369 - User imported successfully.
08-17-2022 @ 07:12:30 - Row :370 - Parsing item.
08-17-2022 @ 07:12:30 - Row :370 - Processing item.
08-17-2022 @ 07:12:30 - Processing users.
08-17-2022 @ 07:12:33 - > &#8220;1017&#8221;User imported successfully. ID:1017
08-17-2022 @ 07:12:33 - > Finished importing user 1017
08-17-2022 @ 07:12:33 - Row :370 - User imported successfully.
08-17-2022 @ 07:12:33 - Row :371 - Parsing item.
08-17-2022 @ 07:12:33 - Row :371 - Processing item.
08-17-2022 @ 07:12:33 - Processing users.
08-17-2022 @ 07:12:36 - > &#8220;1018&#8221;User imported successfully. ID:1018
08-17-2022 @ 07:12:36 - > Finished importing user 1018
08-17-2022 @ 07:12:36 - Row :371 - User imported successfully.
08-17-2022 @ 07:12:36 - Row :372 - Parsing item.
08-17-2022 @ 07:12:36 - Row :372 - Processing item.
08-17-2022 @ 07:12:36 - Processing users.
08-17-2022 @ 07:12:39 - > &#8220;1019&#8221;User imported successfully. ID:1019
08-17-2022 @ 07:12:39 - > Finished importing user 1019
08-17-2022 @ 07:12:39 - Row :372 - User imported successfully.
08-17-2022 @ 07:12:39 - Row :373 - Parsing item.
08-17-2022 @ 07:12:39 - Row :373 - Processing item.
08-17-2022 @ 07:12:39 - Processing users.
08-17-2022 @ 07:12:43 - > &#8220;1021&#8221;User imported successfully. ID:1021
08-17-2022 @ 07:12:43 - > Finished importing user 1021
08-17-2022 @ 07:12:43 - Row :373 - User imported successfully.
08-17-2022 @ 07:12:43 - Row :374 - Parsing item.
08-17-2022 @ 07:12:43 - Row :374 - Processing item.
08-17-2022 @ 07:12:43 - Processing users.
08-17-2022 @ 07:12:46 - > &#8220;1023&#8221;User imported successfully. ID:1023
08-17-2022 @ 07:12:46 - > Finished importing user 1023
08-17-2022 @ 07:12:46 - Row :374 - User imported successfully.
08-17-2022 @ 07:12:46 - Row :375 - Parsing item.
08-17-2022 @ 07:12:46 - Row :375 - Processing item.
08-17-2022 @ 07:12:46 - Processing users.
08-17-2022 @ 07:12:50 - > &#8220;1025&#8221;User imported successfully. ID:1025
08-17-2022 @ 07:12:50 - > Finished importing user 1025
08-17-2022 @ 07:12:50 - Row :375 - User imported successfully.
08-17-2022 @ 07:12:50 - Row :376 - Parsing item.
08-17-2022 @ 07:12:50 - Row :376 - Processing item.
08-17-2022 @ 07:12:50 - Processing users.
08-17-2022 @ 07:12:54 - > &#8220;1027&#8221;User imported successfully. ID:1027
08-17-2022 @ 07:12:54 - > Finished importing user 1027
08-17-2022 @ 07:12:54 - Row :376 - User imported successfully.
08-17-2022 @ 07:12:54 - Row :377 - Parsing item.
08-17-2022 @ 07:12:54 - Row :377 - Processing item.
08-17-2022 @ 07:12:54 - Processing users.
08-17-2022 @ 07:12:58 - > &#8220;1029&#8221;User imported successfully. ID:1029
08-17-2022 @ 07:12:58 - > Finished importing user 1029
08-17-2022 @ 07:12:58 - Row :377 - User imported successfully.
08-17-2022 @ 07:12:58 - Row :378 - Parsing item.
08-17-2022 @ 07:12:58 - Row :378 - Processing item.
08-17-2022 @ 07:12:58 - Processing users.
08-17-2022 @ 07:13:02 - > &#8220;1031&#8221;User imported successfully. ID:1031
08-17-2022 @ 07:13:02 - > Finished importing user 1031
08-17-2022 @ 07:13:02 - Row :378 - User imported successfully.
08-17-2022 @ 07:13:02 - Row :379 - Parsing item.
08-17-2022 @ 07:13:02 - Row :379 - Processing item.
08-17-2022 @ 07:13:02 - Processing users.
08-17-2022 @ 07:13:05 - > &#8220;1033&#8221;User imported successfully. ID:1033
08-17-2022 @ 07:13:05 - > Finished importing user 1033
08-17-2022 @ 07:13:05 - Row :379 - User imported successfully.
08-17-2022 @ 07:13:05 - Row :380 - Parsing item.
08-17-2022 @ 07:13:05 - Row :380 - Processing item.
08-17-2022 @ 07:13:05 - Processing users.
08-17-2022 @ 07:13:08 - > &#8220;1035&#8221;User imported successfully. ID:1035
08-17-2022 @ 07:13:08 - > Finished importing user 1035
08-17-2022 @ 07:13:08 - Row :380 - User imported successfully.
08-17-2022 @ 07:13:08 - Row :381 - Parsing item.
08-17-2022 @ 07:13:08 - Row :381 - Processing item.
08-17-2022 @ 07:13:08 - Processing users.
08-17-2022 @ 07:13:11 - > &#8220;1037&#8221;User imported successfully. ID:1037
08-17-2022 @ 07:13:11 - > Finished importing user 1037
08-17-2022 @ 07:13:11 - Row :381 - User imported successfully.
08-17-2022 @ 07:13:11 - Row :382 - Parsing item.
08-17-2022 @ 07:13:11 - Row :382 - Processing item.
08-17-2022 @ 07:13:11 - Processing users.
08-17-2022 @ 07:13:15 - > &#8220;1039&#8221;User imported successfully. ID:1039
08-17-2022 @ 07:13:15 - > Finished importing user 1039
08-17-2022 @ 07:13:15 - Row :382 - User imported successfully.
08-17-2022 @ 07:13:15 - Row :383 - Parsing item.
08-17-2022 @ 07:13:15 - Row :383 - Processing item.
08-17-2022 @ 07:13:15 - Processing users.
08-17-2022 @ 07:13:18 - > &#8220;1041&#8221;User imported successfully. ID:1041
08-17-2022 @ 07:13:18 - > Finished importing user 1041
08-17-2022 @ 07:13:18 - Row :383 - User imported successfully.
08-17-2022 @ 07:13:18 - Row :384 - Parsing item.
08-17-2022 @ 07:13:18 - Row :384 - Processing item.
08-17-2022 @ 07:13:18 - Processing users.
08-17-2022 @ 07:13:22 - > &#8220;1043&#8221;User imported successfully. ID:1043
08-17-2022 @ 07:13:22 - > Finished importing user 1043
08-17-2022 @ 07:13:22 - Row :384 - User imported successfully.
08-17-2022 @ 07:13:22 - Row :385 - Parsing item.
08-17-2022 @ 07:13:22 - Row :385 - Processing item.
08-17-2022 @ 07:13:22 - Processing users.
08-17-2022 @ 07:13:26 - > &#8220;1045&#8221;User imported successfully. ID:1045
08-17-2022 @ 07:13:26 - > Finished importing user 1045
08-17-2022 @ 07:13:26 - Row :385 - User imported successfully.
08-17-2022 @ 07:13:26 - Row :386 - Parsing item.
08-17-2022 @ 07:13:26 - Row :386 - Processing item.
08-17-2022 @ 07:13:26 - Processing users.
08-17-2022 @ 07:13:30 - > &#8220;1047&#8221;User imported successfully. ID:1047
08-17-2022 @ 07:13:30 - > Finished importing user 1047
08-17-2022 @ 07:13:30 - Row :386 - User imported successfully.
08-17-2022 @ 07:13:30 - Row :387 - Parsing item.
08-17-2022 @ 07:13:30 - Row :387 - Processing item.
08-17-2022 @ 07:13:30 - Processing users.
08-17-2022 @ 07:13:34 - > &#8220;1049&#8221;User imported successfully. ID:1049
08-17-2022 @ 07:13:34 - > Finished importing user 1049
08-17-2022 @ 07:13:34 - Row :387 - User imported successfully.
08-17-2022 @ 07:13:34 - Row :388 - Parsing item.
08-17-2022 @ 07:13:34 - Row :388 - Processing item.
08-17-2022 @ 07:13:34 - Processing users.
08-17-2022 @ 07:13:38 - > &#8220;1050&#8221;User imported successfully. ID:1050
08-17-2022 @ 07:13:38 - > Finished importing user 1050
08-17-2022 @ 07:13:38 - Row :388 - User imported successfully.
08-17-2022 @ 07:13:38 - Row :389 - Parsing item.
08-17-2022 @ 07:13:38 - Row :389 - Processing item.
08-17-2022 @ 07:13:38 - Processing users.
08-17-2022 @ 07:13:41 - > &#8220;1053&#8221;User imported successfully. ID:1053
08-17-2022 @ 07:13:41 - > Finished importing user 1053
08-17-2022 @ 07:13:41 - Row :389 - User imported successfully.
08-17-2022 @ 07:13:41 - Row :390 - Parsing item.
08-17-2022 @ 07:13:41 - Row :390 - Processing item.
08-17-2022 @ 07:13:41 - Processing users.
08-17-2022 @ 07:13:44 - > &#8220;1055&#8221;User imported successfully. ID:1055
08-17-2022 @ 07:13:44 - > Finished importing user 1055
08-17-2022 @ 07:13:44 - Row :390 - User imported successfully.
08-17-2022 @ 07:13:44 - Row :391 - Parsing item.
08-17-2022 @ 07:13:44 - Row :391 - Processing item.
08-17-2022 @ 07:13:44 - Processing users.
08-17-2022 @ 07:13:48 - > &#8220;1056&#8221;User imported successfully. ID:1056
08-17-2022 @ 07:13:48 - > Finished importing user 1056
08-17-2022 @ 07:13:48 - Row :391 - User imported successfully.
08-17-2022 @ 07:13:48 - Row :392 - Parsing item.
08-17-2022 @ 07:13:48 - Row :392 - Processing item.
08-17-2022 @ 07:13:48 - Processing users.
08-17-2022 @ 07:13:51 - > &#8220;1058&#8221;User imported successfully. ID:1058
08-17-2022 @ 07:13:51 - > Finished importing user 1058
08-17-2022 @ 07:13:51 - Row :392 - User imported successfully.
08-17-2022 @ 07:13:51 - Row :393 - Parsing item.
08-17-2022 @ 07:13:51 - Row :393 - Processing item.
08-17-2022 @ 07:13:51 - Processing users.
08-17-2022 @ 07:13:54 - > &#8220;1060&#8221;User imported successfully. ID:1060
08-17-2022 @ 07:13:54 - > Finished importing user 1060
08-17-2022 @ 07:13:54 - Row :393 - User imported successfully.
08-17-2022 @ 07:13:54 - Row :394 - Parsing item.
08-17-2022 @ 07:13:54 - Row :394 - Processing item.
08-17-2022 @ 07:13:54 - Processing users.
08-17-2022 @ 07:13:59 - > &#8220;1062&#8221;User imported successfully. ID:1062
08-17-2022 @ 07:13:59 - > Finished importing user 1062
08-17-2022 @ 07:13:59 - Row :394 - User imported successfully.
08-17-2022 @ 07:13:59 - Row :395 - Parsing item.
08-17-2022 @ 07:13:59 - Row :395 - Processing item.
08-17-2022 @ 07:13:59 - Processing users.
08-17-2022 @ 07:14:03 - > &#8220;1065&#8221;User imported successfully. ID:1065
08-17-2022 @ 07:14:03 - > Finished importing user 1065
08-17-2022 @ 07:14:03 - Row :395 - User imported successfully.
08-17-2022 @ 07:14:03 - Row :396 - Parsing item.
08-17-2022 @ 07:14:03 - Row :396 - Processing item.
08-17-2022 @ 07:14:03 - Processing users.
08-17-2022 @ 07:14:07 - > &#8220;1067&#8221;User imported successfully. ID:1067
08-17-2022 @ 07:14:07 - > Finished importing user 1067
08-17-2022 @ 07:14:07 - Row :396 - User imported successfully.
08-17-2022 @ 07:14:07 - Row :397 - Parsing item.
08-17-2022 @ 07:14:07 - Row :397 - Processing item.
08-17-2022 @ 07:14:07 - Processing users.
08-17-2022 @ 07:14:10 - > &#8220;1068&#8221;User imported successfully. ID:1068
08-17-2022 @ 07:14:10 - > Finished importing user 1068
08-17-2022 @ 07:14:10 - Row :397 - User imported successfully.
08-17-2022 @ 07:14:10 - Row :398 - Parsing item.
08-17-2022 @ 07:14:10 - Row :398 - Processing item.
08-17-2022 @ 07:14:10 - Processing users.
08-17-2022 @ 07:14:14 - > &#8220;1070&#8221;User imported successfully. ID:1070
08-17-2022 @ 07:14:14 - > Finished importing user 1070
08-17-2022 @ 07:14:14 - Row :398 - User imported successfully.
08-17-2022 @ 07:14:14 - Row :399 - Parsing item.
08-17-2022 @ 07:14:14 - Row :399 - Processing item.
08-17-2022 @ 07:14:14 - Processing users.
08-17-2022 @ 07:14:18 - > &#8220;1073&#8221;User imported successfully. ID:1073
08-17-2022 @ 07:14:18 - > Finished importing user 1073
08-17-2022 @ 07:14:18 - Row :399 - User imported successfully.
08-17-2022 @ 07:14:18 - Row :400 - Parsing item.
08-17-2022 @ 07:14:18 - Row :400 - Processing item.
08-17-2022 @ 07:14:18 - Processing users.
08-17-2022 @ 07:14:22 - > &#8220;1075&#8221;User imported successfully. ID:1075
08-17-2022 @ 07:14:22 - > Finished importing user 1075
08-17-2022 @ 07:14:22 - Row :400 - User imported successfully.
