08-17-2022 @ 07:12:37 - ---[ New import started at 2022-08-17 07:12:37 ] PHP Memory: 256 MB, WP Memory: 40 MB
08-17-2022 @ 07:12:37 - Preparing for import.
08-17-2022 @ 07:12:37 - Row :1 - Parsing item.
08-17-2022 @ 07:12:37 - Row :1 - Parsing failed. Reason: User with same Email already exists. Email: kotchemfoods2008@yahoo.com
08-17-2022 @ 07:12:37 - Row :2 - Parsing item.
08-17-2022 @ 07:12:37 - Row :2 - Parsing failed. Reason: User with same Email already exists. Email: bhatbio@gmail.com
08-17-2022 @ 07:12:37 - Row :3 - Parsing item.
08-17-2022 @ 07:12:37 - Row :3 - Parsing failed. Reason: User with same Email already exists. Email: hsm.pkgaupta@birla-sugar.com
08-17-2022 @ 07:12:37 - Row :4 - Parsing item.
08-17-2022 @ 07:12:37 - Row :4 - Parsing failed. Reason: User with same Email already exists. Email: hsm.pkgupta@birla-sugar.com
08-17-2022 @ 07:12:37 - Row :5 - Parsing item.
08-17-2022 @ 07:12:37 - Row :5 - Parsing failed. Reason: User with same Email already exists. Email: aaravchauhan841@gmail.com
08-17-2022 @ 07:12:37 - Row :6 - Parsing item.
08-17-2022 @ 07:12:37 - Row :6 - Parsing failed. Reason: User with same Email already exists. Email: bhaagyaimpex@gmail.com
08-17-2022 @ 07:12:37 - Row :7 - Parsing item.
08-17-2022 @ 07:12:37 - Row :7 - Parsing failed. Reason: User with same Email already exists. Email: aakeshkumar95@gmail.com
08-17-2022 @ 07:12:37 - Row :8 - Parsing item.
08-17-2022 @ 07:12:37 - Row :8 - Parsing failed. Reason: User with same Email already exists. Email: pankaj@lincolnpharma.com
08-17-2022 @ 07:12:37 - Row :9 - Parsing item.
08-17-2022 @ 07:12:37 - Row :9 - Parsing failed. Reason: User with same Email already exists. Email: msukpcb@yahoo.com
08-17-2022 @ 07:12:37 - Row :10 - Parsing item.
08-17-2022 @ 07:12:37 - Row :10 - Parsing failed. Reason: User with same Email already exists. Email: fk_license@cquel.com
08-17-2022 @ 07:12:37 - Row :11 - Parsing item.
08-17-2022 @ 07:12:37 - Row :11 - Parsing failed. Reason: User with same Email already exists. Email: vijay.sharma@niine.com
08-17-2022 @ 07:12:37 - Row :12 - Parsing item.
08-17-2022 @ 07:12:37 - Row :12 - Parsing failed. Reason: User with same Email already exists. Email: shreejiinternational2015@gmail.com
08-17-2022 @ 07:12:37 - Row :13 - Parsing item.
08-17-2022 @ 07:12:37 - Row :13 - Parsing failed. Reason: User with same Email already exists. Email: customercare@milkymist.com
08-17-2022 @ 07:12:37 - Row :14 - Parsing item.
08-17-2022 @ 07:12:37 - Row :14 - Parsing failed. Reason: User with same Email already exists. Email: sales.sekhaniindustries@gmail.com
08-17-2022 @ 07:12:37 - Row :15 - Parsing item.
08-17-2022 @ 07:12:37 - Row :15 - Parsing failed. Reason: User with same Email already exists. Email: gaurav@tonggarden.com
08-17-2022 @ 07:12:37 - Row :16 - Parsing item.
08-17-2022 @ 07:12:37 - Row :16 - Parsing failed. Reason: User with same Email already exists. Email: ARATHI@NFL.CO.IN
08-17-2022 @ 07:12:37 - Row :17 - Parsing item.
08-17-2022 @ 07:12:37 - Row :17 - Parsing failed. Reason: User with same Email already exists. Email: raghavendranv@yamaha-motor-india.com
08-17-2022 @ 07:12:37 - Row :18 - Parsing item.
08-17-2022 @ 07:12:37 - Row :18 - Parsing failed. Reason: User with same Email already exists. Email: santoshpapermart2000@gmail.com
08-17-2022 @ 07:12:37 - Row :19 - Parsing item.
08-17-2022 @ 07:12:37 - Row :19 - Parsing failed. Reason: User with same Email already exists. Email: vaibhao.ujawane@lge.com
08-17-2022 @ 07:12:37 - Row :20 - Parsing item.
08-17-2022 @ 07:12:37 - Row :20 - Parsing failed. Reason: User with same Email already exists. Email: lion@liondates.com
08-17-2022 @ 07:12:37 - Row :21 - Parsing item.
08-17-2022 @ 07:12:37 - Row :21 - Parsing failed. Reason: User with same Email already exists. Email: ss.gurjar007@gmail.com
08-17-2022 @ 07:12:37 - Row :22 - Parsing item.
08-17-2022 @ 07:12:37 - Row :22 - Parsing failed. Reason: User with same Email already exists. Email: shroffgroups@gmail.com
08-17-2022 @ 07:12:37 - Row :23 - Parsing item.
08-17-2022 @ 07:12:37 - Row :23 - Parsing failed. Reason: User with same Email already exists. Email: abhay.agfpl@gmail.com
08-17-2022 @ 07:12:37 - Row :24 - Parsing item.
08-17-2022 @ 07:12:37 - Row :24 - Parsing failed. Reason: User with same Email already exists. Email: parmesh@slplindia.com
08-17-2022 @ 07:12:37 - Row :25 - Parsing item.
08-17-2022 @ 07:12:37 - Row :25 - Parsing failed. Reason: User with same Email already exists. Email: takhellambammangi@gmail.com
08-17-2022 @ 07:12:37 - Row :26 - Parsing item.
08-17-2022 @ 07:12:37 - Row :26 - Parsing failed. Reason: User with same Email already exists. Email: wroshan123@gmail.com
08-17-2022 @ 07:12:37 - Row :27 - Parsing item.
08-17-2022 @ 07:12:37 - Row :27 - Parsing failed. Reason: User with same Email already exists. Email: lhomen@outlook.com
08-17-2022 @ 07:12:37 - Row :28 - Parsing item.
08-17-2022 @ 07:12:37 - Row :28 - Parsing failed. Reason: User with same Email already exists. Email: surojit@newbyoverseas.com
08-17-2022 @ 07:12:37 - Row :29 - Parsing item.
08-17-2022 @ 07:12:37 - Row :29 - Parsing failed. Reason: User with same Email already exists. Email: dharmesh@ponpurelogistics.com
08-17-2022 @ 07:12:37 - Row :30 - Parsing item.
08-17-2022 @ 07:12:37 - Row :30 - Parsing failed. Reason: User with same Email already exists. Email: tkumar@alco.trivenigroup.com
08-17-2022 @ 07:12:37 - Row :31 - Parsing item.
08-17-2022 @ 07:12:37 - Row :31 - Parsing failed. Reason: User with same Email already exists. Email: production@siddhomal.com
08-17-2022 @ 07:12:37 - Row :32 - Parsing item.
08-17-2022 @ 07:12:37 - Row :32 - Parsing failed. Reason: User with same Email already exists. Email: muhammed.faisal@nationalpaints.com
08-17-2022 @ 07:12:37 - Row :33 - Parsing item.
08-17-2022 @ 07:12:37 - Row :33 - Parsing failed. Reason: User with same Email already exists. Email: anilrkumar@mehtagroup.com
08-17-2022 @ 07:12:37 - Row :34 - Parsing item.
08-17-2022 @ 07:12:37 - Row :34 - Parsing failed. Reason: User with same Email already exists. Email: tariq.mahmood@hspp.com
08-17-2022 @ 07:12:37 - Row :35 - Parsing item.
08-17-2022 @ 07:12:37 - Row :35 - Parsing failed. Reason: User with same Email already exists. Email: pranab.mohanty@midea.co.in
08-17-2022 @ 07:12:37 - Row :36 - Parsing item.
08-17-2022 @ 07:12:37 - Row :36 - Parsing failed. Reason: User with same Email already exists. Email: rameshkumar_kt@welspun.com
08-17-2022 @ 07:12:37 - Row :37 - Parsing item.
08-17-2022 @ 07:12:37 - Row :37 - Parsing failed. Reason: User with same Email already exists. Email: tpi_industries@yahoo.com
08-17-2022 @ 07:12:37 - Row :38 - Parsing item.
08-17-2022 @ 07:12:37 - Row :38 - Parsing failed. Reason: User with same Email already exists. Email: sushilkumar.kaushik@vegetableseeds.basf.com
08-17-2022 @ 07:12:37 - Row :39 - Parsing item.
08-17-2022 @ 07:12:37 - Row :39 - Parsing failed. Reason: User with same Email already exists. Email: mehul.gohel@sandvik.com
08-17-2022 @ 07:12:37 - Row :40 - Parsing item.
08-17-2022 @ 07:12:37 - Row :40 - Parsing failed. Reason: User with same Email already exists. Email: docs.import@gmail.com
08-17-2022 @ 07:12:37 - Row :41 - Parsing item.
08-17-2022 @ 07:12:37 - Row :41 - Parsing failed. Reason: User with same Email already exists. Email: ajit.singh@jubl.com
08-17-2022 @ 07:12:37 - Row :42 - Parsing item.
08-17-2022 @ 07:12:37 - Row :42 - Parsing failed. Reason: User with same Email already exists. Email: umarladdu342@gmail.com
08-17-2022 @ 07:12:37 - Row :43 - Parsing item.
08-17-2022 @ 07:12:37 - Row :43 - Parsing failed. Reason: User with same Email already exists. Email: popularenterprise.shillong@gmail.com
08-17-2022 @ 07:12:37 - Row :44 - Parsing item.
08-17-2022 @ 07:12:37 - Row :44 - Parsing failed. Reason: User with same Email already exists. Email: worldonetradingco@gmail.com
08-17-2022 @ 07:12:37 - Row :45 - Parsing item.
08-17-2022 @ 07:12:37 - Row :45 - Parsing failed. Reason: User with same Email already exists. Email: SRSPL.SALT@GMAIL.COM
08-17-2022 @ 07:12:37 - Row :46 - Parsing item.
08-17-2022 @ 07:12:37 - Row :46 - Parsing failed. Reason: User with same Email already exists. Email: naseem.ahmed@rjcorp.in
08-17-2022 @ 07:12:37 - Row :47 - Parsing item.
08-17-2022 @ 07:12:37 - Row :47 - Parsing failed. Reason: User with same Email already exists. Email: pbroy12@gmail.com
08-17-2022 @ 07:12:37 - Row :48 - Parsing item.
08-17-2022 @ 07:12:37 - Row :48 - Parsing failed. Reason: User with same Email already exists. Email: swashatap@herbalife.com
08-17-2022 @ 07:12:37 - Row :49 - Parsing item.
08-17-2022 @ 07:12:37 - Row :49 - Parsing failed. Reason: User with same Email already exists. Email: amit.paladhi@ge.com
08-17-2022 @ 07:12:37 - Row :50 - Parsing item.
08-17-2022 @ 07:12:37 - Row :50 - Parsing failed. Reason: User with same Email already exists. Email: BBSTYRO@GMAIL.COM
08-17-2022 @ 07:12:37 - Row :51 - Parsing item.
08-17-2022 @ 07:12:37 - Row :51 - Parsing failed. Reason: User with same Email already exists. Email: bsr@svpindustries.in
08-17-2022 @ 07:12:37 - Row :52 - Parsing item.
08-17-2022 @ 07:12:37 - Row :52 - Parsing failed. Reason: User with same Email already exists. Email: vs.rao@haldirams.com
08-17-2022 @ 07:12:37 - Row :53 - Parsing item.
08-17-2022 @ 07:12:37 - Row :53 - Parsing failed. Reason: User with same Email already exists. Email: T.khattar@branopac.com
08-17-2022 @ 07:12:37 - Row :54 - Parsing item.
08-17-2022 @ 07:12:37 - Row :54 - Parsing failed. Reason: User with same Email already exists. Email: BABUBALOOCH@HOTMAIL.COM
08-17-2022 @ 07:12:37 - Row :55 - Parsing item.
08-17-2022 @ 07:12:37 - Row :55 - Parsing failed. Reason: User with same Email already exists. Email: priyanshu.pandey@uniqlo.in
08-17-2022 @ 07:12:37 - Row :56 - Parsing item.
08-17-2022 @ 07:12:37 - Row :56 - Parsing failed. Reason: User with same Email already exists. Email: shuklarakesh1995@gmail.com
08-17-2022 @ 07:12:37 - Row :57 - Parsing item.
08-17-2022 @ 07:12:37 - Row :57 - Parsing failed. Reason: User with same Email already exists. Email: vinayak.khanna@uniqlo.in
08-17-2022 @ 07:12:37 - Row :58 - Parsing item.
08-17-2022 @ 07:12:37 - Row :58 - Parsing failed. Reason: User with same Email already exists. Email: rajesh.gupta@vijayneha.com
08-17-2022 @ 07:12:37 - Row :59 - Parsing item.
08-17-2022 @ 07:12:37 - Row :59 - Parsing failed. Reason: User with same Email already exists. Email: rsabharwal@phoenixcontact.co.in
08-17-2022 @ 07:12:37 - Row :60 - Parsing item.
08-17-2022 @ 07:12:37 - Row :60 - Parsing failed. Reason: User with same Email already exists. Email: yaduvanshipolymers@gmail.com
08-17-2022 @ 07:12:37 - Row :61 - Parsing item.
08-17-2022 @ 07:12:37 - Row :61 - Parsing failed. Reason: User with same Email already exists. Email: jaymin.patel@mosaicwellness.in
08-17-2022 @ 07:12:37 - Row :62 - Parsing item.
08-17-2022 @ 07:12:37 - Row :62 - Parsing failed. Reason: User with same Email already exists. Email: tamilselvan@tristarpondy.com
08-17-2022 @ 07:12:37 - Row :63 - Parsing item.
08-17-2022 @ 07:12:37 - Row :63 - Parsing failed. Reason: User with same Email already exists. Email: test_kl_0106@gamil.com
08-17-2022 @ 07:12:37 - Row :64 - Parsing item.
08-17-2022 @ 07:12:37 - Row :64 - Parsing failed. Reason: User with same Email already exists. Email: eswaran@ajinomotoindia.com
08-17-2022 @ 07:12:37 - Row :65 - Parsing item.
08-17-2022 @ 07:12:37 - Row :65 - Parsing failed. Reason: User with same Email already exists. Email: remexinternationalpvtltd@gmail.com
08-17-2022 @ 07:12:37 - Row :66 - Parsing item.
08-17-2022 @ 07:12:37 - Row :66 - Parsing failed. Reason: User with same Email already exists. Email: epr-ael@dmartindia.com
08-17-2022 @ 07:12:37 - Row :67 - Parsing item.
08-17-2022 @ 07:12:37 - Row :67 - Parsing failed. Reason: User with same Email already exists. Email: gsvyas@khandelia.com
08-17-2022 @ 07:12:37 - Row :68 - Parsing item.
08-17-2022 @ 07:12:37 - Row :68 - Parsing failed. Reason: User with same Email already exists. Email: harsh@maxsunpolyshrink.com
08-17-2022 @ 07:12:37 - Row :69 - Parsing item.
08-17-2022 @ 07:12:37 - Row :69 - Parsing failed. Reason: User with same Email already exists. Email: natoreparkoffice@gmail.com
08-17-2022 @ 07:12:37 - Row :70 - Parsing item.
08-17-2022 @ 07:12:37 - Row :70 - Parsing failed. Reason: User with same Email already exists. Email: dhruv218@live.com
08-17-2022 @ 07:12:37 - Row :71 - Parsing item.
08-17-2022 @ 07:12:37 - Row :71 - Parsing failed. Reason: User with same Email already exists. Email: sunconsultantsinfo@gmail.com
08-17-2022 @ 07:12:37 - Row :72 - Parsing item.
08-17-2022 @ 07:12:37 - Row :72 - Parsing failed. Reason: User with same Email already exists. Email: kundeenterprisesb1@gmail.com
08-17-2022 @ 07:12:37 - Row :73 - Parsing item.
08-17-2022 @ 07:12:37 - Row :73 - Parsing failed. Reason: User with same Email already exists. Email: adsuntelecomind@gmail.com
08-17-2022 @ 07:12:37 - Row :74 - Parsing item.
08-17-2022 @ 07:12:37 - Row :74 - Parsing failed. Reason: User with same Email already exists. Email: prabhakar.mishra@perfettivanmelle.com
08-17-2022 @ 07:12:37 - Row :75 - Parsing item.
08-17-2022 @ 07:12:37 - Row :75 - Parsing failed. Reason: User with same Email already exists. Email: H.SARAF@GREINER-GPI.COM
08-17-2022 @ 07:12:37 - Row :76 - Parsing item.
08-17-2022 @ 07:12:37 - Row :76 - Parsing failed. Reason: User with same Email already exists. Email: accsaraflexipack@gmail.com
08-17-2022 @ 07:12:37 - Row :77 - Parsing item.
08-17-2022 @ 07:12:37 - Row :77 - Parsing failed. Reason: User with same Email already exists. Email: Naveen.kumar5@honda2wheelersindia.com
08-17-2022 @ 07:12:37 - Row :78 - Parsing item.
08-17-2022 @ 07:12:37 - Row :78 - Parsing failed. Reason: User with same Email already exists. Email: anand.singh@konicaminolta.com
08-17-2022 @ 07:12:37 - Row :79 - Parsing item.
08-17-2022 @ 07:12:37 - Row :79 - Parsing failed. Reason: User with same Email already exists. Email: udilguwahati@gmail.com
08-17-2022 @ 07:12:37 - Row :80 - Parsing item.
08-17-2022 @ 07:12:37 - Row :80 - Parsing failed. Reason: User with same Email already exists. Email: taware.h@rasoimagic.com
08-17-2022 @ 07:12:37 - Row :81 - Parsing item.
08-17-2022 @ 07:12:37 - Row :81 - Parsing failed. Reason: User with same Email already exists. Email: balajisales1994@rediffmail.com
08-17-2022 @ 07:12:37 - Row :82 - Parsing item.
08-17-2022 @ 07:12:37 - Row :82 - Parsing failed. Reason: User with same Email already exists. Email: amit.bansal@canon.co.in
08-17-2022 @ 07:12:37 - Row :83 - Parsing item.
08-17-2022 @ 07:12:37 - Row :83 - Parsing failed. Reason: User with same Email already exists. Email: rvpatel@mdfl.in
08-17-2022 @ 07:12:37 - Row :84 - Parsing item.
08-17-2022 @ 07:12:37 - Row :84 - Parsing failed. Reason: User with same Email already exists. Email: info.bharatdairy@gmail.com
08-17-2022 @ 07:12:37 - Row :85 - Parsing item.
08-17-2022 @ 07:12:37 - Row :85 - Parsing failed. Reason: User with same Email already exists. Email: petman.jep@gmail.com
08-17-2022 @ 07:12:37 - Row :86 - Parsing item.
08-17-2022 @ 07:12:37 - Row :86 - Parsing failed. Reason: User with same Email already exists. Email: GLOBALLPLAST@GMAIL.COM
08-17-2022 @ 07:12:37 - Row :87 - Parsing item.
08-17-2022 @ 07:12:37 - Row :87 - Parsing failed. Reason: User with same Email already exists. Email: mdfl2015@gmail.com
08-17-2022 @ 07:12:37 - Row :88 - Parsing item.
08-17-2022 @ 07:12:37 - Row :88 - Parsing failed. Reason: User with same Email already exists. Email: prem.vidyarthi@lotte.net
08-17-2022 @ 07:12:37 - Row :89 - Parsing item.
08-17-2022 @ 07:12:37 - Row :89 - Parsing failed. Reason: User with same Email already exists. Email: enkdil28@gmail.com
08-17-2022 @ 07:12:37 - Row :90 - Parsing item.
08-17-2022 @ 07:12:37 - Row :90 - Parsing failed. Reason: User with same Email already exists. Email: info.shivapolymers@gmail.com
08-17-2022 @ 07:12:37 - Row :91 - Parsing item.
08-17-2022 @ 07:12:37 - Row :91 - Parsing failed. Reason: User with same Email already exists. Email: prasoonbansal@shivaplastics.com
08-17-2022 @ 07:12:37 - Row :92 - Parsing item.
08-17-2022 @ 07:12:37 - Row :92 - Parsing failed. Reason: User with same Email already exists. Email: Dhiresh.saxena@piramal.com
08-17-2022 @ 07:12:37 - Row :93 - Parsing item.
08-17-2022 @ 07:12:37 - Row :93 - Parsing failed. Reason: User with same Email already exists. Email: kumartk01@gmail.com
08-17-2022 @ 07:12:37 - Row :94 - Parsing item.
08-17-2022 @ 07:12:37 - Row :94 - Parsing failed. Reason: User with same Email already exists. Email: accounts@lobsteroverseas.net
08-17-2022 @ 07:12:37 - Row :95 - Parsing item.
08-17-2022 @ 07:12:37 - Row :95 - Parsing failed. Reason: User with same Email already exists. Email: info@lobsteroverseas.net
08-17-2022 @ 07:12:37 - Row :96 - Parsing item.
08-17-2022 @ 07:12:37 - Row :96 - Parsing failed. Reason: User with same Email already exists. Email: suresh.c@sk.com
08-17-2022 @ 07:12:37 - Row :97 - Parsing item.
08-17-2022 @ 07:12:37 - Row :97 - Parsing failed. Reason: User with same Email already exists. Email: rraman@mblcoca-cola.com
08-17-2022 @ 07:12:37 - Row :98 - Parsing item.
08-17-2022 @ 07:12:37 - Row :98 - Parsing failed. Reason: User with same Email already exists. Email: samirpolymers786@gmail.com
08-17-2022 @ 07:12:37 - Row :99 - Parsing item.
08-17-2022 @ 07:12:37 - Row :99 - Parsing failed. Reason: User with same Email already exists. Email: shivani1141@gmail.com
08-17-2022 @ 07:12:37 - Row :100 - Parsing item.
08-17-2022 @ 07:12:37 - Row :100 - Parsing failed. Reason: User with same Email already exists. Email: dra@biodealpharma.com
08-17-2022 @ 07:12:37 - Preparing for import.
08-17-2022 @ 07:12:37 - Row :101 - Parsing item.
08-17-2022 @ 07:12:37 - Row :101 - Parsing failed. Reason: User with same Email already exists. Email: docs.import22@gmail.com
08-17-2022 @ 07:12:37 - Row :102 - Parsing item.
08-17-2022 @ 07:12:37 - Row :102 - Processing item.
08-17-2022 @ 07:12:37 - Processing users.
08-17-2022 @ 07:12:41 - > &#8220;1020&#8221;User imported successfully. ID:1020
08-17-2022 @ 07:12:41 - > Finished importing user 1020
08-17-2022 @ 07:12:41 - Row :102 - User imported successfully.
08-17-2022 @ 07:12:41 - Row :103 - Parsing item.
08-17-2022 @ 07:12:41 - Row :103 - Processing item.
08-17-2022 @ 07:12:41 - Processing users.
08-17-2022 @ 07:12:45 - > &#8220;1022&#8221;User imported successfully. ID:1022
08-17-2022 @ 07:12:45 - > Finished importing user 1022
08-17-2022 @ 07:12:45 - Row :103 - User imported successfully.
08-17-2022 @ 07:12:45 - Row :104 - Parsing item.
08-17-2022 @ 07:12:45 - Row :104 - Processing item.
08-17-2022 @ 07:12:45 - Processing users.
08-17-2022 @ 07:12:49 - > &#8220;1024&#8221;User imported successfully. ID:1024
08-17-2022 @ 07:12:49 - > Finished importing user 1024
08-17-2022 @ 07:12:49 - Row :104 - User imported successfully.
08-17-2022 @ 07:12:49 - Row :105 - Parsing item.
08-17-2022 @ 07:12:49 - Row :105 - Processing item.
08-17-2022 @ 07:12:49 - Processing users.
08-17-2022 @ 07:12:52 - > &#8220;1026&#8221;User imported successfully. ID:1026
08-17-2022 @ 07:12:52 - > Finished importing user 1026
08-17-2022 @ 07:12:52 - Row :105 - User imported successfully.
08-17-2022 @ 07:12:52 - Row :106 - Parsing item.
08-17-2022 @ 07:12:52 - Row :106 - Processing item.
08-17-2022 @ 07:12:52 - Processing users.
08-17-2022 @ 07:12:57 - > &#8220;1028&#8221;User imported successfully. ID:1028
08-17-2022 @ 07:12:57 - > Finished importing user 1028
08-17-2022 @ 07:12:57 - Row :106 - User imported successfully.
08-17-2022 @ 07:12:57 - Row :107 - Parsing item.
08-17-2022 @ 07:12:57 - Row :107 - Processing item.
08-17-2022 @ 07:12:57 - Processing users.
08-17-2022 @ 07:13:00 - > &#8220;1030&#8221;User imported successfully. ID:1030
08-17-2022 @ 07:13:00 - > Finished importing user 1030
08-17-2022 @ 07:13:00 - Row :107 - User imported successfully.
08-17-2022 @ 07:13:00 - Row :108 - Parsing item.
08-17-2022 @ 07:13:00 - Row :108 - Processing item.
08-17-2022 @ 07:13:00 - Processing users.
08-17-2022 @ 07:13:04 - > &#8220;1032&#8221;User imported successfully. ID:1032
08-17-2022 @ 07:13:04 - > Finished importing user 1032
08-17-2022 @ 07:13:04 - Row :108 - User imported successfully.
08-17-2022 @ 07:13:04 - Row :109 - Parsing item.
08-17-2022 @ 07:13:04 - Row :109 - Processing item.
08-17-2022 @ 07:13:04 - Processing users.
08-17-2022 @ 07:13:07 - > &#8220;1034&#8221;User imported successfully. ID:1034
08-17-2022 @ 07:13:07 - > Finished importing user 1034
08-17-2022 @ 07:13:07 - Row :109 - User imported successfully.
08-17-2022 @ 07:13:07 - Row :110 - Parsing item.
08-17-2022 @ 07:13:07 - Row :110 - Processing item.
08-17-2022 @ 07:13:07 - Processing users.
08-17-2022 @ 07:13:11 - > &#8220;1036&#8221;User imported successfully. ID:1036
08-17-2022 @ 07:13:11 - > Finished importing user 1036
08-17-2022 @ 07:13:11 - Row :110 - User imported successfully.
08-17-2022 @ 07:13:11 - Row :111 - Parsing item.
08-17-2022 @ 07:13:11 - Row :111 - Processing item.
08-17-2022 @ 07:13:11 - Processing users.
08-17-2022 @ 07:13:14 - > &#8220;1038&#8221;User imported successfully. ID:1038
08-17-2022 @ 07:13:14 - > Finished importing user 1038
08-17-2022 @ 07:13:14 - Row :111 - User imported successfully.
08-17-2022 @ 07:13:14 - Row :112 - Parsing item.
08-17-2022 @ 07:13:14 - Row :112 - Processing item.
08-17-2022 @ 07:13:14 - Processing users.
08-17-2022 @ 07:13:18 - > &#8220;1040&#8221;User imported successfully. ID:1040
08-17-2022 @ 07:13:18 - > Finished importing user 1040
08-17-2022 @ 07:13:18 - Row :112 - User imported successfully.
08-17-2022 @ 07:13:18 - Row :113 - Parsing item.
08-17-2022 @ 07:13:18 - Row :113 - Processing item.
08-17-2022 @ 07:13:18 - Processing users.
08-17-2022 @ 07:13:22 - > &#8220;1042&#8221;User imported successfully. ID:1042
08-17-2022 @ 07:13:22 - > Finished importing user 1042
08-17-2022 @ 07:13:22 - Row :113 - User imported successfully.
08-17-2022 @ 07:13:22 - Row :114 - Parsing item.
08-17-2022 @ 07:13:22 - Row :114 - Processing item.
08-17-2022 @ 07:13:22 - Processing users.
08-17-2022 @ 07:13:26 - > &#8220;1044&#8221;User imported successfully. ID:1044
08-17-2022 @ 07:13:26 - > Finished importing user 1044
08-17-2022 @ 07:13:26 - Row :114 - User imported successfully.
08-17-2022 @ 07:13:26 - Row :115 - Parsing item.
08-17-2022 @ 07:13:26 - Row :115 - Processing item.
08-17-2022 @ 07:13:26 - Processing users.
08-17-2022 @ 07:13:30 - > &#8220;1046&#8221;User imported successfully. ID:1046
08-17-2022 @ 07:13:30 - > Finished importing user 1046
08-17-2022 @ 07:13:30 - Row :115 - User imported successfully.
08-17-2022 @ 07:13:30 - Row :116 - Parsing item.
08-17-2022 @ 07:13:30 - Row :116 - Processing item.
08-17-2022 @ 07:13:30 - Processing users.
08-17-2022 @ 07:13:34 - > &#8220;1048&#8221;User imported successfully. ID:1048
08-17-2022 @ 07:13:34 - > Finished importing user 1048
08-17-2022 @ 07:13:34 - Row :116 - User imported successfully.
08-17-2022 @ 07:13:34 - Row :117 - Parsing item.
08-17-2022 @ 07:13:34 - Row :117 - Processing item.
08-17-2022 @ 07:13:34 - Processing users.
08-17-2022 @ 07:13:37 - > &#8220;1051&#8221;User imported successfully. ID:1051
08-17-2022 @ 07:13:37 - > Finished importing user 1051
08-17-2022 @ 07:13:37 - Row :117 - User imported successfully.
08-17-2022 @ 07:13:37 - Row :118 - Parsing item.
08-17-2022 @ 07:13:37 - Row :118 - Processing item.
08-17-2022 @ 07:13:37 - Processing users.
08-17-2022 @ 07:13:41 - > &#8220;1052&#8221;User imported successfully. ID:1052
08-17-2022 @ 07:13:41 - > Finished importing user 1052
08-17-2022 @ 07:13:41 - Row :118 - User imported successfully.
08-17-2022 @ 07:13:41 - Row :119 - Parsing item.
08-17-2022 @ 07:13:41 - Row :119 - Processing item.
08-17-2022 @ 07:13:41 - Processing users.
08-17-2022 @ 07:13:44 - > &#8220;1054&#8221;User imported successfully. ID:1054
08-17-2022 @ 07:13:44 - > Finished importing user 1054
08-17-2022 @ 07:13:44 - Row :119 - User imported successfully.
08-17-2022 @ 07:13:44 - Row :120 - Parsing item.
08-17-2022 @ 07:13:44 - Row :120 - Processing item.
08-17-2022 @ 07:13:44 - Processing users.
08-17-2022 @ 07:13:48 - > &#8220;1057&#8221;User imported successfully. ID:1057
08-17-2022 @ 07:13:48 - > Finished importing user 1057
08-17-2022 @ 07:13:48 - Row :120 - User imported successfully.
08-17-2022 @ 07:13:48 - Row :121 - Parsing item.
08-17-2022 @ 07:13:48 - Row :121 - Processing item.
08-17-2022 @ 07:13:48 - Processing users.
08-17-2022 @ 07:13:51 - > &#8220;1059&#8221;User imported successfully. ID:1059
08-17-2022 @ 07:13:51 - > Finished importing user 1059
08-17-2022 @ 07:13:51 - Row :121 - User imported successfully.
08-17-2022 @ 07:13:51 - Row :122 - Parsing item.
08-17-2022 @ 07:13:51 - Row :122 - Processing item.
08-17-2022 @ 07:13:51 - Processing users.
08-17-2022 @ 07:13:54 - > &#8220;1061&#8221;User imported successfully. ID:1061
08-17-2022 @ 07:13:54 - > Finished importing user 1061
08-17-2022 @ 07:13:54 - Row :122 - User imported successfully.
08-17-2022 @ 07:13:54 - Row :123 - Parsing item.
08-17-2022 @ 07:13:54 - Row :123 - Processing item.
08-17-2022 @ 07:13:54 - Processing users.
08-17-2022 @ 07:13:58 - > &#8220;1063&#8221;User imported successfully. ID:1063
08-17-2022 @ 07:13:58 - > Finished importing user 1063
08-17-2022 @ 07:13:58 - Row :123 - User imported successfully.
08-17-2022 @ 07:13:58 - Row :124 - Parsing item.
08-17-2022 @ 07:13:58 - Row :124 - Processing item.
08-17-2022 @ 07:13:58 - Processing users.
08-17-2022 @ 07:14:03 - > &#8220;1064&#8221;User imported successfully. ID:1064
08-17-2022 @ 07:14:03 - > Finished importing user 1064
08-17-2022 @ 07:14:03 - Row :124 - User imported successfully.
08-17-2022 @ 07:14:03 - Row :125 - Parsing item.
08-17-2022 @ 07:14:03 - Row :125 - Processing item.
08-17-2022 @ 07:14:03 - Processing users.
08-17-2022 @ 07:14:07 - > &#8220;1066&#8221;User imported successfully. ID:1066
08-17-2022 @ 07:14:07 - > Finished importing user 1066
08-17-2022 @ 07:14:07 - Row :125 - User imported successfully.
08-17-2022 @ 07:14:07 - Row :126 - Parsing item.
08-17-2022 @ 07:14:07 - Row :126 - Processing item.
08-17-2022 @ 07:14:07 - Processing users.
08-17-2022 @ 07:14:10 - > &#8220;1069&#8221;User imported successfully. ID:1069
08-17-2022 @ 07:14:10 - > Finished importing user 1069
08-17-2022 @ 07:14:10 - Row :126 - User imported successfully.
08-17-2022 @ 07:14:10 - Row :127 - Parsing item.
08-17-2022 @ 07:14:10 - Row :127 - Processing item.
08-17-2022 @ 07:14:10 - Processing users.
08-17-2022 @ 07:14:14 - > &#8220;1071&#8221;User imported successfully. ID:1071
08-17-2022 @ 07:14:14 - > Finished importing user 1071
08-17-2022 @ 07:14:14 - Row :127 - User imported successfully.
08-17-2022 @ 07:14:14 - Row :128 - Parsing item.
08-17-2022 @ 07:14:14 - Row :128 - Processing item.
08-17-2022 @ 07:14:14 - Processing users.
08-17-2022 @ 07:14:18 - > &#8220;1072&#8221;User imported successfully. ID:1072
08-17-2022 @ 07:14:18 - > Finished importing user 1072
08-17-2022 @ 07:14:18 - Row :128 - User imported successfully.
08-17-2022 @ 07:14:18 - Row :129 - Parsing item.
08-17-2022 @ 07:14:18 - Row :129 - Processing item.
08-17-2022 @ 07:14:18 - Processing users.
08-17-2022 @ 07:14:22 - > &#8220;1074&#8221;User imported successfully. ID:1074
08-17-2022 @ 07:14:22 - > Finished importing user 1074
08-17-2022 @ 07:14:22 - Row :129 - User imported successfully.
08-17-2022 @ 07:14:22 - Row :130 - Parsing item.
08-17-2022 @ 07:14:22 - Row :130 - Processing item.
08-17-2022 @ 07:14:22 - Processing users.
08-17-2022 @ 07:14:24 - > &#8220;1076&#8221;User imported successfully. ID:1076
08-17-2022 @ 07:14:24 - > Finished importing user 1076
08-17-2022 @ 07:14:24 - Row :130 - User imported successfully.
08-17-2022 @ 07:14:24 - Row :131 - Parsing item.
08-17-2022 @ 07:14:24 - Row :131 - Processing item.
08-17-2022 @ 07:14:24 - Processing users.
08-17-2022 @ 07:14:27 - > &#8220;1077&#8221;User imported successfully. ID:1077
08-17-2022 @ 07:14:27 - > Finished importing user 1077
08-17-2022 @ 07:14:27 - Row :131 - User imported successfully.
08-17-2022 @ 07:14:27 - Row :132 - Parsing item.
08-17-2022 @ 07:14:27 - Row :132 - Processing item.
08-17-2022 @ 07:14:27 - Processing users.
08-17-2022 @ 07:14:29 - > &#8220;1078&#8221;User imported successfully. ID:1078
08-17-2022 @ 07:14:29 - > Finished importing user 1078
08-17-2022 @ 07:14:29 - Row :132 - User imported successfully.
08-17-2022 @ 07:14:29 - Row :133 - Parsing item.
08-17-2022 @ 07:14:29 - Row :133 - Processing item.
08-17-2022 @ 07:14:29 - Processing users.
08-17-2022 @ 07:14:32 - > &#8220;1079&#8221;User imported successfully. ID:1079
08-17-2022 @ 07:14:32 - > Finished importing user 1079
08-17-2022 @ 07:14:32 - Row :133 - User imported successfully.
08-17-2022 @ 07:14:32 - Row :134 - Parsing item.
08-17-2022 @ 07:14:32 - Row :134 - Processing item.
08-17-2022 @ 07:14:32 - Processing users.
08-17-2022 @ 07:14:35 - > &#8220;1080&#8221;User imported successfully. ID:1080
08-17-2022 @ 07:14:35 - > Finished importing user 1080
08-17-2022 @ 07:14:35 - Row :134 - User imported successfully.
08-17-2022 @ 07:14:35 - Row :135 - Parsing item.
08-17-2022 @ 07:14:35 - Row :135 - Processing item.
08-17-2022 @ 07:14:35 - Processing users.
08-17-2022 @ 07:14:38 - > &#8220;1081&#8221;User imported successfully. ID:1081
08-17-2022 @ 07:14:38 - > Finished importing user 1081
08-17-2022 @ 07:14:38 - Row :135 - User imported successfully.
08-17-2022 @ 07:14:38 - Row :136 - Parsing item.
08-17-2022 @ 07:14:38 - Row :136 - Processing item.
08-17-2022 @ 07:14:38 - Processing users.
08-17-2022 @ 07:14:41 - > &#8220;1082&#8221;User imported successfully. ID:1082
08-17-2022 @ 07:14:41 - > Finished importing user 1082
08-17-2022 @ 07:14:41 - Row :136 - User imported successfully.
08-17-2022 @ 07:14:41 - Row :137 - Parsing item.
08-17-2022 @ 07:14:41 - Row :137 - Processing item.
08-17-2022 @ 07:14:41 - Processing users.
08-17-2022 @ 07:14:44 - > &#8220;1083&#8221;User imported successfully. ID:1083
08-17-2022 @ 07:14:44 - > Finished importing user 1083
08-17-2022 @ 07:14:44 - Row :137 - User imported successfully.
08-17-2022 @ 07:14:44 - Row :138 - Parsing item.
08-17-2022 @ 07:14:44 - Row :138 - Processing item.
08-17-2022 @ 07:14:44 - Processing users.
08-17-2022 @ 07:14:46 - > &#8220;1084&#8221;User imported successfully. ID:1084
08-17-2022 @ 07:14:46 - > Finished importing user 1084
08-17-2022 @ 07:14:46 - Row :138 - User imported successfully.
08-17-2022 @ 07:14:46 - Row :139 - Parsing item.
08-17-2022 @ 07:14:46 - Row :139 - Processing item.
08-17-2022 @ 07:14:46 - Processing users.
08-17-2022 @ 07:14:49 - > &#8220;1085&#8221;User imported successfully. ID:1085
08-17-2022 @ 07:14:49 - > Finished importing user 1085
08-17-2022 @ 07:14:49 - Row :139 - User imported successfully.
08-17-2022 @ 07:14:49 - Row :140 - Parsing item.
08-17-2022 @ 07:14:49 - Row :140 - Processing item.
08-17-2022 @ 07:14:49 - Processing users.
08-17-2022 @ 07:14:51 - > &#8220;1086&#8221;User imported successfully. ID:1086
08-17-2022 @ 07:14:51 - > Finished importing user 1086
08-17-2022 @ 07:14:51 - Row :140 - User imported successfully.
08-17-2022 @ 07:14:51 - Row :141 - Parsing item.
08-17-2022 @ 07:14:51 - Row :141 - Processing item.
08-17-2022 @ 07:14:51 - Processing users.
08-17-2022 @ 07:14:54 - > &#8220;1087&#8221;User imported successfully. ID:1087
08-17-2022 @ 07:14:54 - > Finished importing user 1087
08-17-2022 @ 07:14:54 - Row :141 - User imported successfully.
08-17-2022 @ 07:14:54 - Row :142 - Parsing item.
08-17-2022 @ 07:14:54 - Row :142 - Processing item.
08-17-2022 @ 07:14:54 - Processing users.
08-17-2022 @ 07:14:56 - > &#8220;1088&#8221;User imported successfully. ID:1088
08-17-2022 @ 07:14:56 - > Finished importing user 1088
08-17-2022 @ 07:14:56 - Row :142 - User imported successfully.
08-17-2022 @ 07:14:56 - Row :143 - Parsing item.
08-17-2022 @ 07:14:56 - Row :143 - Processing item.
08-17-2022 @ 07:14:56 - Processing users.
08-17-2022 @ 07:14:59 - > &#8220;1089&#8221;User imported successfully. ID:1089
08-17-2022 @ 07:14:59 - > Finished importing user 1089
08-17-2022 @ 07:14:59 - Row :143 - User imported successfully.
08-17-2022 @ 07:14:59 - Row :144 - Parsing item.
08-17-2022 @ 07:14:59 - Row :144 - Processing item.
08-17-2022 @ 07:14:59 - Processing users.
08-17-2022 @ 07:15:01 - > &#8220;1090&#8221;User imported successfully. ID:1090
08-17-2022 @ 07:15:01 - > Finished importing user 1090
08-17-2022 @ 07:15:01 - Row :144 - User imported successfully.
08-17-2022 @ 07:15:01 - Row :145 - Parsing item.
08-17-2022 @ 07:15:01 - Row :145 - Processing item.
08-17-2022 @ 07:15:01 - Processing users.
08-17-2022 @ 07:15:04 - > &#8220;1091&#8221;User imported successfully. ID:1091
08-17-2022 @ 07:15:04 - > Finished importing user 1091
08-17-2022 @ 07:15:04 - Row :145 - User imported successfully.
08-17-2022 @ 07:15:04 - Row :146 - Parsing item.
08-17-2022 @ 07:15:04 - Row :146 - Processing item.
08-17-2022 @ 07:15:04 - Processing users.
08-17-2022 @ 07:15:07 - > &#8220;1092&#8221;User imported successfully. ID:1092
08-17-2022 @ 07:15:07 - > Finished importing user 1092
08-17-2022 @ 07:15:07 - Row :146 - User imported successfully.
08-17-2022 @ 07:15:07 - Row :147 - Parsing item.
08-17-2022 @ 07:15:07 - Row :147 - Processing item.
08-17-2022 @ 07:15:07 - Processing users.
08-17-2022 @ 07:15:10 - > &#8220;1093&#8221;User imported successfully. ID:1093
08-17-2022 @ 07:15:10 - > Finished importing user 1093
08-17-2022 @ 07:15:10 - Row :147 - User imported successfully.
08-17-2022 @ 07:15:10 - Row :148 - Parsing item.
08-17-2022 @ 07:15:10 - Row :148 - Processing item.
08-17-2022 @ 07:15:10 - Processing users.
08-17-2022 @ 07:15:13 - > &#8220;1094&#8221;User imported successfully. ID:1094
08-17-2022 @ 07:15:13 - > Finished importing user 1094
08-17-2022 @ 07:15:13 - Row :148 - User imported successfully.
08-17-2022 @ 07:15:13 - Row :149 - Parsing item.
08-17-2022 @ 07:15:13 - Row :149 - Processing item.
08-17-2022 @ 07:15:13 - Processing users.
08-17-2022 @ 07:15:16 - > &#8220;1095&#8221;User imported successfully. ID:1095
08-17-2022 @ 07:15:16 - > Finished importing user 1095
08-17-2022 @ 07:15:16 - Row :149 - User imported successfully.
08-17-2022 @ 07:15:16 - Row :150 - Parsing item.
08-17-2022 @ 07:15:16 - Row :150 - Processing item.
08-17-2022 @ 07:15:16 - Processing users.
08-17-2022 @ 07:15:19 - > &#8220;1096&#8221;User imported successfully. ID:1096
08-17-2022 @ 07:15:19 - > Finished importing user 1096
08-17-2022 @ 07:15:19 - Row :150 - User imported successfully.
08-17-2022 @ 07:15:19 - Row :151 - Parsing item.
08-17-2022 @ 07:15:19 - Row :151 - Processing item.
08-17-2022 @ 07:15:19 - Processing users.
08-17-2022 @ 07:15:21 - > &#8220;1097&#8221;User imported successfully. ID:1097
08-17-2022 @ 07:15:21 - > Finished importing user 1097
08-17-2022 @ 07:15:21 - Row :151 - User imported successfully.
08-17-2022 @ 07:15:21 - Row :152 - Parsing item.
08-17-2022 @ 07:15:21 - Row :152 - Processing item.
08-17-2022 @ 07:15:21 - Processing users.
08-17-2022 @ 07:15:24 - > &#8220;1098&#8221;User imported successfully. ID:1098
08-17-2022 @ 07:15:24 - > Finished importing user 1098
08-17-2022 @ 07:15:24 - Row :152 - User imported successfully.
08-17-2022 @ 07:15:24 - Row :153 - Parsing item.
08-17-2022 @ 07:15:24 - Row :153 - Processing item.
08-17-2022 @ 07:15:24 - Processing users.
08-17-2022 @ 07:15:26 - > &#8220;1099&#8221;User imported successfully. ID:1099
08-17-2022 @ 07:15:26 - > Finished importing user 1099
08-17-2022 @ 07:15:26 - Row :153 - User imported successfully.
08-17-2022 @ 07:15:26 - Row :154 - Parsing item.
08-17-2022 @ 07:15:26 - Row :154 - Processing item.
08-17-2022 @ 07:15:26 - Processing users.
08-17-2022 @ 07:15:29 - > &#8220;1100&#8221;User imported successfully. ID:1100
08-17-2022 @ 07:15:29 - > Finished importing user 1100
08-17-2022 @ 07:15:29 - Row :154 - User imported successfully.
08-17-2022 @ 07:15:29 - Row :155 - Parsing item.
08-17-2022 @ 07:15:29 - Row :155 - Processing item.
08-17-2022 @ 07:15:29 - Processing users.
08-17-2022 @ 07:15:32 - > &#8220;1101&#8221;User imported successfully. ID:1101
08-17-2022 @ 07:15:32 - > Finished importing user 1101
08-17-2022 @ 07:15:32 - Row :155 - User imported successfully.
08-17-2022 @ 07:15:32 - Row :156 - Parsing item.
08-17-2022 @ 07:15:32 - Row :156 - Processing item.
08-17-2022 @ 07:15:32 - Processing users.
08-17-2022 @ 07:15:34 - > &#8220;1102&#8221;User imported successfully. ID:1102
08-17-2022 @ 07:15:34 - > Finished importing user 1102
08-17-2022 @ 07:15:34 - Row :156 - User imported successfully.
08-17-2022 @ 07:15:34 - Row :157 - Parsing item.
08-17-2022 @ 07:15:34 - Row :157 - Processing item.
08-17-2022 @ 07:15:34 - Processing users.
08-17-2022 @ 07:15:37 - > &#8220;1103&#8221;User imported successfully. ID:1103
08-17-2022 @ 07:15:37 - > Finished importing user 1103
08-17-2022 @ 07:15:37 - Row :157 - User imported successfully.
08-17-2022 @ 07:15:37 - Row :158 - Parsing item.
08-17-2022 @ 07:15:37 - Row :158 - Processing item.
08-17-2022 @ 07:15:37 - Processing users.
08-17-2022 @ 07:15:40 - > &#8220;1104&#8221;User imported successfully. ID:1104
08-17-2022 @ 07:15:40 - > Finished importing user 1104
08-17-2022 @ 07:15:40 - Row :158 - User imported successfully.
08-17-2022 @ 07:15:40 - Row :159 - Parsing item.
08-17-2022 @ 07:15:40 - Row :159 - Processing item.
08-17-2022 @ 07:15:40 - Processing users.
08-17-2022 @ 07:15:42 - > &#8220;1105&#8221;User imported successfully. ID:1105
08-17-2022 @ 07:15:42 - > Finished importing user 1105
08-17-2022 @ 07:15:42 - Row :159 - User imported successfully.
08-17-2022 @ 07:15:42 - Row :160 - Parsing item.
08-17-2022 @ 07:15:42 - Row :160 - Processing item.
08-17-2022 @ 07:15:42 - Processing users.
08-17-2022 @ 07:15:45 - > &#8220;1106&#8221;User imported successfully. ID:1106
08-17-2022 @ 07:15:45 - > Finished importing user 1106
08-17-2022 @ 07:15:45 - Row :160 - User imported successfully.
08-17-2022 @ 07:15:45 - Row :161 - Parsing item.
08-17-2022 @ 07:15:45 - Row :161 - Processing item.
08-17-2022 @ 07:15:45 - Processing users.
08-17-2022 @ 07:15:48 - > &#8220;1107&#8221;User imported successfully. ID:1107
08-17-2022 @ 07:15:48 - > Finished importing user 1107
08-17-2022 @ 07:15:48 - Row :161 - User imported successfully.
08-17-2022 @ 07:15:48 - Row :162 - Parsing item.
08-17-2022 @ 07:15:48 - Row :162 - Processing item.
08-17-2022 @ 07:15:48 - Processing users.
08-17-2022 @ 07:15:50 - > &#8220;1108&#8221;User imported successfully. ID:1108
08-17-2022 @ 07:15:50 - > Finished importing user 1108
08-17-2022 @ 07:15:50 - Row :162 - User imported successfully.
08-17-2022 @ 07:15:50 - Row :163 - Parsing item.
08-17-2022 @ 07:15:50 - Row :163 - Processing item.
08-17-2022 @ 07:15:50 - Processing users.
08-17-2022 @ 07:15:53 - > &#8220;1109&#8221;User imported successfully. ID:1109
08-17-2022 @ 07:15:53 - > Finished importing user 1109
08-17-2022 @ 07:15:53 - Row :163 - User imported successfully.
08-17-2022 @ 07:15:53 - Row :164 - Parsing item.
08-17-2022 @ 07:15:53 - Row :164 - Processing item.
08-17-2022 @ 07:15:53 - Processing users.
08-17-2022 @ 07:15:56 - > &#8220;1110&#8221;User imported successfully. ID:1110
08-17-2022 @ 07:15:56 - > Finished importing user 1110
08-17-2022 @ 07:15:56 - Row :164 - User imported successfully.
08-17-2022 @ 07:15:56 - Row :165 - Parsing item.
08-17-2022 @ 07:15:56 - Row :165 - Processing item.
08-17-2022 @ 07:15:56 - Processing users.
08-17-2022 @ 07:15:58 - > &#8220;1111&#8221;User imported successfully. ID:1111
08-17-2022 @ 07:15:58 - > Finished importing user 1111
08-17-2022 @ 07:15:58 - Row :165 - User imported successfully.
08-17-2022 @ 07:15:58 - Row :166 - Parsing item.
08-17-2022 @ 07:15:58 - Row :166 - Processing item.
08-17-2022 @ 07:15:58 - Processing users.
08-17-2022 @ 07:16:01 - > &#8220;1112&#8221;User imported successfully. ID:1112
08-17-2022 @ 07:16:01 - > Finished importing user 1112
08-17-2022 @ 07:16:01 - Row :166 - User imported successfully.
08-17-2022 @ 07:16:01 - Row :167 - Parsing item.
08-17-2022 @ 07:16:01 - Row :167 - Processing item.
08-17-2022 @ 07:16:01 - Processing users.
08-17-2022 @ 07:16:04 - > &#8220;1113&#8221;User imported successfully. ID:1113
08-17-2022 @ 07:16:04 - > Finished importing user 1113
08-17-2022 @ 07:16:04 - Row :167 - User imported successfully.
08-17-2022 @ 07:16:04 - Row :168 - Parsing item.
08-17-2022 @ 07:16:04 - Row :168 - Processing item.
08-17-2022 @ 07:16:04 - Processing users.
08-17-2022 @ 07:16:07 - > &#8220;1114&#8221;User imported successfully. ID:1114
08-17-2022 @ 07:16:07 - > Finished importing user 1114
08-17-2022 @ 07:16:07 - Row :168 - User imported successfully.
08-17-2022 @ 07:16:07 - Row :169 - Parsing item.
08-17-2022 @ 07:16:07 - Row :169 - Processing item.
08-17-2022 @ 07:16:07 - Processing users.
08-17-2022 @ 07:16:09 - > &#8220;1115&#8221;User imported successfully. ID:1115
08-17-2022 @ 07:16:09 - > Finished importing user 1115
08-17-2022 @ 07:16:09 - Row :169 - User imported successfully.
08-17-2022 @ 07:16:09 - Row :170 - Parsing item.
08-17-2022 @ 07:16:09 - Row :170 - Processing item.
08-17-2022 @ 07:16:09 - Processing users.
08-17-2022 @ 07:16:12 - > &#8220;1116&#8221;User imported successfully. ID:1116
08-17-2022 @ 07:16:12 - > Finished importing user 1116
08-17-2022 @ 07:16:12 - Row :170 - User imported successfully.
08-17-2022 @ 07:16:12 - Row :171 - Parsing item.
08-17-2022 @ 07:16:12 - Row :171 - Processing item.
08-17-2022 @ 07:16:12 - Processing users.
08-17-2022 @ 07:16:15 - > &#8220;1117&#8221;User imported successfully. ID:1117
08-17-2022 @ 07:16:15 - > Finished importing user 1117
08-17-2022 @ 07:16:15 - Row :171 - User imported successfully.
08-17-2022 @ 07:16:15 - Row :172 - Parsing item.
08-17-2022 @ 07:16:15 - Row :172 - Processing item.
08-17-2022 @ 07:16:15 - Processing users.
08-17-2022 @ 07:16:18 - > &#8220;1118&#8221;User imported successfully. ID:1118
08-17-2022 @ 07:16:18 - > Finished importing user 1118
08-17-2022 @ 07:16:18 - Row :172 - User imported successfully.
08-17-2022 @ 07:16:18 - Row :173 - Parsing item.
08-17-2022 @ 07:16:18 - Row :173 - Processing item.
08-17-2022 @ 07:16:18 - Processing users.
08-17-2022 @ 07:16:20 - > &#8220;1119&#8221;User imported successfully. ID:1119
08-17-2022 @ 07:16:20 - > Finished importing user 1119
08-17-2022 @ 07:16:20 - Row :173 - User imported successfully.
08-17-2022 @ 07:16:20 - Row :174 - Parsing item.
08-17-2022 @ 07:16:20 - Row :174 - Processing item.
08-17-2022 @ 07:16:20 - Processing users.
08-17-2022 @ 07:16:23 - > &#8220;1120&#8221;User imported successfully. ID:1120
08-17-2022 @ 07:16:23 - > Finished importing user 1120
08-17-2022 @ 07:16:23 - Row :174 - User imported successfully.
08-17-2022 @ 07:16:23 - Row :175 - Parsing item.
08-17-2022 @ 07:16:23 - Row :175 - Processing item.
08-17-2022 @ 07:16:23 - Processing users.
08-17-2022 @ 07:16:25 - > &#8220;1121&#8221;User imported successfully. ID:1121
08-17-2022 @ 07:16:25 - > Finished importing user 1121
08-17-2022 @ 07:16:25 - Row :175 - User imported successfully.
08-17-2022 @ 07:16:25 - Row :176 - Parsing item.
08-17-2022 @ 07:16:25 - Row :176 - Processing item.
08-17-2022 @ 07:16:25 - Processing users.
08-17-2022 @ 07:16:28 - > &#8220;1122&#8221;User imported successfully. ID:1122
08-17-2022 @ 07:16:28 - > Finished importing user 1122
08-17-2022 @ 07:16:28 - Row :176 - User imported successfully.
08-17-2022 @ 07:16:28 - Row :177 - Parsing item.
08-17-2022 @ 07:16:28 - Row :177 - Processing item.
08-17-2022 @ 07:16:28 - Processing users.
08-17-2022 @ 07:16:30 - > &#8220;1123&#8221;User imported successfully. ID:1123
08-17-2022 @ 07:16:30 - > Finished importing user 1123
08-17-2022 @ 07:16:30 - Row :177 - User imported successfully.
08-17-2022 @ 07:16:30 - Row :178 - Parsing item.
08-17-2022 @ 07:16:30 - Row :178 - Processing item.
08-17-2022 @ 07:16:30 - Processing users.
08-17-2022 @ 07:16:33 - > &#8220;1124&#8221;User imported successfully. ID:1124
08-17-2022 @ 07:16:33 - > Finished importing user 1124
08-17-2022 @ 07:16:33 - Row :178 - User imported successfully.
08-17-2022 @ 07:16:33 - Row :179 - Parsing item.
08-17-2022 @ 07:16:33 - Row :179 - Processing item.
08-17-2022 @ 07:16:33 - Processing users.
08-17-2022 @ 07:16:36 - > &#8220;1125&#8221;User imported successfully. ID:1125
08-17-2022 @ 07:16:36 - > Finished importing user 1125
08-17-2022 @ 07:16:36 - Row :179 - User imported successfully.
08-17-2022 @ 07:16:36 - Row :180 - Parsing item.
08-17-2022 @ 07:16:36 - Row :180 - Processing item.
08-17-2022 @ 07:16:36 - Processing users.
08-17-2022 @ 07:16:40 - > &#8220;1127&#8221;User imported successfully. ID:1127
08-17-2022 @ 07:16:40 - > Finished importing user 1127
08-17-2022 @ 07:16:40 - Row :180 - User imported successfully.
08-17-2022 @ 07:16:40 - Row :181 - Parsing item.
08-17-2022 @ 07:16:40 - Row :181 - Processing item.
08-17-2022 @ 07:16:40 - Processing users.
08-17-2022 @ 07:16:44 - > &#8220;1129&#8221;User imported successfully. ID:1129
08-17-2022 @ 07:16:44 - > Finished importing user 1129
08-17-2022 @ 07:16:44 - Row :181 - User imported successfully.
08-17-2022 @ 07:16:44 - Row :182 - Parsing item.
08-17-2022 @ 07:16:44 - Row :182 - Processing item.
08-17-2022 @ 07:16:44 - Processing users.
08-17-2022 @ 07:16:47 - > &#8220;1131&#8221;User imported successfully. ID:1131
08-17-2022 @ 07:16:47 - > Finished importing user 1131
08-17-2022 @ 07:16:47 - Row :182 - User imported successfully.
08-17-2022 @ 07:16:47 - Row :183 - Parsing item.
08-17-2022 @ 07:16:47 - Row :183 - Processing item.
08-17-2022 @ 07:16:47 - Processing users.
08-17-2022 @ 07:16:51 - > &#8220;1133&#8221;User imported successfully. ID:1133
08-17-2022 @ 07:16:51 - > Finished importing user 1133
08-17-2022 @ 07:16:51 - Row :183 - User imported successfully.
08-17-2022 @ 07:16:51 - Row :184 - Parsing item.
08-17-2022 @ 07:16:51 - Row :184 - Processing item.
08-17-2022 @ 07:16:51 - Processing users.
08-17-2022 @ 07:16:54 - > &#8220;1135&#8221;User imported successfully. ID:1135
08-17-2022 @ 07:16:54 - > Finished importing user 1135
08-17-2022 @ 07:16:54 - Row :184 - User imported successfully.
08-17-2022 @ 07:16:54 - Row :185 - Parsing item.
08-17-2022 @ 07:16:54 - Row :185 - Processing item.
08-17-2022 @ 07:16:54 - Processing users.
08-17-2022 @ 07:16:57 - > &#8220;1137&#8221;User imported successfully. ID:1137
08-17-2022 @ 07:16:57 - > Finished importing user 1137
08-17-2022 @ 07:16:57 - Row :185 - User imported successfully.
08-17-2022 @ 07:16:57 - Row :186 - Parsing item.
08-17-2022 @ 07:16:57 - Row :186 - Processing item.
08-17-2022 @ 07:16:57 - Processing users.
08-17-2022 @ 07:17:01 - > &#8220;1139&#8221;User imported successfully. ID:1139
08-17-2022 @ 07:17:01 - > Finished importing user 1139
08-17-2022 @ 07:17:01 - Row :186 - User imported successfully.
08-17-2022 @ 07:17:01 - Row :187 - Parsing item.
08-17-2022 @ 07:17:01 - Row :187 - Processing item.
08-17-2022 @ 07:17:01 - Processing users.
08-17-2022 @ 07:17:04 - > &#8220;1141&#8221;User imported successfully. ID:1141
08-17-2022 @ 07:17:04 - > Finished importing user 1141
08-17-2022 @ 07:17:04 - Row :187 - User imported successfully.
08-17-2022 @ 07:17:04 - Row :188 - Parsing item.
08-17-2022 @ 07:17:04 - Row :188 - Processing item.
08-17-2022 @ 07:17:04 - Processing users.
08-17-2022 @ 07:17:08 - > &#8220;1143&#8221;User imported successfully. ID:1143
08-17-2022 @ 07:17:08 - > Finished importing user 1143
08-17-2022 @ 07:17:08 - Row :188 - User imported successfully.
08-17-2022 @ 07:17:08 - Row :189 - Parsing item.
08-17-2022 @ 07:17:08 - Row :189 - Processing item.
08-17-2022 @ 07:17:08 - Processing users.
08-17-2022 @ 07:17:12 - > &#8220;1145&#8221;User imported successfully. ID:1145
08-17-2022 @ 07:17:12 - > Finished importing user 1145
08-17-2022 @ 07:17:12 - Row :189 - User imported successfully.
08-17-2022 @ 07:17:12 - Row :190 - Parsing item.
08-17-2022 @ 07:17:12 - Row :190 - Processing item.
08-17-2022 @ 07:17:12 - Processing users.
08-17-2022 @ 07:17:16 - > &#8220;1147&#8221;User imported successfully. ID:1147
08-17-2022 @ 07:17:16 - > Finished importing user 1147
08-17-2022 @ 07:17:16 - Row :190 - User imported successfully.
08-17-2022 @ 07:17:16 - Row :191 - Parsing item.
08-17-2022 @ 07:17:16 - Row :191 - Processing item.
08-17-2022 @ 07:17:16 - Processing users.
08-17-2022 @ 07:17:19 - > &#8220;1149&#8221;User imported successfully. ID:1149
08-17-2022 @ 07:17:19 - > Finished importing user 1149
08-17-2022 @ 07:17:19 - Row :191 - User imported successfully.
08-17-2022 @ 07:17:19 - Row :192 - Parsing item.
08-17-2022 @ 07:17:19 - Row :192 - Processing item.
08-17-2022 @ 07:17:19 - Processing users.
08-17-2022 @ 07:17:23 - > &#8220;1151&#8221;User imported successfully. ID:1151
08-17-2022 @ 07:17:23 - > Finished importing user 1151
08-17-2022 @ 07:17:23 - Row :192 - User imported successfully.
08-17-2022 @ 07:17:23 - Row :193 - Parsing item.
08-17-2022 @ 07:17:23 - Row :193 - Processing item.
08-17-2022 @ 07:17:23 - Processing users.
08-17-2022 @ 07:17:26 - > &#8220;1153&#8221;User imported successfully. ID:1153
08-17-2022 @ 07:17:26 - > Finished importing user 1153
08-17-2022 @ 07:17:26 - Row :193 - User imported successfully.
08-17-2022 @ 07:17:26 - Row :194 - Parsing item.
08-17-2022 @ 07:17:26 - Row :194 - Processing item.
08-17-2022 @ 07:17:26 - Processing users.
08-17-2022 @ 07:17:29 - > &#8220;1155&#8221;User imported successfully. ID:1155
08-17-2022 @ 07:17:29 - > Finished importing user 1155
08-17-2022 @ 07:17:29 - Row :194 - User imported successfully.
08-17-2022 @ 07:17:29 - Row :195 - Parsing item.
08-17-2022 @ 07:17:29 - Row :195 - Processing item.
08-17-2022 @ 07:17:29 - Processing users.
08-17-2022 @ 07:17:33 - > &#8220;1157&#8221;User imported successfully. ID:1157
08-17-2022 @ 07:17:33 - > Finished importing user 1157
08-17-2022 @ 07:17:33 - Row :195 - User imported successfully.
08-17-2022 @ 07:17:33 - Row :196 - Parsing item.
08-17-2022 @ 07:17:33 - Row :196 - Processing item.
08-17-2022 @ 07:17:33 - Processing users.
08-17-2022 @ 07:17:36 - > &#8220;1159&#8221;User imported successfully. ID:1159
08-17-2022 @ 07:17:36 - > Finished importing user 1159
08-17-2022 @ 07:17:36 - Row :196 - User imported successfully.
08-17-2022 @ 07:17:36 - Row :197 - Parsing item.
08-17-2022 @ 07:17:36 - Row :197 - Processing item.
08-17-2022 @ 07:17:36 - Processing users.
08-17-2022 @ 07:17:40 - > &#8220;1160&#8221;User imported successfully. ID:1160
08-17-2022 @ 07:17:40 - > Finished importing user 1160
08-17-2022 @ 07:17:40 - Row :197 - User imported successfully.
08-17-2022 @ 07:17:40 - Row :198 - Parsing item.
08-17-2022 @ 07:17:40 - Row :198 - Processing item.
08-17-2022 @ 07:17:40 - Processing users.
08-17-2022 @ 07:17:44 - > &#8220;1162&#8221;User imported successfully. ID:1162
08-17-2022 @ 07:17:44 - > Finished importing user 1162
08-17-2022 @ 07:17:44 - Row :198 - User imported successfully.
08-17-2022 @ 07:17:44 - Row :199 - Parsing item.
08-17-2022 @ 07:17:44 - Row :199 - Processing item.
08-17-2022 @ 07:17:44 - Processing users.
08-17-2022 @ 07:17:48 - > &#8220;1165&#8221;User imported successfully. ID:1165
08-17-2022 @ 07:17:48 - > Finished importing user 1165
08-17-2022 @ 07:17:48 - Row :199 - User imported successfully.
08-17-2022 @ 07:17:48 - Row :200 - Parsing item.
08-17-2022 @ 07:17:48 - Row :200 - Processing item.
08-17-2022 @ 07:17:48 - Processing users.
08-17-2022 @ 07:17:52 - > &#8220;1168&#8221;User imported successfully. ID:1168
08-17-2022 @ 07:17:52 - > Finished importing user 1168
08-17-2022 @ 07:17:52 - Row :200 - User imported successfully.
