08-17-2022 @ 07:16:34 - ---[ New import started at 2022-08-17 07:16:34 ] PHP Memory: 256 MB, WP Memory: 40 MB
08-17-2022 @ 07:16:34 - Preparing for import.
08-17-2022 @ 07:16:34 - Row :1 - Parsing item.
08-17-2022 @ 07:16:34 - Row :1 - Processing item.
08-17-2022 @ 07:16:34 - Processing users.
08-17-2022 @ 07:16:38 - > &#8220;1126&#8221;User imported successfully. ID:1126
08-17-2022 @ 07:16:38 - > Finished importing user 1126
08-17-2022 @ 07:16:38 - Row :1 - User imported successfully.
08-17-2022 @ 07:16:38 - Row :2 - Parsing item.
08-17-2022 @ 07:16:38 - Row :2 - Processing item.
08-17-2022 @ 07:16:38 - Processing users.
08-17-2022 @ 07:16:42 - > &#8220;1128&#8221;User imported successfully. ID:1128
08-17-2022 @ 07:16:42 - > Finished importing user 1128
08-17-2022 @ 07:16:42 - Row :2 - User imported successfully.
08-17-2022 @ 07:16:42 - Row :3 - Parsing item.
08-17-2022 @ 07:16:42 - Row :3 - Processing item.
08-17-2022 @ 07:16:42 - Processing users.
08-17-2022 @ 07:16:45 - > &#8220;1130&#8221;User imported successfully. ID:1130
08-17-2022 @ 07:16:45 - > Finished importing user 1130
08-17-2022 @ 07:16:45 - Row :3 - User imported successfully.
08-17-2022 @ 07:16:45 - Row :4 - Parsing item.
08-17-2022 @ 07:16:45 - Row :4 - Processing item.
08-17-2022 @ 07:16:45 - Processing users.
08-17-2022 @ 07:16:49 - > &#8220;1132&#8221;User imported successfully. ID:1132
08-17-2022 @ 07:16:49 - > Finished importing user 1132
08-17-2022 @ 07:16:49 - Row :4 - User imported successfully.
08-17-2022 @ 07:16:49 - Row :5 - Parsing item.
08-17-2022 @ 07:16:49 - Row :5 - Processing item.
08-17-2022 @ 07:16:49 - Processing users.
08-17-2022 @ 07:16:53 - > &#8220;1134&#8221;User imported successfully. ID:1134
08-17-2022 @ 07:16:53 - > Finished importing user 1134
08-17-2022 @ 07:16:53 - Row :5 - User imported successfully.
08-17-2022 @ 07:16:53 - Row :6 - Parsing item.
08-17-2022 @ 07:16:53 - Row :6 - Processing item.
08-17-2022 @ 07:16:53 - Processing users.
08-17-2022 @ 07:16:56 - > &#8220;1136&#8221;User imported successfully. ID:1136
08-17-2022 @ 07:16:56 - > Finished importing user 1136
08-17-2022 @ 07:16:56 - Row :6 - User imported successfully.
08-17-2022 @ 07:16:56 - Row :7 - Parsing item.
08-17-2022 @ 07:16:56 - Row :7 - Processing item.
08-17-2022 @ 07:16:56 - Processing users.
08-17-2022 @ 07:16:59 - > &#8220;1138&#8221;User imported successfully. ID:1138
08-17-2022 @ 07:16:59 - > Finished importing user 1138
08-17-2022 @ 07:16:59 - Row :7 - User imported successfully.
08-17-2022 @ 07:16:59 - Row :8 - Parsing item.
08-17-2022 @ 07:16:59 - Row :8 - Processing item.
08-17-2022 @ 07:16:59 - Processing users.
08-17-2022 @ 07:17:03 - > &#8220;1140&#8221;User imported successfully. ID:1140
08-17-2022 @ 07:17:03 - > Finished importing user 1140
08-17-2022 @ 07:17:03 - Row :8 - User imported successfully.
08-17-2022 @ 07:17:03 - Row :9 - Parsing item.
08-17-2022 @ 07:17:03 - Row :9 - Processing item.
08-17-2022 @ 07:17:03 - Processing users.
08-17-2022 @ 07:17:07 - > &#8220;1142&#8221;User imported successfully. ID:1142
08-17-2022 @ 07:17:07 - > Finished importing user 1142
08-17-2022 @ 07:17:07 - Row :9 - User imported successfully.
08-17-2022 @ 07:17:07 - Row :10 - Parsing item.
08-17-2022 @ 07:17:07 - Row :10 - Processing item.
08-17-2022 @ 07:17:07 - Processing users.
08-17-2022 @ 07:17:10 - > &#8220;1144&#8221;User imported successfully. ID:1144
08-17-2022 @ 07:17:10 - > Finished importing user 1144
08-17-2022 @ 07:17:10 - Row :10 - User imported successfully.
08-17-2022 @ 07:17:10 - Row :11 - Parsing item.
08-17-2022 @ 07:17:10 - Row :11 - Processing item.
08-17-2022 @ 07:17:10 - Processing users.
08-17-2022 @ 07:17:14 - > &#8220;1146&#8221;User imported successfully. ID:1146
08-17-2022 @ 07:17:14 - > Finished importing user 1146
08-17-2022 @ 07:17:14 - Row :11 - User imported successfully.
08-17-2022 @ 07:17:14 - Row :12 - Parsing item.
08-17-2022 @ 07:17:14 - Row :12 - Processing item.
08-17-2022 @ 07:17:14 - Processing users.
08-17-2022 @ 07:17:19 - > &#8220;1148&#8221;User imported successfully. ID:1148
08-17-2022 @ 07:17:19 - > Finished importing user 1148
08-17-2022 @ 07:17:19 - Row :12 - User imported successfully.
08-17-2022 @ 07:17:19 - Row :13 - Parsing item.
08-17-2022 @ 07:17:19 - Row :13 - Processing item.
08-17-2022 @ 07:17:19 - Processing users.
08-17-2022 @ 07:17:22 - > &#8220;1150&#8221;User imported successfully. ID:1150
08-17-2022 @ 07:17:22 - > Finished importing user 1150
08-17-2022 @ 07:17:22 - Row :13 - User imported successfully.
08-17-2022 @ 07:17:22 - Row :14 - Parsing item.
08-17-2022 @ 07:17:22 - Row :14 - Processing item.
08-17-2022 @ 07:17:22 - Processing users.
08-17-2022 @ 07:17:26 - > &#8220;1152&#8221;User imported successfully. ID:1152
08-17-2022 @ 07:17:26 - > Finished importing user 1152
08-17-2022 @ 07:17:26 - Row :14 - User imported successfully.
08-17-2022 @ 07:17:26 - Row :15 - Parsing item.
08-17-2022 @ 07:17:26 - Row :15 - Processing item.
08-17-2022 @ 07:17:26 - Processing users.
08-17-2022 @ 07:17:29 - > &#8220;1154&#8221;User imported successfully. ID:1154
08-17-2022 @ 07:17:29 - > Finished importing user 1154
08-17-2022 @ 07:17:29 - Row :15 - User imported successfully.
08-17-2022 @ 07:17:29 - Row :16 - Parsing item.
08-17-2022 @ 07:17:29 - Row :16 - Processing item.
08-17-2022 @ 07:17:29 - Processing users.
08-17-2022 @ 07:17:33 - > &#8220;1156&#8221;User imported successfully. ID:1156
08-17-2022 @ 07:17:33 - > Finished importing user 1156
08-17-2022 @ 07:17:33 - Row :16 - User imported successfully.
08-17-2022 @ 07:17:33 - Row :17 - Parsing item.
08-17-2022 @ 07:17:33 - Row :17 - Processing item.
08-17-2022 @ 07:17:33 - Processing users.
08-17-2022 @ 07:17:36 - > &#8220;1158&#8221;User imported successfully. ID:1158
08-17-2022 @ 07:17:36 - > Finished importing user 1158
08-17-2022 @ 07:17:36 - Row :17 - User imported successfully.
08-17-2022 @ 07:17:36 - Row :18 - Parsing item.
08-17-2022 @ 07:17:36 - Row :18 - Processing item.
08-17-2022 @ 07:17:36 - Processing users.
08-17-2022 @ 07:17:40 - > &#8220;1161&#8221;User imported successfully. ID:1161
08-17-2022 @ 07:17:40 - > Finished importing user 1161
08-17-2022 @ 07:17:40 - Row :18 - User imported successfully.
08-17-2022 @ 07:17:40 - Row :19 - Parsing item.
08-17-2022 @ 07:17:40 - Row :19 - Processing item.
08-17-2022 @ 07:17:40 - Processing users.
08-17-2022 @ 07:17:45 - > &#8220;1163&#8221;User imported successfully. ID:1163
08-17-2022 @ 07:17:45 - > Finished importing user 1163
08-17-2022 @ 07:17:45 - Row :19 - User imported successfully.
08-17-2022 @ 07:17:45 - Row :20 - Parsing item.
08-17-2022 @ 07:17:45 - Row :20 - Parsing failed. Reason: User with same Email already exists. Email: bdbhatt@idmc.com
08-17-2022 @ 07:17:45 - Row :21 - Parsing item.
08-17-2022 @ 07:17:45 - Row :21 - Processing item.
08-17-2022 @ 07:17:45 - Processing users.
08-17-2022 @ 07:17:48 - > &#8220;1166&#8221;User imported successfully. ID:1166
08-17-2022 @ 07:17:48 - > Finished importing user 1166
08-17-2022 @ 07:17:48 - Row :21 - User imported successfully.
08-17-2022 @ 07:17:48 - Row :22 - Parsing item.
08-17-2022 @ 07:17:48 - Row :22 - Parsing failed. Reason: User with same Email already exists. Email: smkconsultancy.mlr@gmail.com
08-17-2022 @ 07:17:48 - Row :23 - Parsing item.
08-17-2022 @ 07:17:48 - Row :23 - Processing item.
08-17-2022 @ 07:17:48 - Processing users.
08-17-2022 @ 07:17:52 - > &#8220;1169&#8221;User imported successfully. ID:1169
08-17-2022 @ 07:17:52 - > Finished importing user 1169
08-17-2022 @ 07:17:52 - Row :23 - User imported successfully.
08-17-2022 @ 07:17:52 - Row :24 - Parsing item.
08-17-2022 @ 07:17:52 - Row :24 - Parsing failed. Reason: User with same Email already exists. Email: rajbir.singh@bectorfoods.com
08-17-2022 @ 07:17:52 - Row :25 - Parsing item.
08-17-2022 @ 07:17:52 - Row :25 - Processing item.
08-17-2022 @ 07:17:52 - Processing users.
08-17-2022 @ 07:17:56 - > &#8220;1171&#8221;User imported successfully. ID:1171
08-17-2022 @ 07:17:56 - > Finished importing user 1171
08-17-2022 @ 07:17:56 - Row :25 - User imported successfully.
08-17-2022 @ 07:17:56 - Row :26 - Parsing item.
08-17-2022 @ 07:17:56 - Row :26 - Parsing failed. Reason: User with same Email already exists. Email: hr.bahalgarh@kohinoorfoods.in
08-17-2022 @ 07:17:56 - Row :27 - Parsing item.
08-17-2022 @ 07:17:56 - Row :27 - Processing item.
08-17-2022 @ 07:17:56 - Processing users.
08-17-2022 @ 07:18:00 - > &#8220;1173&#8221;User imported successfully. ID:1173
08-17-2022 @ 07:18:00 - > Finished importing user 1173
08-17-2022 @ 07:18:00 - Row :27 - User imported successfully.
08-17-2022 @ 07:18:00 - Row :28 - Parsing item.
08-17-2022 @ 07:18:00 - Row :28 - Parsing failed. Reason: User with same Email already exists. Email: ashwanisharmahrm@gmail.com
08-17-2022 @ 07:18:00 - Row :29 - Parsing item.
08-17-2022 @ 07:18:00 - Row :29 - Processing item.
08-17-2022 @ 07:18:00 - Processing users.
08-17-2022 @ 07:18:03 - > &#8220;1175&#8221;User imported successfully. ID:1175
08-17-2022 @ 07:18:03 - > Finished importing user 1175
08-17-2022 @ 07:18:03 - Row :29 - User imported successfully.
08-17-2022 @ 07:18:03 - Row :30 - Parsing item.
08-17-2022 @ 07:18:03 - Row :30 - Parsing failed. Reason: User with same Email already exists. Email: accounts@vintechpoly.in
08-17-2022 @ 07:18:03 - Row :31 - Parsing item.
08-17-2022 @ 07:18:03 - Row :31 - Processing item.
08-17-2022 @ 07:18:03 - Processing users.
08-17-2022 @ 07:18:07 - > &#8220;1177&#8221;User imported successfully. ID:1177
08-17-2022 @ 07:18:07 - > Finished importing user 1177
08-17-2022 @ 07:18:07 - Row :31 - User imported successfully.
08-17-2022 @ 07:18:07 - Row :32 - Parsing item.
08-17-2022 @ 07:18:07 - Row :32 - Parsing failed. Reason: User with same Email already exists. Email: shraddhatrikutabeverages906@gmail.com
08-17-2022 @ 07:18:07 - Row :33 - Parsing item.
08-17-2022 @ 07:18:07 - Row :33 - Processing item.
08-17-2022 @ 07:18:07 - Processing users.
08-17-2022 @ 07:18:11 - > &#8220;1179&#8221;User imported successfully. ID:1179
08-17-2022 @ 07:18:11 - > Finished importing user 1179
08-17-2022 @ 07:18:11 - Row :33 - User imported successfully.
08-17-2022 @ 07:18:11 - Row :34 - Parsing item.
08-17-2022 @ 07:18:11 - Row :34 - Parsing failed. Reason: User with same Email already exists. Email: patgroexim2@gmail.com
08-17-2022 @ 07:18:11 - Row :35 - Parsing item.
08-17-2022 @ 07:18:11 - Row :35 - Processing item.
08-17-2022 @ 07:18:11 - Processing users.
08-17-2022 @ 07:18:14 - > &#8220;1181&#8221;User imported successfully. ID:1181
08-17-2022 @ 07:18:14 - > Finished importing user 1181
08-17-2022 @ 07:18:14 - Row :35 - User imported successfully.
08-17-2022 @ 07:18:14 - Row :36 - Parsing item.
08-17-2022 @ 07:18:14 - Row :36 - Parsing failed. Reason: User with same Email already exists. Email: akhil@manjilas.com
08-17-2022 @ 07:18:14 - Row :37 - Parsing item.
08-17-2022 @ 07:18:14 - Row :37 - Processing item.
08-17-2022 @ 07:18:14 - Processing users.
08-17-2022 @ 07:18:18 - > &#8220;1183&#8221;User imported successfully. ID:1183
08-17-2022 @ 07:18:18 - > Finished importing user 1183
08-17-2022 @ 07:18:18 - Row :37 - User imported successfully.
08-17-2022 @ 07:18:18 - Row :38 - Parsing item.
08-17-2022 @ 07:18:18 - Row :38 - Parsing failed. Reason: User with same Email already exists. Email: palak@futuristic.net.in
08-17-2022 @ 07:18:18 - Row :39 - Parsing item.
08-17-2022 @ 07:18:18 - Row :39 - Processing item.
08-17-2022 @ 07:18:18 - Processing users.
08-17-2022 @ 07:18:22 - > &#8220;1185&#8221;User imported successfully. ID:1185
08-17-2022 @ 07:18:22 - > Finished importing user 1185
08-17-2022 @ 07:18:22 - Row :39 - User imported successfully.
08-17-2022 @ 07:18:22 - Row :40 - Parsing item.
08-17-2022 @ 07:18:22 - Row :40 - Parsing failed. Reason: User with same Email already exists. Email: hrd@vistapackagings.com
08-17-2022 @ 07:18:22 - Row :41 - Parsing item.
08-17-2022 @ 07:18:22 - Row :41 - Processing item.
08-17-2022 @ 07:18:22 - Processing users.
08-17-2022 @ 07:18:26 - > &#8220;1187&#8221;User imported successfully. ID:1187
08-17-2022 @ 07:18:26 - > Finished importing user 1187
08-17-2022 @ 07:18:26 - Row :41 - User imported successfully.
08-17-2022 @ 07:18:26 - Row :42 - Parsing item.
08-17-2022 @ 07:18:26 - Row :42 - Parsing failed. Reason: User with same Email already exists. Email: snjjeetu@gmail.com
08-17-2022 @ 07:18:26 - Row :43 - Parsing item.
08-17-2022 @ 07:18:26 - Row :43 - Processing item.
08-17-2022 @ 07:18:26 - Processing users.
08-17-2022 @ 07:18:30 - > &#8220;1189&#8221;User imported successfully. ID:1189
08-17-2022 @ 07:18:30 - > Finished importing user 1189
08-17-2022 @ 07:18:30 - Row :43 - User imported successfully.
08-17-2022 @ 07:18:30 - Row :44 - Parsing item.
08-17-2022 @ 07:18:30 - Row :44 - Parsing failed. Reason: User with same Email already exists. Email: ucc.varun1996@gmail.com
08-17-2022 @ 07:18:30 - Row :45 - Parsing item.
08-17-2022 @ 07:18:30 - Row :45 - Processing item.
08-17-2022 @ 07:18:30 - Processing users.
08-17-2022 @ 07:18:34 - > &#8220;1191&#8221;User imported successfully. ID:1191
08-17-2022 @ 07:18:34 - > Finished importing user 1191
08-17-2022 @ 07:18:34 - Row :45 - User imported successfully.
08-17-2022 @ 07:18:34 - Row :46 - Parsing item.
08-17-2022 @ 07:18:34 - Row :46 - Parsing failed. Reason: User with same Email already exists. Email: ecocovers@gmail.com
08-17-2022 @ 07:18:34 - Row :47 - Parsing item.
08-17-2022 @ 07:18:34 - Row :47 - Parsing failed. Reason: User with same Email already exists. Email: nbkulkarni@rcfltd.com
08-17-2022 @ 07:18:34 - Row :48 - Parsing item.
08-17-2022 @ 07:18:34 - Row :48 - Processing item.
08-17-2022 @ 07:18:34 - Processing users.
08-17-2022 @ 07:18:37 - > &#8220;1194&#8221;User imported successfully. ID:1194
08-17-2022 @ 07:18:37 - > Finished importing user 1194
08-17-2022 @ 07:18:37 - Row :48 - User imported successfully.
08-17-2022 @ 07:18:37 - Row :49 - Parsing item.
08-17-2022 @ 07:18:37 - Row :49 - Processing item.
08-17-2022 @ 07:18:37 - Processing users.
08-17-2022 @ 07:18:41 - > &#8220;1196&#8221;User imported successfully. ID:1196
08-17-2022 @ 07:18:41 - > Finished importing user 1196
08-17-2022 @ 07:18:41 - Row :49 - User imported successfully.
08-17-2022 @ 07:18:41 - Row :50 - Parsing item.
08-17-2022 @ 07:18:41 - Row :50 - Processing item.
08-17-2022 @ 07:18:41 - Processing users.
08-17-2022 @ 07:18:45 - > &#8220;1198&#8221;User imported successfully. ID:1198
08-17-2022 @ 07:18:45 - > Finished importing user 1198
08-17-2022 @ 07:18:45 - Row :50 - User imported successfully.
08-17-2022 @ 07:18:45 - Row :51 - Parsing item.
08-17-2022 @ 07:18:45 - Row :51 - Processing item.
08-17-2022 @ 07:18:45 - Processing users.
08-17-2022 @ 07:18:47 - > &#8220;1199&#8221;User imported successfully. ID:1199
08-17-2022 @ 07:18:47 - > Finished importing user 1199
08-17-2022 @ 07:18:47 - Row :51 - User imported successfully.
08-17-2022 @ 07:18:47 - Row :52 - Parsing item.
08-17-2022 @ 07:18:47 - Row :52 - Processing item.
08-17-2022 @ 07:18:47 - Processing users.
08-17-2022 @ 07:18:50 - > &#8220;1200&#8221;User imported successfully. ID:1200
08-17-2022 @ 07:18:50 - > Finished importing user 1200
08-17-2022 @ 07:18:50 - Row :52 - User imported successfully.
08-17-2022 @ 07:18:50 - Row :53 - Parsing item.
08-17-2022 @ 07:18:50 - Row :53 - Processing item.
08-17-2022 @ 07:18:50 - Processing users.
08-17-2022 @ 07:18:52 - > &#8220;1201&#8221;User imported successfully. ID:1201
08-17-2022 @ 07:18:52 - > Finished importing user 1201
08-17-2022 @ 07:18:52 - Row :53 - User imported successfully.
08-17-2022 @ 07:18:52 - Row :54 - Parsing item.
08-17-2022 @ 07:18:52 - Row :54 - Processing item.
08-17-2022 @ 07:18:52 - Processing users.
08-17-2022 @ 07:18:55 - > &#8220;1202&#8221;User imported successfully. ID:1202
08-17-2022 @ 07:18:55 - > Finished importing user 1202
08-17-2022 @ 07:18:55 - Row :54 - User imported successfully.
08-17-2022 @ 07:18:55 - Row :55 - Parsing item.
08-17-2022 @ 07:18:55 - Row :55 - Processing item.
08-17-2022 @ 07:18:55 - Processing users.
08-17-2022 @ 07:18:58 - > &#8220;1203&#8221;User imported successfully. ID:1203
08-17-2022 @ 07:18:58 - > Finished importing user 1203
08-17-2022 @ 07:18:58 - Row :55 - User imported successfully.
08-17-2022 @ 07:18:58 - Row :56 - Parsing item.
08-17-2022 @ 07:18:58 - Row :56 - Processing item.
08-17-2022 @ 07:18:58 - Processing users.
08-17-2022 @ 07:19:00 - > &#8220;1204&#8221;User imported successfully. ID:1204
08-17-2022 @ 07:19:00 - > Finished importing user 1204
08-17-2022 @ 07:19:00 - Row :56 - User imported successfully.
08-17-2022 @ 07:19:00 - Row :57 - Parsing item.
08-17-2022 @ 07:19:00 - Row :57 - Processing item.
08-17-2022 @ 07:19:00 - Processing users.
08-17-2022 @ 07:19:03 - > &#8220;1205&#8221;User imported successfully. ID:1205
08-17-2022 @ 07:19:03 - > Finished importing user 1205
08-17-2022 @ 07:19:03 - Row :57 - User imported successfully.
08-17-2022 @ 07:19:03 - Row :58 - Parsing item.
08-17-2022 @ 07:19:03 - Row :58 - Processing item.
08-17-2022 @ 07:19:03 - Processing users.
08-17-2022 @ 07:19:05 - > &#8220;1206&#8221;User imported successfully. ID:1206
08-17-2022 @ 07:19:05 - > Finished importing user 1206
08-17-2022 @ 07:19:05 - Row :58 - User imported successfully.
08-17-2022 @ 07:19:05 - Row :59 - Parsing item.
08-17-2022 @ 07:19:05 - Row :59 - Processing item.
08-17-2022 @ 07:19:05 - Processing users.
08-17-2022 @ 07:19:08 - > &#8220;1207&#8221;User imported successfully. ID:1207
08-17-2022 @ 07:19:08 - > Finished importing user 1207
08-17-2022 @ 07:19:08 - Row :59 - User imported successfully.
08-17-2022 @ 07:19:08 - Row :60 - Parsing item.
08-17-2022 @ 07:19:08 - Row :60 - Processing item.
08-17-2022 @ 07:19:08 - Processing users.
08-17-2022 @ 07:19:11 - > &#8220;1208&#8221;User imported successfully. ID:1208
08-17-2022 @ 07:19:11 - > Finished importing user 1208
08-17-2022 @ 07:19:11 - Row :60 - User imported successfully.
08-17-2022 @ 07:19:11 - Row :61 - Parsing item.
08-17-2022 @ 07:19:11 - Row :61 - Processing item.
08-17-2022 @ 07:19:11 - Processing users.
08-17-2022 @ 07:19:13 - > &#8220;1209&#8221;User imported successfully. ID:1209
08-17-2022 @ 07:19:13 - > Finished importing user 1209
08-17-2022 @ 07:19:13 - Row :61 - User imported successfully.
08-17-2022 @ 07:19:13 - Row :62 - Parsing item.
08-17-2022 @ 07:19:13 - Row :62 - Processing item.
08-17-2022 @ 07:19:13 - Processing users.
08-17-2022 @ 07:19:16 - > &#8220;1210&#8221;User imported successfully. ID:1210
08-17-2022 @ 07:19:16 - > Finished importing user 1210
08-17-2022 @ 07:19:16 - Row :62 - User imported successfully.
08-17-2022 @ 07:19:16 - Row :63 - Parsing item.
08-17-2022 @ 07:19:16 - Row :63 - Processing item.
08-17-2022 @ 07:19:16 - Processing users.
08-17-2022 @ 07:19:19 - > &#8220;1211&#8221;User imported successfully. ID:1211
08-17-2022 @ 07:19:19 - > Finished importing user 1211
08-17-2022 @ 07:19:19 - Row :63 - User imported successfully.
08-17-2022 @ 07:19:19 - Row :64 - Parsing item.
08-17-2022 @ 07:19:19 - Row :64 - Processing item.
08-17-2022 @ 07:19:19 - Processing users.
08-17-2022 @ 07:19:21 - > &#8220;1212&#8221;User imported successfully. ID:1212
08-17-2022 @ 07:19:21 - > Finished importing user 1212
08-17-2022 @ 07:19:21 - Row :64 - User imported successfully.
08-17-2022 @ 07:19:21 - Row :65 - Parsing item.
08-17-2022 @ 07:19:21 - Row :65 - Processing item.
08-17-2022 @ 07:19:21 - Processing users.
08-17-2022 @ 07:19:23 - > &#8220;1213&#8221;User imported successfully. ID:1213
08-17-2022 @ 07:19:23 - > Finished importing user 1213
08-17-2022 @ 07:19:23 - Row :65 - User imported successfully.
08-17-2022 @ 07:19:23 - Row :66 - Parsing item.
08-17-2022 @ 07:19:23 - Row :66 - Processing item.
08-17-2022 @ 07:19:23 - Processing users.
08-17-2022 @ 07:19:26 - > &#8220;1214&#8221;User imported successfully. ID:1214
08-17-2022 @ 07:19:26 - > Finished importing user 1214
08-17-2022 @ 07:19:26 - Row :66 - User imported successfully.
08-17-2022 @ 07:19:26 - Row :67 - Parsing item.
08-17-2022 @ 07:19:26 - Row :67 - Processing item.
08-17-2022 @ 07:19:26 - Processing users.
08-17-2022 @ 07:19:29 - > &#8220;1215&#8221;User imported successfully. ID:1215
08-17-2022 @ 07:19:29 - > Finished importing user 1215
08-17-2022 @ 07:19:29 - Row :67 - User imported successfully.
08-17-2022 @ 07:19:29 - Row :68 - Parsing item.
08-17-2022 @ 07:19:29 - Row :68 - Processing item.
08-17-2022 @ 07:19:29 - Processing users.
08-17-2022 @ 07:19:31 - > &#8220;1216&#8221;User imported successfully. ID:1216
08-17-2022 @ 07:19:31 - > Finished importing user 1216
08-17-2022 @ 07:19:31 - Row :68 - User imported successfully.
08-17-2022 @ 07:19:31 - Row :69 - Parsing item.
08-17-2022 @ 07:19:31 - Row :69 - Processing item.
08-17-2022 @ 07:19:31 - Processing users.
08-17-2022 @ 07:19:34 - > &#8220;1217&#8221;User imported successfully. ID:1217
08-17-2022 @ 07:19:34 - > Finished importing user 1217
08-17-2022 @ 07:19:34 - Row :69 - User imported successfully.
08-17-2022 @ 07:19:34 - Row :70 - Parsing item.
08-17-2022 @ 07:19:34 - Row :70 - Processing item.
08-17-2022 @ 07:19:34 - Processing users.
08-17-2022 @ 07:19:37 - > &#8220;1218&#8221;User imported successfully. ID:1218
08-17-2022 @ 07:19:37 - > Finished importing user 1218
08-17-2022 @ 07:19:37 - Row :70 - User imported successfully.
08-17-2022 @ 07:19:37 - Row :71 - Parsing item.
08-17-2022 @ 07:19:37 - Row :71 - Processing item.
08-17-2022 @ 07:19:37 - Processing users.
08-17-2022 @ 07:19:39 - > &#8220;1219&#8221;User imported successfully. ID:1219
08-17-2022 @ 07:19:39 - > Finished importing user 1219
08-17-2022 @ 07:19:39 - Row :71 - User imported successfully.
08-17-2022 @ 07:19:39 - Row :72 - Parsing item.
08-17-2022 @ 07:19:39 - Row :72 - Processing item.
08-17-2022 @ 07:19:39 - Processing users.
08-17-2022 @ 07:19:42 - > &#8220;1220&#8221;User imported successfully. ID:1220
08-17-2022 @ 07:19:42 - > Finished importing user 1220
08-17-2022 @ 07:19:42 - Row :72 - User imported successfully.
08-17-2022 @ 07:19:42 - Row :73 - Parsing item.
08-17-2022 @ 07:19:42 - Row :73 - Processing item.
08-17-2022 @ 07:19:42 - Processing users.
08-17-2022 @ 07:19:44 - > &#8220;1221&#8221;User imported successfully. ID:1221
08-17-2022 @ 07:19:44 - > Finished importing user 1221
08-17-2022 @ 07:19:44 - Row :73 - User imported successfully.
08-17-2022 @ 07:19:44 - Row :74 - Parsing item.
08-17-2022 @ 07:19:44 - Row :74 - Processing item.
08-17-2022 @ 07:19:44 - Processing users.
08-17-2022 @ 07:19:47 - > &#8220;1222&#8221;User imported successfully. ID:1222
08-17-2022 @ 07:19:47 - > Finished importing user 1222
08-17-2022 @ 07:19:47 - Row :74 - User imported successfully.
08-17-2022 @ 07:19:47 - Row :75 - Parsing item.
08-17-2022 @ 07:19:47 - Row :75 - Processing item.
08-17-2022 @ 07:19:47 - Processing users.
08-17-2022 @ 07:19:50 - > &#8220;1223&#8221;User imported successfully. ID:1223
08-17-2022 @ 07:19:50 - > Finished importing user 1223
08-17-2022 @ 07:19:50 - Row :75 - User imported successfully.
08-17-2022 @ 07:19:50 - Row :76 - Parsing item.
08-17-2022 @ 07:19:50 - Row :76 - Processing item.
08-17-2022 @ 07:19:50 - Processing users.
08-17-2022 @ 07:19:52 - > &#8220;1224&#8221;User imported successfully. ID:1224
08-17-2022 @ 07:19:52 - > Finished importing user 1224
08-17-2022 @ 07:19:52 - Row :76 - User imported successfully.
08-17-2022 @ 07:19:52 - Row :77 - Parsing item.
08-17-2022 @ 07:19:52 - Row :77 - Processing item.
08-17-2022 @ 07:19:52 - Processing users.
08-17-2022 @ 07:19:55 - > &#8220;1225&#8221;User imported successfully. ID:1225
08-17-2022 @ 07:19:55 - > Finished importing user 1225
08-17-2022 @ 07:19:55 - Row :77 - User imported successfully.
08-17-2022 @ 07:19:55 - Row :78 - Parsing item.
08-17-2022 @ 07:19:55 - Row :78 - Processing item.
08-17-2022 @ 07:19:55 - Processing users.
08-17-2022 @ 07:19:58 - > &#8220;1226&#8221;User imported successfully. ID:1226
08-17-2022 @ 07:19:58 - > Finished importing user 1226
08-17-2022 @ 07:19:58 - Row :78 - User imported successfully.
08-17-2022 @ 07:19:58 - Row :79 - Parsing item.
08-17-2022 @ 07:19:58 - Row :79 - Processing item.
08-17-2022 @ 07:19:58 - Processing users.
08-17-2022 @ 07:20:00 - > &#8220;1227&#8221;User imported successfully. ID:1227
08-17-2022 @ 07:20:00 - > Finished importing user 1227
08-17-2022 @ 07:20:00 - Row :79 - User imported successfully.
08-17-2022 @ 07:20:00 - Row :80 - Parsing item.
08-17-2022 @ 07:20:00 - Row :80 - Processing item.
08-17-2022 @ 07:20:00 - Processing users.
08-17-2022 @ 07:20:03 - > &#8220;1228&#8221;User imported successfully. ID:1228
08-17-2022 @ 07:20:03 - > Finished importing user 1228
08-17-2022 @ 07:20:03 - Row :80 - User imported successfully.
08-17-2022 @ 07:20:03 - Row :81 - Parsing item.
08-17-2022 @ 07:20:03 - Row :81 - Processing item.
08-17-2022 @ 07:20:03 - Processing users.
08-17-2022 @ 07:20:06 - > &#8220;1229&#8221;User imported successfully. ID:1229
08-17-2022 @ 07:20:06 - > Finished importing user 1229
08-17-2022 @ 07:20:06 - Row :81 - User imported successfully.
08-17-2022 @ 07:20:06 - Row :82 - Parsing item.
08-17-2022 @ 07:20:06 - Row :82 - Processing item.
08-17-2022 @ 07:20:06 - Processing users.
08-17-2022 @ 07:20:09 - > &#8220;1230&#8221;User imported successfully. ID:1230
08-17-2022 @ 07:20:09 - > Finished importing user 1230
08-17-2022 @ 07:20:09 - Row :82 - User imported successfully.
08-17-2022 @ 07:20:09 - Row :83 - Parsing item.
08-17-2022 @ 07:20:09 - Row :83 - Processing item.
08-17-2022 @ 07:20:09 - Processing users.
08-17-2022 @ 07:20:11 - > &#8220;1231&#8221;User imported successfully. ID:1231
08-17-2022 @ 07:20:11 - > Finished importing user 1231
08-17-2022 @ 07:20:11 - Row :83 - User imported successfully.
08-17-2022 @ 07:20:11 - Row :84 - Parsing item.
08-17-2022 @ 07:20:11 - Row :84 - Processing item.
08-17-2022 @ 07:20:11 - Processing users.
08-17-2022 @ 07:20:14 - > &#8220;1232&#8221;User imported successfully. ID:1232
08-17-2022 @ 07:20:14 - > Finished importing user 1232
08-17-2022 @ 07:20:14 - Row :84 - User imported successfully.
08-17-2022 @ 07:20:14 - Row :85 - Parsing item.
08-17-2022 @ 07:20:14 - Row :85 - Processing item.
08-17-2022 @ 07:20:14 - Processing users.
08-17-2022 @ 07:20:17 - > &#8220;1234&#8221;User imported successfully. ID:1234
08-17-2022 @ 07:20:17 - > Finished importing user 1234
08-17-2022 @ 07:20:17 - Row :85 - User imported successfully.
08-17-2022 @ 07:20:17 - Row :86 - Parsing item.
08-17-2022 @ 07:20:17 - Row :86 - Processing item.
08-17-2022 @ 07:20:17 - Processing users.
08-17-2022 @ 07:20:21 - > &#8220;1235&#8221;User imported successfully. ID:1235
08-17-2022 @ 07:20:21 - > Finished importing user 1235
08-17-2022 @ 07:20:21 - Row :86 - User imported successfully.
08-17-2022 @ 07:20:21 - Row :87 - Parsing item.
08-17-2022 @ 07:20:21 - Row :87 - Processing item.
08-17-2022 @ 07:20:21 - Processing users.
08-17-2022 @ 07:20:24 - > &#8220;1237&#8221;User imported successfully. ID:1237
08-17-2022 @ 07:20:24 - > Finished importing user 1237
08-17-2022 @ 07:20:24 - Row :87 - User imported successfully.
08-17-2022 @ 07:20:24 - Row :88 - Parsing item.
08-17-2022 @ 07:20:24 - Row :88 - Processing item.
08-17-2022 @ 07:20:24 - Processing users.
08-17-2022 @ 07:20:28 - > &#8220;1239&#8221;User imported successfully. ID:1239
08-17-2022 @ 07:20:28 - > Finished importing user 1239
08-17-2022 @ 07:20:28 - Row :88 - User imported successfully.
08-17-2022 @ 07:20:28 - Row :89 - Parsing item.
08-17-2022 @ 07:20:28 - Row :89 - Processing item.
08-17-2022 @ 07:20:28 - Processing users.
08-17-2022 @ 07:20:32 - > &#8220;1241&#8221;User imported successfully. ID:1241
08-17-2022 @ 07:20:32 - > Finished importing user 1241
08-17-2022 @ 07:20:32 - Row :89 - User imported successfully.
08-17-2022 @ 07:20:32 - Row :90 - Parsing item.
08-17-2022 @ 07:20:32 - Row :90 - Processing item.
08-17-2022 @ 07:20:32 - Processing users.
08-17-2022 @ 07:20:36 - > &#8220;1244&#8221;User imported successfully. ID:1244
08-17-2022 @ 07:20:36 - > Finished importing user 1244
08-17-2022 @ 07:20:36 - Row :90 - User imported successfully.
08-17-2022 @ 07:20:36 - Row :91 - Parsing item.
08-17-2022 @ 07:20:36 - Row :91 - Processing item.
08-17-2022 @ 07:20:36 - Processing users.
08-17-2022 @ 07:20:39 - > &#8220;1246&#8221;User imported successfully. ID:1246
08-17-2022 @ 07:20:39 - > Finished importing user 1246
08-17-2022 @ 07:20:39 - Row :91 - User imported successfully.
08-17-2022 @ 07:20:39 - Row :92 - Parsing item.
08-17-2022 @ 07:20:39 - Row :92 - Processing item.
08-17-2022 @ 07:20:39 - Processing users.
08-17-2022 @ 07:20:39 - > Error inserting 1: Sorry, that username already exists!
08-17-2022 @ 07:20:39 - Row :92 - Processing failed. Reason: > Error inserting 1: Sorry, that username already exists!
08-17-2022 @ 07:20:39 - Row :93 - Parsing item.
08-17-2022 @ 07:20:39 - Row :93 - Processing item.
08-17-2022 @ 07:20:39 - Processing users.
08-17-2022 @ 07:20:42 - > &#8220;1248&#8221;User imported successfully. ID:1248
08-17-2022 @ 07:20:42 - > Finished importing user 1248
08-17-2022 @ 07:20:42 - Row :93 - User imported successfully.
08-17-2022 @ 07:20:42 - Row :94 - Parsing item.
08-17-2022 @ 07:20:42 - Row :94 - Processing item.
08-17-2022 @ 07:20:42 - Processing users.
08-17-2022 @ 07:20:46 - > &#8220;1250&#8221;User imported successfully. ID:1250
08-17-2022 @ 07:20:46 - > Finished importing user 1250
08-17-2022 @ 07:20:46 - Row :94 - User imported successfully.
08-17-2022 @ 07:20:46 - Row :95 - Parsing item.
08-17-2022 @ 07:20:46 - Row :95 - Processing item.
08-17-2022 @ 07:20:46 - Processing users.
08-17-2022 @ 07:20:50 - > &#8220;1252&#8221;User imported successfully. ID:1252
08-17-2022 @ 07:20:50 - > Finished importing user 1252
08-17-2022 @ 07:20:50 - Row :95 - User imported successfully.
08-17-2022 @ 07:20:50 - Row :96 - Parsing item.
08-17-2022 @ 07:20:50 - Row :96 - Processing item.
08-17-2022 @ 07:20:50 - Processing users.
08-17-2022 @ 07:20:50 - > Error inserting 1: Sorry, that username already exists!
08-17-2022 @ 07:20:50 - Row :96 - Processing failed. Reason: > Error inserting 1: Sorry, that username already exists!
08-17-2022 @ 07:20:50 - Row :97 - Parsing item.
08-17-2022 @ 07:20:50 - Row :97 - Processing item.
08-17-2022 @ 07:20:50 - Processing users.
08-17-2022 @ 07:20:53 - > &#8220;1254&#8221;User imported successfully. ID:1254
08-17-2022 @ 07:20:53 - > Finished importing user 1254
08-17-2022 @ 07:20:53 - Row :97 - User imported successfully.
08-17-2022 @ 07:20:53 - Row :98 - Parsing item.
08-17-2022 @ 07:20:53 - Row :98 - Processing item.
08-17-2022 @ 07:20:53 - Processing users.
08-17-2022 @ 07:20:53 - > Error inserting 1: Sorry, that username already exists!
08-17-2022 @ 07:20:53 - Row :98 - Processing failed. Reason: > Error inserting 1: Sorry, that username already exists!
08-17-2022 @ 07:20:53 - Row :99 - Parsing item.
08-17-2022 @ 07:20:53 - Row :99 - Processing item.
08-17-2022 @ 07:20:53 - Processing users.
08-17-2022 @ 07:20:56 - > &#8220;1256&#8221;User imported successfully. ID:1256
08-17-2022 @ 07:20:56 - > Finished importing user 1256
08-17-2022 @ 07:20:56 - Row :99 - User imported successfully.
08-17-2022 @ 07:20:56 - Row :100 - Parsing item.
08-17-2022 @ 07:20:56 - Row :100 - Processing item.
08-17-2022 @ 07:20:56 - Processing users.
08-17-2022 @ 07:21:00 - > &#8220;1258&#8221;User imported successfully. ID:1258
08-17-2022 @ 07:21:00 - > Finished importing user 1258
08-17-2022 @ 07:21:00 - Row :100 - User imported successfully.
